****************************************************
*                                                  *
*                  GENESIS ATDYN                   *
*                                                  *
*        A Molecular Dynamics Simulator with       *
*            Atomic Decomposition Scheme           *
*                                                  *
*               Developed by RIKEN                 *
*                                                  *
****************************************************
 
[STEP0] Architecture and Compiler Information
 
GENESIS_Information> GENESIS Information
  version      = 2.0.0
  commit ID    = $GENESIS_VERSION$
  precision    = double
  nonbonding   = CPU

Build_Information> Compiler Information
  build host   = jjwsmj@hokusai2
  fortran      = ifort (IFORT) 2021.7.1 20221019
  option       = 
  -axCORE-AVX512 -g -O3  -qmkl=parallel  -assume byterecl -qopenmp  
  C            = 
 icc: remark #10441: The Intel(R) C++ Compiler Classic (ICC) is deprecated and w
 ill be removed from product release in the second half of 2023. The Intel(R) on
 eAPI DPC++/C++ Compiler (ICX) is the recommended compiler moving forward. Pleas
 e transition to use this compiler. Use '-diag-disable=10441' to disable this me
 ssage.
  option       = -O3 -ip -axCORE-AVX2  -qopenmp 
  defined var. = 
  -DHAVE_MPI_GENESIS -DOMP -DIFORT19 -DFFTE -DLAPACK -DDSFMT_MEXP=19937 -DINTEL
  link option  = 
  -assume byterecl -lgfortran -qopenmp  -lmkl_intel_lp64 -lmkl_sequential -lmkl_
 core -lmkl_lapack95_lp64   
  MPI Compiler = Intel(R) MPI

Runtime_Information> Machine and Library Information
  date       = 2023/05/12 15:27:37
  cpu model    = Intel(R) Xeon(R) Gold 6148 CPU @ 2.40GHz
  exec. host   = jjwsmj@bwmpc0183
  LD library   = 
 /bwfefs/opt/x86_64/intel/oneapi/2022.3/mpi/2021.7.1/libfabric/lib:/bwfefs/opt/x
 86_64/intel/oneapi/2022.3/mpi/2021.7.1/lib/release:/bwfefs/opt/x86_64/intel/one
 api/2022.3/mpi/2021.7.1/lib:/bwfefs/opt/x86_64/intel/oneapi/2022.3/tbb/2021.7.1
 /lib/intel64/gcc4.8:/usr/lib64:/bwfefs/opt/x86_64/intel/oneapi/2022.3/vpl/2022.
 2.5/lib:/bwfefs/opt/x86_64/intel/oneapi/2022.3/mkl/latest/lib/intel64:/bwfefs/o
 pt/x86_64/intel/oneapi/2022.3/itac/2021.7.1/slib:/bwfefs/opt/x86_64/intel/oneap
 i/2022.3/ippcp/2021.6.2/lib/intel64:/bwfefs/opt/x86_64/intel/oneapi/2022.3/ipp/
 2021.6.2/lib/intel64:/bwfefs/opt/x86_64/intel/oneapi/2022.3/dnnl/2022.2.1/cpu_d
 pcpp_gpu_dpcpp/lib:/bwfefs/opt/x86_64/intel/oneapi/2022.3/dal/2021.7.1/lib/inte
 l64:/bwfefs/opt/x86_64/intel/oneapi/2022.3/compiler/2022.2.1/linux/compiler/lib
 :/bwfefs/opt/x86_64/intel/oneapi/2022.3/compiler/2022.2.1/linux/lib/oclfpga/hos
 t/linux64/lib:/bwfefs/opt/x86_64/intel/oneapi/2022.3/compiler/2022.2.1/linux/li
 b/oclfpga/linux64/lib:/bwfefs/opt/x86_64/intel/oneapi/2022.3/compiler/2022.2.1/
 linux/lib:/bwfefs/opt/x86_64/intel/oneapi/2022.3/compiler/2022.2.1/linux/lib/x6
 4:/bwfefs/opt/x86_64/intel/oneapi/2022.3/compiler/2022.2.1/linux/lib/emu:/bwfef
 s/opt/x86_64/intel/oneapi/2022.3/compiler/2022.2.1/linux/compiler/lib/intel64_l
 in:/bwfefs/opt/x86_64/intel/oneapi/2022.3/debugger/2021.7.1/dep/lib:/bwfefs/opt
 /x86_64/intel/oneapi/2022.3/debugger/2021.7.1/libipt/intel64/lib:/bwfefs/opt/x8
 6_64/intel/oneapi/2022.3/debugger/2021.7.1/gdb/intel64/lib:/bwfefs/opt/x86_64/
 MPI Runtime = Intel(R) MPI Library 2021.7 for Linux* OS


[STEP1] Read Control Parameters
 
Read_Ctrl_Input> Input Files
  grotopfile = pro.top
  grocrdfile = crd/pos_5000.gro
 
Read_Ctrl_Output> Output Files
 
Read_Ctrl_Energy> WARNING: "water_model" is not available
Read_Ctrl_Energy> Parameters of Energy Calculations
  forcefield      =    RESIDCG
  switchdist      =     10.000  cutoffdist      =     12.000
  pairlistdist    =     13.500  dielec_const    =      1.000
  debye           =     10.000
  vdw_force_switch=         no
  electrostatic   =  CUTOFF
  implicit_solvent=       none
  table           =         no
  water_model     =       NONE
  output_style    =    GENESIS
  dispersion_corr =       none
  nonb_limiter    =      no
  user def. table =     no
  efield_x        =           0.000
  efield_y        =           0.000
  efield_z        =           0.000
  efield_normal   =              no
  efield_virial   =              no
 
Read_Ctrl_Dynamics> Parameters of MD simulation
  integrator      =    VVER_CG  nsteps          =       2000
  timestep        =     0.0100  initial_time    =     0.0000
  eneout_period   =         20  rstout_period   =          0
  crdout_period   =          0  velout_period   =          0
  nbupdate_period =         20  stoptr_period   =         10
  qmsave_period   =          0
  iseed           =         -1
  annealing       =         no
  verbose         =         no
  target_md       =         no
  steered_md      =         no
  shrink_box      =         no
  esp_mm          =         no
 
Read_Ctrl_Constraints> Parameters for Constraints
  rigid_bond      =         no
  fixatm_select_index        =       none
 
Read_Ctrl_Ensemble> Parameters for Ensemble
  ensemble        =        NVT
  temperature     =    300.000
  tpcontrol       =   LANGEVIN
  gamma_t         =      1.000
 
Read_Ctrl_Boundary> Parameters of Boundary Condition
  type            =     PBC   
  box_size(x,y,z) =   3200.000   650.000   650.000
  pairlist_grid   =      3.000
 
Read_Ctrl_Selection> Parameters of Selection
  # of groups     =          0
  # of mole names =          0
 
Read_Ctrl_Restraints> No restraint in the system

Read_Ctrl_Fitting_MD> Parameters of Fitting
  fitting method  =  TR+ROT   
  fitting atom    = group1
  mass_weight     =         no
 
[STEP2] Setup MPI
 
Setup_Mpi_Md> Summary of Setup MPI
  number of MPI processes   =        128
  number of OpenMP threads  =          5
  total number of CPU cores =        640

[STEP3] Set Relevant Variables and Structures
 
Read_Grotop> Summary of Grotopfile
  num_moltypes    =          1
    pos100_cg             :
      num_atoms   =        100
      num_bonds   =         99
      num_angls   =          0
      num_dihes   =          0
      num_cmaps   =          0
      num_excls   =          0
      num_constrs =          0
      num_pairs   =          0
      num_vsites2 =          0
      num_vsites3 =          0
      num_vsites4 =          0
      num_vsitesn =          0
      num_posress =          0
      num_PWMcos  =          0
      num_PWMcosns=          0
      num_IDR_HPS =          1
      num_IDR_KH  =          0
    .. not used molecule types were hidden.

  num_molecules   =       5000
    pos100_cg             :  5000

  num_atomtypes   =         33  num_bondtypes   =          0
  num_angltypes   =          0  num_dihetypes   =          0
  num_flangltypes           20
  num_fldihetypes          400
  num_constrtypes =          0  num_cmaptypes   =          0
  num_nbonparms   =          0
  num_basestacktypes  =     16
  num_basepairtypes   =      4
  num_basecrosstypes  =     32
  num_cgdnaexvtypes   =      6
  num_cgelemolpairs   =      1
  num_cg_IDR_HPS_atomtypes  =     20
  num_cg_KH_atomtypes  =    20

  num_cg_pair_MJ_eps   =   400

Define_Molecule> Summary of molecules
  num_atoms       =     500000  num_bonds       =     495000
  num_angles      =          0  num_dihedrals   =          0
  num_impropers   =          0  num_cmap_terms  =          0
  num_residues    =     500000  num_molecules   =       5000
  num_segments    =          1  num_deg_freedom =    1500000
  total_charge    = 500000.000
 
Update_Num_Deg_Freedom> Number of degrees of freedom was updated
  num_deg_freedom =    1499997 (After removing translation)
 
Setup_Boundary> Setup Variables for Boundary Condition
  box_size(x,y,z) =   3200.000   650.000   650.000
  origin(x,y,z)   =      0.000     0.000     0.000
 
Random_Init> Initialize the random number
  seed            = 794185

Define_Enefunc_Gromacs> Number of Interactions in Each Term
  bond_ene        =     495000  angle_ene       =          0
  torsion_ene     =          0  rb_torsion_ene  =          0
  improper_ene    =          0
  nb_exclusions   =     495000  nb14_calc       =          0
  vsite2_ene      =          0  vsite3_ene      =          0
  vsite3fd_ene    =          0  vsite3fad_ene   =          0
  vsite3out_ene   =          0  vsite4fdn_ene   =          0
  vsiten_ene      =          0
 restraint_groups =          0 restraint_funcs  =          0
 
Get_Morph_in> Morphing check
  morphing_bb     =          0  morphing_sc     =          0
 
Setup_Fitting_Atdyn> NO fitting is applied, skip
  fitting method  =  NO
 
[STEP4] Compute Single Point Energy for Molecules
 
            STEP          ENERGY            BOND  NATIVE_CONTACT NON-NATIVE_CONT           ELECT         IDR_HPS          CG_EXV
 --------------- --------------- --------------- --------------- ---------------
               0     853902.2916     170690.3546          0.0000          0.0000     681472.3800       1739.5570          0.0000

[STEP5] Perform Molecular Dynamics Simulation
 
Generate_Velocity> Generate initial velocities
  iseed           =     794185
  temperature     =    300.000
 
Random_Init_Velocity> Initialize the random number
  seed            = 794185

INFO:       STEP            TIME       TOTAL_ENE   POTENTIAL_ENE     KINETIC_ENE            RMSG            BOND         IDR_HPS  NATIVE_CONTACT          CG_EXV           ELECT     TEMPERATURE          VOLUME
 --------------- --------------- --------------- --------------- ---------------
INFO:          0          0.0000    1300949.6309     853902.2916     447047.3393         10.1780     170690.3546       1739.5570          0.0000          0.0000     681472.3800        299.9532 1352000000.0000

Random_Init> Initialize the random number
  seed            = 1112658297

INFO:         20          0.2000    1295053.8797     843058.0718     451995.8079          9.8845     161556.3224        748.7253          0.0000          0.0000     680753.0241        303.2735 1352000000.0000

INFO:         40          0.4000    1291696.4742     837710.3058     453986.1683          9.7946     159687.7147       -912.5943          0.0000          0.0000     678935.1855        304.6089 1352000000.0000

INFO:         60          0.6000    1288049.0130     832579.2202     455469.7928          9.7407     158443.4979      -2265.3269          0.0000          0.0000     676401.0492        305.6044 1352000000.0000

INFO:         80          0.8000    1283504.5551     827145.2392     456359.3159          9.7001     157187.2955      -3495.1713          0.0000          0.0000     673453.1150        306.2012 1352000000.0000

INFO:        100          1.0000    1278620.2781     822068.5639     456551.7142          9.6709     156188.4271      -4426.7430          0.0000          0.0000     670306.8798        306.3303 1352000000.0000

INFO:        120          1.2000    1274667.4761     817784.7368     456882.7393          9.6519     155652.6346      -5006.1522          0.0000          0.0000     667138.2544        306.5524 1352000000.0000

INFO:        140          1.4000    1270774.5002     814406.0510     456368.4492          9.6384     155413.8297      -5021.7576          0.0000          0.0000     664013.9789        306.2073 1352000000.0000

INFO:        160          1.6000    1266391.4337     810993.4650     455397.9686          9.6221     155122.0202      -5087.3120          0.0000          0.0000     660958.7569        305.5562 1352000000.0000

INFO:        180          1.8000    1261932.3144     807369.6859     454562.6286          9.5951     154514.5782      -5161.0116          0.0000          0.0000     658016.1193        304.9957 1352000000.0000

INFO:        200          2.0000    1258644.6020     804091.5177     454553.0843          9.5940     154189.8641      -5277.0573          0.0000          0.0000     655178.7109        304.9893 1352000000.0000

INFO:        220          2.2000    1255076.7588     801796.5682     453280.1905          9.6076     154565.1670      -5218.2876          0.0000          0.0000     652449.6888        304.1352 1352000000.0000

INFO:        240          2.4000    1252130.3062     799174.9717     452955.3345          9.5972     154512.7776      -5143.1770          0.0000          0.0000     649805.3711        303.9173 1352000000.0000

INFO:        260          2.6000    1249423.6110     796392.7194     453030.8917          9.5766     154079.5795      -4931.9094          0.0000          0.0000     647245.0492        303.9680 1352000000.0000

INFO:        280          2.8000    1245630.8284     793818.3459     451812.4825          9.5681     153775.7482      -4714.5530          0.0000          0.0000     644757.1506        303.1505 1352000000.0000

INFO:        300          3.0000    1243015.4958     791456.7689     451558.7269          9.5764     153906.8479      -4798.6475          0.0000          0.0000     642348.5685        302.9802 1352000000.0000

INFO:        320          3.2000    1240501.9091     789099.4642     451402.4448          9.5740     153934.3643      -4848.5633          0.0000          0.0000     640013.6632        302.8753 1352000000.0000

INFO:        340          3.4000    1237447.3849     786334.8657     451112.5192          9.5517     153282.9118      -4739.6009          0.0000          0.0000     637791.5549        302.6808 1352000000.0000

INFO:        360          3.6000    1235744.1349     784265.5562     451478.5786          9.5518     153339.5520      -4710.3060          0.0000          0.0000     635636.3102        302.9264 1352000000.0000

INFO:        380          3.8000    1232874.2608     782154.6978     450719.5630          9.5523     153258.3242      -4672.7744          0.0000          0.0000     633569.1480        302.4171 1352000000.0000

INFO:        400          4.0000    1230828.4836     780675.1300     450153.3536          9.5591     153572.0633      -4489.8180          0.0000          0.0000     631592.8848        302.0372 1352000000.0000

INFO:        420          4.2000    1229256.5843     778871.5582     450385.0261          9.5620     153574.5564      -4356.1050          0.0000          0.0000     629653.1068        302.1927 1352000000.0000

INFO:        440          4.4000    1227220.0892     777202.9408     450017.1484          9.5650     153636.4153      -4226.5535          0.0000          0.0000     627793.0790        301.9458 1352000000.0000

INFO:        460          4.6000    1224684.8075     775296.4859     449388.3216          9.5601     153438.5501      -4139.7734          0.0000          0.0000     625997.7093        301.5239 1352000000.0000

INFO:        480          4.8000    1222896.6492     772991.0174     449905.6318          9.5291     152850.8043      -4108.3342          0.0000          0.0000     624248.5473        301.8710 1352000000.0000

INFO:        500          5.0000    1221066.0874     771641.8777     449424.2097          9.5395     153208.2164      -4125.1096          0.0000          0.0000     622558.7709        301.5480 1352000000.0000

INFO:        520          5.2000    1219271.9647     770043.1689     449228.7957          9.5475     153088.6061      -3963.6829          0.0000          0.0000     620918.2456        301.4169 1352000000.0000

INFO:        540          5.4000    1217305.5800     769073.7482     448231.8318          9.5571     153498.4082      -3766.2984          0.0000          0.0000     619341.6385        300.7480 1352000000.0000

INFO:        560          5.6000    1215393.9561     766861.1513     448532.8048          9.5368     152971.5654      -3900.4256          0.0000          0.0000     617790.0116        300.9499 1352000000.0000

INFO:        580          5.8000    1213813.0006     765543.7529     448269.2477          9.5356     153121.8224      -3858.8476          0.0000          0.0000     616280.7781        300.7731 1352000000.0000

INFO:        600          6.0000    1212737.2307     763709.9927     449027.2380          9.5213     152592.5625      -3700.3647          0.0000          0.0000     614817.7950        301.2816 1352000000.0000

INFO:        620          6.2000    1210902.9100     762837.2664     448065.6436          9.5304     152924.6794      -3478.3828          0.0000          0.0000     613390.9699        300.6365 1352000000.0000

INFO:        640          6.4000    1209730.3311     761617.3875     448112.9436          9.5446     153115.4379      -3478.8885          0.0000          0.0000     611980.8381        300.6682 1352000000.0000

INFO:        660          6.6000    1208413.0106     760192.8826     448220.1280          9.5445     153254.6516      -3654.8273          0.0000          0.0000     610593.0583        300.7401 1352000000.0000

INFO:        680          6.8000    1206935.6860     758441.6180     448494.0681          9.5384     152991.9092      -3779.4627          0.0000          0.0000     609229.1715        300.9239 1352000000.0000

INFO:        700          7.0000    1205170.5430     757521.7230     447648.8200          9.5421     153060.5522      -3469.9887          0.0000          0.0000     607931.1595        300.3568 1352000000.0000

INFO:        720          7.2000    1203944.7014     756038.0301     447906.6713          9.5339     152851.8523      -3445.1503          0.0000          0.0000     606631.3281        300.5298 1352000000.0000

INFO:        740          7.4000    1202719.9200     754447.3028     448272.6173          9.5302     152588.2923      -3520.4767          0.0000          0.0000     605379.4872        300.7753 1352000000.0000

INFO:        760          7.6000    1201947.9393     753953.0003     447994.9390          9.5394     153220.5062      -3416.2848          0.0000          0.0000     604148.7789        300.5890 1352000000.0000

INFO:        780          7.8000    1201085.4714     752881.5694     448203.9021          9.5446     153384.1921      -3461.8586          0.0000          0.0000     602959.2359        300.7292 1352000000.0000

INFO:        800          8.0000    1199940.9839     751715.1267     448225.8572          9.5486     153323.3577      -3418.0635          0.0000          0.0000     601809.8324        300.7440 1352000000.0000

INFO:        820          8.2000    1198448.9218     750752.7985     447696.1234          9.5504     153297.1498      -3247.7880          0.0000          0.0000     600703.4368        300.3885 1352000000.0000

INFO:        840          8.4000    1197595.9883     749444.9414     448151.0469          9.5443     153043.0264      -3198.7265          0.0000          0.0000     599600.6414        300.6938 1352000000.0000

INFO:        860          8.6000    1196324.6293     748451.9632     447872.6660          9.5474     153063.3263      -3126.8303          0.0000          0.0000     598515.4673        300.5070 1352000000.0000

INFO:        880          8.8000    1195343.8388     747718.9981     447624.8407          9.5543     153370.4283      -3101.4844          0.0000          0.0000     597450.0542        300.3407 1352000000.0000

INFO:        900          9.0000    1194832.5431     747099.0131     447733.5300          9.5569     153585.3849      -2903.8282          0.0000          0.0000     596417.4564        300.4136 1352000000.0000

INFO:        920          9.2000    1194684.2348     745894.0974     448790.1374          9.5504     153401.9441      -2888.1315          0.0000          0.0000     595380.2847        301.1226 1352000000.0000

INFO:        940          9.4000    1193158.4578     745098.6741     448059.7836          9.5560     153571.8067      -2848.8073          0.0000          0.0000     594375.6747        300.6325 1352000000.0000

INFO:        960          9.6000    1191768.1174     743889.1912     447878.9262          9.5460     153243.1033      -2740.6947          0.0000          0.0000     593386.7826        300.5112 1352000000.0000

INFO:        980          9.8000    1190135.2371     742815.7717     447319.4654          9.5462     153162.7788      -2760.2234          0.0000          0.0000     592413.2163        300.1358 1352000000.0000

INFO:       1000         10.0000    1189691.9081     742303.7642     447388.1439          9.5492     153582.9004      -2722.7986          0.0000          0.0000     591443.6624        300.1819 1352000000.0000

INFO:       1020         10.2000    1189133.7327     741187.3682     447946.3645          9.5522     153612.0291      -2914.8062          0.0000          0.0000     590490.1453        300.5564 1352000000.0000

INFO:       1040         10.4000    1188242.7811     739930.3701     448312.4111          9.5495     153439.4680      -3046.0963          0.0000          0.0000     589536.9983        300.8020 1352000000.0000

INFO:       1060         10.6000    1186957.0877     739083.7060     447873.3817          9.5487     153437.2619      -2985.1284          0.0000          0.0000     588631.5725        300.5075 1352000000.0000

INFO:       1080         10.8000    1186485.8591     738433.8068     448052.0524          9.5530     153435.2103      -2764.4352          0.0000          0.0000     587763.0317        300.6273 1352000000.0000

INFO:       1100         11.0000    1185021.0354     737625.0645     447395.9709          9.5531     153415.6394      -2689.8196          0.0000          0.0000     586899.2446        300.1871 1352000000.0000

INFO:       1120         11.2000    1184415.9677     736609.8696     447806.0980          9.5408     153203.9634      -2641.1183          0.0000          0.0000     586047.0245        300.4623 1352000000.0000

INFO:       1140         11.4000    1182878.2335     736086.3830     446791.8505          9.5518     153310.9920      -2446.2059          0.0000          0.0000     585221.5969        299.7818 1352000000.0000

INFO:       1160         11.6000    1181843.0465     735421.4664     446421.5801          9.5612     153515.4139      -2525.1704          0.0000          0.0000     584431.2229        299.5333 1352000000.0000

INFO:       1180         11.8000    1180431.1248     733725.6890     446705.4357          9.5333     152634.7468      -2548.8308          0.0000          0.0000     583639.7730        299.7238 1352000000.0000

INFO:       1200         12.0000    1180611.0503     733757.4343     446853.6160          9.5446     153353.1489      -2462.2210          0.0000          0.0000     582866.5064        299.8232 1352000000.0000

INFO:       1220         12.2000    1179877.0646     733029.8834     446847.1813          9.5570     153511.5880      -2578.4493          0.0000          0.0000     582096.7446        299.8189 1352000000.0000

INFO:       1240         12.4000    1178517.2502     732407.3223     446109.9279          9.5613     153477.2094      -2399.6696          0.0000          0.0000     581329.7825        299.3242 1352000000.0000

INFO:       1260         12.6000    1177787.5543     731815.6881     445971.8662          9.5666     153666.2737      -2412.3706          0.0000          0.0000     580561.7850        299.2316 1352000000.0000

INFO:       1280         12.8000    1177215.0835     730495.3179     446719.7656          9.5481     153144.6690      -2442.7240          0.0000          0.0000     579793.3729        299.7334 1352000000.0000

INFO:       1300         13.0000    1176457.5657     729496.0455     446961.5202          9.5402     152911.2998      -2470.0908          0.0000          0.0000     579054.8365        299.8956 1352000000.0000

INFO:       1320         13.2000    1176448.9440     730034.0622     446414.8818          9.5772     154210.3157      -2488.5470          0.0000          0.0000     578312.2935        299.5288 1352000000.0000

INFO:       1340         13.4000    1176217.6390     728528.9646     447688.6745          9.5604     153392.2157      -2463.7956          0.0000          0.0000     577600.5444        300.3835 1352000000.0000

INFO:       1360         13.6000    1175153.7669     728055.9692     447097.7976          9.5653     153600.6793      -2436.8052          0.0000          0.0000     576892.0951        299.9871 1352000000.0000

INFO:       1380         13.8000    1174507.2286     727370.8783     447136.3503          9.5567     153467.6526      -2324.3876          0.0000          0.0000     576227.6133        300.0129 1352000000.0000

INFO:       1400         14.0000    1173963.6601     726684.4807     447279.1794          9.5527     153441.3166      -2327.3722          0.0000          0.0000     575570.5363        300.1088 1352000000.0000

INFO:       1420         14.2000    1172659.4638     725841.9532     446817.5106          9.5439     153096.5301      -2179.7774          0.0000          0.0000     574925.2005        299.7990 1352000000.0000

INFO:       1440         14.4000    1171815.4095     725490.9099     446324.4996          9.5537     153355.2062      -2158.5616          0.0000          0.0000     574294.2653        299.4682 1352000000.0000

INFO:       1460         14.6000    1171061.7533     724920.9018     446140.8515          9.5505     153368.7349      -2085.2283          0.0000          0.0000     573637.3953        299.3450 1352000000.0000

INFO:       1480         14.8000    1170403.3378     724297.2207     446106.1171          9.5438     153367.4830      -2091.3782          0.0000          0.0000     573021.1159        299.3217 1352000000.0000

INFO:       1500         15.0000    1169993.5527     723595.4563     446398.0964          9.5416     153144.6209      -1978.0593          0.0000          0.0000     572428.8946        299.5176 1352000000.0000

INFO:       1520         15.2000    1169219.7666     722877.2608     446342.5058          9.5292     152920.4664      -1886.0773          0.0000          0.0000     571842.8717        299.4803 1352000000.0000

INFO:       1540         15.4000    1168549.0138     722495.5842     446053.4296          9.5405     153168.9922      -1934.9657          0.0000          0.0000     571261.5577        299.2863 1352000000.0000

INFO:       1560         15.6000    1167500.9435     721591.3937     445909.5498          9.5249     152882.9911      -1953.2405          0.0000          0.0000     570661.6431        299.1898 1352000000.0000

INFO:       1580         15.8000    1167025.8650     720443.3152     446582.5497          9.5085     152321.9220      -1952.0877          0.0000          0.0000     570073.4810        299.6413 1352000000.0000

INFO:       1600         16.0000    1166701.8834     720982.8382     445719.0452          9.5430     153432.5707      -1937.5210          0.0000          0.0000     569487.7884        299.0620 1352000000.0000

INFO:       1620         16.2000    1165881.6280     719956.8076     445924.8204          9.5396     153095.7770      -2033.1501          0.0000          0.0000     568894.1808        299.2000 1352000000.0000

INFO:       1640         16.4000    1165450.5484     719486.6398     445963.9087          9.5351     153194.6785      -1973.1231          0.0000          0.0000     568265.0843        299.2263 1352000000.0000

INFO:       1660         16.6000    1165220.1030     718741.4800     446478.6230          9.5253     153015.5139      -1922.3647          0.0000          0.0000     567648.3309        299.5716 1352000000.0000

INFO:       1680         16.8000    1164739.7422     718400.2697     446339.4725          9.5424     153349.0266      -1972.4281          0.0000          0.0000     567023.6712        299.4783 1352000000.0000

INFO:       1700         17.0000    1164144.0976     717770.1152     446373.9824          9.5475     153347.4385      -1996.8582          0.0000          0.0000     566419.5349        299.5014 1352000000.0000

INFO:       1720         17.2000    1163301.8743     717071.7826     446230.0917          9.5410     153187.6640      -1966.1876          0.0000          0.0000     565850.3061        299.4049 1352000000.0000

INFO:       1740         17.4000    1162965.0521     716552.2564     446412.7957          9.5404     153296.1067      -2017.4672          0.0000          0.0000     565273.6169        299.5274 1352000000.0000

INFO:       1760         17.6000    1162462.3325     716040.1051     446422.2274          9.5460     153347.1080      -2028.1777          0.0000          0.0000     564721.1748        299.5338 1352000000.0000

INFO:       1780         17.8000    1162114.4853     715574.7706     446539.7147          9.5463     153470.5438      -2052.2082          0.0000          0.0000     564156.4350        299.6126 1352000000.0000

INFO:       1800         18.0000    1161150.1694     715168.7938     445981.3755          9.5494     153553.6822      -1990.3291          0.0000          0.0000     563605.4406        299.2380 1352000000.0000

INFO:       1820         18.2000    1160723.2519     714626.5294     446096.7225          9.5496     153553.0922      -2024.1353          0.0000          0.0000     563097.5725        299.3154 1352000000.0000

INFO:       1840         18.4000    1159990.2436     713985.8547     446004.3889          9.5452     153177.0448      -1797.6072          0.0000          0.0000     562606.4170        299.2534 1352000000.0000

INFO:       1860         18.6000    1159141.9593     713874.4286     445267.5307          9.5489     153499.9939      -1724.4719          0.0000          0.0000     562098.9066        298.7590 1352000000.0000

INFO:       1880         18.8000    1159082.6509     713034.3133     446048.3377          9.5524     153255.8530      -1813.6041          0.0000          0.0000     561592.0643        299.2829 1352000000.0000

INFO:       1900         19.0000    1158905.3890     712801.9841     446103.4049          9.5601     153537.7720      -1814.2712          0.0000          0.0000     561078.4833        299.3199 1352000000.0000

INFO:       1920         19.2000    1158665.8823     712626.4574     446039.4249          9.5672     153813.7317      -1781.1015          0.0000          0.0000     560593.8272        299.2769 1352000000.0000

INFO:       1940         19.4000    1158629.4436     711578.1708     447051.2728          9.5485     153133.5737      -1670.0460          0.0000          0.0000     560114.6431        299.9558 1352000000.0000

INFO:       1960         19.6000    1158463.0268     711454.9655     447008.0613          9.5487     153434.3951      -1612.7203          0.0000          0.0000     559633.2906        299.9269 1352000000.0000

INFO:       1980         19.8000    1158040.3523     710758.1459     447282.2065          9.5405     153138.8570      -1556.2889          0.0000          0.0000     559175.5778        300.1108 1352000000.0000

INFO:       2000         20.0000    1157344.0864     710365.4357     446978.6507          9.5457     153163.2802      -1512.0626          0.0000          0.0000     558714.2181        299.9071 1352000000.0000

 
[STEP6] Deallocate Arrays
 
Output_Time> Averaged timer profile (Min, Max)
  total time      =     143.978
    setup         =       3.843
    dynamics      =     140.136
      energy      =      87.938
      integrator  =      37.243
      migration   =       0.000
      pairlist    =      12.858 (      12.416,      15.762)
  energy           
    bond          =       0.138 (       0.126,       0.153)
    angle         =       0.016 (       0.015,       0.019)
    dihedral      =       0.015 (       0.014,       0.019)
    base stacking =       0.000 (       0.000,       0.000)
    nonbond       =      26.502 (      25.463,      28.117)
      CG exv      =       1.259 (       1.081,       1.602)
      CG DNA bp   =       0.000 (       0.000,       0.000)
      CG DNA exv  =       0.000 (       0.000,       0.000)
      CG ele      =      16.476 (      15.864,      17.328)
      CG PWMcos   =       0.000 (       0.000,       0.000)
      CG PWMcosns =       0.000 (       0.000,       0.000)
      CG IDR-HPS  =       8.757 (       8.394,       9.286)
      CG IDR-KH   =       0.000 (       0.000,       0.000)
      CG KH       =       0.000 (       0.000,       0.000)
      Contact     =       0.007 (       0.006,       0.008)
      pme real    =       0.000 (       0.000,       0.000)
      pme recip   =       0.000 (       0.000,       0.000)
    solvation     =       0.000 (       0.000,       0.000)
      polar       =       0.000 (       0.000,       0.000)
      non-polar   =       0.000 (       0.000,       0.000)
    restraint     =       0.000 (       0.000,       0.000)
    qmmm          =       0.000 (       0.000,       0.000)
    morph         =       0.000 (       0.000,       0.000)
  integrator       
    constraint    =       0.000 (       0.000,       0.000)
    update        =       0.000 (       0.000,       0.000)
    comm_coord    =       0.000 (       0.000,       0.000)
    comm_force    =       0.000 (       0.000,       0.000)
  migration       =       0.000 (       0.000,       0.000)
    comm_migrate  =       0.000 (       0.000,       0.000)
    ptl_migrate   =       0.000 (       0.000,       0.000)
    bond_migrate  =       0.000 (       0.000,       0.000)
    angl_migrate  =       0.000 (       0.000,       0.000)
    dihe_migrate  =       0.000 (       0.000,       0.000)
    contact_migr  =       0.000 (       0.000,       0.000)
    stack_migrate =       0.000 (       0.000,       0.000)
    pwmcos_migrate =       0.000 (       0.000,       0.000)
    pwmcosns_migr  =       0.000 (       0.000,       0.000)
    nonb_update    =       0.000 (       0.000,       0.000)

