****************************************************
*                                                  *
*                  GENESIS ATDYN                   *
*                                                  *
*        A Molecular Dynamics Simulator with       *
*            Atomic Decomposition Scheme           *
*                                                  *
*               Developed by RIKEN                 *
*                                                  *
****************************************************
 
[STEP0] Architecture and Compiler Information
 
GENESIS_Information> GENESIS Information
  version      = 2.0.0
  commit ID    = $GENESIS_VERSION$
  precision    = double
  nonbonding   = CPU

Build_Information> Compiler Information
  build host   = jjwsmj@hokusai2
  fortran      = ifort (IFORT) 2021.7.1 20221019
  option       = 
  -axCORE-AVX512 -g -O3  -qmkl=parallel  -assume byterecl -qopenmp  
  C            = 
 icc: remark #10441: The Intel(R) C++ Compiler Classic (ICC) is deprecated and w
 ill be removed from product release in the second half of 2023. The Intel(R) on
 eAPI DPC++/C++ Compiler (ICX) is the recommended compiler moving forward. Pleas
 e transition to use this compiler. Use '-diag-disable=10441' to disable this me
 ssage.
  option       = -O3 -ip -axCORE-AVX2  -qopenmp 
  defined var. = 
  -DHAVE_MPI_GENESIS -DOMP -DIFORT19 -DFFTE -DLAPACK -DDSFMT_MEXP=19937 -DINTEL
  link option  = 
  -assume byterecl -lgfortran -qopenmp  -lmkl_intel_lp64 -lmkl_sequential -lmkl_
 core -lmkl_lapack95_lp64   
  MPI Compiler = Intel(R) MPI

Runtime_Information> Machine and Library Information
  date       = 2023/05/12 15:27:36
  cpu model    = Intel(R) Xeon(R) Gold 6148 CPU @ 2.40GHz
  exec. host   = jjwsmj@bwmpc0161
  LD library   = 
 /bwfefs/opt/x86_64/intel/oneapi/2022.3/mpi/2021.7.1/libfabric/lib:/bwfefs/opt/x
 86_64/intel/oneapi/2022.3/mpi/2021.7.1/lib/release:/bwfefs/opt/x86_64/intel/one
 api/2022.3/mpi/2021.7.1/lib:/bwfefs/opt/x86_64/intel/oneapi/2022.3/tbb/2021.7.1
 /lib/intel64/gcc4.8:/usr/lib64:/bwfefs/opt/x86_64/intel/oneapi/2022.3/vpl/2022.
 2.5/lib:/bwfefs/opt/x86_64/intel/oneapi/2022.3/mkl/latest/lib/intel64:/bwfefs/o
 pt/x86_64/intel/oneapi/2022.3/itac/2021.7.1/slib:/bwfefs/opt/x86_64/intel/oneap
 i/2022.3/ippcp/2021.6.2/lib/intel64:/bwfefs/opt/x86_64/intel/oneapi/2022.3/ipp/
 2021.6.2/lib/intel64:/bwfefs/opt/x86_64/intel/oneapi/2022.3/dnnl/2022.2.1/cpu_d
 pcpp_gpu_dpcpp/lib:/bwfefs/opt/x86_64/intel/oneapi/2022.3/dal/2021.7.1/lib/inte
 l64:/bwfefs/opt/x86_64/intel/oneapi/2022.3/compiler/2022.2.1/linux/compiler/lib
 :/bwfefs/opt/x86_64/intel/oneapi/2022.3/compiler/2022.2.1/linux/lib/oclfpga/hos
 t/linux64/lib:/bwfefs/opt/x86_64/intel/oneapi/2022.3/compiler/2022.2.1/linux/li
 b/oclfpga/linux64/lib:/bwfefs/opt/x86_64/intel/oneapi/2022.3/compiler/2022.2.1/
 linux/lib:/bwfefs/opt/x86_64/intel/oneapi/2022.3/compiler/2022.2.1/linux/lib/x6
 4:/bwfefs/opt/x86_64/intel/oneapi/2022.3/compiler/2022.2.1/linux/lib/emu:/bwfef
 s/opt/x86_64/intel/oneapi/2022.3/compiler/2022.2.1/linux/compiler/lib/intel64_l
 in:/bwfefs/opt/x86_64/intel/oneapi/2022.3/debugger/2021.7.1/dep/lib:/bwfefs/opt
 /x86_64/intel/oneapi/2022.3/debugger/2021.7.1/libipt/intel64/lib:/bwfefs/opt/x8
 6_64/intel/oneapi/2022.3/debugger/2021.7.1/gdb/intel64/lib:/bwfefs/opt/x86_64/
 MPI Runtime = Intel(R) MPI Library 2021.7 for Linux* OS


[STEP1] Read Control Parameters
 
Read_Ctrl_Input> Input Files
  grotopfile = pro.top
  grocrdfile = crd/pos_5000.gro
 
Read_Ctrl_Output> Output Files
 
Read_Ctrl_Energy> WARNING: "water_model" is not available
Read_Ctrl_Energy> Parameters of Energy Calculations
  forcefield      =    RESIDCG
  switchdist      =     10.000  cutoffdist      =     12.000
  pairlistdist    =     13.500  dielec_const    =      1.000
  debye           =     10.000
  vdw_force_switch=         no
  electrostatic   =  CUTOFF
  implicit_solvent=       none
  table           =         no
  water_model     =       NONE
  output_style    =    GENESIS
  dispersion_corr =       none
  nonb_limiter    =      no
  user def. table =     no
  efield_x        =           0.000
  efield_y        =           0.000
  efield_z        =           0.000
  efield_normal   =              no
  efield_virial   =              no
 
Read_Ctrl_Dynamics> Parameters of MD simulation
  integrator      =    VVER_CG  nsteps          =       2000
  timestep        =     0.0100  initial_time    =     0.0000
  eneout_period   =         20  rstout_period   =          0
  crdout_period   =          0  velout_period   =          0
  nbupdate_period =         20  stoptr_period   =         10
  qmsave_period   =          0
  iseed           =         -1
  annealing       =         no
  verbose         =         no
  target_md       =         no
  steered_md      =         no
  shrink_box      =         no
  esp_mm          =         no
 
Read_Ctrl_Constraints> Parameters for Constraints
  rigid_bond      =         no
  fixatm_select_index        =       none
 
Read_Ctrl_Ensemble> Parameters for Ensemble
  ensemble        =        NVT
  temperature     =    300.000
  tpcontrol       =   LANGEVIN
  gamma_t         =      1.000
 
Read_Ctrl_Boundary> Parameters of Boundary Condition
  type            =     PBC   
  box_size(x,y,z) =   3200.000   650.000   650.000
  pairlist_grid   =      3.000
 
Read_Ctrl_Selection> Parameters of Selection
  # of groups     =          0
  # of mole names =          0
 
Read_Ctrl_Restraints> No restraint in the system

Read_Ctrl_Fitting_MD> Parameters of Fitting
  fitting method  =  TR+ROT   
  fitting atom    = group1
  mass_weight     =         no
 
[STEP2] Setup MPI
 
Setup_Mpi_Md> Summary of Setup MPI
  number of MPI processes   =        128
  number of OpenMP threads  =          5
  total number of CPU cores =        640

[STEP3] Set Relevant Variables and Structures
 
Read_Grotop> Summary of Grotopfile
  num_moltypes    =          1
    pos100_cg             :
      num_atoms   =        100
      num_bonds   =         99
      num_angls   =          0
      num_dihes   =          0
      num_cmaps   =          0
      num_excls   =          0
      num_constrs =          0
      num_pairs   =          0
      num_vsites2 =          0
      num_vsites3 =          0
      num_vsites4 =          0
      num_vsitesn =          0
      num_posress =          0
      num_PWMcos  =          0
      num_PWMcosns=          0
      num_IDR_HPS =          1
      num_IDR_KH  =          0
    .. not used molecule types were hidden.

  num_molecules   =       5000
    pos100_cg             :  5000

  num_atomtypes   =         33  num_bondtypes   =          0
  num_angltypes   =          0  num_dihetypes   =          0
  num_flangltypes           20
  num_fldihetypes          400
  num_constrtypes =          0  num_cmaptypes   =          0
  num_nbonparms   =          0
  num_basestacktypes  =     16
  num_basepairtypes   =      4
  num_basecrosstypes  =     32
  num_cgdnaexvtypes   =      6
  num_cgelemolpairs   =      1
  num_cg_IDR_HPS_atomtypes  =     20
  num_cg_KH_atomtypes  =    20

  num_cg_pair_MJ_eps   =   400

Define_Molecule> Summary of molecules
  num_atoms       =     500000  num_bonds       =     495000
  num_angles      =          0  num_dihedrals   =          0
  num_impropers   =          0  num_cmap_terms  =          0
  num_residues    =     500000  num_molecules   =       5000
  num_segments    =          1  num_deg_freedom =    1500000
  total_charge    = 500000.000
 
Update_Num_Deg_Freedom> Number of degrees of freedom was updated
  num_deg_freedom =    1499997 (After removing translation)
 
Setup_Boundary> Setup Variables for Boundary Condition
  box_size(x,y,z) =   3200.000   650.000   650.000
  origin(x,y,z)   =      0.000     0.000     0.000
 
Random_Init> Initialize the random number
  seed            = 736085

Define_Enefunc_Gromacs> Number of Interactions in Each Term
  bond_ene        =     495000  angle_ene       =          0
  torsion_ene     =          0  rb_torsion_ene  =          0
  improper_ene    =          0
  nb_exclusions   =     495000  nb14_calc       =          0
  vsite2_ene      =          0  vsite3_ene      =          0
  vsite3fd_ene    =          0  vsite3fad_ene   =          0
  vsite3out_ene   =          0  vsite4fdn_ene   =          0
  vsiten_ene      =          0
 restraint_groups =          0 restraint_funcs  =          0
 
Get_Morph_in> Morphing check
  morphing_bb     =          0  morphing_sc     =          0
 
Setup_Fitting_Atdyn> NO fitting is applied, skip
  fitting method  =  NO
 
[STEP4] Compute Single Point Energy for Molecules
 
            STEP          ENERGY            BOND  NATIVE_CONTACT NON-NATIVE_CONT           ELECT         IDR_HPS          CG_EXV
 --------------- --------------- --------------- --------------- ---------------
               0     853902.2916     170690.3546          0.0000          0.0000     681472.3800       1739.5570          0.0000

[STEP5] Perform Molecular Dynamics Simulation
 
Generate_Velocity> Generate initial velocities
  iseed           =     736085
  temperature     =    300.000
 
Random_Init_Velocity> Initialize the random number
  seed            = 736085

INFO:       STEP            TIME       TOTAL_ENE   POTENTIAL_ENE     KINETIC_ENE            RMSG            BOND         IDR_HPS  NATIVE_CONTACT          CG_EXV           ELECT     TEMPERATURE          VOLUME
 --------------- --------------- --------------- --------------- ---------------
INFO:          0          0.0000    1301083.8344     853902.2916     447181.5428         10.1780     170690.3546       1739.5570          0.0000          0.0000     681472.3800        300.0433 1352000000.0000

Random_Init> Initialize the random number
  seed            = 748285247

INFO:         20          0.2000    1295850.8583     843423.9021     452426.9562          9.8903     162065.5911        674.3398          0.0000          0.0000     680683.9713        303.5627 1352000000.0000

INFO:         40          0.4000    1292240.2852     837407.3755     454832.9097          9.7946     159790.8848      -1181.6025          0.0000          0.0000     678798.0933        305.1771 1352000000.0000

INFO:         60          0.6000    1288040.1578     831801.1882     456238.9696          9.7394     158278.1685      -2714.3905          0.0000          0.0000     676237.4103        306.1205 1352000000.0000

INFO:         80          0.8000    1283600.6318     826386.9831     457213.6487          9.6905     156822.1161      -3714.2791          0.0000          0.0000     673279.1461        306.7744 1352000000.0000

INFO:        100          1.0000    1278761.8003     822410.0695     456351.7308          9.6697     156408.1153      -4221.5401          0.0000          0.0000     670223.4943        306.1961 1352000000.0000

INFO:        120          1.2000    1274987.2883     818699.5761     456287.7122          9.6661     156192.2196      -4619.4253          0.0000          0.0000     667126.7819        306.1532 1352000000.0000

INFO:        140          1.4000    1269426.5737     814011.9196     455414.6540          9.6235     155002.5679      -5027.0658          0.0000          0.0000     664036.4176        305.5674 1352000000.0000

INFO:        160          1.6000    1264879.4051     810014.5638     454864.8413          9.6010     154421.5767      -5361.2125          0.0000          0.0000     660954.1995        305.1985 1352000000.0000

INFO:        180          1.8000    1261550.0023     806912.3700     454637.6323          9.5939     154341.9250      -5405.3612          0.0000          0.0000     657975.8062        305.0460 1352000000.0000

INFO:        200          2.0000    1257669.3845     803916.2523     453753.1322          9.5801     154012.6937      -5189.7165          0.0000          0.0000     655093.2751        304.4526 1352000000.0000

INFO:        220          2.2000    1253790.0045     800712.7351     453077.2694          9.5789     153733.1725      -5345.1455          0.0000          0.0000     652324.7081        303.9991 1352000000.0000

INFO:        240          2.4000    1250335.0222     798389.6968     451945.3254          9.5793     154184.9845      -5439.9578          0.0000          0.0000     649644.6702        303.2396 1352000000.0000

INFO:        260          2.6000    1247478.7464     795352.8476     452125.8988          9.5694     153658.2932      -5375.3520          0.0000          0.0000     647069.9064        303.3607 1352000000.0000

INFO:        280          2.8000    1245188.3584     792617.9461     452570.4123          9.5619     153377.7654      -5328.4849          0.0000          0.0000     644568.6656        303.6590 1352000000.0000

INFO:        300          3.0000    1242685.7849     790629.4656     452056.3194          9.5611     153449.1263      -4989.3289          0.0000          0.0000     642169.6682        303.3141 1352000000.0000

INFO:        320          3.2000    1240472.7518     788650.6778     451822.0741          9.5604     153522.5013      -4728.4877          0.0000          0.0000     639856.6642        303.1569 1352000000.0000

INFO:        340          3.4000    1237940.7007     786079.5486     451861.1520          9.5523     153293.6958      -4834.2233          0.0000          0.0000     637620.0761        303.1831 1352000000.0000

INFO:        360          3.6000    1235143.8931     783602.5551     451541.3379          9.5428     153098.2510      -4946.9142          0.0000          0.0000     635451.2183        302.9685 1352000000.0000

INFO:        380          3.8000    1232346.7969     781735.2333     450611.5636          9.5457     153273.6811      -4908.8170          0.0000          0.0000     633370.3693        302.3447 1352000000.0000

INFO:        400          4.0000    1229560.5884     779732.8304     449827.7580          9.5426     153195.7462      -4833.0811          0.0000          0.0000     631370.1652        301.8188 1352000000.0000

INFO:        420          4.2000    1227396.3452     777848.3792     449547.9660          9.5480     153139.7525      -4725.7825          0.0000          0.0000     629434.4092        301.6310 1352000000.0000

INFO:        440          4.4000    1225811.2959     776391.3678     449419.9281          9.5526     153368.7276      -4557.9068          0.0000          0.0000     627580.5470        301.5451 1352000000.0000

INFO:        460          4.6000    1223777.3435     774870.7876     448906.5559          9.5420     153185.0930      -4114.2868          0.0000          0.0000     625799.9815        301.2007 1352000000.0000

INFO:        480          4.8000    1222437.6017     773192.6012     449245.0006          9.5455     153193.6480      -4051.0817          0.0000          0.0000     624050.0349        301.4278 1352000000.0000

INFO:        500          5.0000    1221434.6422     771799.5779     449635.0643          9.5477     153514.4563      -4089.7206          0.0000          0.0000     622374.8422        301.6895 1352000000.0000

INFO:        520          5.2000    1219279.1073     770171.4360     449107.6713          9.5391     153199.9468      -3800.3893          0.0000          0.0000     620771.8785        301.3356 1352000000.0000

INFO:        540          5.4000    1217800.0040     768838.0760     448961.9280          9.5527     153431.1392      -3799.2205          0.0000          0.0000     619206.1574        301.2378 1352000000.0000

INFO:        560          5.6000    1216639.0612     766926.3129     449712.7483          9.5436     153089.2692      -3834.7203          0.0000          0.0000     617671.7639        301.7416 1352000000.0000

INFO:        580          5.8000    1214684.2302     765840.0357     448844.1945          9.5484     153312.5575      -3676.5322          0.0000          0.0000     616204.0104        301.1588 1352000000.0000

INFO:        600          6.0000    1212725.6118     764248.3696     448477.2422          9.5500     153204.3576      -3720.1166          0.0000          0.0000     614764.1286        300.9126 1352000000.0000

INFO:        620          6.2000    1211838.5762     763133.2764     448705.2997          9.5583     153376.9677      -3599.2743          0.0000          0.0000     613355.5831        301.0656 1352000000.0000

INFO:        640          6.4000    1210837.5802     761710.5110     449127.0691          9.5637     153306.0834      -3575.3783          0.0000          0.0000     611979.8059        301.3486 1352000000.0000

INFO:        660          6.6000    1208795.9968     760656.5539     448139.4429          9.5616     153542.3182      -3516.9299          0.0000          0.0000     610631.1656        300.6860 1352000000.0000

INFO:        680          6.8000    1207764.8287     759090.1900     448674.6387          9.5545     153351.2591      -3564.3802          0.0000          0.0000     609303.3110        301.0451 1352000000.0000

INFO:        700          7.0000    1206916.0629     758191.3343     448724.7287          9.5599     153603.7293      -3418.2757          0.0000          0.0000     608005.8807        301.0787 1352000000.0000

INFO:        720          7.2000    1205742.0606     756605.7635     449136.2970          9.5510     153229.3739      -3376.3646          0.0000          0.0000     606752.7542        301.3548 1352000000.0000

INFO:        740          7.4000    1203938.6615     755686.6472     448252.0143          9.5645     153613.9593      -3443.5325          0.0000          0.0000     605516.2203        300.7615 1352000000.0000

INFO:        760          7.6000    1203137.5646     754998.3986     448139.1660          9.5788     154077.2924      -3398.3345          0.0000          0.0000     604319.4407        300.6858 1352000000.0000

INFO:        780          7.8000    1201974.3014     753226.0118     448748.2896          9.5566     153468.4950      -3390.1806          0.0000          0.0000     603147.6973        301.0945 1352000000.0000

INFO:        800          8.0000    1200487.6964     752701.5091     447786.1872          9.5660     153915.8002      -3238.4601          0.0000          0.0000     602024.1691        300.4489 1352000000.0000

INFO:        820          8.2000    1199088.0533     751415.1799     447672.8733          9.5681     153795.9996      -3294.2575          0.0000          0.0000     600913.4379        300.3729 1352000000.0000

INFO:        840          8.4000    1197567.1319     750374.9047     447192.2272          9.5682     153812.8421      -3240.2526          0.0000          0.0000     599802.3151        300.0504 1352000000.0000

INFO:        860          8.6000    1196837.5341     748994.2637     447843.2704          9.5674     153682.5116      -3367.6843          0.0000          0.0000     598679.4364        300.4872 1352000000.0000

INFO:        880          8.8000    1195343.6447     747413.0608     447930.5839          9.5468     153176.2899      -3362.8383          0.0000          0.0000     597599.6092        300.5458 1352000000.0000

INFO:        900          9.0000    1194354.1130     746581.4237     447772.6893          9.5421     153158.5093      -3149.5949          0.0000          0.0000     596572.5094        300.4399 1352000000.0000

INFO:        920          9.2000    1193706.1970     746048.9734     447657.2236          9.5594     153458.7611      -2986.9037          0.0000          0.0000     595577.1160        300.3624 1352000000.0000

INFO:        940          9.4000    1192366.3311     744799.7056     447566.6255          9.5530     153139.2547      -2924.8747          0.0000          0.0000     594585.3256        300.3016 1352000000.0000

INFO:        960          9.6000    1191524.2467     744026.3761     447497.8705          9.5634     153261.6728      -2838.9063          0.0000          0.0000     593603.6097        300.2555 1352000000.0000

INFO:        980          9.8000    1189907.0697     743208.6788     446698.3909          9.5560     153219.8775      -2656.8464          0.0000          0.0000     592645.6477        299.7191 1352000000.0000

INFO:       1000         10.0000    1189510.2489     742322.3365     447187.9124          9.5481     153325.9674      -2699.4035          0.0000          0.0000     591695.7727        300.0475 1352000000.0000

INFO:       1020         10.2000    1189010.9957     741202.5803     447808.4154          9.5460     152965.1119      -2551.4244          0.0000          0.0000     590788.8927        300.4639 1352000000.0000

INFO:       1040         10.4000    1186910.1715     740393.6559     446516.5156          9.5434     153139.3733      -2607.8495          0.0000          0.0000     589862.1321        299.5970 1352000000.0000

INFO:       1060         10.6000    1186303.1105     739263.0625     447040.0480          9.5440     153048.3775      -2735.4563          0.0000          0.0000     588950.1413        299.9483 1352000000.0000

INFO:       1080         10.8000    1185943.9349     738910.7341     447033.2009          9.5541     153471.2375      -2631.3360          0.0000          0.0000     588070.8326        299.9437 1352000000.0000

INFO:       1100         11.0000    1185162.4288     738083.6703     447078.7585          9.5498     153331.4441      -2466.8685          0.0000          0.0000     587219.0947        299.9743 1352000000.0000

INFO:       1120         11.2000    1184307.3451     737232.7906     447074.5546          9.5510     153244.3265      -2411.5651          0.0000          0.0000     586400.0292        299.9715 1352000000.0000

INFO:       1140         11.4000    1183205.3185     736593.3060     446612.0125          9.5526     153218.4980      -2219.0481          0.0000          0.0000     585593.8561        299.6611 1352000000.0000

INFO:       1160         11.6000    1182937.7526     735913.5886     447024.1640          9.5513     153492.3797      -2364.3122          0.0000          0.0000     584785.5211        299.9377 1352000000.0000

INFO:       1180         11.8000    1182473.4325     734807.9142     447665.5184          9.5392     153273.7266      -2440.9743          0.0000          0.0000     583975.1619        300.3680 1352000000.0000

INFO:       1200         12.0000    1180887.6467     733659.2062     447228.4405          9.5401     152996.7700      -2523.3609          0.0000          0.0000     583185.7971        300.0747 1352000000.0000

INFO:       1220         12.2000    1180154.4409     733151.8398     447002.6011          9.5481     153390.7877      -2640.8769          0.0000          0.0000     582401.9290        299.9232 1352000000.0000

INFO:       1240         12.4000    1180026.6729     732761.3483     447265.3245          9.5560     153680.9885      -2565.3009          0.0000          0.0000     581645.6607        300.0995 1352000000.0000

INFO:       1260         12.6000    1179260.4978     732021.6864     447238.8113          9.5555     153512.3112      -2420.4105          0.0000          0.0000     580929.7858        300.0817 1352000000.0000

INFO:       1280         12.8000    1178068.2258     731576.5851     446491.6407          9.5672     153724.9440      -2352.7792          0.0000          0.0000     580204.4204        299.5804 1352000000.0000

INFO:       1300         13.0000    1177255.5148     730482.3116     446773.2032          9.5412     153215.1446      -2215.7407          0.0000          0.0000     579482.9077        299.7693 1352000000.0000

INFO:       1320         13.2000    1176412.1912     730156.1456     446256.0456          9.5611     153580.3204      -2205.9873          0.0000          0.0000     578781.8125        299.4223 1352000000.0000

INFO:       1340         13.4000    1176071.9465     729242.8087     446829.1378          9.5515     153612.8570      -2440.7101          0.0000          0.0000     578070.6618        299.8068 1352000000.0000

INFO:       1360         13.6000    1175394.3013     728816.5620     446577.7394          9.5554     153731.8536      -2308.0315          0.0000          0.0000     577392.7399        299.6381 1352000000.0000

INFO:       1380         13.8000    1175359.3710     727818.1758     447541.1952          9.5444     153273.8753      -2175.9222          0.0000          0.0000     576720.2227        300.2846 1352000000.0000

INFO:       1400         14.0000    1174051.1820     727360.1579     446691.0241          9.5479     153553.8730      -2227.2598          0.0000          0.0000     576033.5447        299.7141 1352000000.0000

INFO:       1420         14.2000    1173153.3363     726461.4759     446691.8604          9.5490     153360.1138      -2249.2033          0.0000          0.0000     575350.5654        299.7147 1352000000.0000

INFO:       1440         14.4000    1172371.2797     725922.8278     446448.4519          9.5574     153608.3694      -2321.0563          0.0000          0.0000     574635.5147        299.5514 1352000000.0000

INFO:       1460         14.6000    1171727.8352     724529.6176     447198.2176          9.5400     153042.7992      -2477.9771          0.0000          0.0000     573964.7956        300.0544 1352000000.0000

INFO:       1480         14.8000    1171039.7648     724356.2803     446683.4846          9.5469     153448.9587      -2400.4197          0.0000          0.0000     573307.7412        299.7091 1352000000.0000

INFO:       1500         15.0000    1171289.1559     723635.5182     447653.6377          9.5411     153236.0394      -2262.7603          0.0000          0.0000     572662.2391        300.3600 1352000000.0000

INFO:       1520         15.2000    1170329.5654     723044.2512     447285.3142          9.5464     153166.6536      -2158.1691          0.0000          0.0000     572035.7666        300.1129 1352000000.0000

INFO:       1540         15.4000    1169417.3299     722602.0460     446815.2839          9.5516     153381.4360      -2177.8573          0.0000          0.0000     571398.4673        299.7975 1352000000.0000

INFO:       1560         15.6000    1168698.8114     722085.4958     446613.3156          9.5496     153447.8425      -2162.1113          0.0000          0.0000     570799.7645        299.6620 1352000000.0000

INFO:       1580         15.8000    1167978.3494     721721.6550     446256.6943          9.5549     153544.7725      -2019.7695          0.0000          0.0000     570196.6520        299.4227 1352000000.0000

INFO:       1600         16.0000    1167153.2260     721285.7378     445867.4881          9.5579     153927.3101      -2231.5955          0.0000          0.0000     569590.0232        299.1616 1352000000.0000

INFO:       1620         16.2000    1166343.8908     720249.1611     446094.7297          9.5513     153560.8150      -2312.8291          0.0000          0.0000     569001.1752        299.3140 1352000000.0000

INFO:       1640         16.4000    1166033.2337     719451.3141     446581.9196          9.5350     153048.6958      -2032.9765          0.0000          0.0000     568435.5948        299.6409 1352000000.0000

INFO:       1660         16.6000    1165231.6539     719196.3491     446035.3047          9.5405     153317.5247      -1992.5922          0.0000          0.0000     567871.4167        299.2742 1352000000.0000

INFO:       1680         16.8000    1164336.5569     718693.3341     445643.2228          9.5510     153579.8461      -2194.2611          0.0000          0.0000     567307.7491        299.0111 1352000000.0000

INFO:       1700         17.0000    1164015.6759     717769.0506     446246.6253          9.5331     152983.8634      -1990.3781          0.0000          0.0000     566775.5654        299.4160 1352000000.0000

INFO:       1720         17.2000    1163828.0748     718247.6400     445580.4348          9.5618     153873.2936      -1877.4778          0.0000          0.0000     566251.8242        298.9690 1352000000.0000

INFO:       1740         17.4000    1162882.2189     716817.5511     446064.6678          9.5377     152947.5442      -1860.0134          0.0000          0.0000     565730.0203        299.2939 1352000000.0000

INFO:       1760         17.6000    1163497.8504     716645.2067     446852.6437          9.5502     153361.2181      -1920.6492          0.0000          0.0000     565204.6378        299.8226 1352000000.0000

INFO:       1780         17.8000    1163313.1102     716539.8683     446773.2418          9.5606     153758.1753      -1907.1428          0.0000          0.0000     564688.8358        299.7693 1352000000.0000

INFO:       1800         18.0000    1163227.0127     715426.3585     447800.6542          9.5411     153155.3249      -1914.1281          0.0000          0.0000     564185.1618        300.4587 1352000000.0000

INFO:       1820         18.2000    1161886.0893     714637.1319     447248.9574          9.5296     152882.5107      -1922.6346          0.0000          0.0000     563677.2558        300.0885 1352000000.0000

INFO:       1840         18.4000    1161572.4084     714633.7842     446938.6243          9.5508     153297.2444      -1850.7239          0.0000          0.0000     563187.2638        299.8803 1352000000.0000

INFO:       1860         18.6000    1161048.7842     714777.0175     446271.7667          9.5632     153775.2483      -1689.0251          0.0000          0.0000     562690.7942        299.4328 1352000000.0000

INFO:       1880         18.8000    1160511.7628     714104.5723     446407.1904          9.5622     153666.8653      -1768.3892          0.0000          0.0000     562206.0962        299.5237 1352000000.0000

INFO:       1900         19.0000    1160140.1261     713156.2739     446983.8522          9.5494     153305.8225      -1866.3608          0.0000          0.0000     561716.8122        299.9106 1352000000.0000

INFO:       1920         19.2000    1160153.7111     713338.5416     446815.1695          9.5762     153983.8814      -1871.4563          0.0000          0.0000     561226.1165        299.7974 1352000000.0000

INFO:       1940         19.4000    1158958.9465     712658.6585     446300.2880          9.5603     153594.0438      -1694.4072          0.0000          0.0000     560759.0219        299.4520 1352000000.0000

INFO:       1960         19.6000    1158679.6266     712419.3724     446260.2541          9.5684     153763.7292      -1609.0494          0.0000          0.0000     560264.6926        299.4251 1352000000.0000

INFO:       1980         19.8000    1158301.7792     711779.8558     446521.9234          9.5607     153662.6166      -1667.1273          0.0000          0.0000     559784.3665        299.6007 1352000000.0000

INFO:       2000         20.0000    1157468.1552     711343.2218     446124.9334          9.5594     153634.6032      -1626.6550          0.0000          0.0000     559335.2736        299.3343 1352000000.0000

 
[STEP6] Deallocate Arrays
 
Output_Time> Averaged timer profile (Min, Max)
  total time      =     144.190
    setup         =       3.924
    dynamics      =     140.267
      energy      =      88.024
      integrator  =      37.170
      migration   =       0.000
      pairlist    =      12.949 (      12.206,      15.738)
  energy           
    bond          =       0.138 (       0.128,       0.157)
    angle         =       0.016 (       0.015,       0.019)
    dihedral      =       0.015 (       0.013,       0.019)
    base stacking =       0.000 (       0.000,       0.000)
    nonbond       =      26.442 (      25.383,      27.584)
      CG exv      =       1.249 (       1.099,       1.584)
      CG DNA bp   =       0.000 (       0.000,       0.000)
      CG DNA exv  =       0.000 (       0.000,       0.000)
      CG ele      =      16.441 (      15.836,      17.114)
      CG PWMcos   =       0.000 (       0.000,       0.000)
      CG PWMcosns =       0.000 (       0.000,       0.000)
      CG IDR-HPS  =       8.742 (       8.355,       9.122)
      CG IDR-KH   =       0.000 (       0.000,       0.000)
      CG KH       =       0.000 (       0.000,       0.000)
      Contact     =       0.007 (       0.006,       0.008)
      pme real    =       0.000 (       0.000,       0.000)
      pme recip   =       0.000 (       0.000,       0.000)
    solvation     =       0.000 (       0.000,       0.000)
      polar       =       0.000 (       0.000,       0.000)
      non-polar   =       0.000 (       0.000,       0.000)
    restraint     =       0.000 (       0.000,       0.000)
    qmmm          =       0.000 (       0.000,       0.000)
    morph         =       0.000 (       0.000,       0.000)
  integrator       
    constraint    =       0.000 (       0.000,       0.000)
    update        =       0.000 (       0.000,       0.000)
    comm_coord    =       0.000 (       0.000,       0.000)
    comm_force    =       0.000 (       0.000,       0.000)
  migration       =       0.000 (       0.000,       0.000)
    comm_migrate  =       0.000 (       0.000,       0.000)
    ptl_migrate   =       0.000 (       0.000,       0.000)
    bond_migrate  =       0.000 (       0.000,       0.000)
    angl_migrate  =       0.000 (       0.000,       0.000)
    dihe_migrate  =       0.000 (       0.000,       0.000)
    contact_migr  =       0.000 (       0.000,       0.000)
    stack_migrate =       0.000 (       0.000,       0.000)
    pwmcos_migrate =       0.000 (       0.000,       0.000)
    pwmcosns_migr  =       0.000 (       0.000,       0.000)
    nonb_update    =       0.000 (       0.000,       0.000)

