****************************************************
*                                                  *
*                  GENESIS ATDYN                   *
*                                                  *
*        A Molecular Dynamics Simulator with       *
*            Atomic Decomposition Scheme           *
*                                                  *
*               Developed by RIKEN                 *
*                                                  *
****************************************************
 
[STEP0] Architecture and Compiler Information
 
GENESIS_Information> GENESIS Information
  version      = 2.0.0
  commit ID    = $GENESIS_VERSION$
  precision    = double
  nonbonding   = CPU

Build_Information> Compiler Information
  build host   = jjwsmj@hokusai2
  fortran      = ifort (IFORT) 2021.7.1 20221019
  option       = 
  -axCORE-AVX512 -g -O3  -qmkl=parallel  -assume byterecl -qopenmp  
  C            = 
 icc: remark #10441: The Intel(R) C++ Compiler Classic (ICC) is deprecated and w
 ill be removed from product release in the second half of 2023. The Intel(R) on
 eAPI DPC++/C++ Compiler (ICX) is the recommended compiler moving forward. Pleas
 e transition to use this compiler. Use '-diag-disable=10441' to disable this me
 ssage.
  option       = -O3 -ip -axCORE-AVX2  -qopenmp 
  defined var. = 
  -DHAVE_MPI_GENESIS -DOMP -DIFORT19 -DFFTE -DLAPACK -DDSFMT_MEXP=19937 -DINTEL
  link option  = 
  -assume byterecl -lgfortran -qopenmp  -lmkl_intel_lp64 -lmkl_sequential -lmkl_
 core -lmkl_lapack95_lp64   
  MPI Compiler = Intel(R) MPI

Runtime_Information> Machine and Library Information
  date       = 2023/05/12 15:27:33
  cpu model    = Intel(R) Xeon(R) Gold 6148 CPU @ 2.40GHz
  exec. host   = jjwsmj@bwmpc0091
  LD library   = 
 /bwfefs/opt/x86_64/intel/oneapi/2022.3/mpi/2021.7.1/libfabric/lib:/bwfefs/opt/x
 86_64/intel/oneapi/2022.3/mpi/2021.7.1/lib/release:/bwfefs/opt/x86_64/intel/one
 api/2022.3/mpi/2021.7.1/lib:/bwfefs/opt/x86_64/intel/oneapi/2022.3/tbb/2021.7.1
 /lib/intel64/gcc4.8:/usr/lib64:/bwfefs/opt/x86_64/intel/oneapi/2022.3/vpl/2022.
 2.5/lib:/bwfefs/opt/x86_64/intel/oneapi/2022.3/mkl/latest/lib/intel64:/bwfefs/o
 pt/x86_64/intel/oneapi/2022.3/itac/2021.7.1/slib:/bwfefs/opt/x86_64/intel/oneap
 i/2022.3/ippcp/2021.6.2/lib/intel64:/bwfefs/opt/x86_64/intel/oneapi/2022.3/ipp/
 2021.6.2/lib/intel64:/bwfefs/opt/x86_64/intel/oneapi/2022.3/dnnl/2022.2.1/cpu_d
 pcpp_gpu_dpcpp/lib:/bwfefs/opt/x86_64/intel/oneapi/2022.3/dal/2021.7.1/lib/inte
 l64:/bwfefs/opt/x86_64/intel/oneapi/2022.3/compiler/2022.2.1/linux/compiler/lib
 :/bwfefs/opt/x86_64/intel/oneapi/2022.3/compiler/2022.2.1/linux/lib/oclfpga/hos
 t/linux64/lib:/bwfefs/opt/x86_64/intel/oneapi/2022.3/compiler/2022.2.1/linux/li
 b/oclfpga/linux64/lib:/bwfefs/opt/x86_64/intel/oneapi/2022.3/compiler/2022.2.1/
 linux/lib:/bwfefs/opt/x86_64/intel/oneapi/2022.3/compiler/2022.2.1/linux/lib/x6
 4:/bwfefs/opt/x86_64/intel/oneapi/2022.3/compiler/2022.2.1/linux/lib/emu:/bwfef
 s/opt/x86_64/intel/oneapi/2022.3/compiler/2022.2.1/linux/compiler/lib/intel64_l
 in:/bwfefs/opt/x86_64/intel/oneapi/2022.3/debugger/2021.7.1/dep/lib:/bwfefs/opt
 /x86_64/intel/oneapi/2022.3/debugger/2021.7.1/libipt/intel64/lib:/bwfefs/opt/x8
 6_64/intel/oneapi/2022.3/debugger/2021.7.1/gdb/intel64/lib:/bwfefs/opt/x86_64/
 MPI Runtime = Intel(R) MPI Library 2021.7 for Linux* OS


[STEP1] Read Control Parameters
 
Read_Ctrl_Input> Input Files
  grotopfile = pro.top
  grocrdfile = crd/pos_5000.gro
 
Read_Ctrl_Output> Output Files
 
Read_Ctrl_Energy> WARNING: "water_model" is not available
Read_Ctrl_Energy> Parameters of Energy Calculations
  forcefield      =    RESIDCG
  switchdist      =     10.000  cutoffdist      =     12.000
  pairlistdist    =     13.500  dielec_const    =      1.000
  debye           =     10.000
  vdw_force_switch=         no
  electrostatic   =  CUTOFF
  implicit_solvent=       none
  table           =         no
  water_model     =       NONE
  output_style    =    GENESIS
  dispersion_corr =       none
  nonb_limiter    =      no
  user def. table =     no
  efield_x        =           0.000
  efield_y        =           0.000
  efield_z        =           0.000
  efield_normal   =              no
  efield_virial   =              no
 
Read_Ctrl_Dynamics> Parameters of MD simulation
  integrator      =    VVER_CG  nsteps          =       2000
  timestep        =     0.0100  initial_time    =     0.0000
  eneout_period   =         20  rstout_period   =          0
  crdout_period   =          0  velout_period   =          0
  nbupdate_period =         20  stoptr_period   =         10
  qmsave_period   =          0
  iseed           =         -1
  annealing       =         no
  verbose         =         no
  target_md       =         no
  steered_md      =         no
  shrink_box      =         no
  esp_mm          =         no
 
Read_Ctrl_Constraints> Parameters for Constraints
  rigid_bond      =         no
  fixatm_select_index        =       none
 
Read_Ctrl_Ensemble> Parameters for Ensemble
  ensemble        =        NVT
  temperature     =    300.000
  tpcontrol       =   LANGEVIN
  gamma_t         =      1.000
 
Read_Ctrl_Boundary> Parameters of Boundary Condition
  type            =     PBC   
  box_size(x,y,z) =   3200.000   650.000   650.000
  pairlist_grid   =      3.000
 
Read_Ctrl_Selection> Parameters of Selection
  # of groups     =          0
  # of mole names =          0
 
Read_Ctrl_Restraints> No restraint in the system

Read_Ctrl_Fitting_MD> Parameters of Fitting
  fitting method  =  TR+ROT   
  fitting atom    = group1
  mass_weight     =         no
 
[STEP2] Setup MPI
 
Setup_Mpi_Md> Summary of Setup MPI
  number of MPI processes   =        128
  number of OpenMP threads  =          5
  total number of CPU cores =        640

[STEP3] Set Relevant Variables and Structures
 
Read_Grotop> Summary of Grotopfile
  num_moltypes    =          1
    pos100_cg             :
      num_atoms   =        100
      num_bonds   =         99
      num_angls   =          0
      num_dihes   =          0
      num_cmaps   =          0
      num_excls   =          0
      num_constrs =          0
      num_pairs   =          0
      num_vsites2 =          0
      num_vsites3 =          0
      num_vsites4 =          0
      num_vsitesn =          0
      num_posress =          0
      num_PWMcos  =          0
      num_PWMcosns=          0
      num_IDR_HPS =          1
      num_IDR_KH  =          0
    .. not used molecule types were hidden.

  num_molecules   =       5000
    pos100_cg             :  5000

  num_atomtypes   =         33  num_bondtypes   =          0
  num_angltypes   =          0  num_dihetypes   =          0
  num_flangltypes           20
  num_fldihetypes          400
  num_constrtypes =          0  num_cmaptypes   =          0
  num_nbonparms   =          0
  num_basestacktypes  =     16
  num_basepairtypes   =      4
  num_basecrosstypes  =     32
  num_cgdnaexvtypes   =      6
  num_cgelemolpairs   =      1
  num_cg_IDR_HPS_atomtypes  =     20
  num_cg_KH_atomtypes  =    20

  num_cg_pair_MJ_eps   =   400

Define_Molecule> Summary of molecules
  num_atoms       =     500000  num_bonds       =     495000
  num_angles      =          0  num_dihedrals   =          0
  num_impropers   =          0  num_cmap_terms  =          0
  num_residues    =     500000  num_molecules   =       5000
  num_segments    =          1  num_deg_freedom =    1500000
  total_charge    = 500000.000
 
Update_Num_Deg_Freedom> Number of degrees of freedom was updated
  num_deg_freedom =    1499997 (After removing translation)
 
Setup_Boundary> Setup Variables for Boundary Condition
  box_size(x,y,z) =   3200.000   650.000   650.000
  origin(x,y,z)   =      0.000     0.000     0.000
 
Random_Init> Initialize the random number
  seed            = 27785

Define_Enefunc_Gromacs> Number of Interactions in Each Term
  bond_ene        =     495000  angle_ene       =          0
  torsion_ene     =          0  rb_torsion_ene  =          0
  improper_ene    =          0
  nb_exclusions   =     495000  nb14_calc       =          0
  vsite2_ene      =          0  vsite3_ene      =          0
  vsite3fd_ene    =          0  vsite3fad_ene   =          0
  vsite3out_ene   =          0  vsite4fdn_ene   =          0
  vsiten_ene      =          0
 restraint_groups =          0 restraint_funcs  =          0
 
Get_Morph_in> Morphing check
  morphing_bb     =          0  morphing_sc     =          0
 
Setup_Fitting_Atdyn> NO fitting is applied, skip
  fitting method  =  NO
 
[STEP4] Compute Single Point Energy for Molecules
 
            STEP          ENERGY            BOND  NATIVE_CONTACT NON-NATIVE_CONT           ELECT         IDR_HPS          CG_EXV
 --------------- --------------- --------------- --------------- ---------------
               0     853902.2916     170690.3546          0.0000          0.0000     681472.3800       1739.5570          0.0000

[STEP5] Perform Molecular Dynamics Simulation
 
Generate_Velocity> Generate initial velocities
  iseed           =      27785
  temperature     =    300.000
 
Random_Init_Velocity> Initialize the random number
  seed            = 27785

INFO:       STEP            TIME       TOTAL_ENE   POTENTIAL_ENE     KINETIC_ENE            RMSG            BOND         IDR_HPS  NATIVE_CONTACT          CG_EXV           ELECT     TEMPERATURE          VOLUME
 --------------- --------------- --------------- --------------- ---------------
INFO:          0          0.0000    1300867.2875     853902.2916     446964.9960         10.1780     170690.3546       1739.5570          0.0000          0.0000     681472.3800        299.8980 1352000000.0000

Random_Init> Initialize the random number
  seed            = 837718359

INFO:         20          0.2000    1294725.4808     843031.8826     451693.5982          9.8832     161639.7635        676.4088          0.0000          0.0000     680715.7102        303.0707 1352000000.0000

INFO:         40          0.4000    1290956.7952     837183.1042     453773.6910          9.7825     159402.7724      -1101.2817          0.0000          0.0000     678881.6134        304.4664 1352000000.0000

INFO:         60          0.6000    1286628.1814     832020.6825     454607.4989          9.7428     158325.4049      -2657.2340          0.0000          0.0000     676352.5115        305.0258 1352000000.0000

INFO:         80          0.8000    1281564.6512     827020.8400     454543.8112          9.7010     157228.2476      -3648.8115          0.0000          0.0000     673441.4040        304.9831 1352000000.0000

INFO:        100          1.0000    1277868.5830     822694.0333     455174.5497          9.6727     156559.1758      -4217.7441          0.0000          0.0000     670352.6016        305.4063 1352000000.0000

INFO:        120          1.2000    1274099.3375     818121.4323     455977.9052          9.6484     155575.1300      -4657.5652          0.0000          0.0000     667203.8675        305.9453 1352000000.0000

INFO:        140          1.4000    1269674.9168     814646.6285     455028.2882          9.6408     155596.1537      -5025.9663          0.0000          0.0000     664076.4410        305.3081 1352000000.0000

INFO:        160          1.6000    1265834.1570     811313.9276     454520.2294          9.6389     155416.2199      -5116.9280          0.0000          0.0000     661014.6358        304.9673 1352000000.0000

INFO:        180          1.8000    1261600.2961     807679.2454     453921.0507          9.6122     154810.3177      -5126.3995          0.0000          0.0000     657995.3273        304.5652 1352000000.0000

INFO:        200          2.0000    1257816.6464     804197.0785     453619.5679          9.5909     154200.4985      -5069.7658          0.0000          0.0000     655066.3457        304.3629 1352000000.0000

INFO:        220          2.2000    1254623.4936     801436.8479     453186.6457          9.5908     154167.3970      -4995.7420          0.0000          0.0000     652265.1930        304.0725 1352000000.0000

INFO:        240          2.4000    1251513.9609     798662.1300     452851.8310          9.5810     153955.8755      -4869.8226          0.0000          0.0000     649576.0770        303.8478 1352000000.0000

INFO:        260          2.6000    1249072.8566     796174.8789     452897.9778          9.5814     153975.9597      -4768.2303          0.0000          0.0000     646967.1494        303.8788 1352000000.0000

INFO:        280          2.8000    1245905.1985     793679.5597     452225.6388          9.5834     154078.3234      -4845.6722          0.0000          0.0000     644446.9086        303.4277 1352000000.0000

INFO:        300          3.0000    1243201.2202     791256.3233     451944.8969          9.5800     154160.9224      -4933.1243          0.0000          0.0000     642028.5253        303.2393 1352000000.0000

INFO:        320          3.2000    1239858.2324     788599.3631     451258.8693          9.5691     153764.1510      -4858.4956          0.0000          0.0000     639693.7078        302.7790 1352000000.0000

INFO:        340          3.4000    1237056.6535     786570.8288     450485.8248          9.5699     153915.9613      -4801.0256          0.0000          0.0000     637455.8931        302.2603 1352000000.0000

INFO:        360          3.6000    1233985.6477     784052.6095     449933.0382          9.5673     153538.7457      -4809.5854          0.0000          0.0000     635323.4492        301.8894 1352000000.0000

INFO:        380          3.8000    1231612.5162     781496.8409     450115.6753          9.5382     152922.8280      -4705.2530          0.0000          0.0000     633279.2660        302.0120 1352000000.0000

INFO:        400          4.0000    1229984.7321     779827.8270     450156.9052          9.5408     153019.6716      -4524.0899          0.0000          0.0000     631332.2453        302.0396 1352000000.0000

INFO:        420          4.2000    1228667.6600     778189.2272     450478.4329          9.5521     153269.8856      -4497.7800          0.0000          0.0000     629417.1215        302.2554 1352000000.0000

INFO:        440          4.4000    1226443.0842     776590.9442     449852.1400          9.5479     153290.9743      -4283.8714          0.0000          0.0000     627583.8413        301.8351 1352000000.0000

INFO:        460          4.6000    1224598.9984     775411.4647     449187.5337          9.5587     153552.1588      -3944.0803          0.0000          0.0000     625803.3862        301.3892 1352000000.0000

INFO:        480          4.8000    1223330.8476     773841.7925     449489.0551          9.5610     153739.6866      -3954.4952          0.0000          0.0000     624056.6011        301.5915 1352000000.0000

INFO:        500          5.0000    1221155.9687     772133.6577     449022.3110          9.5600     153760.3137      -3970.0009          0.0000          0.0000     622343.3450        301.2783 1352000000.0000

INFO:        520          5.2000    1218704.8532     770302.9202     448401.9330          9.5465     153500.7748      -3859.1926          0.0000          0.0000     620661.3380        300.8621 1352000000.0000

INFO:        540          5.4000    1217413.3490     768167.8730     449245.4759          9.5390     153106.5750      -3963.2468          0.0000          0.0000     619024.5449        301.4281 1352000000.0000

INFO:        560          5.6000    1215468.7572     766518.6527     448950.1044          9.5415     153247.2454      -4163.1393          0.0000          0.0000     617434.5466        301.2299 1352000000.0000

INFO:        580          5.8000    1213761.8679     764655.2943     449106.5736          9.5301     152843.9760      -4083.0698          0.0000          0.0000     615894.3881        301.3349 1352000000.0000

INFO:        600          6.0000    1212511.0738     763589.7294     448921.3445          9.5428     153310.4076      -4123.6077          0.0000          0.0000     614402.9295        301.2106 1352000000.0000

INFO:        620          6.2000    1211025.2336     762307.7994     448717.4342          9.5450     153323.1278      -3972.2227          0.0000          0.0000     612956.8943        301.0738 1352000000.0000

INFO:        640          6.4000    1209624.4029     760708.1218     448916.2811          9.5303     152862.9176      -3713.6701          0.0000          0.0000     611558.8743        301.2072 1352000000.0000

INFO:        660          6.6000    1207899.6947     759781.5015     448118.1932          9.5439     153027.9584      -3464.7524          0.0000          0.0000     610218.2955        300.6717 1352000000.0000

INFO:        680          6.8000    1206689.6883     758679.0925     448010.5959          9.5507     153271.2425      -3522.2556          0.0000          0.0000     608930.1056        300.5995 1352000000.0000

INFO:        700          7.0000    1205645.9327     757727.1260     447918.8067          9.5601     153734.4611      -3637.5370          0.0000          0.0000     607630.2018        300.5379 1352000000.0000

INFO:        720          7.2000    1204965.4443     756529.0427     448436.4016          9.5562     153697.1403      -3524.3179          0.0000          0.0000     606356.2202        300.8852 1352000000.0000

INFO:        740          7.4000    1203417.3877     754915.9519     448501.4358          9.5453     153217.9348      -3417.6821          0.0000          0.0000     605115.6992        300.9289 1352000000.0000

INFO:        760          7.6000    1201291.7187     753783.5151     447508.2036          9.5505     153249.5264      -3389.3301          0.0000          0.0000     603923.3187        300.2624 1352000000.0000

INFO:        780          7.8000    1200342.3686     752514.3787     447827.9898          9.5434     153080.7993      -3310.1741          0.0000          0.0000     602743.7536        300.4770 1352000000.0000

INFO:        800          8.0000    1199449.9260     751387.3119     448062.6141          9.5408     153131.3222      -3322.9954          0.0000          0.0000     601578.9851        300.6344 1352000000.0000

INFO:        820          8.2000    1198351.0584     750219.7170     448131.3414          9.5456     153112.8556      -3335.3164          0.0000          0.0000     600442.1778        300.6805 1352000000.0000

INFO:        840          8.4000    1197208.0865     749429.1226     447778.9639          9.5419     153111.8341      -3019.9405          0.0000          0.0000     599337.2289        300.4441 1352000000.0000

INFO:        860          8.6000    1195819.5093     748522.7045     447296.8048          9.5463     153276.1018      -2993.0083          0.0000          0.0000     598239.6110        300.1206 1352000000.0000

INFO:        880          8.8000    1194795.2574     747447.1203     447348.1370          9.5472     153314.3446      -3028.7744          0.0000          0.0000     597161.5501        300.1550 1352000000.0000

INFO:        900          9.0000    1194348.4832     746643.0512     447705.4320          9.5645     153544.8939      -3001.9164          0.0000          0.0000     596100.0737        300.3948 1352000000.0000

INFO:        920          9.2000    1193768.7391     745286.0133     448482.7257          9.5539     153261.0157      -3045.7305          0.0000          0.0000     595070.7281        300.9163 1352000000.0000

INFO:        940          9.4000    1192260.4627     744494.7371     447765.7256          9.5447     153353.7310      -2939.2503          0.0000          0.0000     594080.2564        300.4352 1352000000.0000

INFO:        960          9.6000    1191266.5465     743560.5262     447706.0203          9.5459     153391.5496      -2943.9937          0.0000          0.0000     593112.9703        300.3952 1352000000.0000

INFO:        980          9.8000    1189569.0167     742660.1901     446908.8266          9.5468     153308.3238      -2811.4266          0.0000          0.0000     592163.2928        299.8603 1352000000.0000

INFO:       1000         10.0000    1188148.0497     741342.7468     446805.3029          9.5469     153074.9468      -2931.5749          0.0000          0.0000     591199.3749        299.7908 1352000000.0000

INFO:       1020         10.2000    1187174.2077     740541.8977     446632.3100          9.5422     153193.9981      -2896.0711          0.0000          0.0000     590243.9707        299.6747 1352000000.0000

INFO:       1040         10.4000    1186354.5534     739496.5410     446858.0124          9.5475     153139.2148      -2966.0044          0.0000          0.0000     589323.3306        299.8262 1352000000.0000

INFO:       1060         10.6000    1185546.1308     738354.6735     447191.4573          9.5388     152880.3288      -2959.0757          0.0000          0.0000     588433.4204        300.0499 1352000000.0000

INFO:       1080         10.8000    1185233.2607     737703.7431     447529.5176          9.5481     152997.7340      -2862.3046          0.0000          0.0000     587568.3137        300.2767 1352000000.0000

INFO:       1100         11.0000    1184286.6269     737590.7299     446695.8971          9.5566     153532.3039      -2662.5035          0.0000          0.0000     586720.9294        299.7174 1352000000.0000

INFO:       1120         11.2000    1183446.6736     736857.0767     446589.5969          9.5520     153457.4991      -2496.2380          0.0000          0.0000     585895.8156        299.6461 1352000000.0000

INFO:       1140         11.4000    1182965.7043     736419.3919     446546.3124          9.5542     153831.6961      -2510.3159          0.0000          0.0000     585098.0117        299.6170 1352000000.0000

INFO:       1160         11.6000    1182489.3817     735166.2687     447323.1130          9.5440     153297.1285      -2457.3307          0.0000          0.0000     584326.4708        300.1382 1352000000.0000

INFO:       1180         11.8000    1181728.7710     734351.8605     447376.9105          9.5410     153183.4696      -2406.1376          0.0000          0.0000     583574.5286        300.1743 1352000000.0000

INFO:       1200         12.0000    1180549.3927     733517.9277     447031.4650          9.5400     153190.8696      -2487.4781          0.0000          0.0000     582814.5362        299.9426 1352000000.0000

INFO:       1220         12.2000    1180082.1535     732811.1079     447271.0456          9.5371     153130.2242      -2391.5572          0.0000          0.0000     582072.4409        300.1033 1352000000.0000

INFO:       1240         12.4000    1179438.1499     731928.8578     447509.2921          9.5349     153122.0224      -2490.6861          0.0000          0.0000     581297.5215        300.2632 1352000000.0000

INFO:       1260         12.6000    1178453.3764     731387.1958     447066.1806          9.5453     153423.2450      -2593.6962          0.0000          0.0000     580557.6470        299.9658 1352000000.0000

INFO:       1280         12.8000    1177507.9679     730262.4688     447245.4991          9.5437     152996.3894      -2568.0364          0.0000          0.0000     579834.1158        300.0862 1352000000.0000

INFO:       1300         13.0000    1177102.0920     729934.6108     447167.4812          9.5451     153188.6402      -2394.2897          0.0000          0.0000     579140.2603        300.0338 1352000000.0000

INFO:       1320         13.2000    1175982.9491     728993.3864     446989.5627          9.5391     152981.1420      -2441.8782          0.0000          0.0000     578454.1225        299.9144 1352000000.0000

INFO:       1340         13.4000    1175816.9307     728697.6677     447119.2630          9.5490     153428.6238      -2494.4519          0.0000          0.0000     577763.4958        300.0015 1352000000.0000

INFO:       1360         13.6000    1174654.7217     727774.7639     446879.9578          9.5419     153069.2216      -2396.8142          0.0000          0.0000     577102.3565        299.8409 1352000000.0000

INFO:       1380         13.8000    1173747.2851     727143.7991     446603.4860          9.5397     152997.7095      -2295.8033          0.0000          0.0000     576441.8929        299.6554 1352000000.0000

INFO:       1400         14.0000    1173540.3497     726997.4798     446542.8699          9.5472     153498.2841      -2283.8905          0.0000          0.0000     575783.0862        299.6147 1352000000.0000

INFO:       1420         14.2000    1173159.6668     726539.2215     446620.4452          9.5569     153459.5779      -2054.2202          0.0000          0.0000     575133.8639        299.6668 1352000000.0000

INFO:       1440         14.4000    1172721.2816     725705.7449     447015.5367          9.5477     153255.3495      -2014.2562          0.0000          0.0000     574464.6517        299.9319 1352000000.0000

INFO:       1460         14.6000    1172182.0959     724969.2767     447212.8192          9.5554     153400.4429      -2251.6142          0.0000          0.0000     573820.4480        300.0642 1352000000.0000

INFO:       1480         14.8000    1171414.5591     724103.9562     447310.6029          9.5520     153252.1906      -2312.8298          0.0000          0.0000     573164.5954        300.1298 1352000000.0000

INFO:       1500         15.0000    1169945.2457     723437.7528     446507.4929          9.5396     153046.1649      -2169.8481          0.0000          0.0000     572561.4361        299.5910 1352000000.0000

INFO:       1520         15.2000    1169617.5043     723093.0137     446524.4906          9.5391     153151.4864      -2034.3712          0.0000          0.0000     571975.8985        299.6024 1352000000.0000

INFO:       1540         15.4000    1169231.4949     722108.3623     447123.1325          9.5344     152830.5650      -2096.4808          0.0000          0.0000     571374.2781        300.0041 1352000000.0000

INFO:       1560         15.6000    1167654.7393     721378.2321     446276.5073          9.5310     152776.3345      -2173.7020          0.0000          0.0000     570775.5996        299.4360 1352000000.0000

INFO:       1580         15.8000    1167919.1905     721447.9310     446471.2595          9.5442     153364.5288      -2082.8715          0.0000          0.0000     570166.2737        299.5667 1352000000.0000

INFO:       1600         16.0000    1167868.8659     721051.9497     446816.9161          9.5504     153573.5042      -2090.5816          0.0000          0.0000     569569.0272        299.7986 1352000000.0000

INFO:       1620         16.2000    1167103.8241     720521.0400     446582.7841          9.5526     153613.1468      -2073.9551          0.0000          0.0000     568981.8483        299.6415 1352000000.0000

INFO:       1640         16.4000    1166393.3719     719881.4282     446511.9438          9.5481     153481.8969      -1992.4262          0.0000          0.0000     568391.9575        299.5940 1352000000.0000

INFO:       1660         16.6000    1166097.3813     719174.1215     446923.2598          9.5508     153463.5509      -2090.8078          0.0000          0.0000     567801.3783        299.8700 1352000000.0000

INFO:       1680         16.8000    1165242.6702     718720.1751     446522.4951          9.5545     153629.6253      -2120.5901          0.0000          0.0000     567211.1398        299.6011 1352000000.0000

INFO:       1700         17.0000    1164543.9828     718008.3868     446535.5960          9.5467     153513.5853      -2144.3088          0.0000          0.0000     566639.1103        299.6098 1352000000.0000

INFO:       1720         17.2000    1164011.9397     717137.3947     446874.5450          9.5349     153180.6397      -2134.1887          0.0000          0.0000     566090.9437        299.8373 1352000000.0000

INFO:       1740         17.4000    1163609.6642     716431.2205     447178.4438          9.5218     152939.3338      -2072.0598          0.0000          0.0000     565563.9465        300.0412 1352000000.0000

INFO:       1760         17.6000    1162494.0660     716348.7401     446145.3259          9.5404     153117.9883      -1813.6359          0.0000          0.0000     565044.3878        299.3480 1352000000.0000

INFO:       1780         17.8000    1161958.6412     715746.2424     446212.3988          9.5480     153095.1762      -1872.3949          0.0000          0.0000     564523.4610        299.3930 1352000000.0000

INFO:       1800         18.0000    1161208.8244     715079.8931     446128.9313          9.5396     153038.8727      -1955.5466          0.0000          0.0000     563996.5670        299.3370 1352000000.0000

INFO:       1820         18.2000    1161084.3347     714779.9271     446304.4076          9.5382     153309.4165      -2021.1764          0.0000          0.0000     563491.6870        299.4547 1352000000.0000

INFO:       1840         18.4000    1160168.2218     713987.6340     446180.5878          9.5380     152978.9283      -1957.9947          0.0000          0.0000     562966.7004        299.3716 1352000000.0000

INFO:       1860         18.6000    1160411.1503     713477.4141     446933.7362          9.5376     153011.3716      -1995.7534          0.0000          0.0000     562461.7960        299.8770 1352000000.0000

INFO:       1880         18.8000    1159604.9164     713050.8998     446554.0166          9.5440     153042.0961      -1981.9151          0.0000          0.0000     561990.7188        299.6222 1352000000.0000

INFO:       1900         19.0000    1158543.8293     712655.0501     445888.7792          9.5468     153049.3364      -1910.3391          0.0000          0.0000     561516.0529        299.1759 1352000000.0000

INFO:       1920         19.2000    1158310.5490     712304.5360     446006.0130          9.5477     153132.4864      -1870.5653          0.0000          0.0000     561042.6149        299.2545 1352000000.0000

INFO:       1940         19.4000    1157235.8078     711881.7268     445354.0810          9.5455     153113.8764      -1785.3532          0.0000          0.0000     560553.2036        298.8171 1352000000.0000

INFO:       1960         19.6000    1157459.5834     711865.2293     445594.3542          9.5515     153492.5417      -1686.2024          0.0000          0.0000     560058.8900        298.9783 1352000000.0000

INFO:       1980         19.8000    1156457.5768     710734.7128     445722.8641          9.5382     152981.7277      -1804.3602          0.0000          0.0000     559557.3452        299.0645 1352000000.0000

INFO:       2000         20.0000    1156630.3385     710654.1952     445976.1433          9.5491     153378.9031      -1800.5784          0.0000          0.0000     559075.8705        299.2345 1352000000.0000

 
[STEP6] Deallocate Arrays
 
Output_Time> Averaged timer profile (Min, Max)
  total time      =     143.893
    setup         =       3.920
    dynamics      =     139.973
      energy      =      87.747
      integrator  =      37.170
      migration   =       0.000
      pairlist    =      12.950 (      12.386,      15.661)
  energy           
    bond          =       0.138 (       0.128,       0.152)
    angle         =       0.017 (       0.014,       0.020)
    dihedral      =       0.016 (       0.014,       0.019)
    base stacking =       0.000 (       0.000,       0.000)
    nonbond       =      26.524 (      25.487,      28.494)
      CG exv      =       1.264 (       1.087,       1.521)
      CG DNA bp   =       0.000 (       0.000,       0.000)
      CG DNA exv  =       0.000 (       0.000,       0.000)
      CG ele      =      16.483 (      15.900,      17.531)
      CG PWMcos   =       0.000 (       0.000,       0.000)
      CG PWMcosns =       0.000 (       0.000,       0.000)
      CG IDR-HPS  =       8.767 (       8.392,       9.443)
      CG IDR-KH   =       0.000 (       0.000,       0.000)
      CG KH       =       0.000 (       0.000,       0.000)
      Contact     =       0.007 (       0.006,       0.009)
      pme real    =       0.000 (       0.000,       0.000)
      pme recip   =       0.000 (       0.000,       0.000)
    solvation     =       0.000 (       0.000,       0.000)
      polar       =       0.000 (       0.000,       0.000)
      non-polar   =       0.000 (       0.000,       0.000)
    restraint     =       0.000 (       0.000,       0.000)
    qmmm          =       0.000 (       0.000,       0.000)
    morph         =       0.000 (       0.000,       0.000)
  integrator       
    constraint    =       0.000 (       0.000,       0.000)
    update        =       0.000 (       0.000,       0.000)
    comm_coord    =       0.000 (       0.000,       0.000)
    comm_force    =       0.000 (       0.000,       0.000)
  migration       =       0.000 (       0.000,       0.000)
    comm_migrate  =       0.000 (       0.000,       0.000)
    ptl_migrate   =       0.000 (       0.000,       0.000)
    bond_migrate  =       0.000 (       0.000,       0.000)
    angl_migrate  =       0.000 (       0.000,       0.000)
    dihe_migrate  =       0.000 (       0.000,       0.000)
    contact_migr  =       0.000 (       0.000,       0.000)
    stack_migrate =       0.000 (       0.000,       0.000)
    pwmcos_migrate =       0.000 (       0.000,       0.000)
    pwmcosns_migr  =       0.000 (       0.000,       0.000)
    nonb_update    =       0.000 (       0.000,       0.000)

