****************************************************
*                                                  *
*                  GENESIS ATDYN                   *
*                                                  *
*        A Molecular Dynamics Simulator with       *
*            Atomic Decomposition Scheme           *
*                                                  *
*               Developed by RIKEN                 *
*                                                  *
****************************************************
 
[STEP0] Architecture and Compiler Information
 
GENESIS_Information> GENESIS Information
  version      = 2.0.0
  commit ID    = $GENESIS_VERSION$
  precision    = double
  nonbonding   = CPU

Build_Information> Compiler Information
  build host   = jjwsmj@hokusai2
  fortran      = ifort (IFORT) 2021.7.1 20221019
  option       = 
  -axCORE-AVX512 -g -O3  -qmkl=parallel  -assume byterecl -qopenmp  
  C            = 
 icc: remark #10441: The Intel(R) C++ Compiler Classic (ICC) is deprecated and w
 ill be removed from product release in the second half of 2023. The Intel(R) on
 eAPI DPC++/C++ Compiler (ICX) is the recommended compiler moving forward. Pleas
 e transition to use this compiler. Use '-diag-disable=10441' to disable this me
 ssage.
  option       = -O3 -ip -axCORE-AVX2  -qopenmp 
  defined var. = 
  -DHAVE_MPI_GENESIS -DOMP -DIFORT19 -DFFTE -DLAPACK -DDSFMT_MEXP=19937 -DINTEL
  link option  = 
  -assume byterecl -lgfortran -qopenmp  -lmkl_intel_lp64 -lmkl_sequential -lmkl_
 core -lmkl_lapack95_lp64   
  MPI Compiler = Intel(R) MPI

Runtime_Information> Machine and Library Information
  date       = 2023/05/12 15:27:39
  cpu model    = Intel(R) Xeon(R) Gold 6148 CPU @ 2.40GHz
  exec. host   = jjwsmj@bwmpc0209
  LD library   = 
 /bwfefs/opt/x86_64/intel/oneapi/2022.3/mpi/2021.7.1/libfabric/lib:/bwfefs/opt/x
 86_64/intel/oneapi/2022.3/mpi/2021.7.1/lib/release:/bwfefs/opt/x86_64/intel/one
 api/2022.3/mpi/2021.7.1/lib:/bwfefs/opt/x86_64/intel/oneapi/2022.3/tbb/2021.7.1
 /lib/intel64/gcc4.8:/usr/lib64:/bwfefs/opt/x86_64/intel/oneapi/2022.3/vpl/2022.
 2.5/lib:/bwfefs/opt/x86_64/intel/oneapi/2022.3/mkl/latest/lib/intel64:/bwfefs/o
 pt/x86_64/intel/oneapi/2022.3/itac/2021.7.1/slib:/bwfefs/opt/x86_64/intel/oneap
 i/2022.3/ippcp/2021.6.2/lib/intel64:/bwfefs/opt/x86_64/intel/oneapi/2022.3/ipp/
 2021.6.2/lib/intel64:/bwfefs/opt/x86_64/intel/oneapi/2022.3/dnnl/2022.2.1/cpu_d
 pcpp_gpu_dpcpp/lib:/bwfefs/opt/x86_64/intel/oneapi/2022.3/dal/2021.7.1/lib/inte
 l64:/bwfefs/opt/x86_64/intel/oneapi/2022.3/compiler/2022.2.1/linux/compiler/lib
 :/bwfefs/opt/x86_64/intel/oneapi/2022.3/compiler/2022.2.1/linux/lib/oclfpga/hos
 t/linux64/lib:/bwfefs/opt/x86_64/intel/oneapi/2022.3/compiler/2022.2.1/linux/li
 b/oclfpga/linux64/lib:/bwfefs/opt/x86_64/intel/oneapi/2022.3/compiler/2022.2.1/
 linux/lib:/bwfefs/opt/x86_64/intel/oneapi/2022.3/compiler/2022.2.1/linux/lib/x6
 4:/bwfefs/opt/x86_64/intel/oneapi/2022.3/compiler/2022.2.1/linux/lib/emu:/bwfef
 s/opt/x86_64/intel/oneapi/2022.3/compiler/2022.2.1/linux/compiler/lib/intel64_l
 in:/bwfefs/opt/x86_64/intel/oneapi/2022.3/debugger/2021.7.1/dep/lib:/bwfefs/opt
 /x86_64/intel/oneapi/2022.3/debugger/2021.7.1/libipt/intel64/lib:/bwfefs/opt/x8
 6_64/intel/oneapi/2022.3/debugger/2021.7.1/gdb/intel64/lib:/bwfefs/opt/x86_64/
 MPI Runtime = Intel(R) MPI Library 2021.7 for Linux* OS


[STEP1] Read Control Parameters
 
Read_Ctrl_Input> Input Files
  grotopfile = pro.top
  grocrdfile = crd/pos_5000.gro
 
Read_Ctrl_Output> Output Files
 
Read_Ctrl_Energy> WARNING: "water_model" is not available
Read_Ctrl_Energy> Parameters of Energy Calculations
  forcefield      =    RESIDCG
  switchdist      =     10.000  cutoffdist      =     12.000
  pairlistdist    =     13.500  dielec_const    =      1.000
  debye           =     10.000
  vdw_force_switch=         no
  electrostatic   =  CUTOFF
  implicit_solvent=       none
  table           =         no
  water_model     =       NONE
  output_style    =    GENESIS
  dispersion_corr =       none
  nonb_limiter    =      no
  user def. table =     no
  efield_x        =           0.000
  efield_y        =           0.000
  efield_z        =           0.000
  efield_normal   =              no
  efield_virial   =              no
 
Read_Ctrl_Dynamics> Parameters of MD simulation
  integrator      =    VVER_CG  nsteps          =       2000
  timestep        =     0.0100  initial_time    =     0.0000
  eneout_period   =         20  rstout_period   =          0
  crdout_period   =          0  velout_period   =          0
  nbupdate_period =         20  stoptr_period   =         10
  qmsave_period   =          0
  iseed           =         -1
  annealing       =         no
  verbose         =         no
  target_md       =         no
  steered_md      =         no
  shrink_box      =         no
  esp_mm          =         no
 
Read_Ctrl_Constraints> Parameters for Constraints
  rigid_bond      =         no
  fixatm_select_index        =       none
 
Read_Ctrl_Ensemble> Parameters for Ensemble
  ensemble        =        NVT
  temperature     =    300.000
  tpcontrol       =   LANGEVIN
  gamma_t         =      1.000
 
Read_Ctrl_Boundary> Parameters of Boundary Condition
  type            =     PBC   
  box_size(x,y,z) =   3200.000   650.000   650.000
  pairlist_grid   =      3.000
 
Read_Ctrl_Selection> Parameters of Selection
  # of groups     =          0
  # of mole names =          0
 
Read_Ctrl_Restraints> No restraint in the system

Read_Ctrl_Fitting_MD> Parameters of Fitting
  fitting method  =  TR+ROT   
  fitting atom    = group1
  mass_weight     =         no
 
[STEP2] Setup MPI
 
Setup_Mpi_Md> Summary of Setup MPI
  number of MPI processes   =        128
  number of OpenMP threads  =          5
  total number of CPU cores =        640

[STEP3] Set Relevant Variables and Structures
 
Read_Grotop> Summary of Grotopfile
  num_moltypes    =          1
    pos100_cg             :
      num_atoms   =        100
      num_bonds   =         99
      num_angls   =          0
      num_dihes   =          0
      num_cmaps   =          0
      num_excls   =          0
      num_constrs =          0
      num_pairs   =          0
      num_vsites2 =          0
      num_vsites3 =          0
      num_vsites4 =          0
      num_vsitesn =          0
      num_posress =          0
      num_PWMcos  =          0
      num_PWMcosns=          0
      num_IDR_HPS =          1
      num_IDR_KH  =          0
    .. not used molecule types were hidden.

  num_molecules   =       5000
    pos100_cg             :  5000

  num_atomtypes   =         33  num_bondtypes   =          0
  num_angltypes   =          0  num_dihetypes   =          0
  num_flangltypes           20
  num_fldihetypes          400
  num_constrtypes =          0  num_cmaptypes   =          0
  num_nbonparms   =          0
  num_basestacktypes  =     16
  num_basepairtypes   =      4
  num_basecrosstypes  =     32
  num_cgdnaexvtypes   =      6
  num_cgelemolpairs   =      1
  num_cg_IDR_HPS_atomtypes  =     20
  num_cg_KH_atomtypes  =    20

  num_cg_pair_MJ_eps   =   400

Define_Molecule> Summary of molecules
  num_atoms       =     500000  num_bonds       =     495000
  num_angles      =          0  num_dihedrals   =          0
  num_impropers   =          0  num_cmap_terms  =          0
  num_residues    =     500000  num_molecules   =       5000
  num_segments    =          1  num_deg_freedom =    1500000
  total_charge    = 500000.000
 
Update_Num_Deg_Freedom> Number of degrees of freedom was updated
  num_deg_freedom =    1499997 (After removing translation)
 
Setup_Boundary> Setup Variables for Boundary Condition
  box_size(x,y,z) =   3200.000   650.000   650.000
  origin(x,y,z)   =      0.000     0.000     0.000
 
Random_Init> Initialize the random number
  seed            = 160385

Define_Enefunc_Gromacs> Number of Interactions in Each Term
  bond_ene        =     495000  angle_ene       =          0
  torsion_ene     =          0  rb_torsion_ene  =          0
  improper_ene    =          0
  nb_exclusions   =     495000  nb14_calc       =          0
  vsite2_ene      =          0  vsite3_ene      =          0
  vsite3fd_ene    =          0  vsite3fad_ene   =          0
  vsite3out_ene   =          0  vsite4fdn_ene   =          0
  vsiten_ene      =          0
 restraint_groups =          0 restraint_funcs  =          0
 
Get_Morph_in> Morphing check
  morphing_bb     =          0  morphing_sc     =          0
 
Setup_Fitting_Atdyn> NO fitting is applied, skip
  fitting method  =  NO
 
[STEP4] Compute Single Point Energy for Molecules
 
            STEP          ENERGY            BOND  NATIVE_CONTACT NON-NATIVE_CONT           ELECT         IDR_HPS          CG_EXV
 --------------- --------------- --------------- --------------- ---------------
               0     853902.2916     170690.3546          0.0000          0.0000     681472.3800       1739.5570          0.0000

[STEP5] Perform Molecular Dynamics Simulation
 
Generate_Velocity> Generate initial velocities
  iseed           =     160385
  temperature     =    300.000
 
Random_Init_Velocity> Initialize the random number
  seed            = 160385

INFO:       STEP            TIME       TOTAL_ENE   POTENTIAL_ENE     KINETIC_ENE            RMSG            BOND         IDR_HPS  NATIVE_CONTACT          CG_EXV           ELECT     TEMPERATURE          VOLUME
 --------------- --------------- --------------- --------------- ---------------
INFO:          0          0.0000    1300820.6944     853902.2916     446918.4028         10.1780     170690.3546       1739.5570          0.0000          0.0000     681472.3800        299.8667 1352000000.0000

Random_Init> Initialize the random number
  seed            = 1861518383

INFO:         20          0.2000    1296086.0854     842697.9878     453388.0976          9.8759     161330.2940        644.3104          0.0000          0.0000     680723.3834        304.2076 1352000000.0000

INFO:         40          0.4000    1291267.6046     836988.4111     454279.1936          9.7791     159106.7852      -1010.3747          0.0000          0.0000     678892.0006        304.8055 1352000000.0000

INFO:         60          0.6000    1286934.0838     832149.2763     454784.8075          9.7423     158218.3125      -2472.5167          0.0000          0.0000     676403.4805        305.1448 1352000000.0000

INFO:         80          0.8000    1282625.0949     826917.1929     455707.9020          9.6993     157067.8217      -3675.3058          0.0000          0.0000     673524.6770        305.7641 1352000000.0000

INFO:        100          1.0000    1278815.5820     822537.8055     456277.7765          9.6651     156384.5398      -4311.3369          0.0000          0.0000     670464.6026        306.1465 1352000000.0000

INFO:        120          1.2000    1275059.5210     818729.9056     456329.6154          9.6443     155801.1746      -4453.4527          0.0000          0.0000     667382.1836        306.1813 1352000000.0000

INFO:        140          1.4000    1270406.4917     814503.0997     455903.3921          9.6230     155073.4828      -4845.1330          0.0000          0.0000     664274.7498        305.8953 1352000000.0000

INFO:        160          1.6000    1265969.7206     810975.3799     454994.3407          9.6079     154829.6416      -5065.5463          0.0000          0.0000     661211.2846        305.2854 1352000000.0000

INFO:        180          1.8000    1261403.6330     807315.0793     454088.5537          9.5886     154086.5388      -5041.3171          0.0000          0.0000     658269.8576        304.6776 1352000000.0000

INFO:        200          2.0000    1257346.9151     804142.2479     453204.6671          9.5790     153942.4171      -5223.4941          0.0000          0.0000     655423.3250        304.0846 1352000000.0000

INFO:        220          2.2000    1254318.2195     801140.0783     453178.1412          9.5739     153781.4322      -5300.4117          0.0000          0.0000     652659.0579        304.0668 1352000000.0000

INFO:        240          2.4000    1251255.0438     798570.5960     452684.4478          9.5744     153877.1148      -5305.4105          0.0000          0.0000     649998.8917        303.7355 1352000000.0000

INFO:        260          2.6000    1247575.8574     796077.3256     451498.5317          9.5691     153762.7838      -5125.6832          0.0000          0.0000     647440.2250        302.9398 1352000000.0000

INFO:        280          2.8000    1245100.6308     793620.0026     451480.6282          9.5643     153543.5325      -4898.0153          0.0000          0.0000     644974.4854        302.9278 1352000000.0000

INFO:        300          3.0000    1242442.1268     791704.1768     450737.9501          9.5754     154021.9862      -4882.9670          0.0000          0.0000     642565.1575        302.4295 1352000000.0000

INFO:        320          3.2000    1239612.9907     788645.4565     450967.5342          9.5495     153199.9605      -4803.1102          0.0000          0.0000     640248.6063        302.5835 1352000000.0000

INFO:        340          3.4000    1237018.0188     786687.2535     450330.7654          9.5463     153339.8239      -4690.8140          0.0000          0.0000     638038.2436        302.1563 1352000000.0000

INFO:        360          3.6000    1235100.7769     784720.8568     450379.9201          9.5497     153374.8938      -4548.9119          0.0000          0.0000     635894.8749        302.1893 1352000000.0000

INFO:        380          3.8000    1233246.8669     782933.2420     450313.6248          9.5663     153710.2533      -4590.1441          0.0000          0.0000     633813.1328        302.1448 1352000000.0000

INFO:        400          4.0000    1231068.6596     780889.8751     450178.7845          9.5620     153711.9765      -4599.9286          0.0000          0.0000     631777.8272        302.0543 1352000000.0000

INFO:        420          4.2000    1228926.1457     778873.0941     450053.0517          9.5599     153543.9707      -4503.7125          0.0000          0.0000     629832.8358        301.9699 1352000000.0000

INFO:        440          4.4000    1226667.8033     776966.8864     449700.9169          9.5628     153551.1889      -4516.1254          0.0000          0.0000     627931.8229        301.7337 1352000000.0000

INFO:        460          4.6000    1225026.3894     775199.9524     449826.4370          9.5630     153547.0792      -4460.4458          0.0000          0.0000     626113.3190        301.8179 1352000000.0000

INFO:        480          4.8000    1223318.7828     773755.9510     449562.8319          9.5727     153838.2613      -4437.1392          0.0000          0.0000     624354.8289        301.6410 1352000000.0000

INFO:        500          5.0000    1220997.1963     771779.5553     449217.6410          9.5593     153328.0717      -4233.0188          0.0000          0.0000     622684.5023        301.4094 1352000000.0000

INFO:        520          5.2000    1219389.7667     770546.2290     448843.5377          9.5686     153427.8970      -3941.4742          0.0000          0.0000     621059.8061        301.1584 1352000000.0000

INFO:        540          5.4000    1218131.1189     769432.7967     448698.3221          9.5760     153745.2898      -3788.1812          0.0000          0.0000     619475.6881        301.0610 1352000000.0000

INFO:        560          5.6000    1216408.7725     767796.2663     448612.5062          9.5671     153577.3583      -3711.0442          0.0000          0.0000     617929.9522        301.0034 1352000000.0000

INFO:        580          5.8000    1214721.3197     765997.5695     448723.7502          9.5548     153469.2682      -3866.7109          0.0000          0.0000     616395.0123        301.0780 1352000000.0000

INFO:        600          6.0000    1213218.3410     764321.0008     448897.3402          9.5578     153388.9147      -3984.7830          0.0000          0.0000     614916.8691        301.1945 1352000000.0000

INFO:        620          6.2000    1211318.2332     762840.7654     448477.4678          9.5460     153208.3978      -3833.6957          0.0000          0.0000     613466.0633        300.9128 1352000000.0000

INFO:        640          6.4000    1209429.2800     761741.2097     447688.0703          9.5530     153263.9059      -3595.4682          0.0000          0.0000     612072.7721        300.3831 1352000000.0000

INFO:        660          6.6000    1208970.9802     760656.9671     448314.0131          9.5536     153409.1885      -3465.5067          0.0000          0.0000     610713.2853        300.8031 1352000000.0000

INFO:        680          6.8000    1207356.6927     759175.6350     448181.0577          9.5501     153302.0880      -3516.8785          0.0000          0.0000     609390.4256        300.7139 1352000000.0000

INFO:        700          7.0000    1206005.3356     757740.5558     448264.7798          9.5451     153140.1576      -3493.0307          0.0000          0.0000     608093.4289        300.7701 1352000000.0000

INFO:        720          7.2000    1204831.2141     757001.8477     447829.3665          9.5533     153551.7695      -3382.4930          0.0000          0.0000     606832.5712        300.4779 1352000000.0000

INFO:        740          7.4000    1203415.9352     755369.8485     448046.0867          9.5430     153081.6483      -3313.8384          0.0000          0.0000     605602.0386        300.6233 1352000000.0000

INFO:        760          7.6000    1202222.4395     753981.3253     448241.1142          9.5370     152926.3645      -3332.4476          0.0000          0.0000     604387.4085        300.7542 1352000000.0000

INFO:        780          7.8000    1200786.0273     753133.7196     447652.3077          9.5412     153149.5605      -3206.6594          0.0000          0.0000     603190.8185        300.3591 1352000000.0000

INFO:        800          8.0000    1200077.4924     752110.5724     447966.9201          9.5464     153108.4159      -3032.2798          0.0000          0.0000     602034.4363        300.5702 1352000000.0000

INFO:        820          8.2000    1199225.2774     750976.0793     448249.1981          9.5455     153091.7540      -3012.4975          0.0000          0.0000     600896.8228        300.7596 1352000000.0000

INFO:        840          8.4000    1198042.5638     749980.1959     448062.3679          9.5453     153322.8589      -3080.3327          0.0000          0.0000     599737.6698        300.6343 1352000000.0000

INFO:        860          8.6000    1195802.9657     747879.6871     447923.2785          9.5196     152381.3542      -3115.1579          0.0000          0.0000     598613.4908        300.5409 1352000000.0000

INFO:        880          8.8000    1194792.6265     747262.0521     447530.5743          9.5351     152942.7947      -3189.3811          0.0000          0.0000     597508.6385        300.2774 1352000000.0000

INFO:        900          9.0000    1193290.8118     745900.9415     447389.8702          9.5237     152534.2156      -3057.1999          0.0000          0.0000     596423.9259        300.1830 1352000000.0000

INFO:        920          9.2000    1191813.0523     745380.9196     446432.1327          9.5366     153053.5957      -3056.1440          0.0000          0.0000     595383.4679        299.5404 1352000000.0000

INFO:        940          9.4000    1190520.6034     744408.3004     446112.3030          9.5388     152937.5423      -2910.5843          0.0000          0.0000     594381.3425        299.3258 1352000000.0000

INFO:        960          9.6000    1190228.5521     743349.2330     446879.3191          9.5399     152829.8440      -2876.9767          0.0000          0.0000     593396.3657        299.8405 1352000000.0000

INFO:        980          9.8000    1190007.0877     742849.9319     447157.1558          9.5409     153110.7859      -2686.8008          0.0000          0.0000     592425.9469        300.0269 1352000000.0000

INFO:       1000         10.0000    1189092.5417     741889.2995     447203.2421          9.5487     153145.8053      -2740.1578          0.0000          0.0000     591483.6520        300.0578 1352000000.0000

INFO:       1020         10.2000    1187954.8001     740965.8096     446988.9905          9.5488     153186.8080      -2784.5278          0.0000          0.0000     590563.5294        299.9141 1352000000.0000

INFO:       1040         10.4000    1186708.2026     739946.1370     446762.0656          9.5412     152927.2666      -2656.3175          0.0000          0.0000     589675.1879        299.7618 1352000000.0000

INFO:       1060         10.6000    1185293.5992     738483.3836     446810.2156          9.5181     152355.8108      -2630.1765          0.0000          0.0000     588757.7493        299.7941 1352000000.0000

INFO:       1080         10.8000    1184398.6100     738148.5202     446250.0899          9.5399     153005.8527      -2717.8958          0.0000          0.0000     587860.5633        299.4183 1352000000.0000

INFO:       1100         11.0000    1183813.2187     737186.4221     446626.7966          9.5362     152926.7281      -2723.7171          0.0000          0.0000     586983.4110        299.6710 1352000000.0000

INFO:       1120         11.2000    1183450.5047     736834.8563     446615.6484          9.5522     153405.0454      -2701.5204          0.0000          0.0000     586131.3313        299.6636 1352000000.0000

INFO:       1140         11.4000    1183174.8217     735526.5200     447648.3017          9.5435     152856.0515      -2647.2148          0.0000          0.0000     585317.6833        300.3564 1352000000.0000

INFO:       1160         11.6000    1182116.8282     735431.6455     446685.1826          9.5526     153366.9569      -2451.7230          0.0000          0.0000     584516.4116        299.7102 1352000000.0000

INFO:       1180         11.8000    1181438.5895     734764.0397     446674.5499          9.5476     153382.5947      -2343.9554          0.0000          0.0000     583725.4004        299.7031 1352000000.0000

INFO:       1200         12.0000    1180862.2932     733925.8982     446936.3950          9.5506     153337.0064      -2354.4900          0.0000          0.0000     582943.3818        299.8788 1352000000.0000

INFO:       1220         12.2000    1179914.7024     733097.0405     446817.6619          9.5491     153282.5008      -2352.0148          0.0000          0.0000     582166.5545        299.7991 1352000000.0000

INFO:       1240         12.4000    1179308.8183     732549.8566     446758.9617          9.5518     153478.7006      -2335.2164          0.0000          0.0000     581406.3723        299.7597 1352000000.0000

INFO:       1260         12.6000    1178105.6896     730989.9969     447115.6926          9.5373     152731.7106      -2418.4575          0.0000          0.0000     580676.7439        299.9991 1352000000.0000

INFO:       1280         12.8000    1177350.9039     731144.4027     446206.5012          9.5496     153422.1660      -2209.0914          0.0000          0.0000     579931.3280        299.3890 1352000000.0000

INFO:       1300         13.0000    1176112.2868     729933.5185     446178.7683          9.5301     152983.7850      -2230.0340          0.0000          0.0000     579179.7676        299.3704 1352000000.0000

INFO:       1320         13.2000    1175742.3793     729507.8956     446234.4837          9.5445     153299.6885      -2229.8545          0.0000          0.0000     578438.0615        299.4078 1352000000.0000

INFO:       1340         13.4000    1175335.1079     728573.3634     446761.7445          9.5350     153071.9992      -2213.7510          0.0000          0.0000     577715.1152        299.7616 1352000000.0000

INFO:       1360         13.6000    1174505.5118     727683.6302     446821.8816          9.5337     152873.0142      -2210.6736          0.0000          0.0000     577021.2896        299.8019 1352000000.0000

INFO:       1380         13.8000    1174108.9472     727774.3830     446334.5642          9.5525     153498.1902      -2071.5304          0.0000          0.0000     576347.7232        299.4750 1352000000.0000

INFO:       1400         14.0000    1173416.8927     726811.6711     446605.2215          9.5417     153317.0299      -2180.6176          0.0000          0.0000     575675.2588        299.6566 1352000000.0000

INFO:       1420         14.2000    1172799.4677     725735.1187     447064.3490          9.5335     153053.8273      -2323.4473          0.0000          0.0000     575004.7387        299.9646 1352000000.0000

INFO:       1440         14.4000    1171603.3649     724870.8981     446732.4668          9.5251     152779.9227      -2282.4394          0.0000          0.0000     574373.4148        299.7419 1352000000.0000

INFO:       1460         14.6000    1171265.5011     725173.0424     446092.4587          9.5558     153634.6861      -2197.5820          0.0000          0.0000     573735.9383        299.3125 1352000000.0000

INFO:       1480         14.8000    1170811.6228     724251.4415     446560.1814          9.5513     153332.3183      -2202.6680          0.0000          0.0000     573121.7912        299.6263 1352000000.0000

INFO:       1500         15.0000    1169613.5819     723429.0451     446184.5368          9.5456     153168.2885      -2231.8394          0.0000          0.0000     572492.5961        299.3743 1352000000.0000

INFO:       1520         15.2000    1169473.3328     723239.7136     446233.6192          9.5527     153618.5668      -2247.8303          0.0000          0.0000     571868.9771        299.4072 1352000000.0000

INFO:       1540         15.4000    1169461.4592     722669.2599     446792.1993          9.5551     153521.7357      -2130.2139          0.0000          0.0000     571277.7381        299.7820 1352000000.0000

INFO:       1560         15.6000    1169256.8965     722392.0395     446864.8570          9.5587     153834.6967      -2105.6049          0.0000          0.0000     570662.9478        299.8308 1352000000.0000

INFO:       1580         15.8000    1168838.7796     721781.6209     447057.1587          9.5647     153743.5028      -2050.1045          0.0000          0.0000     570088.2225        299.9598 1352000000.0000

INFO:       1600         16.0000    1167620.9217     721345.8471     446275.0747          9.5632     153789.4259      -1971.8523          0.0000          0.0000     569528.2735        299.4350 1352000000.0000

INFO:       1620         16.2000    1167442.3930     720176.3976     447265.9954          9.5492     153215.4415      -2020.3935          0.0000          0.0000     568981.3497        300.0999 1352000000.0000

INFO:       1640         16.4000    1166713.6003     719648.4127     447065.1875          9.5472     153274.2071      -2059.3262          0.0000          0.0000     568433.5319        299.9652 1352000000.0000

INFO:       1660         16.6000    1166491.4745     719510.2785     446981.1961          9.5535     153579.3046      -1955.9980          0.0000          0.0000     567886.9719        299.9088 1352000000.0000

INFO:       1680         16.8000    1166020.6415     719047.7081     446972.9335          9.5626     153549.0981      -1861.0358          0.0000          0.0000     567359.6458        299.9033 1352000000.0000

INFO:       1700         17.0000    1164568.1838     718941.8623     445626.3216          9.5670     153909.6278      -1820.6216          0.0000          0.0000     566852.8560        298.9998 1352000000.0000

INFO:       1720         17.2000    1163809.7862     717813.7140     445996.0722          9.5563     153103.0781      -1644.2782          0.0000          0.0000     566354.9141        299.2478 1352000000.0000

INFO:       1740         17.4000    1163407.4379     717428.1585     445979.2794          9.5501     153274.0397      -1664.0130          0.0000          0.0000     565818.1318        299.2366 1352000000.0000

INFO:       1760         17.6000    1163107.8862     716819.7519     446288.1343          9.5510     153501.8266      -1947.7843          0.0000          0.0000     565265.7095        299.4438 1352000000.0000

INFO:       1780         17.8000    1162966.3238     715952.1613     447014.1625          9.5445     153180.3199      -1960.6427          0.0000          0.0000     564732.4842        299.9309 1352000000.0000

INFO:       1800         18.0000    1161914.1817     715778.5801     446135.6016          9.5512     153358.7448      -1775.4891          0.0000          0.0000     564195.3244        299.3415 1352000000.0000

INFO:       1820         18.2000    1161702.3283     715123.7522     446578.5761          9.5522     153313.8999      -1846.7542          0.0000          0.0000     563656.6064        299.6387 1352000000.0000

INFO:       1840         18.4000    1160721.8414     714234.3594     446487.4820          9.5409     153037.1645      -1919.4198          0.0000          0.0000     563116.6146        299.5776 1352000000.0000

INFO:       1860         18.6000    1160203.7467     713151.6701     447052.0767          9.5182     152320.3116      -1773.5782          0.0000          0.0000     562604.9367        299.9564 1352000000.0000

INFO:       1880         18.8000    1159800.0967     713641.6159     446158.4808          9.5445     153238.8117      -1690.3858          0.0000          0.0000     562093.1900        299.3568 1352000000.0000

INFO:       1900         19.0000    1159393.7899     712982.7315     446411.0584          9.5460     153280.0609      -1886.2182          0.0000          0.0000     561588.8888        299.5263 1352000000.0000

INFO:       1920         19.2000    1159077.6801     712283.3795     446794.3007          9.5399     153031.4041      -1834.4059          0.0000          0.0000     561086.3812        299.7834 1352000000.0000

INFO:       1940         19.4000    1158544.1169     712162.4830     446381.6339          9.5479     153273.6184      -1704.9325          0.0000          0.0000     560593.7971        299.5065 1352000000.0000

INFO:       1960         19.6000    1157204.5862     711420.2142     445784.3720          9.5368     152958.9102      -1658.7418          0.0000          0.0000     560120.0458        299.1058 1352000000.0000

INFO:       1980         19.8000    1156820.3662     711172.0457     445648.3205          9.5579     153314.5761      -1790.7315          0.0000          0.0000     559648.2011        299.0145 1352000000.0000

INFO:       2000         20.0000    1156284.5108     710383.1828     445901.3280          9.5507     153071.2307      -1871.9408          0.0000          0.0000     559183.8929        299.1843 1352000000.0000

 
[STEP6] Deallocate Arrays
 
Output_Time> Averaged timer profile (Min, Max)
  total time      =     144.283
    setup         =       3.808
    dynamics      =     140.475
      energy      =      88.089
      integrator  =      37.285
      migration   =       0.000
      pairlist    =      13.011 (      12.371,      15.654)
  energy           
    bond          =       0.137 (       0.127,       0.151)
    angle         =       0.016 (       0.015,       0.020)
    dihedral      =       0.016 (       0.013,       0.019)
    base stacking =       0.000 (       0.000,       0.000)
    nonbond       =      26.427 (      25.368,      27.776)
      CG exv      =       1.250 (       1.073,       1.516)
      CG DNA bp   =       0.000 (       0.000,       0.000)
      CG DNA exv  =       0.000 (       0.000,       0.000)
      CG ele      =      16.435 (      15.832,      17.237)
      CG PWMcos   =       0.000 (       0.000,       0.000)
      CG PWMcosns =       0.000 (       0.000,       0.000)
      CG IDR-HPS  =       8.733 (       8.420,       9.044)
      CG IDR-KH   =       0.000 (       0.000,       0.000)
      CG KH       =       0.000 (       0.000,       0.000)
      Contact     =       0.007 (       0.006,       0.008)
      pme real    =       0.000 (       0.000,       0.000)
      pme recip   =       0.000 (       0.000,       0.000)
    solvation     =       0.000 (       0.000,       0.000)
      polar       =       0.000 (       0.000,       0.000)
      non-polar   =       0.000 (       0.000,       0.000)
    restraint     =       0.000 (       0.000,       0.000)
    qmmm          =       0.000 (       0.000,       0.000)
    morph         =       0.000 (       0.000,       0.000)
  integrator       
    constraint    =       0.000 (       0.000,       0.000)
    update        =       0.000 (       0.000,       0.000)
    comm_coord    =       0.000 (       0.000,       0.000)
    comm_force    =       0.000 (       0.000,       0.000)
  migration       =       0.000 (       0.000,       0.000)
    comm_migrate  =       0.000 (       0.000,       0.000)
    ptl_migrate   =       0.000 (       0.000,       0.000)
    bond_migrate  =       0.000 (       0.000,       0.000)
    angl_migrate  =       0.000 (       0.000,       0.000)
    dihe_migrate  =       0.000 (       0.000,       0.000)
    contact_migr  =       0.000 (       0.000,       0.000)
    stack_migrate =       0.000 (       0.000,       0.000)
    pwmcos_migrate =       0.000 (       0.000,       0.000)
    pwmcosns_migr  =       0.000 (       0.000,       0.000)
    nonb_update    =       0.000 (       0.000,       0.000)

