****************************************************
*                                                  *
*                  GENESIS ATDYN                   *
*                                                  *
*        A Molecular Dynamics Simulator with       *
*            Atomic Decomposition Scheme           *
*                                                  *
*               Developed by RIKEN                 *
*                                                  *
****************************************************
 
[STEP0] Architecture and Compiler Information
 
GENESIS_Information> GENESIS Information
  version      = 2.0.0
  commit ID    = $GENESIS_VERSION$
  precision    = double
  nonbonding   = CPU

Build_Information> Compiler Information
  build host   = jjwsmj@hokusai2
  fortran      = ifort (IFORT) 2021.7.1 20221019
  option       = 
  -axCORE-AVX512 -g -O3  -qmkl=parallel  -assume byterecl -qopenmp  
  C            = 
 icc: remark #10441: The Intel(R) C++ Compiler Classic (ICC) is deprecated and w
 ill be removed from product release in the second half of 2023. The Intel(R) on
 eAPI DPC++/C++ Compiler (ICX) is the recommended compiler moving forward. Pleas
 e transition to use this compiler. Use '-diag-disable=10441' to disable this me
 ssage.
  option       = -O3 -ip -axCORE-AVX2  -qopenmp 
  defined var. = 
  -DHAVE_MPI_GENESIS -DOMP -DIFORT19 -DFFTE -DLAPACK -DDSFMT_MEXP=19937 -DINTEL
  link option  = 
  -assume byterecl -lgfortran -qopenmp  -lmkl_intel_lp64 -lmkl_sequential -lmkl_
 core -lmkl_lapack95_lp64   
  MPI Compiler = Intel(R) MPI

Runtime_Information> Machine and Library Information
  date       = 2023/05/12 15:27:35
  cpu model    = Intel(R) Xeon(R) Gold 6148 CPU @ 2.40GHz
  exec. host   = jjwsmj@bwmpc0058
  LD library   = 
 /bwfefs/opt/x86_64/intel/oneapi/2022.3/mpi/2021.7.1/libfabric/lib:/bwfefs/opt/x
 86_64/intel/oneapi/2022.3/mpi/2021.7.1/lib/release:/bwfefs/opt/x86_64/intel/one
 api/2022.3/mpi/2021.7.1/lib:/bwfefs/opt/x86_64/intel/oneapi/2022.3/tbb/2021.7.1
 /lib/intel64/gcc4.8:/usr/lib64:/bwfefs/opt/x86_64/intel/oneapi/2022.3/vpl/2022.
 2.5/lib:/bwfefs/opt/x86_64/intel/oneapi/2022.3/mkl/latest/lib/intel64:/bwfefs/o
 pt/x86_64/intel/oneapi/2022.3/itac/2021.7.1/slib:/bwfefs/opt/x86_64/intel/oneap
 i/2022.3/ippcp/2021.6.2/lib/intel64:/bwfefs/opt/x86_64/intel/oneapi/2022.3/ipp/
 2021.6.2/lib/intel64:/bwfefs/opt/x86_64/intel/oneapi/2022.3/dnnl/2022.2.1/cpu_d
 pcpp_gpu_dpcpp/lib:/bwfefs/opt/x86_64/intel/oneapi/2022.3/dal/2021.7.1/lib/inte
 l64:/bwfefs/opt/x86_64/intel/oneapi/2022.3/compiler/2022.2.1/linux/compiler/lib
 :/bwfefs/opt/x86_64/intel/oneapi/2022.3/compiler/2022.2.1/linux/lib/oclfpga/hos
 t/linux64/lib:/bwfefs/opt/x86_64/intel/oneapi/2022.3/compiler/2022.2.1/linux/li
 b/oclfpga/linux64/lib:/bwfefs/opt/x86_64/intel/oneapi/2022.3/compiler/2022.2.1/
 linux/lib:/bwfefs/opt/x86_64/intel/oneapi/2022.3/compiler/2022.2.1/linux/lib/x6
 4:/bwfefs/opt/x86_64/intel/oneapi/2022.3/compiler/2022.2.1/linux/lib/emu:/bwfef
 s/opt/x86_64/intel/oneapi/2022.3/compiler/2022.2.1/linux/compiler/lib/intel64_l
 in:/bwfefs/opt/x86_64/intel/oneapi/2022.3/debugger/2021.7.1/dep/lib:/bwfefs/opt
 /x86_64/intel/oneapi/2022.3/debugger/2021.7.1/libipt/intel64/lib:/bwfefs/opt/x8
 6_64/intel/oneapi/2022.3/debugger/2021.7.1/gdb/intel64/lib:/bwfefs/opt/x86_64/
 MPI Runtime = Intel(R) MPI Library 2021.7 for Linux* OS


[STEP1] Read Control Parameters
 
Read_Ctrl_Input> Input Files
  grotopfile = pro.top
  grocrdfile = crd/pos_5000.gro
 
Read_Ctrl_Output> Output Files
 
Read_Ctrl_Energy> WARNING: "water_model" is not available
Read_Ctrl_Energy> Parameters of Energy Calculations
  forcefield      =    RESIDCG
  switchdist      =     10.000  cutoffdist      =     12.000
  pairlistdist    =     13.500  dielec_const    =      1.000
  debye           =     10.000
  vdw_force_switch=         no
  electrostatic   =  CUTOFF
  implicit_solvent=       none
  table           =         no
  water_model     =       NONE
  output_style    =    GENESIS
  dispersion_corr =       none
  nonb_limiter    =      no
  user def. table =     no
  efield_x        =           0.000
  efield_y        =           0.000
  efield_z        =           0.000
  efield_normal   =              no
  efield_virial   =              no
 
Read_Ctrl_Dynamics> Parameters of MD simulation
  integrator      =    VVER_CG  nsteps          =       2000
  timestep        =     0.0100  initial_time    =     0.0000
  eneout_period   =         20  rstout_period   =          0
  crdout_period   =          0  velout_period   =          0
  nbupdate_period =         20  stoptr_period   =         10
  qmsave_period   =          0
  iseed           =         -1
  annealing       =         no
  verbose         =         no
  target_md       =         no
  steered_md      =         no
  shrink_box      =         no
  esp_mm          =         no
 
Read_Ctrl_Constraints> Parameters for Constraints
  rigid_bond      =         no
  fixatm_select_index        =       none
 
Read_Ctrl_Ensemble> Parameters for Ensemble
  ensemble        =        NVT
  temperature     =    300.000
  tpcontrol       =   LANGEVIN
  gamma_t         =      1.000
 
Read_Ctrl_Boundary> Parameters of Boundary Condition
  type            =     PBC   
  box_size(x,y,z) =   3200.000   650.000   650.000
  pairlist_grid   =      3.000
 
Read_Ctrl_Selection> Parameters of Selection
  # of groups     =          0
  # of mole names =          0
 
Read_Ctrl_Restraints> No restraint in the system

Read_Ctrl_Fitting_MD> Parameters of Fitting
  fitting method  =  TR+ROT   
  fitting atom    = group1
  mass_weight     =         no
 
[STEP2] Setup MPI
 
Setup_Mpi_Md> Summary of Setup MPI
  number of MPI processes   =        128
  number of OpenMP threads  =          5
  total number of CPU cores =        640

[STEP3] Set Relevant Variables and Structures
 
Read_Grotop> Summary of Grotopfile
  num_moltypes    =          1
    pos100_cg             :
      num_atoms   =        100
      num_bonds   =         99
      num_angls   =          0
      num_dihes   =          0
      num_cmaps   =          0
      num_excls   =          0
      num_constrs =          0
      num_pairs   =          0
      num_vsites2 =          0
      num_vsites3 =          0
      num_vsites4 =          0
      num_vsitesn =          0
      num_posress =          0
      num_PWMcos  =          0
      num_PWMcosns=          0
      num_IDR_HPS =          1
      num_IDR_KH  =          0
    .. not used molecule types were hidden.

  num_molecules   =       5000
    pos100_cg             :  5000

  num_atomtypes   =         33  num_bondtypes   =          0
  num_angltypes   =          0  num_dihetypes   =          0
  num_flangltypes           20
  num_fldihetypes          400
  num_constrtypes =          0  num_cmaptypes   =          0
  num_nbonparms   =          0
  num_basestacktypes  =     16
  num_basepairtypes   =      4
  num_basecrosstypes  =     32
  num_cgdnaexvtypes   =      6
  num_cgelemolpairs   =      1
  num_cg_IDR_HPS_atomtypes  =     20
  num_cg_KH_atomtypes  =    20

  num_cg_pair_MJ_eps   =   400

Define_Molecule> Summary of molecules
  num_atoms       =     500000  num_bonds       =     495000
  num_angles      =          0  num_dihedrals   =          0
  num_impropers   =          0  num_cmap_terms  =          0
  num_residues    =     500000  num_molecules   =       5000
  num_segments    =          1  num_deg_freedom =    1500000
  total_charge    = 500000.000
 
Update_Num_Deg_Freedom> Number of degrees of freedom was updated
  num_deg_freedom =    1499997 (After removing translation)
 
Setup_Boundary> Setup Variables for Boundary Condition
  box_size(x,y,z) =   3200.000   650.000   650.000
  origin(x,y,z)   =      0.000     0.000     0.000
 
Random_Init> Initialize the random number
  seed            = 899985

Define_Enefunc_Gromacs> Number of Interactions in Each Term
  bond_ene        =     495000  angle_ene       =          0
  torsion_ene     =          0  rb_torsion_ene  =          0
  improper_ene    =          0
  nb_exclusions   =     495000  nb14_calc       =          0
  vsite2_ene      =          0  vsite3_ene      =          0
  vsite3fd_ene    =          0  vsite3fad_ene   =          0
  vsite3out_ene   =          0  vsite4fdn_ene   =          0
  vsiten_ene      =          0
 restraint_groups =          0 restraint_funcs  =          0
 
Get_Morph_in> Morphing check
  morphing_bb     =          0  morphing_sc     =          0
 
Setup_Fitting_Atdyn> NO fitting is applied, skip
  fitting method  =  NO
 
[STEP4] Compute Single Point Energy for Molecules
 
            STEP          ENERGY            BOND  NATIVE_CONTACT NON-NATIVE_CONT           ELECT         IDR_HPS          CG_EXV
 --------------- --------------- --------------- --------------- ---------------
               0     853902.2916     170690.3546          0.0000          0.0000     681472.3800       1739.5570          0.0000

[STEP5] Perform Molecular Dynamics Simulation
 
Generate_Velocity> Generate initial velocities
  iseed           =     899985
  temperature     =    300.000
 
Random_Init_Velocity> Initialize the random number
  seed            = 899985

INFO:       STEP            TIME       TOTAL_ENE   POTENTIAL_ENE     KINETIC_ENE            RMSG            BOND         IDR_HPS  NATIVE_CONTACT          CG_EXV           ELECT     TEMPERATURE          VOLUME
 --------------- --------------- --------------- --------------- ---------------
INFO:          0          0.0000    1300770.5089     853902.2916     446868.2174         10.1780     170690.3546       1739.5570          0.0000          0.0000     681472.3800        299.8330 1352000000.0000

Random_Init> Initialize the random number
  seed            = 1340031131

INFO:         20          0.2000    1294983.9782     842654.0248     452329.9534          9.8754     161341.7334        615.3730          0.0000          0.0000     680696.9183        303.4977 1352000000.0000

INFO:         40          0.4000    1291322.9231     836760.6124     454562.3107          9.7732     159080.9241      -1161.3382          0.0000          0.0000     678841.0265        304.9955 1352000000.0000

INFO:         60          0.6000    1287029.7741     831638.0322     455391.7419          9.7240     157841.5431      -2534.0963          0.0000          0.0000     676330.5853        305.5520 1352000000.0000

INFO:         80          0.8000    1283050.9452     826877.5671     456173.3781          9.6951     157173.4009      -3685.7893          0.0000          0.0000     673389.9555        306.0765 1352000000.0000

INFO:        100          1.0000    1278723.3756     822107.2774     456616.0982          9.6688     156258.6029      -4430.5392          0.0000          0.0000     670279.2138        306.3735 1352000000.0000

INFO:        120          1.2000    1274195.6549     817870.6391     456325.0158          9.6354     155597.3802      -4875.5649          0.0000          0.0000     667148.8237        306.1782 1352000000.0000

INFO:        140          1.4000    1270420.9644     813952.3775     456468.5870          9.6165     155058.5785      -5150.2006          0.0000          0.0000     664043.9996        306.2745 1352000000.0000

INFO:        160          1.6000    1265648.0048     810595.8181     455052.1867          9.6129     154726.4837      -5146.3676          0.0000          0.0000     661015.7019        305.3242 1352000000.0000

INFO:        180          1.8000    1261914.8737     807503.9308     454410.9429          9.5973     154471.3084      -5019.8004          0.0000          0.0000     658052.4227        304.8939 1352000000.0000

INFO:        200          2.0000    1259165.7914     804697.6994     454468.0921          9.5915     154556.3486      -5001.0766          0.0000          0.0000     655142.4274        304.9323 1352000000.0000

INFO:        220          2.2000    1254960.6464     801395.7448     453564.9016          9.5910     154172.0801      -5093.1263          0.0000          0.0000     652316.7911        304.3263 1352000000.0000

INFO:        240          2.4000    1251856.8437     798339.7398     453517.1039          9.5783     153828.8405      -5098.5791          0.0000          0.0000     649609.4784        304.2942 1352000000.0000

INFO:        260          2.6000    1249260.0352     796133.1906     453126.8446          9.5791     154142.3457      -5004.6799          0.0000          0.0000     646995.5247        304.0323 1352000000.0000

INFO:        280          2.8000    1246199.0090     793819.6824     452379.3266          9.5782     154172.6055      -4848.2399          0.0000          0.0000     644495.3169        303.5308 1352000000.0000

INFO:        300          3.0000    1242962.7999     791470.5141     451492.2858          9.5701     154005.1835      -4653.9009          0.0000          0.0000     642119.2315        302.9356 1352000000.0000

INFO:        320          3.2000    1240797.5429     789008.5228     451789.0201          9.5664     153755.0144      -4585.3864          0.0000          0.0000     639838.8948        303.1347 1352000000.0000

INFO:        340          3.4000    1238265.9183     786801.3085     451464.6098          9.5594     153742.4852      -4552.5996          0.0000          0.0000     637611.4230        302.9170 1352000000.0000

INFO:        360          3.6000    1235332.4128     784582.3193     450750.0935          9.5578     153648.0226      -4541.6645          0.0000          0.0000     635475.9612        302.4376 1352000000.0000

INFO:        380          3.8000    1232909.2288     782087.3574     450821.8714          9.5343     153014.4465      -4347.3055          0.0000          0.0000     633420.2164        302.4858 1352000000.0000

INFO:        400          4.0000    1231061.6667     780314.6948     450746.9719          9.5378     153201.1226      -4318.3664          0.0000          0.0000     631431.9386        302.4355 1352000000.0000

INFO:        420          4.2000    1229459.8803     778765.8355     450694.0449          9.5561     153498.8592      -4245.9248          0.0000          0.0000     629512.9011        302.4000 1352000000.0000

INFO:        440          4.4000    1227026.4055     776954.2070     450072.1985          9.5475     153295.7968      -4029.0224          0.0000          0.0000     627687.4327        301.9828 1352000000.0000

INFO:        460          4.6000    1225409.1090     775455.5124     449953.5966          9.5479     153553.2472      -4015.6565          0.0000          0.0000     625917.9217        301.9032 1352000000.0000

INFO:        480          4.8000    1223292.6454     773274.4531     450018.1924          9.5411     153058.1771      -3979.3242          0.0000          0.0000     624195.6001        301.9465 1352000000.0000

INFO:        500          5.0000    1221889.8511     771908.4111     449981.4400          9.5498     153380.6411      -3988.3199          0.0000          0.0000     622516.0898        301.9219 1352000000.0000

INFO:        520          5.2000    1218875.5560     770264.3540     448611.2020          9.5459     153318.6528      -3939.9522          0.0000          0.0000     620885.6533        301.0025 1352000000.0000

INFO:        540          5.4000    1217510.1610     768421.9831     449088.1779          9.5427     152856.2356      -3722.7591          0.0000          0.0000     619288.5066        301.3225 1352000000.0000

INFO:        560          5.6000    1216182.6200     767288.1712     448894.4488          9.5501     153319.8173      -3728.9363          0.0000          0.0000     617697.2902        301.1926 1352000000.0000

INFO:        580          5.8000    1213926.9580     765686.3108     448240.6472          9.5502     153327.0626      -3803.7920          0.0000          0.0000     616163.0402        300.7539 1352000000.0000

INFO:        600          6.0000    1212676.6939     764352.3980     448324.2959          9.5508     153338.6186      -3655.7705          0.0000          0.0000     614669.5498        300.8100 1352000000.0000

INFO:        620          6.2000    1210744.5838     762942.3061     447802.2776          9.5415     153346.0352      -3618.6710          0.0000          0.0000     613214.9419        300.4597 1352000000.0000

INFO:        640          6.4000    1209582.9830     761709.1061     447873.8769          9.5571     153521.7370      -3645.4213          0.0000          0.0000     611832.7904        300.5078 1352000000.0000

INFO:        660          6.6000    1207730.7200     759841.7092     447889.0108          9.5391     153018.8942      -3684.6673          0.0000          0.0000     610507.4823        300.5179 1352000000.0000

INFO:        680          6.8000    1206719.2813     759034.6088     447684.6725          9.5590     153415.3799      -3586.1426          0.0000          0.0000     609205.3715        300.3808 1352000000.0000

INFO:        700          7.0000    1205922.2204     757888.0182     448034.2022          9.5590     153459.8338      -3506.4835          0.0000          0.0000     607934.6679        300.6154 1352000000.0000

INFO:        720          7.2000    1204578.4029     757013.5961     447564.8068          9.5681     153815.1867      -3469.1683          0.0000          0.0000     606667.5777        300.3004 1352000000.0000

INFO:        740          7.4000    1203418.1126     755209.2620     448208.8506          9.5475     153214.3048      -3433.6825          0.0000          0.0000     605428.6397        300.7325 1352000000.0000

INFO:        760          7.6000    1202194.3459     754213.0522     447981.2937          9.5579     153394.7577      -3414.8798          0.0000          0.0000     604233.1743        300.5799 1352000000.0000

INFO:        780          7.8000    1200831.1283     752717.8358     448113.2925          9.5454     153065.6865      -3428.6135          0.0000          0.0000     603080.7628        300.6684 1352000000.0000

INFO:        800          8.0000    1199470.8091     752297.3206     447173.4885          9.5564     153531.4337      -3194.3299          0.0000          0.0000     601960.2168        300.0378 1352000000.0000

INFO:        820          8.2000    1198166.4813     750827.8634     447338.6179          9.5438     153000.5656      -3040.5694          0.0000          0.0000     600867.8672        300.1486 1352000000.0000

INFO:        840          8.4000    1196913.9764     749361.2145     447552.7619          9.5331     152677.0077      -3095.2517          0.0000          0.0000     599779.4585        300.2923 1352000000.0000

INFO:        860          8.6000    1195873.4743     749282.8480     446590.6263          9.5568     153583.9515      -3013.3783          0.0000          0.0000     598712.2748        299.6468 1352000000.0000

INFO:        880          8.8000    1195393.7414     748113.7052     447280.0362          9.5483     153394.5851      -2962.6832          0.0000          0.0000     597681.8033        300.1093 1352000000.0000

INFO:        900          9.0000    1194185.5701     746949.7010     447235.8691          9.5483     153246.2666      -2990.0172          0.0000          0.0000     596693.4516        300.0797 1352000000.0000

INFO:        920          9.2000    1192735.9954     745840.1501     446895.8453          9.5415     153113.1860      -3002.0158          0.0000          0.0000     595728.9799        299.8516 1352000000.0000

INFO:        940          9.4000    1191648.9706     745222.8715     446426.0991          9.5469     153253.0617      -2823.0875          0.0000          0.0000     594792.8973        299.5364 1352000000.0000

INFO:        960          9.6000    1191223.3033     744630.5235     446592.7798          9.5515     153386.8770      -2623.3480          0.0000          0.0000     593866.9945        299.6482 1352000000.0000

INFO:        980          9.8000    1189895.5346     743331.8322     446563.7024          9.5348     153017.5739      -2621.1794          0.0000          0.0000     592935.4377        299.6287 1352000000.0000

INFO:       1000         10.0000    1189183.4631     742188.2030     446995.2601          9.5356     152905.7274      -2730.2729          0.0000          0.0000     592012.7485        299.9183 1352000000.0000

INFO:       1020         10.2000    1187866.3561     741349.5394     446516.8167          9.5363     152891.5569      -2639.5032          0.0000          0.0000     591097.4857        299.5972 1352000000.0000

INFO:       1040         10.4000    1187514.1068     740374.7477     447139.3591          9.5303     152919.3481      -2724.4844          0.0000          0.0000     590179.8840        300.0149 1352000000.0000

INFO:       1060         10.6000    1186390.6121     739317.5862     447073.0259          9.5287     152702.3983      -2678.6876          0.0000          0.0000     589293.8755        299.9704 1352000000.0000

INFO:       1080         10.8000    1185584.9683     738556.5018     447028.4665          9.5324     152859.7317      -2742.2739          0.0000          0.0000     588439.0440        299.9405 1352000000.0000

INFO:       1100         11.0000    1185216.3463     738221.8892     446994.4571          9.5457     153291.4007      -2694.9309          0.0000          0.0000     587625.4194        299.9177 1352000000.0000

INFO:       1120         11.2000    1184669.6731     737519.6687     447150.0044          9.5497     153247.5527      -2556.6304          0.0000          0.0000     586828.7464        300.0221 1352000000.0000

INFO:       1140         11.4000    1183699.9588     736587.4679     447112.4909          9.5469     153005.4893      -2459.2725          0.0000          0.0000     586041.2510        299.9969 1352000000.0000

INFO:       1160         11.6000    1183058.0493     736230.9950     446827.0543          9.5578     153289.4182      -2318.8783          0.0000          0.0000     585260.4552        299.8054 1352000000.0000

INFO:       1180         11.8000    1182364.1489     735423.0110     446941.1378          9.5588     153215.8046      -2253.6856          0.0000          0.0000     584460.8921        299.8819 1352000000.0000

INFO:       1200         12.0000    1181525.0463     734625.6932     446899.3531          9.5552     153497.8790      -2501.8735          0.0000          0.0000     583629.6878        299.8539 1352000000.0000

INFO:       1220         12.2000    1180306.7766     733552.4055     446754.3711          9.5548     153306.0347      -2554.6487          0.0000          0.0000     582801.0195        299.7566 1352000000.0000

INFO:       1240         12.4000    1179667.7682     732413.5368     447254.2314          9.5495     153090.1140      -2702.5068          0.0000          0.0000     582025.9296        300.0920 1352000000.0000

INFO:       1260         12.6000    1178142.6047     731943.7470     446198.8577          9.5493     153229.7418      -2541.1058          0.0000          0.0000     581255.1110        299.3839 1352000000.0000

INFO:       1280         12.8000    1177055.1966     730530.7517     446524.4449          9.5244     152456.8833      -2437.9645          0.0000          0.0000     580511.8330        299.6024 1352000000.0000

INFO:       1300         13.0000    1176415.1406     730390.4496     446024.6910          9.5372     152902.1358      -2270.0498          0.0000          0.0000     579758.3636        299.2670 1352000000.0000

INFO:       1320         13.2000    1176021.2013     730208.1149     445813.0864          9.5411     153388.2004      -2174.3820          0.0000          0.0000     578994.2965        299.1251 1352000000.0000

INFO:       1340         13.4000    1175803.7793     728985.2097     446818.5696          9.5464     153079.5739      -2328.8787          0.0000          0.0000     578234.5145        299.7997 1352000000.0000

INFO:       1360         13.6000    1174938.9731     728333.2965     446605.6766          9.5566     153258.8721      -2405.1130          0.0000          0.0000     577479.5374        299.6569 1352000000.0000

INFO:       1380         13.8000    1173979.3754     727567.0929     446412.2825          9.5569     153331.8134      -2533.0686          0.0000          0.0000     576768.3481        299.5271 1352000000.0000

INFO:       1400         14.0000    1173601.0484     726547.6216     447053.4268          9.5492     152961.5958      -2477.9400          0.0000          0.0000     576063.9658        299.9573 1352000000.0000

INFO:       1420         14.2000    1172702.8862     725935.4039     446767.4822          9.5479     152879.8451      -2354.2374          0.0000          0.0000     575409.7962        299.7654 1352000000.0000

INFO:       1440         14.4000    1172363.7246     726015.4135     446348.3112          9.5612     153556.1908      -2301.9016          0.0000          0.0000     574761.1242        299.4842 1352000000.0000

INFO:       1460         14.6000    1171783.8361     724903.1850     446880.6510          9.5481     153099.1004      -2328.9781          0.0000          0.0000     574133.0627        299.8414 1352000000.0000

INFO:       1480         14.8000    1170750.7185     724446.3628     446304.3557          9.5489     153074.6300      -2153.5691          0.0000          0.0000     573525.3019        299.4547 1352000000.0000

INFO:       1500         15.0000    1169819.8019     723688.5391     446131.2627          9.5336     152653.2651      -1892.7106          0.0000          0.0000     572927.9846        299.3386 1352000000.0000

INFO:       1520         15.2000    1168987.1510     723862.7242     445124.4268          9.5569     153396.9311      -1856.4661          0.0000          0.0000     572322.2592        298.6630 1352000000.0000

INFO:       1540         15.4000    1169121.1992     722708.5405     446412.6587          9.5461     152992.4479      -2012.1824          0.0000          0.0000     571728.2750        299.5274 1352000000.0000

INFO:       1560         15.6000    1169032.0166     722164.0564     446867.9602          9.5354     153137.1462      -2078.6167          0.0000          0.0000     571105.5270        299.8328 1352000000.0000

INFO:       1580         15.8000    1168709.1021     722020.8817     446688.2203          9.5533     153429.8677      -1936.1813          0.0000          0.0000     570527.1954        299.7122 1352000000.0000

INFO:       1600         16.0000    1167855.7709     721285.5190     446570.2519          9.5396     153194.5267      -1849.5712          0.0000          0.0000     569940.5635        299.6331 1352000000.0000

INFO:       1620         16.2000    1166636.4382     720205.1151     446431.3230          9.5323     152731.7559      -1880.8153          0.0000          0.0000     569354.1745        299.5399 1352000000.0000

INFO:       1640         16.4000    1166096.3499     719724.7637     446371.5862          9.5356     152889.7517      -1906.5747          0.0000          0.0000     568741.5867        299.4998 1352000000.0000

INFO:       1660         16.6000    1165668.4250     719162.2044     446506.2207          9.5470     152974.1276      -1961.6626          0.0000          0.0000     568149.7394        299.5901 1352000000.0000

INFO:       1680         16.8000    1164558.3339     719227.8918     445330.4421          9.5648     153535.5241      -1882.1349          0.0000          0.0000     567574.5026        298.8012 1352000000.0000

INFO:       1700         17.0000    1164871.5309     717949.3885     446922.1423          9.5551     152946.2421      -1979.2172          0.0000          0.0000     566982.3636        299.8692 1352000000.0000

INFO:       1720         17.2000    1164193.4328     717617.8193     446575.6135          9.5515     153256.0271      -2046.6153          0.0000          0.0000     566408.4075        299.6367 1352000000.0000

INFO:       1740         17.4000    1163147.7234     717223.5771     445924.1463          9.5450     153160.3318      -1799.9554          0.0000          0.0000     565863.2007        299.1996 1352000000.0000

INFO:       1760         17.6000    1162713.5056     717035.1351     445678.3705          9.5530     153430.1947      -1715.2304          0.0000          0.0000     565320.1707        299.0347 1352000000.0000

INFO:       1780         17.8000    1162718.7151     716519.5987     446199.1165          9.5685     153625.0584      -1898.3442          0.0000          0.0000     564792.8844        299.3841 1352000000.0000

INFO:       1800         18.0000    1162707.4807     716020.1622     446687.3186          9.5665     153609.7159      -1878.2902          0.0000          0.0000     564288.7364        299.7116 1352000000.0000

INFO:       1820         18.2000    1161636.3047     715427.1839     446209.1209          9.5511     153291.4986      -1670.5235          0.0000          0.0000     563806.2088        299.3908 1352000000.0000

INFO:       1840         18.4000    1160735.1357     714846.0212     445889.1144          9.5450     153181.1875      -1657.4869          0.0000          0.0000     563322.3206        299.1761 1352000000.0000

INFO:       1860         18.6000    1159869.4036     714630.3467     445239.0569          9.5524     153511.2928      -1705.8835          0.0000          0.0000     562824.9374        298.7399 1352000000.0000

INFO:       1880         18.8000    1159815.8602     713786.2328     446029.6273          9.5367     153043.9072      -1580.2633          0.0000          0.0000     562322.5889        299.2704 1352000000.0000

INFO:       1900         19.0000    1159783.5218     713435.5209     446348.0009          9.5330     152932.3392      -1343.2182          0.0000          0.0000     561846.3999        299.4840 1352000000.0000

INFO:       1920         19.2000    1158021.0034     713054.0479     444966.9556          9.5407     153075.0770      -1383.4550          0.0000          0.0000     561362.4259        298.5573 1352000000.0000

INFO:       1940         19.4000    1157425.8245     712496.8380     444928.9865          9.5412     153133.9480      -1495.0175          0.0000          0.0000     560857.9074        298.5319 1352000000.0000

INFO:       1960         19.6000    1157529.7535     711822.9857     445706.7679          9.5344     152963.3844      -1506.8530          0.0000          0.0000     560366.4542        299.0537 1352000000.0000

INFO:       1980         19.8000    1157822.0778     711376.8648     446445.2129          9.5450     153111.6499      -1602.5072          0.0000          0.0000     559867.7222        299.5492 1352000000.0000

INFO:       2000         20.0000    1157462.8277     710792.6011     446670.2266          9.5375     152892.1935      -1487.0678          0.0000          0.0000     559387.4754        299.7002 1352000000.0000

 
[STEP6] Deallocate Arrays
 
Output_Time> Averaged timer profile (Min, Max)
  total time      =     143.134
    setup         =       3.861
    dynamics      =     139.273
      energy      =      87.097
      integrator  =      37.176
      migration   =       0.000
      pairlist    =      12.880 (      12.131,      15.739)
  energy           
    bond          =       0.138 (       0.127,       0.153)
    angle         =       0.016 (       0.015,       0.019)
    dihedral      =       0.015 (       0.014,       0.018)
    base stacking =       0.000 (       0.000,       0.000)
    nonbond       =      26.446 (      25.403,      27.435)
      CG exv      =       1.247 (       1.090,       1.469)
      CG DNA bp   =       0.000 (       0.000,       0.000)
      CG DNA exv  =       0.000 (       0.000,       0.000)
      CG ele      =      16.440 (      15.842,      17.038)
      CG PWMcos   =       0.000 (       0.000,       0.000)
      CG PWMcosns =       0.000 (       0.000,       0.000)
      CG IDR-HPS  =       8.749 (       8.350,       9.104)
      CG IDR-KH   =       0.000 (       0.000,       0.000)
      CG KH       =       0.000 (       0.000,       0.000)
      Contact     =       0.007 (       0.006,       0.008)
      pme real    =       0.000 (       0.000,       0.000)
      pme recip   =       0.000 (       0.000,       0.000)
    solvation     =       0.000 (       0.000,       0.000)
      polar       =       0.000 (       0.000,       0.000)
      non-polar   =       0.000 (       0.000,       0.000)
    restraint     =       0.000 (       0.000,       0.000)
    qmmm          =       0.000 (       0.000,       0.000)
    morph         =       0.000 (       0.000,       0.000)
  integrator       
    constraint    =       0.000 (       0.000,       0.000)
    update        =       0.000 (       0.000,       0.000)
    comm_coord    =       0.000 (       0.000,       0.000)
    comm_force    =       0.000 (       0.000,       0.000)
  migration       =       0.000 (       0.000,       0.000)
    comm_migrate  =       0.000 (       0.000,       0.000)
    ptl_migrate   =       0.000 (       0.000,       0.000)
    bond_migrate  =       0.000 (       0.000,       0.000)
    angl_migrate  =       0.000 (       0.000,       0.000)
    dihe_migrate  =       0.000 (       0.000,       0.000)
    contact_migr  =       0.000 (       0.000,       0.000)
    stack_migrate =       0.000 (       0.000,       0.000)
    pwmcos_migrate =       0.000 (       0.000,       0.000)
    pwmcosns_migr  =       0.000 (       0.000,       0.000)
    nonb_update    =       0.000 (       0.000,       0.000)

