****************************************************
*                                                  *
*                  GENESIS ATDYN                   *
*                                                  *
*        A Molecular Dynamics Simulator with       *
*            Atomic Decomposition Scheme           *
*                                                  *
*               Developed by RIKEN                 *
*                                                  *
****************************************************
 
[STEP0] Architecture and Compiler Information
 
GENESIS_Information> GENESIS Information
  version      = 2.0.0
  commit ID    = $GENESIS_VERSION$
  precision    = double
  nonbonding   = CPU

Build_Information> Compiler Information
  build host   = jjwsmj@hokusai2
  fortran      = ifort (IFORT) 2021.7.1 20221019
  option       = 
  -axCORE-AVX512 -g -O3  -qmkl=parallel  -assume byterecl -qopenmp  
  C            = 
 icc: remark #10441: The Intel(R) C++ Compiler Classic (ICC) is deprecated and w
 ill be removed from product release in the second half of 2023. The Intel(R) on
 eAPI DPC++/C++ Compiler (ICX) is the recommended compiler moving forward. Pleas
 e transition to use this compiler. Use '-diag-disable=10441' to disable this me
 ssage.
  option       = -O3 -ip -axCORE-AVX2  -qopenmp 
  defined var. = 
  -DHAVE_MPI_GENESIS -DOMP -DIFORT19 -DFFTE -DLAPACK -DDSFMT_MEXP=19937 -DINTEL
  link option  = 
  -assume byterecl -lgfortran -qopenmp  -lmkl_intel_lp64 -lmkl_sequential -lmkl_
 core -lmkl_lapack95_lp64   
  MPI Compiler = Intel(R) MPI

Runtime_Information> Machine and Library Information
  date       = 2023/05/12 15:27:38
  cpu model    = Intel(R) Xeon(R) Gold 6148 CPU @ 2.40GHz
  exec. host   = jjwsmj@bwmpc0231
  LD library   = 
 /bwfefs/opt/x86_64/intel/oneapi/2022.3/mpi/2021.7.1/libfabric/lib:/bwfefs/opt/x
 86_64/intel/oneapi/2022.3/mpi/2021.7.1/lib/release:/bwfefs/opt/x86_64/intel/one
 api/2022.3/mpi/2021.7.1/lib:/bwfefs/opt/x86_64/intel/oneapi/2022.3/tbb/2021.7.1
 /lib/intel64/gcc4.8:/usr/lib64:/bwfefs/opt/x86_64/intel/oneapi/2022.3/vpl/2022.
 2.5/lib:/bwfefs/opt/x86_64/intel/oneapi/2022.3/mkl/latest/lib/intel64:/bwfefs/o
 pt/x86_64/intel/oneapi/2022.3/itac/2021.7.1/slib:/bwfefs/opt/x86_64/intel/oneap
 i/2022.3/ippcp/2021.6.2/lib/intel64:/bwfefs/opt/x86_64/intel/oneapi/2022.3/ipp/
 2021.6.2/lib/intel64:/bwfefs/opt/x86_64/intel/oneapi/2022.3/dnnl/2022.2.1/cpu_d
 pcpp_gpu_dpcpp/lib:/bwfefs/opt/x86_64/intel/oneapi/2022.3/dal/2021.7.1/lib/inte
 l64:/bwfefs/opt/x86_64/intel/oneapi/2022.3/compiler/2022.2.1/linux/compiler/lib
 :/bwfefs/opt/x86_64/intel/oneapi/2022.3/compiler/2022.2.1/linux/lib/oclfpga/hos
 t/linux64/lib:/bwfefs/opt/x86_64/intel/oneapi/2022.3/compiler/2022.2.1/linux/li
 b/oclfpga/linux64/lib:/bwfefs/opt/x86_64/intel/oneapi/2022.3/compiler/2022.2.1/
 linux/lib:/bwfefs/opt/x86_64/intel/oneapi/2022.3/compiler/2022.2.1/linux/lib/x6
 4:/bwfefs/opt/x86_64/intel/oneapi/2022.3/compiler/2022.2.1/linux/lib/emu:/bwfef
 s/opt/x86_64/intel/oneapi/2022.3/compiler/2022.2.1/linux/compiler/lib/intel64_l
 in:/bwfefs/opt/x86_64/intel/oneapi/2022.3/debugger/2021.7.1/dep/lib:/bwfefs/opt
 /x86_64/intel/oneapi/2022.3/debugger/2021.7.1/libipt/intel64/lib:/bwfefs/opt/x8
 6_64/intel/oneapi/2022.3/debugger/2021.7.1/gdb/intel64/lib:/bwfefs/opt/x86_64/
 MPI Runtime = Intel(R) MPI Library 2021.7 for Linux* OS


[STEP1] Read Control Parameters
 
Read_Ctrl_Input> Input Files
  grotopfile = pro.top
  grocrdfile = crd/pos_5000.gro
 
Read_Ctrl_Output> Output Files
 
Read_Ctrl_Energy> WARNING: "water_model" is not available
Read_Ctrl_Energy> Parameters of Energy Calculations
  forcefield      =    RESIDCG
  switchdist      =     10.000  cutoffdist      =     12.000
  pairlistdist    =     13.500  dielec_const    =      1.000
  debye           =     10.000
  vdw_force_switch=         no
  electrostatic   =  CUTOFF
  implicit_solvent=       none
  table           =         no
  water_model     =       NONE
  output_style    =    GENESIS
  dispersion_corr =       none
  nonb_limiter    =      no
  user def. table =     no
  efield_x        =           0.000
  efield_y        =           0.000
  efield_z        =           0.000
  efield_normal   =              no
  efield_virial   =              no
 
Read_Ctrl_Dynamics> Parameters of MD simulation
  integrator      =    VVER_CG  nsteps          =       2000
  timestep        =     0.0100  initial_time    =     0.0000
  eneout_period   =         20  rstout_period   =          0
  crdout_period   =          0  velout_period   =          0
  nbupdate_period =         20  stoptr_period   =         10
  qmsave_period   =          0
  iseed           =         -1
  annealing       =         no
  verbose         =         no
  target_md       =         no
  steered_md      =         no
  shrink_box      =         no
  esp_mm          =         no
 
Read_Ctrl_Constraints> Parameters for Constraints
  rigid_bond      =         no
  fixatm_select_index        =       none
 
Read_Ctrl_Ensemble> Parameters for Ensemble
  ensemble        =        NVT
  temperature     =    300.000
  tpcontrol       =   LANGEVIN
  gamma_t         =      1.000
 
Read_Ctrl_Boundary> Parameters of Boundary Condition
  type            =     PBC   
  box_size(x,y,z) =   3200.000   650.000   650.000
  pairlist_grid   =      3.000
 
Read_Ctrl_Selection> Parameters of Selection
  # of groups     =          0
  # of mole names =          0
 
Read_Ctrl_Restraints> No restraint in the system

Read_Ctrl_Fitting_MD> Parameters of Fitting
  fitting method  =  TR+ROT   
  fitting atom    = group1
  mass_weight     =         no
 
[STEP2] Setup MPI
 
Setup_Mpi_Md> Summary of Setup MPI
  number of MPI processes   =         16
  number of OpenMP threads  =          5
  total number of CPU cores =         80

[STEP3] Set Relevant Variables and Structures
 
Read_Grotop> Summary of Grotopfile
  num_moltypes    =          1
    pos100_cg             :
      num_atoms   =        100
      num_bonds   =         99
      num_angls   =          0
      num_dihes   =          0
      num_cmaps   =          0
      num_excls   =          0
      num_constrs =          0
      num_pairs   =          0
      num_vsites2 =          0
      num_vsites3 =          0
      num_vsites4 =          0
      num_vsitesn =          0
      num_posress =          0
      num_PWMcos  =          0
      num_PWMcosns=          0
      num_IDR_HPS =          1
      num_IDR_KH  =          0
    .. not used molecule types were hidden.

  num_molecules   =       5000
    pos100_cg             :  5000

  num_atomtypes   =         33  num_bondtypes   =          0
  num_angltypes   =          0  num_dihetypes   =          0
  num_flangltypes           20
  num_fldihetypes          400
  num_constrtypes =          0  num_cmaptypes   =          0
  num_nbonparms   =          0
  num_basestacktypes  =     16
  num_basepairtypes   =      4
  num_basecrosstypes  =     32
  num_cgdnaexvtypes   =      6
  num_cgelemolpairs   =      1
  num_cg_IDR_HPS_atomtypes  =     20
  num_cg_KH_atomtypes  =    20

  num_cg_pair_MJ_eps   =   400

Define_Molecule> Summary of molecules
  num_atoms       =     500000  num_bonds       =     495000
  num_angles      =          0  num_dihedrals   =          0
  num_impropers   =          0  num_cmap_terms  =          0
  num_residues    =     500000  num_molecules   =       5000
  num_segments    =          1  num_deg_freedom =    1500000
  total_charge    = 500000.000
 
Update_Num_Deg_Freedom> Number of degrees of freedom was updated
  num_deg_freedom =    1499997 (After removing translation)
 
Setup_Boundary> Setup Variables for Boundary Condition
  box_size(x,y,z) =   3200.000   650.000   650.000
  origin(x,y,z)   =      0.000     0.000     0.000
 
Random_Init> Initialize the random number
  seed            = 806285

Define_Enefunc_Gromacs> Number of Interactions in Each Term
  bond_ene        =     495000  angle_ene       =          0
  torsion_ene     =          0  rb_torsion_ene  =          0
  improper_ene    =          0
  nb_exclusions   =     495000  nb14_calc       =          0
  vsite2_ene      =          0  vsite3_ene      =          0
  vsite3fd_ene    =          0  vsite3fad_ene   =          0
  vsite3out_ene   =          0  vsite4fdn_ene   =          0
  vsiten_ene      =          0
 restraint_groups =          0 restraint_funcs  =          0
 
Get_Morph_in> Morphing check
  morphing_bb     =          0  morphing_sc     =          0
 
Setup_Fitting_Atdyn> NO fitting is applied, skip
  fitting method  =  NO
 
[STEP4] Compute Single Point Energy for Molecules
 
            STEP          ENERGY            BOND  NATIVE_CONTACT NON-NATIVE_CONT           ELECT         IDR_HPS          CG_EXV
 --------------- --------------- --------------- --------------- ---------------
               0     853902.2916     170690.3546          0.0000          0.0000     681472.3800       1739.5570          0.0000

[STEP5] Perform Molecular Dynamics Simulation
 
Generate_Velocity> Generate initial velocities
  iseed           =     806285
  temperature     =    300.000
 
Random_Init_Velocity> Initialize the random number
  seed            = 806285

INFO:       STEP            TIME       TOTAL_ENE   POTENTIAL_ENE     KINETIC_ENE            RMSG            BOND         IDR_HPS  NATIVE_CONTACT          CG_EXV           ELECT     TEMPERATURE          VOLUME
 --------------- --------------- --------------- --------------- ---------------
INFO:          0          0.0000    1300272.3653     853902.2916     446370.0737         10.1780     170690.3546       1739.5570          0.0000          0.0000     681472.3800        299.4988 1352000000.0000

Random_Init> Initialize the random number
  seed            = 911329322

INFO:         20          0.2000    1294870.6950     842676.5421     452194.1529          9.8705     161331.3954        688.0224          0.0000          0.0000     680657.1242        303.4065 1352000000.0000

INFO:         40          0.4000    1290792.3991     837051.7306     453740.6685          9.7886     159594.8235      -1278.9274          0.0000          0.0000     678735.8346        304.4442 1352000000.0000

INFO:         60          0.6000    1286479.0180     831081.4420     455397.5760          9.7159     157528.1958      -2606.7324          0.0000          0.0000     676159.9786        305.5559 1352000000.0000

INFO:         80          0.8000    1281431.0577     826169.3423     455261.7153          9.6777     156581.2227      -3619.3742          0.0000          0.0000     673207.4938        305.4648 1352000000.0000

INFO:        100          1.0000    1276707.3899     821269.0998     455438.2902          9.6442     155611.3684      -4435.5743          0.0000          0.0000     670093.3058        305.5832 1352000000.0000

INFO:        120          1.2000    1272704.7096     817332.5877     455372.1220          9.6317     155230.1472      -4858.4042          0.0000          0.0000     666960.8447        305.5388 1352000000.0000

INFO:        140          1.4000    1268348.8330     813812.7815     454536.0515          9.6135     154973.2961      -5022.8757          0.0000          0.0000     663862.3612        304.9779 1352000000.0000

INFO:        160          1.6000    1264015.6512     810585.9442     453429.7070          9.6148     154939.5486      -5185.4167          0.0000          0.0000     660831.8123        304.2356 1352000000.0000

INFO:        180          1.8000    1260287.8593     807000.3979     453287.4614          9.5957     154320.1273      -5206.5250          0.0000          0.0000     657886.7957        304.1401 1352000000.0000

INFO:        200          2.0000    1256139.9826     803721.1986     452418.7839          9.5764     153932.2172      -5243.4009          0.0000          0.0000     655032.3824        303.5573 1352000000.0000

INFO:        220          2.2000    1253604.4794     800700.7994     452903.6800          9.5733     153684.7551      -5262.3091          0.0000          0.0000     652278.3534        303.8826 1352000000.0000

INFO:        240          2.4000    1250812.6882     798130.0602     452682.6280          9.5672     153687.4574      -5165.8425          0.0000          0.0000     649608.4453        303.7343 1352000000.0000

INFO:        260          2.6000    1248250.1737     795842.7071     452407.4665          9.5738     153952.8636      -5145.4041          0.0000          0.0000     647035.2476        303.5497 1352000000.0000

INFO:        280          2.8000    1245270.8171     793546.8399     451723.9772          9.5737     153979.4670      -5002.7779          0.0000          0.0000     644570.1508        303.0911 1352000000.0000

INFO:        300          3.0000    1243187.0572     791434.2246     451752.8325          9.5717     153913.5281      -4672.1609          0.0000          0.0000     642192.8574        303.1104 1352000000.0000

INFO:        320          3.2000    1240045.0410     788987.1956     451057.8454          9.5756     153851.7685      -4742.7478          0.0000          0.0000     639878.1749        302.6441 1352000000.0000

INFO:        340          3.4000    1237754.6134     786652.1278     451102.4856          9.5687     153810.4101      -4758.4780          0.0000          0.0000     637600.1957        302.6741 1352000000.0000

INFO:        360          3.6000    1235125.1343     784717.3290     450407.8053          9.5757     153974.9259      -4690.1218          0.0000          0.0000     635432.5249        302.2080 1352000000.0000

INFO:        380          3.8000    1232528.7173     781926.3439     450602.3734          9.5506     153138.5192      -4573.3440          0.0000          0.0000     633361.1687        302.3385 1352000000.0000

INFO:        400          4.0000    1230200.2871     780459.8094     449740.4777          9.5604     153509.8576      -4401.8479          0.0000          0.0000     631351.7997        301.7602 1352000000.0000

INFO:        420          4.2000    1228498.2787     778430.5358     450067.7428          9.5495     153256.6415      -4254.5710          0.0000          0.0000     629428.4653        301.9798 1352000000.0000

INFO:        440          4.4000    1226131.8786     776782.9729     449348.9058          9.5578     153453.6167      -4226.1176          0.0000          0.0000     627555.4737        301.4975 1352000000.0000

INFO:        460          4.6000    1224325.5823     774316.9533     450008.6290          9.5413     152933.3207      -4343.8932          0.0000          0.0000     625727.5258        301.9401 1352000000.0000

INFO:        480          4.8000    1222199.5780     772644.5179     449555.0601          9.5368     153085.8018      -4376.3934          0.0000          0.0000     623935.1094        301.6358 1352000000.0000

INFO:        500          5.0000    1220604.8287     771032.1468     449572.6819          9.5434     153187.1988      -4383.6728          0.0000          0.0000     622228.6208        301.6476 1352000000.0000

INFO:        520          5.2000    1218763.3927     769402.7181     449360.6746          9.5395     153063.7774      -4243.6475          0.0000          0.0000     620582.5882        301.5054 1352000000.0000

INFO:        540          5.4000    1217266.5039     768593.0005     448673.5034          9.5572     153650.3795      -4045.0432          0.0000          0.0000     618987.6643        301.0443 1352000000.0000

INFO:        560          5.6000    1215892.9705     766614.9533     449278.0172          9.5481     153122.3084      -3968.7127          0.0000          0.0000     617461.3576        301.4499 1352000000.0000

INFO:        580          5.8000    1214165.3294     765413.7120     448751.6175          9.5577     153228.3433      -3780.4410          0.0000          0.0000     615965.8096        301.0967 1352000000.0000

INFO:        600          6.0000    1212829.5850     764993.8653     447835.7197          9.5829     154125.4695      -3654.5310          0.0000          0.0000     614522.9268        300.4822 1352000000.0000

INFO:        620          6.2000    1211007.7801     763201.5620     447806.2181          9.5682     153700.9177      -3596.8784          0.0000          0.0000     613097.5227        300.4624 1352000000.0000

INFO:        640          6.4000    1209615.6095     761280.3175     448335.2920          9.5506     153078.9275      -3503.0699          0.0000          0.0000     611704.4599        300.8174 1352000000.0000

INFO:        660          6.6000    1209009.1282     760834.6053     448174.5228          9.5743     153926.3939      -3418.9757          0.0000          0.0000     610327.1872        300.7095 1352000000.0000

INFO:        680          6.8000    1207794.4019     759106.1394     448688.2626          9.5659     153578.8933      -3459.3505          0.0000          0.0000     608986.5966        301.0542 1352000000.0000

INFO:        700          7.0000    1206048.3481     757644.8797     448403.4684          9.5589     153416.8846      -3423.3455          0.0000          0.0000     607651.3406        300.8631 1352000000.0000

INFO:        720          7.2000    1204662.6114     756531.0723     448131.5391          9.5639     153655.0338      -3492.8902          0.0000          0.0000     606368.9286        300.6807 1352000000.0000

INFO:        740          7.4000    1203215.2999     754570.4666     448644.8333          9.5363     152900.1972      -3417.4560          0.0000          0.0000     605087.7254        301.0251 1352000000.0000

INFO:        760          7.6000    1201922.5281     753909.8743     448012.6538          9.5541     153382.9948      -3320.1530          0.0000          0.0000     603847.0325        300.6009 1352000000.0000

INFO:        780          7.8000    1200247.9952     752421.2497     447826.7455          9.5504     153168.6703      -3408.2111          0.0000          0.0000     602660.7905        300.4762 1352000000.0000

INFO:        800          8.0000    1199113.5164     751476.5348     447636.9817          9.5594     153393.9707      -3429.4667          0.0000          0.0000     601512.0308        300.3488 1352000000.0000

INFO:        820          8.2000    1198100.3747     750434.7403     447665.6344          9.5662     153413.7067      -3390.3265          0.0000          0.0000     600411.3602        300.3681 1352000000.0000

INFO:        840          8.4000    1197425.2235     749634.3386     447790.8849          9.5635     153518.8977      -3214.5040          0.0000          0.0000     599329.9449        300.4521 1352000000.0000

INFO:        860          8.6000    1195633.0913     747988.8826     447644.2088          9.5395     152793.9705      -3071.0296          0.0000          0.0000     598265.9416        300.3537 1352000000.0000

INFO:        880          8.8000    1194669.9712     747161.0859     447508.8853          9.5398     152924.2851      -2979.1119          0.0000          0.0000     597215.9127        300.2629 1352000000.0000

INFO:        900          9.0000    1193758.2233     746365.7066     447392.5167          9.5445     153175.7048      -2981.4888          0.0000          0.0000     596171.4906        300.1848 1352000000.0000

INFO:        920          9.2000    1191935.1309     744901.1404     447033.9905          9.5357     152732.0686      -2991.9932          0.0000          0.0000     595161.0650        299.9442 1352000000.0000

INFO:        940          9.4000    1191515.8007     744543.2922     446972.5085          9.5482     153072.2407      -2695.7663          0.0000          0.0000     594166.8178        299.9030 1352000000.0000

INFO:        960          9.6000    1190650.0355     743575.8797     447074.1557          9.5525     153007.9574      -2600.1253          0.0000          0.0000     593168.0476        299.9712 1352000000.0000

INFO:        980          9.8000    1189648.2306     742549.4633     447098.7673          9.5419     153008.5349      -2652.1138          0.0000          0.0000     592193.0422        299.9877 1352000000.0000

INFO:       1000         10.0000    1189148.3949     741967.4438     447180.9512          9.5474     153381.0875      -2645.2482          0.0000          0.0000     591231.6044        300.0429 1352000000.0000

INFO:       1020         10.2000    1187631.5447     740465.8300     447165.7148          9.5285     152832.5091      -2679.6090          0.0000          0.0000     590312.9299        300.0326 1352000000.0000

INFO:       1040         10.4000    1187010.9088     739380.5492     447630.3596          9.5227     152645.0640      -2653.0903          0.0000          0.0000     589388.5754        300.3444 1352000000.0000

INFO:       1060         10.6000    1186317.7643     739216.2530     447101.5113          9.5386     153257.6515      -2526.2914          0.0000          0.0000     588484.8930        299.9896 1352000000.0000

INFO:       1080         10.8000    1186055.3469     738196.1712     447859.1757          9.5451     153310.1233      -2699.5977          0.0000          0.0000     587585.6456        300.4979 1352000000.0000

INFO:       1100         11.0000    1185257.3187     737474.1480     447783.1707          9.5551     153600.2587      -2821.0064          0.0000          0.0000     586694.8957        300.4469 1352000000.0000

INFO:       1120         11.2000    1184211.6200     736458.8073     447752.8127          9.5497     153194.1285      -2600.1907          0.0000          0.0000     585864.8695        300.4266 1352000000.0000

INFO:       1140         11.4000    1183906.5331     736258.4643     447648.0688          9.5572     153555.9467      -2350.5791          0.0000          0.0000     585053.0967        300.3563 1352000000.0000

INFO:       1160         11.6000    1183534.2809     735290.4214     448243.8595          9.5561     153351.9381      -2326.4787          0.0000          0.0000     584264.9620        300.7560 1352000000.0000

INFO:       1180         11.8000    1182264.6504     734332.8716     447931.7788          9.5444     153242.5348      -2388.5044          0.0000          0.0000     583478.8412        300.5466 1352000000.0000

INFO:       1200         12.0000    1180682.4817     733703.3509     446979.1308          9.5559     153602.7609      -2577.0331          0.0000          0.0000     582677.6230        299.9074 1352000000.0000

INFO:       1220         12.2000    1180106.7481     732480.1203     447626.6278          9.5536     153195.0663      -2601.2695          0.0000          0.0000     581886.3235        300.3419 1352000000.0000

INFO:       1240         12.4000    1178791.4823     731859.8775     446931.6048          9.5496     153235.5901      -2493.7202          0.0000          0.0000     581118.0077        299.8756 1352000000.0000

INFO:       1260         12.6000    1177315.8636     731131.3055     446184.5581          9.5504     153182.3445      -2428.6568          0.0000          0.0000     580377.6178        299.3743 1352000000.0000

INFO:       1280         12.8000    1176994.3562     730334.9826     446659.3736          9.5555     153179.4528      -2480.0484          0.0000          0.0000     579635.5783        299.6929 1352000000.0000

INFO:       1300         13.0000    1175816.9374     729735.6295     446081.3079          9.5464     153148.9357      -2332.3704          0.0000          0.0000     578919.0642        299.3050 1352000000.0000

INFO:       1320         13.2000    1175626.9619     729179.3771     446447.5849          9.5534     153150.4080      -2184.5719          0.0000          0.0000     578213.5410        299.5508 1352000000.0000

INFO:       1340         13.4000    1175275.0121     728369.6287     446905.3835          9.5414     153150.0086      -2285.1801          0.0000          0.0000     577504.8001        299.8580 1352000000.0000

INFO:       1360         13.6000    1174112.0643     727208.0147     446904.0497          9.5259     152809.8567      -2406.9240          0.0000          0.0000     576805.0820        299.8571 1352000000.0000

INFO:       1380         13.8000    1174135.3994     727428.4265     446706.9729          9.5516     153601.3653      -2283.5292          0.0000          0.0000     576110.5903        299.7248 1352000000.0000

INFO:       1400         14.0000    1173493.2343     726725.6658     446767.5685          9.5561     153482.3697      -2175.6877          0.0000          0.0000     575418.9838        299.7655 1352000000.0000

INFO:       1420         14.2000    1173043.6799     726240.4923     446803.1876          9.5652     153663.8576      -2144.0745          0.0000          0.0000     574720.7093        299.7894 1352000000.0000

INFO:       1440         14.4000    1171621.9626     725304.3226     446317.6400          9.5525     153348.7684      -2101.0294          0.0000          0.0000     574056.5836        299.4636 1352000000.0000

INFO:       1460         14.6000    1170939.1045     724812.3568     446126.7477          9.5549     153495.4581      -2083.9766          0.0000          0.0000     573400.8754        299.3355 1352000000.0000

INFO:       1480         14.8000    1170149.2874     723650.0192     446499.2682          9.5461     153017.0837      -2112.7109          0.0000          0.0000     572745.6465        299.5855 1352000000.0000

INFO:       1500         15.0000    1169701.8434     723213.8644     446487.9790          9.5488     153247.7390      -2146.0497          0.0000          0.0000     572112.1751        299.5779 1352000000.0000

INFO:       1520         15.2000    1169198.0502     722849.3735     446348.6767          9.5672     153478.6190      -2123.5157          0.0000          0.0000     571494.2702        299.4844 1352000000.0000

INFO:       1540         15.4000    1168531.9239     722558.7745     445973.1494          9.5651     153552.6524      -1905.2925          0.0000          0.0000     570911.4146        299.2325 1352000000.0000

INFO:       1560         15.6000    1168251.7986     722060.9489     446190.8497          9.5630     153515.2285      -1784.1687          0.0000          0.0000     570329.8891        299.3785 1352000000.0000

INFO:       1580         15.8000    1167242.3152     721440.9597     445801.3555          9.5617     153645.5839      -1969.4546          0.0000          0.0000     569764.8303        299.1172 1352000000.0000

INFO:       1600         16.0000    1166535.5762     720572.6917     445962.8845          9.5500     153446.7084      -2059.9042          0.0000          0.0000     569185.8875        299.2256 1352000000.0000

INFO:       1620         16.2000    1166171.4639     719435.1766     446736.2873          9.5368     152949.9990      -2104.0738          0.0000          0.0000     568589.2513        299.7445 1352000000.0000

INFO:       1640         16.4000    1165189.4097     719235.0234     445954.3863          9.5495     153488.8144      -2266.3540          0.0000          0.0000     568012.5631        299.2199 1352000000.0000

INFO:       1660         16.6000    1164358.3045     718221.2072     446137.0973          9.5314     152927.7430      -2159.9461          0.0000          0.0000     567453.4103        299.3425 1352000000.0000

INFO:       1680         16.8000    1163408.0283     717558.1582     445849.8702          9.5264     152684.7407      -2034.8857          0.0000          0.0000     566908.3032        299.1497 1352000000.0000

INFO:       1700         17.0000    1163718.2742     717572.9893     446145.2849          9.5510     153478.5095      -2267.1019          0.0000          0.0000     566361.5816        299.3480 1352000000.0000

INFO:       1720         17.2000    1162939.5340     716897.7738     446041.7602          9.5433     153117.1779      -2060.6911          0.0000          0.0000     565841.2870        299.2785 1352000000.0000

INFO:       1740         17.4000    1162820.7280     716652.9461     446167.7820          9.5452     153237.4810      -1907.3415          0.0000          0.0000     565322.8066        299.3631 1352000000.0000

INFO:       1760         17.6000    1162099.9708     716589.2418     445510.7290          9.5581     153627.5667      -1864.1457          0.0000          0.0000     564825.8208        298.9222 1352000000.0000

INFO:       1780         17.8000    1161368.8781     715411.6227     445957.2554          9.5338     152869.5117      -1804.0759          0.0000          0.0000     564346.1869        299.2218 1352000000.0000

INFO:       1800         18.0000    1160173.7280     715027.0121     445146.7159          9.5354     152892.5003      -1726.8536          0.0000          0.0000     563861.3654        298.6780 1352000000.0000

INFO:       1820         18.2000    1160134.2366     714619.6953     445514.5413          9.5400     153053.2483      -1801.7348          0.0000          0.0000     563368.1818        298.9248 1352000000.0000

INFO:       1840         18.4000    1158677.3184     713803.9060     444873.4124          9.5326     152836.6801      -1880.4459          0.0000          0.0000     562847.6718        298.4946 1352000000.0000

INFO:       1860         18.6000    1158438.7943     713467.9291     444970.8652          9.5364     153232.7219      -2070.7049          0.0000          0.0000     562305.9122        298.5600 1352000000.0000

INFO:       1880         18.8000    1158047.5536     712825.7903     445221.7633          9.5458     153089.6265      -2052.6013          0.0000          0.0000     561788.7651        298.7283 1352000000.0000

INFO:       1900         19.0000    1157774.5850     711722.4651     446052.1199          9.5202     152383.0155      -1950.9878          0.0000          0.0000     561290.4374        299.2854 1352000000.0000

INFO:       1920         19.2000    1157644.6465     712063.4252     445581.2213          9.5413     153102.3198      -1829.5486          0.0000          0.0000     560790.6540        298.9695 1352000000.0000

INFO:       1940         19.4000    1156650.1099     711330.9181     445319.1919          9.5370     152874.6503      -1847.0249          0.0000          0.0000     560303.2927        298.7937 1352000000.0000

INFO:       1960         19.6000    1156229.4023     710584.8159     445644.5865          9.5278     152677.4364      -1923.5527          0.0000          0.0000     559830.9321        299.0120 1352000000.0000

INFO:       1980         19.8000    1156258.9988     710487.9977     445771.0011          9.5370     152929.6722      -1851.8774          0.0000          0.0000     559410.2029        299.0968 1352000000.0000

INFO:       2000         20.0000    1155732.0183     710158.6280     445573.3903          9.5309     152880.2680      -1710.6746          0.0000          0.0000     558989.0345        298.9642 1352000000.0000

 
[STEP6] Deallocate Arrays
 
Output_Time> Averaged timer profile (Min, Max)
  total time      =     272.926
    setup         =       4.091
    dynamics      =     268.835
      energy      =     196.572
      integrator  =      43.114
      migration   =       0.000
      pairlist    =      27.282 (      26.594,      30.467)
  energy           
    bond          =       0.973 (       0.881,       1.040)
    angle         =       0.016 (       0.015,       0.020)
    dihedral      =       0.016 (       0.015,       0.019)
    base stacking =       0.000 (       0.000,       0.000)
    nonbond       =     139.511 (     134.742,     143.828)
      CG exv      =       1.346 (       1.022,       1.813)
      CG DNA bp   =       0.000 (       0.000,       0.000)
      CG DNA exv  =       0.000 (       0.000,       0.000)
      CG ele      =      93.917 (      90.685,      96.591)
      CG PWMcos   =       0.000 (       0.000,       0.000)
      CG PWMcosns =       0.000 (       0.000,       0.000)
      CG IDR-HPS  =      44.239 (      43.026,      45.541)
      CG IDR-KH   =       0.000 (       0.000,       0.000)
      CG KH       =       0.000 (       0.000,       0.000)
      Contact     =       0.007 (       0.006,       0.008)
      pme real    =       0.000 (       0.000,       0.000)
      pme recip   =       0.000 (       0.000,       0.000)
    solvation     =       0.000 (       0.000,       0.000)
      polar       =       0.000 (       0.000,       0.000)
      non-polar   =       0.000 (       0.000,       0.000)
    restraint     =       0.000 (       0.000,       0.000)
    qmmm          =       0.000 (       0.000,       0.000)
    morph         =       0.000 (       0.000,       0.000)
  integrator       
    constraint    =       0.000 (       0.000,       0.000)
    update        =       0.000 (       0.000,       0.000)
    comm_coord    =       0.000 (       0.000,       0.000)
    comm_force    =       0.000 (       0.000,       0.000)
  migration       =       0.000 (       0.000,       0.000)
    comm_migrate  =       0.000 (       0.000,       0.000)
    ptl_migrate   =       0.000 (       0.000,       0.000)
    bond_migrate  =       0.000 (       0.000,       0.000)
    angl_migrate  =       0.000 (       0.000,       0.000)
    dihe_migrate  =       0.000 (       0.000,       0.000)
    contact_migr  =       0.000 (       0.000,       0.000)
    stack_migrate =       0.000 (       0.000,       0.000)
    pwmcos_migrate =       0.000 (       0.000,       0.000)
    pwmcosns_migr  =       0.000 (       0.000,       0.000)
    nonb_update    =       0.000 (       0.000,       0.000)

