****************************************************
*                                                  *
*                  GENESIS ATDYN                   *
*                                                  *
*        A Molecular Dynamics Simulator with       *
*            Atomic Decomposition Scheme           *
*                                                  *
*               Developed by RIKEN                 *
*                                                  *
****************************************************
 
[STEP0] Architecture and Compiler Information
 
GENESIS_Information> GENESIS Information
  version      = 2.0.0
  commit ID    = $GENESIS_VERSION$
  precision    = double
  nonbonding   = CPU

Build_Information> Compiler Information
  build host   = jjwsmj@hokusai2
  fortran      = ifort (IFORT) 2021.7.1 20221019
  option       = 
  -axCORE-AVX512 -g -O3  -qmkl=parallel  -assume byterecl -qopenmp  
  C            = 
 icc: remark #10441: The Intel(R) C++ Compiler Classic (ICC) is deprecated and w
 ill be removed from product release in the second half of 2023. The Intel(R) on
 eAPI DPC++/C++ Compiler (ICX) is the recommended compiler moving forward. Pleas
 e transition to use this compiler. Use '-diag-disable=10441' to disable this me
 ssage.
  option       = -O3 -ip -axCORE-AVX2  -qopenmp 
  defined var. = 
  -DHAVE_MPI_GENESIS -DOMP -DIFORT19 -DFFTE -DLAPACK -DDSFMT_MEXP=19937 -DINTEL
  link option  = 
  -assume byterecl -lgfortran -qopenmp  -lmkl_intel_lp64 -lmkl_sequential -lmkl_
 core -lmkl_lapack95_lp64   
  MPI Compiler = Intel(R) MPI

Runtime_Information> Machine and Library Information
  date       = 2023/05/12 15:27:40
  cpu model    = Intel(R) Xeon(R) Gold 6148 CPU @ 2.40GHz
  exec. host   = jjwsmj@bwmpc0241
  LD library   = 
 /bwfefs/opt/x86_64/intel/oneapi/2022.3/mpi/2021.7.1/libfabric/lib:/bwfefs/opt/x
 86_64/intel/oneapi/2022.3/mpi/2021.7.1/lib/release:/bwfefs/opt/x86_64/intel/one
 api/2022.3/mpi/2021.7.1/lib:/bwfefs/opt/x86_64/intel/oneapi/2022.3/tbb/2021.7.1
 /lib/intel64/gcc4.8:/usr/lib64:/bwfefs/opt/x86_64/intel/oneapi/2022.3/vpl/2022.
 2.5/lib:/bwfefs/opt/x86_64/intel/oneapi/2022.3/mkl/latest/lib/intel64:/bwfefs/o
 pt/x86_64/intel/oneapi/2022.3/itac/2021.7.1/slib:/bwfefs/opt/x86_64/intel/oneap
 i/2022.3/ippcp/2021.6.2/lib/intel64:/bwfefs/opt/x86_64/intel/oneapi/2022.3/ipp/
 2021.6.2/lib/intel64:/bwfefs/opt/x86_64/intel/oneapi/2022.3/dnnl/2022.2.1/cpu_d
 pcpp_gpu_dpcpp/lib:/bwfefs/opt/x86_64/intel/oneapi/2022.3/dal/2021.7.1/lib/inte
 l64:/bwfefs/opt/x86_64/intel/oneapi/2022.3/compiler/2022.2.1/linux/compiler/lib
 :/bwfefs/opt/x86_64/intel/oneapi/2022.3/compiler/2022.2.1/linux/lib/oclfpga/hos
 t/linux64/lib:/bwfefs/opt/x86_64/intel/oneapi/2022.3/compiler/2022.2.1/linux/li
 b/oclfpga/linux64/lib:/bwfefs/opt/x86_64/intel/oneapi/2022.3/compiler/2022.2.1/
 linux/lib:/bwfefs/opt/x86_64/intel/oneapi/2022.3/compiler/2022.2.1/linux/lib/x6
 4:/bwfefs/opt/x86_64/intel/oneapi/2022.3/compiler/2022.2.1/linux/lib/emu:/bwfef
 s/opt/x86_64/intel/oneapi/2022.3/compiler/2022.2.1/linux/compiler/lib/intel64_l
 in:/bwfefs/opt/x86_64/intel/oneapi/2022.3/debugger/2021.7.1/dep/lib:/bwfefs/opt
 /x86_64/intel/oneapi/2022.3/debugger/2021.7.1/libipt/intel64/lib:/bwfefs/opt/x8
 6_64/intel/oneapi/2022.3/debugger/2021.7.1/gdb/intel64/lib:/bwfefs/opt/x86_64/
 MPI Runtime = Intel(R) MPI Library 2021.7 for Linux* OS


[STEP1] Read Control Parameters
 
Read_Ctrl_Input> Input Files
  grotopfile = pro.top
  grocrdfile = crd/pos_5000.gro
 
Read_Ctrl_Output> Output Files
 
Read_Ctrl_Energy> WARNING: "water_model" is not available
Read_Ctrl_Energy> Parameters of Energy Calculations
  forcefield      =    RESIDCG
  switchdist      =     10.000  cutoffdist      =     12.000
  pairlistdist    =     13.500  dielec_const    =      1.000
  debye           =     10.000
  vdw_force_switch=         no
  electrostatic   =  CUTOFF
  implicit_solvent=       none
  table           =         no
  water_model     =       NONE
  output_style    =    GENESIS
  dispersion_corr =       none
  nonb_limiter    =      no
  user def. table =     no
  efield_x        =           0.000
  efield_y        =           0.000
  efield_z        =           0.000
  efield_normal   =              no
  efield_virial   =              no
 
Read_Ctrl_Dynamics> Parameters of MD simulation
  integrator      =    VVER_CG  nsteps          =       2000
  timestep        =     0.0100  initial_time    =     0.0000
  eneout_period   =         20  rstout_period   =          0
  crdout_period   =          0  velout_period   =          0
  nbupdate_period =         20  stoptr_period   =         10
  qmsave_period   =          0
  iseed           =         -1
  annealing       =         no
  verbose         =         no
  target_md       =         no
  steered_md      =         no
  shrink_box      =         no
  esp_mm          =         no
 
Read_Ctrl_Constraints> Parameters for Constraints
  rigid_bond      =         no
  fixatm_select_index        =       none
 
Read_Ctrl_Ensemble> Parameters for Ensemble
  ensemble        =        NVT
  temperature     =    300.000
  tpcontrol       =   LANGEVIN
  gamma_t         =      1.000
 
Read_Ctrl_Boundary> Parameters of Boundary Condition
  type            =     PBC   
  box_size(x,y,z) =   3200.000   650.000   650.000
  pairlist_grid   =      3.000
 
Read_Ctrl_Selection> Parameters of Selection
  # of groups     =          0
  # of mole names =          0
 
Read_Ctrl_Restraints> No restraint in the system

Read_Ctrl_Fitting_MD> Parameters of Fitting
  fitting method  =  TR+ROT   
  fitting atom    = group1
  mass_weight     =         no
 
[STEP2] Setup MPI
 
Setup_Mpi_Md> Summary of Setup MPI
  number of MPI processes   =         16
  number of OpenMP threads  =          5
  total number of CPU cores =         80

[STEP3] Set Relevant Variables and Structures
 
Read_Grotop> Summary of Grotopfile
  num_moltypes    =          1
    pos100_cg             :
      num_atoms   =        100
      num_bonds   =         99
      num_angls   =          0
      num_dihes   =          0
      num_cmaps   =          0
      num_excls   =          0
      num_constrs =          0
      num_pairs   =          0
      num_vsites2 =          0
      num_vsites3 =          0
      num_vsites4 =          0
      num_vsitesn =          0
      num_posress =          0
      num_PWMcos  =          0
      num_PWMcosns=          0
      num_IDR_HPS =          1
      num_IDR_KH  =          0
    .. not used molecule types were hidden.

  num_molecules   =       5000
    pos100_cg             :  5000

  num_atomtypes   =         33  num_bondtypes   =          0
  num_angltypes   =          0  num_dihetypes   =          0
  num_flangltypes           20
  num_fldihetypes          400
  num_constrtypes =          0  num_cmaptypes   =          0
  num_nbonparms   =          0
  num_basestacktypes  =     16
  num_basepairtypes   =      4
  num_basecrosstypes  =     32
  num_cgdnaexvtypes   =      6
  num_cgelemolpairs   =      1
  num_cg_IDR_HPS_atomtypes  =     20
  num_cg_KH_atomtypes  =    20

  num_cg_pair_MJ_eps   =   400

Define_Molecule> Summary of molecules
  num_atoms       =     500000  num_bonds       =     495000
  num_angles      =          0  num_dihedrals   =          0
  num_impropers   =          0  num_cmap_terms  =          0
  num_residues    =     500000  num_molecules   =       5000
  num_segments    =          1  num_deg_freedom =    1500000
  total_charge    = 500000.000
 
Update_Num_Deg_Freedom> Number of degrees of freedom was updated
  num_deg_freedom =    1499997 (After removing translation)
 
Setup_Boundary> Setup Variables for Boundary Condition
  box_size(x,y,z) =   3200.000   650.000   650.000
  origin(x,y,z)   =      0.000     0.000     0.000
 
Random_Init> Initialize the random number
  seed            = 855485

Define_Enefunc_Gromacs> Number of Interactions in Each Term
  bond_ene        =     495000  angle_ene       =          0
  torsion_ene     =          0  rb_torsion_ene  =          0
  improper_ene    =          0
  nb_exclusions   =     495000  nb14_calc       =          0
  vsite2_ene      =          0  vsite3_ene      =          0
  vsite3fd_ene    =          0  vsite3fad_ene   =          0
  vsite3out_ene   =          0  vsite4fdn_ene   =          0
  vsiten_ene      =          0
 restraint_groups =          0 restraint_funcs  =          0
 
Get_Morph_in> Morphing check
  morphing_bb     =          0  morphing_sc     =          0
 
Setup_Fitting_Atdyn> NO fitting is applied, skip
  fitting method  =  NO
 
[STEP4] Compute Single Point Energy for Molecules
 
            STEP          ENERGY            BOND  NATIVE_CONTACT NON-NATIVE_CONT           ELECT         IDR_HPS          CG_EXV
 --------------- --------------- --------------- --------------- ---------------
               0     853902.2916     170690.3546          0.0000          0.0000     681472.3800       1739.5570          0.0000

[STEP5] Perform Molecular Dynamics Simulation
 
Generate_Velocity> Generate initial velocities
  iseed           =     855485
  temperature     =    300.000
 
Random_Init_Velocity> Initialize the random number
  seed            = 855485

INFO:       STEP            TIME       TOTAL_ENE   POTENTIAL_ENE     KINETIC_ENE            RMSG            BOND         IDR_HPS  NATIVE_CONTACT          CG_EXV           ELECT     TEMPERATURE          VOLUME
 --------------- --------------- --------------- --------------- ---------------
INFO:          0          0.0000    1300831.2632     853902.2916     446928.9717         10.1780     170690.3546       1739.5570          0.0000          0.0000     681472.3800        299.8738 1352000000.0000

Random_Init> Initialize the random number
  seed            = 1796491094

INFO:         20          0.2000    1295412.4171     843017.5904     452394.8266          9.8824     161558.1373        720.1928          0.0000          0.0000     680739.2603        303.5412 1352000000.0000

INFO:         40          0.4000    1291389.1396     837787.6344     453601.5052          9.8013     160040.6127      -1155.3210          0.0000          0.0000     678902.3427        304.3508 1352000000.0000

INFO:         60          0.6000    1287744.5007     831973.7169     455770.7838          9.7345     158528.4375      -2945.3735          0.0000          0.0000     676390.6529        305.8063 1352000000.0000

INFO:         80          0.8000    1283107.2606     826899.6170     456207.6435          9.7032     157287.7332      -3926.0726          0.0000          0.0000     673537.9564        306.0995 1352000000.0000

INFO:        100          1.0000    1278458.1785     822761.7283     455696.4501          9.6859     156794.1179      -4540.0111          0.0000          0.0000     670507.6215        305.7565 1352000000.0000

INFO:        120          1.2000    1273926.9848     818061.7452     455865.2396          9.6427     155381.0733      -4758.1557          0.0000          0.0000     667438.8276        305.8697 1352000000.0000

INFO:        140          1.4000    1270350.8490     815217.9360     455132.9130          9.6416     155629.6686      -4802.6481          0.0000          0.0000     664390.9155        305.3783 1352000000.0000

INFO:        160          1.6000    1266098.4934     811479.6384     454618.8550          9.6260     155159.4047      -5040.4111          0.0000          0.0000     661360.6448        305.0334 1352000000.0000

INFO:        180          1.8000    1262267.6014     807422.8970     454844.7044          9.6045     154387.9743      -5344.2624          0.0000          0.0000     658379.1851        305.1850 1352000000.0000

INFO:        200          2.0000    1258224.1040     804237.2074     453986.8966          9.5958     154281.6998      -5533.7604          0.0000          0.0000     655489.2680        304.6094 1352000000.0000

INFO:        220          2.2000    1255103.4550     801357.1803     453746.2747          9.5775     154144.0140      -5478.6664          0.0000          0.0000     652691.8328        304.4480 1352000000.0000

INFO:        240          2.4000    1251346.8861     798505.7719     452841.1143          9.5739     153692.1119      -5208.6250          0.0000          0.0000     650022.2850        303.8406 1352000000.0000

INFO:        260          2.6000    1248581.1643     796498.7109     452082.4534          9.5878     154156.3139      -5121.8403          0.0000          0.0000     647464.2373        303.3316 1352000000.0000

INFO:        280          2.8000    1246466.2623     794214.0587     452252.2037          9.5914     154313.0746      -5079.0730          0.0000          0.0000     644980.0571        303.4455 1352000000.0000

INFO:        300          3.0000    1243324.0800     791436.2672     451887.8128          9.5721     153873.0920      -5025.0065          0.0000          0.0000     642588.1816        303.2010 1352000000.0000

INFO:        320          3.2000    1240129.5158     789300.9089     450828.6069          9.5658     153849.9733      -4808.4447          0.0000          0.0000     640259.3802        302.4903 1352000000.0000

INFO:        340          3.4000    1237645.6553     786938.5979     450707.0573          9.5660     153831.8520      -4912.1951          0.0000          0.0000     638018.9410        302.4087 1352000000.0000

INFO:        360          3.6000    1235102.2523     784604.9674     450497.2849          9.5633     153615.9280      -4846.7545          0.0000          0.0000     635835.7938        302.2680 1352000000.0000

INFO:        380          3.8000    1232249.3784     782348.7483     449900.6301          9.5547     153310.5228      -4672.6621          0.0000          0.0000     633710.8875        301.8677 1352000000.0000

INFO:        400          4.0000    1229944.7422     780401.2756     449543.4666          9.5575     153317.7273      -4594.5683          0.0000          0.0000     631678.1166        301.6280 1352000000.0000

INFO:        420          4.2000    1228436.0103     778466.8253     449969.1849          9.5546     153361.0869      -4597.6242          0.0000          0.0000     629703.3626        301.9137 1352000000.0000

INFO:        440          4.4000    1226074.5085     776890.4369     449184.0716          9.5606     153515.4536      -4441.2618          0.0000          0.0000     627816.2451        301.3869 1352000000.0000

INFO:        460          4.6000    1224543.9984     775154.0164     449389.9820          9.5571     153339.1852      -4177.4163          0.0000          0.0000     625992.2474        301.5250 1352000000.0000

INFO:        480          4.8000    1222588.7247     773349.9608     449238.7639          9.5425     153189.7334      -4064.1775          0.0000          0.0000     624224.4048        301.4236 1352000000.0000

INFO:        500          5.0000    1220903.5550     771528.5829     449374.9721          9.5421     153049.6247      -4047.5385          0.0000          0.0000     622526.4967        301.5150 1352000000.0000

INFO:        520          5.2000    1219190.3918     770101.4274     449088.9645          9.5438     153147.5245      -3922.4207          0.0000          0.0000     620876.3236        301.3231 1352000000.0000

INFO:        540          5.4000    1216571.3436     768341.1478     448230.1958          9.5379     153075.8179      -4016.2151          0.0000          0.0000     619281.5450        300.7469 1352000000.0000

INFO:        560          5.6000    1214611.1182     766545.3956     448065.7226          9.5203     152683.5849      -3847.3421          0.0000          0.0000     617709.1529        300.6365 1352000000.0000

INFO:        580          5.8000    1214033.4408     765489.0298     448544.4110          9.5343     153059.6838      -3760.2559          0.0000          0.0000     616189.6019        300.9577 1352000000.0000

INFO:        600          6.0000    1212295.2890     764247.3886     448047.9004          9.5446     153367.0984      -3831.3072          0.0000          0.0000     614711.5974        300.6245 1352000000.0000

INFO:        620          6.2000    1211147.5936     762565.6247     448581.9690          9.5478     153238.9382      -3985.0475          0.0000          0.0000     613311.7340        300.9829 1352000000.0000

INFO:        640          6.4000    1209782.6681     761534.7433     448247.9249          9.5495     153357.8719      -3775.0394          0.0000          0.0000     611951.9107        300.7588 1352000000.0000

INFO:        660          6.6000    1208676.8658     760369.9573     448306.9084          9.5461     153419.2113      -3669.1417          0.0000          0.0000     610619.8877        300.7983 1352000000.0000

INFO:        680          6.8000    1207581.8964     758819.1980     448762.6984          9.5391     152978.9095      -3514.1860          0.0000          0.0000     609354.4745        301.1042 1352000000.0000

INFO:        700          7.0000    1206450.4943     758444.5043     448005.9901          9.5574     153609.3241      -3287.8336          0.0000          0.0000     608123.0137        300.5964 1352000000.0000

INFO:        720          7.2000    1204564.6457     756603.1287     447961.5170          9.5424     153080.2497      -3407.3850          0.0000          0.0000     606930.2640        300.5666 1352000000.0000

INFO:        740          7.4000    1203097.4701     755295.8988     447801.5713          9.5248     152895.3845      -3370.8439          0.0000          0.0000     605771.3581        300.4593 1352000000.0000

INFO:        760          7.6000    1202081.5924     754422.6403     447658.9521          9.5329     152809.3560      -3039.3486          0.0000          0.0000     604652.6329        300.3636 1352000000.0000

INFO:        780          7.8000    1200663.7455     753403.7588     447259.9868          9.5314     152697.0960      -2839.0012          0.0000          0.0000     603545.6639        300.0959 1352000000.0000

INFO:        800          8.0000    1200158.9485     752773.9104     447385.0382          9.5444     153237.2893      -2898.4710          0.0000          0.0000     602435.0921        300.1798 1352000000.0000

INFO:        820          8.2000    1198779.0590     751304.2775     447474.7815          9.5349     152967.5576      -2984.4328          0.0000          0.0000     601321.1527        300.2400 1352000000.0000

INFO:        840          8.4000    1198547.6069     750262.3397     448285.2672          9.5415     153200.7458      -3161.6067          0.0000          0.0000     600223.2007        300.7838 1352000000.0000

INFO:        860          8.6000    1197449.6511     749157.2966     448292.3545          9.5480     153157.4791      -3144.3027          0.0000          0.0000     599144.1202        300.7886 1352000000.0000

INFO:        880          8.8000    1197043.9951     748657.7640     448386.2310          9.5483     153571.5512      -2987.5435          0.0000          0.0000     598073.7563        300.8516 1352000000.0000

INFO:        900          9.0000    1195699.1441     746829.5624     448869.5817          9.5308     152793.8690      -2995.3158          0.0000          0.0000     597031.0092        301.1759 1352000000.0000

INFO:        920          9.2000    1194276.0623     746625.3703     447650.6921          9.5567     153413.0247      -2833.8580          0.0000          0.0000     596046.2036        300.3580 1352000000.0000

INFO:        940          9.4000    1192929.7440     745740.1427     447189.6013          9.5552     153450.1859      -2798.0084          0.0000          0.0000     595087.9651        300.0487 1352000000.0000

INFO:        960          9.6000    1192019.4928     744891.5195     447127.9733          9.5573     153686.4974      -2904.4432          0.0000          0.0000     594109.4654        300.0073 1352000000.0000

INFO:        980          9.8000    1191002.9624     742946.7448     448056.2176          9.5352     152870.8546      -3046.4629          0.0000          0.0000     593122.3531        300.6301 1352000000.0000

INFO:       1000         10.0000    1190217.4065     742668.1779     447549.2285          9.5619     153500.3017      -3011.6791          0.0000          0.0000     592179.5554        300.2900 1352000000.0000

INFO:       1020         10.2000    1189259.1892     741800.9774     447458.2118          9.5612     153488.6322      -2963.2606          0.0000          0.0000     591275.6057        300.2289 1352000000.0000

INFO:       1040         10.4000    1188105.3116     741642.6672     446462.6445          9.5721     154046.0708      -2794.1148          0.0000          0.0000     590390.7112        299.5609 1352000000.0000

INFO:       1060         10.6000    1187731.8696     740362.9918     447368.8778          9.5587     153490.3423      -2657.7220          0.0000          0.0000     589530.3715        300.1689 1352000000.0000

INFO:       1080         10.8000    1186325.5554     739553.1677     446772.3877          9.5540     153398.8892      -2519.1610          0.0000          0.0000     588673.4395        299.7687 1352000000.0000

INFO:       1100         11.0000    1185629.4037     738463.5265     447165.8771          9.5426     153171.6057      -2511.3962          0.0000          0.0000     587803.3170        300.0327 1352000000.0000

INFO:       1120         11.2000    1185315.7183     737767.2625     447548.4558          9.5487     153419.4949      -2574.2576          0.0000          0.0000     586922.0252        300.2894 1352000000.0000

INFO:       1140         11.4000    1184626.7874     736297.4735     448329.3139          9.5363     152939.0829      -2702.7305          0.0000          0.0000     586061.1211        300.8134 1352000000.0000

INFO:       1160         11.6000    1183866.1519     736013.1611     447852.9908          9.5456     153507.1415      -2695.2384          0.0000          0.0000     585201.2581        300.4938 1352000000.0000

INFO:       1180         11.8000    1182800.9092     735702.4020     447098.5072          9.5599     153915.6732      -2603.1698          0.0000          0.0000     584389.8987        299.9875 1352000000.0000

INFO:       1200         12.0000    1182083.6509     734608.1180     447475.5329          9.5560     153625.8185      -2591.4779          0.0000          0.0000     583573.7774        300.2405 1352000000.0000

INFO:       1220         12.2000    1181368.5052     733682.5921     447685.9131          9.5542     153423.3850      -2526.3772          0.0000          0.0000     582785.5843        300.3817 1352000000.0000

INFO:       1240         12.4000    1181411.4191     733422.9058     447988.5133          9.5649     153798.1252      -2417.6968          0.0000          0.0000     582042.4773        300.5847 1352000000.0000

INFO:       1260         12.6000    1180201.9382     732461.6345     447740.3037          9.5569     153482.3676      -2330.4369          0.0000          0.0000     581309.7038        300.4182 1352000000.0000

INFO:       1280         12.8000    1178957.0315     732051.7219     446905.3096          9.5662     153732.0507      -2282.8677          0.0000          0.0000     580602.5389        299.8579 1352000000.0000

INFO:       1300         13.0000    1178730.7643     731331.9718     447398.7926          9.5668     153625.7387      -2202.6668          0.0000          0.0000     579908.8999        300.1890 1352000000.0000

INFO:       1320         13.2000    1176951.3909     730617.3959     446333.9950          9.5608     153546.7859      -2148.4744          0.0000          0.0000     579219.0844        299.4746 1352000000.0000

INFO:       1340         13.4000    1176685.0347     729978.9055     446706.1292          9.5591     153593.3252      -2133.1806          0.0000          0.0000     578518.7609        299.7243 1352000000.0000

INFO:       1360         13.6000    1175786.0038     728920.7660     446865.2378          9.5522     153373.5904      -2260.1146          0.0000          0.0000     577807.2901        299.8310 1352000000.0000

INFO:       1380         13.8000    1174646.0996     728218.3283     446427.7713          9.5587     153400.7790      -2279.5301          0.0000          0.0000     577097.0794        299.5375 1352000000.0000

INFO:       1400         14.0000    1173172.0212     727027.8668     446144.1544          9.5396     152938.6599      -2329.8440          0.0000          0.0000     576419.0509        299.3472 1352000000.0000

INFO:       1420         14.2000    1173292.2293     726624.5209     446667.7084          9.5379     153074.8701      -2223.7172          0.0000          0.0000     575773.3680        299.6985 1352000000.0000

INFO:       1440         14.4000    1172314.2550     725851.5065     446462.7485          9.5256     152851.3730      -2104.7364          0.0000          0.0000     575104.8698        299.5610 1352000000.0000

INFO:       1460         14.6000    1171993.2828     725273.7445     446719.5382          9.5328     153009.3631      -2170.5415          0.0000          0.0000     574434.9229        299.7333 1352000000.0000

INFO:       1480         14.8000    1171619.2502     725283.7917     446335.4586          9.5530     153537.0610      -2034.2059          0.0000          0.0000     573780.9366        299.4756 1352000000.0000

INFO:       1500         15.0000    1170643.6399     724410.7170     446232.9229          9.5404     153289.7341      -2012.5992          0.0000          0.0000     573133.5821        299.4068 1352000000.0000

INFO:       1520         15.2000    1169681.8443     723519.3491     446162.4952          9.5454     153123.1675      -2086.0616          0.0000          0.0000     572482.2432        299.3595 1352000000.0000

INFO:       1540         15.4000    1168559.9373     723067.5467     445492.3907          9.5546     153572.2216      -2341.1198          0.0000          0.0000     571836.4448        298.9099 1352000000.0000

INFO:       1560         15.6000    1167392.8878     721922.9282     445469.9596          9.5458     153108.5005      -2397.1384          0.0000          0.0000     571211.5662        298.8948 1352000000.0000

INFO:       1580         15.8000    1167376.6311     721942.2642     445434.3669          9.5545     153606.2039      -2285.4366          0.0000          0.0000     570621.4969        298.8710 1352000000.0000

INFO:       1600         16.0000    1166472.1324     720958.1370     445513.9955          9.5448     153098.5047      -2181.3752          0.0000          0.0000     570041.0074        298.9244 1352000000.0000

INFO:       1620         16.2000    1165819.6182     720625.1067     445194.5115          9.5469     153299.6331      -2142.6089          0.0000          0.0000     569468.0826        298.7100 1352000000.0000

INFO:       1640         16.4000    1165045.5195     720064.2283     444981.2911          9.5480     153262.6242      -2100.3279          0.0000          0.0000     568901.9320        298.5670 1352000000.0000

INFO:       1660         16.6000    1165619.8226     719715.9308     445903.8918          9.5451     153244.2650      -1868.9859          0.0000          0.0000     568340.6517        299.1860 1352000000.0000

INFO:       1680         16.8000    1165243.0166     718526.6194     446716.3971          9.5309     152631.0872      -1858.6240          0.0000          0.0000     567754.1562        299.7312 1352000000.0000

INFO:       1700         17.0000    1164458.8779     718429.8288     446029.0491          9.5420     153133.5078      -1878.2124          0.0000          0.0000     567174.5334        299.2700 1352000000.0000

INFO:       1720         17.2000    1164155.8973     717854.7267     446301.1706          9.5441     153074.3844      -1844.8784          0.0000          0.0000     566625.2207        299.4526 1352000000.0000

INFO:       1740         17.4000    1164020.8904     716951.5866     447069.3039          9.5386     152762.7732      -1895.4638          0.0000          0.0000     566084.2772        299.9679 1352000000.0000

INFO:       1760         17.6000    1163182.7682     716517.7031     446665.0651          9.5421     152767.7585      -1812.0799          0.0000          0.0000     565562.0244        299.6967 1352000000.0000

INFO:       1780         17.8000    1162987.4357     717041.5928     445945.8429          9.5696     153628.0566      -1638.6808          0.0000          0.0000     565052.2170        299.2141 1352000000.0000

INFO:       1800         18.0000    1162497.9616     716249.7563     446248.2053          9.5571     153381.0682      -1654.7445          0.0000          0.0000     564523.4326        299.4170 1352000000.0000

INFO:       1820         18.2000    1161689.1707     715771.6147     445917.5559          9.5616     153546.4868      -1770.9416          0.0000          0.0000     563996.0695        299.1952 1352000000.0000

INFO:       1840         18.4000    1160313.6474     714349.8969     445963.7505          9.5395     152860.1035      -1995.2845          0.0000          0.0000     563485.0779        299.2262 1352000000.0000

INFO:       1860         18.6000    1160083.7734     714392.9297     445690.8437          9.5527     153325.6045      -1910.5339          0.0000          0.0000     562977.8590        299.0430 1352000000.0000

INFO:       1880         18.8000    1159752.1406     714003.1841     445748.9565          9.5506     153265.1904      -1748.8876          0.0000          0.0000     562486.8813        299.0820 1352000000.0000

INFO:       1900         19.0000    1158973.0745     713281.7542     445691.3203          9.5367     152918.9408      -1638.0828          0.0000          0.0000     562000.8962        299.0434 1352000000.0000

INFO:       1920         19.2000    1158558.8785     713275.4180     445283.4605          9.5469     153355.9903      -1599.5758          0.0000          0.0000     561519.0035        298.7697 1352000000.0000

INFO:       1940         19.4000    1157725.8123     712907.6703     444818.1420          9.5456     153380.9540      -1513.3842          0.0000          0.0000     561040.1005        298.4575 1352000000.0000

INFO:       1960         19.6000    1157305.2573     712315.4865     444989.7709          9.5401     153211.7418      -1433.3538          0.0000          0.0000     560537.0985        298.5726 1352000000.0000

INFO:       1980         19.8000    1157634.6245     711733.8240     445900.8005          9.5416     153193.5897      -1497.9245          0.0000          0.0000     560038.1588        299.1839 1352000000.0000

INFO:       2000         20.0000    1157266.6953     710843.5719     446423.1235          9.5382     152887.6077      -1576.3141          0.0000          0.0000     559532.2782        299.5344 1352000000.0000

 
[STEP6] Deallocate Arrays
 
Output_Time> Averaged timer profile (Min, Max)
  total time      =     270.460
    setup         =       4.205
    dynamics      =     266.254
      energy      =     194.354
      integrator  =      42.776
      migration   =       0.000
      pairlist    =      27.304 (      26.577,      30.007)
  energy           
    bond          =       0.971 (       0.871,       1.081)
    angle         =       0.017 (       0.014,       0.030)
    dihedral      =       0.015 (       0.014,       0.021)
    base stacking =       0.000 (       0.000,       0.000)
    nonbond       =     138.819 (     134.865,     142.723)
      CG exv      =       1.336 (       1.014,       1.837)
      CG DNA bp   =       0.000 (       0.000,       0.000)
      CG DNA exv  =       0.000 (       0.000,       0.000)
      CG ele      =      93.212 (      90.747,      96.031)
      CG PWMcos   =       0.000 (       0.000,       0.000)
      CG PWMcosns =       0.000 (       0.000,       0.000)
      CG IDR-HPS  =      44.261 (      43.097,      45.497)
      CG IDR-KH   =       0.000 (       0.000,       0.000)
      CG KH       =       0.000 (       0.000,       0.000)
      Contact     =       0.006 (       0.006,       0.008)
      pme real    =       0.000 (       0.000,       0.000)
      pme recip   =       0.000 (       0.000,       0.000)
    solvation     =       0.000 (       0.000,       0.000)
      polar       =       0.000 (       0.000,       0.000)
      non-polar   =       0.000 (       0.000,       0.000)
    restraint     =       0.000 (       0.000,       0.000)
    qmmm          =       0.000 (       0.000,       0.000)
    morph         =       0.000 (       0.000,       0.000)
  integrator       
    constraint    =       0.000 (       0.000,       0.000)
    update        =       0.000 (       0.000,       0.000)
    comm_coord    =       0.000 (       0.000,       0.000)
    comm_force    =       0.000 (       0.000,       0.000)
  migration       =       0.000 (       0.000,       0.000)
    comm_migrate  =       0.000 (       0.000,       0.000)
    ptl_migrate   =       0.000 (       0.000,       0.000)
    bond_migrate  =       0.000 (       0.000,       0.000)
    angl_migrate  =       0.000 (       0.000,       0.000)
    dihe_migrate  =       0.000 (       0.000,       0.000)
    contact_migr  =       0.000 (       0.000,       0.000)
    stack_migrate =       0.000 (       0.000,       0.000)
    pwmcos_migrate =       0.000 (       0.000,       0.000)
    pwmcosns_migr  =       0.000 (       0.000,       0.000)
    nonb_update    =       0.000 (       0.000,       0.000)

