****************************************************
*                                                  *
*                  GENESIS ATDYN                   *
*                                                  *
*        A Molecular Dynamics Simulator with       *
*            Atomic Decomposition Scheme           *
*                                                  *
*               Developed by RIKEN                 *
*                                                  *
****************************************************
 
[STEP0] Architecture and Compiler Information
 
GENESIS_Information> GENESIS Information
  version      = 2.0.0
  commit ID    = $GENESIS_VERSION$
  precision    = double
  nonbonding   = CPU

Build_Information> Compiler Information
  build host   = jjwsmj@hokusai2
  fortran      = ifort (IFORT) 2021.7.1 20221019
  option       = 
  -axCORE-AVX512 -g -O3  -qmkl=parallel  -assume byterecl -qopenmp  
  C            = 
 icc: remark #10441: The Intel(R) C++ Compiler Classic (ICC) is deprecated and w
 ill be removed from product release in the second half of 2023. The Intel(R) on
 eAPI DPC++/C++ Compiler (ICX) is the recommended compiler moving forward. Pleas
 e transition to use this compiler. Use '-diag-disable=10441' to disable this me
 ssage.
  option       = -O3 -ip -axCORE-AVX2  -qopenmp 
  defined var. = 
  -DHAVE_MPI_GENESIS -DOMP -DIFORT19 -DFFTE -DLAPACK -DDSFMT_MEXP=19937 -DINTEL
  link option  = 
  -assume byterecl -lgfortran -qopenmp  -lmkl_intel_lp64 -lmkl_sequential -lmkl_
 core -lmkl_lapack95_lp64   
  MPI Compiler = Intel(R) MPI

Runtime_Information> Machine and Library Information
  date       = 2023/05/12 15:27:39
  cpu model    = Intel(R) Xeon(R) Gold 6148 CPU @ 2.40GHz
  exec. host   = jjwsmj@bwmpc0236
  LD library   = 
 /bwfefs/opt/x86_64/intel/oneapi/2022.3/mpi/2021.7.1/libfabric/lib:/bwfefs/opt/x
 86_64/intel/oneapi/2022.3/mpi/2021.7.1/lib/release:/bwfefs/opt/x86_64/intel/one
 api/2022.3/mpi/2021.7.1/lib:/bwfefs/opt/x86_64/intel/oneapi/2022.3/tbb/2021.7.1
 /lib/intel64/gcc4.8:/usr/lib64:/bwfefs/opt/x86_64/intel/oneapi/2022.3/vpl/2022.
 2.5/lib:/bwfefs/opt/x86_64/intel/oneapi/2022.3/mkl/latest/lib/intel64:/bwfefs/o
 pt/x86_64/intel/oneapi/2022.3/itac/2021.7.1/slib:/bwfefs/opt/x86_64/intel/oneap
 i/2022.3/ippcp/2021.6.2/lib/intel64:/bwfefs/opt/x86_64/intel/oneapi/2022.3/ipp/
 2021.6.2/lib/intel64:/bwfefs/opt/x86_64/intel/oneapi/2022.3/dnnl/2022.2.1/cpu_d
 pcpp_gpu_dpcpp/lib:/bwfefs/opt/x86_64/intel/oneapi/2022.3/dal/2021.7.1/lib/inte
 l64:/bwfefs/opt/x86_64/intel/oneapi/2022.3/compiler/2022.2.1/linux/compiler/lib
 :/bwfefs/opt/x86_64/intel/oneapi/2022.3/compiler/2022.2.1/linux/lib/oclfpga/hos
 t/linux64/lib:/bwfefs/opt/x86_64/intel/oneapi/2022.3/compiler/2022.2.1/linux/li
 b/oclfpga/linux64/lib:/bwfefs/opt/x86_64/intel/oneapi/2022.3/compiler/2022.2.1/
 linux/lib:/bwfefs/opt/x86_64/intel/oneapi/2022.3/compiler/2022.2.1/linux/lib/x6
 4:/bwfefs/opt/x86_64/intel/oneapi/2022.3/compiler/2022.2.1/linux/lib/emu:/bwfef
 s/opt/x86_64/intel/oneapi/2022.3/compiler/2022.2.1/linux/compiler/lib/intel64_l
 in:/bwfefs/opt/x86_64/intel/oneapi/2022.3/debugger/2021.7.1/dep/lib:/bwfefs/opt
 /x86_64/intel/oneapi/2022.3/debugger/2021.7.1/libipt/intel64/lib:/bwfefs/opt/x8
 6_64/intel/oneapi/2022.3/debugger/2021.7.1/gdb/intel64/lib:/bwfefs/opt/x86_64/
 MPI Runtime = Intel(R) MPI Library 2021.7 for Linux* OS


[STEP1] Read Control Parameters
 
Read_Ctrl_Input> Input Files
  grotopfile = pro.top
  grocrdfile = crd/pos_5000.gro
 
Read_Ctrl_Output> Output Files
 
Read_Ctrl_Energy> WARNING: "water_model" is not available
Read_Ctrl_Energy> Parameters of Energy Calculations
  forcefield      =    RESIDCG
  switchdist      =     10.000  cutoffdist      =     12.000
  pairlistdist    =     13.500  dielec_const    =      1.000
  debye           =     10.000
  vdw_force_switch=         no
  electrostatic   =  CUTOFF
  implicit_solvent=       none
  table           =         no
  water_model     =       NONE
  output_style    =    GENESIS
  dispersion_corr =       none
  nonb_limiter    =      no
  user def. table =     no
  efield_x        =           0.000
  efield_y        =           0.000
  efield_z        =           0.000
  efield_normal   =              no
  efield_virial   =              no
 
Read_Ctrl_Dynamics> Parameters of MD simulation
  integrator      =    VVER_CG  nsteps          =       2000
  timestep        =     0.0100  initial_time    =     0.0000
  eneout_period   =         20  rstout_period   =          0
  crdout_period   =          0  velout_period   =          0
  nbupdate_period =         20  stoptr_period   =         10
  qmsave_period   =          0
  iseed           =         -1
  annealing       =         no
  verbose         =         no
  target_md       =         no
  steered_md      =         no
  shrink_box      =         no
  esp_mm          =         no
 
Read_Ctrl_Constraints> Parameters for Constraints
  rigid_bond      =         no
  fixatm_select_index        =       none
 
Read_Ctrl_Ensemble> Parameters for Ensemble
  ensemble        =        NVT
  temperature     =    300.000
  tpcontrol       =   LANGEVIN
  gamma_t         =      1.000
 
Read_Ctrl_Boundary> Parameters of Boundary Condition
  type            =     PBC   
  box_size(x,y,z) =   3200.000   650.000   650.000
  pairlist_grid   =      3.000
 
Read_Ctrl_Selection> Parameters of Selection
  # of groups     =          0
  # of mole names =          0
 
Read_Ctrl_Restraints> No restraint in the system

Read_Ctrl_Fitting_MD> Parameters of Fitting
  fitting method  =  TR+ROT   
  fitting atom    = group1
  mass_weight     =         no
 
[STEP2] Setup MPI
 
Setup_Mpi_Md> Summary of Setup MPI
  number of MPI processes   =         16
  number of OpenMP threads  =          5
  total number of CPU cores =         80

[STEP3] Set Relevant Variables and Structures
 
Read_Grotop> Summary of Grotopfile
  num_moltypes    =          1
    pos100_cg             :
      num_atoms   =        100
      num_bonds   =         99
      num_angls   =          0
      num_dihes   =          0
      num_cmaps   =          0
      num_excls   =          0
      num_constrs =          0
      num_pairs   =          0
      num_vsites2 =          0
      num_vsites3 =          0
      num_vsites4 =          0
      num_vsitesn =          0
      num_posress =          0
      num_PWMcos  =          0
      num_PWMcosns=          0
      num_IDR_HPS =          1
      num_IDR_KH  =          0
    .. not used molecule types were hidden.

  num_molecules   =       5000
    pos100_cg             :  5000

  num_atomtypes   =         33  num_bondtypes   =          0
  num_angltypes   =          0  num_dihetypes   =          0
  num_flangltypes           20
  num_fldihetypes          400
  num_constrtypes =          0  num_cmaptypes   =          0
  num_nbonparms   =          0
  num_basestacktypes  =     16
  num_basepairtypes   =      4
  num_basecrosstypes  =     32
  num_cgdnaexvtypes   =      6
  num_cgelemolpairs   =      1
  num_cg_IDR_HPS_atomtypes  =     20
  num_cg_KH_atomtypes  =    20

  num_cg_pair_MJ_eps   =   400

Define_Molecule> Summary of molecules
  num_atoms       =     500000  num_bonds       =     495000
  num_angles      =          0  num_dihedrals   =          0
  num_impropers   =          0  num_cmap_terms  =          0
  num_residues    =     500000  num_molecules   =       5000
  num_segments    =          1  num_deg_freedom =    1500000
  total_charge    = 500000.000
 
Update_Num_Deg_Freedom> Number of degrees of freedom was updated
  num_deg_freedom =    1499997 (After removing translation)
 
Setup_Boundary> Setup Variables for Boundary Condition
  box_size(x,y,z) =   3200.000   650.000   650.000
  origin(x,y,z)   =      0.000     0.000     0.000
 
Random_Init> Initialize the random number
  seed            = 112385

Define_Enefunc_Gromacs> Number of Interactions in Each Term
  bond_ene        =     495000  angle_ene       =          0
  torsion_ene     =          0  rb_torsion_ene  =          0
  improper_ene    =          0
  nb_exclusions   =     495000  nb14_calc       =          0
  vsite2_ene      =          0  vsite3_ene      =          0
  vsite3fd_ene    =          0  vsite3fad_ene   =          0
  vsite3out_ene   =          0  vsite4fdn_ene   =          0
  vsiten_ene      =          0
 restraint_groups =          0 restraint_funcs  =          0
 
Get_Morph_in> Morphing check
  morphing_bb     =          0  morphing_sc     =          0
 
Setup_Fitting_Atdyn> NO fitting is applied, skip
  fitting method  =  NO
 
[STEP4] Compute Single Point Energy for Molecules
 
            STEP          ENERGY            BOND  NATIVE_CONTACT NON-NATIVE_CONT           ELECT         IDR_HPS          CG_EXV
 --------------- --------------- --------------- --------------- ---------------
               0     853902.2916     170690.3546          0.0000          0.0000     681472.3800       1739.5570          0.0000

[STEP5] Perform Molecular Dynamics Simulation
 
Generate_Velocity> Generate initial velocities
  iseed           =     112385
  temperature     =    300.000
 
Random_Init_Velocity> Initialize the random number
  seed            = 112385

INFO:       STEP            TIME       TOTAL_ENE   POTENTIAL_ENE     KINETIC_ENE            RMSG            BOND         IDR_HPS  NATIVE_CONTACT          CG_EXV           ELECT     TEMPERATURE          VOLUME
 --------------- --------------- --------------- --------------- ---------------
INFO:          0          0.0000    1301729.8580     853902.2916     447827.5664         10.1780     170690.3546       1739.5570          0.0000          0.0000     681472.3800        300.4767 1352000000.0000

Random_Init> Initialize the random number
  seed            = 1364589472

INFO:         20          0.2000    1295142.1789     842614.3324     452527.8465          9.8812     161374.0951        560.4172          0.0000          0.0000     680679.8201        303.6304 1352000000.0000

INFO:         40          0.4000    1291652.9708     836990.0064     454662.9644          9.7793     159196.0535      -1003.2909          0.0000          0.0000     678797.2437        305.0630 1352000000.0000

INFO:         60          0.6000    1287008.9099     832027.9575     454980.9524          9.7409     158165.0539      -2377.7228          0.0000          0.0000     676240.6265        305.2764 1352000000.0000

INFO:         80          0.8000    1283049.9361     826789.6953     456260.2408          9.6869     157000.1977      -3496.9285          0.0000          0.0000     673286.4260        306.1347 1352000000.0000

INFO:        100          1.0000    1278416.3841     822313.0650     456103.3191          9.6685     156260.1613      -4139.2696          0.0000          0.0000     670192.1732        306.0295 1352000000.0000

INFO:        120          1.2000    1274192.7127     818078.7170     456113.9957          9.6435     155475.2225      -4441.6968          0.0000          0.0000     667045.1913        306.0366 1352000000.0000

INFO:        140          1.4000    1269906.0402     814253.3944     455652.6458          9.6260     155249.5715      -4943.9591          0.0000          0.0000     663947.7820        305.7271 1352000000.0000

INFO:        160          1.6000    1265542.5213     810247.4450     455295.0763          9.6047     154533.1779      -5194.4328          0.0000          0.0000     660908.7000        305.4872 1352000000.0000

INFO:        180          1.8000    1261450.7657     807200.8526     454249.9131          9.5948     154515.1898      -5257.3975          0.0000          0.0000     657943.0603        304.7859 1352000000.0000

INFO:        200          2.0000    1257529.2139     803690.8978     453838.3161          9.5817     153789.1834      -5145.9810          0.0000          0.0000     655047.6954        304.5097 1352000000.0000

INFO:        220          2.2000    1254034.0692     801082.1098     452951.9594          9.5826     153996.7603      -5156.8064          0.0000          0.0000     652242.1559        303.9150 1352000000.0000

INFO:        240          2.4000    1251518.1716     798624.0250     452894.1465          9.5789     154151.3240      -5063.1393          0.0000          0.0000     649535.8404        303.8762 1352000000.0000

INFO:        260          2.6000    1249110.2773     795724.6542     453385.6231          9.5760     153815.2784      -5003.0357          0.0000          0.0000     646912.4115        304.2060 1352000000.0000

INFO:        280          2.8000    1246446.7018     793614.9988     452831.7030          9.5889     154100.7848      -4885.9413          0.0000          0.0000     644400.1554        303.8343 1352000000.0000

INFO:        300          3.0000    1244117.7256     791392.2094     452725.5161          9.5827     154115.9000      -4703.4949          0.0000          0.0000     641979.8043        303.7631 1352000000.0000

INFO:        320          3.2000    1241201.5121     789002.2869     452199.2252          9.5793     153844.4282      -4492.1903          0.0000          0.0000     639650.0490        303.4099 1352000000.0000

INFO:        340          3.4000    1238355.8263     786512.7907     451843.0356          9.5687     153639.1816      -4515.4609          0.0000          0.0000     637389.0701        303.1710 1352000000.0000

INFO:        360          3.6000    1235729.0481     784422.1002     451306.9478          9.5629     153785.8381      -4573.5790          0.0000          0.0000     635209.8412        302.8113 1352000000.0000

INFO:        380          3.8000    1233235.7071     782257.5827     450978.1244          9.5581     153742.6985      -4581.2964          0.0000          0.0000     633096.1806        302.5906 1352000000.0000

INFO:        400          4.0000    1230223.3893     779695.8202     450527.5691          9.5479     153128.6913      -4507.5474          0.0000          0.0000     631074.6763        302.2883 1352000000.0000

INFO:        420          4.2000    1227444.6679     777943.1381     449501.5298          9.5412     153171.4506      -4333.7348          0.0000          0.0000     629105.4223        301.5999 1352000000.0000

INFO:        440          4.4000    1226085.1658     776364.1809     449720.9850          9.5526     153468.6012      -4308.8327          0.0000          0.0000     627204.4123        301.7471 1352000000.0000

INFO:        460          4.6000    1223899.6823     774166.1725     449733.5098          9.5458     153356.5372      -4562.1227          0.0000          0.0000     625371.7580        301.7555 1352000000.0000

INFO:        480          4.8000    1221590.7711     772309.0627     449281.7084          9.5414     153107.1270      -4398.7585          0.0000          0.0000     623600.6942        301.4524 1352000000.0000

INFO:        500          5.0000    1218969.4935     770553.7999     448415.6936          9.5298     152768.7302      -4127.2937          0.0000          0.0000     621912.3634        300.8713 1352000000.0000

INFO:        520          5.2000    1217267.4953     769097.6936     448169.8017          9.5387     152935.3584      -4105.2613          0.0000          0.0000     620267.5965        300.7063 1352000000.0000

INFO:        540          5.4000    1215333.5014     766886.0873     448447.4141          9.5185     152227.3646      -4001.8790          0.0000          0.0000     618660.6017        300.8926 1352000000.0000

INFO:        560          5.6000    1214379.6298     766403.9510     447975.6788          9.5470     153190.3398      -3876.7612          0.0000          0.0000     617090.3724        300.5761 1352000000.0000

INFO:        580          5.8000    1213061.9079     764773.0909     448288.8170          9.5385     152914.6494      -3724.1363          0.0000          0.0000     615582.5777        300.7862 1352000000.0000

INFO:        600          6.0000    1211703.3740     763605.1070     448098.2670          9.5506     153053.0189      -3576.2725          0.0000          0.0000     614128.3606        300.6583 1352000000.0000

INFO:        620          6.2000    1210728.8019     762614.7363     448114.0655          9.5606     153494.2035      -3575.8620          0.0000          0.0000     612696.3948        300.6689 1352000000.0000

INFO:        640          6.4000    1209376.5323     760977.1327     448399.3995          9.5515     153274.1087      -3626.4714          0.0000          0.0000     611329.4955        300.8604 1352000000.0000

INFO:        660          6.6000    1207589.8287     759626.9126     447962.9162          9.5451     153151.6818      -3514.5695          0.0000          0.0000     609989.8003        300.5675 1352000000.0000

INFO:        680          6.8000    1206431.0311     758174.2280     448256.8031          9.5409     152913.1622      -3428.0930          0.0000          0.0000     608689.1589        300.7647 1352000000.0000

INFO:        700          7.0000    1205302.4699     757037.9202     448264.5497          9.5361     152860.9344      -3252.7554          0.0000          0.0000     607429.7412        300.7699 1352000000.0000

INFO:        720          7.2000    1204406.6243     756293.6220     448113.0023          9.5493     153145.9385      -3072.6070          0.0000          0.0000     606220.2905        300.6682 1352000000.0000

INFO:        740          7.4000    1202928.8205     754803.0847     448125.7358          9.5364     152845.5035      -3070.6169          0.0000          0.0000     605028.1981        300.6768 1352000000.0000

INFO:        760          7.6000    1201691.9114     754174.5327     447517.3786          9.5540     153369.0183      -3034.8077          0.0000          0.0000     603840.3221        300.2686 1352000000.0000

INFO:        780          7.8000    1200763.5071     752520.9061     448242.6009          9.5420     152878.7984      -3009.4387          0.0000          0.0000     602651.5464        300.7552 1352000000.0000

INFO:        800          8.0000    1198992.3448     751232.7631     447759.5817          9.5410     152939.5644      -3191.6348          0.0000          0.0000     601484.8334        300.4311 1352000000.0000

INFO:        820          8.2000    1197794.8139     750083.9153     447710.8986          9.5436     153029.9347      -3286.6157          0.0000          0.0000     600340.5963        300.3984 1352000000.0000

INFO:        840          8.4000    1197403.7017     749053.1862     448350.5155          9.5425     153142.5785      -3319.0217          0.0000          0.0000     599229.6294        300.8276 1352000000.0000

INFO:        860          8.6000    1196538.4262     748165.3681     448373.0581          9.5450     153053.8845      -3063.7993          0.0000          0.0000     598175.2829        300.8427 1352000000.0000

INFO:        880          8.8000    1195209.0150     747731.8722     447477.1429          9.5546     153612.9959      -3010.8487          0.0000          0.0000     597129.7250        300.2416 1352000000.0000

INFO:        900          9.0000    1194516.4349     746699.2668     447817.1681          9.5638     153521.2428      -2944.4778          0.0000          0.0000     596122.5018        300.4697 1352000000.0000

INFO:        920          9.2000    1193199.5379     745588.1670     447611.3709          9.5507     153331.5724      -2878.1101          0.0000          0.0000     595134.7048        300.3317 1352000000.0000

INFO:        940          9.4000    1193122.3335     744841.8733     448280.4602          9.5507     153458.2646      -2780.1767          0.0000          0.0000     594163.7854        300.7806 1352000000.0000

INFO:        960          9.6000    1191753.5784     743706.2591     448047.3193          9.5389     153200.5028      -2715.0990          0.0000          0.0000     593220.8554        300.6242 1352000000.0000

INFO:        980          9.8000    1190959.9292     743066.2947     447893.6346          9.5489     153390.1000      -2627.0492          0.0000          0.0000     592303.2439        300.5210 1352000000.0000

INFO:       1000         10.0000    1189250.3765     742181.2501     447069.1264          9.5438     153278.7734      -2505.0677          0.0000          0.0000     591407.5444        299.9678 1352000000.0000

INFO:       1020         10.2000    1188489.6387     741194.2383     447295.4004          9.5444     153159.0574      -2502.2942          0.0000          0.0000     590537.4750        300.1196 1352000000.0000

INFO:       1040         10.4000    1187637.0055     740222.3098     447414.6957          9.5457     153056.5502      -2496.5865          0.0000          0.0000     589662.3461        300.1997 1352000000.0000

INFO:       1060         10.6000    1186524.8843     739180.9038     447343.9805          9.5318     152970.7640      -2559.1745          0.0000          0.0000     588769.3143        300.1522 1352000000.0000

INFO:       1080         10.8000    1185317.1697     738540.1511     446777.0187          9.5391     152988.2521      -2340.9347          0.0000          0.0000     587892.8337        299.7718 1352000000.0000

INFO:       1100         11.0000    1185002.7507     738088.0959     446914.6548          9.5570     153594.3676      -2505.6841          0.0000          0.0000     586999.4124        299.8642 1352000000.0000

INFO:       1120         11.2000    1183988.9560     736442.1132     447546.8427          9.5525     152926.0719      -2619.3626          0.0000          0.0000     586135.4040        300.2884 1352000000.0000

INFO:       1140         11.4000    1183289.1829     736401.4792     446887.7037          9.5602     153637.2871      -2514.4886          0.0000          0.0000     585278.6807        299.8461 1352000000.0000

INFO:       1160         11.6000    1183331.7290     735325.2538     448006.4752          9.5432     153283.5410      -2410.7593          0.0000          0.0000     584452.4721        300.5968 1352000000.0000

INFO:       1180         11.8000    1182210.6503     734310.7930     447899.8574          9.5343     152840.5743      -2162.4516          0.0000          0.0000     583632.6703        300.5252 1352000000.0000

INFO:       1200         12.0000    1180532.9673     734038.7432     446494.2241          9.5445     153321.7822      -2104.7471          0.0000          0.0000     582821.7081        299.5821 1352000000.0000

INFO:       1220         12.2000    1179808.1806     732572.3339     447235.8467          9.5404     153115.8827      -2551.3186          0.0000          0.0000     582007.7698        300.0797 1352000000.0000

INFO:       1240         12.4000    1178880.8177     732004.8305     446875.9872          9.5489     153371.4113      -2594.4439          0.0000          0.0000     581227.8631        299.8382 1352000000.0000

INFO:       1260         12.6000    1177660.1276     731231.9487     446428.1790          9.5489     153349.3880      -2572.8565          0.0000          0.0000     580455.4172        299.5378 1352000000.0000

INFO:       1280         12.8000    1177751.5536     730896.2937     446855.2600          9.5617     153647.2882      -2449.3951          0.0000          0.0000     579698.4006        299.8243 1352000000.0000

INFO:       1300         13.0000    1177019.7172     730635.7976     446383.9196          9.5746     153983.1526      -2303.9637          0.0000          0.0000     578956.6087        299.5081 1352000000.0000

INFO:       1320         13.2000    1176150.9550     729166.5640     446984.3909          9.5545     153250.8076      -2312.5029          0.0000          0.0000     578228.2593        299.9110 1352000000.0000

INFO:       1340         13.4000    1174677.6652     728062.0365     446615.6287          9.5409     152994.7335      -2429.8792          0.0000          0.0000     577497.1821        299.6635 1352000000.0000

INFO:       1360         13.6000    1174214.3508     727706.0362     446508.3146          9.5539     153397.5567      -2462.0486          0.0000          0.0000     576770.5281        299.5915 1352000000.0000

INFO:       1380         13.8000    1173060.9952     726589.7833     446471.2118          9.5381     152985.5809      -2447.9140          0.0000          0.0000     576052.1164        299.5666 1352000000.0000

INFO:       1400         14.0000    1173017.2070     726556.6941     446460.5129          9.5586     153566.3131      -2376.2043          0.0000          0.0000     575366.5854        299.5595 1352000000.0000

INFO:       1420         14.2000    1172231.0456     725670.0675     446560.9781          9.5475     153106.4293      -2142.1197          0.0000          0.0000     574705.7579        299.6269 1352000000.0000

INFO:       1440         14.4000    1171529.4569     725431.3061     446098.1508          9.5541     153502.0672      -2121.6997          0.0000          0.0000     574050.9386        299.3163 1352000000.0000

INFO:       1460         14.6000    1170801.9089     724494.6291     446307.2799          9.5470     153262.6301      -2161.1333          0.0000          0.0000     573393.1322        299.4567 1352000000.0000

INFO:       1480         14.8000    1170455.9762     723621.8011     446834.1751          9.5436     153111.5533      -2221.1376          0.0000          0.0000     572731.3854        299.8102 1352000000.0000

INFO:       1500         15.0000    1170044.3036     723608.2631     446436.0405          9.5674     153708.8627      -2183.8608          0.0000          0.0000     572083.2612        299.5430 1352000000.0000

INFO:       1520         15.2000    1169586.8694     722657.6751     446929.1943          9.5591     153385.1208      -2147.3654          0.0000          0.0000     571419.9197        299.8739 1352000000.0000

INFO:       1540         15.4000    1168929.6022     722331.4562     446598.1460          9.5598     153656.1555      -2118.5910          0.0000          0.0000     570793.8917        299.6518 1352000000.0000

INFO:       1560         15.6000    1168801.6953     721784.6375     447017.0578          9.5698     153706.7922      -2084.8303          0.0000          0.0000     570162.6756        299.9329 1352000000.0000

INFO:       1580         15.8000    1167822.3220     720851.9839     446970.3380          9.5618     153508.2863      -2196.9127          0.0000          0.0000     569540.6104        299.9015 1352000000.0000

INFO:       1600         16.0000    1166871.0726     720568.5490     446302.5236          9.5542     153570.2917      -1935.9731          0.0000          0.0000     568934.2304        299.4535 1352000000.0000

INFO:       1620         16.2000    1165722.3261     719317.2140     446405.1121          9.5301     152967.1041      -1963.2246          0.0000          0.0000     568313.3346        299.5223 1352000000.0000

INFO:       1640         16.4000    1164567.8019     718810.6966     445757.1053          9.5384     153171.0324      -2048.9802          0.0000          0.0000     567688.6444        299.0875 1352000000.0000

INFO:       1660         16.6000    1164253.4356     718429.0222     445824.4135          9.5480     153351.6271      -2007.2308          0.0000          0.0000     567084.6259        299.1327 1352000000.0000

INFO:       1680         16.8000    1163434.7084     717720.9582     445713.7502          9.5523     153259.6748      -2060.4284          0.0000          0.0000     566521.7117        299.0584 1352000000.0000

INFO:       1700         17.0000    1162305.7221     716816.4206     445489.3015          9.5403     152895.5824      -2067.1800          0.0000          0.0000     565988.0183        298.9078 1352000000.0000

INFO:       1720         17.2000    1161859.7498     716266.5685     445593.1812          9.5292     152707.0527      -1924.9761          0.0000          0.0000     565484.4920        298.9775 1352000000.0000

INFO:       1740         17.4000    1161898.7298     716361.6457     445537.0841          9.5453     153296.8485      -1922.6845          0.0000          0.0000     564987.4817        298.9399 1352000000.0000

INFO:       1760         17.6000    1161551.0386     715999.9046     445551.1340          9.5474     153337.8256      -1832.0622          0.0000          0.0000     564494.1412        298.9493 1352000000.0000

INFO:       1780         17.8000    1161043.8957     715760.3970     445283.4987          9.5540     153553.6903      -1779.7363          0.0000          0.0000     563986.4430        298.7697 1352000000.0000

INFO:       1800         18.0000    1160812.6963     714478.7060     446333.9903          9.5385     152897.6574      -1898.0491          0.0000          0.0000     563479.0976        299.4746 1352000000.0000

INFO:       1820         18.2000    1159962.3376     714077.1802     445885.1573          9.5411     152976.3757      -1878.8876          0.0000          0.0000     562979.6921        299.1734 1352000000.0000

INFO:       1840         18.4000    1159703.2909     713357.3460     446345.9449          9.5323     152807.0633      -1938.4767          0.0000          0.0000     562488.7594        299.4826 1352000000.0000

INFO:       1860         18.6000    1160230.8786     713297.5320     446933.3466          9.5402     153040.9939      -1767.3635          0.0000          0.0000     562023.9016        299.8767 1352000000.0000

INFO:       1880         18.8000    1159253.9989     712952.2948     446301.7041          9.5376     153019.3583      -1650.0713          0.0000          0.0000     561583.0079        299.4529 1352000000.0000

INFO:       1900         19.0000    1158373.9511     711526.3923     446847.5589          9.5077     152201.1714      -1800.8028          0.0000          0.0000     561126.0236        299.8192 1352000000.0000

INFO:       1920         19.2000    1157730.1183     711748.7847     445981.3335          9.5291     152847.3547      -1770.6966          0.0000          0.0000     560672.1266        299.2380 1352000000.0000

INFO:       1940         19.4000    1156504.1818     711362.2100     445141.9718          9.5228     152632.9282      -1484.0284          0.0000          0.0000     560213.3103        298.6748 1352000000.0000

INFO:       1960         19.6000    1156682.1603     711177.8857     445504.2746          9.5287     152816.4840      -1378.7797          0.0000          0.0000     559740.1814        298.9179 1352000000.0000

INFO:       1980         19.8000    1155759.6499     710562.8741     445196.7758          9.5287     152799.1164      -1477.7481          0.0000          0.0000     559241.5059        298.7115 1352000000.0000

INFO:       2000         20.0000    1155249.4688     709772.1232     445477.3457          9.5216     152661.0957      -1643.6473          0.0000          0.0000     558754.6747        298.8998 1352000000.0000

 
[STEP6] Deallocate Arrays
 
Output_Time> Averaged timer profile (Min, Max)
  total time      =     268.363
    setup         =       4.108
    dynamics      =     264.255
      energy      =     192.475
      integrator  =      42.663
      migration   =       0.000
      pairlist    =      27.320 (      26.757,      29.895)
  energy           
    bond          =       0.990 (       0.880,       1.094)
    angle         =       0.016 (       0.014,       0.021)
    dihedral      =       0.016 (       0.014,       0.020)
    base stacking =       0.000 (       0.000,       0.000)
    nonbond       =     138.300 (     134.883,     141.547)
      CG exv      =       1.357 (       1.019,       1.754)
      CG DNA bp   =       0.000 (       0.000,       0.000)
      CG DNA exv  =       0.000 (       0.000,       0.000)
      CG ele      =      92.783 (      90.566,      94.637)
      CG PWMcos   =       0.000 (       0.000,       0.000)
      CG PWMcosns =       0.000 (       0.000,       0.000)
      CG IDR-HPS  =      44.151 (      43.230,      45.176)
      CG IDR-KH   =       0.000 (       0.000,       0.000)
      CG KH       =       0.000 (       0.000,       0.000)
      Contact     =       0.006 (       0.005,       0.008)
      pme real    =       0.000 (       0.000,       0.000)
      pme recip   =       0.000 (       0.000,       0.000)
    solvation     =       0.000 (       0.000,       0.000)
      polar       =       0.000 (       0.000,       0.000)
      non-polar   =       0.000 (       0.000,       0.000)
    restraint     =       0.000 (       0.000,       0.000)
    qmmm          =       0.000 (       0.000,       0.000)
    morph         =       0.000 (       0.000,       0.000)
  integrator       
    constraint    =       0.000 (       0.000,       0.000)
    update        =       0.000 (       0.000,       0.000)
    comm_coord    =       0.000 (       0.000,       0.000)
    comm_force    =       0.000 (       0.000,       0.000)
  migration       =       0.000 (       0.000,       0.000)
    comm_migrate  =       0.000 (       0.000,       0.000)
    ptl_migrate   =       0.000 (       0.000,       0.000)
    bond_migrate  =       0.000 (       0.000,       0.000)
    angl_migrate  =       0.000 (       0.000,       0.000)
    dihe_migrate  =       0.000 (       0.000,       0.000)
    contact_migr  =       0.000 (       0.000,       0.000)
    stack_migrate =       0.000 (       0.000,       0.000)
    pwmcos_migrate =       0.000 (       0.000,       0.000)
    pwmcosns_migr  =       0.000 (       0.000,       0.000)
    nonb_update    =       0.000 (       0.000,       0.000)

