****************************************************
*                                                  *
*                  GENESIS ATDYN                   *
*                                                  *
*        A Molecular Dynamics Simulator with       *
*            Atomic Decomposition Scheme           *
*                                                  *
*               Developed by RIKEN                 *
*                                                  *
****************************************************
 
[STEP0] Architecture and Compiler Information
 
GENESIS_Information> GENESIS Information
  version      = 2.0.0
  commit ID    = $GENESIS_VERSION$
  precision    = double
  nonbonding   = CPU

Build_Information> Compiler Information
  build host   = jjwsmj@hokusai2
  fortran      = ifort (IFORT) 2021.7.1 20221019
  option       = 
  -axCORE-AVX512 -g -O3  -qmkl=parallel  -assume byterecl -qopenmp  
  C            = 
 icc: remark #10441: The Intel(R) C++ Compiler Classic (ICC) is deprecated and w
 ill be removed from product release in the second half of 2023. The Intel(R) on
 eAPI DPC++/C++ Compiler (ICX) is the recommended compiler moving forward. Pleas
 e transition to use this compiler. Use '-diag-disable=10441' to disable this me
 ssage.
  option       = -O3 -ip -axCORE-AVX2  -qopenmp 
  defined var. = 
  -DHAVE_MPI_GENESIS -DOMP -DIFORT19 -DFFTE -DLAPACK -DDSFMT_MEXP=19937 -DINTEL
  link option  = 
  -assume byterecl -lgfortran -qopenmp  -lmkl_intel_lp64 -lmkl_sequential -lmkl_
 core -lmkl_lapack95_lp64   
  MPI Compiler = Intel(R) MPI

Runtime_Information> Machine and Library Information
  date       = 2023/05/12 15:27:37
  cpu model    = Intel(R) Xeon(R) Gold 6148 CPU @ 2.40GHz
  exec. host   = jjwsmj@bwmpc0227
  LD library   = 
 /bwfefs/opt/x86_64/intel/oneapi/2022.3/mpi/2021.7.1/libfabric/lib:/bwfefs/opt/x
 86_64/intel/oneapi/2022.3/mpi/2021.7.1/lib/release:/bwfefs/opt/x86_64/intel/one
 api/2022.3/mpi/2021.7.1/lib:/bwfefs/opt/x86_64/intel/oneapi/2022.3/tbb/2021.7.1
 /lib/intel64/gcc4.8:/usr/lib64:/bwfefs/opt/x86_64/intel/oneapi/2022.3/vpl/2022.
 2.5/lib:/bwfefs/opt/x86_64/intel/oneapi/2022.3/mkl/latest/lib/intel64:/bwfefs/o
 pt/x86_64/intel/oneapi/2022.3/itac/2021.7.1/slib:/bwfefs/opt/x86_64/intel/oneap
 i/2022.3/ippcp/2021.6.2/lib/intel64:/bwfefs/opt/x86_64/intel/oneapi/2022.3/ipp/
 2021.6.2/lib/intel64:/bwfefs/opt/x86_64/intel/oneapi/2022.3/dnnl/2022.2.1/cpu_d
 pcpp_gpu_dpcpp/lib:/bwfefs/opt/x86_64/intel/oneapi/2022.3/dal/2021.7.1/lib/inte
 l64:/bwfefs/opt/x86_64/intel/oneapi/2022.3/compiler/2022.2.1/linux/compiler/lib
 :/bwfefs/opt/x86_64/intel/oneapi/2022.3/compiler/2022.2.1/linux/lib/oclfpga/hos
 t/linux64/lib:/bwfefs/opt/x86_64/intel/oneapi/2022.3/compiler/2022.2.1/linux/li
 b/oclfpga/linux64/lib:/bwfefs/opt/x86_64/intel/oneapi/2022.3/compiler/2022.2.1/
 linux/lib:/bwfefs/opt/x86_64/intel/oneapi/2022.3/compiler/2022.2.1/linux/lib/x6
 4:/bwfefs/opt/x86_64/intel/oneapi/2022.3/compiler/2022.2.1/linux/lib/emu:/bwfef
 s/opt/x86_64/intel/oneapi/2022.3/compiler/2022.2.1/linux/compiler/lib/intel64_l
 in:/bwfefs/opt/x86_64/intel/oneapi/2022.3/debugger/2021.7.1/dep/lib:/bwfefs/opt
 /x86_64/intel/oneapi/2022.3/debugger/2021.7.1/libipt/intel64/lib:/bwfefs/opt/x8
 6_64/intel/oneapi/2022.3/debugger/2021.7.1/gdb/intel64/lib:/bwfefs/opt/x86_64/
 MPI Runtime = Intel(R) MPI Library 2021.7 for Linux* OS


[STEP1] Read Control Parameters
 
Read_Ctrl_Input> Input Files
  grotopfile = pro.top
  grocrdfile = crd/pos_5000.gro
 
Read_Ctrl_Output> Output Files
 
Read_Ctrl_Energy> WARNING: "water_model" is not available
Read_Ctrl_Energy> Parameters of Energy Calculations
  forcefield      =    RESIDCG
  switchdist      =     10.000  cutoffdist      =     12.000
  pairlistdist    =     13.500  dielec_const    =      1.000
  debye           =     10.000
  vdw_force_switch=         no
  electrostatic   =  CUTOFF
  implicit_solvent=       none
  table           =         no
  water_model     =       NONE
  output_style    =    GENESIS
  dispersion_corr =       none
  nonb_limiter    =      no
  user def. table =     no
  efield_x        =           0.000
  efield_y        =           0.000
  efield_z        =           0.000
  efield_normal   =              no
  efield_virial   =              no
 
Read_Ctrl_Dynamics> Parameters of MD simulation
  integrator      =    VVER_CG  nsteps          =       2000
  timestep        =     0.0100  initial_time    =     0.0000
  eneout_period   =         20  rstout_period   =          0
  crdout_period   =          0  velout_period   =          0
  nbupdate_period =         20  stoptr_period   =         10
  qmsave_period   =          0
  iseed           =         -1
  annealing       =         no
  verbose         =         no
  target_md       =         no
  steered_md      =         no
  shrink_box      =         no
  esp_mm          =         no
 
Read_Ctrl_Constraints> Parameters for Constraints
  rigid_bond      =         no
  fixatm_select_index        =       none
 
Read_Ctrl_Ensemble> Parameters for Ensemble
  ensemble        =        NVT
  temperature     =    300.000
  tpcontrol       =   LANGEVIN
  gamma_t         =      1.000
 
Read_Ctrl_Boundary> Parameters of Boundary Condition
  type            =     PBC   
  box_size(x,y,z) =   3200.000   650.000   650.000
  pairlist_grid   =      3.000
 
Read_Ctrl_Selection> Parameters of Selection
  # of groups     =          0
  # of mole names =          0
 
Read_Ctrl_Restraints> No restraint in the system

Read_Ctrl_Fitting_MD> Parameters of Fitting
  fitting method  =  TR+ROT   
  fitting atom    = group1
  mass_weight     =         no
 
[STEP2] Setup MPI
 
Setup_Mpi_Md> Summary of Setup MPI
  number of MPI processes   =         16
  number of OpenMP threads  =          5
  total number of CPU cores =         80

[STEP3] Set Relevant Variables and Structures
 
Read_Grotop> Summary of Grotopfile
  num_moltypes    =          1
    pos100_cg             :
      num_atoms   =        100
      num_bonds   =         99
      num_angls   =          0
      num_dihes   =          0
      num_cmaps   =          0
      num_excls   =          0
      num_constrs =          0
      num_pairs   =          0
      num_vsites2 =          0
      num_vsites3 =          0
      num_vsites4 =          0
      num_vsitesn =          0
      num_posress =          0
      num_PWMcos  =          0
      num_PWMcosns=          0
      num_IDR_HPS =          1
      num_IDR_KH  =          0
    .. not used molecule types were hidden.

  num_molecules   =       5000
    pos100_cg             :  5000

  num_atomtypes   =         33  num_bondtypes   =          0
  num_angltypes   =          0  num_dihetypes   =          0
  num_flangltypes           20
  num_fldihetypes          400
  num_constrtypes =          0  num_cmaptypes   =          0
  num_nbonparms   =          0
  num_basestacktypes  =     16
  num_basepairtypes   =      4
  num_basecrosstypes  =     32
  num_cgdnaexvtypes   =      6
  num_cgelemolpairs   =      1
  num_cg_IDR_HPS_atomtypes  =     20
  num_cg_KH_atomtypes  =    20

  num_cg_pair_MJ_eps   =   400

Define_Molecule> Summary of molecules
  num_atoms       =     500000  num_bonds       =     495000
  num_angles      =          0  num_dihedrals   =          0
  num_impropers   =          0  num_cmap_terms  =          0
  num_residues    =     500000  num_molecules   =       5000
  num_segments    =          1  num_deg_freedom =    1500000
  total_charge    = 500000.000
 
Update_Num_Deg_Freedom> Number of degrees of freedom was updated
  num_deg_freedom =    1499997 (After removing translation)
 
Setup_Boundary> Setup Variables for Boundary Condition
  box_size(x,y,z) =   3200.000   650.000   650.000
  origin(x,y,z)   =      0.000     0.000     0.000
 
Random_Init> Initialize the random number
  seed            = 972185

Define_Enefunc_Gromacs> Number of Interactions in Each Term
  bond_ene        =     495000  angle_ene       =          0
  torsion_ene     =          0  rb_torsion_ene  =          0
  improper_ene    =          0
  nb_exclusions   =     495000  nb14_calc       =          0
  vsite2_ene      =          0  vsite3_ene      =          0
  vsite3fd_ene    =          0  vsite3fad_ene   =          0
  vsite3out_ene   =          0  vsite4fdn_ene   =          0
  vsiten_ene      =          0
 restraint_groups =          0 restraint_funcs  =          0
 
Get_Morph_in> Morphing check
  morphing_bb     =          0  morphing_sc     =          0
 
Setup_Fitting_Atdyn> NO fitting is applied, skip
  fitting method  =  NO
 
[STEP4] Compute Single Point Energy for Molecules
 
            STEP          ENERGY            BOND  NATIVE_CONTACT NON-NATIVE_CONT           ELECT         IDR_HPS          CG_EXV
 --------------- --------------- --------------- --------------- ---------------
               0     853902.2916     170690.3546          0.0000          0.0000     681472.3800       1739.5570          0.0000

[STEP5] Perform Molecular Dynamics Simulation
 
Generate_Velocity> Generate initial velocities
  iseed           =     972185
  temperature     =    300.000
 
Random_Init_Velocity> Initialize the random number
  seed            = 972185

INFO:       STEP            TIME       TOTAL_ENE   POTENTIAL_ENE     KINETIC_ENE            RMSG            BOND         IDR_HPS  NATIVE_CONTACT          CG_EXV           ELECT     TEMPERATURE          VOLUME
 --------------- --------------- --------------- --------------- ---------------
INFO:          0          0.0000    1301124.8597     853902.2916     447222.5682         10.1780     170690.3546       1739.5570          0.0000          0.0000     681472.3800        300.0708 1352000000.0000

Random_Init> Initialize the random number
  seed            = 1434302092

INFO:         20          0.2000    1295445.9843     842864.8102     452581.1741          9.8800     161397.8611        705.9790          0.0000          0.0000     680760.9702        303.6662 1352000000.0000

INFO:         40          0.4000    1291295.3946     837272.5418     454022.8528          9.7886     159483.9562      -1130.0893          0.0000          0.0000     678918.6750        304.6335 1352000000.0000

INFO:         60          0.6000    1287113.8753     831875.3612     455238.5140          9.7322     157901.5210      -2443.4423          0.0000          0.0000     676417.2825        305.4492 1352000000.0000

INFO:         80          0.8000    1282806.7317     826796.2958     456010.4359          9.6968     156968.9960      -3683.1876          0.0000          0.0000     673510.4874        305.9671 1352000000.0000

INFO:        100          1.0000    1278890.6379     822542.9863     456347.6517          9.6765     156539.7702      -4428.4330          0.0000          0.0000     670431.6490        306.1934 1352000000.0000

INFO:        120          1.2000    1274364.5280     818104.0320     456260.4960          9.6398     155436.7226      -4637.0735          0.0000          0.0000     667304.3829        306.1349 1352000000.0000

INFO:        140          1.4000    1270068.8190     814313.6325     455755.1866          9.6244     155030.6614      -4892.1876          0.0000          0.0000     664175.1587        305.7959 1352000000.0000

INFO:        160          1.6000    1267078.9468     811067.5665     456011.3802          9.6235     155144.2516      -5154.3474          0.0000          0.0000     661077.6623        305.9678 1352000000.0000

INFO:        180          1.8000    1262343.4920     807055.2352     455288.2568          9.5964     154209.8828      -5222.6462          0.0000          0.0000     658067.9987        305.4826 1352000000.0000

INFO:        200          2.0000    1258049.0716     804226.1286     453822.9430          9.5817     154161.1342      -5096.4547          0.0000          0.0000     655161.4491        304.4994 1352000000.0000

INFO:        220          2.2000    1254665.6003     801261.0388     453404.5616          9.5851     153989.3745      -5062.7030          0.0000          0.0000     652334.3673        304.2187 1352000000.0000

INFO:        240          2.4000    1252070.0640     798645.9514     453424.1126          9.5894     154122.4807      -5090.4487          0.0000          0.0000     649613.9193        304.2318 1352000000.0000

INFO:        260          2.6000    1248213.1107     795425.8266     452787.2841          9.5641     153541.1733      -5124.8442          0.0000          0.0000     647009.4975        303.8045 1352000000.0000

INFO:        280          2.8000    1245645.3132     793069.5917     452575.7215          9.5597     153527.5032      -4956.0922          0.0000          0.0000     644498.1807        303.6626 1352000000.0000

INFO:        300          3.0000    1242809.7107     790609.7055     452200.0052          9.5547     153375.2843      -4870.4352          0.0000          0.0000     642104.8564        303.4105 1352000000.0000

INFO:        320          3.2000    1239774.0728     788476.2790     451297.7938          9.5621     153561.7641      -4895.7873          0.0000          0.0000     639810.3022        302.8051 1352000000.0000

INFO:        340          3.4000    1237210.9442     786167.8182     451043.1260          9.5543     153296.8254      -4725.7248          0.0000          0.0000     637596.7176        302.6342 1352000000.0000

INFO:        360          3.6000    1234922.5570     784525.1106     450397.4464          9.5618     153515.2564      -4470.9122          0.0000          0.0000     635480.7664        302.2010 1352000000.0000

INFO:        380          3.8000    1232245.0317     782706.4200     449538.6117          9.5679     153633.8729      -4339.0168          0.0000          0.0000     633411.5639        301.6248 1352000000.0000

INFO:        400          4.0000    1230773.4393     780460.2809     450313.1584          9.5698     153400.5883      -4345.0825          0.0000          0.0000     631404.7751        302.1445 1352000000.0000

INFO:        420          4.2000    1229618.6232     778527.1771     451091.4462          9.5575     153458.6438      -4383.5797          0.0000          0.0000     629452.1129        302.6667 1352000000.0000

INFO:        440          4.4000    1227100.6477     776702.7207     450397.9270          9.5553     153323.6302      -4201.0788          0.0000          0.0000     627580.1692        302.2013 1352000000.0000

INFO:        460          4.6000    1224712.3673     775015.0505     449697.3168          9.5521     153312.3543      -4074.2559          0.0000          0.0000     625776.9521        301.7312 1352000000.0000

INFO:        480          4.8000    1223214.5678     773540.7433     449673.8245          9.5582     153467.2024      -3963.1318          0.0000          0.0000     624036.6726        301.7155 1352000000.0000

INFO:        500          5.0000    1221000.1323     771812.6975     449187.4348          9.5466     153292.5541      -3809.3314          0.0000          0.0000     622329.4748        301.3891 1352000000.0000

INFO:        520          5.2000    1219326.6348     770182.7850     449143.8497          9.5506     153287.8129      -3786.2348          0.0000          0.0000     620681.2070        301.3599 1352000000.0000

INFO:        540          5.4000    1217182.8238     768831.6374     448351.1864          9.5468     153463.0840      -3687.4795          0.0000          0.0000     619056.0329        300.8280 1352000000.0000

INFO:        560          5.6000    1215220.6547     766905.5749     448315.0797          9.5429     153158.4207      -3740.7439          0.0000          0.0000     617487.8981        300.8038 1352000000.0000

INFO:        580          5.8000    1213794.4589     765401.2087     448393.2502          9.5429     153214.6943      -3790.0419          0.0000          0.0000     615976.5563        300.8563 1352000000.0000

INFO:        600          6.0000    1212620.1936     763923.2206     448696.9731          9.5310     152969.8425      -3571.6313          0.0000          0.0000     614525.0094        301.0601 1352000000.0000

INFO:        620          6.2000    1210865.8639     762489.6958     448376.1681          9.5365     152724.6329      -3379.6623          0.0000          0.0000     613144.7252        300.8448 1352000000.0000

INFO:        640          6.4000    1209732.7452     761449.3499     448283.3953          9.5326     153117.4002      -3443.5705          0.0000          0.0000     611775.5202        300.7826 1352000000.0000

INFO:        660          6.6000    1208198.4909     760163.7332     448034.7578          9.5463     153218.8491      -3527.4653          0.0000          0.0000     610472.3494        300.6157 1352000000.0000

INFO:        680          6.8000    1207057.7953     758462.1146     448595.6806          9.5332     152879.3195      -3583.3601          0.0000          0.0000     609166.1552        300.9921 1352000000.0000

INFO:        700          7.0000    1205496.6043     757245.9025     448250.7018          9.5243     152700.3985      -3361.6530          0.0000          0.0000     607907.1570        300.7606 1352000000.0000

INFO:        720          7.2000    1204589.7483     756310.0274     448279.7209          9.5332     153009.9870      -3344.6087          0.0000          0.0000     606644.6491        300.7801 1352000000.0000

INFO:        740          7.4000    1202817.6693     755175.8445     447641.8248          9.5344     153145.2435      -3383.9391          0.0000          0.0000     605414.5401        300.3521 1352000000.0000

INFO:        760          7.6000    1201932.1558     754078.4537     447853.7021          9.5401     153205.7316      -3345.5456          0.0000          0.0000     604218.2677        300.4942 1352000000.0000

INFO:        780          7.8000    1200872.4255     752976.9497     447895.4758          9.5411     153182.9123      -3268.9016          0.0000          0.0000     603062.9390        300.5223 1352000000.0000

INFO:        800          8.0000    1199402.1248     751971.1705     447430.9543          9.5414     153095.1905      -3044.7215          0.0000          0.0000     601920.7015        300.2106 1352000000.0000

INFO:        820          8.2000    1197370.1715     750519.7755     446850.3960          9.5280     152841.2334      -3080.2136          0.0000          0.0000     600758.7557        299.8211 1352000000.0000

INFO:        840          8.4000    1196417.9530     749459.7423     446958.2107          9.5368     152964.8657      -3119.5422          0.0000          0.0000     599614.4188        299.8934 1352000000.0000

INFO:        860          8.6000    1195901.3070     748630.4779     447270.8291          9.5395     153184.2577      -3044.9601          0.0000          0.0000     598491.1803        300.1032 1352000000.0000

INFO:        880          8.8000    1194919.2640     746757.7823     448161.4816          9.5186     152411.0499      -3062.0102          0.0000          0.0000     597408.7427        300.7008 1352000000.0000

INFO:        900          9.0000    1193344.3766     746507.2559     446837.1207          9.5368     153142.4090      -2993.8154          0.0000          0.0000     596358.6623        299.8122 1352000000.0000

INFO:        920          9.2000    1192207.5873     745217.2119     446990.3754          9.5348     152843.5886      -2954.3974          0.0000          0.0000     595328.0208        299.9150 1352000000.0000

INFO:        940          9.4000    1191261.5043     744375.9727     446885.5317          9.5407     153053.5377      -2986.9794          0.0000          0.0000     594309.4143        299.8446 1352000000.0000

INFO:        960          9.6000    1190545.9869     743414.5150     447131.4719          9.5404     153252.2408      -3139.2490          0.0000          0.0000     593301.5232        300.0097 1352000000.0000

INFO:        980          9.8000    1189572.0590     742581.0078     446991.0512          9.5430     153190.3801      -2931.2534          0.0000          0.0000     592321.8811        299.9154 1352000000.0000

INFO:       1000         10.0000    1189425.2038     742093.2735     447331.9303          9.5495     153413.1027      -2699.8796          0.0000          0.0000     591380.0505        300.1442 1352000000.0000

INFO:       1020         10.2000    1188320.1500     741351.1226     446969.0274          9.5577     153523.9786      -2626.7097          0.0000          0.0000     590453.8536        299.9007 1352000000.0000

INFO:       1040         10.4000    1187276.9129     740578.0891     446698.8238          9.5593     153472.7448      -2458.1233          0.0000          0.0000     589563.4676        299.7194 1352000000.0000

INFO:       1060         10.6000    1187208.8322     739451.7266     447757.1055          9.5467     153204.5904      -2418.2534          0.0000          0.0000     588665.3897        300.4294 1352000000.0000

INFO:       1080         10.8000    1186339.2357     738576.9121     447762.3236          9.5537     153293.7217      -2509.8654          0.0000          0.0000     587793.0558        300.4329 1352000000.0000

INFO:       1100         11.0000    1185154.6244     737402.4660     447752.1584          9.5384     153151.0080      -2648.4882          0.0000          0.0000     586899.9462        300.4261 1352000000.0000

INFO:       1120         11.2000    1184445.0856     736816.6900     447628.3956          9.5462     153329.3873      -2573.2270          0.0000          0.0000     586060.5297        300.3431 1352000000.0000

INFO:       1140         11.4000    1183413.9152     736321.3061     447092.6091          9.5577     153667.4840      -2594.0208          0.0000          0.0000     585247.8429        299.9836 1352000000.0000

INFO:       1160         11.6000    1183168.1818     735446.0043     447722.1776          9.5590     153534.3720      -2548.1099          0.0000          0.0000     584459.7422        300.4060 1352000000.0000

INFO:       1180         11.8000    1182532.0828     735055.0485     447477.0343          9.5678     153917.1272      -2544.1219          0.0000          0.0000     583682.0432        300.2415 1352000000.0000

INFO:       1200         12.0000    1181251.3657     733925.1208     447326.2449          9.5584     153496.1160      -2487.0769          0.0000          0.0000     582916.0818        300.1403 1352000000.0000

INFO:       1220         12.2000    1179816.7332     733647.2669     446169.4664          9.5715     153896.5432      -2375.5355          0.0000          0.0000     582126.2592        299.3642 1352000000.0000

INFO:       1240         12.4000    1179195.6625     732469.2324     446726.4301          9.5623     153492.7065      -2368.2414          0.0000          0.0000     581344.7672        299.7379 1352000000.0000

INFO:       1260         12.6000    1177949.5165     731305.9084     446643.6082          9.5536     153251.6657      -2509.4846          0.0000          0.0000     580563.7272        299.6823 1352000000.0000

INFO:       1280         12.8000    1177697.7773     730879.4348     446818.3425          9.5716     153584.7105      -2513.2807          0.0000          0.0000     579808.0050        299.7996 1352000000.0000

INFO:       1300         13.0000    1177379.1945     730283.3890     447095.8054          9.5739     153632.1400      -2423.7045          0.0000          0.0000     579074.9535        299.9857 1352000000.0000

INFO:       1320         13.2000    1176655.2410     729697.0290     446958.2120          9.5639     153691.8297      -2346.4523          0.0000          0.0000     578351.6516        299.8934 1352000000.0000

INFO:       1340         13.4000    1176090.3552     728886.1803     447204.1749          9.5605     153610.6142      -2357.6444          0.0000          0.0000     577633.2105        300.0584 1352000000.0000

INFO:       1360         13.6000    1175585.0324     728640.9215     446944.1109          9.5630     153822.9836      -2100.9161          0.0000          0.0000     576918.8541        299.8839 1352000000.0000

INFO:       1380         13.8000    1174810.7723     727854.9491     446955.8232          9.5641     153701.3699      -2055.1614          0.0000          0.0000     576208.7406        299.8918 1352000000.0000

INFO:       1400         14.0000    1174189.1596     726670.6215     447518.5381          9.5555     153349.2271      -2175.3274          0.0000          0.0000     575496.7218        300.2694 1352000000.0000

INFO:       1420         14.2000    1173376.1041     726480.4805     446895.6236          9.5673     153907.5719      -2249.9723          0.0000          0.0000     574822.8809        299.8514 1352000000.0000

INFO:       1440         14.4000    1172992.8346     725547.8832     447444.9514          9.5593     153576.4221      -2193.3282          0.0000          0.0000     574164.7893        300.2200 1352000000.0000

INFO:       1460         14.6000    1171577.1454     725030.6610     446546.4844          9.5668     153803.2286      -2277.9980          0.0000          0.0000     573505.4304        299.6171 1352000000.0000

INFO:       1480         14.8000    1170975.3673     724314.5407     446660.8266          9.5628     153702.0501      -2259.7214          0.0000          0.0000     572872.2120        299.6939 1352000000.0000

INFO:       1500         15.0000    1169955.0269     723683.3864     446271.6405          9.5558     153651.1907      -2210.3155          0.0000          0.0000     572242.5112        299.4327 1352000000.0000

INFO:       1520         15.2000    1169235.9804     723051.3555     446184.6249          9.5479     153530.3470      -2118.2574          0.0000          0.0000     571639.2659        299.3744 1352000000.0000

INFO:       1540         15.4000    1168288.3171     722248.0853     446040.2318          9.5435     153312.2721      -2101.9663          0.0000          0.0000     571037.7795        299.2775 1352000000.0000

INFO:       1560         15.6000    1167575.6252     721551.6941     446023.9312          9.5443     153127.4903      -2019.4978          0.0000          0.0000     570443.7016        299.2665 1352000000.0000

INFO:       1580         15.8000    1167113.6112     721644.0209     445469.5903          9.5620     153691.5093      -1904.1394          0.0000          0.0000     569856.6510        298.8946 1352000000.0000

INFO:       1600         16.0000    1167643.7978     720883.8326     446759.9652          9.5581     153526.0724      -1902.1945          0.0000          0.0000     569259.9546        299.7604 1352000000.0000

INFO:       1620         16.2000    1166676.9698     720375.2735     446301.6963          9.5644     153697.0505      -2005.6862          0.0000          0.0000     568683.9093        299.4529 1352000000.0000

INFO:       1640         16.4000    1165791.8034     719649.6518     446142.1517          9.5567     153511.8593      -1977.5472          0.0000          0.0000     568115.3397        299.3459 1352000000.0000

INFO:       1660         16.6000    1165585.0613     719245.1779     446339.8834          9.5605     153690.2158      -2012.0952          0.0000          0.0000     567567.0574        299.4785 1352000000.0000

INFO:       1680         16.8000    1164797.6476     718484.0440     446313.6036          9.5469     153517.1946      -2054.1633          0.0000          0.0000     567021.0127        299.4609 1352000000.0000

INFO:       1700         17.0000    1165196.0860     717991.2657     447204.8203          9.5496     153516.6977      -2029.8642          0.0000          0.0000     566504.4322        300.0589 1352000000.0000

INFO:       1720         17.2000    1164874.9065     717690.1252     447184.7813          9.5578     153688.5924      -1968.2139          0.0000          0.0000     565969.7468        300.0454 1352000000.0000

INFO:       1740         17.4000    1163788.7508     716948.6709     446840.0799          9.5459     153385.1432      -1875.4407          0.0000          0.0000     565438.9684        299.8141 1352000000.0000

INFO:       1760         17.6000    1162580.3101     716351.4255     446228.8846          9.5420     153215.3896      -1781.3180          0.0000          0.0000     564917.3539        299.4041 1352000000.0000

INFO:       1780         17.8000    1162172.1460     715652.2982     446519.8478          9.5424     153007.1298      -1723.7413          0.0000          0.0000     564368.9097        299.5993 1352000000.0000

INFO:       1800         18.0000    1161249.5366     715325.2925     445924.2441          9.5462     153216.1664      -1716.9861          0.0000          0.0000     563826.1122        299.1996 1352000000.0000

INFO:       1820         18.2000    1160820.9152     714545.8889     446275.0263          9.5489     153118.5169      -1849.2627          0.0000          0.0000     563276.6347        299.4350 1352000000.0000

INFO:       1840         18.4000    1160438.5844     713874.4379     446564.1465          9.5374     153058.7059      -1918.4238          0.0000          0.0000     562734.1558        299.6290 1352000000.0000

INFO:       1860         18.6000    1159825.7616     713136.4037     446689.3579          9.5335     152848.3349      -1926.9823          0.0000          0.0000     562215.0511        299.7130 1352000000.0000

INFO:       1880         18.8000    1159025.9040     713041.7012     445984.2028          9.5423     153234.7471      -1910.9169          0.0000          0.0000     561717.8711        299.2399 1352000000.0000

INFO:       1900         19.0000    1158459.3738     711977.5050     446481.8688          9.5248     152657.0623      -1910.1626          0.0000          0.0000     561230.6052        299.5738 1352000000.0000

INFO:       1920         19.2000    1158130.6349     711698.0734     446432.5614          9.5306     152747.5608      -1812.7732          0.0000          0.0000     560763.2859        299.5407 1352000000.0000

INFO:       1940         19.4000    1157706.4218     711733.1641     445973.2577          9.5403     153078.3634      -1647.1845          0.0000          0.0000     560301.9852        299.2325 1352000000.0000

INFO:       1960         19.6000    1157102.8425     711165.4210     445937.4215          9.5389     152764.6769      -1464.1610          0.0000          0.0000     559864.9051        299.2085 1352000000.0000

INFO:       1980         19.8000    1156825.5949     710842.8429     445982.7520          9.5378     153001.3693      -1578.8788          0.0000          0.0000     559420.3524        299.2389 1352000000.0000

INFO:       2000         20.0000    1155656.6962     710013.3224     445643.3738          9.5301     152760.3075      -1731.7138          0.0000          0.0000     558984.7286        299.0112 1352000000.0000

 
[STEP6] Deallocate Arrays
 
Output_Time> Averaged timer profile (Min, Max)
  total time      =     268.912
    setup         =       4.147
    dynamics      =     264.766
      energy      =     192.736
      integrator  =      43.170
      migration   =       0.000
      pairlist    =      27.009 (      26.607,      27.456)
  energy           
    bond          =       0.956 (       0.863,       1.070)
    angle         =       0.016 (       0.014,       0.020)
    dihedral      =       0.015 (       0.014,       0.018)
    base stacking =       0.000 (       0.000,       0.000)
    nonbond       =     139.000 (     135.460,     142.757)
      CG exv      =       1.355 (       1.025,       1.919)
      CG DNA bp   =       0.000 (       0.000,       0.000)
      CG DNA exv  =       0.000 (       0.000,       0.000)
      CG ele      =      93.478 (      91.418,      95.499)
      CG PWMcos   =       0.000 (       0.000,       0.000)
      CG PWMcosns =       0.000 (       0.000,       0.000)
      CG IDR-HPS  =      44.158 (      42.977,      45.329)
      CG IDR-KH   =       0.000 (       0.000,       0.000)
      CG KH       =       0.000 (       0.000,       0.000)
      Contact     =       0.006 (       0.006,       0.007)
      pme real    =       0.000 (       0.000,       0.000)
      pme recip   =       0.000 (       0.000,       0.000)
    solvation     =       0.000 (       0.000,       0.000)
      polar       =       0.000 (       0.000,       0.000)
      non-polar   =       0.000 (       0.000,       0.000)
    restraint     =       0.000 (       0.000,       0.000)
    qmmm          =       0.000 (       0.000,       0.000)
    morph         =       0.000 (       0.000,       0.000)
  integrator       
    constraint    =       0.000 (       0.000,       0.000)
    update        =       0.000 (       0.000,       0.000)
    comm_coord    =       0.000 (       0.000,       0.000)
    comm_force    =       0.000 (       0.000,       0.000)
  migration       =       0.000 (       0.000,       0.000)
    comm_migrate  =       0.000 (       0.000,       0.000)
    ptl_migrate   =       0.000 (       0.000,       0.000)
    bond_migrate  =       0.000 (       0.000,       0.000)
    angl_migrate  =       0.000 (       0.000,       0.000)
    dihe_migrate  =       0.000 (       0.000,       0.000)
    contact_migr  =       0.000 (       0.000,       0.000)
    stack_migrate =       0.000 (       0.000,       0.000)
    pwmcos_migrate =       0.000 (       0.000,       0.000)
    pwmcosns_migr  =       0.000 (       0.000,       0.000)
    nonb_update    =       0.000 (       0.000,       0.000)

