****************************************************
*                                                  *
*                  GENESIS ATDYN                   *
*                                                  *
*        A Molecular Dynamics Simulator with       *
*            Atomic Decomposition Scheme           *
*                                                  *
*               Developed by RIKEN                 *
*                                                  *
****************************************************
 
[STEP0] Architecture and Compiler Information
 
GENESIS_Information> GENESIS Information
  version      = 2.0.0
  commit ID    = $GENESIS_VERSION$
  precision    = double
  nonbonding   = CPU

Build_Information> Compiler Information
  build host   = jjwsmj@hokusai2
  fortran      = ifort (IFORT) 2021.7.1 20221019
  option       = 
  -axCORE-AVX512 -g -O3  -qmkl=parallel  -assume byterecl -qopenmp  
  C            = 
 icc: remark #10441: The Intel(R) C++ Compiler Classic (ICC) is deprecated and w
 ill be removed from product release in the second half of 2023. The Intel(R) on
 eAPI DPC++/C++ Compiler (ICX) is the recommended compiler moving forward. Pleas
 e transition to use this compiler. Use '-diag-disable=10441' to disable this me
 ssage.
  option       = -O3 -ip -axCORE-AVX2  -qopenmp 
  defined var. = 
  -DHAVE_MPI_GENESIS -DOMP -DIFORT19 -DFFTE -DLAPACK -DDSFMT_MEXP=19937 -DINTEL
  link option  = 
  -assume byterecl -lgfortran -qopenmp  -lmkl_intel_lp64 -lmkl_sequential -lmkl_
 core -lmkl_lapack95_lp64   
  MPI Compiler = Intel(R) MPI

Runtime_Information> Machine and Library Information
  date       = 2023/05/12 15:27:39
  cpu model    = Intel(R) Xeon(R) Gold 6148 CPU @ 2.40GHz
  exec. host   = jjwsmj@bwmpc0239
  LD library   = 
 /bwfefs/opt/x86_64/intel/oneapi/2022.3/mpi/2021.7.1/libfabric/lib:/bwfefs/opt/x
 86_64/intel/oneapi/2022.3/mpi/2021.7.1/lib/release:/bwfefs/opt/x86_64/intel/one
 api/2022.3/mpi/2021.7.1/lib:/bwfefs/opt/x86_64/intel/oneapi/2022.3/tbb/2021.7.1
 /lib/intel64/gcc4.8:/usr/lib64:/bwfefs/opt/x86_64/intel/oneapi/2022.3/vpl/2022.
 2.5/lib:/bwfefs/opt/x86_64/intel/oneapi/2022.3/mkl/latest/lib/intel64:/bwfefs/o
 pt/x86_64/intel/oneapi/2022.3/itac/2021.7.1/slib:/bwfefs/opt/x86_64/intel/oneap
 i/2022.3/ippcp/2021.6.2/lib/intel64:/bwfefs/opt/x86_64/intel/oneapi/2022.3/ipp/
 2021.6.2/lib/intel64:/bwfefs/opt/x86_64/intel/oneapi/2022.3/dnnl/2022.2.1/cpu_d
 pcpp_gpu_dpcpp/lib:/bwfefs/opt/x86_64/intel/oneapi/2022.3/dal/2021.7.1/lib/inte
 l64:/bwfefs/opt/x86_64/intel/oneapi/2022.3/compiler/2022.2.1/linux/compiler/lib
 :/bwfefs/opt/x86_64/intel/oneapi/2022.3/compiler/2022.2.1/linux/lib/oclfpga/hos
 t/linux64/lib:/bwfefs/opt/x86_64/intel/oneapi/2022.3/compiler/2022.2.1/linux/li
 b/oclfpga/linux64/lib:/bwfefs/opt/x86_64/intel/oneapi/2022.3/compiler/2022.2.1/
 linux/lib:/bwfefs/opt/x86_64/intel/oneapi/2022.3/compiler/2022.2.1/linux/lib/x6
 4:/bwfefs/opt/x86_64/intel/oneapi/2022.3/compiler/2022.2.1/linux/lib/emu:/bwfef
 s/opt/x86_64/intel/oneapi/2022.3/compiler/2022.2.1/linux/compiler/lib/intel64_l
 in:/bwfefs/opt/x86_64/intel/oneapi/2022.3/debugger/2021.7.1/dep/lib:/bwfefs/opt
 /x86_64/intel/oneapi/2022.3/debugger/2021.7.1/libipt/intel64/lib:/bwfefs/opt/x8
 6_64/intel/oneapi/2022.3/debugger/2021.7.1/gdb/intel64/lib:/bwfefs/opt/x86_64/
 MPI Runtime = Intel(R) MPI Library 2021.7 for Linux* OS


[STEP1] Read Control Parameters
 
Read_Ctrl_Input> Input Files
  grotopfile = pro.top
  grocrdfile = crd/pos_5000.gro
 
Read_Ctrl_Output> Output Files
 
Read_Ctrl_Energy> WARNING: "water_model" is not available
Read_Ctrl_Energy> Parameters of Energy Calculations
  forcefield      =    RESIDCG
  switchdist      =     10.000  cutoffdist      =     12.000
  pairlistdist    =     13.500  dielec_const    =      1.000
  debye           =     10.000
  vdw_force_switch=         no
  electrostatic   =  CUTOFF
  implicit_solvent=       none
  table           =         no
  water_model     =       NONE
  output_style    =    GENESIS
  dispersion_corr =       none
  nonb_limiter    =      no
  user def. table =     no
  efield_x        =           0.000
  efield_y        =           0.000
  efield_z        =           0.000
  efield_normal   =              no
  efield_virial   =              no
 
Read_Ctrl_Dynamics> Parameters of MD simulation
  integrator      =    VVER_CG  nsteps          =       2000
  timestep        =     0.0100  initial_time    =     0.0000
  eneout_period   =         20  rstout_period   =          0
  crdout_period   =          0  velout_period   =          0
  nbupdate_period =         20  stoptr_period   =         10
  qmsave_period   =          0
  iseed           =         -1
  annealing       =         no
  verbose         =         no
  target_md       =         no
  steered_md      =         no
  shrink_box      =         no
  esp_mm          =         no
 
Read_Ctrl_Constraints> Parameters for Constraints
  rigid_bond      =         no
  fixatm_select_index        =       none
 
Read_Ctrl_Ensemble> Parameters for Ensemble
  ensemble        =        NVT
  temperature     =    300.000
  tpcontrol       =   LANGEVIN
  gamma_t         =      1.000
 
Read_Ctrl_Boundary> Parameters of Boundary Condition
  type            =     PBC   
  box_size(x,y,z) =   3200.000   650.000   650.000
  pairlist_grid   =      3.000
 
Read_Ctrl_Selection> Parameters of Selection
  # of groups     =          0
  # of mole names =          0
 
Read_Ctrl_Restraints> No restraint in the system

Read_Ctrl_Fitting_MD> Parameters of Fitting
  fitting method  =  TR+ROT   
  fitting atom    = group1
  mass_weight     =         no
 
[STEP2] Setup MPI
 
Setup_Mpi_Md> Summary of Setup MPI
  number of MPI processes   =         16
  number of OpenMP threads  =          5
  total number of CPU cores =         80

[STEP3] Set Relevant Variables and Structures
 
Read_Grotop> Summary of Grotopfile
  num_moltypes    =          1
    pos100_cg             :
      num_atoms   =        100
      num_bonds   =         99
      num_angls   =          0
      num_dihes   =          0
      num_cmaps   =          0
      num_excls   =          0
      num_constrs =          0
      num_pairs   =          0
      num_vsites2 =          0
      num_vsites3 =          0
      num_vsites4 =          0
      num_vsitesn =          0
      num_posress =          0
      num_PWMcos  =          0
      num_PWMcosns=          0
      num_IDR_HPS =          1
      num_IDR_KH  =          0
    .. not used molecule types were hidden.

  num_molecules   =       5000
    pos100_cg             :  5000

  num_atomtypes   =         33  num_bondtypes   =          0
  num_angltypes   =          0  num_dihetypes   =          0
  num_flangltypes           20
  num_fldihetypes          400
  num_constrtypes =          0  num_cmaptypes   =          0
  num_nbonparms   =          0
  num_basestacktypes  =     16
  num_basepairtypes   =      4
  num_basecrosstypes  =     32
  num_cgdnaexvtypes   =      6
  num_cgelemolpairs   =      1
  num_cg_IDR_HPS_atomtypes  =     20
  num_cg_KH_atomtypes  =    20

  num_cg_pair_MJ_eps   =   400

Define_Molecule> Summary of molecules
  num_atoms       =     500000  num_bonds       =     495000
  num_angles      =          0  num_dihedrals   =          0
  num_impropers   =          0  num_cmap_terms  =          0
  num_residues    =     500000  num_molecules   =       5000
  num_segments    =          1  num_deg_freedom =    1500000
  total_charge    = 500000.000
 
Update_Num_Deg_Freedom> Number of degrees of freedom was updated
  num_deg_freedom =    1499997 (After removing translation)
 
Setup_Boundary> Setup Variables for Boundary Condition
  box_size(x,y,z) =   3200.000   650.000   650.000
  origin(x,y,z)   =      0.000     0.000     0.000
 
Random_Init> Initialize the random number
  seed            = 413385

Define_Enefunc_Gromacs> Number of Interactions in Each Term
  bond_ene        =     495000  angle_ene       =          0
  torsion_ene     =          0  rb_torsion_ene  =          0
  improper_ene    =          0
  nb_exclusions   =     495000  nb14_calc       =          0
  vsite2_ene      =          0  vsite3_ene      =          0
  vsite3fd_ene    =          0  vsite3fad_ene   =          0
  vsite3out_ene   =          0  vsite4fdn_ene   =          0
  vsiten_ene      =          0
 restraint_groups =          0 restraint_funcs  =          0
 
Get_Morph_in> Morphing check
  morphing_bb     =          0  morphing_sc     =          0
 
Setup_Fitting_Atdyn> NO fitting is applied, skip
  fitting method  =  NO
 
[STEP4] Compute Single Point Energy for Molecules
 
            STEP          ENERGY            BOND  NATIVE_CONTACT NON-NATIVE_CONT           ELECT         IDR_HPS          CG_EXV
 --------------- --------------- --------------- --------------- ---------------
               0     853902.2916     170690.3546          0.0000          0.0000     681472.3800       1739.5570          0.0000

[STEP5] Perform Molecular Dynamics Simulation
 
Generate_Velocity> Generate initial velocities
  iseed           =     413385
  temperature     =    300.000
 
Random_Init_Velocity> Initialize the random number
  seed            = 413385

INFO:       STEP            TIME       TOTAL_ENE   POTENTIAL_ENE     KINETIC_ENE            RMSG            BOND         IDR_HPS  NATIVE_CONTACT          CG_EXV           ELECT     TEMPERATURE          VOLUME
 --------------- --------------- --------------- --------------- ---------------
INFO:          0          0.0000    1301133.0786     853902.2916     447230.7871         10.1780     170690.3546       1739.5570          0.0000          0.0000     681472.3800        300.0763 1352000000.0000

Random_Init> Initialize the random number
  seed            = 1751654050

INFO:         20          0.2000    1295013.2343     843589.9104     451423.3239          9.8977     161860.5828        928.3797          0.0000          0.0000     680800.9479        302.8893 1352000000.0000

INFO:         40          0.4000    1291327.8169     837645.5696     453682.2473          9.7946     159709.2899      -1063.1605          0.0000          0.0000     678999.4402        304.4050 1352000000.0000

INFO:         60          0.6000    1287135.8520     831784.7491     455351.1029          9.7325     157886.1009      -2618.2230          0.0000          0.0000     676516.8712        305.5247 1352000000.0000

INFO:         80          0.8000    1283307.8642     827461.8638     455846.0004          9.7098     157578.1180      -3768.6331          0.0000          0.0000     673652.3789        305.8568 1352000000.0000

INFO:        100          1.0000    1278473.4634     822534.5522     455938.9112          9.6716     156410.9225      -4484.6647          0.0000          0.0000     670608.2945        305.9191 1352000000.0000

INFO:        120          1.2000    1274564.7632     818904.3870     455660.3763          9.6631     156176.2421      -4787.4815          0.0000          0.0000     667515.6264        305.7323 1352000000.0000

INFO:        140          1.4000    1269813.4357     815002.0518     454811.3839          9.6384     155406.4417      -4827.9227          0.0000          0.0000     664423.5329        305.1626 1352000000.0000

INFO:        160          1.6000    1265979.2063     811256.9594     454722.2469          9.6148     154828.9992      -4911.7215          0.0000          0.0000     661339.6817        305.1028 1352000000.0000

INFO:        180          1.8000    1261646.5915     807805.6581     453840.9334          9.6042     154404.8514      -4963.7300          0.0000          0.0000     658364.5367        304.5115 1352000000.0000

INFO:        200          2.0000    1257642.8426     804364.6718     453278.1707          9.5887     154009.8524      -5108.3441          0.0000          0.0000     655463.1636        304.1339 1352000000.0000

INFO:        220          2.2000    1254126.2339     801438.9394     452687.2944          9.5798     154066.6298      -5296.9280          0.0000          0.0000     652669.2377        303.7374 1352000000.0000

INFO:        240          2.4000    1250762.6210     799060.5773     451702.0437          9.5832     154301.2936      -5228.6099          0.0000          0.0000     649987.8936        303.0764 1352000000.0000

INFO:        260          2.6000    1248502.4530     796320.4694     452181.9836          9.5832     154072.8058      -5138.5888          0.0000          0.0000     647386.2524        303.3984 1352000000.0000

INFO:        280          2.8000    1245295.5950     793965.7270     451329.8680          9.5881     154109.9003      -5043.4609          0.0000          0.0000     644899.2876        302.8266 1352000000.0000

INFO:        300          3.0000    1242749.5194     791119.9677     451629.5516          9.5645     153489.9531      -4867.5238          0.0000          0.0000     642497.5384        303.0277 1352000000.0000

INFO:        320          3.2000    1240337.0545     789119.2549     451217.7995          9.5695     153711.3543      -4759.8889          0.0000          0.0000     640167.7895        302.7514 1352000000.0000

INFO:        340          3.4000    1237633.7117     786487.0176     451146.6941          9.5579     153318.3321      -4727.0426          0.0000          0.0000     637895.7281        302.7037 1352000000.0000

INFO:        360          3.6000    1234989.7721     784254.4063     450735.3657          9.5468     153222.2743      -4663.5692          0.0000          0.0000     635695.7012        302.4277 1352000000.0000

INFO:        380          3.8000    1232100.1519     782117.9679     449982.1840          9.5476     153278.5696      -4715.2421          0.0000          0.0000     633554.6404        301.9224 1352000000.0000

INFO:        400          4.0000    1229794.5341     780014.8149     449779.7192          9.5476     153190.9730      -4665.0889          0.0000          0.0000     631488.9307        301.7865 1352000000.0000

INFO:        420          4.2000    1227941.4000     777953.4461     449987.9539          9.5439     153021.1684      -4580.6436          0.0000          0.0000     629512.9213        301.9263 1352000000.0000

INFO:        440          4.4000    1226092.5821     776800.6428     449291.9393          9.5609     153546.5741      -4396.3682          0.0000          0.0000     627650.4369        301.4593 1352000000.0000

INFO:        460          4.6000    1224426.2422     774635.9701     449790.2721          9.5448     153210.3707      -4412.8393          0.0000          0.0000     625838.4387        301.7936 1352000000.0000

INFO:        480          4.8000    1222707.7810     772867.1119     449840.6691          9.5360     153144.2734      -4385.9781          0.0000          0.0000     624108.8166        301.8274 1352000000.0000

INFO:        500          5.0000    1221621.4777     771614.8429     450006.6349          9.5544     153324.8560      -4140.0315          0.0000          0.0000     622430.0184        301.9388 1352000000.0000

INFO:        520          5.2000    1219220.2695     770508.2401     448712.0294          9.5630     153519.5533      -3812.2629          0.0000          0.0000     620800.9497        301.0702 1352000000.0000

INFO:        540          5.4000    1218728.5111     769114.3745     449614.1367          9.5706     153637.3531      -3758.5880          0.0000          0.0000     619235.6093        301.6754 1352000000.0000

INFO:        560          5.6000    1217017.3492     767507.9832     449509.3660          9.5580     153520.1494      -3706.7683          0.0000          0.0000     617694.6021        301.6051 1352000000.0000

INFO:        580          5.8000    1214825.6883     765960.2763     448865.4120          9.5531     153451.5958      -3690.9599          0.0000          0.0000     616199.6404        301.1731 1352000000.0000

INFO:        600          6.0000    1212754.2117     764100.8346     448653.3771          9.5535     153094.7528      -3742.1093          0.0000          0.0000     614748.1911        301.0308 1352000000.0000

INFO:        620          6.2000    1210741.8776     762277.9210     448463.9566          9.5429     152652.0049      -3680.1323          0.0000          0.0000     613306.0483        300.9037 1352000000.0000

INFO:        640          6.4000    1209320.2419     761531.0025     447789.2394          9.5559     153243.3327      -3614.0588          0.0000          0.0000     611901.7286        300.4510 1352000000.0000

INFO:        660          6.6000    1208388.7669     760529.2154     447859.5515          9.5543     153498.3293      -3514.1870          0.0000          0.0000     610545.0732        300.4982 1352000000.0000

INFO:        680          6.8000    1207465.4085     758883.2776     448582.1309          9.5562     153501.1288      -3831.8075          0.0000          0.0000     609213.9563        300.9830 1352000000.0000

INFO:        700          7.0000    1206264.7540     757765.9029     448498.8511          9.5589     153439.8476      -3599.7111          0.0000          0.0000     607925.7664        300.9271 1352000000.0000

INFO:        720          7.2000    1204639.4023     756475.5629     448163.8394          9.5532     153262.5194      -3465.5798          0.0000          0.0000     606678.6234        300.7023 1352000000.0000

INFO:        740          7.4000    1203339.3872     755593.2917     447746.0955          9.5569     153668.8019      -3521.9322          0.0000          0.0000     605446.4219        300.4220 1352000000.0000

INFO:        760          7.6000    1202603.5166     754480.9296     448122.5869          9.5593     153681.7681      -3449.5282          0.0000          0.0000     604248.6897        300.6747 1352000000.0000

INFO:        780          7.8000    1202150.8951     753243.0812     448907.8139          9.5543     153492.0246      -3335.5217          0.0000          0.0000     603086.5783        301.2015 1352000000.0000

INFO:        800          8.0000    1201254.2412     752429.3656     448824.8756          9.5519     153595.0278      -3143.7613          0.0000          0.0000     601978.0991        301.1459 1352000000.0000

INFO:        820          8.2000    1198795.5290     751445.9571     447349.5718          9.5503     153647.7137      -3067.7146          0.0000          0.0000     600865.9580        300.1560 1352000000.0000

INFO:        840          8.4000    1198117.3664     750092.5167     448024.8498          9.5497     153444.7995      -3138.2657          0.0000          0.0000     599785.9829        300.6091 1352000000.0000

INFO:        860          8.6000    1197048.7387     748294.0914     448754.6472          9.5331     152879.8270      -3279.0779          0.0000          0.0000     598693.3423        301.0988 1352000000.0000

INFO:        880          8.8000    1195992.9271     748712.2295     447280.6975          9.5783     154147.2765      -3094.1452          0.0000          0.0000     597659.0983        300.1098 1352000000.0000

INFO:        900          9.0000    1194726.0175     747247.6296     447478.3878          9.5516     153389.4269      -2795.8673          0.0000          0.0000     596654.0700        300.2424 1352000000.0000

INFO:        920          9.2000    1193424.8462     746310.6263     447114.2199          9.5559     153552.0864      -2903.3539          0.0000          0.0000     595661.8938        299.9981 1352000000.0000

INFO:        940          9.4000    1192491.1087     745033.9667     447457.1420          9.5528     153217.9524      -2885.8010          0.0000          0.0000     594701.8153        300.2282 1352000000.0000

INFO:        960          9.6000    1191357.9544     744542.6274     446815.3270          9.5569     153511.4648      -2701.4009          0.0000          0.0000     593732.5635        299.7975 1352000000.0000

INFO:        980          9.8000    1191078.5772     743401.9706     447676.6066          9.5495     153311.2026      -2699.4048          0.0000          0.0000     592790.1727        300.3754 1352000000.0000

INFO:       1000         10.0000    1189831.4113     742855.3826     446976.0287          9.5570     153637.4231      -2637.7921          0.0000          0.0000     591855.7517        299.9054 1352000000.0000

INFO:       1020         10.2000    1189092.2227     742357.2232     446734.9995          9.5875     154197.1643      -2756.2048          0.0000          0.0000     590916.2638        299.7436 1352000000.0000

INFO:       1040         10.4000    1187670.3373     740819.3444     446850.9928          9.5593     153546.5358      -2727.4426          0.0000          0.0000     590000.2513        299.8215 1352000000.0000

INFO:       1060         10.6000    1186621.1718     739432.5572     447188.6146          9.5406     153125.4618      -2789.1856          0.0000          0.0000     589096.2810        300.0480 1352000000.0000

INFO:       1080         10.8000    1185778.5116     738745.6738     447032.8377          9.5530     153344.0177      -2816.2716          0.0000          0.0000     588217.9278        299.9435 1352000000.0000

INFO:       1100         11.0000    1184681.7191     738116.3747     446565.3444          9.5612     153451.8472      -2703.7856          0.0000          0.0000     587368.3131        299.6298 1352000000.0000

INFO:       1120         11.2000    1183985.2214     737319.8289     446665.3925          9.5545     153459.1833      -2684.5465          0.0000          0.0000     586545.1921        299.6969 1352000000.0000

INFO:       1140         11.4000    1183568.7558     736927.1936     446641.5622          9.5663     153827.8793      -2653.3410          0.0000          0.0000     585752.6552        299.6809 1352000000.0000

INFO:       1160         11.6000    1182932.4324     736264.2601     446668.1723          9.5597     153689.9408      -2416.3333          0.0000          0.0000     584990.6526        299.6988 1352000000.0000

INFO:       1180         11.8000    1182731.9516     735316.0030     447415.9486          9.5572     153439.7036      -2352.7720          0.0000          0.0000     584229.0715        300.2005 1352000000.0000

INFO:       1200         12.0000    1181735.7200     734300.6360     447435.0840          9.5566     153323.0064      -2470.8268          0.0000          0.0000     583448.4564        300.2134 1352000000.0000

INFO:       1220         12.2000    1180968.6503     733365.3585     447603.2918          9.5424     153213.4391      -2517.1517          0.0000          0.0000     582669.0710        300.3262 1352000000.0000

INFO:       1240         12.4000    1180017.6256     732263.2678     447754.3578          9.5320     152722.3792      -2350.9107          0.0000          0.0000     581891.7994        300.4276 1352000000.0000

INFO:       1260         12.6000    1179086.2500     731631.6702     447454.5798          9.5403     152899.6383      -2398.6259          0.0000          0.0000     581130.6577        300.2265 1352000000.0000

INFO:       1280         12.8000    1178248.2545     731107.4622     447140.7923          9.5490     153184.1872      -2455.6191          0.0000          0.0000     580378.8941        300.0159 1352000000.0000

INFO:       1300         13.0000    1177563.2321     730479.0533     447084.1789          9.5496     153342.3709      -2511.9781          0.0000          0.0000     579648.6604        299.9779 1352000000.0000

INFO:       1320         13.2000    1176892.9939     729861.7286     447031.2652          9.5545     153262.9039      -2352.4082          0.0000          0.0000     578951.2329        299.9424 1352000000.0000

INFO:       1340         13.4000    1175505.8878     729001.2714     446504.6164          9.5376     153046.7458      -2308.4012          0.0000          0.0000     578262.9268        299.5891 1352000000.0000

INFO:       1360         13.6000    1174712.6982     728716.1051     445996.5932          9.5466     153380.8103      -2235.3174          0.0000          0.0000     577570.6121        299.2482 1352000000.0000

INFO:       1380         13.8000    1174490.7482     728221.2071     446269.5410          9.5586     153604.9390      -2245.2828          0.0000          0.0000     576861.5509        299.4313 1352000000.0000

INFO:       1400         14.0000    1173146.7675     726471.2123     446675.5552          9.5281     152711.1558      -2408.3750          0.0000          0.0000     576168.4315        299.7038 1352000000.0000

INFO:       1420         14.2000    1172321.4827     726468.1651     445853.3176          9.5428     153292.7116      -2311.9464          0.0000          0.0000     575487.3999        299.1521 1352000000.0000

INFO:       1440         14.4000    1171970.4321     725908.1282     446062.3039          9.5498     153298.9977      -2203.9007          0.0000          0.0000     574813.0312        299.2923 1352000000.0000

INFO:       1460         14.6000    1171981.1167     725384.8502     446596.2665          9.5527     153407.4060      -2161.7156          0.0000          0.0000     574139.1598        299.6506 1352000000.0000

INFO:       1480         14.8000    1171202.1616     724578.5081     446623.6535          9.5501     153120.7109      -2022.8199          0.0000          0.0000     573480.6171        299.6689 1352000000.0000

INFO:       1500         15.0000    1170343.7149     724051.7807     446291.9342          9.5517     153320.3826      -2099.9874          0.0000          0.0000     572831.3855        299.4464 1352000000.0000

INFO:       1520         15.2000    1169582.9531     723075.5583     446507.3948          9.5391     153029.7711      -2165.7632          0.0000          0.0000     572211.5503        299.5909 1352000000.0000

INFO:       1540         15.4000    1169115.5393     723065.7059     446049.8334          9.5482     153524.0269      -2070.0983          0.0000          0.0000     571611.7773        299.2839 1352000000.0000

INFO:       1560         15.6000    1168754.6290     722307.4449     446447.1841          9.5454     153356.6444      -2078.8311          0.0000          0.0000     571029.6316        299.5505 1352000000.0000

INFO:       1580         15.8000    1168551.0957     721453.1131     447097.9826          9.5334     152906.6668      -1910.5759          0.0000          0.0000     570457.0222        299.9872 1352000000.0000

INFO:       1600         16.0000    1167741.3398     721414.1878     446327.1520          9.5537     153348.9701      -1829.3513          0.0000          0.0000     569894.5690        299.4700 1352000000.0000

INFO:       1620         16.2000    1167388.4868     720655.7224     446732.7644          9.5486     153259.3211      -1931.9565          0.0000          0.0000     569328.3577        299.7421 1352000000.0000

INFO:       1640         16.4000    1166392.6861     719943.1668     446449.5193          9.5419     153243.0369      -2058.9814          0.0000          0.0000     568759.1113        299.5521 1352000000.0000

INFO:       1660         16.6000    1165468.3600     718920.5111     446547.8489          9.5242     152669.5496      -1949.3298          0.0000          0.0000     568200.2913        299.6181 1352000000.0000

INFO:       1680         16.8000    1165292.8543     718314.8431     446978.0112          9.5277     152748.5977      -2054.7148          0.0000          0.0000     567620.9601        299.9067 1352000000.0000

INFO:       1700         17.0000    1164887.9338     718261.2414     446626.6924          9.5463     153169.4942      -1930.2619          0.0000          0.0000     567022.0090        299.6710 1352000000.0000

INFO:       1720         17.2000    1164436.0341     718581.4873     445854.5469          9.5626     153953.6285      -1810.4089          0.0000          0.0000     566438.2677        299.1529 1352000000.0000

INFO:       1740         17.4000    1163477.7776     717284.4780     446193.2996          9.5525     153245.8876      -1875.8256          0.0000          0.0000     565914.4160        299.3802 1352000000.0000

INFO:       1760         17.6000    1163096.1994     717071.2444     446024.9551          9.5596     153545.8526      -1857.3850          0.0000          0.0000     565382.7767        299.2672 1352000000.0000

INFO:       1780         17.8000    1163016.7042     716825.7370     446190.9672          9.5591     153747.8431      -1781.2667          0.0000          0.0000     564859.1606        299.3786 1352000000.0000

INFO:       1800         18.0000    1162466.7046     715975.2062     446491.4984          9.5606     153559.5543      -1915.1666          0.0000          0.0000     564330.8186        299.5803 1352000000.0000

INFO:       1820         18.2000    1162012.4165     715117.9053     446894.5112          9.5523     153430.5470      -2101.8172          0.0000          0.0000     563789.1755        299.8507 1352000000.0000

INFO:       1840         18.4000    1160547.2857     714057.6516     446489.6341          9.5356     152763.5245      -1995.7087          0.0000          0.0000     563289.8358        299.5790 1352000000.0000

INFO:       1860         18.6000    1160070.3375     714183.6847     445886.6528          9.5371     153255.0127      -1863.4619          0.0000          0.0000     562792.1339        299.1744 1352000000.0000

INFO:       1880         18.8000    1159892.9693     713587.1009     446305.8684          9.5362     152858.9799      -1587.0832          0.0000          0.0000     562315.2042        299.4557 1352000000.0000

INFO:       1900         19.0000    1159214.3669     713984.3556     445230.0113          9.5611     153730.5147      -1581.9773          0.0000          0.0000     561835.8181        298.7338 1352000000.0000

INFO:       1920         19.2000    1159110.3659     713136.9383     445973.4276          9.5518     153433.9207      -1637.4007          0.0000          0.0000     561340.4183        299.2326 1352000000.0000

INFO:       1940         19.4000    1158063.5793     712945.7151     445117.8642          9.5644     153857.5452      -1770.3725          0.0000          0.0000     560858.5424        298.6586 1352000000.0000

INFO:       1960         19.6000    1157326.5793     712147.5722     445179.0071          9.5587     153674.1071      -1890.1269          0.0000          0.0000     560363.5921        298.6996 1352000000.0000

INFO:       1980         19.8000    1157080.6857     711359.0758     445721.6099          9.5431     153286.0457      -1816.0074          0.0000          0.0000     559889.0375        299.0637 1352000000.0000

INFO:       2000         20.0000    1156710.6728     710734.5929     445976.0799          9.5282     152932.8638      -1617.4431          0.0000          0.0000     559419.1722        299.2344 1352000000.0000

 
[STEP6] Deallocate Arrays
 
Output_Time> Averaged timer profile (Min, Max)
  total time      =     270.429
    setup         =       4.093
    dynamics      =     266.335
      energy      =     194.141
      integrator  =      43.048
      migration   =       0.000
      pairlist    =      27.322 (      26.660,      30.307)
  energy           
    bond          =       0.981 (       0.872,       1.099)
    angle         =       0.016 (       0.014,       0.022)
    dihedral      =       0.016 (       0.014,       0.021)
    base stacking =       0.000 (       0.000,       0.000)
    nonbond       =     138.879 (     135.462,     141.782)
      CG exv      =       1.342 (       1.018,       1.795)
      CG DNA bp   =       0.000 (       0.000,       0.000)
      CG DNA exv  =       0.000 (       0.000,       0.000)
      CG ele      =      93.397 (      91.324,      95.284)
      CG PWMcos   =       0.000 (       0.000,       0.000)
      CG PWMcosns =       0.000 (       0.000,       0.000)
      CG IDR-HPS  =      44.131 (      43.105,      45.161)
      CG IDR-KH   =       0.000 (       0.000,       0.000)
      CG KH       =       0.000 (       0.000,       0.000)
      Contact     =       0.007 (       0.006,       0.010)
      pme real    =       0.000 (       0.000,       0.000)
      pme recip   =       0.000 (       0.000,       0.000)
    solvation     =       0.000 (       0.000,       0.000)
      polar       =       0.000 (       0.000,       0.000)
      non-polar   =       0.000 (       0.000,       0.000)
    restraint     =       0.000 (       0.000,       0.000)
    qmmm          =       0.000 (       0.000,       0.000)
    morph         =       0.000 (       0.000,       0.000)
  integrator       
    constraint    =       0.000 (       0.000,       0.000)
    update        =       0.000 (       0.000,       0.000)
    comm_coord    =       0.000 (       0.000,       0.000)
    comm_force    =       0.000 (       0.000,       0.000)
  migration       =       0.000 (       0.000,       0.000)
    comm_migrate  =       0.000 (       0.000,       0.000)
    ptl_migrate   =       0.000 (       0.000,       0.000)
    bond_migrate  =       0.000 (       0.000,       0.000)
    angl_migrate  =       0.000 (       0.000,       0.000)
    dihe_migrate  =       0.000 (       0.000,       0.000)
    contact_migr  =       0.000 (       0.000,       0.000)
    stack_migrate =       0.000 (       0.000,       0.000)
    pwmcos_migrate =       0.000 (       0.000,       0.000)
    pwmcosns_migr  =       0.000 (       0.000,       0.000)
    nonb_update    =       0.000 (       0.000,       0.000)

