****************************************************
*                                                  *
*                  GENESIS ATDYN                   *
*                                                  *
*        A Molecular Dynamics Simulator with       *
*            Atomic Decomposition Scheme           *
*                                                  *
*               Developed by RIKEN                 *
*                                                  *
****************************************************
 
[STEP0] Architecture and Compiler Information
 
GENESIS_Information> GENESIS Information
  version      = 2.0.0
  commit ID    = $GENESIS_VERSION$
  precision    = double
  nonbonding   = CPU

Build_Information> Compiler Information
  build host   = jjwsmj@hokusai2
  fortran      = ifort (IFORT) 2021.7.1 20221019
  option       = 
  -axCORE-AVX512 -g -O3  -qmkl=parallel  -assume byterecl -qopenmp  
  C            = 
 icc: remark #10441: The Intel(R) C++ Compiler Classic (ICC) is deprecated and w
 ill be removed from product release in the second half of 2023. The Intel(R) on
 eAPI DPC++/C++ Compiler (ICX) is the recommended compiler moving forward. Pleas
 e transition to use this compiler. Use '-diag-disable=10441' to disable this me
 ssage.
  option       = -O3 -ip -axCORE-AVX2  -qopenmp 
  defined var. = 
  -DHAVE_MPI_GENESIS -DOMP -DIFORT19 -DFFTE -DLAPACK -DDSFMT_MEXP=19937 -DINTEL
  link option  = 
  -assume byterecl -lgfortran -qopenmp  -lmkl_intel_lp64 -lmkl_sequential -lmkl_
 core -lmkl_lapack95_lp64   
  MPI Compiler = Intel(R) MPI

Runtime_Information> Machine and Library Information
  date       = 2023/05/12 15:32:18
  cpu model    = Intel(R) Xeon(R) Gold 6148 CPU @ 2.40GHz
  exec. host   = jjwsmj@bwmpc0075
  LD library   = 
 /bwfefs/opt/x86_64/intel/oneapi/2022.3/mpi/2021.7.1/libfabric/lib:/bwfefs/opt/x
 86_64/intel/oneapi/2022.3/mpi/2021.7.1/lib/release:/bwfefs/opt/x86_64/intel/one
 api/2022.3/mpi/2021.7.1/lib:/bwfefs/opt/x86_64/intel/oneapi/2022.3/tbb/2021.7.1
 /lib/intel64/gcc4.8:/usr/lib64:/bwfefs/opt/x86_64/intel/oneapi/2022.3/vpl/2022.
 2.5/lib:/bwfefs/opt/x86_64/intel/oneapi/2022.3/mkl/latest/lib/intel64:/bwfefs/o
 pt/x86_64/intel/oneapi/2022.3/itac/2021.7.1/slib:/bwfefs/opt/x86_64/intel/oneap
 i/2022.3/ippcp/2021.6.2/lib/intel64:/bwfefs/opt/x86_64/intel/oneapi/2022.3/ipp/
 2021.6.2/lib/intel64:/bwfefs/opt/x86_64/intel/oneapi/2022.3/dnnl/2022.2.1/cpu_d
 pcpp_gpu_dpcpp/lib:/bwfefs/opt/x86_64/intel/oneapi/2022.3/dal/2021.7.1/lib/inte
 l64:/bwfefs/opt/x86_64/intel/oneapi/2022.3/compiler/2022.2.1/linux/compiler/lib
 :/bwfefs/opt/x86_64/intel/oneapi/2022.3/compiler/2022.2.1/linux/lib/oclfpga/hos
 t/linux64/lib:/bwfefs/opt/x86_64/intel/oneapi/2022.3/compiler/2022.2.1/linux/li
 b/oclfpga/linux64/lib:/bwfefs/opt/x86_64/intel/oneapi/2022.3/compiler/2022.2.1/
 linux/lib:/bwfefs/opt/x86_64/intel/oneapi/2022.3/compiler/2022.2.1/linux/lib/x6
 4:/bwfefs/opt/x86_64/intel/oneapi/2022.3/compiler/2022.2.1/linux/lib/emu:/bwfef
 s/opt/x86_64/intel/oneapi/2022.3/compiler/2022.2.1/linux/compiler/lib/intel64_l
 in:/bwfefs/opt/x86_64/intel/oneapi/2022.3/debugger/2021.7.1/dep/lib:/bwfefs/opt
 /x86_64/intel/oneapi/2022.3/debugger/2021.7.1/libipt/intel64/lib:/bwfefs/opt/x8
 6_64/intel/oneapi/2022.3/debugger/2021.7.1/gdb/intel64/lib:/bwfefs/opt/x86_64/
 MPI Runtime = Intel(R) MPI Library 2021.7 for Linux* OS


[STEP1] Read Control Parameters
 
Read_Ctrl_Input> Input Files
  grotopfile = pro.top
  grocrdfile = crd/pos_5000.gro
 
Read_Ctrl_Output> Output Files
 
Read_Ctrl_Energy> WARNING: "water_model" is not available
Read_Ctrl_Energy> Parameters of Energy Calculations
  forcefield      =    RESIDCG
  switchdist      =     10.000  cutoffdist      =     12.000
  pairlistdist    =     13.500  dielec_const    =      1.000
  debye           =     10.000
  vdw_force_switch=         no
  electrostatic   =  CUTOFF
  implicit_solvent=       none
  table           =         no
  water_model     =       NONE
  output_style    =    GENESIS
  dispersion_corr =       none
  nonb_limiter    =      no
  user def. table =     no
  efield_x        =           0.000
  efield_y        =           0.000
  efield_z        =           0.000
  efield_normal   =              no
  efield_virial   =              no
 
Read_Ctrl_Dynamics> Parameters of MD simulation
  integrator      =    VVER_CG  nsteps          =       2000
  timestep        =     0.0100  initial_time    =     0.0000
  eneout_period   =         20  rstout_period   =          0
  crdout_period   =          0  velout_period   =          0
  nbupdate_period =         20  stoptr_period   =         10
  qmsave_period   =          0
  iseed           =         -1
  annealing       =         no
  verbose         =         no
  target_md       =         no
  steered_md      =         no
  shrink_box      =         no
  esp_mm          =         no
 
Read_Ctrl_Constraints> Parameters for Constraints
  rigid_bond      =         no
  fixatm_select_index        =       none
 
Read_Ctrl_Ensemble> Parameters for Ensemble
  ensemble        =        NVT
  temperature     =    300.000
  tpcontrol       =   LANGEVIN
  gamma_t         =      1.000
 
Read_Ctrl_Boundary> Parameters of Boundary Condition
  type            =     PBC   
  box_size(x,y,z) =   3200.000   650.000   650.000
  pairlist_grid   =      3.000
 
Read_Ctrl_Selection> Parameters of Selection
  # of groups     =          0
  # of mole names =          0
 
Read_Ctrl_Restraints> No restraint in the system

Read_Ctrl_Fitting_MD> Parameters of Fitting
  fitting method  =  TR+ROT   
  fitting atom    = group1
  mass_weight     =         no
 
[STEP2] Setup MPI
 
Setup_Mpi_Md> Summary of Setup MPI
  number of MPI processes   =        256
  number of OpenMP threads  =          5
  total number of CPU cores =       1280

[STEP3] Set Relevant Variables and Structures
 
Read_Grotop> Summary of Grotopfile
  num_moltypes    =          1
    pos100_cg             :
      num_atoms   =        100
      num_bonds   =         99
      num_angls   =          0
      num_dihes   =          0
      num_cmaps   =          0
      num_excls   =          0
      num_constrs =          0
      num_pairs   =          0
      num_vsites2 =          0
      num_vsites3 =          0
      num_vsites4 =          0
      num_vsitesn =          0
      num_posress =          0
      num_PWMcos  =          0
      num_PWMcosns=          0
      num_IDR_HPS =          1
      num_IDR_KH  =          0
    .. not used molecule types were hidden.

  num_molecules   =       5000
    pos100_cg             :  5000

  num_atomtypes   =         33  num_bondtypes   =          0
  num_angltypes   =          0  num_dihetypes   =          0
  num_flangltypes           20
  num_fldihetypes          400
  num_constrtypes =          0  num_cmaptypes   =          0
  num_nbonparms   =          0
  num_basestacktypes  =     16
  num_basepairtypes   =      4
  num_basecrosstypes  =     32
  num_cgdnaexvtypes   =      6
  num_cgelemolpairs   =      1
  num_cg_IDR_HPS_atomtypes  =     20
  num_cg_KH_atomtypes  =    20

  num_cg_pair_MJ_eps   =   400

Define_Molecule> Summary of molecules
  num_atoms       =     500000  num_bonds       =     495000
  num_angles      =          0  num_dihedrals   =          0
  num_impropers   =          0  num_cmap_terms  =          0
  num_residues    =     500000  num_molecules   =       5000
  num_segments    =          1  num_deg_freedom =    1500000
  total_charge    = 500000.000
 
Update_Num_Deg_Freedom> Number of degrees of freedom was updated
  num_deg_freedom =    1499997 (After removing translation)
 
Setup_Boundary> Setup Variables for Boundary Condition
  box_size(x,y,z) =   3200.000   650.000   650.000
  origin(x,y,z)   =      0.000     0.000     0.000
 
Random_Init> Initialize the random number
  seed            = 428335

Define_Enefunc_Gromacs> Number of Interactions in Each Term
  bond_ene        =     495000  angle_ene       =          0
  torsion_ene     =          0  rb_torsion_ene  =          0
  improper_ene    =          0
  nb_exclusions   =     495000  nb14_calc       =          0
  vsite2_ene      =          0  vsite3_ene      =          0
  vsite3fd_ene    =          0  vsite3fad_ene   =          0
  vsite3out_ene   =          0  vsite4fdn_ene   =          0
  vsiten_ene      =          0
 restraint_groups =          0 restraint_funcs  =          0
 
Get_Morph_in> Morphing check
  morphing_bb     =          0  morphing_sc     =          0
 
Setup_Fitting_Atdyn> NO fitting is applied, skip
  fitting method  =  NO
 
[STEP4] Compute Single Point Energy for Molecules
 
            STEP          ENERGY            BOND  NATIVE_CONTACT NON-NATIVE_CONT           ELECT         IDR_HPS          CG_EXV
 --------------- --------------- --------------- --------------- ---------------
               0     853902.2916     170690.3546          0.0000          0.0000     681472.3800       1739.5570          0.0000

[STEP5] Perform Molecular Dynamics Simulation
 
Generate_Velocity> Generate initial velocities
  iseed           =     428335
  temperature     =    300.000
 
Random_Init_Velocity> Initialize the random number
  seed            = 428335

INFO:       STEP            TIME       TOTAL_ENE   POTENTIAL_ENE     KINETIC_ENE            RMSG            BOND         IDR_HPS  NATIVE_CONTACT          CG_EXV           ELECT     TEMPERATURE          VOLUME
 --------------- --------------- --------------- --------------- ---------------
INFO:          0          0.0000    1301181.7615     853902.2916     447279.4699         10.1780     170690.3546       1739.5570          0.0000          0.0000     681472.3800        300.1090 1352000000.0000

Random_Init> Initialize the random number
  seed            = 56459017

INFO:         20          0.2000    1295023.9049     843036.0841     451987.8208          9.8956     161760.1730        559.6609          0.0000          0.0000     680716.2503        303.2681 1352000000.0000

INFO:         40          0.4000    1291179.0734     837679.4229     453499.6504          9.8013     159880.9437      -1075.2417          0.0000          0.0000     678873.7210        304.2825 1352000000.0000

INFO:         60          0.6000    1286361.1801     832335.0500     454026.1300          9.7394     158307.7513      -2325.6870          0.0000          0.0000     676352.9857        304.6357 1352000000.0000

INFO:         80          0.8000    1282271.5972     827675.4861     454596.1111          9.7171     157823.3703      -3553.2980          0.0000          0.0000     673405.4138        305.0182 1352000000.0000

INFO:        100          1.0000    1277892.1451     822280.5084     455611.6367          9.6810     156482.8442      -4505.1488          0.0000          0.0000     670302.8130        305.6996 1352000000.0000

INFO:        120          1.2000    1273429.6200     818379.1302     455050.4898          9.6685     156194.7113      -4987.1098          0.0000          0.0000     667171.5286        305.3230 1352000000.0000

INFO:        140          1.4000    1268613.3785     814439.2317     454174.1467          9.6403     155504.7524      -5150.2461          0.0000          0.0000     664084.7255        304.7350 1352000000.0000

INFO:        160          1.6000    1264909.1576     810850.1260     454059.0317          9.6281     155051.9247      -5252.6124          0.0000          0.0000     661050.8136        304.6578 1352000000.0000

INFO:        180          1.8000    1260477.9788     807417.2995     453060.6793          9.6104     154522.6969      -5216.7578          0.0000          0.0000     658111.3604        303.9879 1352000000.0000

INFO:        200          2.0000    1256978.7882     804179.8349     452798.9534          9.5886     154035.5976      -5127.8828          0.0000          0.0000     655272.1201        303.8123 1352000000.0000

INFO:        220          2.2000    1253981.5784     801318.3356     452663.2428          9.5793     153818.9803      -5005.8460          0.0000          0.0000     652505.2014        303.7213 1352000000.0000

INFO:        240          2.4000    1250608.0638     798969.4628     451638.6010          9.5781     153957.9569      -4834.4368          0.0000          0.0000     649845.9427        303.0338 1352000000.0000

INFO:        260          2.6000    1248217.1750     796780.1913     451436.9837          9.5893     154330.4775      -4798.5812          0.0000          0.0000     647248.2949        302.8985 1352000000.0000

INFO:        280          2.8000    1245544.8486     793296.3102     452248.5384          9.5585     153392.5546      -4833.3620          0.0000          0.0000     644737.1176        303.4430 1352000000.0000

INFO:        300          3.0000    1242691.6429     790940.2230     451751.4199          9.5564     153430.4593      -4780.5975          0.0000          0.0000     642290.3612        303.1095 1352000000.0000

INFO:        320          3.2000    1240307.0891     788684.9904     451622.0987          9.5568     153386.1622      -4648.3052          0.0000          0.0000     639947.1334        303.0227 1352000000.0000

INFO:        340          3.4000    1237979.4846     787022.0677     450957.4169          9.5760     153918.1451      -4592.8180          0.0000          0.0000     637696.7406        302.5767 1352000000.0000

INFO:        360          3.6000    1235665.2119     784583.2506     451081.9612          9.5692     153571.4401      -4557.9440          0.0000          0.0000     635569.7545        302.6603 1352000000.0000

INFO:        380          3.8000    1233957.4710     783045.4786     450911.9924          9.5697     153784.3993      -4250.6614          0.0000          0.0000     633511.7408        302.5463 1352000000.0000

INFO:        400          4.0000    1231564.6680     780786.1547     450778.5134          9.5599     153411.5318      -4148.1684          0.0000          0.0000     631522.7913        302.4567 1352000000.0000

INFO:        420          4.2000    1229515.0695     778851.9019     450663.1676          9.5565     153363.0276      -4089.5489          0.0000          0.0000     629578.4231        302.3793 1352000000.0000

INFO:        440          4.4000    1226668.1340     776960.4481     449707.6859          9.5481     153237.5430      -3963.1685          0.0000          0.0000     627686.0735        301.7382 1352000000.0000

INFO:        460          4.6000    1225004.9038     775168.9789     449835.9249          9.5505     153365.7911      -4022.3624          0.0000          0.0000     625825.5502        301.8242 1352000000.0000

INFO:        480          4.8000    1223033.4427     772993.4620     450039.9807          9.5339     152925.5696      -3977.5666          0.0000          0.0000     624045.4590        301.9612 1352000000.0000

INFO:        500          5.0000    1220761.6926     771414.5833     449347.1093          9.5369     152968.6796      -3868.8223          0.0000          0.0000     622314.7260        301.4963 1352000000.0000

INFO:        520          5.2000    1218037.1896     769454.5703     448582.6193          9.5349     152757.4593      -3941.3544          0.0000          0.0000     620638.4655        300.9833 1352000000.0000

INFO:        540          5.4000    1216579.2710     768142.4432     448436.8278          9.5388     153061.4315      -3921.0842          0.0000          0.0000     619002.0959        300.8855 1352000000.0000

INFO:        560          5.6000    1215105.3252     766855.7984     448249.5268          9.5398     153184.6429      -3742.5237          0.0000          0.0000     617413.6792        300.7598 1352000000.0000

INFO:        580          5.8000    1214223.2472     764961.7986     449261.4486          9.5319     152850.3091      -3740.5230          0.0000          0.0000     615852.0125        301.4388 1352000000.0000

INFO:        600          6.0000    1212392.9679     763374.9925     449017.9754          9.5276     152775.1151      -3750.8685          0.0000          0.0000     614350.7459        301.2754 1352000000.0000

INFO:        620          6.2000    1210537.6020     762501.5140     448036.0879          9.5441     153219.4436      -3623.9843          0.0000          0.0000     612906.0547        300.6166 1352000000.0000

INFO:        640          6.4000    1209545.0814     760781.0424     448764.0390          9.5349     152807.2295      -3531.9617          0.0000          0.0000     611505.7746        301.1051 1352000000.0000

INFO:        660          6.6000    1208024.5861     760008.1026     448016.4835          9.5531     153315.7050      -3459.4945          0.0000          0.0000     610151.8922        300.6035 1352000000.0000

INFO:        680          6.8000    1206482.9640     758350.3615     448132.6025          9.5457     152868.7759      -3352.0620          0.0000          0.0000     608833.6476        300.6814 1352000000.0000

INFO:        700          7.0000    1204857.2334     757370.3015     447486.9319          9.5444     153111.6583      -3287.0756          0.0000          0.0000     607545.7188        300.2482 1352000000.0000

INFO:        720          7.2000    1203584.9197     756233.0712     447351.8486          9.5480     153153.0250      -3173.5027          0.0000          0.0000     606253.5489        300.1575 1352000000.0000

INFO:        740          7.4000    1202852.8918     755190.4038     447662.4879          9.5502     153391.8625      -3173.9592          0.0000          0.0000     604972.5005        300.3659 1352000000.0000

INFO:        760          7.6000    1202065.2399     754089.4260     447975.8140          9.5575     153619.3077      -3283.8750          0.0000          0.0000     603753.9933        300.5762 1352000000.0000

INFO:        780          7.8000    1201029.2524     752773.9467     448255.3057          9.5374     153279.1330      -3088.8096          0.0000          0.0000     602583.6233        300.7637 1352000000.0000

INFO:        800          8.0000    1199897.4613     751044.1976     448853.2637          9.5241     152699.7345      -3099.8609          0.0000          0.0000     601444.3240        301.1649 1352000000.0000

INFO:        820          8.2000    1197718.3410     750140.7796     447577.5614          9.5362     153017.4516      -3193.5976          0.0000          0.0000     600316.9257        300.3090 1352000000.0000

INFO:        840          8.4000    1196277.9389     748985.6725     447292.2664          9.5436     152999.2062      -3236.1706          0.0000          0.0000     599222.6369        300.1175 1352000000.0000

INFO:        860          8.6000    1195580.2936     748503.7302     447076.5633          9.5579     153453.1394      -3093.8078          0.0000          0.0000     598144.3987        299.9728 1352000000.0000

INFO:        880          8.8000    1194238.7925     747221.5966     447017.1959          9.5417     153194.5095      -3060.7873          0.0000          0.0000     597087.8744        299.9330 1352000000.0000

INFO:        900          9.0000    1192953.5169     745893.9049     447059.6120          9.5267     152807.7978      -2966.0214          0.0000          0.0000     596052.1285        299.9614 1352000000.0000

INFO:        920          9.2000    1191681.1894     745036.2246     446644.9648          9.5306     153026.7671      -3019.2257          0.0000          0.0000     595028.6832        299.6832 1352000000.0000

INFO:        940          9.4000    1190845.4426     743751.0141     447094.4285          9.5332     152981.1873      -3252.0014          0.0000          0.0000     594021.8283        299.9848 1352000000.0000

INFO:        960          9.6000    1191158.6506     743333.9914     447824.6592          9.5421     153357.1057      -3093.0316          0.0000          0.0000     593069.9173        300.4748 1352000000.0000

INFO:        980          9.8000    1190080.0327     742732.2906     447347.7421          9.5515     153488.4876      -2910.2155          0.0000          0.0000     592154.0185        300.1548 1352000000.0000

INFO:       1000         10.0000    1189445.0379     741766.5643     447678.4736          9.5477     153383.1959      -2850.7599          0.0000          0.0000     591234.1283        300.3767 1352000000.0000

INFO:       1020         10.2000    1188129.1947     740921.5727     447207.6220          9.5477     153477.7981      -2886.5448          0.0000          0.0000     590330.3195        300.0608 1352000000.0000

INFO:       1040         10.4000    1186714.4492     740140.1945     446574.2548          9.5602     153652.4549      -2953.3681          0.0000          0.0000     589441.1077        299.6358 1352000000.0000

INFO:       1060         10.6000    1185328.5071     738992.7787     446335.7285          9.5499     153390.1794      -2934.7417          0.0000          0.0000     588537.3410        299.4757 1352000000.0000

INFO:       1080         10.8000    1184296.8775     737973.8346     446323.0429          9.5353     153204.8542      -2892.8698          0.0000          0.0000     587661.8502        299.4672 1352000000.0000

INFO:       1100         11.0000    1184003.4881     736384.3393     447619.1488          9.5210     152605.4997      -3038.0857          0.0000          0.0000     586816.9254        300.3369 1352000000.0000

INFO:       1120         11.2000    1183160.8116     736036.1167     447124.6950          9.5341     152891.5632      -2843.2826          0.0000          0.0000     585987.8361        300.0051 1352000000.0000

INFO:       1140         11.4000    1182434.2290     735867.4076     446566.8214          9.5534     153525.6783      -2842.9297          0.0000          0.0000     585184.6590        299.6308 1352000000.0000

INFO:       1160         11.6000    1181911.7272     734658.9453     447252.7819          9.5426     153134.4944      -2876.8208          0.0000          0.0000     584401.2717        300.0911 1352000000.0000

INFO:       1180         11.8000    1181379.3363     734437.6441     446941.6922          9.5576     153539.3259      -2736.9005          0.0000          0.0000     583635.2187        299.8823 1352000000.0000

INFO:       1200         12.0000    1180790.6665     733721.4260     447069.2405          9.5548     153554.2393      -2712.1057          0.0000          0.0000     582879.2924        299.9679 1352000000.0000

INFO:       1220         12.2000    1180534.2127     733251.0662     447283.1465          9.5491     153597.1363      -2492.4283          0.0000          0.0000     582146.3581        300.1114 1352000000.0000

INFO:       1240         12.4000    1179385.9477     732762.6105     446623.3371          9.5515     153844.5322      -2486.0975          0.0000          0.0000     581404.1759        299.6687 1352000000.0000

INFO:       1260         12.6000    1178187.0696     731603.6851     446583.3845          9.5492     153363.1809      -2463.0691          0.0000          0.0000     580703.5733        299.6419 1352000000.0000

INFO:       1280         12.8000    1177257.7987     731117.2560     446140.5427          9.5480     153457.0005      -2337.9518          0.0000          0.0000     579998.2073        299.3448 1352000000.0000

INFO:       1300         13.0000    1175863.4522     730646.0745     445217.3776          9.5509     153610.5326      -2259.3260          0.0000          0.0000     579294.8679        298.7254 1352000000.0000

INFO:       1320         13.2000    1176235.0668     729923.3294     446311.7374          9.5551     153522.4057      -2192.8958          0.0000          0.0000     578593.8195        299.4596 1352000000.0000

INFO:       1340         13.4000    1175078.4416     728766.3365     446312.1051          9.5409     152983.8908      -2102.5965          0.0000          0.0000     577885.0422        299.4599 1352000000.0000

INFO:       1360         13.6000    1174084.0402     727792.4192     446291.6210          9.5303     152802.2110      -2201.1112          0.0000          0.0000     577191.3194        299.4461 1352000000.0000

INFO:       1380         13.8000    1173337.7006     726787.9182     446549.7823          9.5144     152398.5642      -2091.7377          0.0000          0.0000     576481.0917        299.6194 1352000000.0000

INFO:       1400         14.0000    1172046.9871     726525.6532     445521.3339          9.5274     152775.0379      -2036.9823          0.0000          0.0000     575787.5976        298.9293 1352000000.0000

INFO:       1420         14.2000    1171539.6259     725256.7258     446282.9001          9.5123     152254.2048      -2102.0662          0.0000          0.0000     575104.5871        299.4403 1352000000.0000

INFO:       1440         14.4000    1170786.0335     724681.6287     446104.4049          9.5192     152296.1002      -2050.5650          0.0000          0.0000     574436.0934        299.3205 1352000000.0000

INFO:       1460         14.6000    1170546.7450     724327.8065     446218.9385          9.5276     152653.7643      -2118.0234          0.0000          0.0000     573792.0656        299.3974 1352000000.0000

INFO:       1480         14.8000    1170014.9363     723669.7491     446345.1872          9.5258     152693.5704      -2174.4653          0.0000          0.0000     573150.6440        299.4821 1352000000.0000

INFO:       1500         15.0000    1168752.9616     722836.8155     445916.1460          9.5140     152393.9617      -2107.4814          0.0000          0.0000     572550.3352        299.1942 1352000000.0000

INFO:       1520         15.2000    1168708.2159     722968.4760     445739.7399          9.5381     153055.0571      -2022.4331          0.0000          0.0000     571935.8520        299.0759 1352000000.0000

INFO:       1540         15.4000    1168408.3225     722048.5402     446359.7823          9.5319     152797.3205      -2067.4872          0.0000          0.0000     571318.7069        299.4919 1352000000.0000

INFO:       1560         15.6000    1168500.8896     721835.4548     446665.4348          9.5407     153197.6001      -2062.0195          0.0000          0.0000     570699.8742        299.6970 1352000000.0000

INFO:       1580         15.8000    1167106.3367     721113.9995     445992.3372          9.5502     153194.4155      -2175.4665          0.0000          0.0000     570095.0505        299.2453 1352000000.0000

INFO:       1600         16.0000    1166674.0070     720670.6018     446003.4052          9.5468     153281.5130      -2130.9359          0.0000          0.0000     569520.0246        299.2528 1352000000.0000

INFO:       1620         16.2000    1166274.5667     720250.4118     446024.1549          9.5528     153296.9755      -2013.5401          0.0000          0.0000     568966.9765        299.2667 1352000000.0000

INFO:       1640         16.4000    1165863.0944     719582.8236     446280.2708          9.5551     153174.2234      -2022.8431          0.0000          0.0000     568431.4433        299.4385 1352000000.0000

INFO:       1660         16.6000    1164938.6860     719430.1405     445508.5455          9.5602     153309.4835      -1793.3376          0.0000          0.0000     567913.9947        298.9207 1352000000.0000

INFO:       1680         16.8000    1164337.0403     718574.2871     445762.7533          9.5369     152944.4304      -1753.6099          0.0000          0.0000     567383.4665        299.0913 1352000000.0000

INFO:       1700         17.0000    1163958.0668     718246.8259     445711.2409          9.5512     153346.7508      -1947.7438          0.0000          0.0000     566847.8190        299.0567 1352000000.0000

INFO:       1720         17.2000    1162846.3238     717599.0159     445247.3079          9.5469     153220.4633      -1932.0775          0.0000          0.0000     566310.6301        298.7454 1352000000.0000

INFO:       1740         17.4000    1163393.9119     717247.3484     446146.5634          9.5514     153208.4098      -1732.5779          0.0000          0.0000     565771.5166        299.3488 1352000000.0000

INFO:       1760         17.6000    1163309.2372     716807.8032     446501.4341          9.5497     153299.6435      -1729.3884          0.0000          0.0000     565237.5482        299.5869 1352000000.0000

INFO:       1780         17.8000    1162341.5071     716105.3060     446236.2011          9.5482     153223.2292      -1817.9129          0.0000          0.0000     564699.9896        299.4090 1352000000.0000

INFO:       1800         18.0000    1161222.4275     715816.2491     445406.1784          9.5573     153389.7894      -1758.4553          0.0000          0.0000     564184.9150        298.8520 1352000000.0000

INFO:       1820         18.2000    1160560.4912     715321.4892     445239.0020          9.5602     153355.3262      -1695.7687          0.0000          0.0000     563661.9317        298.7399 1352000000.0000

INFO:       1840         18.4000    1160226.9202     714372.1573     445854.7629          9.5426     152987.5445      -1760.7670          0.0000          0.0000     563145.3797        299.1530 1352000000.0000

INFO:       1860         18.6000    1159880.2961     713717.4228     446162.8734          9.5339     152957.7208      -1881.5296          0.0000          0.0000     562641.2315        299.3598 1352000000.0000

INFO:       1880         18.8000    1159578.0319     713456.6261     446121.4058          9.5384     153044.9803      -1747.4275          0.0000          0.0000     562159.0733        299.3319 1352000000.0000

INFO:       1900         19.0000    1158940.1807     712857.0945     446083.0861          9.5303     152841.0890      -1670.3211          0.0000          0.0000     561686.3267        299.3062 1352000000.0000

INFO:       1920         19.2000    1158597.6630     712471.6800     446125.9830          9.5438     153061.0905      -1771.0034          0.0000          0.0000     561181.5930        299.3350 1352000000.0000

INFO:       1940         19.4000    1157732.8991     711913.7286     445819.1706          9.5453     153157.4095      -1933.0000          0.0000          0.0000     560689.3191        299.1291 1352000000.0000

INFO:       1960         19.6000    1157571.9998     710973.7330     446598.2668          9.5383     152680.9670      -1910.6227          0.0000          0.0000     560203.3887        299.6519 1352000000.0000

INFO:       1980         19.8000    1157170.2626     711218.3644     445951.8982          9.5370     153055.9507      -1582.2445          0.0000          0.0000     559744.6583        299.2182 1352000000.0000

INFO:       2000         20.0000    1157559.3633     711268.4158     446290.9475          9.5508     153472.8139      -1487.4717          0.0000          0.0000     559283.0736        299.4457 1352000000.0000

 
[STEP6] Deallocate Arrays
 
Output_Time> Averaged timer profile (Min, Max)
  total time      =     134.141
    setup         =       4.063
    dynamics      =     130.078
      energy      =      78.763
      integrator  =      37.337
      migration   =       0.000
      pairlist    =      11.935 (      11.183,      14.727)
  energy           
    bond          =       0.086 (       0.076,       0.282)
    angle         =       0.017 (       0.014,       0.020)
    dihedral      =       0.016 (       0.013,       0.020)
    base stacking =       0.000 (       0.000,       0.000)
    nonbond       =      15.613 (      14.773,      16.380)
      CG exv      =       1.208 (       1.088,       1.400)
      CG DNA bp   =       0.000 (       0.000,       0.000)
      CG DNA exv  =       0.000 (       0.000,       0.000)
      CG ele      =       9.155 (       8.630,       9.617)
      CG PWMcos   =       0.000 (       0.000,       0.000)
      CG PWMcosns =       0.000 (       0.000,       0.000)
      CG IDR-HPS  =       5.239 (       5.000,       5.540)
      CG IDR-KH   =       0.000 (       0.000,       0.000)
      CG KH       =       0.000 (       0.000,       0.000)
      Contact     =       0.007 (       0.006,       0.009)
      pme real    =       0.000 (       0.000,       0.000)
      pme recip   =       0.000 (       0.000,       0.000)
    solvation     =       0.000 (       0.000,       0.000)
      polar       =       0.000 (       0.000,       0.000)
      non-polar   =       0.000 (       0.000,       0.000)
    restraint     =       0.000 (       0.000,       0.000)
    qmmm          =       0.000 (       0.000,       0.000)
    morph         =       0.000 (       0.000,       0.000)
  integrator       
    constraint    =       0.000 (       0.000,       0.000)
    update        =       0.000 (       0.000,       0.000)
    comm_coord    =       0.000 (       0.000,       0.000)
    comm_force    =       0.000 (       0.000,       0.000)
  migration       =       0.000 (       0.000,       0.000)
    comm_migrate  =       0.000 (       0.000,       0.000)
    ptl_migrate   =       0.000 (       0.000,       0.000)
    bond_migrate  =       0.000 (       0.000,       0.000)
    angl_migrate  =       0.000 (       0.000,       0.000)
    dihe_migrate  =       0.000 (       0.000,       0.000)
    contact_migr  =       0.000 (       0.000,       0.000)
    stack_migrate =       0.000 (       0.000,       0.000)
    pwmcos_migrate =       0.000 (       0.000,       0.000)
    pwmcosns_migr  =       0.000 (       0.000,       0.000)
    nonb_update    =       0.000 (       0.000,       0.000)

