****************************************************
*                                                  *
*                  GENESIS ATDYN                   *
*                                                  *
*        A Molecular Dynamics Simulator with       *
*            Atomic Decomposition Scheme           *
*                                                  *
*               Developed by RIKEN                 *
*                                                  *
****************************************************
 
[STEP0] Architecture and Compiler Information
 
GENESIS_Information> GENESIS Information
  version      = 2.0.0
  commit ID    = $GENESIS_VERSION$
  precision    = double
  nonbonding   = CPU

Build_Information> Compiler Information
  build host   = jjwsmj@hokusai2
  fortran      = ifort (IFORT) 2021.7.1 20221019
  option       = 
  -axCORE-AVX512 -g -O3  -qmkl=parallel  -assume byterecl -qopenmp  
  C            = 
 icc: remark #10441: The Intel(R) C++ Compiler Classic (ICC) is deprecated and w
 ill be removed from product release in the second half of 2023. The Intel(R) on
 eAPI DPC++/C++ Compiler (ICX) is the recommended compiler moving forward. Pleas
 e transition to use this compiler. Use '-diag-disable=10441' to disable this me
 ssage.
  option       = -O3 -ip -axCORE-AVX2  -qopenmp 
  defined var. = 
  -DHAVE_MPI_GENESIS -DOMP -DIFORT19 -DFFTE -DLAPACK -DDSFMT_MEXP=19937 -DINTEL
  link option  = 
  -assume byterecl -lgfortran -qopenmp  -lmkl_intel_lp64 -lmkl_sequential -lmkl_
 core -lmkl_lapack95_lp64   
  MPI Compiler = Intel(R) MPI

Runtime_Information> Machine and Library Information
  date       = 2023/05/12 15:30:11
  cpu model    = Intel(R) Xeon(R) Gold 6148 CPU @ 2.40GHz
  exec. host   = jjwsmj@bwmpc0161
  LD library   = 
 /bwfefs/opt/x86_64/intel/oneapi/2022.3/mpi/2021.7.1/libfabric/lib:/bwfefs/opt/x
 86_64/intel/oneapi/2022.3/mpi/2021.7.1/lib/release:/bwfefs/opt/x86_64/intel/one
 api/2022.3/mpi/2021.7.1/lib:/bwfefs/opt/x86_64/intel/oneapi/2022.3/tbb/2021.7.1
 /lib/intel64/gcc4.8:/usr/lib64:/bwfefs/opt/x86_64/intel/oneapi/2022.3/vpl/2022.
 2.5/lib:/bwfefs/opt/x86_64/intel/oneapi/2022.3/mkl/latest/lib/intel64:/bwfefs/o
 pt/x86_64/intel/oneapi/2022.3/itac/2021.7.1/slib:/bwfefs/opt/x86_64/intel/oneap
 i/2022.3/ippcp/2021.6.2/lib/intel64:/bwfefs/opt/x86_64/intel/oneapi/2022.3/ipp/
 2021.6.2/lib/intel64:/bwfefs/opt/x86_64/intel/oneapi/2022.3/dnnl/2022.2.1/cpu_d
 pcpp_gpu_dpcpp/lib:/bwfefs/opt/x86_64/intel/oneapi/2022.3/dal/2021.7.1/lib/inte
 l64:/bwfefs/opt/x86_64/intel/oneapi/2022.3/compiler/2022.2.1/linux/compiler/lib
 :/bwfefs/opt/x86_64/intel/oneapi/2022.3/compiler/2022.2.1/linux/lib/oclfpga/hos
 t/linux64/lib:/bwfefs/opt/x86_64/intel/oneapi/2022.3/compiler/2022.2.1/linux/li
 b/oclfpga/linux64/lib:/bwfefs/opt/x86_64/intel/oneapi/2022.3/compiler/2022.2.1/
 linux/lib:/bwfefs/opt/x86_64/intel/oneapi/2022.3/compiler/2022.2.1/linux/lib/x6
 4:/bwfefs/opt/x86_64/intel/oneapi/2022.3/compiler/2022.2.1/linux/lib/emu:/bwfef
 s/opt/x86_64/intel/oneapi/2022.3/compiler/2022.2.1/linux/compiler/lib/intel64_l
 in:/bwfefs/opt/x86_64/intel/oneapi/2022.3/debugger/2021.7.1/dep/lib:/bwfefs/opt
 /x86_64/intel/oneapi/2022.3/debugger/2021.7.1/libipt/intel64/lib:/bwfefs/opt/x8
 6_64/intel/oneapi/2022.3/debugger/2021.7.1/gdb/intel64/lib:/bwfefs/opt/x86_64/
 MPI Runtime = Intel(R) MPI Library 2021.7 for Linux* OS


[STEP1] Read Control Parameters
 
Read_Ctrl_Input> Input Files
  grotopfile = pro.top
  grocrdfile = crd/pos_5000.gro
 
Read_Ctrl_Output> Output Files
 
Read_Ctrl_Energy> WARNING: "water_model" is not available
Read_Ctrl_Energy> Parameters of Energy Calculations
  forcefield      =    RESIDCG
  switchdist      =     10.000  cutoffdist      =     12.000
  pairlistdist    =     13.500  dielec_const    =      1.000
  debye           =     10.000
  vdw_force_switch=         no
  electrostatic   =  CUTOFF
  implicit_solvent=       none
  table           =         no
  water_model     =       NONE
  output_style    =    GENESIS
  dispersion_corr =       none
  nonb_limiter    =      no
  user def. table =     no
  efield_x        =           0.000
  efield_y        =           0.000
  efield_z        =           0.000
  efield_normal   =              no
  efield_virial   =              no
 
Read_Ctrl_Dynamics> Parameters of MD simulation
  integrator      =    VVER_CG  nsteps          =       2000
  timestep        =     0.0100  initial_time    =     0.0000
  eneout_period   =         20  rstout_period   =          0
  crdout_period   =          0  velout_period   =          0
  nbupdate_period =         20  stoptr_period   =         10
  qmsave_period   =          0
  iseed           =         -1
  annealing       =         no
  verbose         =         no
  target_md       =         no
  steered_md      =         no
  shrink_box      =         no
  esp_mm          =         no
 
Read_Ctrl_Constraints> Parameters for Constraints
  rigid_bond      =         no
  fixatm_select_index        =       none
 
Read_Ctrl_Ensemble> Parameters for Ensemble
  ensemble        =        NVT
  temperature     =    300.000
  tpcontrol       =   LANGEVIN
  gamma_t         =      1.000
 
Read_Ctrl_Boundary> Parameters of Boundary Condition
  type            =     PBC   
  box_size(x,y,z) =   3200.000   650.000   650.000
  pairlist_grid   =      3.000
 
Read_Ctrl_Selection> Parameters of Selection
  # of groups     =          0
  # of mole names =          0
 
Read_Ctrl_Restraints> No restraint in the system

Read_Ctrl_Fitting_MD> Parameters of Fitting
  fitting method  =  TR+ROT   
  fitting atom    = group1
  mass_weight     =         no
 
[STEP2] Setup MPI
 
Setup_Mpi_Md> Summary of Setup MPI
  number of MPI processes   =        256
  number of OpenMP threads  =          5
  total number of CPU cores =       1280

[STEP3] Set Relevant Variables and Structures
 
Read_Grotop> Summary of Grotopfile
  num_moltypes    =          1
    pos100_cg             :
      num_atoms   =        100
      num_bonds   =         99
      num_angls   =          0
      num_dihes   =          0
      num_cmaps   =          0
      num_excls   =          0
      num_constrs =          0
      num_pairs   =          0
      num_vsites2 =          0
      num_vsites3 =          0
      num_vsites4 =          0
      num_vsitesn =          0
      num_posress =          0
      num_PWMcos  =          0
      num_PWMcosns=          0
      num_IDR_HPS =          1
      num_IDR_KH  =          0
    .. not used molecule types were hidden.

  num_molecules   =       5000
    pos100_cg             :  5000

  num_atomtypes   =         33  num_bondtypes   =          0
  num_angltypes   =          0  num_dihetypes   =          0
  num_flangltypes           20
  num_fldihetypes          400
  num_constrtypes =          0  num_cmaptypes   =          0
  num_nbonparms   =          0
  num_basestacktypes  =     16
  num_basepairtypes   =      4
  num_basecrosstypes  =     32
  num_cgdnaexvtypes   =      6
  num_cgelemolpairs   =      1
  num_cg_IDR_HPS_atomtypes  =     20
  num_cg_KH_atomtypes  =    20

  num_cg_pair_MJ_eps   =   400

Define_Molecule> Summary of molecules
  num_atoms       =     500000  num_bonds       =     495000
  num_angles      =          0  num_dihedrals   =          0
  num_impropers   =          0  num_cmap_terms  =          0
  num_residues    =     500000  num_molecules   =       5000
  num_segments    =          1  num_deg_freedom =    1500000
  total_charge    = 500000.000
 
Update_Num_Deg_Freedom> Number of degrees of freedom was updated
  num_deg_freedom =    1499997 (After removing translation)
 
Setup_Boundary> Setup Variables for Boundary Condition
  box_size(x,y,z) =   3200.000   650.000   650.000
  origin(x,y,z)   =      0.000     0.000     0.000
 
Random_Init> Initialize the random number
  seed            = 814615

Define_Enefunc_Gromacs> Number of Interactions in Each Term
  bond_ene        =     495000  angle_ene       =          0
  torsion_ene     =          0  rb_torsion_ene  =          0
  improper_ene    =          0
  nb_exclusions   =     495000  nb14_calc       =          0
  vsite2_ene      =          0  vsite3_ene      =          0
  vsite3fd_ene    =          0  vsite3fad_ene   =          0
  vsite3out_ene   =          0  vsite4fdn_ene   =          0
  vsiten_ene      =          0
 restraint_groups =          0 restraint_funcs  =          0
 
Get_Morph_in> Morphing check
  morphing_bb     =          0  morphing_sc     =          0
 
Setup_Fitting_Atdyn> NO fitting is applied, skip
  fitting method  =  NO
 
[STEP4] Compute Single Point Energy for Molecules
 
            STEP          ENERGY            BOND  NATIVE_CONTACT NON-NATIVE_CONT           ELECT         IDR_HPS          CG_EXV
 --------------- --------------- --------------- --------------- ---------------
               0     853902.2916     170690.3546          0.0000          0.0000     681472.3800       1739.5570          0.0000

[STEP5] Perform Molecular Dynamics Simulation
 
Generate_Velocity> Generate initial velocities
  iseed           =     814615
  temperature     =    300.000
 
Random_Init_Velocity> Initialize the random number
  seed            = 814615

INFO:       STEP            TIME       TOTAL_ENE   POTENTIAL_ENE     KINETIC_ENE            RMSG            BOND         IDR_HPS  NATIVE_CONTACT          CG_EXV           ELECT     TEMPERATURE          VOLUME
 --------------- --------------- --------------- --------------- ---------------
INFO:          0          0.0000    1300701.3849     853902.2916     446799.0933         10.1780     170690.3546       1739.5570          0.0000          0.0000     681472.3800        299.7866 1352000000.0000

Random_Init> Initialize the random number
  seed            = 1118810541

INFO:         20          0.2000    1295231.2760     843257.0527     451974.2233          9.8946     161870.5585        636.0872          0.0000          0.0000     680750.4070        303.2590 1352000000.0000

INFO:         40          0.4000    1291589.1566     837540.5624     454048.5942          9.7931     159723.7267      -1104.4485          0.0000          0.0000     678921.2842        304.6508 1352000000.0000

INFO:         60          0.6000    1287420.2164     831823.5137     455596.7027          9.7285     157895.3523      -2500.2065          0.0000          0.0000     676428.3679        305.6895 1352000000.0000

INFO:         80          0.8000    1283567.8957     827163.0882     456404.8075          9.7004     157040.3172      -3404.2048          0.0000          0.0000     673526.9758        306.2317 1352000000.0000

INFO:        100          1.0000    1279388.5652     822491.6802     456896.8850          9.6733     156244.4681      -4212.5997          0.0000          0.0000     670459.8117        306.5619 1352000000.0000

INFO:        120          1.2000    1274969.1478     818759.6004     456209.5474          9.6594     156010.0718      -4594.0294          0.0000          0.0000     667343.5581        306.1007 1352000000.0000

INFO:        140          1.4000    1271172.3238     814932.1213     456240.2025          9.6367     155475.3546      -4796.9136          0.0000          0.0000     664253.6803        306.1213 1352000000.0000

INFO:        160          1.6000    1267652.0757     810940.7637     456711.3120          9.6105     154649.1460      -4928.8266          0.0000          0.0000     661220.4443        306.4374 1352000000.0000

INFO:        180          1.8000    1262539.9175     807686.2556     454853.6619          9.6015     154584.1307      -5133.8710          0.0000          0.0000     658235.9959        305.1910 1352000000.0000

INFO:        200          2.0000    1258463.7002     804596.2612     453867.4390          9.5960     154301.9143      -5061.5736          0.0000          0.0000     655355.9206        304.5293 1352000000.0000

INFO:        220          2.2000    1254544.0210     801574.1529     452969.8681          9.5880     154059.3837      -5064.1924          0.0000          0.0000     652578.9616        303.9270 1352000000.0000

INFO:        240          2.4000    1250334.7249     798652.9762     451681.7488          9.5817     153936.1470      -5168.6515          0.0000          0.0000     649885.4806        303.0627 1352000000.0000

INFO:        260          2.6000    1247006.6998     795344.9946     451661.7051          9.5601     153391.6329      -5301.9574          0.0000          0.0000     647255.3192        303.0493 1352000000.0000

INFO:        280          2.8000    1243899.6317     792918.8589     450980.7728          9.5708     153464.6813      -5300.4402          0.0000          0.0000     644754.6177        302.5924 1352000000.0000

INFO:        300          3.0000    1241427.9637     790333.4627     451094.5010          9.5529     152962.1095      -5018.8504          0.0000          0.0000     642390.2036        302.6687 1352000000.0000

INFO:        320          3.2000    1239515.9932     788545.4565     450970.5367          9.5552     153202.9441      -4775.8724          0.0000          0.0000     640118.3848        302.5855 1352000000.0000

INFO:        340          3.4000    1237280.7804     786918.4754     450362.3050          9.5677     153701.8582      -4717.1262          0.0000          0.0000     637933.7433        302.1774 1352000000.0000

INFO:        360          3.6000    1235833.9289     784737.5641     451096.3648          9.5707     153605.4438      -4673.1535          0.0000          0.0000     635805.2738        302.6700 1352000000.0000

INFO:        380          3.8000    1233318.3286     782892.8863     450425.4423          9.5661     153632.6594      -4503.6305          0.0000          0.0000     633763.8574        302.2198 1352000000.0000

INFO:        400          4.0000    1231132.8883     781234.2312     449898.6572          9.5670     153707.2861      -4266.8328          0.0000          0.0000     631793.7779        301.8663 1352000000.0000

INFO:        420          4.2000    1228828.4118     779249.1057     449579.3061          9.5562     153494.7321      -4115.6412          0.0000          0.0000     629870.0148        301.6521 1352000000.0000

INFO:        440          4.4000    1226033.0656     776800.5776     449232.4879          9.5315     152910.2307      -4117.5319          0.0000          0.0000     628007.8789        301.4194 1352000000.0000

INFO:        460          4.6000    1224026.5355     775099.5286     448927.0069          9.5379     153055.2534      -4144.5790          0.0000          0.0000     626188.8542        301.2144 1352000000.0000

INFO:        480          4.8000    1222548.6081     773025.5356     449523.0725          9.5315     152599.1695      -4009.4426          0.0000          0.0000     624435.8087        301.6143 1352000000.0000

INFO:        500          5.0000    1220932.3836     772077.6687     448854.7149          9.5506     153336.6498      -3954.4743          0.0000          0.0000     622695.4932        301.1659 1352000000.0000

INFO:        520          5.2000    1219326.5515     770192.0194     449134.5320          9.5533     153198.0571      -4008.0564          0.0000          0.0000     621002.0187        301.3536 1352000000.0000

INFO:        540          5.4000    1217708.6473     768386.5203     449322.1269          9.5490     152936.8569      -3916.4124          0.0000          0.0000     619366.0758        301.4795 1352000000.0000

INFO:        560          5.6000    1216155.7581     766574.3513     449581.4068          9.5317     152563.5096      -3789.1045          0.0000          0.0000     617799.9461        301.6535 1352000000.0000

INFO:        580          5.8000    1215039.4261     765335.8235     449703.6027          9.5377     152708.5761      -3649.0730          0.0000          0.0000     616276.3204        301.7355 1352000000.0000

INFO:        600          6.0000    1213335.2609     764459.4371     448875.8239          9.5493     153312.4992      -3641.5012          0.0000          0.0000     614788.4390        301.1801 1352000000.0000

INFO:        620          6.2000    1212053.7394     763338.5995     448715.1398          9.5580     153549.4986      -3512.8111          0.0000          0.0000     613301.9120        301.0722 1352000000.0000

INFO:        640          6.4000    1210568.6578     761587.6716     448980.9861          9.5459     153209.5673      -3470.0707          0.0000          0.0000     611848.1750        301.2506 1352000000.0000

INFO:        660          6.6000    1208914.8935     759886.9894     449027.9041          9.5378     153007.7455      -3539.0122          0.0000          0.0000     610418.2562        301.2821 1352000000.0000

INFO:        680          6.8000    1207338.9465     758861.4203     448477.5262          9.5564     153344.4995      -3535.0691          0.0000          0.0000     609051.9899        300.9128 1352000000.0000

INFO:        700          7.0000    1205776.3036     757738.5745     448037.7291          9.5575     153426.9452      -3418.9548          0.0000          0.0000     607730.5841        300.6177 1352000000.0000

INFO:        720          7.2000    1204039.9065     756507.9673     447531.9393          9.5441     153313.6592      -3267.4096          0.0000          0.0000     606461.7177        300.2784 1352000000.0000

INFO:        740          7.4000    1203140.7189     755271.6691     447869.0498          9.5463     153250.7163      -3177.3415          0.0000          0.0000     605198.2944        300.5045 1352000000.0000

INFO:        760          7.6000    1201832.9556     754195.0170     447637.9385          9.5496     153287.5356      -3066.5543          0.0000          0.0000     603974.0357        300.3495 1352000000.0000

INFO:        780          7.8000    1200832.7386     753617.2680     447215.4706          9.5685     153836.6375      -3005.1731          0.0000          0.0000     602785.8037        300.0660 1352000000.0000

INFO:        800          8.0000    1199552.4193     752038.9393     447513.4799          9.5509     153476.4065      -3059.0224          0.0000          0.0000     601621.5553        300.2660 1352000000.0000

INFO:        820          8.2000    1198354.3018     750904.4418     447449.8599          9.5572     153552.9941      -3150.5064          0.0000          0.0000     600501.9541        300.2233 1352000000.0000

INFO:        840          8.4000    1197947.9246     749682.5386     448265.3860          9.5500     153374.2955      -3095.0770          0.0000          0.0000     599403.3201        300.7705 1352000000.0000

INFO:        860          8.6000    1197679.3254     748913.5655     448765.7599          9.5494     153378.9148      -2825.0922          0.0000          0.0000     598359.7429        301.1062 1352000000.0000

INFO:        880          8.8000    1195908.7621     748189.2166     447719.5455          9.5589     153677.2139      -2788.1577          0.0000          0.0000     597300.1604        300.4042 1352000000.0000

INFO:        900          9.0000    1194808.2608     747208.8869     447599.3739          9.5669     153707.6652      -2763.2042          0.0000          0.0000     596264.4259        300.3236 1352000000.0000

INFO:        920          9.2000    1193040.9893     745819.9105     447221.0788          9.5605     153335.4662      -2755.2458          0.0000          0.0000     595239.6901        300.0698 1352000000.0000

INFO:        940          9.4000    1192132.9097     744772.9321     447359.9776          9.5501     153373.0762      -2834.6308          0.0000          0.0000     594234.4867        300.1630 1352000000.0000

INFO:        960          9.6000    1190865.4456     744177.4468     446687.9988          9.5553     153724.2627      -2807.9087          0.0000          0.0000     593261.0929        299.7121 1352000000.0000

INFO:        980          9.8000    1190199.8665     743227.9467     446971.9198          9.5581     153740.6894      -2825.2792          0.0000          0.0000     592312.5365        299.9026 1352000000.0000

INFO:       1000         10.0000    1189680.3362     742578.2016     447102.1346          9.5687     153901.4686      -2726.8539          0.0000          0.0000     591403.5869        299.9900 1352000000.0000

INFO:       1020         10.2000    1189620.3134     741558.3113     448062.0021          9.5642     153689.3986      -2609.0051          0.0000          0.0000     590477.9178        300.6340 1352000000.0000

INFO:       1040         10.4000    1188422.7467     740914.7865     447507.9603          9.5603     153795.4224      -2447.9573          0.0000          0.0000     589567.3213        300.2623 1352000000.0000

INFO:       1060         10.6000    1186701.0709     739625.7144     447075.3565          9.5504     153449.1926      -2506.4235          0.0000          0.0000     588682.9452        299.9720 1352000000.0000

INFO:       1080         10.8000    1185682.4700     738825.1684     446857.3016          9.5586     153518.6447      -2506.1744          0.0000          0.0000     587812.6981        299.8257 1352000000.0000

INFO:       1100         11.0000    1184225.7493     737857.9206     446367.8287          9.5544     153420.7880      -2504.9845          0.0000          0.0000     586942.1172        299.4973 1352000000.0000

INFO:       1120         11.2000    1183744.0115     737267.3562     446476.6553          9.5671     153707.0122      -2530.3374          0.0000          0.0000     586090.6814        299.5703 1352000000.0000

INFO:       1140         11.4000    1182567.2625     735922.4574     446644.8050          9.5473     153291.1770      -2610.3986          0.0000          0.0000     585241.6790        299.6831 1352000000.0000

INFO:       1160         11.6000    1182011.6788     735639.7116     446371.9672          9.5621     153773.3432      -2555.2511          0.0000          0.0000     584421.6195        299.5001 1352000000.0000

INFO:       1180         11.8000    1181501.2286     734779.9540     446721.2746          9.5516     153619.1426      -2471.4726          0.0000          0.0000     583632.2840        299.7344 1352000000.0000

INFO:       1200         12.0000    1180468.2082     734021.4593     446446.7489          9.5578     153585.8634      -2407.5607          0.0000          0.0000     582843.1567        299.5502 1352000000.0000

INFO:       1220         12.2000    1179615.0821     733050.9303     446564.1518          9.5563     153424.6378      -2424.7784          0.0000          0.0000     582051.0709        299.6290 1352000000.0000

INFO:       1240         12.4000    1179294.1536     732740.0859     446554.0677          9.5711     154079.6450      -2612.1930          0.0000          0.0000     581272.6339        299.6222 1352000000.0000

INFO:       1260         12.6000    1178886.2022     731355.9629     447530.2393          9.5499     153557.1009      -2703.6105          0.0000          0.0000     580502.4724        300.2772 1352000000.0000

INFO:       1280         12.8000    1178568.9272     731260.9796     447307.9475          9.5649     153986.5710      -2476.5294          0.0000          0.0000     579750.9380        300.1281 1352000000.0000

INFO:       1300         13.0000    1177625.2660     730659.6104     446965.6557          9.5668     153930.1913      -2305.0294          0.0000          0.0000     579034.4485        299.8984 1352000000.0000

INFO:       1320         13.2000    1176317.7364     729236.9367     447080.7997          9.5437     153198.6410      -2267.8479          0.0000          0.0000     578306.1436        299.9757 1352000000.0000

INFO:       1340         13.4000    1175303.3193     729441.0529     445862.2664          9.5717     154219.4767      -2379.3969          0.0000          0.0000     577600.9731        299.1581 1352000000.0000

INFO:       1360         13.6000    1174689.5454     728300.8375     446388.7078          9.5590     153823.7830      -2411.1376          0.0000          0.0000     576888.1922        299.5113 1352000000.0000

INFO:       1380         13.8000    1173933.5591     727181.6856     446751.8736          9.5449     153389.9946      -2394.3559          0.0000          0.0000     576186.0469        299.7550 1352000000.0000

INFO:       1400         14.0000    1173574.2590     726346.8313     447227.4277          9.5311     153102.7417      -2267.2694          0.0000          0.0000     575511.3590        300.0740 1352000000.0000

INFO:       1420         14.2000    1172931.7110     726363.0312     446568.6798          9.5551     153789.0955      -2267.1944          0.0000          0.0000     574841.1301        299.6320 1352000000.0000

INFO:       1440         14.4000    1171875.6046     724864.0319     447011.5727          9.5378     153097.7311      -2415.8139          0.0000          0.0000     574182.1147        299.9292 1352000000.0000

INFO:       1460         14.6000    1170650.4086     724200.2762     446450.1323          9.5448     153146.4545      -2489.2250          0.0000          0.0000     573543.0467        299.5525 1352000000.0000

INFO:       1480         14.8000    1169988.9541     723869.9595     446118.9945          9.5477     153243.7724      -2273.5273          0.0000          0.0000     572899.7144        299.3303 1352000000.0000

INFO:       1500         15.0000    1169422.3243     723644.0470     445778.2772          9.5505     153428.7391      -2067.1432          0.0000          0.0000     572282.4512        299.1017 1352000000.0000

INFO:       1520         15.2000    1169227.9633     722969.1425     446258.8208          9.5457     153161.6748      -1852.9282          0.0000          0.0000     571660.3958        299.4241 1352000000.0000

INFO:       1540         15.4000    1167964.3907     722653.7867     445310.6040          9.5575     153551.6689      -1929.4159          0.0000          0.0000     571031.5337        298.7879 1352000000.0000

INFO:       1560         15.6000    1167282.7088     721873.6650     445409.0439          9.5575     153470.8493      -2036.5651          0.0000          0.0000     570439.3807        298.8540 1352000000.0000

INFO:       1580         15.8000    1166179.2184     721270.0910     444909.1274          9.5555     153467.2889      -2042.5948          0.0000          0.0000     569845.3969        298.5185 1352000000.0000

INFO:       1600         16.0000    1166138.6112     720046.1163     446092.4949          9.5373     153005.6936      -2228.2202          0.0000          0.0000     569268.6429        299.3125 1352000000.0000

INFO:       1620         16.2000    1166349.5362     719940.7321     446408.8040          9.5442     153412.9077      -2165.5181          0.0000          0.0000     568693.3426        299.5248 1352000000.0000

INFO:       1640         16.4000    1165911.4995     719646.3596     446265.1399          9.5453     153413.4209      -1918.8906          0.0000          0.0000     568151.8293        299.4284 1352000000.0000

INFO:       1660         16.6000    1165760.1953     719144.3524     446615.8429          9.5449     153318.8662      -1797.8435          0.0000          0.0000     567623.3297        299.6637 1352000000.0000

INFO:       1680         16.8000    1165093.7819     718806.9773     446286.8046          9.5402     153400.8410      -1674.8144          0.0000          0.0000     567080.9506        299.4429 1352000000.0000

INFO:       1700         17.0000    1164463.5962     718092.0889     446371.5072          9.5309     153120.9452      -1573.9921          0.0000          0.0000     566545.1358        299.4997 1352000000.0000

INFO:       1720         17.2000    1163706.6487     717579.9288     446126.7199          9.5404     153239.3975      -1659.2388          0.0000          0.0000     565999.7701        299.3355 1352000000.0000

INFO:       1740         17.4000    1163265.1338     716927.8946     446337.2392          9.5430     153183.1353      -1726.1892          0.0000          0.0000     565470.9484        299.4768 1352000000.0000

INFO:       1760         17.6000    1162735.7028     716035.3446     446700.3583          9.5300     152798.6233      -1736.8484          0.0000          0.0000     564973.5696        299.7204 1352000000.0000

INFO:       1780         17.8000    1162139.4187     715936.9380     446202.4807          9.5355     153179.4561      -1711.7191          0.0000          0.0000     564469.2010        299.3863 1352000000.0000

INFO:       1800         18.0000    1161814.1263     715722.6631     446091.4632          9.5473     153309.5107      -1567.2082          0.0000          0.0000     563980.3606        299.3118 1352000000.0000

INFO:       1820         18.2000    1161086.5812     715046.7977     446039.7835          9.5382     153069.1154      -1493.6984          0.0000          0.0000     563471.3808        299.2772 1352000000.0000

INFO:       1840         18.4000    1160840.8658     714684.6856     446156.1803          9.5388     153219.4294      -1501.0211          0.0000          0.0000     562966.2773        299.3553 1352000000.0000

INFO:       1860         18.6000    1160263.7209     713879.7668     446383.9541          9.5345     152966.7231      -1549.2840          0.0000          0.0000     562462.3278        299.5081 1352000000.0000

INFO:       1880         18.8000    1159475.8213     713473.2367     446002.5846          9.5292     153107.1316      -1586.3817          0.0000          0.0000     561952.4869        299.2522 1352000000.0000

INFO:       1900         19.0000    1158523.6334     712948.8616     445574.7718          9.5298     153021.1547      -1505.2259          0.0000          0.0000     561432.9328        298.9652 1352000000.0000

INFO:       1920         19.2000    1158736.9719     712565.9383     446171.0336          9.5412     153180.4469      -1541.6735          0.0000          0.0000     560927.1649        299.3652 1352000000.0000

INFO:       1940         19.4000    1158076.2949     712135.4780     445940.8168          9.5426     153210.4006      -1500.2149          0.0000          0.0000     560425.2924        299.2108 1352000000.0000

INFO:       1960         19.6000    1158025.6655     711789.6605     446236.0050          9.5459     153278.4644      -1427.6562          0.0000          0.0000     559938.8523        299.4088 1352000000.0000

INFO:       1980         19.8000    1157743.0361     711296.2692     446446.7669          9.5454     153321.6516      -1502.2468          0.0000          0.0000     559476.8644        299.5502 1352000000.0000

INFO:       2000         20.0000    1156569.4854     710504.4317     446065.0536          9.5441     153117.4600      -1638.8710          0.0000          0.0000     559025.8427        299.2941 1352000000.0000

 
[STEP6] Deallocate Arrays
 
Output_Time> Averaged timer profile (Min, Max)
  total time      =     134.200
    setup         =       4.071
    dynamics      =     130.129
      energy      =      78.908
      integrator  =      37.246
      migration   =       0.000
      pairlist    =      11.897 (      11.245,      14.751)
  energy           
    bond          =       0.081 (       0.075,       0.090)
    angle         =       0.017 (       0.015,       0.022)
    dihedral      =       0.016 (       0.013,       0.019)
    base stacking =       0.000 (       0.000,       0.000)
    nonbond       =      15.665 (      14.794,      17.254)
      CG exv      =       1.215 (       1.119,       1.494)
      CG DNA bp   =       0.000 (       0.000,       0.000)
      CG DNA exv  =       0.000 (       0.000,       0.000)
      CG ele      =       9.184 (       8.670,       9.982)
      CG PWMcos   =       0.000 (       0.000,       0.000)
      CG PWMcosns =       0.000 (       0.000,       0.000)
      CG IDR-HPS  =       5.256 (       4.977,       5.768)
      CG IDR-KH   =       0.000 (       0.000,       0.000)
      CG KH       =       0.000 (       0.000,       0.000)
      Contact     =       0.007 (       0.006,       0.009)
      pme real    =       0.000 (       0.000,       0.000)
      pme recip   =       0.000 (       0.000,       0.000)
    solvation     =       0.000 (       0.000,       0.000)
      polar       =       0.000 (       0.000,       0.000)
      non-polar   =       0.000 (       0.000,       0.000)
    restraint     =       0.000 (       0.000,       0.000)
    qmmm          =       0.000 (       0.000,       0.000)
    morph         =       0.000 (       0.000,       0.000)
  integrator       
    constraint    =       0.000 (       0.000,       0.000)
    update        =       0.000 (       0.000,       0.000)
    comm_coord    =       0.000 (       0.000,       0.000)
    comm_force    =       0.000 (       0.000,       0.000)
  migration       =       0.000 (       0.000,       0.000)
    comm_migrate  =       0.000 (       0.000,       0.000)
    ptl_migrate   =       0.000 (       0.000,       0.000)
    bond_migrate  =       0.000 (       0.000,       0.000)
    angl_migrate  =       0.000 (       0.000,       0.000)
    dihe_migrate  =       0.000 (       0.000,       0.000)
    contact_migr  =       0.000 (       0.000,       0.000)
    stack_migrate =       0.000 (       0.000,       0.000)
    pwmcos_migrate =       0.000 (       0.000,       0.000)
    pwmcosns_migr  =       0.000 (       0.000,       0.000)
    nonb_update    =       0.000 (       0.000,       0.000)

