****************************************************
*                                                  *
*                  GENESIS ATDYN                   *
*                                                  *
*        A Molecular Dynamics Simulator with       *
*            Atomic Decomposition Scheme           *
*                                                  *
*               Developed by RIKEN                 *
*                                                  *
****************************************************
 
[STEP0] Architecture and Compiler Information
 
GENESIS_Information> GENESIS Information
  version      = 2.0.0
  commit ID    = $GENESIS_VERSION$
  precision    = double
  nonbonding   = CPU

Build_Information> Compiler Information
  build host   = jjwsmj@hokusai2
  fortran      = ifort (IFORT) 2021.7.1 20221019
  option       = 
  -axCORE-AVX512 -g -O3  -qmkl=parallel  -assume byterecl -qopenmp  
  C            = 
 icc: remark #10441: The Intel(R) C++ Compiler Classic (ICC) is deprecated and w
 ill be removed from product release in the second half of 2023. The Intel(R) on
 eAPI DPC++/C++ Compiler (ICX) is the recommended compiler moving forward. Pleas
 e transition to use this compiler. Use '-diag-disable=10441' to disable this me
 ssage.
  option       = -O3 -ip -axCORE-AVX2  -qopenmp 
  defined var. = 
  -DHAVE_MPI_GENESIS -DOMP -DIFORT19 -DFFTE -DLAPACK -DDSFMT_MEXP=19937 -DINTEL
  link option  = 
  -assume byterecl -lgfortran -qopenmp  -lmkl_intel_lp64 -lmkl_sequential -lmkl_
 core -lmkl_lapack95_lp64   
  MPI Compiler = Intel(R) MPI

Runtime_Information> Machine and Library Information
  date       = 2023/05/12 15:30:06
  cpu model    = Intel(R) Xeon(R) Gold 6148 CPU @ 2.40GHz
  exec. host   = jjwsmj@bwmpc0091
  LD library   = 
 /bwfefs/opt/x86_64/intel/oneapi/2022.3/mpi/2021.7.1/libfabric/lib:/bwfefs/opt/x
 86_64/intel/oneapi/2022.3/mpi/2021.7.1/lib/release:/bwfefs/opt/x86_64/intel/one
 api/2022.3/mpi/2021.7.1/lib:/bwfefs/opt/x86_64/intel/oneapi/2022.3/tbb/2021.7.1
 /lib/intel64/gcc4.8:/usr/lib64:/bwfefs/opt/x86_64/intel/oneapi/2022.3/vpl/2022.
 2.5/lib:/bwfefs/opt/x86_64/intel/oneapi/2022.3/mkl/latest/lib/intel64:/bwfefs/o
 pt/x86_64/intel/oneapi/2022.3/itac/2021.7.1/slib:/bwfefs/opt/x86_64/intel/oneap
 i/2022.3/ippcp/2021.6.2/lib/intel64:/bwfefs/opt/x86_64/intel/oneapi/2022.3/ipp/
 2021.6.2/lib/intel64:/bwfefs/opt/x86_64/intel/oneapi/2022.3/dnnl/2022.2.1/cpu_d
 pcpp_gpu_dpcpp/lib:/bwfefs/opt/x86_64/intel/oneapi/2022.3/dal/2021.7.1/lib/inte
 l64:/bwfefs/opt/x86_64/intel/oneapi/2022.3/compiler/2022.2.1/linux/compiler/lib
 :/bwfefs/opt/x86_64/intel/oneapi/2022.3/compiler/2022.2.1/linux/lib/oclfpga/hos
 t/linux64/lib:/bwfefs/opt/x86_64/intel/oneapi/2022.3/compiler/2022.2.1/linux/li
 b/oclfpga/linux64/lib:/bwfefs/opt/x86_64/intel/oneapi/2022.3/compiler/2022.2.1/
 linux/lib:/bwfefs/opt/x86_64/intel/oneapi/2022.3/compiler/2022.2.1/linux/lib/x6
 4:/bwfefs/opt/x86_64/intel/oneapi/2022.3/compiler/2022.2.1/linux/lib/emu:/bwfef
 s/opt/x86_64/intel/oneapi/2022.3/compiler/2022.2.1/linux/compiler/lib/intel64_l
 in:/bwfefs/opt/x86_64/intel/oneapi/2022.3/debugger/2021.7.1/dep/lib:/bwfefs/opt
 /x86_64/intel/oneapi/2022.3/debugger/2021.7.1/libipt/intel64/lib:/bwfefs/opt/x8
 6_64/intel/oneapi/2022.3/debugger/2021.7.1/gdb/intel64/lib:/bwfefs/opt/x86_64/
 MPI Runtime = Intel(R) MPI Library 2021.7 for Linux* OS


[STEP1] Read Control Parameters
 
Read_Ctrl_Input> Input Files
  grotopfile = pro.top
  grocrdfile = crd/pos_5000.gro
 
Read_Ctrl_Output> Output Files
 
Read_Ctrl_Energy> WARNING: "water_model" is not available
Read_Ctrl_Energy> Parameters of Energy Calculations
  forcefield      =    RESIDCG
  switchdist      =     10.000  cutoffdist      =     12.000
  pairlistdist    =     13.500  dielec_const    =      1.000
  debye           =     10.000
  vdw_force_switch=         no
  electrostatic   =  CUTOFF
  implicit_solvent=       none
  table           =         no
  water_model     =       NONE
  output_style    =    GENESIS
  dispersion_corr =       none
  nonb_limiter    =      no
  user def. table =     no
  efield_x        =           0.000
  efield_y        =           0.000
  efield_z        =           0.000
  efield_normal   =              no
  efield_virial   =              no
 
Read_Ctrl_Dynamics> Parameters of MD simulation
  integrator      =    VVER_CG  nsteps          =       2000
  timestep        =     0.0100  initial_time    =     0.0000
  eneout_period   =         20  rstout_period   =          0
  crdout_period   =          0  velout_period   =          0
  nbupdate_period =         20  stoptr_period   =         10
  qmsave_period   =          0
  iseed           =         -1
  annealing       =         no
  verbose         =         no
  target_md       =         no
  steered_md      =         no
  shrink_box      =         no
  esp_mm          =         no
 
Read_Ctrl_Constraints> Parameters for Constraints
  rigid_bond      =         no
  fixatm_select_index        =       none
 
Read_Ctrl_Ensemble> Parameters for Ensemble
  ensemble        =        NVT
  temperature     =    300.000
  tpcontrol       =   LANGEVIN
  gamma_t         =      1.000
 
Read_Ctrl_Boundary> Parameters of Boundary Condition
  type            =     PBC   
  box_size(x,y,z) =   3200.000   650.000   650.000
  pairlist_grid   =      3.000
 
Read_Ctrl_Selection> Parameters of Selection
  # of groups     =          0
  # of mole names =          0
 
Read_Ctrl_Restraints> No restraint in the system

Read_Ctrl_Fitting_MD> Parameters of Fitting
  fitting method  =  TR+ROT   
  fitting atom    = group1
  mass_weight     =         no
 
[STEP2] Setup MPI
 
Setup_Mpi_Md> Summary of Setup MPI
  number of MPI processes   =        256
  number of OpenMP threads  =          5
  total number of CPU cores =       1280

[STEP3] Set Relevant Variables and Structures
 
Read_Grotop> Summary of Grotopfile
  num_moltypes    =          1
    pos100_cg             :
      num_atoms   =        100
      num_bonds   =         99
      num_angls   =          0
      num_dihes   =          0
      num_cmaps   =          0
      num_excls   =          0
      num_constrs =          0
      num_pairs   =          0
      num_vsites2 =          0
      num_vsites3 =          0
      num_vsites4 =          0
      num_vsitesn =          0
      num_posress =          0
      num_PWMcos  =          0
      num_PWMcosns=          0
      num_IDR_HPS =          1
      num_IDR_KH  =          0
    .. not used molecule types were hidden.

  num_molecules   =       5000
    pos100_cg             :  5000

  num_atomtypes   =         33  num_bondtypes   =          0
  num_angltypes   =          0  num_dihetypes   =          0
  num_flangltypes           20
  num_fldihetypes          400
  num_constrtypes =          0  num_cmaptypes   =          0
  num_nbonparms   =          0
  num_basestacktypes  =     16
  num_basepairtypes   =      4
  num_basecrosstypes  =     32
  num_cgdnaexvtypes   =      6
  num_cgelemolpairs   =      1
  num_cg_IDR_HPS_atomtypes  =     20
  num_cg_KH_atomtypes  =    20

  num_cg_pair_MJ_eps   =   400

Define_Molecule> Summary of molecules
  num_atoms       =     500000  num_bonds       =     495000
  num_angles      =          0  num_dihedrals   =          0
  num_impropers   =          0  num_cmap_terms  =          0
  num_residues    =     500000  num_molecules   =       5000
  num_segments    =          1  num_deg_freedom =    1500000
  total_charge    = 500000.000
 
Update_Num_Deg_Freedom> Number of degrees of freedom was updated
  num_deg_freedom =    1499997 (After removing translation)
 
Setup_Boundary> Setup Variables for Boundary Condition
  box_size(x,y,z) =   3200.000   650.000   650.000
  origin(x,y,z)   =      0.000     0.000     0.000
 
Random_Init> Initialize the random number
  seed            = 85215

Define_Enefunc_Gromacs> Number of Interactions in Each Term
  bond_ene        =     495000  angle_ene       =          0
  torsion_ene     =          0  rb_torsion_ene  =          0
  improper_ene    =          0
  nb_exclusions   =     495000  nb14_calc       =          0
  vsite2_ene      =          0  vsite3_ene      =          0
  vsite3fd_ene    =          0  vsite3fad_ene   =          0
  vsite3out_ene   =          0  vsite4fdn_ene   =          0
  vsiten_ene      =          0
 restraint_groups =          0 restraint_funcs  =          0
 
Get_Morph_in> Morphing check
  morphing_bb     =          0  morphing_sc     =          0
 
Setup_Fitting_Atdyn> NO fitting is applied, skip
  fitting method  =  NO
 
[STEP4] Compute Single Point Energy for Molecules
 
            STEP          ENERGY            BOND  NATIVE_CONTACT NON-NATIVE_CONT           ELECT         IDR_HPS          CG_EXV
 --------------- --------------- --------------- --------------- ---------------
               0     853902.2916     170690.3546          0.0000          0.0000     681472.3800       1739.5570          0.0000

[STEP5] Perform Molecular Dynamics Simulation
 
Generate_Velocity> Generate initial velocities
  iseed           =      85215
  temperature     =    300.000
 
Random_Init_Velocity> Initialize the random number
  seed            = 85215

INFO:       STEP            TIME       TOTAL_ENE   POTENTIAL_ENE     KINETIC_ENE            RMSG            BOND         IDR_HPS  NATIVE_CONTACT          CG_EXV           ELECT     TEMPERATURE          VOLUME
 --------------- --------------- --------------- --------------- ---------------
INFO:          0          0.0000    1300376.3532     853902.2916     446474.0616         10.1780     170690.3546       1739.5570          0.0000          0.0000     681472.3800        299.5686 1352000000.0000

Random_Init> Initialize the random number
  seed            = 1719051641

INFO:         20          0.2000    1294916.6697     843182.9769     451733.6928          9.8839     161692.9568        715.7480          0.0000          0.0000     680774.2721        303.0976 1352000000.0000

INFO:         40          0.4000    1291131.3503     837164.2869     453967.0633          9.7771     159182.3146      -1009.3174          0.0000          0.0000     678991.2897        304.5961 1352000000.0000

INFO:         60          0.6000    1287098.5425     831949.4686     455149.0739          9.7246     157817.0691      -2375.1218          0.0000          0.0000     676507.5213        305.3892 1352000000.0000

INFO:         80          0.8000    1283203.9506     827142.5595     456061.3911          9.6821     156834.4013      -3335.3806          0.0000          0.0000     673643.5388        306.0013 1352000000.0000

INFO:        100          1.0000    1278607.7790     822315.6301     456292.1489          9.6589     156030.5597      -4278.1556          0.0000          0.0000     670563.2260        306.1562 1352000000.0000

INFO:        120          1.2000    1273970.1434     818018.7043     455951.4390          9.6379     155429.7733      -4813.9493          0.0000          0.0000     667402.8803        305.9275 1352000000.0000

INFO:        140          1.4000    1270043.6694     814526.3619     455517.3074          9.6278     155191.9669      -4952.7672          0.0000          0.0000     664287.1622        305.6363 1352000000.0000

INFO:        160          1.6000    1266532.2053     810789.0285     455743.1768          9.6040     154680.5536      -5155.4024          0.0000          0.0000     661263.8772        305.7878 1352000000.0000

INFO:        180          1.8000    1262735.4993     807903.0747     454832.4246          9.6017     154650.0265      -5057.0448          0.0000          0.0000     658310.0930        305.1767 1352000000.0000

INFO:        200          2.0000    1258884.6585     805049.0277     453835.6308          9.5961     154440.5004      -4825.8800          0.0000          0.0000     655434.4073        304.5079 1352000000.0000

INFO:        220          2.2000    1255355.6504     801855.4655     453500.1849          9.5816     154076.5639      -4847.3195          0.0000          0.0000     652626.2212        304.2828 1352000000.0000

INFO:        240          2.4000    1251745.0366     798936.5852     452808.4514          9.5756     153846.3001      -4839.6449          0.0000          0.0000     649929.9300        303.8187 1352000000.0000

INFO:        260          2.6000    1248682.8789     796338.5344     452344.3445          9.5659     153837.9614      -4804.6428          0.0000          0.0000     647305.2158        303.5073 1352000000.0000

INFO:        280          2.8000    1245918.1829     794150.7874     451767.3955          9.5817     154198.9171      -4831.1562          0.0000          0.0000     644783.0265        303.1202 1352000000.0000

INFO:        300          3.0000    1243324.3953     791489.1986     451835.1968          9.5782     154003.0083      -4871.8444          0.0000          0.0000     642358.0346        303.1657 1352000000.0000

INFO:        320          3.2000    1240075.8766     789006.4812     451069.3954          9.5660     153922.8732      -4919.5759          0.0000          0.0000     640003.1838        302.6519 1352000000.0000

INFO:        340          3.4000    1238162.3280     786202.3403     451959.9877          9.5546     153283.7931      -4819.4898          0.0000          0.0000     637738.0371        303.2494 1352000000.0000

INFO:        360          3.6000    1235539.2991     784028.2584     451511.0407          9.5476     153326.3163      -4851.1983          0.0000          0.0000     635553.1404        302.9482 1352000000.0000

INFO:        380          3.8000    1232890.3996     781981.3174     450909.0822          9.5494     153288.8136      -4754.6028          0.0000          0.0000     633447.1066        302.5443 1352000000.0000

INFO:        400          4.0000    1230510.2021     780241.6045     450268.5976          9.5543     153461.8064      -4649.1559          0.0000          0.0000     631428.9540        302.1146 1352000000.0000

INFO:        420          4.2000    1228173.7389     778562.9961     449610.7428          9.5618     153574.0341      -4496.3664          0.0000          0.0000     629485.3283        301.6732 1352000000.0000

INFO:        440          4.4000    1226115.8807     776364.0143     449751.8664          9.5444     153052.8000      -4300.3401          0.0000          0.0000     627611.5544        301.7678 1352000000.0000

INFO:        460          4.6000    1224313.3142     774960.8273     449352.4868          9.5458     153239.9919      -4112.3550          0.0000          0.0000     625833.1905        301.4999 1352000000.0000

INFO:        480          4.8000    1222267.4313     773598.6875     448668.7438          9.5546     153536.7947      -4054.7638          0.0000          0.0000     624116.6565        301.0411 1352000000.0000

INFO:        500          5.0000    1220826.9630     771815.7793     449011.1836          9.5364     153273.0284      -3901.4272          0.0000          0.0000     622444.1782        301.2709 1352000000.0000

INFO:        520          5.2000    1218840.7469     769886.0247     448954.7222          9.5303     152996.4443      -3917.4762          0.0000          0.0000     620807.0565        301.2330 1352000000.0000

INFO:        540          5.4000    1216863.8132     768584.0682     448279.7450          9.5516     153227.2656      -3849.8804          0.0000          0.0000     619206.6830        300.7801 1352000000.0000

INFO:        560          5.6000    1215548.9605     766503.6317     449045.3288          9.5407     152812.6289      -3955.2634          0.0000          0.0000     617646.2662        301.2938 1352000000.0000

INFO:        580          5.8000    1213844.0982     764865.4458     448978.6524          9.5344     152770.3524      -4030.1792          0.0000          0.0000     616125.2726        301.2490 1352000000.0000

INFO:        600          6.0000    1212035.8953     763614.2557     448421.6395          9.5396     152775.8480      -3802.1061          0.0000          0.0000     614640.5139        300.8753 1352000000.0000

INFO:        620          6.2000    1210939.1301     762141.9971     448797.1330          9.5412     152806.5169      -3864.6062          0.0000          0.0000     613200.0865        301.1273 1352000000.0000

INFO:        640          6.4000    1209328.1786     761092.1569     448236.0217          9.5401     153029.9687      -3728.6594          0.0000          0.0000     611790.8475        300.7508 1352000000.0000

INFO:        660          6.6000    1208635.2739     760256.7501     448378.5238          9.5519     153493.1149      -3670.4244          0.0000          0.0000     610434.0596        300.8464 1352000000.0000

INFO:        680          6.8000    1207238.7151     759280.5040     447958.2111          9.5659     153759.3251      -3573.3800          0.0000          0.0000     609094.5589        300.5644 1352000000.0000

INFO:        700          7.0000    1206062.0451     757588.3263     448473.7188          9.5604     153369.5239      -3562.3695          0.0000          0.0000     607781.1718        300.9103 1352000000.0000

INFO:        720          7.2000    1204440.3494     756789.8217     447650.5277          9.5585     153796.0128      -3523.0098          0.0000          0.0000     606516.8187        300.3579 1352000000.0000

INFO:        740          7.4000    1202700.1247     755153.3131     447546.8116          9.5548     153356.0623      -3465.2291          0.0000          0.0000     605262.4798        300.2883 1352000000.0000

INFO:        760          7.6000    1200746.0270     753585.0739     447160.9531          9.5365     152973.7901      -3414.2571          0.0000          0.0000     604025.5410        300.0294 1352000000.0000

INFO:        780          7.8000    1200089.3326     752603.4134     447485.9193          9.5466     153197.4634      -3422.6420          0.0000          0.0000     602828.5920        300.2475 1352000000.0000

INFO:        800          8.0000    1199369.9568     751667.4133     447702.5435          9.5385     153263.4454      -3268.5238          0.0000          0.0000     601672.4917        300.3928 1352000000.0000

INFO:        820          8.2000    1197764.5857     750342.7302     447421.8554          9.5333     152972.5810      -3177.1160          0.0000          0.0000     600547.2652        300.2045 1352000000.0000

INFO:        840          8.4000    1196576.9504     749495.5313     447081.4191          9.5443     153140.7046      -3102.3491          0.0000          0.0000     599457.1757        299.9761 1352000000.0000

INFO:        860          8.6000    1195775.3674     748666.0510     447109.3164          9.5586     153448.5337      -3176.0053          0.0000          0.0000     598393.5226        299.9948 1352000000.0000

INFO:        880          8.8000    1195121.2660     747384.3208     447736.9452          9.5437     153264.0151      -3240.8120          0.0000          0.0000     597361.1177        300.4159 1352000000.0000

INFO:        900          9.0000    1194122.4828     746854.8933     447267.5896          9.5573     153616.7091      -3130.5546          0.0000          0.0000     596368.7388        300.1010 1352000000.0000

INFO:        920          9.2000    1193344.5433     745639.9049     447704.6384          9.5433     153186.0082      -2964.9324          0.0000          0.0000     595418.8291        300.3942 1352000000.0000

INFO:        940          9.4000    1192358.8033     744576.3731     447782.4302          9.5392     152802.9970      -2702.7255          0.0000          0.0000     594476.1016        300.4464 1352000000.0000

INFO:        960          9.6000    1191244.7928     743768.4418     447476.3511          9.5412     153002.1906      -2767.3001          0.0000          0.0000     593533.5512        300.2411 1352000000.0000

INFO:        980          9.8000    1190430.2439     743552.2963     446877.9476          9.5549     153641.2213      -2691.5098          0.0000          0.0000     592602.5848        299.8395 1352000000.0000

INFO:       1000         10.0000    1189691.3942     742785.8690     446905.5252          9.5580     153600.6377      -2506.7810          0.0000          0.0000     591692.0123        299.8581 1352000000.0000

INFO:       1020         10.2000    1189552.6572     742116.8329     447435.8243          9.5593     153721.6139      -2374.8051          0.0000          0.0000     590770.0240        300.2139 1352000000.0000

INFO:       1040         10.4000    1188466.7078     740839.4355     447627.2722          9.5516     153421.3809      -2443.2289          0.0000          0.0000     589861.2835        300.3423 1352000000.0000

INFO:       1060         10.6000    1187382.6987     740009.2763     447373.4224          9.5500     153477.8917      -2441.3902          0.0000          0.0000     588972.7748        300.1720 1352000000.0000

INFO:       1080         10.8000    1186126.7694     739130.1822     446996.5872          9.5512     153439.0822      -2430.2644          0.0000          0.0000     588121.3644        299.9192 1352000000.0000

INFO:       1100         11.0000    1185196.1407     737944.6961     447251.4446          9.5446     153074.1701      -2400.6489          0.0000          0.0000     587271.1748        300.0902 1352000000.0000

INFO:       1120         11.2000    1184371.4733     736845.3627     447526.1105          9.5357     152996.8558      -2570.8139          0.0000          0.0000     586419.3208        300.2744 1352000000.0000

INFO:       1140         11.4000    1183627.7527     735963.9028     447663.8499          9.5340     153093.3227      -2701.3499          0.0000          0.0000     585571.9300        300.3669 1352000000.0000

INFO:       1160         11.6000    1182747.3928     735511.1446     447236.2481          9.5528     153573.5877      -2828.9331          0.0000          0.0000     584766.4901        300.0800 1352000000.0000

INFO:       1180         11.8000    1181190.8279     734615.3452     446575.4827          9.5395     153310.9401      -2686.8880          0.0000          0.0000     583991.2931        299.6366 1352000000.0000

INFO:       1200         12.0000    1180890.8988     733724.2748     447166.6240          9.5457     153306.2885      -2792.9551          0.0000          0.0000     583210.9414        300.0332 1352000000.0000

INFO:       1220         12.2000    1180315.7753     733424.4019     446891.3733          9.5582     153641.3670      -2675.1549          0.0000          0.0000     582458.1898        299.8486 1352000000.0000

INFO:       1240         12.4000    1179127.9396     732847.2972     446280.6424          9.5514     153434.5203      -2345.1427          0.0000          0.0000     581757.9196        299.4388 1352000000.0000

INFO:       1260         12.6000    1178209.4601     731870.9074     446338.5527          9.5401     153198.1995      -2374.1031          0.0000          0.0000     581046.8110        299.4776 1352000000.0000

INFO:       1280         12.8000    1177949.5259     731076.7908     446872.7351          9.5424     153244.1353      -2499.0860          0.0000          0.0000     580331.7415        299.8361 1352000000.0000

INFO:       1300         13.0000    1177697.1577     729878.2942     447818.8634          9.5269     152711.1908      -2441.6595          0.0000          0.0000     579608.7630        300.4709 1352000000.0000

INFO:       1320         13.2000    1176853.2313     730322.2649     446530.9664          9.5505     153555.3980      -2140.1725          0.0000          0.0000     578907.0394        299.6067 1352000000.0000

INFO:       1340         13.4000    1175476.4039     729220.3110     446256.0929          9.5437     153202.6765      -2196.5464          0.0000          0.0000     578214.1808        299.4223 1352000000.0000

INFO:       1360         13.6000    1174722.7006     728527.1970     446195.5037          9.5450     153280.5536      -2256.8560          0.0000          0.0000     577503.4993        299.3817 1352000000.0000

INFO:       1380         13.8000    1174962.1376     728161.8788     446800.2588          9.5523     153438.4158      -2086.7841          0.0000          0.0000     576810.2471        299.7874 1352000000.0000

INFO:       1400         14.0000    1174821.9299     727214.4689     447607.4610          9.5421     153155.0155      -2063.1828          0.0000          0.0000     576122.6362        300.3290 1352000000.0000

INFO:       1420         14.2000    1173134.8236     726876.3866     446258.4370          9.5604     153510.5674      -2061.9097          0.0000          0.0000     575427.7289        299.4239 1352000000.0000

INFO:       1440         14.4000    1172315.7902     726052.8172     446262.9730          9.5564     153561.5875      -2269.7499          0.0000          0.0000     574760.9797        299.4269 1352000000.0000

INFO:       1460         14.6000    1171581.0977     724688.0132     446893.0845          9.5403     153016.2941      -2434.0118          0.0000          0.0000     574105.7308        299.8497 1352000000.0000

INFO:       1480         14.8000    1171141.8898     724656.6137     446485.2761          9.5469     153403.2186      -2227.7490          0.0000          0.0000     573481.1440        299.5761 1352000000.0000

INFO:       1500         15.0000    1169087.5445     723826.5833     445260.9612          9.5419     153030.7677      -2083.0218          0.0000          0.0000     572878.8374        298.7546 1352000000.0000

INFO:       1520         15.2000    1168947.1658     723407.1526     445540.0132          9.5490     153251.5376      -2105.2228          0.0000          0.0000     572260.8378        298.9418 1352000000.0000

INFO:       1540         15.4000    1167962.2915     722569.1547     445393.1367          9.5420     153038.6637      -2106.3119          0.0000          0.0000     571636.8029        298.8433 1352000000.0000

INFO:       1560         15.6000    1167127.2627     722188.8685     444938.3942          9.5510     153386.0664      -2206.7855          0.0000          0.0000     571009.5876        298.5382 1352000000.0000

INFO:       1580         15.8000    1166145.9583     720829.3174     445316.6409          9.5299     152751.6219      -2338.3895          0.0000          0.0000     570416.0850        298.7920 1352000000.0000

INFO:       1600         16.0000    1166254.1751     720634.8050     445619.3701          9.5308     152975.2448      -2173.7769          0.0000          0.0000     569833.3371        298.9951 1352000000.0000

INFO:       1620         16.2000    1166426.6935     720368.3786     446058.3149          9.5443     153284.4275      -2176.5794          0.0000          0.0000     569260.5306        299.2896 1352000000.0000

INFO:       1640         16.4000    1166291.2017     719548.5925     446742.6092          9.5336     152984.4026      -2116.6528          0.0000          0.0000     568680.8427        299.7487 1352000000.0000

INFO:       1660         16.6000    1165729.2293     719290.1035     446439.1259          9.5398     153184.4415      -1995.0948          0.0000          0.0000     568100.7568        299.5451 1352000000.0000

INFO:       1680         16.8000    1164551.2346     719238.9331     445312.3016          9.5652     153576.9609      -1864.7529          0.0000          0.0000     567526.7251        298.7891 1352000000.0000

INFO:       1700         17.0000    1163546.8084     718323.5291     445223.2793          9.5598     153472.5365      -2091.1494          0.0000          0.0000     566942.1420        298.7293 1352000000.0000

INFO:       1720         17.2000    1162110.1398     717487.9406     444622.1991          9.5486     153347.6865      -2236.0938          0.0000          0.0000     566376.3480        298.3260 1352000000.0000

INFO:       1740         17.4000    1162466.9714     716919.5283     445547.4430          9.5560     153342.7403      -2252.1017          0.0000          0.0000     565828.8898        298.9468 1352000000.0000

INFO:       1760         17.6000    1162019.2458     717112.0948     444907.1510          9.5676     153874.6617      -2043.5619          0.0000          0.0000     565280.9949        298.5172 1352000000.0000

INFO:       1780         17.8000    1161391.3372     715800.2259     445591.1113          9.5420     153170.1137      -2090.8818          0.0000          0.0000     564720.9941        298.9761 1352000000.0000

INFO:       1800         18.0000    1160971.4448     715276.6765     445694.7684          9.5473     153302.9391      -2193.3901          0.0000          0.0000     564167.1275        299.0457 1352000000.0000

INFO:       1820         18.2000    1160410.6490     714350.0488     446060.6001          9.5381     152940.4826      -2206.8115          0.0000          0.0000     563616.3778        299.2911 1352000000.0000

INFO:       1840         18.4000    1159729.5110     714317.0029     445412.5080          9.5483     153277.3790      -2058.3482          0.0000          0.0000     563097.9722        298.8563 1352000000.0000

INFO:       1860         18.6000    1159457.7804     714401.3876     445056.3928          9.5593     153604.5908      -1799.2456          0.0000          0.0000     562596.0424        298.6174 1352000000.0000

INFO:       1880         18.8000    1159390.9632     713886.3100     445504.6532          9.5567     153468.9888      -1672.2887          0.0000          0.0000     562089.6100        298.9181 1352000000.0000

INFO:       1900         19.0000    1159258.4077     712992.5104     446265.8973          9.5459     153205.2243      -1771.8417          0.0000          0.0000     561559.1279        299.4289 1352000000.0000

INFO:       1920         19.2000    1159569.9862     712644.1592     446925.8269          9.5523     153397.5231      -1795.9782          0.0000          0.0000     561042.6144        299.8717 1352000000.0000

INFO:       1940         19.4000    1158666.9929     712145.8020     446521.1909          9.5564     153398.4483      -1781.0872          0.0000          0.0000     560528.4409        299.6002 1352000000.0000

INFO:       1960         19.6000    1157537.9124     711292.3753     446245.5371          9.5465     153133.5488      -1862.9471          0.0000          0.0000     560021.7737        299.4152 1352000000.0000

INFO:       1980         19.8000    1157836.4703     710922.2389     446914.2314          9.5486     153270.7057      -1910.1728          0.0000          0.0000     559561.7060        299.8639 1352000000.0000

INFO:       2000         20.0000    1158138.3408     710926.7148     447211.6261          9.5589     153741.4680      -1920.0003          0.0000          0.0000     559105.2471        300.0634 1352000000.0000

 
[STEP6] Deallocate Arrays
 
Output_Time> Averaged timer profile (Min, Max)
  total time      =     135.041
    setup         =       4.312
    dynamics      =     130.729
      energy      =      79.399
      integrator  =      37.350
      migration   =       0.000
      pairlist    =      11.955 (      11.115,      14.675)
  energy           
    bond          =       0.081 (       0.074,       0.092)
    angle         =       0.016 (       0.015,       0.021)
    dihedral      =       0.015 (       0.013,       0.020)
    base stacking =       0.000 (       0.000,       0.000)
    nonbond       =      15.704 (      14.787,      17.185)
      CG exv      =       1.221 (       1.109,       1.475)
      CG DNA bp   =       0.000 (       0.000,       0.000)
      CG DNA exv  =       0.000 (       0.000,       0.000)
      CG ele      =       9.203 (       8.625,       9.993)
      CG PWMcos   =       0.000 (       0.000,       0.000)
      CG PWMcosns =       0.000 (       0.000,       0.000)
      CG IDR-HPS  =       5.271 (       4.962,       5.765)
      CG IDR-KH   =       0.000 (       0.000,       0.000)
      CG KH       =       0.000 (       0.000,       0.000)
      Contact     =       0.007 (       0.006,       0.009)
      pme real    =       0.000 (       0.000,       0.000)
      pme recip   =       0.000 (       0.000,       0.000)
    solvation     =       0.000 (       0.000,       0.000)
      polar       =       0.000 (       0.000,       0.000)
      non-polar   =       0.000 (       0.000,       0.000)
    restraint     =       0.000 (       0.000,       0.000)
    qmmm          =       0.000 (       0.000,       0.000)
    morph         =       0.000 (       0.000,       0.000)
  integrator       
    constraint    =       0.000 (       0.000,       0.000)
    update        =       0.000 (       0.000,       0.000)
    comm_coord    =       0.000 (       0.000,       0.000)
    comm_force    =       0.000 (       0.000,       0.000)
  migration       =       0.000 (       0.000,       0.000)
    comm_migrate  =       0.000 (       0.000,       0.000)
    ptl_migrate   =       0.000 (       0.000,       0.000)
    bond_migrate  =       0.000 (       0.000,       0.000)
    angl_migrate  =       0.000 (       0.000,       0.000)
    dihe_migrate  =       0.000 (       0.000,       0.000)
    contact_migr  =       0.000 (       0.000,       0.000)
    stack_migrate =       0.000 (       0.000,       0.000)
    pwmcos_migrate =       0.000 (       0.000,       0.000)
    pwmcosns_migr  =       0.000 (       0.000,       0.000)
    nonb_update    =       0.000 (       0.000,       0.000)

