****************************************************
*                                                  *
*                  GENESIS ATDYN                   *
*                                                  *
*        A Molecular Dynamics Simulator with       *
*            Atomic Decomposition Scheme           *
*                                                  *
*               Developed by RIKEN                 *
*                                                  *
****************************************************
 
[STEP0] Architecture and Compiler Information
 
GENESIS_Information> GENESIS Information
  version      = 2.0.0
  commit ID    = $GENESIS_VERSION$
  precision    = double
  nonbonding   = CPU

Build_Information> Compiler Information
  build host   = jjwsmj@hokusai2
  fortran      = ifort (IFORT) 2021.7.1 20221019
  option       = 
  -axCORE-AVX512 -g -O3  -qmkl=parallel  -assume byterecl -qopenmp  
  C            = 
 icc: remark #10441: The Intel(R) C++ Compiler Classic (ICC) is deprecated and w
 ill be removed from product release in the second half of 2023. The Intel(R) on
 eAPI DPC++/C++ Compiler (ICX) is the recommended compiler moving forward. Pleas
 e transition to use this compiler. Use '-diag-disable=10441' to disable this me
 ssage.
  option       = -O3 -ip -axCORE-AVX2  -qopenmp 
  defined var. = 
  -DHAVE_MPI_GENESIS -DOMP -DIFORT19 -DFFTE -DLAPACK -DDSFMT_MEXP=19937 -DINTEL
  link option  = 
  -assume byterecl -lgfortran -qopenmp  -lmkl_intel_lp64 -lmkl_sequential -lmkl_
 core -lmkl_lapack95_lp64   
  MPI Compiler = Intel(R) MPI

Runtime_Information> Machine and Library Information
  date       = 2023/05/12 15:30:08
  cpu model    = Intel(R) Xeon(R) Gold 6148 CPU @ 2.40GHz
  exec. host   = jjwsmj@bwmpc0058
  LD library   = 
 /bwfefs/opt/x86_64/intel/oneapi/2022.3/mpi/2021.7.1/libfabric/lib:/bwfefs/opt/x
 86_64/intel/oneapi/2022.3/mpi/2021.7.1/lib/release:/bwfefs/opt/x86_64/intel/one
 api/2022.3/mpi/2021.7.1/lib:/bwfefs/opt/x86_64/intel/oneapi/2022.3/tbb/2021.7.1
 /lib/intel64/gcc4.8:/usr/lib64:/bwfefs/opt/x86_64/intel/oneapi/2022.3/vpl/2022.
 2.5/lib:/bwfefs/opt/x86_64/intel/oneapi/2022.3/mkl/latest/lib/intel64:/bwfefs/o
 pt/x86_64/intel/oneapi/2022.3/itac/2021.7.1/slib:/bwfefs/opt/x86_64/intel/oneap
 i/2022.3/ippcp/2021.6.2/lib/intel64:/bwfefs/opt/x86_64/intel/oneapi/2022.3/ipp/
 2021.6.2/lib/intel64:/bwfefs/opt/x86_64/intel/oneapi/2022.3/dnnl/2022.2.1/cpu_d
 pcpp_gpu_dpcpp/lib:/bwfefs/opt/x86_64/intel/oneapi/2022.3/dal/2021.7.1/lib/inte
 l64:/bwfefs/opt/x86_64/intel/oneapi/2022.3/compiler/2022.2.1/linux/compiler/lib
 :/bwfefs/opt/x86_64/intel/oneapi/2022.3/compiler/2022.2.1/linux/lib/oclfpga/hos
 t/linux64/lib:/bwfefs/opt/x86_64/intel/oneapi/2022.3/compiler/2022.2.1/linux/li
 b/oclfpga/linux64/lib:/bwfefs/opt/x86_64/intel/oneapi/2022.3/compiler/2022.2.1/
 linux/lib:/bwfefs/opt/x86_64/intel/oneapi/2022.3/compiler/2022.2.1/linux/lib/x6
 4:/bwfefs/opt/x86_64/intel/oneapi/2022.3/compiler/2022.2.1/linux/lib/emu:/bwfef
 s/opt/x86_64/intel/oneapi/2022.3/compiler/2022.2.1/linux/compiler/lib/intel64_l
 in:/bwfefs/opt/x86_64/intel/oneapi/2022.3/debugger/2021.7.1/dep/lib:/bwfefs/opt
 /x86_64/intel/oneapi/2022.3/debugger/2021.7.1/libipt/intel64/lib:/bwfefs/opt/x8
 6_64/intel/oneapi/2022.3/debugger/2021.7.1/gdb/intel64/lib:/bwfefs/opt/x86_64/
 MPI Runtime = Intel(R) MPI Library 2021.7 for Linux* OS


[STEP1] Read Control Parameters
 
Read_Ctrl_Input> Input Files
  grotopfile = pro.top
  grocrdfile = crd/pos_5000.gro
 
Read_Ctrl_Output> Output Files
 
Read_Ctrl_Energy> WARNING: "water_model" is not available
Read_Ctrl_Energy> Parameters of Energy Calculations
  forcefield      =    RESIDCG
  switchdist      =     10.000  cutoffdist      =     12.000
  pairlistdist    =     13.500  dielec_const    =      1.000
  debye           =     10.000
  vdw_force_switch=         no
  electrostatic   =  CUTOFF
  implicit_solvent=       none
  table           =         no
  water_model     =       NONE
  output_style    =    GENESIS
  dispersion_corr =       none
  nonb_limiter    =      no
  user def. table =     no
  efield_x        =           0.000
  efield_y        =           0.000
  efield_z        =           0.000
  efield_normal   =              no
  efield_virial   =              no
 
Read_Ctrl_Dynamics> Parameters of MD simulation
  integrator      =    VVER_CG  nsteps          =       2000
  timestep        =     0.0100  initial_time    =     0.0000
  eneout_period   =         20  rstout_period   =          0
  crdout_period   =          0  velout_period   =          0
  nbupdate_period =         20  stoptr_period   =         10
  qmsave_period   =          0
  iseed           =         -1
  annealing       =         no
  verbose         =         no
  target_md       =         no
  steered_md      =         no
  shrink_box      =         no
  esp_mm          =         no
 
Read_Ctrl_Constraints> Parameters for Constraints
  rigid_bond      =         no
  fixatm_select_index        =       none
 
Read_Ctrl_Ensemble> Parameters for Ensemble
  ensemble        =        NVT
  temperature     =    300.000
  tpcontrol       =   LANGEVIN
  gamma_t         =      1.000
 
Read_Ctrl_Boundary> Parameters of Boundary Condition
  type            =     PBC   
  box_size(x,y,z) =   3200.000   650.000   650.000
  pairlist_grid   =      3.000
 
Read_Ctrl_Selection> Parameters of Selection
  # of groups     =          0
  # of mole names =          0
 
Read_Ctrl_Restraints> No restraint in the system

Read_Ctrl_Fitting_MD> Parameters of Fitting
  fitting method  =  TR+ROT   
  fitting atom    = group1
  mass_weight     =         no
 
[STEP2] Setup MPI
 
Setup_Mpi_Md> Summary of Setup MPI
  number of MPI processes   =        256
  number of OpenMP threads  =          5
  total number of CPU cores =       1280

[STEP3] Set Relevant Variables and Structures
 
Read_Grotop> Summary of Grotopfile
  num_moltypes    =          1
    pos100_cg             :
      num_atoms   =        100
      num_bonds   =         99
      num_angls   =          0
      num_dihes   =          0
      num_cmaps   =          0
      num_excls   =          0
      num_constrs =          0
      num_pairs   =          0
      num_vsites2 =          0
      num_vsites3 =          0
      num_vsites4 =          0
      num_vsitesn =          0
      num_posress =          0
      num_PWMcos  =          0
      num_PWMcosns=          0
      num_IDR_HPS =          1
      num_IDR_KH  =          0
    .. not used molecule types were hidden.

  num_molecules   =       5000
    pos100_cg             :  5000

  num_atomtypes   =         33  num_bondtypes   =          0
  num_angltypes   =          0  num_dihetypes   =          0
  num_flangltypes           20
  num_fldihetypes          400
  num_constrtypes =          0  num_cmaptypes   =          0
  num_nbonparms   =          0
  num_basestacktypes  =     16
  num_basepairtypes   =      4
  num_basecrosstypes  =     32
  num_cgdnaexvtypes   =      6
  num_cgelemolpairs   =      1
  num_cg_IDR_HPS_atomtypes  =     20
  num_cg_KH_atomtypes  =    20

  num_cg_pair_MJ_eps   =   400

Define_Molecule> Summary of molecules
  num_atoms       =     500000  num_bonds       =     495000
  num_angles      =          0  num_dihedrals   =          0
  num_impropers   =          0  num_cmap_terms  =          0
  num_residues    =     500000  num_molecules   =       5000
  num_segments    =          1  num_deg_freedom =    1500000
  total_charge    = 500000.000
 
Update_Num_Deg_Freedom> Number of degrees of freedom was updated
  num_deg_freedom =    1499997 (After removing translation)
 
Setup_Boundary> Setup Variables for Boundary Condition
  box_size(x,y,z) =   3200.000   650.000   650.000
  origin(x,y,z)   =      0.000     0.000     0.000
 
Random_Init> Initialize the random number
  seed            = 457315

Define_Enefunc_Gromacs> Number of Interactions in Each Term
  bond_ene        =     495000  angle_ene       =          0
  torsion_ene     =          0  rb_torsion_ene  =          0
  improper_ene    =          0
  nb_exclusions   =     495000  nb14_calc       =          0
  vsite2_ene      =          0  vsite3_ene      =          0
  vsite3fd_ene    =          0  vsite3fad_ene   =          0
  vsite3out_ene   =          0  vsite4fdn_ene   =          0
  vsiten_ene      =          0
 restraint_groups =          0 restraint_funcs  =          0
 
Get_Morph_in> Morphing check
  morphing_bb     =          0  morphing_sc     =          0
 
Setup_Fitting_Atdyn> NO fitting is applied, skip
  fitting method  =  NO
 
[STEP4] Compute Single Point Energy for Molecules
 
            STEP          ENERGY            BOND  NATIVE_CONTACT NON-NATIVE_CONT           ELECT         IDR_HPS          CG_EXV
 --------------- --------------- --------------- --------------- ---------------
               0     853902.2916     170690.3546          0.0000          0.0000     681472.3800       1739.5570          0.0000

[STEP5] Perform Molecular Dynamics Simulation
 
Generate_Velocity> Generate initial velocities
  iseed           =     457315
  temperature     =    300.000
 
Random_Init_Velocity> Initialize the random number
  seed            = 457315

INFO:       STEP            TIME       TOTAL_ENE   POTENTIAL_ENE     KINETIC_ENE            RMSG            BOND         IDR_HPS  NATIVE_CONTACT          CG_EXV           ELECT     TEMPERATURE          VOLUME
 --------------- --------------- --------------- --------------- ---------------
INFO:          0          0.0000    1301161.3161     853902.2916     447259.0245         10.1780     170690.3546       1739.5570          0.0000          0.0000     681472.3800        300.0952 1352000000.0000

Random_Init> Initialize the random number
  seed            = 2023464028

INFO:         20          0.2000    1295187.6357     842904.0959     452283.5397          9.8788     161385.1306        751.9007          0.0000          0.0000     680767.0646        303.4665 1352000000.0000

INFO:         40          0.4000    1291885.4475     837751.4098     454134.0377          9.7896     159775.3843       -987.1471          0.0000          0.0000     678963.1726        304.7081 1352000000.0000

INFO:         60          0.6000    1287429.6034     831949.9124     455479.6910          9.7255     157918.3578      -2447.1373          0.0000          0.0000     676478.6919        305.6110 1352000000.0000

INFO:         80          0.8000    1282249.3365     827242.8392     455006.4973          9.6991     157208.3817      -3578.9881          0.0000          0.0000     673613.4456        305.2935 1352000000.0000

INFO:        100          1.0000    1277477.0408     822327.9391     455149.1018          9.6493     155976.9809      -4208.2900          0.0000          0.0000     670559.2481        305.3892 1352000000.0000

INFO:        120          1.2000    1273183.1990     818036.0016     455147.1974          9.6371     155438.9064      -4841.2281          0.0000          0.0000     667438.3233        305.3879 1352000000.0000

INFO:        140          1.4000    1268228.0458     813896.8005     454331.2453          9.6093     154797.9103      -5234.7154          0.0000          0.0000     664333.6056        304.8405 1352000000.0000

INFO:        160          1.6000    1264342.0164     810678.9046     453663.1118          9.6009     154384.8191      -5021.9088          0.0000          0.0000     661315.9942        304.3922 1352000000.0000

INFO:        180          1.8000    1261374.5791     807783.9978     453590.5813          9.6075     154617.8329      -5152.3257          0.0000          0.0000     658318.4907        304.3435 1352000000.0000

INFO:        200          2.0000    1258719.2026     804365.4649     454353.7377          9.5966     154286.5677      -5310.5448          0.0000          0.0000     655389.4420        304.8555 1352000000.0000

INFO:        220          2.2000    1254142.4446     800995.6430     453146.8015          9.5788     153779.7837      -5342.8303          0.0000          0.0000     652558.6897        304.0457 1352000000.0000

INFO:        240          2.4000    1250851.1726     798210.3594     452640.8131          9.5719     153842.3011      -5426.6514          0.0000          0.0000     649794.7098        303.7062 1352000000.0000

INFO:        260          2.6000    1247051.6911     795158.3554     451893.3357          9.5535     153310.2104      -5319.8609          0.0000          0.0000     647168.0059        303.2047 1352000000.0000

INFO:        280          2.8000    1245228.9704     793088.6056     452140.3648          9.5585     153685.9093      -5232.9567          0.0000          0.0000     644635.6530        303.3704 1352000000.0000

INFO:        300          3.0000    1242280.3687     790511.8873     451768.4814          9.5527     153332.5921      -5063.3997          0.0000          0.0000     642242.6948        303.1209 1352000000.0000

INFO:        320          3.2000    1239544.9062     788587.6652     450957.2410          9.5579     153396.8057      -4752.9395          0.0000          0.0000     639943.7991        302.5766 1352000000.0000

INFO:        340          3.4000    1237577.0241     786538.1770     451038.8471          9.5556     153293.8968      -4493.4736          0.0000          0.0000     637737.7538        302.6314 1352000000.0000

INFO:        360          3.6000    1235596.4589     784830.1226     450766.3362          9.5746     153721.1957      -4485.4331          0.0000          0.0000     635594.3600        302.4485 1352000000.0000

INFO:        380          3.8000    1233656.5738     782683.2534     450973.3204          9.5676     153688.5770      -4499.3006          0.0000          0.0000     633493.9770        302.5874 1352000000.0000

INFO:        400          4.0000    1230862.6926     780363.7269     450498.9657          9.5572     153438.8656      -4554.3696          0.0000          0.0000     631479.2309        302.2691 1352000000.0000

INFO:        420          4.2000    1228169.6911     778526.8931     449642.7980          9.5496     153315.8151      -4311.6971          0.0000          0.0000     629522.7752        301.6947 1352000000.0000

INFO:        440          4.4000    1226182.8488     776978.2683     449204.5805          9.5678     153615.2792      -4295.3254          0.0000          0.0000     627658.3145        301.4006 1352000000.0000

INFO:        460          4.6000    1224598.5869     775019.9857     449578.6012          9.5634     153529.7943      -4361.0694          0.0000          0.0000     625851.2607        301.6516 1352000000.0000

INFO:        480          4.8000    1222725.9019     773124.8515     449601.0504          9.5550     153449.8318      -4410.3034          0.0000          0.0000     624085.3231        301.6667 1352000000.0000

INFO:        500          5.0000    1220638.3394     771836.2775     448802.0620          9.5645     153751.8429      -4301.4384          0.0000          0.0000     622385.8730        301.1306 1352000000.0000

INFO:        520          5.2000    1218876.8064     770478.4708     448398.3356          9.5742     153823.9758      -4110.0850          0.0000          0.0000     620764.5800        300.8597 1352000000.0000

INFO:        540          5.4000    1217765.2247     768784.3950     448980.8297          9.5597     153578.7036      -3957.5655          0.0000          0.0000     619163.2569        301.2505 1352000000.0000

INFO:        560          5.6000    1215705.3467     767265.6551     448439.6915          9.5681     153639.1465      -3977.7744          0.0000          0.0000     617604.2830        300.8874 1352000000.0000

INFO:        580          5.8000    1214337.0888     765003.6009     449333.4879          9.5388     152923.5758      -4001.2135          0.0000          0.0000     616081.2385        301.4871 1352000000.0000

INFO:        600          6.0000    1212807.6638     763776.2142     449031.4497          9.5362     152943.6272      -3777.0057          0.0000          0.0000     614609.5927        301.2845 1352000000.0000

INFO:        620          6.2000    1210573.3213     762036.5886     448536.7327          9.5306     152592.5479      -3761.1746          0.0000          0.0000     613205.2152        300.9525 1352000000.0000

INFO:        640          6.4000    1207968.6633     760505.5896     447463.0738          9.5264     152526.0823      -3843.8758          0.0000          0.0000     611823.3830        300.2321 1352000000.0000

INFO:        660          6.6000    1207406.2400     759453.9392     447952.3007          9.5333     152799.9983      -3822.0599          0.0000          0.0000     610476.0007        300.5604 1352000000.0000

INFO:        680          6.8000    1206633.4486     758591.5288     448041.9197          9.5472     153089.8772      -3681.4857          0.0000          0.0000     609183.1374        300.6205 1352000000.0000

INFO:        700          7.0000    1205158.0856     757759.3179     447398.7677          9.5488     153360.6682      -3516.4306          0.0000          0.0000     607915.0803        300.1890 1352000000.0000

INFO:        720          7.2000    1204177.1795     756076.1648     448101.0147          9.5366     152880.1290      -3506.3158          0.0000          0.0000     606702.3516        300.6602 1352000000.0000

INFO:        740          7.4000    1203426.0763     755116.4546     448309.6216          9.5437     153242.7662      -3619.2435          0.0000          0.0000     605492.9319        300.8002 1352000000.0000

INFO:        760          7.6000    1201988.0355     754139.5194     447848.5161          9.5447     153358.9971      -3520.2590          0.0000          0.0000     604300.7814        300.4908 1352000000.0000

INFO:        780          7.8000    1200954.6684     752701.2077     448253.4607          9.5401     153069.0480      -3507.9531          0.0000          0.0000     603140.1129        300.7625 1352000000.0000

INFO:        800          8.0000    1199802.8283     751700.1495     448102.6788          9.5423     153219.5860      -3514.5841          0.0000          0.0000     601995.1476        300.6613 1352000000.0000

INFO:        820          8.2000    1198998.0363     750761.7508     448236.2855          9.5508     153400.0084      -3524.0754          0.0000          0.0000     600885.8177        300.7509 1352000000.0000

INFO:        840          8.4000    1197521.4450     749351.4584     448169.9866          9.5343     152961.5128      -3433.4278          0.0000          0.0000     599823.3734        300.7065 1352000000.0000

INFO:        860          8.6000    1196438.1627     749040.5316     447397.6312          9.5409     153260.9357      -3019.8367          0.0000          0.0000     598799.4325        300.1882 1352000000.0000

INFO:        880          8.8000    1195578.2121     748017.6387     447560.5735          9.5459     153166.7123      -2921.4372          0.0000          0.0000     597772.3636        300.2976 1352000000.0000

INFO:        900          9.0000    1194512.2108     747347.6091     447164.6017          9.5586     153535.4015      -2938.8423          0.0000          0.0000     596751.0498        300.0319 1352000000.0000

INFO:        920          9.2000    1193022.2191     746126.9811     446895.2380          9.5498     153364.6605      -2992.0536          0.0000          0.0000     595754.3742        299.8512 1352000000.0000

INFO:        940          9.4000    1191977.8209     744697.0683     447280.7526          9.5319     152843.9899      -2943.0273          0.0000          0.0000     594796.1057        300.1098 1352000000.0000

INFO:        960          9.6000    1191358.2064     743803.5669     447554.6395          9.5353     152884.8150      -2918.9261          0.0000          0.0000     593837.6780        300.2936 1352000000.0000

INFO:        980          9.8000    1190505.9882     743074.3789     447431.6093          9.5394     152936.3693      -2767.9018          0.0000          0.0000     592905.9115        300.2110 1352000000.0000

INFO:       1000         10.0000    1189804.2428     742229.0378     447575.2051          9.5370     153071.5885      -2821.6271          0.0000          0.0000     591979.0764        300.3074 1352000000.0000

INFO:       1020         10.2000    1188737.5014     741030.3893     447707.1121          9.5297     152849.2284      -2880.4423          0.0000          0.0000     591061.6032        300.3959 1352000000.0000

INFO:       1040         10.4000    1188017.3229     740473.0799     447544.2431          9.5487     153270.8660      -2962.0970          0.0000          0.0000     590164.3108        300.2866 1352000000.0000

INFO:       1060         10.6000    1187154.5360     739746.9249     447407.6111          9.5426     153269.7807      -2774.0839          0.0000          0.0000     589251.2281        300.1949 1352000000.0000

INFO:       1080         10.8000    1186477.2802     739417.4185     447059.8617          9.5593     153834.8211      -2793.4193          0.0000          0.0000     588376.0167        299.9616 1352000000.0000

INFO:       1100         11.0000    1184588.5322     737696.1999     446892.3322          9.5281     152877.1866      -2689.7368          0.0000          0.0000     587508.7501        299.8492 1352000000.0000

INFO:       1120         11.2000    1183594.8557     737283.6300     446311.2257          9.5455     153222.2298      -2599.0790          0.0000          0.0000     586660.4792        299.4593 1352000000.0000

INFO:       1140         11.4000    1183955.0585     736563.8400     447391.2185          9.5497     153404.2646      -2668.8338          0.0000          0.0000     585828.4091        300.1839 1352000000.0000

INFO:       1160         11.6000    1182428.9709     735627.9508     446801.0201          9.5490     153319.7298      -2681.8803          0.0000          0.0000     584990.1013        299.7879 1352000000.0000

INFO:       1180         11.8000    1181766.2813     734707.1843     447059.0970          9.5430     153169.2656      -2657.8815          0.0000          0.0000     584195.8001        299.9611 1352000000.0000

INFO:       1200         12.0000    1181048.7145     734128.7833     446919.9313          9.5568     153418.7660      -2678.5828          0.0000          0.0000     583388.6000        299.8677 1352000000.0000

INFO:       1220         12.2000    1180309.7265     733266.6280     447043.0985          9.5521     153494.9926      -2822.3651          0.0000          0.0000     582594.0005        299.9504 1352000000.0000

INFO:       1240         12.4000    1179062.9479     732681.4876     446381.4603          9.5526     153559.5140      -2700.2904          0.0000          0.0000     581822.2639        299.5064 1352000000.0000

INFO:       1260         12.6000    1177896.1847     731958.6882     445937.4966          9.5492     153522.3649      -2631.1049          0.0000          0.0000     581067.4282        299.2085 1352000000.0000

INFO:       1280         12.8000    1177219.7288     730943.5227     446276.2061          9.5433     153119.2593      -2513.8682          0.0000          0.0000     580338.1316        299.4358 1352000000.0000

INFO:       1300         13.0000    1177083.9981     730477.0045     446606.9936          9.5489     153347.0148      -2483.6455          0.0000          0.0000     579613.6352        299.6577 1352000000.0000

INFO:       1320         13.2000    1176515.2979     730119.7748     446395.5231          9.5590     153612.6820      -2391.5900          0.0000          0.0000     578898.6829        299.5159 1352000000.0000

INFO:       1340         13.4000    1175782.2941     729419.5180     446362.7761          9.5527     153428.3600      -2226.9199          0.0000          0.0000     578218.0780        299.4939 1352000000.0000

INFO:       1360         13.6000    1174881.7994     728988.6948     445893.1045          9.5620     153689.7243      -2216.6312          0.0000          0.0000     577515.6017        299.1788 1352000000.0000

INFO:       1380         13.8000    1174374.7404     728219.8076     446154.9327          9.5643     153685.6101      -2270.7768          0.0000          0.0000     576804.9743        299.3544 1352000000.0000

INFO:       1400         14.0000    1173906.7488     727323.3766     446583.3722          9.5625     153673.5649      -2462.7476          0.0000          0.0000     576112.5593        299.6419 1352000000.0000

INFO:       1420         14.2000    1173511.1696     726836.9151     446674.2544          9.5624     153807.1413      -2399.1666          0.0000          0.0000     575428.9404        299.7029 1352000000.0000

INFO:       1440         14.4000    1172774.0436     725950.0906     446823.9530          9.5580     153340.6276      -2174.4944          0.0000          0.0000     574783.9574        299.8033 1352000000.0000

INFO:       1460         14.6000    1172214.2805     725348.9310     446865.3495          9.5597     153541.2447      -2336.6553          0.0000          0.0000     574144.3416        299.8311 1352000000.0000

INFO:       1480         14.8000    1171253.5689     724734.4933     446519.0756          9.5627     153595.3743      -2377.5274          0.0000          0.0000     573516.6464        299.5988 1352000000.0000

INFO:       1500         15.0000    1170750.3373     724616.2009     446134.1364          9.5709     153965.4954      -2258.4158          0.0000          0.0000     572909.1213        299.3405 1352000000.0000

INFO:       1520         15.2000    1170960.3765     724223.0482     446737.3283          9.5733     153899.4611      -1980.1300          0.0000          0.0000     572303.7171        299.7452 1352000000.0000

INFO:       1540         15.4000    1170580.9160     723749.4734     446831.4426          9.5708     154000.4939      -1948.1046          0.0000          0.0000     571697.0841        299.8083 1352000000.0000

INFO:       1560         15.6000    1169457.3732     722660.7027     446796.6705          9.5591     153495.3484      -1925.2161          0.0000          0.0000     571090.5704        299.7850 1352000000.0000

INFO:       1580         15.8000    1168776.8720     721923.5639     446853.3081          9.5539     153366.9392      -1929.5017          0.0000          0.0000     570486.1264        299.8230 1352000000.0000

INFO:       1600         16.0000    1167782.1541     721340.7347     446441.4195          9.5528     153447.1687      -2021.5099          0.0000          0.0000     569915.0759        299.5467 1352000000.0000

INFO:       1620         16.2000    1167410.0773     720826.9274     446583.1499          9.5585     153537.3130      -2076.6229          0.0000          0.0000     569366.2373        299.6418 1352000000.0000

INFO:       1640         16.4000    1166872.2318     719876.0867     446996.1451          9.5449     153200.1075      -2142.0568          0.0000          0.0000     568818.0360        299.9189 1352000000.0000

INFO:       1660         16.6000    1166260.7173     720049.4770     446211.2403          9.5560     153816.9793      -2035.1019          0.0000          0.0000     568267.5996        299.3922 1352000000.0000

INFO:       1680         16.8000    1165324.8138     718793.4446     446531.3692          9.5425     153113.9068      -2029.4220          0.0000          0.0000     567708.9597        299.6070 1352000000.0000

INFO:       1700         17.0000    1164565.7863     718004.6966     446561.0897          9.5369     152980.4236      -2107.7929          0.0000          0.0000     567132.0659        299.6269 1352000000.0000

INFO:       1720         17.2000    1164068.9168     717699.5930     446369.3238          9.5414     153064.6384      -1963.6569          0.0000          0.0000     566598.6114        299.4983 1352000000.0000

INFO:       1740         17.4000    1163314.8144     717768.9831     445545.8312          9.5661     153626.5335      -1925.2323          0.0000          0.0000     566067.6819        298.9457 1352000000.0000

INFO:       1760         17.6000    1163084.9400     716965.9352     446119.0049          9.5550     153334.1817      -1924.4325          0.0000          0.0000     565556.1860        299.3303 1352000000.0000

INFO:       1780         17.8000    1162490.1561     716236.8649     446253.2912          9.5389     152901.6294      -1706.0360          0.0000          0.0000     565041.2715        299.4204 1352000000.0000

INFO:       1800         18.0000    1161786.3397     715967.6301     445818.7096          9.5432     152993.7999      -1562.4474          0.0000          0.0000     564536.2775        299.1288 1352000000.0000

INFO:       1820         18.2000    1161389.9868     715325.7861     446064.2006          9.5261     152879.3305      -1558.3062          0.0000          0.0000     564004.7619        299.2936 1352000000.0000

INFO:       1840         18.4000    1160999.9450     714671.7930     446328.1520          9.5253     152742.2150      -1572.0744          0.0000          0.0000     563501.6525        299.4707 1352000000.0000

INFO:       1860         18.6000    1159716.7052     714238.3757     445478.3295          9.5220     152863.8936      -1619.8261          0.0000          0.0000     562994.3083        298.9005 1352000000.0000

INFO:       1880         18.8000    1158676.7602     713738.1961     444938.5641          9.5236     152961.1280      -1697.8779          0.0000          0.0000     562474.9460        298.5383 1352000000.0000

INFO:       1900         19.0000    1157626.6965     712932.5309     444694.1657          9.5170     152667.1672      -1701.5603          0.0000          0.0000     561966.9239        298.3743 1352000000.0000

INFO:       1920         19.2000    1157695.8589     712485.7502     445210.1088          9.5232     152979.7587      -1930.0193          0.0000          0.0000     561436.0108        298.7205 1352000000.0000

INFO:       1940         19.4000    1157591.1017     711766.1101     445824.9916          9.5244     152873.3569      -2035.1560          0.0000          0.0000     560927.9092        299.1331 1352000000.0000

INFO:       1960         19.6000    1157484.8245     711654.0172     445830.8073          9.5372     153123.8555      -1899.8592          0.0000          0.0000     560430.0208        299.1370 1352000000.0000

INFO:       1980         19.8000    1157921.8734     711484.8331     446437.0404          9.5487     153337.0174      -1814.5890          0.0000          0.0000     559962.4048        299.5437 1352000000.0000

INFO:       2000         20.0000    1157165.6430     710898.3157     446267.3273          9.5379     153104.8491      -1707.8042          0.0000          0.0000     559501.2709        299.4298 1352000000.0000

 
[STEP6] Deallocate Arrays
 
Output_Time> Averaged timer profile (Min, Max)
  total time      =     134.807
    setup         =       4.236
    dynamics      =     130.570
      energy      =      79.169
      integrator  =      37.422
      migration   =       0.000
      pairlist    =      11.883 (      11.223,      14.855)
  energy           
    bond          =       0.081 (       0.075,       0.089)
    angle         =       0.017 (       0.015,       0.020)
    dihedral      =       0.016 (       0.014,       0.019)
    base stacking =       0.000 (       0.000,       0.000)
    nonbond       =      15.614 (      14.874,      16.432)
      CG exv      =       1.208 (       1.116,       1.432)
      CG DNA bp   =       0.000 (       0.000,       0.000)
      CG DNA exv  =       0.000 (       0.000,       0.000)
      CG ele      =       9.155 (       8.692,       9.665)
      CG PWMcos   =       0.000 (       0.000,       0.000)
      CG PWMcosns =       0.000 (       0.000,       0.000)
      CG IDR-HPS  =       5.242 (       4.953,       5.497)
      CG IDR-KH   =       0.000 (       0.000,       0.000)
      CG KH       =       0.000 (       0.000,       0.000)
      Contact     =       0.007 (       0.006,       0.011)
      pme real    =       0.000 (       0.000,       0.000)
      pme recip   =       0.000 (       0.000,       0.000)
    solvation     =       0.000 (       0.000,       0.000)
      polar       =       0.000 (       0.000,       0.000)
      non-polar   =       0.000 (       0.000,       0.000)
    restraint     =       0.000 (       0.000,       0.000)
    qmmm          =       0.000 (       0.000,       0.000)
    morph         =       0.000 (       0.000,       0.000)
  integrator       
    constraint    =       0.000 (       0.000,       0.000)
    update        =       0.000 (       0.000,       0.000)
    comm_coord    =       0.000 (       0.000,       0.000)
    comm_force    =       0.000 (       0.000,       0.000)
  migration       =       0.000 (       0.000,       0.000)
    comm_migrate  =       0.000 (       0.000,       0.000)
    ptl_migrate   =       0.000 (       0.000,       0.000)
    bond_migrate  =       0.000 (       0.000,       0.000)
    angl_migrate  =       0.000 (       0.000,       0.000)
    dihe_migrate  =       0.000 (       0.000,       0.000)
    contact_migr  =       0.000 (       0.000,       0.000)
    stack_migrate =       0.000 (       0.000,       0.000)
    pwmcos_migrate =       0.000 (       0.000,       0.000)
    pwmcosns_migr  =       0.000 (       0.000,       0.000)
    nonb_update    =       0.000 (       0.000,       0.000)

