****************************************************
*                                                  *
*                  GENESIS ATDYN                   *
*                                                  *
*        A Molecular Dynamics Simulator with       *
*            Atomic Decomposition Scheme           *
*                                                  *
*               Developed by RIKEN                 *
*                                                  *
****************************************************
 
[STEP0] Architecture and Compiler Information
 
GENESIS_Information> GENESIS Information
  version      = 2.0.0
  commit ID    = $GENESIS_VERSION$
  precision    = double
  nonbonding   = CPU

Build_Information> Compiler Information
  build host   = jjwsmj@hokusai2
  fortran      = ifort (IFORT) 2021.7.1 20221019
  option       = 
  -axCORE-AVX512 -g -O3  -qmkl=parallel  -assume byterecl -qopenmp  
  C            = 
 icc: remark #10441: The Intel(R) C++ Compiler Classic (ICC) is deprecated and w
 ill be removed from product release in the second half of 2023. The Intel(R) on
 eAPI DPC++/C++ Compiler (ICX) is the recommended compiler moving forward. Pleas
 e transition to use this compiler. Use '-diag-disable=10441' to disable this me
 ssage.
  option       = -O3 -ip -axCORE-AVX2  -qopenmp 
  defined var. = 
  -DHAVE_MPI_GENESIS -DOMP -DIFORT19 -DFFTE -DLAPACK -DDSFMT_MEXP=19937 -DINTEL
  link option  = 
  -assume byterecl -lgfortran -qopenmp  -lmkl_intel_lp64 -lmkl_sequential -lmkl_
 core -lmkl_lapack95_lp64   
  MPI Compiler = Intel(R) MPI

Runtime_Information> Machine and Library Information
  date       = 2023/05/12 15:27:43
  cpu model    = Intel(R) Xeon(R) Gold 6148 CPU @ 2.40GHz
  exec. host   = jjwsmj@bwmpc0243
  LD library   = 
 /bwfefs/opt/x86_64/intel/oneapi/2022.3/mpi/2021.7.1/libfabric/lib:/bwfefs/opt/x
 86_64/intel/oneapi/2022.3/mpi/2021.7.1/lib/release:/bwfefs/opt/x86_64/intel/one
 api/2022.3/mpi/2021.7.1/lib:/bwfefs/opt/x86_64/intel/oneapi/2022.3/tbb/2021.7.1
 /lib/intel64/gcc4.8:/usr/lib64:/bwfefs/opt/x86_64/intel/oneapi/2022.3/vpl/2022.
 2.5/lib:/bwfefs/opt/x86_64/intel/oneapi/2022.3/mkl/latest/lib/intel64:/bwfefs/o
 pt/x86_64/intel/oneapi/2022.3/itac/2021.7.1/slib:/bwfefs/opt/x86_64/intel/oneap
 i/2022.3/ippcp/2021.6.2/lib/intel64:/bwfefs/opt/x86_64/intel/oneapi/2022.3/ipp/
 2021.6.2/lib/intel64:/bwfefs/opt/x86_64/intel/oneapi/2022.3/dnnl/2022.2.1/cpu_d
 pcpp_gpu_dpcpp/lib:/bwfefs/opt/x86_64/intel/oneapi/2022.3/dal/2021.7.1/lib/inte
 l64:/bwfefs/opt/x86_64/intel/oneapi/2022.3/compiler/2022.2.1/linux/compiler/lib
 :/bwfefs/opt/x86_64/intel/oneapi/2022.3/compiler/2022.2.1/linux/lib/oclfpga/hos
 t/linux64/lib:/bwfefs/opt/x86_64/intel/oneapi/2022.3/compiler/2022.2.1/linux/li
 b/oclfpga/linux64/lib:/bwfefs/opt/x86_64/intel/oneapi/2022.3/compiler/2022.2.1/
 linux/lib:/bwfefs/opt/x86_64/intel/oneapi/2022.3/compiler/2022.2.1/linux/lib/x6
 4:/bwfefs/opt/x86_64/intel/oneapi/2022.3/compiler/2022.2.1/linux/lib/emu:/bwfef
 s/opt/x86_64/intel/oneapi/2022.3/compiler/2022.2.1/linux/compiler/lib/intel64_l
 in:/bwfefs/opt/x86_64/intel/oneapi/2022.3/debugger/2021.7.1/dep/lib:/bwfefs/opt
 /x86_64/intel/oneapi/2022.3/debugger/2021.7.1/libipt/intel64/lib:/bwfefs/opt/x8
 6_64/intel/oneapi/2022.3/debugger/2021.7.1/gdb/intel64/lib:/bwfefs/opt/x86_64/
 MPI Runtime = Intel(R) MPI Library 2021.7 for Linux* OS


[STEP1] Read Control Parameters
 
Read_Ctrl_Input> Input Files
  grotopfile = pro.top
  grocrdfile = crd/pos_5000.gro
 
Read_Ctrl_Output> Output Files
 
Read_Ctrl_Energy> WARNING: "water_model" is not available
Read_Ctrl_Energy> Parameters of Energy Calculations
  forcefield      =    RESIDCG
  switchdist      =     10.000  cutoffdist      =     12.000
  pairlistdist    =     13.500  dielec_const    =      1.000
  debye           =     10.000
  vdw_force_switch=         no
  electrostatic   =  CUTOFF
  implicit_solvent=       none
  table           =         no
  water_model     =       NONE
  output_style    =    GENESIS
  dispersion_corr =       none
  nonb_limiter    =      no
  user def. table =     no
  efield_x        =           0.000
  efield_y        =           0.000
  efield_z        =           0.000
  efield_normal   =              no
  efield_virial   =              no
 
Read_Ctrl_Dynamics> Parameters of MD simulation
  integrator      =    VVER_CG  nsteps          =       2000
  timestep        =     0.0100  initial_time    =     0.0000
  eneout_period   =         20  rstout_period   =          0
  crdout_period   =          0  velout_period   =          0
  nbupdate_period =         20  stoptr_period   =         10
  qmsave_period   =          0
  iseed           =         -1
  annealing       =         no
  verbose         =         no
  target_md       =         no
  steered_md      =         no
  shrink_box      =         no
  esp_mm          =         no
 
Read_Ctrl_Constraints> Parameters for Constraints
  rigid_bond      =         no
  fixatm_select_index        =       none
 
Read_Ctrl_Ensemble> Parameters for Ensemble
  ensemble        =        NVT
  temperature     =    300.000
  tpcontrol       =   LANGEVIN
  gamma_t         =      1.000
 
Read_Ctrl_Boundary> Parameters of Boundary Condition
  type            =     PBC   
  box_size(x,y,z) =   3200.000   650.000   650.000
  pairlist_grid   =      3.000
 
Read_Ctrl_Selection> Parameters of Selection
  # of groups     =          0
  # of mole names =          0
 
Read_Ctrl_Restraints> No restraint in the system

Read_Ctrl_Fitting_MD> Parameters of Fitting
  fitting method  =  TR+ROT   
  fitting atom    = group1
  mass_weight     =         no
 
[STEP2] Setup MPI
 
Setup_Mpi_Md> Summary of Setup MPI
  number of MPI processes   =        256
  number of OpenMP threads  =          5
  total number of CPU cores =       1280

[STEP3] Set Relevant Variables and Structures
 
Read_Grotop> Summary of Grotopfile
  num_moltypes    =          1
    pos100_cg             :
      num_atoms   =        100
      num_bonds   =         99
      num_angls   =          0
      num_dihes   =          0
      num_cmaps   =          0
      num_excls   =          0
      num_constrs =          0
      num_pairs   =          0
      num_vsites2 =          0
      num_vsites3 =          0
      num_vsites4 =          0
      num_vsitesn =          0
      num_posress =          0
      num_PWMcos  =          0
      num_PWMcosns=          0
      num_IDR_HPS =          1
      num_IDR_KH  =          0
    .. not used molecule types were hidden.

  num_molecules   =       5000
    pos100_cg             :  5000

  num_atomtypes   =         33  num_bondtypes   =          0
  num_angltypes   =          0  num_dihetypes   =          0
  num_flangltypes           20
  num_fldihetypes          400
  num_constrtypes =          0  num_cmaptypes   =          0
  num_nbonparms   =          0
  num_basestacktypes  =     16
  num_basepairtypes   =      4
  num_basecrosstypes  =     32
  num_cgdnaexvtypes   =      6
  num_cgelemolpairs   =      1
  num_cg_IDR_HPS_atomtypes  =     20
  num_cg_KH_atomtypes  =    20

  num_cg_pair_MJ_eps   =   400

Define_Molecule> Summary of molecules
  num_atoms       =     500000  num_bonds       =     495000
  num_angles      =          0  num_dihedrals   =          0
  num_impropers   =          0  num_cmap_terms  =          0
  num_residues    =     500000  num_molecules   =       5000
  num_segments    =          1  num_deg_freedom =    1500000
  total_charge    = 500000.000
 
Update_Num_Deg_Freedom> Number of degrees of freedom was updated
  num_deg_freedom =    1499997 (After removing translation)
 
Setup_Boundary> Setup Variables for Boundary Condition
  box_size(x,y,z) =   3200.000   650.000   650.000
  origin(x,y,z)   =      0.000     0.000     0.000
 
Random_Init> Initialize the random number
  seed            = 749785

Define_Enefunc_Gromacs> Number of Interactions in Each Term
  bond_ene        =     495000  angle_ene       =          0
  torsion_ene     =          0  rb_torsion_ene  =          0
  improper_ene    =          0
  nb_exclusions   =     495000  nb14_calc       =          0
  vsite2_ene      =          0  vsite3_ene      =          0
  vsite3fd_ene    =          0  vsite3fad_ene   =          0
  vsite3out_ene   =          0  vsite4fdn_ene   =          0
  vsiten_ene      =          0
 restraint_groups =          0 restraint_funcs  =          0
 
Get_Morph_in> Morphing check
  morphing_bb     =          0  morphing_sc     =          0
 
Setup_Fitting_Atdyn> NO fitting is applied, skip
  fitting method  =  NO
 
[STEP4] Compute Single Point Energy for Molecules
 
            STEP          ENERGY            BOND  NATIVE_CONTACT NON-NATIVE_CONT           ELECT         IDR_HPS          CG_EXV
 --------------- --------------- --------------- --------------- ---------------
               0     853902.2916     170690.3546          0.0000          0.0000     681472.3800       1739.5570          0.0000

[STEP5] Perform Molecular Dynamics Simulation
 
Generate_Velocity> Generate initial velocities
  iseed           =     749785
  temperature     =    300.000
 
Random_Init_Velocity> Initialize the random number
  seed            = 749785

INFO:       STEP            TIME       TOTAL_ENE   POTENTIAL_ENE     KINETIC_ENE            RMSG            BOND         IDR_HPS  NATIVE_CONTACT          CG_EXV           ELECT     TEMPERATURE          VOLUME
 --------------- --------------- --------------- --------------- ---------------
INFO:          0          0.0000    1299934.8352     853902.2916     446032.5436         10.1780     170690.3546       1739.5570          0.0000          0.0000     681472.3800        299.2723 1352000000.0000

Random_Init> Initialize the random number
  seed            = 1780427969

INFO:         20          0.2000    1294281.1097     842926.3016     451354.8080          9.8822     161637.5271        599.6834          0.0000          0.0000     680689.0911        302.8434 1352000000.0000

INFO:         40          0.4000    1290948.8234     837621.5617     453327.2617          9.8055     160022.5153      -1230.2411          0.0000          0.0000     678829.2874        304.1668 1352000000.0000

INFO:         60          0.6000    1286772.9827     831938.4747     454834.5080          9.7449     158473.1166      -2823.2901          0.0000          0.0000     676288.6482        305.1781 1352000000.0000

INFO:         80          0.8000    1282275.6808     826366.1446     455909.5362          9.6948     156790.8976      -3805.9963          0.0000          0.0000     673381.2433        305.8994 1352000000.0000

INFO:        100          1.0000    1277756.6311     822295.4204     455461.2107          9.6695     156270.9289      -4300.5445          0.0000          0.0000     670325.0359        305.5986 1352000000.0000

INFO:        120          1.2000    1274016.9823     818145.6519     455871.3304          9.6403     155616.3185      -4673.5988          0.0000          0.0000     667202.9323        305.8738 1352000000.0000

INFO:        140          1.4000    1269566.2784     814410.7578     455155.5206          9.6252     155232.4915      -4933.2575          0.0000          0.0000     664111.5237        305.3935 1352000000.0000

INFO:        160          1.6000    1265343.7446     811185.9389     454157.8056          9.6325     155168.0346      -5056.5773          0.0000          0.0000     661074.4816        304.7241 1352000000.0000

INFO:        180          1.8000    1262013.2223     807494.3665     454518.8559          9.6053     154405.4862      -5023.8245          0.0000          0.0000     658112.7047        304.9663 1352000000.0000

INFO:        200          2.0000    1257795.7291     804286.8802     453508.8489          9.5917     154297.3722      -5217.6637          0.0000          0.0000     655207.1718        304.2887 1352000000.0000

INFO:        220          2.2000    1254310.1656     800828.0836     453482.0821          9.5700     153692.8113      -5264.3292          0.0000          0.0000     652399.6015        304.2707 1352000000.0000

INFO:        240          2.4000    1251245.7004     798214.8872     453030.8132          9.5671     153510.3883      -5021.2625          0.0000          0.0000     649725.7614        303.9679 1352000000.0000

INFO:        260          2.6000    1248280.6446     795778.5219     452502.1227          9.5628     153429.6112      -4787.1676          0.0000          0.0000     647136.0783        303.6132 1352000000.0000

INFO:        280          2.8000    1246093.1709     793163.5141     452929.6568          9.5566     153366.8745      -4839.3475          0.0000          0.0000     644635.9870        303.9000 1352000000.0000

INFO:        300          3.0000    1243126.3254     790992.1966     452134.1289          9.5598     153595.2427      -4821.4301          0.0000          0.0000     642218.3840        303.3663 1352000000.0000

INFO:        320          3.2000    1239831.4409     788909.1046     450922.3363          9.5591     153699.6665      -4683.0367          0.0000          0.0000     639892.4747        302.5532 1352000000.0000

INFO:        340          3.4000    1237381.5405     786343.9716     451037.5690          9.5559     153306.4166      -4603.8078          0.0000          0.0000     637641.3627        302.6305 1352000000.0000

INFO:        360          3.6000    1235341.4892     784538.6155     450802.8737          9.5661     153706.9086      -4627.1255          0.0000          0.0000     635458.8325        302.4730 1352000000.0000

INFO:        380          3.8000    1232906.0660     782360.2240     450545.8420          9.5626     153581.0972      -4603.6634          0.0000          0.0000     633382.7901        302.3006 1352000000.0000

INFO:        400          4.0000    1230991.2847     779777.3851     451213.8997          9.5381     152844.1889      -4456.9670          0.0000          0.0000     631390.1632        302.7488 1352000000.0000

INFO:        420          4.2000    1229343.7019     779128.2447     450215.4573          9.5703     154089.8594      -4394.1163          0.0000          0.0000     629432.5015        302.0789 1352000000.0000

INFO:        440          4.4000    1226910.3289     776591.4296     450318.8993          9.5501     153297.4468      -4238.4559          0.0000          0.0000     627532.4388        302.1483 1352000000.0000

INFO:        460          4.6000    1225053.1679     775182.7189     449870.4491          9.5551     153558.1736      -4065.3292          0.0000          0.0000     625689.8744        301.8474 1352000000.0000

INFO:        480          4.8000    1223152.0019     773019.4742     450132.5277          9.5453     153192.8096      -4070.6673          0.0000          0.0000     623897.3319        302.0233 1352000000.0000

INFO:        500          5.0000    1221726.0247     771333.6331     450392.3916          9.5456     153340.7933      -4179.5064          0.0000          0.0000     622172.3462        302.1976 1352000000.0000

INFO:        520          5.2000    1219286.6174     769824.7658     449461.8516          9.5501     153444.7548      -4144.2211          0.0000          0.0000     620524.2321        301.5733 1352000000.0000

INFO:        540          5.4000    1217548.6796     768299.8410     449248.8386          9.5460     153386.4818      -4016.9257          0.0000          0.0000     618930.2849        301.4303 1352000000.0000

INFO:        560          5.6000    1215939.3248     767156.3520     448782.9727          9.5523     153579.7430      -3807.3567          0.0000          0.0000     617383.9657        301.1178 1352000000.0000

INFO:        580          5.8000    1213932.8973     765226.9062     448705.9912          9.5348     153131.7224      -3780.0877          0.0000          0.0000     615875.2715        301.0661 1352000000.0000

INFO:        600          6.0000    1212377.1001     763841.9052     448535.1950          9.5430     153200.0891      -3747.2924          0.0000          0.0000     614389.1084        300.9515 1352000000.0000

INFO:        620          6.2000    1210787.6219     762514.8288     448272.7932          9.5460     153244.3650      -3669.8719          0.0000          0.0000     612940.3357        300.7754 1352000000.0000

INFO:        640          6.4000    1208661.4847     760636.1746     448025.3101          9.5359     152888.1521      -3786.4328          0.0000          0.0000     611534.4553        300.6094 1352000000.0000

INFO:        660          6.6000    1206612.2089     758753.6055     447858.6033          9.5198     152349.6765      -3786.6521          0.0000          0.0000     610190.5812        300.4975 1352000000.0000

INFO:        680          6.8000    1205377.3484     757757.3349     447620.0135          9.5245     152609.3986      -3734.3336          0.0000          0.0000     608882.2699        300.3375 1352000000.0000

INFO:        700          7.0000    1204778.0515     756960.8634     447817.1882          9.5410     153251.9440      -3878.4673          0.0000          0.0000     607587.3867        300.4697 1352000000.0000

INFO:        720          7.2000    1203530.6636     755404.7837     448125.8799          9.5356     152907.6136      -3851.7119          0.0000          0.0000     606348.8820        300.6769 1352000000.0000

INFO:        740          7.4000    1202501.6498     755045.1644     447456.4854          9.5503     153511.4802      -3625.5541          0.0000          0.0000     605159.2383        300.2277 1352000000.0000

INFO:        760          7.6000    1200947.5578     753323.7828     447623.7750          9.5215     152845.1122      -3512.7667          0.0000          0.0000     603991.4373        300.3400 1352000000.0000

INFO:        780          7.8000    1200239.2649     752808.6877     447430.5772          9.5441     153306.6586      -3338.6347          0.0000          0.0000     602840.6638        300.2103 1352000000.0000

INFO:        800          8.0000    1199372.5294     751337.5846     448034.9448          9.5306     152884.9907      -3252.9247          0.0000          0.0000     601705.5186        300.6159 1352000000.0000

INFO:        820          8.2000    1198298.8484     750973.1062     447325.7422          9.5480     153472.0518      -3093.6521          0.0000          0.0000     600594.7065        300.1400 1352000000.0000

INFO:        840          8.4000    1196783.3068     749599.1040     447184.2028          9.5274     152880.0680      -2786.6199          0.0000          0.0000     599505.6559        300.0450 1352000000.0000

INFO:        860          8.6000    1195587.3174     748395.8117     447191.5057          9.5285     152897.4842      -2914.0168          0.0000          0.0000     598412.3444        300.0499 1352000000.0000

INFO:        880          8.8000    1194962.6247     747513.1541     447449.4706          9.5425     153168.4342      -2997.0182          0.0000          0.0000     597341.7381        300.2230 1352000000.0000

INFO:        900          9.0000    1194251.9330     746388.4033     447863.5297          9.5468     153097.2410      -3010.4495          0.0000          0.0000     596301.6118        300.5008 1352000000.0000

INFO:        920          9.2000    1193187.3061     745749.5891     447437.7171          9.5535     153511.4870      -3030.1001          0.0000          0.0000     595268.2021        300.2151 1352000000.0000

INFO:        940          9.4000    1191819.7543     744287.9912     447531.7631          9.5449     153171.2372      -3135.7579          0.0000          0.0000     594252.5118        300.2782 1352000000.0000

INFO:        960          9.6000    1190613.1866     743680.8551     446932.3315          9.5470     153428.7067      -3013.9427          0.0000          0.0000     593266.0911        299.8760 1352000000.0000

INFO:        980          9.8000    1190468.1106     743090.5294     447377.5812          9.5547     153393.2571      -2627.8178          0.0000          0.0000     592325.0901        300.1748 1352000000.0000

INFO:       1000         10.0000    1189428.3044     742430.1608     446998.1436          9.5594     153637.9125      -2599.4990          0.0000          0.0000     591391.7473        299.9202 1352000000.0000

INFO:       1020         10.2000    1188380.5507     740986.9169     447393.6339          9.5351     153161.5806      -2638.3718          0.0000          0.0000     590463.7081        300.1856 1352000000.0000

INFO:       1040         10.4000    1188109.3900     739797.8890     448311.5010          9.5311     152880.6602      -2636.5517          0.0000          0.0000     589553.7805        300.8014 1352000000.0000

INFO:       1060         10.6000    1187427.5107     739685.8667     447741.6440          9.5498     153441.4623      -2432.2962          0.0000          0.0000     588676.7006        300.4191 1352000000.0000

INFO:       1080         10.8000    1186072.2416     738655.4081     447416.8334          9.5510     153412.3423      -2556.9515          0.0000          0.0000     587800.0173        300.2011 1352000000.0000

INFO:       1100         11.0000    1185096.9906     737569.6560     447527.3346          9.5429     153271.7520      -2642.2041          0.0000          0.0000     586940.1081        300.2753 1352000000.0000

INFO:       1120         11.2000    1183992.2969     736990.5301     447001.7669          9.5470     153278.5219      -2375.4303          0.0000          0.0000     586087.4385        299.9226 1352000000.0000

INFO:       1140         11.4000    1183185.4748     735951.2021     447234.2727          9.5426     153112.2840      -2394.9462          0.0000          0.0000     585233.8643        300.0786 1352000000.0000

INFO:       1160         11.6000    1182683.6482     735370.8352     447312.8130          9.5504     153479.4098      -2494.7523          0.0000          0.0000     584386.1777        300.1313 1352000000.0000

INFO:       1180         11.8000    1181996.8887     734716.5929     447280.2958          9.5577     153681.9387      -2544.5067          0.0000          0.0000     583579.1609        300.1095 1352000000.0000

INFO:       1200         12.0000    1180911.6681     733937.1672     446974.5010          9.5651     153684.1496      -2536.3390          0.0000          0.0000     582789.3565        299.9043 1352000000.0000

INFO:       1220         12.2000    1179791.6368     733065.4907     446726.1461          9.5562     153532.3340      -2476.7901          0.0000          0.0000     582009.9468        299.7377 1352000000.0000

INFO:       1240         12.4000    1178934.4910     732111.6187     446822.8724          9.5503     153339.4559      -2486.4541          0.0000          0.0000     581258.6168        299.8026 1352000000.0000

INFO:       1260         12.6000    1178097.7588     731853.1108     446244.6480          9.5643     153784.6122      -2421.6885          0.0000          0.0000     580490.1870        299.4146 1352000000.0000

INFO:       1280         12.8000    1177448.9584     731126.0509     446322.9075          9.5609     153736.7210      -2337.3440          0.0000          0.0000     579726.6740        299.4671 1352000000.0000

INFO:       1300         13.0000    1176568.6581     729805.3895     446763.2686          9.5393     153140.5092      -2305.7080          0.0000          0.0000     578970.5883        299.7626 1352000000.0000

INFO:       1320         13.2000    1176090.3542     729545.6851     446544.6692          9.5539     153598.5718      -2285.5100          0.0000          0.0000     578232.6233        299.6159 1352000000.0000

INFO:       1340         13.4000    1175518.2235     728852.7478     446665.4758          9.5579     153556.8183      -2224.3662          0.0000          0.0000     577520.2956        299.6970 1352000000.0000

INFO:       1360         13.6000    1175044.6295     728117.9937     446926.6358          9.5606     153592.4170      -2280.2343          0.0000          0.0000     576805.8110        299.8722 1352000000.0000

INFO:       1380         13.8000    1173954.0661     727375.0787     446578.9875          9.5534     153563.0654      -2294.9898          0.0000          0.0000     576107.0031        299.6390 1352000000.0000

INFO:       1400         14.0000    1173686.8586     726744.4968     446942.3618          9.5558     153514.6207      -2195.4704          0.0000          0.0000     575425.3465        299.8828 1352000000.0000

INFO:       1420         14.2000    1172717.5877     725730.4254     446987.1623          9.5391     153224.1643      -2239.1924          0.0000          0.0000     574745.4535        299.9128 1352000000.0000

INFO:       1440         14.4000    1171770.6888     725410.2596     446360.4292          9.5462     153492.3693      -2155.9640          0.0000          0.0000     574073.8543        299.4923 1352000000.0000

INFO:       1460         14.6000    1171213.7581     724354.1285     446859.6297          9.5411     153017.5547      -2069.5432          0.0000          0.0000     573406.1170        299.8273 1352000000.0000

INFO:       1480         14.8000    1170703.0145     724281.8414     446421.1731          9.5546     153563.2250      -2028.8309          0.0000          0.0000     572747.4473        299.5331 1352000000.0000

INFO:       1500         15.0000    1169832.8177     723511.8631     446320.9546          9.5538     153635.6875      -2221.2646          0.0000          0.0000     572097.4402        299.4658 1352000000.0000

INFO:       1520         15.2000    1169001.9143     722507.0800     446494.8343          9.5383     153289.4414      -2258.4748          0.0000          0.0000     571476.1134        299.5825 1352000000.0000

INFO:       1540         15.4000    1168444.8937     722141.5589     446303.3348          9.5380     153323.1828      -2051.9560          0.0000          0.0000     570870.3321        299.4540 1352000000.0000

INFO:       1560         15.6000    1168045.5879     721699.5568     446346.0311          9.5490     153553.1708      -2098.5717          0.0000          0.0000     570244.9577        299.4827 1352000000.0000

INFO:       1580         15.8000    1167376.1722     721115.1578     446261.0144          9.5494     153393.0695      -1907.2901          0.0000          0.0000     569629.3784        299.4256 1352000000.0000

INFO:       1600         16.0000    1166776.9794     720494.1367     446282.8427          9.5431     153367.3892      -1898.1068          0.0000          0.0000     569024.8544        299.4403 1352000000.0000

INFO:       1620         16.2000    1166366.3164     719870.2558     446496.0606          9.5500     153298.0853      -1880.5288          0.0000          0.0000     568452.6994        299.5833 1352000000.0000

INFO:       1640         16.4000    1165578.9463     719180.9044     446398.0419          9.5474     153074.1367      -1790.4709          0.0000          0.0000     567897.2386        299.5175 1352000000.0000

INFO:       1660         16.6000    1164605.5837     719157.2078     445448.3759          9.5549     153474.3966      -1674.5052          0.0000          0.0000     567357.3165        298.8804 1352000000.0000

INFO:       1680         16.8000    1163998.2775     718225.0420     445773.2355          9.5426     153160.7679      -1772.6659          0.0000          0.0000     566836.9400        299.0983 1352000000.0000

INFO:       1700         17.0000    1163536.7484     717634.2855     445902.4630          9.5503     153227.5403      -1899.6967          0.0000          0.0000     566306.4419        299.1850 1352000000.0000

INFO:       1720         17.2000    1163067.4708     717033.7989     446033.6719          9.5397     153087.9386      -1833.3386          0.0000          0.0000     565779.1989        299.2731 1352000000.0000

INFO:       1740         17.4000    1162426.6402     716505.2507     445921.3896          9.5370     153089.6381      -1816.3536          0.0000          0.0000     565231.9661        299.1977 1352000000.0000

INFO:       1760         17.6000    1162786.7126     715949.2863     446837.4262          9.5421     153033.4289      -1779.7592          0.0000          0.0000     564695.6167        299.8124 1352000000.0000

INFO:       1780         17.8000    1162664.3548     715628.7716     447035.5832          9.5477     153225.8752      -1746.1035          0.0000          0.0000     564148.9999        299.9453 1352000000.0000

INFO:       1800         18.0000    1161523.8590     714881.4989     446642.3601          9.5421     152890.8449      -1639.2769          0.0000          0.0000     563629.9309        299.6815 1352000000.0000

INFO:       1820         18.2000    1161178.7913     714974.7178     446204.0735          9.5523     153444.3969      -1579.0798          0.0000          0.0000     563109.4007        299.3874 1352000000.0000

INFO:       1840         18.4000    1160302.3038     713968.4177     446333.8861          9.5497     153023.7901      -1653.3684          0.0000          0.0000     562597.9960        299.4745 1352000000.0000

INFO:       1860         18.6000    1160725.8216     714509.7615     446216.0601          9.5759     154055.8586      -1649.0391          0.0000          0.0000     562102.9419        299.3954 1352000000.0000

INFO:       1880         18.8000    1160551.6643     713952.1450     446599.5193          9.5724     153982.2783      -1638.9938          0.0000          0.0000     561608.8605        299.6527 1352000000.0000

INFO:       1900         19.0000    1159977.7766     713492.2896     446485.4870          9.5695     154012.4024      -1640.0516          0.0000          0.0000     561119.9387        299.5762 1352000000.0000

INFO:       1920         19.2000    1159244.6140     712972.1132     446272.5009          9.5653     153759.3872      -1425.5337          0.0000          0.0000     560638.2597        299.4333 1352000000.0000

INFO:       1940         19.4000    1158639.9407     712673.0084     445966.9323          9.5614     153743.1820      -1210.2593          0.0000          0.0000     560140.0857        299.2283 1352000000.0000

INFO:       1960         19.6000    1157749.2806     711646.7772     446102.5034          9.5485     153354.6020      -1318.7535          0.0000          0.0000     559610.9287        299.3193 1352000000.0000

INFO:       1980         19.8000    1157644.5013     711214.2241     446430.2773          9.5620     153682.8840      -1540.5088          0.0000          0.0000     559071.8489        299.5392 1352000000.0000

INFO:       2000         20.0000    1157484.9942     710458.4784     447026.5158          9.5486     153419.6660      -1508.1333          0.0000          0.0000     558546.9457        299.9392 1352000000.0000

 
[STEP6] Deallocate Arrays
 
Output_Time> Averaged timer profile (Min, Max)
  total time      =     134.181
    setup         =       4.060
    dynamics      =     130.121
      energy      =      78.888
      integrator  =      37.282
      migration   =       0.000
      pairlist    =      11.884 (      10.996,      14.884)
  energy           
    bond          =       0.081 (       0.075,       0.097)
    angle         =       0.017 (       0.015,       0.020)
    dihedral      =       0.016 (       0.013,       0.020)
    base stacking =       0.000 (       0.000,       0.000)
    nonbond       =      15.668 (      14.876,      17.007)
      CG exv      =       1.216 (       1.118,       1.441)
      CG DNA bp   =       0.000 (       0.000,       0.000)
      CG DNA exv  =       0.000 (       0.000,       0.000)
      CG ele      =       9.183 (       8.705,       9.844)
      CG PWMcos   =       0.000 (       0.000,       0.000)
      CG PWMcosns =       0.000 (       0.000,       0.000)
      CG IDR-HPS  =       5.259 (       4.961,       5.730)
      CG IDR-KH   =       0.000 (       0.000,       0.000)
      CG KH       =       0.000 (       0.000,       0.000)
      Contact     =       0.007 (       0.006,       0.010)
      pme real    =       0.000 (       0.000,       0.000)
      pme recip   =       0.000 (       0.000,       0.000)
    solvation     =       0.000 (       0.000,       0.000)
      polar       =       0.000 (       0.000,       0.000)
      non-polar   =       0.000 (       0.000,       0.000)
    restraint     =       0.000 (       0.000,       0.000)
    qmmm          =       0.000 (       0.000,       0.000)
    morph         =       0.000 (       0.000,       0.000)
  integrator       
    constraint    =       0.000 (       0.000,       0.000)
    update        =       0.000 (       0.000,       0.000)
    comm_coord    =       0.000 (       0.000,       0.000)
    comm_force    =       0.000 (       0.000,       0.000)
  migration       =       0.000 (       0.000,       0.000)
    comm_migrate  =       0.000 (       0.000,       0.000)
    ptl_migrate   =       0.000 (       0.000,       0.000)
    bond_migrate  =       0.000 (       0.000,       0.000)
    angl_migrate  =       0.000 (       0.000,       0.000)
    dihe_migrate  =       0.000 (       0.000,       0.000)
    contact_migr  =       0.000 (       0.000,       0.000)
    stack_migrate =       0.000 (       0.000,       0.000)
    pwmcos_migrate =       0.000 (       0.000,       0.000)
    pwmcosns_migr  =       0.000 (       0.000,       0.000)
    nonb_update    =       0.000 (       0.000,       0.000)

