****************************************************
*                                                  *
*                  GENESIS ATDYN                   *
*                                                  *
*        A Molecular Dynamics Simulator with       *
*            Atomic Decomposition Scheme           *
*                                                  *
*               Developed by RIKEN                 *
*                                                  *
****************************************************
 
[STEP0] Architecture and Compiler Information
 
GENESIS_Information> GENESIS Information
  version      = 2.0.0
  commit ID    = $GENESIS_VERSION$
  precision    = double
  nonbonding   = CPU

Build_Information> Compiler Information
  build host   = jjwsmj@hokusai2
  fortran      = ifort (IFORT) 2021.7.1 20221019
  option       = 
  -axCORE-AVX512 -g -O3  -qmkl=parallel  -assume byterecl -qopenmp  
  C            = 
 icc: remark #10441: The Intel(R) C++ Compiler Classic (ICC) is deprecated and w
 ill be removed from product release in the second half of 2023. The Intel(R) on
 eAPI DPC++/C++ Compiler (ICX) is the recommended compiler moving forward. Pleas
 e transition to use this compiler. Use '-diag-disable=10441' to disable this me
 ssage.
  option       = -O3 -ip -axCORE-AVX2  -qopenmp 
  defined var. = 
  -DHAVE_MPI_GENESIS -DOMP -DIFORT19 -DFFTE -DLAPACK -DDSFMT_MEXP=19937 -DINTEL
  link option  = 
  -assume byterecl -lgfortran -qopenmp  -lmkl_intel_lp64 -lmkl_sequential -lmkl_
 core -lmkl_lapack95_lp64   
  MPI Compiler = Intel(R) MPI

Runtime_Information> Machine and Library Information
  date       = 2023/05/12 15:32:29
  cpu model    = Intel(R) Xeon(R) Gold 6148 CPU @ 2.40GHz
  exec. host   = jjwsmj@bwmpc0140
  LD library   = 
 /bwfefs/opt/x86_64/intel/oneapi/2022.3/mpi/2021.7.1/libfabric/lib:/bwfefs/opt/x
 86_64/intel/oneapi/2022.3/mpi/2021.7.1/lib/release:/bwfefs/opt/x86_64/intel/one
 api/2022.3/mpi/2021.7.1/lib:/bwfefs/opt/x86_64/intel/oneapi/2022.3/tbb/2021.7.1
 /lib/intel64/gcc4.8:/usr/lib64:/bwfefs/opt/x86_64/intel/oneapi/2022.3/vpl/2022.
 2.5/lib:/bwfefs/opt/x86_64/intel/oneapi/2022.3/mkl/latest/lib/intel64:/bwfefs/o
 pt/x86_64/intel/oneapi/2022.3/itac/2021.7.1/slib:/bwfefs/opt/x86_64/intel/oneap
 i/2022.3/ippcp/2021.6.2/lib/intel64:/bwfefs/opt/x86_64/intel/oneapi/2022.3/ipp/
 2021.6.2/lib/intel64:/bwfefs/opt/x86_64/intel/oneapi/2022.3/dnnl/2022.2.1/cpu_d
 pcpp_gpu_dpcpp/lib:/bwfefs/opt/x86_64/intel/oneapi/2022.3/dal/2021.7.1/lib/inte
 l64:/bwfefs/opt/x86_64/intel/oneapi/2022.3/compiler/2022.2.1/linux/compiler/lib
 :/bwfefs/opt/x86_64/intel/oneapi/2022.3/compiler/2022.2.1/linux/lib/oclfpga/hos
 t/linux64/lib:/bwfefs/opt/x86_64/intel/oneapi/2022.3/compiler/2022.2.1/linux/li
 b/oclfpga/linux64/lib:/bwfefs/opt/x86_64/intel/oneapi/2022.3/compiler/2022.2.1/
 linux/lib:/bwfefs/opt/x86_64/intel/oneapi/2022.3/compiler/2022.2.1/linux/lib/x6
 4:/bwfefs/opt/x86_64/intel/oneapi/2022.3/compiler/2022.2.1/linux/lib/emu:/bwfef
 s/opt/x86_64/intel/oneapi/2022.3/compiler/2022.2.1/linux/compiler/lib/intel64_l
 in:/bwfefs/opt/x86_64/intel/oneapi/2022.3/debugger/2021.7.1/dep/lib:/bwfefs/opt
 /x86_64/intel/oneapi/2022.3/debugger/2021.7.1/libipt/intel64/lib:/bwfefs/opt/x8
 6_64/intel/oneapi/2022.3/debugger/2021.7.1/gdb/intel64/lib:/bwfefs/opt/x86_64/
 MPI Runtime = Intel(R) MPI Library 2021.7 for Linux* OS


[STEP1] Read Control Parameters
 
Read_Ctrl_Input> Input Files
  grotopfile = pro.top
  grocrdfile = crd/pos_5000.gro
 
Read_Ctrl_Output> Output Files
 
Read_Ctrl_Energy> WARNING: "water_model" is not available
Read_Ctrl_Energy> Parameters of Energy Calculations
  forcefield      =    RESIDCG
  switchdist      =     10.000  cutoffdist      =     12.000
  pairlistdist    =     13.500  dielec_const    =      1.000
  debye           =     10.000
  vdw_force_switch=         no
  electrostatic   =  CUTOFF
  implicit_solvent=       none
  table           =         no
  water_model     =       NONE
  output_style    =    GENESIS
  dispersion_corr =       none
  nonb_limiter    =      no
  user def. table =     no
  efield_x        =           0.000
  efield_y        =           0.000
  efield_z        =           0.000
  efield_normal   =              no
  efield_virial   =              no
 
Read_Ctrl_Dynamics> Parameters of MD simulation
  integrator      =    VVER_CG  nsteps          =       2000
  timestep        =     0.0100  initial_time    =     0.0000
  eneout_period   =         20  rstout_period   =          0
  crdout_period   =          0  velout_period   =          0
  nbupdate_period =         20  stoptr_period   =         10
  qmsave_period   =          0
  iseed           =         -1
  annealing       =         no
  verbose         =         no
  target_md       =         no
  steered_md      =         no
  shrink_box      =         no
  esp_mm          =         no
 
Read_Ctrl_Constraints> Parameters for Constraints
  rigid_bond      =         no
  fixatm_select_index        =       none
 
Read_Ctrl_Ensemble> Parameters for Ensemble
  ensemble        =        NVT
  temperature     =    300.000
  tpcontrol       =   LANGEVIN
  gamma_t         =      1.000
 
Read_Ctrl_Boundary> Parameters of Boundary Condition
  type            =     PBC   
  box_size(x,y,z) =   3200.000   650.000   650.000
  pairlist_grid   =      3.000
 
Read_Ctrl_Selection> Parameters of Selection
  # of groups     =          0
  # of mole names =          0
 
Read_Ctrl_Restraints> No restraint in the system

Read_Ctrl_Fitting_MD> Parameters of Fitting
  fitting method  =  TR+ROT   
  fitting atom    = group1
  mass_weight     =         no
 
[STEP2] Setup MPI
 
Setup_Mpi_Md> Summary of Setup MPI
  number of MPI processes   =         32
  number of OpenMP threads  =          5
  total number of CPU cores =        160

[STEP3] Set Relevant Variables and Structures
 
Read_Grotop> Summary of Grotopfile
  num_moltypes    =          1
    pos100_cg             :
      num_atoms   =        100
      num_bonds   =         99
      num_angls   =          0
      num_dihes   =          0
      num_cmaps   =          0
      num_excls   =          0
      num_constrs =          0
      num_pairs   =          0
      num_vsites2 =          0
      num_vsites3 =          0
      num_vsites4 =          0
      num_vsitesn =          0
      num_posress =          0
      num_PWMcos  =          0
      num_PWMcosns=          0
      num_IDR_HPS =          1
      num_IDR_KH  =          0
    .. not used molecule types were hidden.

  num_molecules   =       5000
    pos100_cg             :  5000

  num_atomtypes   =         33  num_bondtypes   =          0
  num_angltypes   =          0  num_dihetypes   =          0
  num_flangltypes           20
  num_fldihetypes          400
  num_constrtypes =          0  num_cmaptypes   =          0
  num_nbonparms   =          0
  num_basestacktypes  =     16
  num_basepairtypes   =      4
  num_basecrosstypes  =     32
  num_cgdnaexvtypes   =      6
  num_cgelemolpairs   =      1
  num_cg_IDR_HPS_atomtypes  =     20
  num_cg_KH_atomtypes  =    20

  num_cg_pair_MJ_eps   =   400

Define_Molecule> Summary of molecules
  num_atoms       =     500000  num_bonds       =     495000
  num_angles      =          0  num_dihedrals   =          0
  num_impropers   =          0  num_cmap_terms  =          0
  num_residues    =     500000  num_molecules   =       5000
  num_segments    =          1  num_deg_freedom =    1500000
  total_charge    = 500000.000
 
Update_Num_Deg_Freedom> Number of degrees of freedom was updated
  num_deg_freedom =    1499997 (After removing translation)
 
Setup_Boundary> Setup Variables for Boundary Condition
  box_size(x,y,z) =   3200.000   650.000   650.000
  origin(x,y,z)   =      0.000     0.000     0.000
 
Random_Init> Initialize the random number
  seed            = 134535

Define_Enefunc_Gromacs> Number of Interactions in Each Term
  bond_ene        =     495000  angle_ene       =          0
  torsion_ene     =          0  rb_torsion_ene  =          0
  improper_ene    =          0
  nb_exclusions   =     495000  nb14_calc       =          0
  vsite2_ene      =          0  vsite3_ene      =          0
  vsite3fd_ene    =          0  vsite3fad_ene   =          0
  vsite3out_ene   =          0  vsite4fdn_ene   =          0
  vsiten_ene      =          0
 restraint_groups =          0 restraint_funcs  =          0
 
Get_Morph_in> Morphing check
  morphing_bb     =          0  morphing_sc     =          0
 
Setup_Fitting_Atdyn> NO fitting is applied, skip
  fitting method  =  NO
 
[STEP4] Compute Single Point Energy for Molecules
 
            STEP          ENERGY            BOND  NATIVE_CONTACT NON-NATIVE_CONT           ELECT         IDR_HPS          CG_EXV
 --------------- --------------- --------------- --------------- ---------------
               0     853902.2916     170690.3546          0.0000          0.0000     681472.3800       1739.5570          0.0000

[STEP5] Perform Molecular Dynamics Simulation
 
Generate_Velocity> Generate initial velocities
  iseed           =     134535
  temperature     =    300.000
 
Random_Init_Velocity> Initialize the random number
  seed            = 134535

INFO:       STEP            TIME       TOTAL_ENE   POTENTIAL_ENE     KINETIC_ENE            RMSG            BOND         IDR_HPS  NATIVE_CONTACT          CG_EXV           ELECT     TEMPERATURE          VOLUME
 --------------- --------------- --------------- --------------- ---------------
INFO:          0          0.0000    1301246.6344     853902.2916     447344.3428         10.1780     170690.3546       1739.5570          0.0000          0.0000     681472.3800        300.1525 1352000000.0000

Random_Init> Initialize the random number
  seed            = 1998791605

INFO:         20          0.2000    1295019.1103     843129.5350     451889.5753          9.8818     161666.6640        773.6761          0.0000          0.0000     680689.1949        303.2022 1352000000.0000

INFO:         40          0.4000    1291328.2263     836955.3777     454372.8487          9.7873     159365.8514      -1197.8366          0.0000          0.0000     678787.3629        304.8684 1352000000.0000

INFO:         60          0.6000    1286580.1100     831386.3152     455193.7948          9.7233     157857.6164      -2688.7755          0.0000          0.0000     676217.4743        305.4192 1352000000.0000

INFO:         80          0.8000    1281448.0063     825779.4732     455668.5331          9.6745     156461.3078      -3947.9216          0.0000          0.0000     673266.0870        305.7377 1352000000.0000

INFO:        100          1.0000    1277494.9000     821659.3305     455835.5695          9.6528     155981.8827      -4520.5983          0.0000          0.0000     670198.0460        305.8498 1352000000.0000

INFO:        120          1.2000    1272834.3897     817526.2846     455308.1051          9.6362     155402.9248      -4997.3468          0.0000          0.0000     667120.7066        305.4959 1352000000.0000

INFO:        140          1.4000    1268781.7345     813810.5334     454971.2011          9.6203     155039.2869      -5269.1946          0.0000          0.0000     664040.4411        305.2698 1352000000.0000

INFO:        160          1.6000    1264504.2762     809998.5140     454505.7621          9.5941     154225.7198      -5249.2055          0.0000          0.0000     661021.9998        304.9575 1352000000.0000

INFO:        180          1.8000    1260893.7794     807068.5999     453825.1795          9.6023     154351.2410      -5352.6419          0.0000          0.0000     658070.0008        304.5009 1352000000.0000

INFO:        200          2.0000    1257303.7406     803979.6314     453324.1092          9.5884     154224.6998      -5422.3078          0.0000          0.0000     655177.2394        304.1647 1352000000.0000

INFO:        220          2.2000    1253766.2830     800754.4397     453011.8432          9.5783     153761.8775      -5415.4111          0.0000          0.0000     652407.9734        303.9552 1352000000.0000

INFO:        240          2.4000    1250505.3419     798283.8651     452221.4768          9.5662     153824.7915      -5276.5186          0.0000          0.0000     649735.5922        303.4249 1352000000.0000

INFO:        260          2.6000    1246952.5164     795114.8533     451837.6630          9.5470     152989.6925      -5058.5227          0.0000          0.0000     647183.6836        303.1673 1352000000.0000

INFO:        280          2.8000    1244447.5295     793322.8045     451124.7250          9.5612     153596.0089      -4988.3654          0.0000          0.0000     644715.1610        302.6890 1352000000.0000

INFO:        300          3.0000    1242477.9461     790702.6914     451775.2547          9.5499     153129.5844      -4772.9721          0.0000          0.0000     642346.0792        303.1255 1352000000.0000

INFO:        320          3.2000    1240597.2114     789012.6705     451584.5409          9.5648     153557.9609      -4605.6911          0.0000          0.0000     640060.4006        302.9975 1352000000.0000

INFO:        340          3.4000    1237710.7637     786955.2187     450755.5451          9.5656     153650.8223      -4535.3009          0.0000          0.0000     637839.6973        302.4413 1352000000.0000

INFO:        360          3.6000    1236243.6479     784509.7143     451733.9336          9.5633     153352.7213      -4517.4422          0.0000          0.0000     635674.4352        303.0977 1352000000.0000

INFO:        380          3.8000    1234103.1142     783040.9301     451062.1841          9.5735     153986.7178      -4524.0304          0.0000          0.0000     633578.2427        302.6470 1352000000.0000

INFO:        400          4.0000    1231637.3907     780469.0727     451168.3180          9.5567     153438.9190      -4524.4511          0.0000          0.0000     631554.6049        302.7182 1352000000.0000

INFO:        420          4.2000    1229015.5774     778392.4376     450623.1398          9.5409     153132.8458      -4362.8410          0.0000          0.0000     629622.4328        302.3524 1352000000.0000

INFO:        440          4.4000    1227464.0821     776929.3525     450534.7297          9.5562     153470.9344      -4300.2709          0.0000          0.0000     627758.6890        302.2931 1352000000.0000

INFO:        460          4.6000    1225830.4855     775385.9761     450444.5093          9.5597     153596.5759      -4183.1592          0.0000          0.0000     625972.5595        302.2326 1352000000.0000

INFO:        480          4.8000    1222911.1771     773625.0511     449286.1260          9.5518     153380.7416      -3983.2682          0.0000          0.0000     624227.5777        301.4554 1352000000.0000

INFO:        500          5.0000    1221432.4425     771888.1852     449544.2573          9.5477     153320.3975      -3967.5433          0.0000          0.0000     622535.3310        301.6286 1352000000.0000

INFO:        520          5.2000    1219638.7294     770015.6613     449623.0681          9.5399     152950.8147      -3840.8519          0.0000          0.0000     620905.6986        301.6814 1352000000.0000

INFO:        540          5.4000    1218366.8962     769216.9221     449149.9741          9.5602     153615.7002      -3708.4406          0.0000          0.0000     619309.6625        301.3640 1352000000.0000

INFO:        560          5.6000    1216646.3325     767347.0855     449299.2470          9.5421     153158.9140      -3577.8287          0.0000          0.0000     617766.0002        301.4642 1352000000.0000

INFO:        580          5.8000    1215369.6594     765623.5262     449746.1331          9.5320     152937.6968      -3547.6752          0.0000          0.0000     616233.5046        301.7640 1352000000.0000

INFO:        600          6.0000    1213933.8406     764250.7735     449683.0671          9.5412     153123.6770      -3647.2514          0.0000          0.0000     614774.3478        301.7217 1352000000.0000

INFO:        620          6.2000    1211798.8140     762558.0492     449240.7648          9.5301     152747.5854      -3546.7450          0.0000          0.0000     613357.2087        301.4249 1352000000.0000

INFO:        640          6.4000    1210490.7345     761767.3301     448723.4045          9.5351     153306.9720      -3508.0863          0.0000          0.0000     611968.4443        301.0778 1352000000.0000

INFO:        660          6.6000    1209916.0353     760405.6762     449510.3591          9.5373     153140.5073      -3330.6980          0.0000          0.0000     610595.8670        301.6058 1352000000.0000

INFO:        680          6.8000    1208757.6245     759000.4410     449757.1834          9.5384     153184.2429      -3440.6491          0.0000          0.0000     609256.8472        301.7714 1352000000.0000

INFO:        700          7.0000    1207435.8947     757732.1961     449703.6986          9.5498     153319.2873      -3545.7763          0.0000          0.0000     607958.6851        301.7355 1352000000.0000

INFO:        720          7.2000    1205448.2746     756988.9283     448459.3463          9.5651     153687.0646      -3402.9234          0.0000          0.0000     606704.7871        300.9006 1352000000.0000

INFO:        740          7.4000    1203652.0241     755643.9967     448008.0274          9.5532     153471.3307      -3337.7323          0.0000          0.0000     605510.3984        300.5978 1352000000.0000

INFO:        760          7.6000    1201979.0171     754119.2904     447859.7268          9.5415     153070.9964      -3268.2561          0.0000          0.0000     604316.5501        300.4983 1352000000.0000

INFO:        780          7.8000    1200673.8335     753068.8415     447604.9920          9.5416     153194.3837      -3271.8933          0.0000          0.0000     603146.3512        300.3274 1352000000.0000

INFO:        800          8.0000    1198741.3433     752390.2899     446351.0534          9.5578     153612.4824      -3226.5379          0.0000          0.0000     602004.3453        299.4860 1352000000.0000

INFO:        820          8.2000    1198281.8262     750954.6146     447327.2116          9.5548     153376.1503      -3303.7121          0.0000          0.0000     600882.1764        300.1410 1352000000.0000

INFO:        840          8.4000    1197189.2840     749867.0354     447322.2486          9.5480     153274.6939      -3183.9585          0.0000          0.0000     599776.3000        300.1377 1352000000.0000

INFO:        860          8.6000    1196192.2716     749272.2435     446920.0282          9.5491     153557.7361      -2997.0531          0.0000          0.0000     598711.5605        299.8678 1352000000.0000

INFO:        880          8.8000    1195446.0768     748109.0917     447336.9851          9.5544     153675.4564      -3204.3038          0.0000          0.0000     597637.9391        300.1475 1352000000.0000

INFO:        900          9.0000    1194174.4453     746893.7584     447280.6869          9.5516     153517.1891      -3209.0898          0.0000          0.0000     596585.6591        300.1098 1352000000.0000

INFO:        920          9.2000    1192996.3972     745724.5194     447271.8778          9.5381     153230.0800      -3061.2533          0.0000          0.0000     595555.6928        300.1039 1352000000.0000

INFO:        940          9.4000    1192548.2062     744891.5178     447656.6884          9.5357     153273.5295      -2943.4687          0.0000          0.0000     594561.4571        300.3621 1352000000.0000

INFO:        960          9.6000    1192174.2713     744227.1872     447947.0841          9.5510     153620.4465      -2987.4804          0.0000          0.0000     593594.2211        300.5569 1352000000.0000

INFO:        980          9.8000    1191402.0666     743087.2928     448314.7738          9.5502     153433.0386      -2994.4107          0.0000          0.0000     592648.6649        300.8036 1352000000.0000

INFO:       1000         10.0000    1190265.7760     741929.9793     448335.7966          9.5350     152886.3140      -2690.9845          0.0000          0.0000     591734.6498        300.8177 1352000000.0000

INFO:       1020         10.2000    1187956.6218     741176.4800     446780.1418          9.5356     152865.1547      -2530.8450          0.0000          0.0000     590842.1704        299.7739 1352000000.0000

INFO:       1040         10.4000    1187310.5483     740932.4123     446378.1359          9.5496     153458.8495      -2457.7322          0.0000          0.0000     589931.2951        299.5042 1352000000.0000

INFO:       1060         10.6000    1186492.4389     739689.1903     446803.2486          9.5430     153095.2378      -2417.9101          0.0000          0.0000     589011.8625        299.7894 1352000000.0000

INFO:       1080         10.8000    1185756.6190     738822.3809     446934.2381          9.5444     153254.2717      -2521.8436          0.0000          0.0000     588089.9528        299.8773 1352000000.0000

INFO:       1100         11.0000    1184985.4850     737905.6367     447079.8483          9.5417     153233.1346      -2541.7560          0.0000          0.0000     587214.2581        299.9750 1352000000.0000

INFO:       1120         11.2000    1184420.6492     737393.9516     447026.6976          9.5472     153688.8069      -2653.7853          0.0000          0.0000     586358.9299        299.9394 1352000000.0000

INFO:       1140         11.4000    1183044.7485     736138.1604     446906.5881          9.5395     153279.1663      -2691.4295          0.0000          0.0000     585550.4237        299.8588 1352000000.0000

INFO:       1160         11.6000    1182401.4824     735834.3553     446567.1271          9.5603     153631.8160      -2561.5907          0.0000          0.0000     584764.1300        299.6310 1352000000.0000

INFO:       1180         11.8000    1181306.6987     735362.5408     445944.1579          9.5624     153910.2892      -2535.5366          0.0000          0.0000     583987.7882        299.2130 1352000000.0000

INFO:       1200         12.0000    1180296.9071     734206.4659     446090.4412          9.5562     153655.8925      -2631.2145          0.0000          0.0000     583181.7879        299.3112 1352000000.0000

INFO:       1220         12.2000    1179397.8940     733334.0274     446063.8666          9.5570     153566.8015      -2627.2231          0.0000          0.0000     582394.4490        299.2933 1352000000.0000

INFO:       1240         12.4000    1178989.9453     732295.2120     446694.7333          9.5375     153149.0280      -2501.3258          0.0000          0.0000     581647.5098        299.7166 1352000000.0000

INFO:       1260         12.6000    1178140.3024     731827.6322     446312.6702          9.5419     153369.1233      -2453.6272          0.0000          0.0000     580912.1361        299.4603 1352000000.0000

INFO:       1280         12.8000    1177620.4036     731186.4067     446433.9970          9.5496     153547.8607      -2547.7526          0.0000          0.0000     580186.2985        299.5417 1352000000.0000

INFO:       1300         13.0000    1177058.2358     730586.5974     446471.6384          9.5548     153626.2300      -2497.2914          0.0000          0.0000     579457.6588        299.5669 1352000000.0000

INFO:       1320         13.2000    1175427.5690     729901.4275     445526.1416          9.5524     153532.0518      -2370.5618          0.0000          0.0000     578739.9375        298.9325 1352000000.0000

INFO:       1340         13.4000    1175018.3175     729385.4739     445632.8436          9.5489     153556.2529      -2216.0326          0.0000          0.0000     578045.2536        299.0041 1352000000.0000

INFO:       1360         13.6000    1175296.3790     728061.6796     447234.6994          9.5339     152962.3577      -2260.9880          0.0000          0.0000     577360.3100        300.0789 1352000000.0000

INFO:       1380         13.8000    1173908.0609     727611.2920     446296.7689          9.5413     153169.0396      -2242.1165          0.0000          0.0000     576684.3689        299.4496 1352000000.0000

INFO:       1400         14.0000    1173658.8066     726714.3896     446944.4170          9.5290     152791.8848      -2121.9230          0.0000          0.0000     576044.4278        299.8841 1352000000.0000

INFO:       1420         14.2000    1172935.8202     726399.8992     446535.9210          9.5405     152985.2988      -1989.7857          0.0000          0.0000     575404.3861        299.6101 1352000000.0000

INFO:       1440         14.4000    1172463.8295     726150.1339     446313.6956          9.5462     153392.7098      -1992.1352          0.0000          0.0000     574749.5593        299.4610 1352000000.0000

INFO:       1460         14.6000    1171536.7904     724955.3050     446581.4855          9.5355     152948.1716      -2097.9037          0.0000          0.0000     574105.0370        299.6406 1352000000.0000

INFO:       1480         14.8000    1171188.3073     724109.3899     447078.9174          9.5358     152912.5311      -2256.5904          0.0000          0.0000     573453.4492        299.9744 1352000000.0000

INFO:       1500         15.0000    1170444.1619     724241.5768     446202.5851          9.5441     153401.6235      -1987.3037          0.0000          0.0000     572827.2570        299.3864 1352000000.0000

INFO:       1520         15.2000    1169528.2514     723669.6340     445858.6174          9.5438     153180.2171      -1744.0098          0.0000          0.0000     572233.4267        299.1556 1352000000.0000

INFO:       1540         15.4000    1168626.7666     722661.6363     445965.1303          9.5309     152792.3871      -1752.3902          0.0000          0.0000     571621.6395        299.2271 1352000000.0000

INFO:       1560         15.6000    1167641.3896     722087.4833     445553.9064          9.5454     152975.7811      -1881.6943          0.0000          0.0000     570993.3965        298.9512 1352000000.0000

INFO:       1580         15.8000    1168047.3834     721613.9959     446433.3875          9.5474     153198.6519      -1952.5396          0.0000          0.0000     570367.8836        299.5413 1352000000.0000

INFO:       1600         16.0000    1167603.6780     721257.0188     446346.6592          9.5484     153498.9832      -2004.1385          0.0000          0.0000     569762.1741        299.4831 1352000000.0000

INFO:       1620         16.2000    1166821.1824     720283.1869     446537.9955          9.5463     153086.4139      -1960.3150          0.0000          0.0000     569157.0880        299.6115 1352000000.0000

INFO:       1640         16.4000    1165706.6975     719926.9501     445779.7474          9.5461     153275.6005      -1934.0817          0.0000          0.0000     568585.4314        299.1027 1352000000.0000

INFO:       1660         16.6000    1166026.0815     719453.8576     446572.2239          9.5567     153414.9743      -1977.6097          0.0000          0.0000     568016.4930        299.6344 1352000000.0000

INFO:       1680         16.8000    1164965.3309     719112.9241     445852.4068          9.5609     153601.0859      -1944.6540          0.0000          0.0000     567456.4922        299.1514 1352000000.0000

INFO:       1700         17.0000    1163961.4441     718306.5936     445654.8505          9.5498     153250.4946      -1859.8301          0.0000          0.0000     566915.9292        299.0189 1352000000.0000

INFO:       1720         17.2000    1163281.5131     717591.0494     445690.4637          9.5396     153121.6011      -1911.2100          0.0000          0.0000     566380.6583        299.0428 1352000000.0000

INFO:       1740         17.4000    1163110.2779     717072.2977     446037.9802          9.5428     153294.4908      -2073.7872          0.0000          0.0000     565851.5940        299.2760 1352000000.0000

INFO:       1760         17.6000    1162745.2259     716691.2973     446053.9286          9.5538     153371.6172      -2021.1861          0.0000          0.0000     565340.8661        299.2867 1352000000.0000

INFO:       1780         17.8000    1162619.8483     716527.6243     446092.2240          9.5605     153566.6394      -1898.3407          0.0000          0.0000     564859.3256        299.3124 1352000000.0000

INFO:       1800         18.0000    1162190.8211     715950.9474     446239.8737          9.5540     153375.0828      -1797.8180          0.0000          0.0000     564373.6826        299.4114 1352000000.0000

INFO:       1820         18.2000    1161040.6386     715304.6583     445735.9803          9.5457     153246.3566      -1818.7810          0.0000          0.0000     563877.0828        299.0733 1352000000.0000

INFO:       1840         18.4000    1160273.7080     714672.7687     445600.9392          9.5302     152870.1838      -1585.6537          0.0000          0.0000     563388.2387        298.9827 1352000000.0000

INFO:       1860         18.6000    1159771.3530     714637.5479     445133.8051          9.5407     153269.9577      -1538.7328          0.0000          0.0000     562906.3230        298.6693 1352000000.0000

INFO:       1880         18.8000    1159398.7093     714100.7848     445297.9245          9.5439     153178.8026      -1484.0148          0.0000          0.0000     562405.9970        298.7794 1352000000.0000

INFO:       1900         19.0000    1159106.0486     713236.5447     445869.5039          9.5304     152909.2212      -1559.7636          0.0000          0.0000     561887.0872        299.1629 1352000000.0000

INFO:       1920         19.2000    1158831.8301     712565.4040     446266.4261          9.5331     152844.9597      -1657.4220          0.0000          0.0000     561377.8662        299.4292 1352000000.0000

INFO:       1940         19.4000    1158256.6504     711707.4792     446549.1711          9.5229     152400.7619      -1535.1062          0.0000          0.0000     560841.8236        299.6190 1352000000.0000

INFO:       1960         19.6000    1157488.7342     711526.6639     445962.0703          9.5352     152859.7177      -1654.5352          0.0000          0.0000     560321.4814        299.2250 1352000000.0000

INFO:       1980         19.8000    1156842.3475     710872.7330     445969.6145          9.5324     152835.2021      -1764.0620          0.0000          0.0000     559801.5929        299.2301 1352000000.0000

INFO:       2000         20.0000    1155850.0906     710444.4276     445405.6630          9.5366     152923.0885      -1792.3162          0.0000          0.0000     559313.6554        298.8517 1352000000.0000

 
[STEP6] Deallocate Arrays
 
Output_Time> Averaged timer profile (Min, Max)
  total time      =     199.780
    setup         =       4.172
    dynamics      =     195.608
      energy      =     135.134
      integrator  =      39.506
      migration   =       0.000
      pairlist    =      18.966 (      18.431,      19.387)
  energy           
    bond          =       0.466 (       0.418,       0.509)
    angle         =       0.017 (       0.014,       0.021)
    dihedral      =       0.016 (       0.014,       0.022)
    base stacking =       0.000 (       0.000,       0.000)
    nonbond       =      78.350 (      75.806,      82.257)
      CG exv      =       1.343 (       1.022,       1.755)
      CG DNA bp   =       0.000 (       0.000,       0.000)
      CG DNA exv  =       0.000 (       0.000,       0.000)
      CG ele      =      51.481 (      49.882,      54.139)
      CG PWMcos   =       0.000 (       0.000,       0.000)
      CG PWMcosns =       0.000 (       0.000,       0.000)
      CG IDR-HPS  =      25.516 (      24.854,      26.443)
      CG IDR-KH   =       0.000 (       0.000,       0.000)
      CG KH       =       0.000 (       0.000,       0.000)
      Contact     =       0.007 (       0.006,       0.009)
      pme real    =       0.000 (       0.000,       0.000)
      pme recip   =       0.000 (       0.000,       0.000)
    solvation     =       0.000 (       0.000,       0.000)
      polar       =       0.000 (       0.000,       0.000)
      non-polar   =       0.000 (       0.000,       0.000)
    restraint     =       0.000 (       0.000,       0.000)
    qmmm          =       0.000 (       0.000,       0.000)
    morph         =       0.000 (       0.000,       0.000)
  integrator       
    constraint    =       0.000 (       0.000,       0.000)
    update        =       0.000 (       0.000,       0.000)
    comm_coord    =       0.000 (       0.000,       0.000)
    comm_force    =       0.000 (       0.000,       0.000)
  migration       =       0.000 (       0.000,       0.000)
    comm_migrate  =       0.000 (       0.000,       0.000)
    ptl_migrate   =       0.000 (       0.000,       0.000)
    bond_migrate  =       0.000 (       0.000,       0.000)
    angl_migrate  =       0.000 (       0.000,       0.000)
    dihe_migrate  =       0.000 (       0.000,       0.000)
    contact_migr  =       0.000 (       0.000,       0.000)
    stack_migrate =       0.000 (       0.000,       0.000)
    pwmcos_migrate =       0.000 (       0.000,       0.000)
    pwmcosns_migr  =       0.000 (       0.000,       0.000)
    nonb_update    =       0.000 (       0.000,       0.000)

