****************************************************
*                                                  *
*                  GENESIS ATDYN                   *
*                                                  *
*        A Molecular Dynamics Simulator with       *
*            Atomic Decomposition Scheme           *
*                                                  *
*               Developed by RIKEN                 *
*                                                  *
****************************************************
 
[STEP0] Architecture and Compiler Information
 
GENESIS_Information> GENESIS Information
  version      = 2.0.0
  commit ID    = $GENESIS_VERSION$
  precision    = double
  nonbonding   = CPU

Build_Information> Compiler Information
  build host   = jjwsmj@hokusai2
  fortran      = ifort (IFORT) 2021.7.1 20221019
  option       = 
  -axCORE-AVX512 -g -O3  -qmkl=parallel  -assume byterecl -qopenmp  
  C            = 
 icc: remark #10441: The Intel(R) C++ Compiler Classic (ICC) is deprecated and w
 ill be removed from product release in the second half of 2023. The Intel(R) on
 eAPI DPC++/C++ Compiler (ICX) is the recommended compiler moving forward. Pleas
 e transition to use this compiler. Use '-diag-disable=10441' to disable this me
 ssage.
  option       = -O3 -ip -axCORE-AVX2  -qopenmp 
  defined var. = 
  -DHAVE_MPI_GENESIS -DOMP -DIFORT19 -DFFTE -DLAPACK -DDSFMT_MEXP=19937 -DINTEL
  link option  = 
  -assume byterecl -lgfortran -qopenmp  -lmkl_intel_lp64 -lmkl_sequential -lmkl_
 core -lmkl_lapack95_lp64   
  MPI Compiler = Intel(R) MPI

Runtime_Information> Machine and Library Information
  date       = 2023/05/12 15:32:30
  cpu model    = Intel(R) Xeon(R) Gold 6148 CPU @ 2.40GHz
  exec. host   = jjwsmj@bwmpc0106
  LD library   = 
 /bwfefs/opt/x86_64/intel/oneapi/2022.3/mpi/2021.7.1/libfabric/lib:/bwfefs/opt/x
 86_64/intel/oneapi/2022.3/mpi/2021.7.1/lib/release:/bwfefs/opt/x86_64/intel/one
 api/2022.3/mpi/2021.7.1/lib:/bwfefs/opt/x86_64/intel/oneapi/2022.3/tbb/2021.7.1
 /lib/intel64/gcc4.8:/usr/lib64:/bwfefs/opt/x86_64/intel/oneapi/2022.3/vpl/2022.
 2.5/lib:/bwfefs/opt/x86_64/intel/oneapi/2022.3/mkl/latest/lib/intel64:/bwfefs/o
 pt/x86_64/intel/oneapi/2022.3/itac/2021.7.1/slib:/bwfefs/opt/x86_64/intel/oneap
 i/2022.3/ippcp/2021.6.2/lib/intel64:/bwfefs/opt/x86_64/intel/oneapi/2022.3/ipp/
 2021.6.2/lib/intel64:/bwfefs/opt/x86_64/intel/oneapi/2022.3/dnnl/2022.2.1/cpu_d
 pcpp_gpu_dpcpp/lib:/bwfefs/opt/x86_64/intel/oneapi/2022.3/dal/2021.7.1/lib/inte
 l64:/bwfefs/opt/x86_64/intel/oneapi/2022.3/compiler/2022.2.1/linux/compiler/lib
 :/bwfefs/opt/x86_64/intel/oneapi/2022.3/compiler/2022.2.1/linux/lib/oclfpga/hos
 t/linux64/lib:/bwfefs/opt/x86_64/intel/oneapi/2022.3/compiler/2022.2.1/linux/li
 b/oclfpga/linux64/lib:/bwfefs/opt/x86_64/intel/oneapi/2022.3/compiler/2022.2.1/
 linux/lib:/bwfefs/opt/x86_64/intel/oneapi/2022.3/compiler/2022.2.1/linux/lib/x6
 4:/bwfefs/opt/x86_64/intel/oneapi/2022.3/compiler/2022.2.1/linux/lib/emu:/bwfef
 s/opt/x86_64/intel/oneapi/2022.3/compiler/2022.2.1/linux/compiler/lib/intel64_l
 in:/bwfefs/opt/x86_64/intel/oneapi/2022.3/debugger/2021.7.1/dep/lib:/bwfefs/opt
 /x86_64/intel/oneapi/2022.3/debugger/2021.7.1/libipt/intel64/lib:/bwfefs/opt/x8
 6_64/intel/oneapi/2022.3/debugger/2021.7.1/gdb/intel64/lib:/bwfefs/opt/x86_64/
 MPI Runtime = Intel(R) MPI Library 2021.7 for Linux* OS


[STEP1] Read Control Parameters
 
Read_Ctrl_Input> Input Files
  grotopfile = pro.top
  grocrdfile = crd/pos_5000.gro
 
Read_Ctrl_Output> Output Files
 
Read_Ctrl_Energy> WARNING: "water_model" is not available
Read_Ctrl_Energy> Parameters of Energy Calculations
  forcefield      =    RESIDCG
  switchdist      =     10.000  cutoffdist      =     12.000
  pairlistdist    =     13.500  dielec_const    =      1.000
  debye           =     10.000
  vdw_force_switch=         no
  electrostatic   =  CUTOFF
  implicit_solvent=       none
  table           =         no
  water_model     =       NONE
  output_style    =    GENESIS
  dispersion_corr =       none
  nonb_limiter    =      no
  user def. table =     no
  efield_x        =           0.000
  efield_y        =           0.000
  efield_z        =           0.000
  efield_normal   =              no
  efield_virial   =              no
 
Read_Ctrl_Dynamics> Parameters of MD simulation
  integrator      =    VVER_CG  nsteps          =       2000
  timestep        =     0.0100  initial_time    =     0.0000
  eneout_period   =         20  rstout_period   =          0
  crdout_period   =          0  velout_period   =          0
  nbupdate_period =         20  stoptr_period   =         10
  qmsave_period   =          0
  iseed           =         -1
  annealing       =         no
  verbose         =         no
  target_md       =         no
  steered_md      =         no
  shrink_box      =         no
  esp_mm          =         no
 
Read_Ctrl_Constraints> Parameters for Constraints
  rigid_bond      =         no
  fixatm_select_index        =       none
 
Read_Ctrl_Ensemble> Parameters for Ensemble
  ensemble        =        NVT
  temperature     =    300.000
  tpcontrol       =   LANGEVIN
  gamma_t         =      1.000
 
Read_Ctrl_Boundary> Parameters of Boundary Condition
  type            =     PBC   
  box_size(x,y,z) =   3200.000   650.000   650.000
  pairlist_grid   =      3.000
 
Read_Ctrl_Selection> Parameters of Selection
  # of groups     =          0
  # of mole names =          0
 
Read_Ctrl_Restraints> No restraint in the system

Read_Ctrl_Fitting_MD> Parameters of Fitting
  fitting method  =  TR+ROT   
  fitting atom    = group1
  mass_weight     =         no
 
[STEP2] Setup MPI
 
Setup_Mpi_Md> Summary of Setup MPI
  number of MPI processes   =         32
  number of OpenMP threads  =          5
  total number of CPU cores =        160

[STEP3] Set Relevant Variables and Structures
 
Read_Grotop> Summary of Grotopfile
  num_moltypes    =          1
    pos100_cg             :
      num_atoms   =        100
      num_bonds   =         99
      num_angls   =          0
      num_dihes   =          0
      num_cmaps   =          0
      num_excls   =          0
      num_constrs =          0
      num_pairs   =          0
      num_vsites2 =          0
      num_vsites3 =          0
      num_vsites4 =          0
      num_vsitesn =          0
      num_posress =          0
      num_PWMcos  =          0
      num_PWMcosns=          0
      num_IDR_HPS =          1
      num_IDR_KH  =          0
    .. not used molecule types were hidden.

  num_molecules   =       5000
    pos100_cg             :  5000

  num_atomtypes   =         33  num_bondtypes   =          0
  num_angltypes   =          0  num_dihetypes   =          0
  num_flangltypes           20
  num_fldihetypes          400
  num_constrtypes =          0  num_cmaptypes   =          0
  num_nbonparms   =          0
  num_basestacktypes  =     16
  num_basepairtypes   =      4
  num_basecrosstypes  =     32
  num_cgdnaexvtypes   =      6
  num_cgelemolpairs   =      1
  num_cg_IDR_HPS_atomtypes  =     20
  num_cg_KH_atomtypes  =    20

  num_cg_pair_MJ_eps   =   400

Define_Molecule> Summary of molecules
  num_atoms       =     500000  num_bonds       =     495000
  num_angles      =          0  num_dihedrals   =          0
  num_impropers   =          0  num_cmap_terms  =          0
  num_residues    =     500000  num_molecules   =       5000
  num_segments    =          1  num_deg_freedom =    1500000
  total_charge    = 500000.000
 
Update_Num_Deg_Freedom> Number of degrees of freedom was updated
  num_deg_freedom =    1499997 (After removing translation)
 
Setup_Boundary> Setup Variables for Boundary Condition
  box_size(x,y,z) =   3200.000   650.000   650.000
  origin(x,y,z)   =      0.000     0.000     0.000
 
Random_Init> Initialize the random number
  seed            = 405535

Define_Enefunc_Gromacs> Number of Interactions in Each Term
  bond_ene        =     495000  angle_ene       =          0
  torsion_ene     =          0  rb_torsion_ene  =          0
  improper_ene    =          0
  nb_exclusions   =     495000  nb14_calc       =          0
  vsite2_ene      =          0  vsite3_ene      =          0
  vsite3fd_ene    =          0  vsite3fad_ene   =          0
  vsite3out_ene   =          0  vsite4fdn_ene   =          0
  vsiten_ene      =          0
 restraint_groups =          0 restraint_funcs  =          0
 
Get_Morph_in> Morphing check
  morphing_bb     =          0  morphing_sc     =          0
 
Setup_Fitting_Atdyn> NO fitting is applied, skip
  fitting method  =  NO
 
[STEP4] Compute Single Point Energy for Molecules
 
            STEP          ENERGY            BOND  NATIVE_CONTACT NON-NATIVE_CONT           ELECT         IDR_HPS          CG_EXV
 --------------- --------------- --------------- --------------- ---------------
               0     853902.2916     170690.3546          0.0000          0.0000     681472.3800       1739.5570          0.0000

[STEP5] Perform Molecular Dynamics Simulation
 
Generate_Velocity> Generate initial velocities
  iseed           =     405535
  temperature     =    300.000
 
Random_Init_Velocity> Initialize the random number
  seed            = 405535

INFO:       STEP            TIME       TOTAL_ENE   POTENTIAL_ENE     KINETIC_ENE            RMSG            BOND         IDR_HPS  NATIVE_CONTACT          CG_EXV           ELECT     TEMPERATURE          VOLUME
 --------------- --------------- --------------- --------------- ---------------
INFO:          0          0.0000    1302121.4755     853902.2916     448219.1839         10.1780     170690.3546       1739.5570          0.0000          0.0000     681472.3800        300.7395 1352000000.0000

Random_Init> Initialize the random number
  seed            = 1269969246

INFO:         20          0.2000    1296070.4035     842788.0816     453282.3219          9.8700     161390.5361        690.6605          0.0000          0.0000     680706.8850        304.1367 1352000000.0000

INFO:         40          0.4000    1292194.4675     837320.8253     454873.6422          9.7840     159676.1809      -1216.3026          0.0000          0.0000     678860.9470        305.2044 1352000000.0000

INFO:         60          0.6000    1287969.6982     831853.2288     456116.4694          9.7239     158137.5783      -2624.9147          0.0000          0.0000     676340.5653        306.0383 1352000000.0000

INFO:         80          0.8000    1283262.9813     827057.2151     456205.7662          9.6957     157325.8856      -3681.8411          0.0000          0.0000     673413.1706        306.0982 1352000000.0000

INFO:        100          1.0000    1278917.7405     822136.9659     456780.7746          9.6684     156317.0068      -4517.9616          0.0000          0.0000     670337.9207        306.4840 1352000000.0000

INFO:        120          1.2000    1273836.9339     818330.0334     455506.9005          9.6596     156095.8732      -4998.8973          0.0000          0.0000     667233.0575        305.6293 1352000000.0000

INFO:        140          1.4000    1268637.7559     814017.0940     454620.6618          9.6265     155049.1801      -5201.0412          0.0000          0.0000     664168.9551        305.0346 1352000000.0000

INFO:        160          1.6000    1264700.8847     811042.6399     453658.2448          9.6190     154975.3831      -5091.0471          0.0000          0.0000     661158.3040        304.3889 1352000000.0000

INFO:        180          1.8000    1260449.5796     807459.6187     452989.9609          9.5949     154240.8259      -5012.7657          0.0000          0.0000     658231.5585        303.9405 1352000000.0000

INFO:        200          2.0000    1257600.8777     804952.6874     452648.1904          9.6100     154649.1759      -5065.8158          0.0000          0.0000     655369.3272        303.7112 1352000000.0000

INFO:        220          2.2000    1254073.7853     801621.0982     452452.6871          9.5902     154158.7654      -5149.7351          0.0000          0.0000     652612.0679        303.5800 1352000000.0000

INFO:        240          2.4000    1251397.9755     798605.3196     452792.6558          9.5826     153939.1643      -5267.6798          0.0000          0.0000     649933.8351        303.8081 1352000000.0000

INFO:        260          2.6000    1249000.6061     796634.6949     452365.9113          9.5973     154402.2707      -5113.6260          0.0000          0.0000     647346.0502        303.5218 1352000000.0000

INFO:        280          2.8000    1245452.6555     793553.9812     451898.6743          9.5751     153726.8945      -5049.5409          0.0000          0.0000     644876.6275        303.2083 1352000000.0000

INFO:        300          3.0000    1242835.9056     791043.2781     451792.6275          9.5634     153503.0539      -4951.2765          0.0000          0.0000     642491.5007        303.1371 1352000000.0000

INFO:        320          3.2000    1240589.3238     789156.1137     451433.2101          9.5648     153643.5409      -4678.3954          0.0000          0.0000     640190.9682        302.8960 1352000000.0000

INFO:        340          3.4000    1237724.9977     786942.8401     450782.1575          9.5591     153632.2146      -4653.7697          0.0000          0.0000     637964.3952        302.4591 1352000000.0000

INFO:        360          3.6000    1235618.9926     784745.1599     450873.8328          9.5554     153506.9387      -4563.4680          0.0000          0.0000     635801.6891        302.5206 1352000000.0000

INFO:        380          3.8000    1232936.2590     782205.3285     450730.9305          9.5453     153004.8392      -4511.4905          0.0000          0.0000     633711.9798        302.4248 1352000000.0000

INFO:        400          4.0000    1230973.1263     780697.9202     450275.2061          9.5582     153441.6782      -4452.6054          0.0000          0.0000     631708.8475        302.1190 1352000000.0000

INFO:        420          4.2000    1228915.2501     778686.7063     450228.5438          9.5550     153348.5801      -4452.0702          0.0000          0.0000     629790.1964        302.0877 1352000000.0000

INFO:        440          4.4000    1226476.7697     776467.4090     450009.3607          9.5467     152919.3731      -4420.4710          0.0000          0.0000     627968.5070        301.9406 1352000000.0000

INFO:        460          4.6000    1224411.6039     774871.7752     449539.8288          9.5445     153197.6840      -4499.1371          0.0000          0.0000     626173.2282        301.6256 1352000000.0000

INFO:        480          4.8000    1222283.6719     773604.8659     448678.8061          9.5578     153506.6341      -4322.6277          0.0000          0.0000     624420.8595        301.0479 1352000000.0000

INFO:        500          5.0000    1220738.2086     771924.9183     448813.2902          9.5602     153306.7311      -4116.3967          0.0000          0.0000     622734.5839        301.1381 1352000000.0000

INFO:        520          5.2000    1219123.0417     770696.7094     448426.3323          9.5612     153487.4858      -3900.9547          0.0000          0.0000     621110.1783        300.8785 1352000000.0000

INFO:        540          5.4000    1217424.6010     769160.0189     448264.5820          9.5559     153396.0189      -3784.7205          0.0000          0.0000     619548.7205        300.7699 1352000000.0000

INFO:        560          5.6000    1216047.3914     767633.4272     448413.9642          9.5580     153357.0662      -3754.8150          0.0000          0.0000     618031.1759        300.8702 1352000000.0000

INFO:        580          5.8000    1215165.4664     766217.8980     448947.5684          9.5621     153451.8300      -3771.8284          0.0000          0.0000     616537.8964        301.2282 1352000000.0000

INFO:        600          6.0000    1212812.3597     764623.5279     448188.8318          9.5582     153318.6570      -3773.6677          0.0000          0.0000     615078.5386        300.7191 1352000000.0000

INFO:        620          6.2000    1211071.6085     762994.7785     448076.8301          9.5489     153113.9672      -3766.3478          0.0000          0.0000     613647.1591        300.6440 1352000000.0000

INFO:        640          6.4000    1209291.3590     761430.6648     447860.6943          9.5453     152955.0171      -3772.1886          0.0000          0.0000     612247.8362        300.4989 1352000000.0000

INFO:        660          6.6000    1207931.2372     759931.9182     447999.3190          9.5377     152740.4818      -3676.4405          0.0000          0.0000     610867.8769        300.5920 1352000000.0000

INFO:        680          6.8000    1206842.2812     758686.0791     448156.2021          9.5353     152806.7464      -3647.5642          0.0000          0.0000     609526.8969        300.6972 1352000000.0000

INFO:        700          7.0000    1205646.2355     757717.0832     447929.1523          9.5406     153009.0428      -3516.1523          0.0000          0.0000     608224.1928        300.5449 1352000000.0000

INFO:        720          7.2000    1204550.0866     756478.9814     448071.1052          9.5474     152992.9243      -3467.3188          0.0000          0.0000     606953.3759        300.6401 1352000000.0000

INFO:        740          7.4000    1203084.9304     755352.6496     447732.2808          9.5414     152950.5999      -3328.4831          0.0000          0.0000     605730.5328        300.4128 1352000000.0000

INFO:        760          7.6000    1202918.6949     754013.3542     448905.3408          9.5324     152798.4689      -3335.9554          0.0000          0.0000     604550.8407        301.1999 1352000000.0000

INFO:        780          7.8000    1202101.0639     753197.9260     448903.1379          9.5486     153256.2717      -3416.6515          0.0000          0.0000     603358.3059        301.1984 1352000000.0000

INFO:        800          8.0000    1200142.5383     752612.5076     447530.0307          9.5679     153815.1334      -3386.8928          0.0000          0.0000     602184.2670        300.2771 1352000000.0000

INFO:        820          8.2000    1198742.7011     751106.9216     447635.7795          9.5464     153239.7218      -3189.8849          0.0000          0.0000     601057.0848        300.3480 1352000000.0000

INFO:        840          8.4000    1197282.5369     750236.2094     447046.3275          9.5461     153359.2499      -3078.0124          0.0000          0.0000     599954.9720        299.9525 1352000000.0000

INFO:        860          8.6000    1196396.1183     749279.2710     447116.8474          9.5513     153570.3749      -3161.7507          0.0000          0.0000     598870.6468        299.9998 1352000000.0000

INFO:        880          8.8000    1195159.5974     747860.7926     447298.8048          9.5403     153162.7615      -3096.0421          0.0000          0.0000     597794.0732        300.1219 1352000000.0000

INFO:        900          9.0000    1194121.6700     746617.5914     447504.0786          9.5309     152648.5085      -2792.4235          0.0000          0.0000     596761.5064        300.2597 1352000000.0000

INFO:        920          9.2000    1192662.3262     746007.0566     446655.2696          9.5363     153160.1397      -2861.8701          0.0000          0.0000     595708.7870        299.6901 1352000000.0000

INFO:        940          9.4000    1191168.2084     744497.4618     446670.7466          9.5249     152721.1319      -2932.5530          0.0000          0.0000     594708.8829        299.7005 1352000000.0000

INFO:        960          9.6000    1190243.0796     743558.3889     446684.6907          9.5286     152718.6276      -2899.6511          0.0000          0.0000     593739.4124        299.7099 1352000000.0000

INFO:        980          9.8000    1189956.8927     742837.8861     447119.0067          9.5298     152724.5083      -2677.8210          0.0000          0.0000     592791.1987        300.0013 1352000000.0000

INFO:       1000         10.0000    1189074.4063     741947.7636     447126.6428          9.5330     152902.9043      -2799.3073          0.0000          0.0000     591844.1666        300.0064 1352000000.0000

INFO:       1020         10.2000    1188406.2280     740833.6965     447572.5315          9.5249     152678.7978      -2756.1358          0.0000          0.0000     590911.0345        300.3056 1352000000.0000

INFO:       1040         10.4000    1187481.8761     740543.0861     446938.7900          9.5396     153203.2835      -2659.9249          0.0000          0.0000     589999.7276        299.8804 1352000000.0000

INFO:       1060         10.6000    1186631.6608     740046.0081     446585.6527          9.5533     153686.5346      -2743.3330          0.0000          0.0000     589102.8066        299.6434 1352000000.0000

INFO:       1080         10.8000    1185880.0877     738459.2783     447420.8094          9.5465     153155.2120      -2905.5357          0.0000          0.0000     588209.6020        300.2038 1352000000.0000

INFO:       1100         11.0000    1184099.2008     737712.3703     446386.8305          9.5493     153206.5389      -2811.6237          0.0000          0.0000     587317.4551        299.5100 1352000000.0000

INFO:       1120         11.2000    1183637.6632     736624.1531     447013.5101          9.5384     152984.5305      -2817.4824          0.0000          0.0000     586457.1051        299.9305 1352000000.0000

INFO:       1140         11.4000    1182793.5500     735798.8498     446994.7003          9.5319     152962.2783      -2782.4206          0.0000          0.0000     585618.9920        299.9179 1352000000.0000

INFO:       1160         11.6000    1181516.6028     735354.1488     446162.4540          9.5449     153200.6515      -2663.1751          0.0000          0.0000     584816.6724        299.3595 1352000000.0000

INFO:       1180         11.8000    1181015.2203     734125.4081     446889.8122          9.5309     152691.3414      -2564.0200          0.0000          0.0000     583998.0866        299.8475 1352000000.0000

INFO:       1200         12.0000    1181039.4557     734015.0181     447024.4377          9.5546     153304.0645      -2506.6857          0.0000          0.0000     583217.6393        299.9378 1352000000.0000

INFO:       1220         12.2000    1179822.9336     733221.1345     446601.7991          9.5495     153191.0591      -2390.6955          0.0000          0.0000     582420.7710        299.6543 1352000000.0000

INFO:       1240         12.4000    1179261.8949     732244.2270     447017.6678          9.5444     153130.8820      -2505.8701          0.0000          0.0000     581619.2151        299.9333 1352000000.0000

INFO:       1260         12.6000    1178313.8712     731676.7466     446637.1246          9.5464     153376.5031      -2525.9778          0.0000          0.0000     580826.2213        299.6780 1352000000.0000

INFO:       1280         12.8000    1177422.9146     730849.2953     446573.6193          9.5504     153326.2397      -2559.7963          0.0000          0.0000     580082.8519        299.6354 1352000000.0000

INFO:       1300         13.0000    1176964.8113     730256.0919     446708.7194          9.5505     153307.6472      -2407.4887          0.0000          0.0000     579355.9333        299.7260 1352000000.0000

INFO:       1320         13.2000    1175995.8516     729674.7515     446321.1000          9.5436     153347.3961      -2323.5755          0.0000          0.0000     578650.9310        299.4659 1352000000.0000

INFO:       1340         13.4000    1175600.5847     728878.0366     446722.5481          9.5454     153241.3583      -2303.7922          0.0000          0.0000     577940.4705        299.7353 1352000000.0000

INFO:       1360         13.6000    1174641.4181     727857.6805     446783.7376          9.5376     152904.9084      -2280.3858          0.0000          0.0000     577233.1579        299.7763 1352000000.0000

INFO:       1380         13.8000    1173908.4422     727423.4732     446484.9691          9.5442     153003.4027      -2120.6715          0.0000          0.0000     576540.7420        299.5759 1352000000.0000

INFO:       1400         14.0000    1173315.5902     726799.3045     446516.2857          9.5402     153118.9096      -2147.9481          0.0000          0.0000     575828.3430        299.5969 1352000000.0000

INFO:       1420         14.2000    1172838.7174     726074.9570     446763.7604          9.5415     153265.5005      -2305.7268          0.0000          0.0000     575115.1832        299.7629 1352000000.0000

INFO:       1440         14.4000    1172375.1312     725452.8057     446922.3255          9.5498     153348.5597      -2302.0555          0.0000          0.0000     574406.3015        299.8693 1352000000.0000

INFO:       1460         14.6000    1171436.8807     724734.4189     446702.4617          9.5521     153282.7755      -2268.9518          0.0000          0.0000     573720.5952        299.7218 1352000000.0000

INFO:       1480         14.8000    1171160.6655     724571.6966     446588.9689          9.5636     153829.3548      -2322.6115          0.0000          0.0000     573064.9532        299.6457 1352000000.0000

INFO:       1500         15.0000    1169853.3992     723533.7537     446319.6456          9.5555     153414.3953      -2312.1408          0.0000          0.0000     572431.4992        299.4649 1352000000.0000

INFO:       1520         15.2000    1168716.4762     722767.7877     445948.6885          9.5405     153209.8052      -2245.2387          0.0000          0.0000     571803.2213        299.2160 1352000000.0000

INFO:       1540         15.4000    1168638.8601     722350.8214     446288.0387          9.5463     153302.2850      -2149.9169          0.0000          0.0000     571198.4533        299.4437 1352000000.0000

INFO:       1560         15.6000    1168673.9386     722055.1077     446618.8309          9.5586     153556.8143      -2087.8428          0.0000          0.0000     570586.1362        299.6657 1352000000.0000

INFO:       1580         15.8000    1168234.2619     721899.3587     446334.9032          9.5700     153966.5612      -2058.9243          0.0000          0.0000     569991.7218        299.4752 1352000000.0000

INFO:       1600         16.0000    1166936.7644     721042.9793     445893.7851          9.5537     153709.2343      -2040.9341          0.0000          0.0000     569374.6792        299.1792 1352000000.0000

INFO:       1620         16.2000    1166257.1436     720450.7602     445806.3834          9.5474     153695.6898      -2038.3197          0.0000          0.0000     568793.3901        299.1206 1352000000.0000

INFO:       1640         16.4000    1166000.4359     719321.7330     446678.7028          9.5390     153115.2970      -1982.9724          0.0000          0.0000     568189.4085        299.7059 1352000000.0000

INFO:       1660         16.6000    1165553.6847     719077.3079     446476.3768          9.5477     153419.2726      -1944.7959          0.0000          0.0000     567602.8312        299.5701 1352000000.0000

INFO:       1680         16.8000    1165378.1644     718699.1308     446679.0336          9.5586     153670.2541      -1965.7562          0.0000          0.0000     566994.6328        299.7061 1352000000.0000

INFO:       1700         17.0000    1164030.2023     717794.5672     446235.6351          9.5465     153321.0110      -1965.6976          0.0000          0.0000     566439.2538        299.4086 1352000000.0000

INFO:       1720         17.2000    1163872.0641     717200.1349     446671.9293          9.5519     153434.1372      -2116.7991          0.0000          0.0000     565882.7967        299.7013 1352000000.0000

INFO:       1740         17.4000    1163095.1118     717127.1053     445968.0065          9.5671     153808.1176      -2026.6827          0.0000          0.0000     565345.6704        299.2290 1352000000.0000

INFO:       1760         17.6000    1162550.0290     716631.7050     445918.3240          9.5595     153560.4246      -1751.8536          0.0000          0.0000     564823.1340        299.1957 1352000000.0000

INFO:       1780         17.8000    1161892.9030     715948.1465     445944.7566          9.5645     153463.1552      -1833.3987          0.0000          0.0000     564318.3900        299.2134 1352000000.0000

INFO:       1800         18.0000    1160741.8015     715193.2325     445548.5690          9.5546     153434.5734      -2036.7248          0.0000          0.0000     563795.3839        298.9476 1352000000.0000

INFO:       1820         18.2000    1160179.3413     714391.7521     445787.5892          9.5405     153099.8878      -2017.0800          0.0000          0.0000     563308.9443        299.1080 1352000000.0000

INFO:       1840         18.4000    1159671.1600     714089.8899     445581.2701          9.5393     153155.7679      -1893.7767          0.0000          0.0000     562827.8987        298.9695 1352000000.0000

INFO:       1860         18.6000    1159728.1808     713852.9418     445875.2390          9.5486     153217.4134      -1742.1656          0.0000          0.0000     562377.6941        299.1668 1352000000.0000

INFO:       1880         18.8000    1159181.1956     713354.2858     445826.9098          9.5466     153173.4733      -1729.8780          0.0000          0.0000     561910.6905        299.1343 1352000000.0000

INFO:       1900         19.0000    1159048.4210     712828.7780     446219.6430          9.5449     153168.8998      -1777.1226          0.0000          0.0000     561437.0008        299.3979 1352000000.0000

INFO:       1920         19.2000    1158950.1773     712449.7382     446500.4391          9.5469     153190.0444      -1716.1277          0.0000          0.0000     560975.8215        299.5863 1352000000.0000

INFO:       1940         19.4000    1159064.1782     712456.3815     446607.7967          9.5718     153697.1895      -1748.9811          0.0000          0.0000     560508.1730        299.6583 1352000000.0000

INFO:       1960         19.6000    1158231.2142     712085.9280     446145.2862          9.5666     153740.0949      -1707.0695          0.0000          0.0000     560052.9026        299.3480 1352000000.0000

INFO:       1980         19.8000    1157052.2313     711577.7857     445474.4456          9.5612     153618.3219      -1670.5051          0.0000          0.0000     559629.9689        298.8978 1352000000.0000

INFO:       2000         20.0000    1156100.9961     710749.3922     445351.6039          9.5486     153158.1305      -1588.1207          0.0000          0.0000     559179.3824        298.8154 1352000000.0000

 
[STEP6] Deallocate Arrays
 
Output_Time> Averaged timer profile (Min, Max)
  total time      =     199.780
    setup         =       4.143
    dynamics      =     195.637
      energy      =     135.198
      integrator  =      39.461
      migration   =       0.000
      pairlist    =      18.967 (      18.495,      19.267)
  energy           
    bond          =       0.467 (       0.428,       0.502)
    angle         =       0.017 (       0.015,       0.020)
    dihedral      =       0.016 (       0.014,       0.018)
    base stacking =       0.000 (       0.000,       0.000)
    nonbond       =      79.000 (      76.118,      82.003)
      CG exv      =       1.392 (       1.027,       1.903)
      CG DNA bp   =       0.000 (       0.000,       0.000)
      CG DNA exv  =       0.000 (       0.000,       0.000)
      CG ele      =      51.874 (      50.265,      53.515)
      CG PWMcos   =       0.000 (       0.000,       0.000)
      CG PWMcosns =       0.000 (       0.000,       0.000)
      CG IDR-HPS  =      25.725 (      24.818,      26.575)
      CG IDR-KH   =       0.000 (       0.000,       0.000)
      CG KH       =       0.000 (       0.000,       0.000)
      Contact     =       0.007 (       0.006,       0.008)
      pme real    =       0.000 (       0.000,       0.000)
      pme recip   =       0.000 (       0.000,       0.000)
    solvation     =       0.000 (       0.000,       0.000)
      polar       =       0.000 (       0.000,       0.000)
      non-polar   =       0.000 (       0.000,       0.000)
    restraint     =       0.000 (       0.000,       0.000)
    qmmm          =       0.000 (       0.000,       0.000)
    morph         =       0.000 (       0.000,       0.000)
  integrator       
    constraint    =       0.000 (       0.000,       0.000)
    update        =       0.000 (       0.000,       0.000)
    comm_coord    =       0.000 (       0.000,       0.000)
    comm_force    =       0.000 (       0.000,       0.000)
  migration       =       0.000 (       0.000,       0.000)
    comm_migrate  =       0.000 (       0.000,       0.000)
    ptl_migrate   =       0.000 (       0.000,       0.000)
    bond_migrate  =       0.000 (       0.000,       0.000)
    angl_migrate  =       0.000 (       0.000,       0.000)
    dihe_migrate  =       0.000 (       0.000,       0.000)
    contact_migr  =       0.000 (       0.000,       0.000)
    stack_migrate =       0.000 (       0.000,       0.000)
    pwmcos_migrate =       0.000 (       0.000,       0.000)
    pwmcosns_migr  =       0.000 (       0.000,       0.000)
    nonb_update    =       0.000 (       0.000,       0.000)

