****************************************************
*                                                  *
*                  GENESIS ATDYN                   *
*                                                  *
*        A Molecular Dynamics Simulator with       *
*            Atomic Decomposition Scheme           *
*                                                  *
*               Developed by RIKEN                 *
*                                                  *
****************************************************
 
[STEP0] Architecture and Compiler Information
 
GENESIS_Information> GENESIS Information
  version      = 2.0.0
  commit ID    = $GENESIS_VERSION$
  precision    = double
  nonbonding   = CPU

Build_Information> Compiler Information
  build host   = jjwsmj@hokusai2
  fortran      = ifort (IFORT) 2021.7.1 20221019
  option       = 
  -axCORE-AVX512 -g -O3  -qmkl=parallel  -assume byterecl -qopenmp  
  C            = 
 icc: remark #10441: The Intel(R) C++ Compiler Classic (ICC) is deprecated and w
 ill be removed from product release in the second half of 2023. The Intel(R) on
 eAPI DPC++/C++ Compiler (ICX) is the recommended compiler moving forward. Pleas
 e transition to use this compiler. Use '-diag-disable=10441' to disable this me
 ssage.
  option       = -O3 -ip -axCORE-AVX2  -qopenmp 
  defined var. = 
  -DHAVE_MPI_GENESIS -DOMP -DIFORT19 -DFFTE -DLAPACK -DDSFMT_MEXP=19937 -DINTEL
  link option  = 
  -assume byterecl -lgfortran -qopenmp  -lmkl_intel_lp64 -lmkl_sequential -lmkl_
 core -lmkl_lapack95_lp64   
  MPI Compiler = Intel(R) MPI

Runtime_Information> Machine and Library Information
  date       = 2023/05/12 15:27:45
  cpu model    = Intel(R) Xeon(R) Gold 6148 CPU @ 2.40GHz
  exec. host   = jjwsmj@bwmpc0290
  LD library   = 
 /bwfefs/opt/x86_64/intel/oneapi/2022.3/mpi/2021.7.1/libfabric/lib:/bwfefs/opt/x
 86_64/intel/oneapi/2022.3/mpi/2021.7.1/lib/release:/bwfefs/opt/x86_64/intel/one
 api/2022.3/mpi/2021.7.1/lib:/bwfefs/opt/x86_64/intel/oneapi/2022.3/tbb/2021.7.1
 /lib/intel64/gcc4.8:/usr/lib64:/bwfefs/opt/x86_64/intel/oneapi/2022.3/vpl/2022.
 2.5/lib:/bwfefs/opt/x86_64/intel/oneapi/2022.3/mkl/latest/lib/intel64:/bwfefs/o
 pt/x86_64/intel/oneapi/2022.3/itac/2021.7.1/slib:/bwfefs/opt/x86_64/intel/oneap
 i/2022.3/ippcp/2021.6.2/lib/intel64:/bwfefs/opt/x86_64/intel/oneapi/2022.3/ipp/
 2021.6.2/lib/intel64:/bwfefs/opt/x86_64/intel/oneapi/2022.3/dnnl/2022.2.1/cpu_d
 pcpp_gpu_dpcpp/lib:/bwfefs/opt/x86_64/intel/oneapi/2022.3/dal/2021.7.1/lib/inte
 l64:/bwfefs/opt/x86_64/intel/oneapi/2022.3/compiler/2022.2.1/linux/compiler/lib
 :/bwfefs/opt/x86_64/intel/oneapi/2022.3/compiler/2022.2.1/linux/lib/oclfpga/hos
 t/linux64/lib:/bwfefs/opt/x86_64/intel/oneapi/2022.3/compiler/2022.2.1/linux/li
 b/oclfpga/linux64/lib:/bwfefs/opt/x86_64/intel/oneapi/2022.3/compiler/2022.2.1/
 linux/lib:/bwfefs/opt/x86_64/intel/oneapi/2022.3/compiler/2022.2.1/linux/lib/x6
 4:/bwfefs/opt/x86_64/intel/oneapi/2022.3/compiler/2022.2.1/linux/lib/emu:/bwfef
 s/opt/x86_64/intel/oneapi/2022.3/compiler/2022.2.1/linux/compiler/lib/intel64_l
 in:/bwfefs/opt/x86_64/intel/oneapi/2022.3/debugger/2021.7.1/dep/lib:/bwfefs/opt
 /x86_64/intel/oneapi/2022.3/debugger/2021.7.1/libipt/intel64/lib:/bwfefs/opt/x8
 6_64/intel/oneapi/2022.3/debugger/2021.7.1/gdb/intel64/lib:/bwfefs/opt/x86_64/
 MPI Runtime = Intel(R) MPI Library 2021.7 for Linux* OS


[STEP1] Read Control Parameters
 
Read_Ctrl_Input> Input Files
  grotopfile = pro.top
  grocrdfile = crd/pos_5000.gro
 
Read_Ctrl_Output> Output Files
 
Read_Ctrl_Energy> WARNING: "water_model" is not available
Read_Ctrl_Energy> Parameters of Energy Calculations
  forcefield      =    RESIDCG
  switchdist      =     10.000  cutoffdist      =     12.000
  pairlistdist    =     13.500  dielec_const    =      1.000
  debye           =     10.000
  vdw_force_switch=         no
  electrostatic   =  CUTOFF
  implicit_solvent=       none
  table           =         no
  water_model     =       NONE
  output_style    =    GENESIS
  dispersion_corr =       none
  nonb_limiter    =      no
  user def. table =     no
  efield_x        =           0.000
  efield_y        =           0.000
  efield_z        =           0.000
  efield_normal   =              no
  efield_virial   =              no
 
Read_Ctrl_Dynamics> Parameters of MD simulation
  integrator      =    VVER_CG  nsteps          =       2000
  timestep        =     0.0100  initial_time    =     0.0000
  eneout_period   =         20  rstout_period   =          0
  crdout_period   =          0  velout_period   =          0
  nbupdate_period =         20  stoptr_period   =         10
  qmsave_period   =          0
  iseed           =         -1
  annealing       =         no
  verbose         =         no
  target_md       =         no
  steered_md      =         no
  shrink_box      =         no
  esp_mm          =         no
 
Read_Ctrl_Constraints> Parameters for Constraints
  rigid_bond      =         no
  fixatm_select_index        =       none
 
Read_Ctrl_Ensemble> Parameters for Ensemble
  ensemble        =        NVT
  temperature     =    300.000
  tpcontrol       =   LANGEVIN
  gamma_t         =      1.000
 
Read_Ctrl_Boundary> Parameters of Boundary Condition
  type            =     PBC   
  box_size(x,y,z) =   3200.000   650.000   650.000
  pairlist_grid   =      3.000
 
Read_Ctrl_Selection> Parameters of Selection
  # of groups     =          0
  # of mole names =          0
 
Read_Ctrl_Restraints> No restraint in the system

Read_Ctrl_Fitting_MD> Parameters of Fitting
  fitting method  =  TR+ROT   
  fitting atom    = group1
  mass_weight     =         no
 
[STEP2] Setup MPI
 
Setup_Mpi_Md> Summary of Setup MPI
  number of MPI processes   =         32
  number of OpenMP threads  =          5
  total number of CPU cores =        160

[STEP3] Set Relevant Variables and Structures
 
Read_Grotop> Summary of Grotopfile
  num_moltypes    =          1
    pos100_cg             :
      num_atoms   =        100
      num_bonds   =         99
      num_angls   =          0
      num_dihes   =          0
      num_cmaps   =          0
      num_excls   =          0
      num_constrs =          0
      num_pairs   =          0
      num_vsites2 =          0
      num_vsites3 =          0
      num_vsites4 =          0
      num_vsitesn =          0
      num_posress =          0
      num_PWMcos  =          0
      num_PWMcosns=          0
      num_IDR_HPS =          1
      num_IDR_KH  =          0
    .. not used molecule types were hidden.

  num_molecules   =       5000
    pos100_cg             :  5000

  num_atomtypes   =         33  num_bondtypes   =          0
  num_angltypes   =          0  num_dihetypes   =          0
  num_flangltypes           20
  num_fldihetypes          400
  num_constrtypes =          0  num_cmaptypes   =          0
  num_nbonparms   =          0
  num_basestacktypes  =     16
  num_basepairtypes   =      4
  num_basecrosstypes  =     32
  num_cgdnaexvtypes   =      6
  num_cgelemolpairs   =      1
  num_cg_IDR_HPS_atomtypes  =     20
  num_cg_KH_atomtypes  =    20

  num_cg_pair_MJ_eps   =   400

Define_Molecule> Summary of molecules
  num_atoms       =     500000  num_bonds       =     495000
  num_angles      =          0  num_dihedrals   =          0
  num_impropers   =          0  num_cmap_terms  =          0
  num_residues    =     500000  num_molecules   =       5000
  num_segments    =          1  num_deg_freedom =    1500000
  total_charge    = 500000.000
 
Update_Num_Deg_Freedom> Number of degrees of freedom was updated
  num_deg_freedom =    1499997 (After removing translation)
 
Setup_Boundary> Setup Variables for Boundary Condition
  box_size(x,y,z) =   3200.000   650.000   650.000
  origin(x,y,z)   =      0.000     0.000     0.000
 
Random_Init> Initialize the random number
  seed            = 295985

Define_Enefunc_Gromacs> Number of Interactions in Each Term
  bond_ene        =     495000  angle_ene       =          0
  torsion_ene     =          0  rb_torsion_ene  =          0
  improper_ene    =          0
  nb_exclusions   =     495000  nb14_calc       =          0
  vsite2_ene      =          0  vsite3_ene      =          0
  vsite3fd_ene    =          0  vsite3fad_ene   =          0
  vsite3out_ene   =          0  vsite4fdn_ene   =          0
  vsiten_ene      =          0
 restraint_groups =          0 restraint_funcs  =          0
 
Get_Morph_in> Morphing check
  morphing_bb     =          0  morphing_sc     =          0
 
Setup_Fitting_Atdyn> NO fitting is applied, skip
  fitting method  =  NO
 
[STEP4] Compute Single Point Energy for Molecules
 
            STEP          ENERGY            BOND  NATIVE_CONTACT NON-NATIVE_CONT           ELECT         IDR_HPS          CG_EXV
 --------------- --------------- --------------- --------------- ---------------
               0     853902.2916     170690.3546          0.0000          0.0000     681472.3800       1739.5570          0.0000

[STEP5] Perform Molecular Dynamics Simulation
 
Generate_Velocity> Generate initial velocities
  iseed           =     295985
  temperature     =    300.000
 
Random_Init_Velocity> Initialize the random number
  seed            = 295985

INFO:       STEP            TIME       TOTAL_ENE   POTENTIAL_ENE     KINETIC_ENE            RMSG            BOND         IDR_HPS  NATIVE_CONTACT          CG_EXV           ELECT     TEMPERATURE          VOLUME
 --------------- --------------- --------------- --------------- ---------------
INFO:          0          0.0000    1301548.6332     853902.2916     447646.3416         10.1780     170690.3546       1739.5570          0.0000          0.0000     681472.3800        300.3551 1352000000.0000

Random_Init> Initialize the random number
  seed            = 634675089

INFO:         20          0.2000    1295656.3460     843932.6716     451723.6744          9.9006     162365.1269        812.7289          0.0000          0.0000     680754.8157        303.0909 1352000000.0000

INFO:         40          0.4000    1291819.5110     837323.3785     454496.1325          9.7769     159528.8217      -1154.9973          0.0000          0.0000     678949.5541        304.9511 1352000000.0000

INFO:         60          0.6000    1287855.8806     831427.7721     456428.1085          9.7212     157766.6733      -2754.7956          0.0000          0.0000     676415.8944        306.2474 1352000000.0000

INFO:         80          0.8000    1282495.6562     826527.4278     455968.2284          9.6841     156839.6897      -3804.9414          0.0000          0.0000     673492.6795        305.9388 1352000000.0000

INFO:        100          1.0000    1278283.9938     822657.4587     455626.5351          9.6689     156569.1775      -4314.5835          0.0000          0.0000     670402.8648        305.7095 1352000000.0000

INFO:        120          1.2000    1273884.0942     817707.9436     456176.1507          9.6302     155219.1270      -4773.1409          0.0000          0.0000     667261.9575        306.0783 1352000000.0000

INFO:        140          1.4000    1269622.4536     814433.3594     455189.0943          9.6331     155543.4991      -5240.3095          0.0000          0.0000     664130.1697        305.4160 1352000000.0000

INFO:        160          1.6000    1265755.7073     810855.3860     454900.3213          9.6183     154951.9486      -5188.1022          0.0000          0.0000     661091.5396        305.2223 1352000000.0000

INFO:        180          1.8000    1261250.8358     807631.4614     453619.3744          9.6056     154777.3166      -5261.4944          0.0000          0.0000     658115.6392        304.3628 1352000000.0000

INFO:        200          2.0000    1257467.3023     804326.5965     453140.7057          9.5999     154477.4783      -5384.4537          0.0000          0.0000     655233.5719        304.0416 1352000000.0000

INFO:        220          2.2000    1254093.8522     801033.6292     453060.2230          9.5868     154074.8915      -5471.7340          0.0000          0.0000     652430.4717        303.9876 1352000000.0000

INFO:        240          2.4000    1250900.1385     798048.2795     452851.8590          9.5666     153689.8662      -5359.0827          0.0000          0.0000     649717.4960        303.8478 1352000000.0000

INFO:        260          2.6000    1248102.3538     795183.2738     452919.0800          9.5575     153339.8553      -5299.2112          0.0000          0.0000     647142.6298        303.8929 1352000000.0000

INFO:        280          2.8000    1245042.3015     793141.2063     451901.0951          9.5636     153537.0982      -5064.9931          0.0000          0.0000     644669.1012        303.2099 1352000000.0000

INFO:        300          3.0000    1241487.5912     791159.3555     450328.2357          9.5617     153515.1138      -4648.3395          0.0000          0.0000     642292.5811        302.1546 1352000000.0000

INFO:        320          3.2000    1239618.0323     788942.3623     450675.6700          9.5627     153654.5596      -4672.4010          0.0000          0.0000     639960.2037        302.3877 1352000000.0000

INFO:        340          3.4000    1237010.2802     786753.1465     450257.1337          9.5665     153872.1740      -4820.8954          0.0000          0.0000     637701.8679        302.1069 1352000000.0000

INFO:        360          3.6000    1234912.2725     784225.9964     450686.2762          9.5603     153604.6485      -4911.6852          0.0000          0.0000     635533.0331        302.3948 1352000000.0000

INFO:        380          3.8000    1233029.0366     782032.6935     450996.3431          9.5518     153385.8591      -4815.7848          0.0000          0.0000     633462.6191        302.6029 1352000000.0000

INFO:        400          4.0000    1230618.4202     780001.2330     450617.1872          9.5469     153152.1853      -4649.8376          0.0000          0.0000     631498.8854        302.3484 1352000000.0000

INFO:        420          4.2000    1229144.4663     779082.8538     450061.6125          9.5680     153882.7302      -4390.5578          0.0000          0.0000     629590.6814        301.9757 1352000000.0000

INFO:        440          4.4000    1227114.1018     777087.2667     450026.8351          9.5711     153630.4296      -4293.8068          0.0000          0.0000     627750.6439        301.9523 1352000000.0000

INFO:        460          4.6000    1224759.9792     774949.5623     449810.4169          9.5466     153131.3205      -4132.1975          0.0000          0.0000     625950.4392        301.8071 1352000000.0000

INFO:        480          4.8000    1222754.1291     773294.4379     449459.6912          9.5468     153232.9720      -4114.9091          0.0000          0.0000     624176.3750        301.5718 1352000000.0000

INFO:        500          5.0000    1219826.2494     771352.9752     448473.2742          9.5433     153037.6249      -4153.7104          0.0000          0.0000     622469.0607        300.9100 1352000000.0000

INFO:        520          5.2000    1218985.2829     770037.4252     448947.8577          9.5482     153139.5837      -3937.6403          0.0000          0.0000     620835.4818        301.2284 1352000000.0000

INFO:        540          5.4000    1217471.3402     768521.0886     448950.2516          9.5482     153114.4546      -3846.9337          0.0000          0.0000     619253.5678        301.2300 1352000000.0000

INFO:        560          5.6000    1216284.9456     767024.1813     449260.7644          9.5449     152909.5677      -3601.5152          0.0000          0.0000     617716.1288        301.4383 1352000000.0000

INFO:        580          5.8000    1214513.1044     765953.3508     448559.7536          9.5566     153316.6739      -3595.3620          0.0000          0.0000     616232.0389        300.9680 1352000000.0000

INFO:        600          6.0000    1213401.5397     764655.9194     448745.6203          9.5623     153382.2963      -3512.0374          0.0000          0.0000     614785.6605        301.0927 1352000000.0000

INFO:        620          6.2000    1212292.2527     763427.2626     448864.9901          9.5598     153556.4519      -3490.6928          0.0000          0.0000     613361.5035        301.1728 1352000000.0000

INFO:        640          6.4000    1210413.3672     761568.1112     448845.2560          9.5415     152970.0256      -3375.4437          0.0000          0.0000     611973.5293        301.1595 1352000000.0000

INFO:        660          6.6000    1209363.0300     760393.3802     448969.6498          9.5498     153199.8571      -3406.6149          0.0000          0.0000     610600.1379        301.2430 1352000000.0000

INFO:        680          6.8000    1207386.2578     759252.7234     448133.5343          9.5508     153148.5562      -3183.3632          0.0000          0.0000     609287.5305        300.6820 1352000000.0000

INFO:        700          7.0000    1205562.7241     758076.0161     447486.7080          9.5486     153118.1781      -3056.4509          0.0000          0.0000     608014.2889        300.2480 1352000000.0000

INFO:        720          7.2000    1204467.1340     756426.7479     448040.3861          9.5342     153005.9768      -3318.9854          0.0000          0.0000     606739.7565        300.6195 1352000000.0000

INFO:        740          7.4000    1203019.6717     754464.0071     448555.6646          9.5240     152366.1568      -3399.4404          0.0000          0.0000     605497.2907        300.9652 1352000000.0000

INFO:        760          7.6000    1201584.1210     753884.8622     447699.2588          9.5400     152994.8637      -3381.2639          0.0000          0.0000     604271.2625        300.3906 1352000000.0000

INFO:        780          7.8000    1200124.5433     753099.0779     447025.4655          9.5555     153339.1551      -3334.0530          0.0000          0.0000     603093.9757        299.9385 1352000000.0000

INFO:        800          8.0000    1198662.6790     751597.5130     447065.1660          9.5379     152849.7733      -3191.1542          0.0000          0.0000     601938.8939        299.9652 1352000000.0000

INFO:        820          8.2000    1197650.5562     750955.4386     446695.1176          9.5438     153299.8341      -3160.1013          0.0000          0.0000     600815.7058        299.7169 1352000000.0000

INFO:        840          8.4000    1196424.9135     749253.2137     447171.6999          9.5338     152658.1730      -3136.1285          0.0000          0.0000     599731.1692        300.0366 1352000000.0000

INFO:        860          8.6000    1194950.6266     748165.0491     446785.5774          9.5256     152577.8506      -3065.1094          0.0000          0.0000     598652.3079        299.7776 1352000000.0000

INFO:        880          8.8000    1194263.3008     747636.7033     446626.5975          9.5478     152996.3174      -2964.9471          0.0000          0.0000     597605.3330        299.6709 1352000000.0000

INFO:        900          9.0000    1193812.7859     746624.9960     447187.7899          9.5408     153078.7710      -3021.2597          0.0000          0.0000     596567.4847        300.0474 1352000000.0000

INFO:        920          9.2000    1192906.5735     746393.0097     446513.5638          9.5595     153641.9593      -2826.8175          0.0000          0.0000     595577.8679        299.5951 1352000000.0000

INFO:        940          9.4000    1191859.0196     744847.9841     447011.0355          9.5446     153037.5565      -2801.3837          0.0000          0.0000     594611.8112        299.9288 1352000000.0000

INFO:        960          9.6000    1190721.1521     743627.2167     447093.9355          9.5289     152676.3018      -2705.2066          0.0000          0.0000     593656.1215        299.9845 1352000000.0000

INFO:        980          9.8000    1190534.6926     742859.8534     447674.8392          9.5391     152905.6187      -2742.7292          0.0000          0.0000     592696.9639        300.3742 1352000000.0000

INFO:       1000         10.0000    1189519.7513     741958.4563     447561.2950          9.5385     152996.6780      -2764.0325          0.0000          0.0000     591725.8107        300.2981 1352000000.0000

INFO:       1020         10.2000    1188667.2283     740750.0754     447917.1529          9.5250     152689.3702      -2725.4961          0.0000          0.0000     590786.2013        300.5368 1352000000.0000

INFO:       1040         10.4000    1188107.2753     740546.5840     447560.6913          9.5456     153431.1135      -2743.6447          0.0000          0.0000     589859.1152        300.2976 1352000000.0000

INFO:       1060         10.6000    1187267.9283     739572.0869     447695.8413          9.5494     153284.8226      -2690.2805          0.0000          0.0000     588977.5448        300.3883 1352000000.0000

INFO:       1080         10.8000    1186527.3816     739310.8734     447216.5082          9.5616     153767.6098      -2563.2324          0.0000          0.0000     588106.4960        300.0667 1352000000.0000

INFO:       1100         11.0000    1185523.9521     738282.5446     447241.4075          9.5511     153367.7230      -2326.8672          0.0000          0.0000     587241.6887        300.0834 1352000000.0000

INFO:       1120         11.2000    1184324.3835     737379.2008     446945.1827          9.5487     153208.9821      -2203.4794          0.0000          0.0000     586373.6981        299.8847 1352000000.0000

INFO:       1140         11.4000    1183118.7252     736240.6989     446878.0263          9.5470     153220.6833      -2467.7818          0.0000          0.0000     585487.7974        299.8396 1352000000.0000

INFO:       1160         11.6000    1182353.5980     735090.0898     447263.5082          9.5380     153036.8625      -2562.9822          0.0000          0.0000     584616.2095        300.0982 1352000000.0000

INFO:       1180         11.8000    1181611.4842     734022.6157     447588.8685          9.5352     152911.0126      -2652.7039          0.0000          0.0000     583764.3070        300.3166 1352000000.0000

INFO:       1200         12.0000    1180665.4422     733465.5472     447199.8950          9.5303     153159.8576      -2645.8915          0.0000          0.0000     582951.5811        300.0556 1352000000.0000

INFO:       1220         12.2000    1179631.6985     732915.0811     446716.6174          9.5391     153279.5219      -2545.0590          0.0000          0.0000     582180.6182        299.7313 1352000000.0000

INFO:       1240         12.4000    1178850.1404     732118.4503     446731.6901          9.5390     153119.7511      -2432.4489          0.0000          0.0000     581431.1482        299.7414 1352000000.0000

INFO:       1260         12.6000    1178555.0345     731866.4862     446688.5482          9.5409     153424.7368      -2234.9661          0.0000          0.0000     580676.7155        299.7125 1352000000.0000

INFO:       1280         12.8000    1178066.0183     731254.2844     446811.7339          9.5464     153405.3336      -2092.7309          0.0000          0.0000     579941.6817        299.7951 1352000000.0000

INFO:       1300         13.0000    1177413.8543     730168.6763     447245.1780          9.5415     153272.2178      -2302.0859          0.0000          0.0000     579198.5443        300.0859 1352000000.0000

INFO:       1320         13.2000    1176657.0255     729251.7920     447405.2335          9.5328     153127.6702      -2359.3235          0.0000          0.0000     578483.4453        300.1933 1352000000.0000

INFO:       1340         13.4000    1175586.7526     728630.0062     446956.7464          9.5360     152987.9512      -2145.9437          0.0000          0.0000     577787.9987        299.8924 1352000000.0000

INFO:       1360         13.6000    1173785.5198     727834.6767     445950.8431          9.5306     152911.4879      -2178.2677          0.0000          0.0000     577101.4564        299.2175 1352000000.0000

INFO:       1380         13.8000    1173201.0399     726892.6603     446308.3795          9.5342     152862.8895      -2369.1396          0.0000          0.0000     576398.9105        299.4574 1352000000.0000

INFO:       1400         14.0000    1172796.6330     726358.2418     446438.3912          9.5388     153208.0285      -2526.7123          0.0000          0.0000     575676.9256        299.5446 1352000000.0000

INFO:       1420         14.2000    1172451.1903     726051.8324     446399.3579          9.5521     153461.5444      -2424.7689          0.0000          0.0000     575015.0570        299.5184 1352000000.0000

INFO:       1440         14.4000    1172291.2322     725326.4059     446964.8262          9.5373     153154.2831      -2224.6644          0.0000          0.0000     574396.7872        299.8978 1352000000.0000

INFO:       1460         14.6000    1172027.9781     725273.0664     446754.9116          9.5515     153524.0794      -2054.5884          0.0000          0.0000     573803.5754        299.7570 1352000000.0000

INFO:       1480         14.8000    1171448.1918     724326.5763     447121.6154          9.5448     153086.2902      -1948.2406          0.0000          0.0000     573188.5268        300.0030 1352000000.0000

INFO:       1500         15.0000    1170691.8904     724310.6700     446381.2204          9.5625     153640.1523      -1911.8663          0.0000          0.0000     572582.3840        299.5063 1352000000.0000

INFO:       1520         15.2000    1169997.4463     723207.9452     446789.5011          9.5480     153227.9766      -1993.5015          0.0000          0.0000     571973.4702        299.7802 1352000000.0000

INFO:       1540         15.4000    1169069.3224     722546.8804     446522.4420          9.5557     153185.0001      -2011.6456          0.0000          0.0000     571373.5260        299.6010 1352000000.0000

INFO:       1560         15.6000    1168850.4706     722016.5657     446833.9049          9.5496     153315.0381      -2094.9477          0.0000          0.0000     570796.4754        299.8100 1352000000.0000

INFO:       1580         15.8000    1168326.1512     721300.5767     447025.5746          9.5415     153171.1517      -2094.1618          0.0000          0.0000     570223.5867        299.9386 1352000000.0000

INFO:       1600         16.0000    1168183.7412     721424.3390     446759.4022          9.5586     153676.7417      -1923.6298          0.0000          0.0000     569671.2271        299.7600 1352000000.0000

INFO:       1620         16.2000    1167695.1353     720665.9397     447029.1956          9.5518     153307.7271      -1766.6731          0.0000          0.0000     569124.8857        299.9410 1352000000.0000

INFO:       1640         16.4000    1167078.4946     719993.3599     447085.1347          9.5419     153247.2997      -1798.5237          0.0000          0.0000     568544.5840        299.9786 1352000000.0000

INFO:       1660         16.6000    1165891.8068     718973.4817     446918.3251          9.5406     153028.1761      -2013.6715          0.0000          0.0000     567958.9771        299.8666 1352000000.0000

INFO:       1680         16.8000    1165415.5377     719172.0146     446243.5231          9.5576     153719.4469      -1968.2071          0.0000          0.0000     567420.7747        299.4139 1352000000.0000

INFO:       1700         17.0000    1165136.0327     718402.4056     446733.6272          9.5460     153408.9870      -1888.5810          0.0000          0.0000     566881.9996        299.7427 1352000000.0000

INFO:       1720         17.2000    1164669.5159     717607.3475     447062.1684          9.5421     153164.2465      -1921.7581          0.0000          0.0000     566364.8591        299.9632 1352000000.0000

INFO:       1740         17.4000    1164238.8056     717573.3910     446665.4146          9.5500     153396.9324      -1688.5337          0.0000          0.0000     565864.9923        299.6969 1352000000.0000

INFO:       1760         17.6000    1163923.5570     717170.6720     446752.8850          9.5440     153413.7871      -1607.9512          0.0000          0.0000     565364.8360        299.7556 1352000000.0000

INFO:       1780         17.8000    1163657.4150     716997.7519     446659.6631          9.5504     153514.8895      -1385.6486          0.0000          0.0000     564868.5111        299.6931 1352000000.0000

INFO:       1800         18.0000    1162652.1376     716486.2372     446165.9004          9.5507     153419.3074      -1305.9477          0.0000          0.0000     564372.8774        299.3618 1352000000.0000

INFO:       1820         18.2000    1161741.8520     715564.6070     446177.2450          9.5460     153249.5049      -1510.0847          0.0000          0.0000     563825.1868        299.3694 1352000000.0000

INFO:       1840         18.4000    1160413.6428     714862.4924     445551.1504          9.5415     153299.7801      -1737.5254          0.0000          0.0000     563300.2376        298.9493 1352000000.0000

INFO:       1860         18.6000    1160534.3866     714793.8254     445740.5612          9.5520     153491.3371      -1483.4745          0.0000          0.0000     562785.9629        299.0764 1352000000.0000

INFO:       1880         18.8000    1160591.6502     714048.5780     446543.0722          9.5483     153353.5194      -1570.0182          0.0000          0.0000     562265.0769        299.6149 1352000000.0000

INFO:       1900         19.0000    1160156.7765     712998.2457     447158.5308          9.5312     152849.4631      -1598.4832          0.0000          0.0000     561747.2658        300.0278 1352000000.0000

INFO:       1920         19.2000    1159579.1902     713383.0187     446196.1714          9.5568     153632.6086      -1495.7346          0.0000          0.0000     561246.1447        299.3821 1352000000.0000

INFO:       1940         19.4000    1159222.1163     712623.8571     446598.2592          9.5472     153439.2048      -1540.3700          0.0000          0.0000     560725.0224        299.6519 1352000000.0000

INFO:       1960         19.6000    1159119.4326     712209.2566     446910.1760          9.5608     153729.5066      -1723.6710          0.0000          0.0000     560203.4210        299.8612 1352000000.0000

INFO:       1980         19.8000    1158408.8741     711473.0238     446935.8503          9.5530     153472.4911      -1686.9658          0.0000          0.0000     559687.4984        299.8784 1352000000.0000

INFO:       2000         20.0000    1157633.1349     710976.8473     446656.2875          9.5535     153412.6873      -1646.4155          0.0000          0.0000     559210.5756        299.6908 1352000000.0000

 
[STEP6] Deallocate Arrays
 
Output_Time> Averaged timer profile (Min, Max)
  total time      =     199.622
    setup         =       3.877
    dynamics      =     195.746
      energy      =     135.111
      integrator  =      39.596
      migration   =       0.000
      pairlist    =      19.032 (      18.444,      21.307)
  energy           
    bond          =       0.472 (       0.430,       0.512)
    angle         =       0.016 (       0.015,       0.020)
    dihedral      =       0.015 (       0.014,       0.018)
    base stacking =       0.000 (       0.000,       0.000)
    nonbond       =      78.357 (      76.242,      82.017)
      CG exv      =       1.339 (       1.021,       1.756)
      CG DNA bp   =       0.000 (       0.000,       0.000)
      CG DNA exv  =       0.000 (       0.000,       0.000)
      CG ele      =      51.481 (      50.283,      54.280)
      CG PWMcos   =       0.000 (       0.000,       0.000)
      CG PWMcosns =       0.000 (       0.000,       0.000)
      CG IDR-HPS  =      25.527 (      24.652,      26.303)
      CG IDR-KH   =       0.000 (       0.000,       0.000)
      CG KH       =       0.000 (       0.000,       0.000)
      Contact     =       0.006 (       0.005,       0.007)
      pme real    =       0.000 (       0.000,       0.000)
      pme recip   =       0.000 (       0.000,       0.000)
    solvation     =       0.000 (       0.000,       0.000)
      polar       =       0.000 (       0.000,       0.000)
      non-polar   =       0.000 (       0.000,       0.000)
    restraint     =       0.000 (       0.000,       0.000)
    qmmm          =       0.000 (       0.000,       0.000)
    morph         =       0.000 (       0.000,       0.000)
  integrator       
    constraint    =       0.000 (       0.000,       0.000)
    update        =       0.000 (       0.000,       0.000)
    comm_coord    =       0.000 (       0.000,       0.000)
    comm_force    =       0.000 (       0.000,       0.000)
  migration       =       0.000 (       0.000,       0.000)
    comm_migrate  =       0.000 (       0.000,       0.000)
    ptl_migrate   =       0.000 (       0.000,       0.000)
    bond_migrate  =       0.000 (       0.000,       0.000)
    angl_migrate  =       0.000 (       0.000,       0.000)
    dihe_migrate  =       0.000 (       0.000,       0.000)
    contact_migr  =       0.000 (       0.000,       0.000)
    stack_migrate =       0.000 (       0.000,       0.000)
    pwmcos_migrate =       0.000 (       0.000,       0.000)
    pwmcosns_migr  =       0.000 (       0.000,       0.000)
    nonb_update    =       0.000 (       0.000,       0.000)

