****************************************************
*                                                  *
*                  GENESIS ATDYN                   *
*                                                  *
*        A Molecular Dynamics Simulator with       *
*            Atomic Decomposition Scheme           *
*                                                  *
*               Developed by RIKEN                 *
*                                                  *
****************************************************
 
[STEP0] Architecture and Compiler Information
 
GENESIS_Information> GENESIS Information
  version      = 2.0.0
  commit ID    = $GENESIS_VERSION$
  precision    = double
  nonbonding   = CPU

Build_Information> Compiler Information
  build host   = jjwsmj@hokusai2
  fortran      = ifort (IFORT) 2021.7.1 20221019
  option       = 
  -axCORE-AVX512 -g -O3  -qmkl=parallel  -assume byterecl -qopenmp  
  C            = 
 icc: remark #10441: The Intel(R) C++ Compiler Classic (ICC) is deprecated and w
 ill be removed from product release in the second half of 2023. The Intel(R) on
 eAPI DPC++/C++ Compiler (ICX) is the recommended compiler moving forward. Pleas
 e transition to use this compiler. Use '-diag-disable=10441' to disable this me
 ssage.
  option       = -O3 -ip -axCORE-AVX2  -qopenmp 
  defined var. = 
  -DHAVE_MPI_GENESIS -DOMP -DIFORT19 -DFFTE -DLAPACK -DDSFMT_MEXP=19937 -DINTEL
  link option  = 
  -assume byterecl -lgfortran -qopenmp  -lmkl_intel_lp64 -lmkl_sequential -lmkl_
 core -lmkl_lapack95_lp64   
  MPI Compiler = Intel(R) MPI

Runtime_Information> Machine and Library Information
  date       = 2023/05/12 15:32:29
  cpu model    = Intel(R) Xeon(R) Gold 6148 CPU @ 2.40GHz
  exec. host   = jjwsmj@bwmpc0091
  LD library   = 
 /bwfefs/opt/x86_64/intel/oneapi/2022.3/mpi/2021.7.1/libfabric/lib:/bwfefs/opt/x
 86_64/intel/oneapi/2022.3/mpi/2021.7.1/lib/release:/bwfefs/opt/x86_64/intel/one
 api/2022.3/mpi/2021.7.1/lib:/bwfefs/opt/x86_64/intel/oneapi/2022.3/tbb/2021.7.1
 /lib/intel64/gcc4.8:/usr/lib64:/bwfefs/opt/x86_64/intel/oneapi/2022.3/vpl/2022.
 2.5/lib:/bwfefs/opt/x86_64/intel/oneapi/2022.3/mkl/latest/lib/intel64:/bwfefs/o
 pt/x86_64/intel/oneapi/2022.3/itac/2021.7.1/slib:/bwfefs/opt/x86_64/intel/oneap
 i/2022.3/ippcp/2021.6.2/lib/intel64:/bwfefs/opt/x86_64/intel/oneapi/2022.3/ipp/
 2021.6.2/lib/intel64:/bwfefs/opt/x86_64/intel/oneapi/2022.3/dnnl/2022.2.1/cpu_d
 pcpp_gpu_dpcpp/lib:/bwfefs/opt/x86_64/intel/oneapi/2022.3/dal/2021.7.1/lib/inte
 l64:/bwfefs/opt/x86_64/intel/oneapi/2022.3/compiler/2022.2.1/linux/compiler/lib
 :/bwfefs/opt/x86_64/intel/oneapi/2022.3/compiler/2022.2.1/linux/lib/oclfpga/hos
 t/linux64/lib:/bwfefs/opt/x86_64/intel/oneapi/2022.3/compiler/2022.2.1/linux/li
 b/oclfpga/linux64/lib:/bwfefs/opt/x86_64/intel/oneapi/2022.3/compiler/2022.2.1/
 linux/lib:/bwfefs/opt/x86_64/intel/oneapi/2022.3/compiler/2022.2.1/linux/lib/x6
 4:/bwfefs/opt/x86_64/intel/oneapi/2022.3/compiler/2022.2.1/linux/lib/emu:/bwfef
 s/opt/x86_64/intel/oneapi/2022.3/compiler/2022.2.1/linux/compiler/lib/intel64_l
 in:/bwfefs/opt/x86_64/intel/oneapi/2022.3/debugger/2021.7.1/dep/lib:/bwfefs/opt
 /x86_64/intel/oneapi/2022.3/debugger/2021.7.1/libipt/intel64/lib:/bwfefs/opt/x8
 6_64/intel/oneapi/2022.3/debugger/2021.7.1/gdb/intel64/lib:/bwfefs/opt/x86_64/
 MPI Runtime = Intel(R) MPI Library 2021.7 for Linux* OS


[STEP1] Read Control Parameters
 
Read_Ctrl_Input> Input Files
  grotopfile = pro.top
  grocrdfile = crd/pos_5000.gro
 
Read_Ctrl_Output> Output Files
 
Read_Ctrl_Energy> WARNING: "water_model" is not available
Read_Ctrl_Energy> Parameters of Energy Calculations
  forcefield      =    RESIDCG
  switchdist      =     10.000  cutoffdist      =     12.000
  pairlistdist    =     13.500  dielec_const    =      1.000
  debye           =     10.000
  vdw_force_switch=         no
  electrostatic   =  CUTOFF
  implicit_solvent=       none
  table           =         no
  water_model     =       NONE
  output_style    =    GENESIS
  dispersion_corr =       none
  nonb_limiter    =      no
  user def. table =     no
  efield_x        =           0.000
  efield_y        =           0.000
  efield_z        =           0.000
  efield_normal   =              no
  efield_virial   =              no
 
Read_Ctrl_Dynamics> Parameters of MD simulation
  integrator      =    VVER_CG  nsteps          =       2000
  timestep        =     0.0100  initial_time    =     0.0000
  eneout_period   =         20  rstout_period   =          0
  crdout_period   =          0  velout_period   =          0
  nbupdate_period =         20  stoptr_period   =         10
  qmsave_period   =          0
  iseed           =         -1
  annealing       =         no
  verbose         =         no
  target_md       =         no
  steered_md      =         no
  shrink_box      =         no
  esp_mm          =         no
 
Read_Ctrl_Constraints> Parameters for Constraints
  rigid_bond      =         no
  fixatm_select_index        =       none
 
Read_Ctrl_Ensemble> Parameters for Ensemble
  ensemble        =        NVT
  temperature     =    300.000
  tpcontrol       =   LANGEVIN
  gamma_t         =      1.000
 
Read_Ctrl_Boundary> Parameters of Boundary Condition
  type            =     PBC   
  box_size(x,y,z) =   3200.000   650.000   650.000
  pairlist_grid   =      3.000
 
Read_Ctrl_Selection> Parameters of Selection
  # of groups     =          0
  # of mole names =          0
 
Read_Ctrl_Restraints> No restraint in the system

Read_Ctrl_Fitting_MD> Parameters of Fitting
  fitting method  =  TR+ROT   
  fitting atom    = group1
  mass_weight     =         no
 
[STEP2] Setup MPI
 
Setup_Mpi_Md> Summary of Setup MPI
  number of MPI processes   =         32
  number of OpenMP threads  =          5
  total number of CPU cores =        160

[STEP3] Set Relevant Variables and Structures
 
Read_Grotop> Summary of Grotopfile
  num_moltypes    =          1
    pos100_cg             :
      num_atoms   =        100
      num_bonds   =         99
      num_angls   =          0
      num_dihes   =          0
      num_cmaps   =          0
      num_excls   =          0
      num_constrs =          0
      num_pairs   =          0
      num_vsites2 =          0
      num_vsites3 =          0
      num_vsites4 =          0
      num_vsitesn =          0
      num_posress =          0
      num_PWMcos  =          0
      num_PWMcosns=          0
      num_IDR_HPS =          1
      num_IDR_KH  =          0
    .. not used molecule types were hidden.

  num_molecules   =       5000
    pos100_cg             :  5000

  num_atomtypes   =         33  num_bondtypes   =          0
  num_angltypes   =          0  num_dihetypes   =          0
  num_flangltypes           20
  num_fldihetypes          400
  num_constrtypes =          0  num_cmaptypes   =          0
  num_nbonparms   =          0
  num_basestacktypes  =     16
  num_basepairtypes   =      4
  num_basecrosstypes  =     32
  num_cgdnaexvtypes   =      6
  num_cgelemolpairs   =      1
  num_cg_IDR_HPS_atomtypes  =     20
  num_cg_KH_atomtypes  =    20

  num_cg_pair_MJ_eps   =   400

Define_Molecule> Summary of molecules
  num_atoms       =     500000  num_bonds       =     495000
  num_angles      =          0  num_dihedrals   =          0
  num_impropers   =          0  num_cmap_terms  =          0
  num_residues    =     500000  num_molecules   =       5000
  num_segments    =          1  num_deg_freedom =    1500000
  total_charge    = 500000.000
 
Update_Num_Deg_Freedom> Number of degrees of freedom was updated
  num_deg_freedom =    1499997 (After removing translation)
 
Setup_Boundary> Setup Variables for Boundary Condition
  box_size(x,y,z) =   3200.000   650.000   650.000
  origin(x,y,z)   =      0.000     0.000     0.000
 
Random_Init> Initialize the random number
  seed            = 673435

Define_Enefunc_Gromacs> Number of Interactions in Each Term
  bond_ene        =     495000  angle_ene       =          0
  torsion_ene     =          0  rb_torsion_ene  =          0
  improper_ene    =          0
  nb_exclusions   =     495000  nb14_calc       =          0
  vsite2_ene      =          0  vsite3_ene      =          0
  vsite3fd_ene    =          0  vsite3fad_ene   =          0
  vsite3out_ene   =          0  vsite4fdn_ene   =          0
  vsiten_ene      =          0
 restraint_groups =          0 restraint_funcs  =          0
 
Get_Morph_in> Morphing check
  morphing_bb     =          0  morphing_sc     =          0
 
Setup_Fitting_Atdyn> NO fitting is applied, skip
  fitting method  =  NO
 
[STEP4] Compute Single Point Energy for Molecules
 
            STEP          ENERGY            BOND  NATIVE_CONTACT NON-NATIVE_CONT           ELECT         IDR_HPS          CG_EXV
 --------------- --------------- --------------- --------------- ---------------
               0     853902.2916     170690.3546          0.0000          0.0000     681472.3800       1739.5570          0.0000

[STEP5] Perform Molecular Dynamics Simulation
 
Generate_Velocity> Generate initial velocities
  iseed           =     673435
  temperature     =    300.000
 
Random_Init_Velocity> Initialize the random number
  seed            = 673435

INFO:       STEP            TIME       TOTAL_ENE   POTENTIAL_ENE     KINETIC_ENE            RMSG            BOND         IDR_HPS  NATIVE_CONTACT          CG_EXV           ELECT     TEMPERATURE          VOLUME
 --------------- --------------- --------------- --------------- ---------------
INFO:          0          0.0000    1301182.9015     853902.2916     447280.6099         10.1780     170690.3546       1739.5570          0.0000          0.0000     681472.3800        300.1097 1352000000.0000

Random_Init> Initialize the random number
  seed            = 432996849

INFO:         20          0.2000    1295365.5892     842795.0259     452570.5632          9.8753     161380.0892        665.3856          0.0000          0.0000     680749.5511        303.6591 1352000000.0000

INFO:         40          0.4000    1291563.5747     838002.4153     453561.1594          9.8056     160093.7429      -1029.6941          0.0000          0.0000     678938.3665        304.3238 1352000000.0000

INFO:         60          0.6000    1287651.9617     832012.7633     455639.1984          9.7277     158084.1109      -2514.3016          0.0000          0.0000     676442.9539        305.7180 1352000000.0000

INFO:         80          0.8000    1283276.1180     826449.9601     456826.1579          9.6852     156699.8314      -3828.4703          0.0000          0.0000     673578.5990        306.5145 1352000000.0000

INFO:        100          1.0000    1278623.4638     822434.1919     456189.2718          9.6719     156363.6945      -4477.0949          0.0000          0.0000     670547.5924        306.0871 1352000000.0000

INFO:        120          1.2000    1273769.1684     818593.4713     455175.6971          9.6516     155887.9247      -4796.0456          0.0000          0.0000     667501.5922        305.4071 1352000000.0000

INFO:        140          1.4000    1269756.5231     814367.8930     455388.6301          9.6190     154978.1304      -5069.9756          0.0000          0.0000     664459.7382        305.5499 1352000000.0000

INFO:        160          1.6000    1265368.2453     810764.7262     454603.5191          9.6049     154521.9788      -5217.1694          0.0000          0.0000     661459.9169        305.0231 1352000000.0000

INFO:        180          1.8000    1261390.0874     807413.8421     453976.2452          9.5935     154108.1095      -5210.0890          0.0000          0.0000     658515.8217        304.6023 1352000000.0000

INFO:        200          2.0000    1257308.7994     804455.2140     452853.5855          9.5822     154053.2900      -5216.2452          0.0000          0.0000     655618.1692        303.8490 1352000000.0000

INFO:        220          2.2000    1254220.9096     801295.7091     452925.2005          9.5764     153584.8267      -5143.5322          0.0000          0.0000     652854.4145        303.8970 1352000000.0000

INFO:        240          2.4000    1250947.0536     798735.7014     452211.3523          9.5689     153791.7863      -5223.1669          0.0000          0.0000     650167.0819        303.4181 1352000000.0000

INFO:        260          2.6000    1247822.3286     795897.7487     451924.5799          9.5652     153532.1938      -5221.7985          0.0000          0.0000     647587.3534        303.2257 1352000000.0000

INFO:        280          2.8000    1244828.1485     793343.0843     451485.0642          9.5616     153426.5278      -5179.4142          0.0000          0.0000     645095.9707        302.9308 1352000000.0000

INFO:        300          3.0000    1243176.3408     790884.5795     452291.7614          9.5569     153263.3027      -5057.1779          0.0000          0.0000     642678.4547        303.4720 1352000000.0000

INFO:        320          3.2000    1240199.4121     789090.4508     451108.9613          9.5568     153667.9744      -4905.2975          0.0000          0.0000     640327.7738        302.6784 1352000000.0000

INFO:        340          3.4000    1237410.6924     786304.6043     451106.0881          9.5458     153098.4582      -4864.6755          0.0000          0.0000     638070.8215        302.6765 1352000000.0000

INFO:        360          3.6000    1234828.7147     784461.7847     450366.9300          9.5505     153327.9992      -4781.0974          0.0000          0.0000     635914.8829        302.1805 1352000000.0000

INFO:        380          3.8000    1232692.2980     782607.9053     450084.3927          9.5553     153388.6234      -4622.2615          0.0000          0.0000     633841.5434        301.9910 1352000000.0000

INFO:        400          4.0000    1230810.5426     781188.0054     449622.5372          9.5785     153942.7261      -4598.8520          0.0000          0.0000     631844.1313        301.6811 1352000000.0000

INFO:        420          4.2000    1228499.2779     778962.8438     449536.4341          9.5673     153472.6971      -4439.2467          0.0000          0.0000     629929.3934        301.6233 1352000000.0000

INFO:        440          4.4000    1226858.4809     777223.4411     449635.0398          9.5617     153428.3375      -4250.1736          0.0000          0.0000     628045.2773        301.6895 1352000000.0000

INFO:        460          4.6000    1224697.5443     775506.7827     449190.7617          9.5602     153530.4242      -4258.0850          0.0000          0.0000     626234.4435        301.3914 1352000000.0000

INFO:        480          4.8000    1222860.3472     774097.6391     448762.7081          9.5684     153755.5613      -4146.5622          0.0000          0.0000     624488.6400        301.1042 1352000000.0000

INFO:        500          5.0000    1221132.3512     772245.3850     448886.9662          9.5679     153529.6713      -4092.5117          0.0000          0.0000     622808.2254        301.1875 1352000000.0000

INFO:        520          5.2000    1217956.5429     770248.7571     447707.7858          9.5512     153071.3679      -4014.8137          0.0000          0.0000     621192.2029        300.3963 1352000000.0000

INFO:        540          5.4000    1216917.8360     768471.6876     448446.1483          9.5339     152841.1012      -3983.3009          0.0000          0.0000     619613.8874        300.8918 1352000000.0000

INFO:        560          5.6000    1215726.5958     766788.4702     448938.1256          9.5286     152506.5136      -3770.0643          0.0000          0.0000     618052.0209        301.2219 1352000000.0000

INFO:        580          5.8000    1214262.7583     765654.4859     448608.2723          9.5304     152816.6524      -3678.0024          0.0000          0.0000     616515.8360        301.0005 1352000000.0000

INFO:        600          6.0000    1212905.4593     764129.6959     448775.7633          9.5350     152912.6495      -3803.7680          0.0000          0.0000     615020.8145        301.1129 1352000000.0000

INFO:        620          6.2000    1211134.9197     763293.9677     447840.9520          9.5524     153391.3561      -3660.3025          0.0000          0.0000     613562.9141        300.4857 1352000000.0000

INFO:        640          6.4000    1210054.5685     761808.7379     448245.8307          9.5476     153274.4600      -3619.2601          0.0000          0.0000     612153.5380        300.7574 1352000000.0000

INFO:        660          6.6000    1208554.9313     760752.5973     447802.3341          9.5643     153631.5479      -3653.2526          0.0000          0.0000     610774.3019        300.4598 1352000000.0000

INFO:        680          6.8000    1207435.8298     758777.5986     448658.2311          9.5510     153099.2308      -3763.4263          0.0000          0.0000     609441.7942        301.0341 1352000000.0000

INFO:        700          7.0000    1206539.6882     758344.3722     448195.3160          9.5669     153774.8170      -3606.5736          0.0000          0.0000     608176.1288        300.7235 1352000000.0000

INFO:        720          7.2000    1204886.1453     756874.6774     448011.4679          9.5594     153463.0045      -3533.2035          0.0000          0.0000     606944.8765        300.6001 1352000000.0000

INFO:        740          7.4000    1203770.0623     755558.3280     448211.7343          9.5472     153187.7514      -3365.8383          0.0000          0.0000     605736.4149        300.7345 1352000000.0000

INFO:        760          7.6000    1202545.4307     754405.6313     448139.7993          9.5387     153087.9139      -3208.9010          0.0000          0.0000     604526.6184        300.6862 1352000000.0000

INFO:        780          7.8000    1201588.7036     753920.0484     447668.6552          9.5534     153565.1319      -2968.8958          0.0000          0.0000     603323.8123        300.3701 1352000000.0000

INFO:        800          8.0000    1199814.5524     752401.6880     447412.8645          9.5592     153454.1478      -3186.2645          0.0000          0.0000     602133.8047        300.1985 1352000000.0000

INFO:        820          8.2000    1198924.4419     750936.5633     447987.8785          9.5461     153288.0631      -3314.0735          0.0000          0.0000     600962.5738        300.5843 1352000000.0000

INFO:        840          8.4000    1198109.5817     749927.6034     448181.9783          9.5490     153299.2207      -3203.4862          0.0000          0.0000     599831.8689        300.7145 1352000000.0000

INFO:        860          8.6000    1196960.2141     749124.6716     447835.5426          9.5579     153553.8311      -3167.4051          0.0000          0.0000     598738.2456        300.4821 1352000000.0000

INFO:        880          8.8000    1195887.6597     748011.1540     447876.5056          9.5609     153491.0004      -3151.6369          0.0000          0.0000     597671.7905        300.5095 1352000000.0000

INFO:        900          9.0000    1194623.7214     747253.3995     447370.3219          9.5612     153675.5578      -3055.0808          0.0000          0.0000     596632.9225        300.1699 1352000000.0000

INFO:        920          9.2000    1193445.9774     746110.6523     447335.3251          9.5563     153496.8592      -2990.8694          0.0000          0.0000     595604.6625        300.1464 1352000000.0000

INFO:        940          9.4000    1192079.2808     744843.7057     447235.5751          9.5438     153194.7667      -2944.7533          0.0000          0.0000     594593.6922        300.0795 1352000000.0000

INFO:        960          9.6000    1191679.2411     743669.0072     448010.2339          9.5499     153157.9369      -3093.2405          0.0000          0.0000     593604.3107        300.5993 1352000000.0000

INFO:        980          9.8000    1190371.4893     743188.3527     447183.1366          9.5590     153463.3174      -2910.8943          0.0000          0.0000     592635.9295        300.0443 1352000000.0000

INFO:       1000         10.0000    1190142.5010     742294.7406     447847.7604          9.5558     153296.4387      -2701.4520          0.0000          0.0000     591699.7540        300.4903 1352000000.0000

INFO:       1020         10.2000    1188928.0766     741366.3948     447561.6818          9.5594     153396.1590      -2805.9972          0.0000          0.0000     590776.2330        300.2983 1352000000.0000

INFO:       1040         10.4000    1187973.7756     740050.3242     447923.4514          9.5403     153040.0264      -2858.6676          0.0000          0.0000     589868.9654        300.5410 1352000000.0000

INFO:       1060         10.6000    1187371.6095     739800.3219     447571.2877          9.5568     153579.5644      -2755.5201          0.0000          0.0000     588976.2776        300.3048 1352000000.0000

INFO:       1080         10.8000    1186577.2987     738946.8127     447630.4860          9.5598     153576.5977      -2734.0769          0.0000          0.0000     588104.2919        300.3445 1352000000.0000

INFO:       1100         11.0000    1185780.4639     738468.4381     447312.0259          9.5689     153846.8327      -2631.4308          0.0000          0.0000     587253.0363        300.1308 1352000000.0000

INFO:       1120         11.2000    1184373.3713     737170.5654     447202.8059          9.5605     153404.0288      -2630.0327          0.0000          0.0000     586396.5693        300.0575 1352000000.0000

INFO:       1140         11.4000    1183468.0807     736536.3456     446931.7351          9.5538     153524.7646      -2547.4374          0.0000          0.0000     585559.0185        299.8756 1352000000.0000

INFO:       1160         11.6000    1182274.3394     735531.4999     446742.8394          9.5464     153240.2530      -2471.6482          0.0000          0.0000     584762.8951        299.7489 1352000000.0000

INFO:       1180         11.8000    1182106.3157     734421.3150     447685.0007          9.5404     152956.5889      -2515.4763          0.0000          0.0000     583980.2025        300.3811 1352000000.0000

INFO:       1200         12.0000    1181057.8815     734261.1906     446796.6909          9.5522     153411.6092      -2347.2527          0.0000          0.0000     583196.8341        299.7850 1352000000.0000

INFO:       1220         12.2000    1180377.2898     733343.4445     447033.8453          9.5484     153291.0750      -2370.8896          0.0000          0.0000     582423.2591        299.9442 1352000000.0000

INFO:       1240         12.4000    1179394.7071     732612.0214     446782.6858          9.5523     153323.9184      -2380.0264          0.0000          0.0000     581668.1293        299.7756 1352000000.0000

INFO:       1260         12.6000    1178504.4321     731952.0228     446552.4093          9.5486     153470.0459      -2440.1876          0.0000          0.0000     580922.1645        299.6211 1352000000.0000

INFO:       1280         12.8000    1177038.1428     730747.1476     446290.9952          9.5396     153114.6370      -2520.2656          0.0000          0.0000     580152.7762        299.4457 1352000000.0000

INFO:       1300         13.0000    1176740.4437     730109.0124     446631.4313          9.5423     153055.4615      -2353.6661          0.0000          0.0000     579407.2170        299.6741 1352000000.0000

INFO:       1320         13.2000    1176241.6881     729751.7208     446489.9673          9.5523     153404.4496      -2315.8829          0.0000          0.0000     578663.1541        299.5792 1352000000.0000

INFO:       1340         13.4000    1175376.4592     729122.7517     446253.7075          9.5617     153550.1873      -2338.1774          0.0000          0.0000     577910.7418        299.4207 1352000000.0000

INFO:       1360         13.6000    1175223.8510     728711.1995     446512.6515          9.5701     153821.5459      -2298.6515          0.0000          0.0000     577188.3052        299.5944 1352000000.0000

INFO:       1380         13.8000    1174443.5937     728015.2088     446428.3849          9.5662     153682.0864      -2147.7803          0.0000          0.0000     576480.9028        299.5379 1352000000.0000

INFO:       1400         14.0000    1173743.4080     727130.3414     446613.0665          9.5558     153335.9030      -2004.1043          0.0000          0.0000     575798.5427        299.6618 1352000000.0000

INFO:       1420         14.2000    1172631.4541     726363.3285     446268.1256          9.5543     153293.3546      -2054.6088          0.0000          0.0000     575124.5828        299.4304 1352000000.0000

INFO:       1440         14.4000    1171603.9180     725376.0574     446227.8607          9.5421     153065.5072      -2155.8661          0.0000          0.0000     574466.4163        299.4034 1352000000.0000

INFO:       1460         14.6000    1170350.6659     724563.4246     445787.2414          9.5357     152921.3252      -2195.0575          0.0000          0.0000     573837.1569        299.1077 1352000000.0000

INFO:       1480         14.8000    1170433.1456     724709.0160     445724.1296          9.5511     153457.1316      -1967.9680          0.0000          0.0000     573219.8525        299.0654 1352000000.0000

INFO:       1500         15.0000    1170789.9929     723636.6540     447153.3389          9.5458     153012.7131      -1997.4671          0.0000          0.0000     572621.4080        300.0243 1352000000.0000

INFO:       1520         15.2000    1170391.3073     723595.0720     446796.2353          9.5516     153428.0949      -1857.8643          0.0000          0.0000     572024.8413        299.7847 1352000000.0000

INFO:       1540         15.4000    1169495.0673     722664.8952     446830.1721          9.5416     152936.0871      -1713.1102          0.0000          0.0000     571441.9183        299.8075 1352000000.0000

INFO:       1560         15.6000    1168503.7874     721836.7047     446667.0826          9.5336     152734.0635      -1736.3830          0.0000          0.0000     570839.0243        299.6981 1352000000.0000

INFO:       1580         15.8000    1168256.8050     721238.8944     447017.9106          9.5409     152948.5482      -1921.1774          0.0000          0.0000     570211.5235        299.9335 1352000000.0000

INFO:       1600         16.0000    1167998.1807     721451.8147     446546.3660          9.5654     153808.5876      -1952.5120          0.0000          0.0000     569595.7390        299.6171 1352000000.0000

INFO:       1620         16.2000    1167377.6510     720607.8781     446769.7730          9.5639     153539.7133      -1930.9212          0.0000          0.0000     568999.0859        299.7670 1352000000.0000

INFO:       1640         16.4000    1166529.4224     719793.5589     446735.8635          9.5568     153328.4520      -1944.4975          0.0000          0.0000     568409.6044        299.7442 1352000000.0000

INFO:       1660         16.6000    1165720.3802     718859.2437     446861.1365          9.5499     153212.5595      -2172.5831          0.0000          0.0000     567819.2673        299.8283 1352000000.0000

INFO:       1680         16.8000    1164932.8682     718898.5945     446034.2737          9.5762     153861.2317      -2230.6301          0.0000          0.0000     567267.9929        299.2735 1352000000.0000

INFO:       1700         17.0000    1164374.3605     718269.9105     446104.4500          9.5589     153488.8749      -1984.4754          0.0000          0.0000     566765.5109        299.3206 1352000000.0000

INFO:       1720         17.2000    1164603.8937     718064.8277     446539.0660          9.5560     153550.6234      -1736.6345          0.0000          0.0000     566250.8388        299.6122 1352000000.0000

INFO:       1740         17.4000    1164097.3252     717395.3690     446701.9562          9.5577     153505.4991      -1843.5201          0.0000          0.0000     565733.3900        299.7215 1352000000.0000

INFO:       1760         17.6000    1163597.5562     716822.3901     446775.1660          9.5661     153671.9537      -2072.2267          0.0000          0.0000     565222.6632        299.7706 1352000000.0000

INFO:       1780         17.8000    1162234.5224     716385.5242     445848.9982          9.5681     153730.4368      -2064.8896          0.0000          0.0000     564719.9770        299.1492 1352000000.0000

INFO:       1800         18.0000    1161322.7254     715587.2894     445735.4360          9.5525     153252.7457      -1878.9662          0.0000          0.0000     564213.5099        299.0730 1352000000.0000

INFO:       1820         18.2000    1161096.2268     715380.4553     445715.7715          9.5590     153428.9939      -1770.8639          0.0000          0.0000     563722.3253        299.0598 1352000000.0000

INFO:       1840         18.4000    1160939.8452     715032.3740     445907.4712          9.5634     153578.7459      -1796.4284          0.0000          0.0000     563250.0564        299.1884 1352000000.0000

INFO:       1860         18.6000    1160350.0983     714532.7635     445817.3348          9.5490     153425.3681      -1669.6057          0.0000          0.0000     562777.0012        299.1279 1352000000.0000

INFO:       1880         18.8000    1160627.5695     714265.7047     446361.8648          9.5668     153648.5723      -1683.8505          0.0000          0.0000     562300.9829        299.4933 1352000000.0000

INFO:       1900         19.0000    1160441.2632     713649.1390     446792.1243          9.5549     153490.9824      -1652.8178          0.0000          0.0000     561810.9744        299.7820 1352000000.0000

INFO:       1920         19.2000    1159718.4181     713191.5934     446526.8247          9.5575     153502.2605      -1634.9421          0.0000          0.0000     561324.2750        299.6040 1352000000.0000

INFO:       1940         19.4000    1160018.3266     713490.5603     446527.7663          9.5692     154263.1192      -1626.4864          0.0000          0.0000     560853.9275        299.6046 1352000000.0000

INFO:       1960         19.6000    1158581.3537     712200.3321     446381.0215          9.5493     153442.5327      -1633.3378          0.0000          0.0000     560391.1373        299.5061 1352000000.0000

INFO:       1980         19.8000    1157917.2212     711381.4513     446535.7699          9.5463     153154.8086      -1691.2076          0.0000          0.0000     559917.8503        299.6100 1352000000.0000

INFO:       2000         20.0000    1157235.1097     710900.4075     446334.7023          9.5435     153239.1461      -1796.0442          0.0000          0.0000     559457.3056        299.4751 1352000000.0000

 
[STEP6] Deallocate Arrays
 
Output_Time> Averaged timer profile (Min, Max)
  total time      =     199.812
    setup         =       4.097
    dynamics      =     195.715
      energy      =     135.266
      integrator  =      39.346
      migration   =       0.000
      pairlist    =      19.079 (      18.400,      22.192)
  energy           
    bond          =       0.475 (       0.434,       0.544)
    angle         =       0.016 (       0.014,       0.020)
    dihedral      =       0.016 (       0.014,       0.019)
    base stacking =       0.000 (       0.000,       0.000)
    nonbond       =      78.290 (      76.091,      81.547)
      CG exv      =       1.348 (       1.028,       1.845)
      CG DNA bp   =       0.000 (       0.000,       0.000)
      CG DNA exv  =       0.000 (       0.000,       0.000)
      CG ele      =      51.409 (      50.166,      53.436)
      CG PWMcos   =       0.000 (       0.000,       0.000)
      CG PWMcosns =       0.000 (       0.000,       0.000)
      CG IDR-HPS  =      25.524 (      24.554,      26.335)
      CG IDR-KH   =       0.000 (       0.000,       0.000)
      CG KH       =       0.000 (       0.000,       0.000)
      Contact     =       0.007 (       0.006,       0.009)
      pme real    =       0.000 (       0.000,       0.000)
      pme recip   =       0.000 (       0.000,       0.000)
    solvation     =       0.000 (       0.000,       0.000)
      polar       =       0.000 (       0.000,       0.000)
      non-polar   =       0.000 (       0.000,       0.000)
    restraint     =       0.000 (       0.000,       0.000)
    qmmm          =       0.000 (       0.000,       0.000)
    morph         =       0.000 (       0.000,       0.000)
  integrator       
    constraint    =       0.000 (       0.000,       0.000)
    update        =       0.000 (       0.000,       0.000)
    comm_coord    =       0.000 (       0.000,       0.000)
    comm_force    =       0.000 (       0.000,       0.000)
  migration       =       0.000 (       0.000,       0.000)
    comm_migrate  =       0.000 (       0.000,       0.000)
    ptl_migrate   =       0.000 (       0.000,       0.000)
    bond_migrate  =       0.000 (       0.000,       0.000)
    angl_migrate  =       0.000 (       0.000,       0.000)
    dihe_migrate  =       0.000 (       0.000,       0.000)
    contact_migr  =       0.000 (       0.000,       0.000)
    stack_migrate =       0.000 (       0.000,       0.000)
    pwmcos_migrate =       0.000 (       0.000,       0.000)
    pwmcosns_migr  =       0.000 (       0.000,       0.000)
    nonb_update    =       0.000 (       0.000,       0.000)

