****************************************************
*                                                  *
*                  GENESIS ATDYN                   *
*                                                  *
*        A Molecular Dynamics Simulator with       *
*            Atomic Decomposition Scheme           *
*                                                  *
*               Developed by RIKEN                 *
*                                                  *
****************************************************
 
[STEP0] Architecture and Compiler Information
 
GENESIS_Information> GENESIS Information
  version      = 2.0.0
  commit ID    = $GENESIS_VERSION$
  precision    = double
  nonbonding   = CPU

Build_Information> Compiler Information
  build host   = jjwsmj@hokusai2
  fortran      = ifort (IFORT) 2021.7.1 20221019
  option       = 
  -axCORE-AVX512 -g -O3  -qmkl=parallel  -assume byterecl -qopenmp  
  C            = 
 icc: remark #10441: The Intel(R) C++ Compiler Classic (ICC) is deprecated and w
 ill be removed from product release in the second half of 2023. The Intel(R) on
 eAPI DPC++/C++ Compiler (ICX) is the recommended compiler moving forward. Pleas
 e transition to use this compiler. Use '-diag-disable=10441' to disable this me
 ssage.
  option       = -O3 -ip -axCORE-AVX2  -qopenmp 
  defined var. = 
  -DHAVE_MPI_GENESIS -DOMP -DIFORT19 -DFFTE -DLAPACK -DDSFMT_MEXP=19937 -DINTEL
  link option  = 
  -assume byterecl -lgfortran -qopenmp  -lmkl_intel_lp64 -lmkl_sequential -lmkl_
 core -lmkl_lapack95_lp64   
  MPI Compiler = Intel(R) MPI

Runtime_Information> Machine and Library Information
  date       = 2023/05/12 15:32:29
  cpu model    = Intel(R) Xeon(R) Gold 6148 CPU @ 2.40GHz
  exec. host   = jjwsmj@bwmpc0130
  LD library   = 
 /bwfefs/opt/x86_64/intel/oneapi/2022.3/mpi/2021.7.1/libfabric/lib:/bwfefs/opt/x
 86_64/intel/oneapi/2022.3/mpi/2021.7.1/lib/release:/bwfefs/opt/x86_64/intel/one
 api/2022.3/mpi/2021.7.1/lib:/bwfefs/opt/x86_64/intel/oneapi/2022.3/tbb/2021.7.1
 /lib/intel64/gcc4.8:/usr/lib64:/bwfefs/opt/x86_64/intel/oneapi/2022.3/vpl/2022.
 2.5/lib:/bwfefs/opt/x86_64/intel/oneapi/2022.3/mkl/latest/lib/intel64:/bwfefs/o
 pt/x86_64/intel/oneapi/2022.3/itac/2021.7.1/slib:/bwfefs/opt/x86_64/intel/oneap
 i/2022.3/ippcp/2021.6.2/lib/intel64:/bwfefs/opt/x86_64/intel/oneapi/2022.3/ipp/
 2021.6.2/lib/intel64:/bwfefs/opt/x86_64/intel/oneapi/2022.3/dnnl/2022.2.1/cpu_d
 pcpp_gpu_dpcpp/lib:/bwfefs/opt/x86_64/intel/oneapi/2022.3/dal/2021.7.1/lib/inte
 l64:/bwfefs/opt/x86_64/intel/oneapi/2022.3/compiler/2022.2.1/linux/compiler/lib
 :/bwfefs/opt/x86_64/intel/oneapi/2022.3/compiler/2022.2.1/linux/lib/oclfpga/hos
 t/linux64/lib:/bwfefs/opt/x86_64/intel/oneapi/2022.3/compiler/2022.2.1/linux/li
 b/oclfpga/linux64/lib:/bwfefs/opt/x86_64/intel/oneapi/2022.3/compiler/2022.2.1/
 linux/lib:/bwfefs/opt/x86_64/intel/oneapi/2022.3/compiler/2022.2.1/linux/lib/x6
 4:/bwfefs/opt/x86_64/intel/oneapi/2022.3/compiler/2022.2.1/linux/lib/emu:/bwfef
 s/opt/x86_64/intel/oneapi/2022.3/compiler/2022.2.1/linux/compiler/lib/intel64_l
 in:/bwfefs/opt/x86_64/intel/oneapi/2022.3/debugger/2021.7.1/dep/lib:/bwfefs/opt
 /x86_64/intel/oneapi/2022.3/debugger/2021.7.1/libipt/intel64/lib:/bwfefs/opt/x8
 6_64/intel/oneapi/2022.3/debugger/2021.7.1/gdb/intel64/lib:/bwfefs/opt/x86_64/
 MPI Runtime = Intel(R) MPI Library 2021.7 for Linux* OS


[STEP1] Read Control Parameters
 
Read_Ctrl_Input> Input Files
  grotopfile = pro.top
  grocrdfile = crd/pos_5000.gro
 
Read_Ctrl_Output> Output Files
 
Read_Ctrl_Energy> WARNING: "water_model" is not available
Read_Ctrl_Energy> Parameters of Energy Calculations
  forcefield      =    RESIDCG
  switchdist      =     10.000  cutoffdist      =     12.000
  pairlistdist    =     13.500  dielec_const    =      1.000
  debye           =     10.000
  vdw_force_switch=         no
  electrostatic   =  CUTOFF
  implicit_solvent=       none
  table           =         no
  water_model     =       NONE
  output_style    =    GENESIS
  dispersion_corr =       none
  nonb_limiter    =      no
  user def. table =     no
  efield_x        =           0.000
  efield_y        =           0.000
  efield_z        =           0.000
  efield_normal   =              no
  efield_virial   =              no
 
Read_Ctrl_Dynamics> Parameters of MD simulation
  integrator      =    VVER_CG  nsteps          =       2000
  timestep        =     0.0100  initial_time    =     0.0000
  eneout_period   =         20  rstout_period   =          0
  crdout_period   =          0  velout_period   =          0
  nbupdate_period =         20  stoptr_period   =         10
  qmsave_period   =          0
  iseed           =         -1
  annealing       =         no
  verbose         =         no
  target_md       =         no
  steered_md      =         no
  shrink_box      =         no
  esp_mm          =         no
 
Read_Ctrl_Constraints> Parameters for Constraints
  rigid_bond      =         no
  fixatm_select_index        =       none
 
Read_Ctrl_Ensemble> Parameters for Ensemble
  ensemble        =        NVT
  temperature     =    300.000
  tpcontrol       =   LANGEVIN
  gamma_t         =      1.000
 
Read_Ctrl_Boundary> Parameters of Boundary Condition
  type            =     PBC   
  box_size(x,y,z) =   3200.000   650.000   650.000
  pairlist_grid   =      3.000
 
Read_Ctrl_Selection> Parameters of Selection
  # of groups     =          0
  # of mole names =          0
 
Read_Ctrl_Restraints> No restraint in the system

Read_Ctrl_Fitting_MD> Parameters of Fitting
  fitting method  =  TR+ROT   
  fitting atom    = group1
  mass_weight     =         no
 
[STEP2] Setup MPI
 
Setup_Mpi_Md> Summary of Setup MPI
  number of MPI processes   =         32
  number of OpenMP threads  =          5
  total number of CPU cores =        160

[STEP3] Set Relevant Variables and Structures
 
Read_Grotop> Summary of Grotopfile
  num_moltypes    =          1
    pos100_cg             :
      num_atoms   =        100
      num_bonds   =         99
      num_angls   =          0
      num_dihes   =          0
      num_cmaps   =          0
      num_excls   =          0
      num_constrs =          0
      num_pairs   =          0
      num_vsites2 =          0
      num_vsites3 =          0
      num_vsites4 =          0
      num_vsitesn =          0
      num_posress =          0
      num_PWMcos  =          0
      num_PWMcosns=          0
      num_IDR_HPS =          1
      num_IDR_KH  =          0
    .. not used molecule types were hidden.

  num_molecules   =       5000
    pos100_cg             :  5000

  num_atomtypes   =         33  num_bondtypes   =          0
  num_angltypes   =          0  num_dihetypes   =          0
  num_flangltypes           20
  num_fldihetypes          400
  num_constrtypes =          0  num_cmaptypes   =          0
  num_nbonparms   =          0
  num_basestacktypes  =     16
  num_basepairtypes   =      4
  num_basecrosstypes  =     32
  num_cgdnaexvtypes   =      6
  num_cgelemolpairs   =      1
  num_cg_IDR_HPS_atomtypes  =     20
  num_cg_KH_atomtypes  =    20

  num_cg_pair_MJ_eps   =   400

Define_Molecule> Summary of molecules
  num_atoms       =     500000  num_bonds       =     495000
  num_angles      =          0  num_dihedrals   =          0
  num_impropers   =          0  num_cmap_terms  =          0
  num_residues    =     500000  num_molecules   =       5000
  num_segments    =          1  num_deg_freedom =    1500000
  total_charge    = 500000.000
 
Update_Num_Deg_Freedom> Number of degrees of freedom was updated
  num_deg_freedom =    1499997 (After removing translation)
 
Setup_Boundary> Setup Variables for Boundary Condition
  box_size(x,y,z) =   3200.000   650.000   650.000
  origin(x,y,z)   =      0.000     0.000     0.000
 
Random_Init> Initialize the random number
  seed            = 921435

Define_Enefunc_Gromacs> Number of Interactions in Each Term
  bond_ene        =     495000  angle_ene       =          0
  torsion_ene     =          0  rb_torsion_ene  =          0
  improper_ene    =          0
  nb_exclusions   =     495000  nb14_calc       =          0
  vsite2_ene      =          0  vsite3_ene      =          0
  vsite3fd_ene    =          0  vsite3fad_ene   =          0
  vsite3out_ene   =          0  vsite4fdn_ene   =          0
  vsiten_ene      =          0
 restraint_groups =          0 restraint_funcs  =          0
 
Get_Morph_in> Morphing check
  morphing_bb     =          0  morphing_sc     =          0
 
Setup_Fitting_Atdyn> NO fitting is applied, skip
  fitting method  =  NO
 
[STEP4] Compute Single Point Energy for Molecules
 
            STEP          ENERGY            BOND  NATIVE_CONTACT NON-NATIVE_CONT           ELECT         IDR_HPS          CG_EXV
 --------------- --------------- --------------- --------------- ---------------
               0     853902.2916     170690.3546          0.0000          0.0000     681472.3800       1739.5570          0.0000

[STEP5] Perform Molecular Dynamics Simulation
 
Generate_Velocity> Generate initial velocities
  iseed           =     921435
  temperature     =    300.000
 
Random_Init_Velocity> Initialize the random number
  seed            = 921435

INFO:       STEP            TIME       TOTAL_ENE   POTENTIAL_ENE     KINETIC_ENE            RMSG            BOND         IDR_HPS  NATIVE_CONTACT          CG_EXV           ELECT     TEMPERATURE          VOLUME
 --------------- --------------- --------------- --------------- ---------------
INFO:          0          0.0000    1301242.2660     853902.2916     447339.9745         10.1780     170690.3546       1739.5570          0.0000          0.0000     681472.3800        300.1496 1352000000.0000

Random_Init> Initialize the random number
  seed            = 495065301

INFO:         20          0.2000    1295979.8813     843149.5914     452830.2899          9.8979     161933.4383        521.7277          0.0000          0.0000     680694.4254        303.8334 1352000000.0000

INFO:         40          0.4000    1292214.1196     837694.5747     454519.5449          9.8060     160091.7856      -1234.8020          0.0000          0.0000     678837.5911        304.9668 1352000000.0000

INFO:         60          0.6000    1287988.3271     832064.5579     455923.7691          9.7470     158398.3420      -2651.3244          0.0000          0.0000     676317.5403        305.9090 1352000000.0000

INFO:         80          0.8000    1283166.8355     826905.1681     456261.6674          9.7019     157220.4493      -3735.1658          0.0000          0.0000     673419.8846        306.1357 1352000000.0000

INFO:        100          1.0000    1278909.6512     822261.8440     456647.8072          9.6721     156282.0382      -4385.8040          0.0000          0.0000     670365.6097        306.3948 1352000000.0000

INFO:        120          1.2000    1274715.7251     818714.5046     456001.2205          9.6591     156224.6509      -4763.3874          0.0000          0.0000     667253.2412        305.9609 1352000000.0000

INFO:        140          1.4000    1270762.6957     814873.2051     455889.4906          9.6387     155743.4634      -5015.8205          0.0000          0.0000     664145.5621        305.8860 1352000000.0000

INFO:        160          1.6000    1266662.9469     810974.0521     455688.8948          9.6169     154878.8969      -5046.4558          0.0000          0.0000     661141.6110        305.7514 1352000000.0000

INFO:        180          1.8000    1262655.6754     808107.8897     454547.7857          9.6171     154964.1755      -5064.7737          0.0000          0.0000     658208.4879        304.9857 1352000000.0000

INFO:        200          2.0000    1258651.3474     804776.0293     453875.3181          9.6024     154554.2627      -5138.8427          0.0000          0.0000     655360.6092        304.5345 1352000000.0000

INFO:        220          2.2000    1255754.8549     802214.6565     453540.1983          9.6082     154632.5110      -5008.4805          0.0000          0.0000     652590.6261        304.3097 1352000000.0000

INFO:        240          2.4000    1252756.2736     799470.4076     453285.8660          9.5986     154370.7625      -4816.0129          0.0000          0.0000     649915.6580        304.1390 1352000000.0000

INFO:        260          2.6000    1248662.0316     796553.3241     452108.7075          9.5790     154017.1906      -4793.1781          0.0000          0.0000     647329.3116        303.3492 1352000000.0000

INFO:        280          2.8000    1244701.2728     793638.1380     451063.1348          9.5709     153817.3290      -4979.8827          0.0000          0.0000     644800.6917        302.6477 1352000000.0000

INFO:        300          3.0000    1242026.9058     790967.3516     451059.5542          9.5669     153523.2788      -4943.8228          0.0000          0.0000     642387.8957        302.6453 1352000000.0000

INFO:        320          3.2000    1239714.9914     788525.2742     451189.7172          9.5607     153301.3963      -4820.0974          0.0000          0.0000     640043.9754        302.7326 1352000000.0000

INFO:        340          3.4000    1237263.7998     785971.3260     451292.4738          9.5411     152792.8889      -4627.3111          0.0000          0.0000     637805.7482        302.8015 1352000000.0000

INFO:        360          3.6000    1234705.7655     784523.3029     450182.4626          9.5628     153474.1675      -4595.5008          0.0000          0.0000     635644.6362        302.0568 1352000000.0000

INFO:        380          3.8000    1232260.6345     782137.7791     450122.8554          9.5483     153056.2055      -4478.6397          0.0000          0.0000     633560.2133        302.0168 1352000000.0000

INFO:        400          4.0000    1230434.3758     780210.4790     450223.8968          9.5518     153196.9996      -4568.4299          0.0000          0.0000     631581.9093        302.0846 1352000000.0000

INFO:        420          4.2000    1228617.5513     778237.8066     450379.7447          9.5455     153024.8860      -4449.9885          0.0000          0.0000     629662.9091        302.1891 1352000000.0000

INFO:        440          4.4000    1227020.8203     776756.1032     450264.7171          9.5495     153243.7897      -4304.0467          0.0000          0.0000     627816.3602        302.1120 1352000000.0000

INFO:        460          4.6000    1225105.1321     775306.5764     449798.5557          9.5564     153547.2620      -4249.8299          0.0000          0.0000     626009.1444        301.7992 1352000000.0000

INFO:        480          4.8000    1223281.0333     773943.0951     449337.9382          9.5582     153796.6902      -4121.4264          0.0000          0.0000     624267.8313        301.4901 1352000000.0000

INFO:        500          5.0000    1221701.0690     771821.0741     449879.9949          9.5480     153243.5325      -3980.2073          0.0000          0.0000     622557.7489        301.8538 1352000000.0000

INFO:        520          5.2000    1220126.4654     770943.0892     449183.3762          9.5723     153908.1689      -3878.1824          0.0000          0.0000     620913.1027        301.3864 1352000000.0000

INFO:        540          5.4000    1218222.3301     769139.4998     449082.8302          9.5726     153639.6319      -3809.6306          0.0000          0.0000     619309.4985        301.3189 1352000000.0000

INFO:        560          5.6000    1216502.4214     768046.9935     448455.4279          9.5763     153984.0393      -3703.2959          0.0000          0.0000     617766.2501        300.8980 1352000000.0000

INFO:        580          5.8000    1214981.2608     766140.5601     448840.7007          9.5628     153560.0620      -3695.7005          0.0000          0.0000     616276.1986        301.1565 1352000000.0000

INFO:        600          6.0000    1213491.8761     764444.7828     449047.0933          9.5610     153380.3387      -3731.8154          0.0000          0.0000     614796.2595        301.2950 1352000000.0000

INFO:        620          6.2000    1211748.4380     762952.7122     448795.7259          9.5528     153353.3721      -3774.5542          0.0000          0.0000     613373.8943        301.1263 1352000000.0000

INFO:        640          6.4000    1209314.4416     761735.6274     447578.8142          9.5481     153330.2982      -3590.3273          0.0000          0.0000     611995.6565        300.3098 1352000000.0000

INFO:        660          6.6000    1208416.8546     760259.7261     448157.1285          9.5482     153200.9704      -3581.8777          0.0000          0.0000     610640.6334        300.6978 1352000000.0000

INFO:        680          6.8000    1207031.2752     759263.2199     447768.0554          9.5520     153333.7336      -3404.2310          0.0000          0.0000     609333.7172        300.4368 1352000000.0000

INFO:        700          7.0000    1205688.4408     758228.8454     447459.5955          9.5514     153448.2478      -3254.8185          0.0000          0.0000     608035.4160        300.2298 1352000000.0000

INFO:        720          7.2000    1204367.8706     756514.4868     447853.3838          9.5429     153105.8787      -3340.7692          0.0000          0.0000     606749.3773        300.4940 1352000000.0000

INFO:        740          7.4000    1203241.9906     755549.1159     447692.8748          9.5524     153428.6219      -3350.5073          0.0000          0.0000     605471.0013        300.3863 1352000000.0000

INFO:        760          7.6000    1202883.9453     754016.7571     448867.1882          9.5482     153168.1975      -3412.4428          0.0000          0.0000     604261.0024        301.1743 1352000000.0000

INFO:        780          7.8000    1201264.1452     753042.3757     448221.7695          9.5441     153285.2691      -3314.5302          0.0000          0.0000     603071.6368        300.7412 1352000000.0000

INFO:        800          8.0000    1199786.3459     751653.8385     448132.5073          9.5434     152850.4834      -3122.3520          0.0000          0.0000     601925.7072        300.6813 1352000000.0000

INFO:        820          8.2000    1198581.7556     751033.7531     447548.0025          9.5571     153319.8047      -3079.6213          0.0000          0.0000     600793.5696        300.2891 1352000000.0000

INFO:        840          8.4000    1196943.2083     749624.0190     447319.1893          9.5502     153095.9426      -3152.4042          0.0000          0.0000     599680.4805        300.1356 1352000000.0000

INFO:        860          8.6000    1195504.0799     748321.4477     447182.6322          9.5459     152793.6740      -3064.9763          0.0000          0.0000     598592.7499        300.0440 1352000000.0000

INFO:        880          8.8000    1194676.8941     747851.8353     446825.0589          9.5561     153206.8131      -2904.2986          0.0000          0.0000     597549.3207        299.8041 1352000000.0000

INFO:        900          9.0000    1193778.0973     746217.7149     447560.3823          9.5408     152649.0231      -2945.3005          0.0000          0.0000     596513.9923        300.2974 1352000000.0000

INFO:        920          9.2000    1192066.4863     745932.6532     446133.8331          9.5589     153371.8710      -2943.7813          0.0000          0.0000     595504.5635        299.3403 1352000000.0000

INFO:        940          9.4000    1191450.2208     744890.9669     446559.2540          9.5473     153173.2859      -2818.3448          0.0000          0.0000     594536.0258        299.6257 1352000000.0000

INFO:        960          9.6000    1191856.4294     744110.5570     447745.8724          9.5555     153356.7678      -2791.7291          0.0000          0.0000     593545.5182        300.4219 1352000000.0000

INFO:        980          9.8000    1190332.4769     742859.9288     447472.5481          9.5476     153097.7941      -2816.9070          0.0000          0.0000     592579.0417        300.2385 1352000000.0000

INFO:       1000         10.0000    1189281.5337     741852.2752     447429.2585          9.5431     153111.6660      -2900.9190          0.0000          0.0000     591641.5281        300.2095 1352000000.0000

INFO:       1020         10.2000    1189004.2577     741061.9365     447942.3212          9.5477     153186.6125      -2864.4469          0.0000          0.0000     590739.7709        300.5537 1352000000.0000

INFO:       1040         10.4000    1187841.3230     740478.6664     447362.6566          9.5551     153361.2633      -2757.6663          0.0000          0.0000     589875.0695        300.1648 1352000000.0000

INFO:       1060         10.6000    1187427.9567     740024.6349     447403.3218          9.5562     153658.4601      -2652.3518          0.0000          0.0000     589018.5267        300.1921 1352000000.0000

INFO:       1080         10.8000    1186139.8126     738908.5348     447231.2779          9.5361     153224.4266      -2497.4213          0.0000          0.0000     588181.5294        300.0766 1352000000.0000

INFO:       1100         11.0000    1185068.3286     737835.3132     447233.0154          9.5408     152999.1192      -2493.4903          0.0000          0.0000     587329.6843        300.0778 1352000000.0000

INFO:       1120         11.2000    1183837.3375     736819.5286     447017.8089          9.5274     152752.8178      -2426.3171          0.0000          0.0000     586493.0279        299.9334 1352000000.0000

INFO:       1140         11.4000    1183280.4648     735820.6027     447459.8621          9.5230     152612.5095      -2458.6038          0.0000          0.0000     585666.6970        300.2300 1352000000.0000

INFO:       1160         11.6000    1182448.6492     735312.4242     447136.2249          9.5403     153031.2106      -2564.8836          0.0000          0.0000     584846.0972        300.0128 1352000000.0000

INFO:       1180         11.8000    1181793.0165     734545.1305     447247.8859          9.5376     153113.5163      -2622.5959          0.0000          0.0000     584054.2102        300.0878 1352000000.0000

INFO:       1200         12.0000    1180410.1380     733879.5423     446530.5956          9.5436     153155.7247      -2543.2634          0.0000          0.0000     583267.0810        299.6065 1352000000.0000

INFO:       1220         12.2000    1179487.9954     733320.6955     446167.2998          9.5556     153423.8085      -2573.0058          0.0000          0.0000     582469.8929        299.3627 1352000000.0000

INFO:       1240         12.4000    1178890.3072     732168.4181     446721.8891          9.5533     153091.7078      -2615.4770          0.0000          0.0000     581692.1873        299.7348 1352000000.0000

INFO:       1260         12.6000    1177466.2577     730886.9054     446579.3523          9.5317     152766.7399      -2770.3796          0.0000          0.0000     580890.5450        299.6392 1352000000.0000

INFO:       1280         12.8000    1176946.5036     730632.6791     446313.8245          9.5463     153121.9079      -2616.4344          0.0000          0.0000     580127.2056        299.4610 1352000000.0000

INFO:       1300         13.0000    1176100.6789     729988.8690     446111.8099          9.5456     153122.0200      -2538.3447          0.0000          0.0000     579405.1937        299.3255 1352000000.0000

INFO:       1320         13.2000    1175537.1591     729120.2288     446416.9303          9.5410     152958.3980      -2515.8406          0.0000          0.0000     578677.6715        299.5302 1352000000.0000

INFO:       1340         13.4000    1174856.6045     728536.6534     446319.9511          9.5425     153022.6901      -2466.6092          0.0000          0.0000     577980.5725        299.4652 1352000000.0000

INFO:       1360         13.6000    1174644.0661     728381.0784     446262.9877          9.5525     153363.9404      -2286.0267          0.0000          0.0000     577303.1647        299.4269 1352000000.0000

INFO:       1380         13.8000    1174899.2979     728262.9804     446636.3175          9.5616     153733.0464      -2107.1669          0.0000          0.0000     576637.1009        299.6774 1352000000.0000

INFO:       1400         14.0000    1174435.7619     727530.5556     446905.2063          9.5506     153588.0413      -2033.4867          0.0000          0.0000     575976.0010        299.8578 1352000000.0000

INFO:       1420         14.2000    1173128.7911     726430.4106     446698.3805          9.5384     153296.1446      -2177.1322          0.0000          0.0000     575311.3982        299.7191 1352000000.0000

INFO:       1440         14.4000    1172362.5420     725674.0270     446688.5150          9.5367     153206.4591      -2202.5519          0.0000          0.0000     574670.1198        299.7124 1352000000.0000

INFO:       1460         14.6000    1170973.8230     724717.1827     446256.6403          9.5276     152900.5062      -2226.8301          0.0000          0.0000     574043.5066        299.4227 1352000000.0000

INFO:       1480         14.8000    1170585.1568     724332.5253     446252.6315          9.5350     153106.4892      -2205.3309          0.0000          0.0000     573431.3670        299.4200 1352000000.0000

INFO:       1500         15.0000    1170085.2020     724091.8309     445993.3711          9.5441     153394.7099      -2132.9031          0.0000          0.0000     572830.0242        299.2460 1352000000.0000

INFO:       1520         15.2000    1169288.6907     723326.7869     445961.9038          9.5379     153213.5625      -2110.4036          0.0000          0.0000     572223.6280        299.2249 1352000000.0000

INFO:       1540         15.4000    1168534.9891     722942.6968     445592.2923          9.5452     153415.7630      -2069.4944          0.0000          0.0000     571596.4282        298.9769 1352000000.0000

INFO:       1560         15.6000    1168201.8684     722172.1171     446029.7513          9.5383     153230.5636      -2049.5330          0.0000          0.0000     570991.0866        299.2704 1352000000.0000

INFO:       1580         15.8000    1167951.8715     721265.0537     446686.8177          9.5353     153089.4241      -2208.4576          0.0000          0.0000     570384.0872        299.7113 1352000000.0000

INFO:       1600         16.0000    1167251.6979     720811.5376     446440.1603          9.5407     153184.7896      -2162.1184          0.0000          0.0000     569788.8664        299.5458 1352000000.0000

INFO:       1620         16.2000    1166664.4331     720572.4005     446092.0326          9.5450     153396.1631      -2033.9731          0.0000          0.0000     569210.2105        299.3122 1352000000.0000

INFO:       1640         16.4000    1166293.6360     720057.0749     446236.5611          9.5482     153424.3575      -1993.5967          0.0000          0.0000     568626.3141        299.4092 1352000000.0000

INFO:       1660         16.6000    1166097.3477     719632.1523     446465.1954          9.5573     153610.5816      -2025.7473          0.0000          0.0000     568047.3180        299.5626 1352000000.0000

INFO:       1680         16.8000    1165271.7494     718895.1382     446376.6111          9.5539     153439.2721      -2027.2709          0.0000          0.0000     567483.1371        299.5032 1352000000.0000

INFO:       1700         17.0000    1164571.7483     718148.5409     446423.2074          9.5504     153241.9899      -2032.4307          0.0000          0.0000     566938.9818        299.5344 1352000000.0000

INFO:       1720         17.2000    1164656.9551     717730.0386     446926.9165          9.5561     153284.4844      -1977.6963          0.0000          0.0000     566423.2505        299.8724 1352000000.0000

INFO:       1740         17.4000    1163774.7493     716855.1398     446919.6094          9.5375     152909.7629      -1958.2008          0.0000          0.0000     565903.5777        299.8675 1352000000.0000

INFO:       1760         17.6000    1162813.9290     716306.2505     446507.6785          9.5303     152797.7439      -1907.2391          0.0000          0.0000     565415.7458        299.5911 1352000000.0000

INFO:       1780         17.8000    1161967.9459     715907.3675     446060.5784          9.5199     152715.4266      -1720.8496          0.0000          0.0000     564912.7905        299.2911 1352000000.0000

INFO:       1800         18.0000    1161646.4406     715498.2891     446148.1515          9.5368     152964.4110      -1858.5946          0.0000          0.0000     564392.4726        299.3499 1352000000.0000

INFO:       1820         18.2000    1160539.8045     715085.4924     445454.3121          9.5447     153179.2296      -1952.7538          0.0000          0.0000     563859.0167        298.8843 1352000000.0000

INFO:       1840         18.4000    1159860.3218     713965.5133     445894.8085          9.5241     152452.2315      -1832.9233          0.0000          0.0000     563346.2051        299.1799 1352000000.0000

INFO:       1860         18.6000    1160042.1967     714266.7543     445775.4424          9.5368     153199.4182      -1777.6310          0.0000          0.0000     562844.9671        299.0998 1352000000.0000

INFO:       1880         18.8000    1160727.1175     713741.4332     446985.6842          9.5492     153233.7896      -1802.0589          0.0000          0.0000     562309.7025        299.9118 1352000000.0000

INFO:       1900         19.0000    1160014.0938     713006.9399     447007.1539          9.5367     153061.8956      -1842.7494          0.0000          0.0000     561787.7937        299.9262 1352000000.0000

INFO:       1920         19.2000    1158387.7539     712345.9200     446041.8340          9.5285     152728.5443      -1663.1486          0.0000          0.0000     561280.5243        299.2785 1352000000.0000

INFO:       1940         19.4000    1157992.2963     712011.2860     445981.0103          9.5324     152909.1413      -1670.2434          0.0000          0.0000     560772.3882        299.2377 1352000000.0000

INFO:       1960         19.6000    1157509.4654     711612.8728     445896.5926          9.5462     153176.3128      -1828.9160          0.0000          0.0000     560265.4760        299.1811 1352000000.0000

INFO:       1980         19.8000    1157181.8314     711211.5600     445970.2714          9.5461     153231.9654      -1783.4331          0.0000          0.0000     559763.0276        299.2305 1352000000.0000

INFO:       2000         20.0000    1157032.5595     710417.4748     446615.0847          9.5346     152881.9539      -1717.2916          0.0000          0.0000     559252.8125        299.6632 1352000000.0000

 
[STEP6] Deallocate Arrays
 
Output_Time> Averaged timer profile (Min, Max)
  total time      =     196.698
    setup         =       4.210
    dynamics      =     192.488
      energy      =     132.169
      integrator  =      39.422
      migration   =       0.000
      pairlist    =      18.907 (      18.447,      19.398)
  energy           
    bond          =       0.468 (       0.428,       0.512)
    angle         =       0.016 (       0.015,       0.020)
    dihedral      =       0.015 (       0.014,       0.018)
    base stacking =       0.000 (       0.000,       0.000)
    nonbond       =      78.062 (      75.785,      81.142)
      CG exv      =       1.323 (       1.025,       1.709)
      CG DNA bp   =       0.000 (       0.000,       0.000)
      CG DNA exv  =       0.000 (       0.000,       0.000)
      CG ele      =      51.268 (      49.890,      53.243)
      CG PWMcos   =       0.000 (       0.000,       0.000)
      CG PWMcosns =       0.000 (       0.000,       0.000)
      CG IDR-HPS  =      25.463 (      24.752,      26.307)
      CG IDR-KH   =       0.000 (       0.000,       0.000)
      CG KH       =       0.000 (       0.000,       0.000)
      Contact     =       0.006 (       0.006,       0.007)
      pme real    =       0.000 (       0.000,       0.000)
      pme recip   =       0.000 (       0.000,       0.000)
    solvation     =       0.000 (       0.000,       0.000)
      polar       =       0.000 (       0.000,       0.000)
      non-polar   =       0.000 (       0.000,       0.000)
    restraint     =       0.000 (       0.000,       0.000)
    qmmm          =       0.000 (       0.000,       0.000)
    morph         =       0.000 (       0.000,       0.000)
  integrator       
    constraint    =       0.000 (       0.000,       0.000)
    update        =       0.000 (       0.000,       0.000)
    comm_coord    =       0.000 (       0.000,       0.000)
    comm_force    =       0.000 (       0.000,       0.000)
  migration       =       0.000 (       0.000,       0.000)
    comm_migrate  =       0.000 (       0.000,       0.000)
    ptl_migrate   =       0.000 (       0.000,       0.000)
    bond_migrate  =       0.000 (       0.000,       0.000)
    angl_migrate  =       0.000 (       0.000,       0.000)
    dihe_migrate  =       0.000 (       0.000,       0.000)
    contact_migr  =       0.000 (       0.000,       0.000)
    stack_migrate =       0.000 (       0.000,       0.000)
    pwmcos_migrate =       0.000 (       0.000,       0.000)
    pwmcosns_migr  =       0.000 (       0.000,       0.000)
    nonb_update    =       0.000 (       0.000,       0.000)

