****************************************************
*                                                  *
*                  GENESIS ATDYN                   *
*                                                  *
*        A Molecular Dynamics Simulator with       *
*            Atomic Decomposition Scheme           *
*                                                  *
*               Developed by RIKEN                 *
*                                                  *
****************************************************
 
[STEP0] Architecture and Compiler Information
 
GENESIS_Information> GENESIS Information
  version      = 2.0.0
  commit ID    = $GENESIS_VERSION$
  precision    = double
  nonbonding   = CPU

Build_Information> Compiler Information
  build host   = jjwsmj@hokusai2
  fortran      = ifort (IFORT) 2021.7.1 20221019
  option       = 
  -axCORE-AVX512 -g -O3  -qmkl=parallel  -assume byterecl -qopenmp  
  C            = 
 icc: remark #10441: The Intel(R) C++ Compiler Classic (ICC) is deprecated and w
 ill be removed from product release in the second half of 2023. The Intel(R) on
 eAPI DPC++/C++ Compiler (ICX) is the recommended compiler moving forward. Pleas
 e transition to use this compiler. Use '-diag-disable=10441' to disable this me
 ssage.
  option       = -O3 -ip -axCORE-AVX2  -qopenmp 
  defined var. = 
  -DHAVE_MPI_GENESIS -DOMP -DIFORT19 -DFFTE -DLAPACK -DDSFMT_MEXP=19937 -DINTEL
  link option  = 
  -assume byterecl -lgfortran -qopenmp  -lmkl_intel_lp64 -lmkl_sequential -lmkl_
 core -lmkl_lapack95_lp64   
  MPI Compiler = Intel(R) MPI

Runtime_Information> Machine and Library Information
  date       = 2023/05/12 17:00:03
  cpu model    = Intel(R) Xeon(R) Gold 6148 CPU @ 2.40GHz
  exec. host   = jjwsmj@bwmpc0466
  LD library   = 
 /bwfefs/opt/x86_64/intel/oneapi/2022.3/mpi/2021.7.1/libfabric/lib:/bwfefs/opt/x
 86_64/intel/oneapi/2022.3/mpi/2021.7.1/lib/release:/bwfefs/opt/x86_64/intel/one
 api/2022.3/mpi/2021.7.1/lib:/bwfefs/opt/x86_64/intel/oneapi/2022.3/tbb/2021.7.1
 /lib/intel64/gcc4.8:/usr/lib64:/bwfefs/opt/x86_64/intel/oneapi/2022.3/vpl/2022.
 2.5/lib:/bwfefs/opt/x86_64/intel/oneapi/2022.3/mkl/latest/lib/intel64:/bwfefs/o
 pt/x86_64/intel/oneapi/2022.3/itac/2021.7.1/slib:/bwfefs/opt/x86_64/intel/oneap
 i/2022.3/ippcp/2021.6.2/lib/intel64:/bwfefs/opt/x86_64/intel/oneapi/2022.3/ipp/
 2021.6.2/lib/intel64:/bwfefs/opt/x86_64/intel/oneapi/2022.3/dnnl/2022.2.1/cpu_d
 pcpp_gpu_dpcpp/lib:/bwfefs/opt/x86_64/intel/oneapi/2022.3/dal/2021.7.1/lib/inte
 l64:/bwfefs/opt/x86_64/intel/oneapi/2022.3/compiler/2022.2.1/linux/compiler/lib
 :/bwfefs/opt/x86_64/intel/oneapi/2022.3/compiler/2022.2.1/linux/lib/oclfpga/hos
 t/linux64/lib:/bwfefs/opt/x86_64/intel/oneapi/2022.3/compiler/2022.2.1/linux/li
 b/oclfpga/linux64/lib:/bwfefs/opt/x86_64/intel/oneapi/2022.3/compiler/2022.2.1/
 linux/lib:/bwfefs/opt/x86_64/intel/oneapi/2022.3/compiler/2022.2.1/linux/lib/x6
 4:/bwfefs/opt/x86_64/intel/oneapi/2022.3/compiler/2022.2.1/linux/lib/emu:/bwfef
 s/opt/x86_64/intel/oneapi/2022.3/compiler/2022.2.1/linux/compiler/lib/intel64_l
 in:/bwfefs/opt/x86_64/intel/oneapi/2022.3/debugger/2021.7.1/dep/lib:/bwfefs/opt
 /x86_64/intel/oneapi/2022.3/debugger/2021.7.1/libipt/intel64/lib:/bwfefs/opt/x8
 6_64/intel/oneapi/2022.3/debugger/2021.7.1/gdb/intel64/lib:/bwfefs/opt/x86_64/
 MPI Runtime = Intel(R) MPI Library 2021.7 for Linux* OS


[STEP1] Read Control Parameters
 
Read_Ctrl_Input> Input Files
  grotopfile = pro.top
  grocrdfile = crd/pos_5000.gro
 
Read_Ctrl_Output> Output Files
 
Read_Ctrl_Energy> WARNING: "water_model" is not available
Read_Ctrl_Energy> Parameters of Energy Calculations
  forcefield      =    RESIDCG
  switchdist      =     10.000  cutoffdist      =     12.000
  pairlistdist    =     13.500  dielec_const    =      1.000
  debye           =     10.000
  vdw_force_switch=         no
  electrostatic   =  CUTOFF
  implicit_solvent=       none
  table           =         no
  water_model     =       NONE
  output_style    =    GENESIS
  dispersion_corr =       none
  nonb_limiter    =      no
  user def. table =     no
  efield_x        =           0.000
  efield_y        =           0.000
  efield_z        =           0.000
  efield_normal   =              no
  efield_virial   =              no
 
Read_Ctrl_Dynamics> Parameters of MD simulation
  integrator      =    VVER_CG  nsteps          =       2000
  timestep        =     0.0100  initial_time    =     0.0000
  eneout_period   =         20  rstout_period   =          0
  crdout_period   =          0  velout_period   =          0
  nbupdate_period =         20  stoptr_period   =         10
  qmsave_period   =          0
  iseed           =         -1
  annealing       =         no
  verbose         =         no
  target_md       =         no
  steered_md      =         no
  shrink_box      =         no
  esp_mm          =         no
 
Read_Ctrl_Constraints> Parameters for Constraints
  rigid_bond      =         no
  fixatm_select_index        =       none
 
Read_Ctrl_Ensemble> Parameters for Ensemble
  ensemble        =        NVT
  temperature     =    300.000
  tpcontrol       =   LANGEVIN
  gamma_t         =      1.000
 
Read_Ctrl_Boundary> Parameters of Boundary Condition
  type            =     PBC   
  box_size(x,y,z) =   3200.000   650.000   650.000
  pairlist_grid   =      3.000
 
Read_Ctrl_Selection> Parameters of Selection
  # of groups     =          0
  # of mole names =          0
 
Read_Ctrl_Restraints> No restraint in the system

Read_Ctrl_Fitting_MD> Parameters of Fitting
  fitting method  =  TR+ROT   
  fitting atom    = group1
  mass_weight     =         no
 
[STEP2] Setup MPI
 
Setup_Mpi_Md> Summary of Setup MPI
  number of MPI processes   =        512
  number of OpenMP threads  =          5
  total number of CPU cores =       2560

[STEP3] Set Relevant Variables and Structures
 
Read_Grotop> Summary of Grotopfile
  num_moltypes    =          1
    pos100_cg             :
      num_atoms   =        100
      num_bonds   =         99
      num_angls   =          0
      num_dihes   =          0
      num_cmaps   =          0
      num_excls   =          0
      num_constrs =          0
      num_pairs   =          0
      num_vsites2 =          0
      num_vsites3 =          0
      num_vsites4 =          0
      num_vsitesn =          0
      num_posress =          0
      num_PWMcos  =          0
      num_PWMcosns=          0
      num_IDR_HPS =          1
      num_IDR_KH  =          0
    .. not used molecule types were hidden.

  num_molecules   =       5000
    pos100_cg             :  5000

  num_atomtypes   =         33  num_bondtypes   =          0
  num_angltypes   =          0  num_dihetypes   =          0
  num_flangltypes           20
  num_fldihetypes          400
  num_constrtypes =          0  num_cmaptypes   =          0
  num_nbonparms   =          0
  num_basestacktypes  =     16
  num_basepairtypes   =      4
  num_basecrosstypes  =     32
  num_cgdnaexvtypes   =      6
  num_cgelemolpairs   =      1
  num_cg_IDR_HPS_atomtypes  =     20
  num_cg_KH_atomtypes  =    20

  num_cg_pair_MJ_eps   =   400

Define_Molecule> Summary of molecules
  num_atoms       =     500000  num_bonds       =     495000
  num_angles      =          0  num_dihedrals   =          0
  num_impropers   =          0  num_cmap_terms  =          0
  num_residues    =     500000  num_molecules   =       5000
  num_segments    =          1  num_deg_freedom =    1500000
  total_charge    = 500000.000
 
Update_Num_Deg_Freedom> Number of degrees of freedom was updated
  num_deg_freedom =    1499997 (After removing translation)
 
Setup_Boundary> Setup Variables for Boundary Condition
  box_size(x,y,z) =   3200.000   650.000   650.000
  origin(x,y,z)   =      0.000     0.000     0.000
 
Random_Init> Initialize the random number
  seed            = 960617

Define_Enefunc_Gromacs> Number of Interactions in Each Term
  bond_ene        =     495000  angle_ene       =          0
  torsion_ene     =          0  rb_torsion_ene  =          0
  improper_ene    =          0
  nb_exclusions   =     495000  nb14_calc       =          0
  vsite2_ene      =          0  vsite3_ene      =          0
  vsite3fd_ene    =          0  vsite3fad_ene   =          0
  vsite3out_ene   =          0  vsite4fdn_ene   =          0
  vsiten_ene      =          0
 restraint_groups =          0 restraint_funcs  =          0
 
Get_Morph_in> Morphing check
  morphing_bb     =          0  morphing_sc     =          0
 
Setup_Fitting_Atdyn> NO fitting is applied, skip
  fitting method  =  NO
 
[STEP4] Compute Single Point Energy for Molecules
 
            STEP          ENERGY            BOND  NATIVE_CONTACT NON-NATIVE_CONT           ELECT         IDR_HPS          CG_EXV
 --------------- --------------- --------------- --------------- ---------------
               0     853902.2916     170690.3546          0.0000          0.0000     681472.3800       1739.5570          0.0000

[STEP5] Perform Molecular Dynamics Simulation
 
Generate_Velocity> Generate initial velocities
  iseed           =     960617
  temperature     =    300.000
 
Random_Init_Velocity> Initialize the random number
  seed            = 960617

INFO:       STEP            TIME       TOTAL_ENE   POTENTIAL_ENE     KINETIC_ENE            RMSG            BOND         IDR_HPS  NATIVE_CONTACT          CG_EXV           ELECT     TEMPERATURE          VOLUME
 --------------- --------------- --------------- --------------- ---------------
INFO:          0          0.0000    1300151.6774     853902.2916     446249.3859         10.1780     170690.3546       1739.5570          0.0000          0.0000     681472.3800        299.4178 1352000000.0000

Random_Init> Initialize the random number
  seed            = 526415726

INFO:         20          0.2000    1294979.5023     842764.1848     452215.3175          9.8730     161274.3039        723.9187          0.0000          0.0000     680765.9622        303.4207 1352000000.0000

INFO:         40          0.4000    1291084.2096     837341.4033     453742.8062          9.7819     159543.8400      -1152.9868          0.0000          0.0000     678950.5501        304.4456 1352000000.0000

INFO:         60          0.6000    1286340.0508     831681.2377     454658.8131          9.7209     157696.5176      -2495.7815          0.0000          0.0000     676480.5015        305.0602 1352000000.0000

INFO:         80          0.8000    1282577.1161     826685.7025     455891.4136          9.6854     156573.0715      -3523.0705          0.0000          0.0000     673635.7015        305.8873 1352000000.0000

INFO:        100          1.0000    1278134.0543     822737.1400     455396.9143          9.6700     156474.1172      -4333.0481          0.0000          0.0000     670596.0709        305.5555 1352000000.0000

INFO:        120          1.2000    1274195.4100     818651.2139     455544.1961          9.6459     155912.8054      -4753.5012          0.0000          0.0000     667491.9097        305.6543 1352000000.0000

INFO:        140          1.4000    1270080.9683     814373.9656     455707.0028          9.6249     154988.2657      -4985.0747          0.0000          0.0000     664370.7745        305.7635 1352000000.0000

INFO:        160          1.6000    1266104.2705     810869.6645     455234.6060          9.6089     154834.2286      -5271.6623          0.0000          0.0000     661307.0983        305.4466 1352000000.0000

INFO:        180          1.8000    1261489.6056     807593.1377     453896.4679          9.6064     154549.8284      -5284.3518          0.0000          0.0000     658327.6612        304.5487 1352000000.0000

INFO:        200          2.0000    1258529.9643     804294.6578     454235.3066          9.5910     154219.5982      -5363.3345          0.0000          0.0000     655438.3940        304.7761 1352000000.0000

INFO:        220          2.2000    1255651.2447     801702.6771     453948.5676          9.5814     154230.0875      -5167.5265          0.0000          0.0000     652640.1161        304.5837 1352000000.0000

INFO:        240          2.4000    1252022.2267     798782.6271     453239.5995          9.5799     154051.6502      -5213.8223          0.0000          0.0000     649944.7992        304.1080 1352000000.0000

INFO:        260          2.6000    1249095.5634     796991.9416     452103.6217          9.5907     154642.3785      -5014.2636          0.0000          0.0000     647363.8268        303.3458 1352000000.0000

INFO:        280          2.8000    1246145.2305     794144.5121     452000.7184          9.5783     154163.7595      -4895.4013          0.0000          0.0000     644876.1539        303.2768 1352000000.0000

INFO:        300          3.0000    1242261.7735     791563.7040     450698.0694          9.5748     153924.4813      -4830.4036          0.0000          0.0000     642469.6263        302.4027 1352000000.0000

INFO:        320          3.2000    1240268.7712     788785.1623     451483.6089          9.5627     153701.4845      -5031.8072          0.0000          0.0000     640115.4850        302.9298 1352000000.0000

INFO:        340          3.4000    1237512.9045     786361.0664     451151.8381          9.5427     153386.2275      -4896.1246          0.0000          0.0000     637870.9635        302.7072 1352000000.0000

INFO:        360          3.6000    1235431.0837     784122.2689     451308.8147          9.5413     153141.1882      -4732.3237          0.0000          0.0000     635713.4045        302.8125 1352000000.0000

INFO:        380          3.8000    1233333.9831     782286.9638     451047.0193          9.5426     153239.8765      -4574.1887          0.0000          0.0000     633621.2760        302.6369 1352000000.0000

INFO:        400          4.0000    1230844.9882     780390.1179     450454.8704          9.5396     153055.7079      -4282.8634          0.0000          0.0000     631617.2734        302.2395 1352000000.0000

INFO:        420          4.2000    1228309.3430     778965.4591     449343.8839          9.5484     153371.2633      -4102.8162          0.0000          0.0000     629697.0120        301.4941 1352000000.0000

INFO:        440          4.4000    1225719.3568     776554.4367     449164.9201          9.5279     152837.9658      -4129.2952          0.0000          0.0000     627845.7661        301.3740 1352000000.0000

INFO:        460          4.6000    1223757.8970     775000.9333     448756.9636          9.5395     152905.5371      -3933.5196          0.0000          0.0000     626028.9158        301.1003 1352000000.0000

INFO:        480          4.8000    1222020.3919     773455.8451     448564.5468          9.5410     153132.1685      -3920.9914          0.0000          0.0000     624244.6680        300.9712 1352000000.0000

INFO:        500          5.0000    1220056.2769     771278.2457     448778.0312          9.5293     152796.5910      -4032.1760          0.0000          0.0000     622513.8308        301.1144 1352000000.0000

INFO:        520          5.2000    1218506.5548     770047.4935     448459.0613          9.5419     153217.6163      -3995.8709          0.0000          0.0000     620825.7481        300.9004 1352000000.0000

INFO:        540          5.4000    1217174.6011     768345.2476     448829.3535          9.5385     152980.7018      -3847.2201          0.0000          0.0000     619211.7660        301.1489 1352000000.0000

INFO:        560          5.6000    1215177.0345     766511.8567     448665.1778          9.5259     152779.1360      -3889.3762          0.0000          0.0000     617622.0970        301.0387 1352000000.0000

INFO:        580          5.8000    1213963.8158     765294.9447     448668.8711          9.5424     153131.3864      -3906.5154          0.0000          0.0000     616070.0737        301.0412 1352000000.0000

INFO:        600          6.0000    1212077.7450     764129.9434     447947.8017          9.5377     153132.0770      -3577.8617          0.0000          0.0000     614575.7280        300.5574 1352000000.0000

INFO:        620          6.2000    1211121.7810     762950.3635     448171.4176          9.5444     153347.2509      -3527.5127          0.0000          0.0000     613130.6252        300.7074 1352000000.0000

INFO:        640          6.4000    1209508.7593     761435.1153     448073.6441          9.5374     153075.9640      -3373.6807          0.0000          0.0000     611732.8320        300.6418 1352000000.0000

INFO:        660          6.6000    1208346.9641     760334.3691     448012.5950          9.5469     153360.3665      -3390.1495          0.0000          0.0000     610364.1521        300.6009 1352000000.0000

INFO:        680          6.8000    1207096.7745     758692.0362     448404.7383          9.5432     153171.8717      -3506.0769          0.0000          0.0000     609026.2415        300.8640 1352000000.0000

INFO:        700          7.0000    1205792.5498     757390.8607     448401.6891          9.5465     153074.2332      -3420.5507          0.0000          0.0000     607737.1782        300.8619 1352000000.0000

INFO:        720          7.2000    1204139.4155     756022.6546     448116.7609          9.5428     152914.4440      -3383.9057          0.0000          0.0000     606492.1162        300.6708 1352000000.0000

INFO:        740          7.4000    1202974.6270     755271.0489     447703.5781          9.5549     153368.8501      -3370.7216          0.0000          0.0000     605272.9204        300.3935 1352000000.0000

INFO:        760          7.6000    1202021.9672     753920.3541     448101.6131          9.5571     153167.3119      -3342.8555          0.0000          0.0000     604095.8977        300.6606 1352000000.0000

INFO:        780          7.8000    1200917.6239     752785.1917     448132.4322          9.5434     153051.1725      -3200.0057          0.0000          0.0000     602934.0249        300.6813 1352000000.0000

INFO:        800          8.0000    1199639.6293     751826.0215     447813.6078          9.5414     153068.7037      -3047.6704          0.0000          0.0000     601804.9883        300.4673 1352000000.0000

INFO:        820          8.2000    1198903.7035     750993.9767     447909.7268          9.5508     153262.6341      -2942.7340          0.0000          0.0000     600674.0767        300.5318 1352000000.0000

INFO:        840          8.4000    1197549.3143     750171.5127     447377.8016          9.5564     153498.7474      -2901.6896          0.0000          0.0000     599574.4549        300.1749 1352000000.0000

INFO:        860          8.6000    1196049.0562     748573.1224     447475.9338          9.5422     153009.3476      -2935.2656          0.0000          0.0000     598499.0405        300.2408 1352000000.0000

INFO:        880          8.8000    1195133.3734     747695.8328     447437.5407          9.5482     153151.9364      -2891.4081          0.0000          0.0000     597435.3045        300.2150 1352000000.0000

INFO:        900          9.0000    1194364.3490     747317.8854     447046.4636          9.5551     153630.5783      -2721.8573          0.0000          0.0000     596409.1643        299.9526 1352000000.0000

INFO:        920          9.2000    1193476.8053     746169.5889     447307.2163          9.5481     153594.9566      -2782.9135          0.0000          0.0000     595357.5459        300.1276 1352000000.0000

INFO:        940          9.4000    1191491.9816     745066.0016     446425.9800          9.5460     153439.3630      -2702.0740          0.0000          0.0000     594328.7126        299.5363 1352000000.0000

INFO:        960          9.6000    1191085.4876     743464.0944     447621.3932          9.5349     152975.6231      -2810.2606          0.0000          0.0000     593298.7319        300.3384 1352000000.0000

INFO:        980          9.8000    1189957.5402     742715.2649     447242.2753          9.5418     153365.6387      -2957.9373          0.0000          0.0000     592307.5635        300.0840 1352000000.0000

INFO:       1000         10.0000    1188749.7910     741843.2658     446906.5251          9.5520     153427.6309      -2943.9583          0.0000          0.0000     591359.5933        299.8587 1352000000.0000

INFO:       1020         10.2000    1188111.6256     740337.2239     447774.4017          9.5366     152758.1253      -2860.3532          0.0000          0.0000     590439.4518        300.4410 1352000000.0000

INFO:       1040         10.4000    1187236.6548     740196.2897     447040.3651          9.5528     153400.1080      -2753.0869          0.0000          0.0000     589549.2687        299.9485 1352000000.0000

INFO:       1060         10.6000    1186785.4589     739289.6026     447495.8562          9.5485     153290.2784      -2669.0743          0.0000          0.0000     588668.3986        300.2541 1352000000.0000

INFO:       1080         10.8000    1185680.1737     738087.4255     447592.7482          9.5361     152951.4944      -2670.3577          0.0000          0.0000     587806.2888        300.3192 1352000000.0000

INFO:       1100         11.0000    1185431.2543     737981.2663     447449.9880          9.5512     153571.1558      -2517.5810          0.0000          0.0000     586927.6916        300.2234 1352000000.0000

INFO:       1120         11.2000    1184465.4225     737053.8539     447411.5686          9.5515     153335.8495      -2370.8163          0.0000          0.0000     586088.8207        300.1976 1352000000.0000

INFO:       1140         11.4000    1183338.0276     735861.9208     447476.1068          9.5448     153088.6438      -2477.2506          0.0000          0.0000     585250.5275        300.2409 1352000000.0000

INFO:       1160         11.6000    1181870.3688     734944.5892     446925.7796          9.5426     153142.4244      -2629.6786          0.0000          0.0000     584431.8435        299.8716 1352000000.0000

INFO:       1180         11.8000    1181059.8311     734164.4466     446895.3844          9.5445     153125.8396      -2592.6684          0.0000          0.0000     583631.2753        299.8512 1352000000.0000

INFO:       1200         12.0000    1180582.9461     733489.4448     447093.5013          9.5478     153225.6283      -2579.1411          0.0000          0.0000     582842.9575        299.9842 1352000000.0000

INFO:       1220         12.2000    1179348.3594     732763.5928     446584.7666          9.5396     153068.3433      -2390.3239          0.0000          0.0000     582085.5734        299.6428 1352000000.0000

INFO:       1240         12.4000    1179170.6308     732223.8022     446946.8286          9.5401     153197.2312      -2329.3092          0.0000          0.0000     581355.8803        299.8858 1352000000.0000

INFO:       1260         12.6000    1178283.0535     731889.5104     446393.5431          9.5531     153504.8815      -2268.9756          0.0000          0.0000     580653.6045        299.5145 1352000000.0000

INFO:       1280         12.8000    1176689.2687     731119.9672     445569.3015          9.5509     153369.2039      -2172.2590          0.0000          0.0000     579923.0223        298.9615 1352000000.0000

INFO:       1300         13.0000    1175996.2691     729914.9307     446081.3384          9.5369     152895.7412      -2146.9160          0.0000          0.0000     579166.1055        299.3051 1352000000.0000

INFO:       1320         13.2000    1175577.9723     729018.7927     446559.1796          9.5441     153109.8299      -2497.9578          0.0000          0.0000     578406.9205        299.6257 1352000000.0000

INFO:       1340         13.4000    1175230.6530     728464.4476     446766.2054          9.5492     153352.5655      -2558.2674          0.0000          0.0000     577670.1494        299.7646 1352000000.0000

INFO:       1360         13.6000    1174425.0460     727916.0350     446509.0111          9.5484     153328.8152      -2387.4356          0.0000          0.0000     576974.6553        299.5920 1352000000.0000

INFO:       1380         13.8000    1173524.9156     727251.2968     446273.6188          9.5387     153188.6705      -2225.6840          0.0000          0.0000     576288.3103        299.4341 1352000000.0000

INFO:       1400         14.0000    1173319.2369     726986.3736     446332.8632          9.5535     153616.3364      -2240.9551          0.0000          0.0000     575610.9924        299.4738 1352000000.0000

INFO:       1420         14.2000    1173033.6375     726069.0494     446964.5880          9.5497     153446.5689      -2315.8263          0.0000          0.0000     574938.3068        299.8977 1352000000.0000

INFO:       1440         14.4000    1172046.3384     725108.8882     446937.4502          9.5432     153172.1602      -2334.5804          0.0000          0.0000     574271.3084        299.8795 1352000000.0000

INFO:       1460         14.6000    1171258.3145     724171.6395     447086.6750          9.5268     152857.9901      -2337.7900          0.0000          0.0000     573651.4394        299.9796 1352000000.0000

INFO:       1480         14.8000    1171108.9585     724708.2686     446400.6899          9.5513     153766.8454      -2085.4623          0.0000          0.0000     573026.8855        299.5193 1352000000.0000

INFO:       1500         15.0000    1170013.6072     723498.4011     446515.2061          9.5441     153231.8192      -2124.1400          0.0000          0.0000     572390.7218        299.5962 1352000000.0000

INFO:       1520         15.2000    1170008.2791     723040.7670     446967.5121          9.5602     153428.4689      -2150.6711          0.0000          0.0000     571762.9692        299.8996 1352000000.0000

INFO:       1540         15.4000    1168734.1709     722486.5860     446247.5849          9.5490     153402.9648      -2064.9208          0.0000          0.0000     571148.5421        299.4166 1352000000.0000

INFO:       1560         15.6000    1167662.7504     721517.9470     446144.8034          9.5471     153084.8540      -2100.1773          0.0000          0.0000     570533.2703        299.3476 1352000000.0000

INFO:       1580         15.8000    1166348.5281     720423.1159     445925.4122          9.5301     152725.1621      -2240.3006          0.0000          0.0000     569938.2545        299.2004 1352000000.0000

INFO:       1600         16.0000    1165935.3391     719888.1263     446047.2128          9.5334     152831.5021      -2262.9587          0.0000          0.0000     569319.5829        299.2822 1352000000.0000

INFO:       1620         16.2000    1165755.4422     719238.5987     446516.8435          9.5277     152669.3029      -2152.1437          0.0000          0.0000     568721.4395        299.5973 1352000000.0000

INFO:       1640         16.4000    1165416.8419     718924.8191     446492.0227          9.5359     152872.0782      -2068.3408          0.0000          0.0000     568121.0818        299.5806 1352000000.0000

INFO:       1660         16.6000    1164790.3979     718567.1823     446223.2156          9.5432     153032.2450      -2003.4447          0.0000          0.0000     567538.3820        299.4002 1352000000.0000

INFO:       1680         16.8000    1164657.4635     717726.3416     446931.1219          9.5353     152795.6212      -2040.1288          0.0000          0.0000     566970.8493        299.8752 1352000000.0000

INFO:       1700         17.0000    1164237.3457     717816.4297     446420.9160          9.5525     153339.0761      -1936.8151          0.0000          0.0000     566414.1687        299.5329 1352000000.0000

INFO:       1720         17.2000    1163141.9208     717529.1527     445612.7681          9.5652     153609.7930      -1939.8316          0.0000          0.0000     565859.1913        298.9907 1352000000.0000

INFO:       1740         17.4000    1162261.7611     716968.4460     445293.3151          9.5602     153690.1858      -2007.7465          0.0000          0.0000     565286.0067        298.7763 1352000000.0000

INFO:       1760         17.6000    1162467.0144     715686.1523     446780.8621          9.5509     153069.1542      -2128.1828          0.0000          0.0000     564745.1809        299.7744 1352000000.0000

INFO:       1780         17.8000    1161689.5944     715588.1889     446101.4055          9.5495     153434.6489      -2072.7668          0.0000          0.0000     564226.3068        299.3185 1352000000.0000

INFO:       1800         18.0000    1160787.3509     714872.3113     445915.0397          9.5443     153110.9303      -1975.5036          0.0000          0.0000     563736.8846        299.1935 1352000000.0000

INFO:       1820         18.2000    1160547.1082     714427.4733     446119.6348          9.5548     153254.3521      -2054.6416          0.0000          0.0000     563227.7628        299.3307 1352000000.0000

INFO:       1840         18.4000    1160210.3621     714098.6037     446111.7584          9.5560     153416.5383      -2037.6183          0.0000          0.0000     562719.6837        299.3255 1352000000.0000

INFO:       1860         18.6000    1159752.9734     713730.5932     446022.3802          9.5626     153467.7487      -1970.0633          0.0000          0.0000     562232.9078        299.2655 1352000000.0000

INFO:       1880         18.8000    1159355.1627     712740.0457     446615.1170          9.5432     153029.8324      -2031.0130          0.0000          0.0000     561741.2262        299.6632 1352000000.0000

INFO:       1900         19.0000    1159684.1193     712632.6447     447051.4746          9.5495     153344.5328      -1992.0885          0.0000          0.0000     561280.2004        299.9560 1352000000.0000

INFO:       1920         19.2000    1159230.9130     712067.2726     447163.6404          9.5434     153236.9239      -1968.3673          0.0000          0.0000     560798.7160        300.0312 1352000000.0000

INFO:       1940         19.4000    1158479.2255     711743.6816     446735.5439          9.5509     153350.1234      -1971.8604          0.0000          0.0000     560365.4187        299.7440 1352000000.0000

INFO:       1960         19.6000    1158412.8675     712050.7468     446362.1207          9.5707     153898.0439      -1783.1944          0.0000          0.0000     559935.8973        299.4934 1352000000.0000

INFO:       1980         19.8000    1157461.1490     711409.9863     446051.1627          9.5610     153407.2139      -1507.1937          0.0000          0.0000     559509.9662        299.2848 1352000000.0000

INFO:       2000         20.0000    1157065.3095     710595.5875     446469.7220          9.5490     153146.4294      -1589.4781          0.0000          0.0000     559038.6362        299.5656 1352000000.0000

 
[STEP6] Deallocate Arrays
 
Output_Time> Averaged timer profile (Min, Max)
  total time      =     132.491
    setup         =       6.281
    dynamics      =     126.209
      energy      =      74.058
      integrator  =      39.573
      migration   =       0.000
      pairlist    =      11.409 (      10.541,      16.195)
  energy           
    bond          =       0.055 (       0.049,       0.066)
    angle         =       0.018 (       0.015,       0.025)
    dihedral      =       0.017 (       0.014,       0.025)
    base stacking =       0.000 (       0.000,       0.000)
    nonbond       =       9.900 (       9.187,      11.400)
      CG exv      =       1.204 (       1.088,       1.475)
      CG DNA bp   =       0.000 (       0.000,       0.000)
      CG DNA exv  =       0.000 (       0.000,       0.000)
      CG ele      =       5.312 (       4.903,       6.159)
      CG PWMcos   =       0.000 (       0.000,       0.000)
      CG PWMcosns =       0.000 (       0.000,       0.000)
      CG IDR-HPS  =       3.374 (       3.109,       3.804)
      CG IDR-KH   =       0.000 (       0.000,       0.000)
      CG KH       =       0.000 (       0.000,       0.000)
      Contact     =       0.008 (       0.006,       0.012)
      pme real    =       0.000 (       0.000,       0.000)
      pme recip   =       0.000 (       0.000,       0.000)
    solvation     =       0.000 (       0.000,       0.000)
      polar       =       0.000 (       0.000,       0.000)
      non-polar   =       0.000 (       0.000,       0.000)
    restraint     =       0.000 (       0.000,       0.000)
    qmmm          =       0.000 (       0.000,       0.000)
    morph         =       0.000 (       0.000,       0.000)
  integrator       
    constraint    =       0.000 (       0.000,       0.000)
    update        =       0.000 (       0.000,       0.000)
    comm_coord    =       0.000 (       0.000,       0.000)
    comm_force    =       0.000 (       0.000,       0.000)
  migration       =       0.000 (       0.000,       0.000)
    comm_migrate  =       0.000 (       0.000,       0.000)
    ptl_migrate   =       0.000 (       0.000,       0.000)
    bond_migrate  =       0.000 (       0.000,       0.000)
    angl_migrate  =       0.000 (       0.000,       0.000)
    dihe_migrate  =       0.000 (       0.000,       0.000)
    contact_migr  =       0.000 (       0.000,       0.000)
    stack_migrate =       0.000 (       0.000,       0.000)
    pwmcos_migrate =       0.000 (       0.000,       0.000)
    pwmcosns_migr  =       0.000 (       0.000,       0.000)
    nonb_update    =       0.000 (       0.000,       0.000)

