****************************************************
*                                                  *
*                  GENESIS ATDYN                   *
*                                                  *
*        A Molecular Dynamics Simulator with       *
*            Atomic Decomposition Scheme           *
*                                                  *
*               Developed by RIKEN                 *
*                                                  *
****************************************************
 
[STEP0] Architecture and Compiler Information
 
GENESIS_Information> GENESIS Information
  version      = 2.0.0
  commit ID    = $GENESIS_VERSION$
  precision    = double
  nonbonding   = CPU

Build_Information> Compiler Information
  build host   = jjwsmj@hokusai2
  fortran      = ifort (IFORT) 2021.7.1 20221019
  option       = 
  -axCORE-AVX512 -g -O3  -qmkl=parallel  -assume byterecl -qopenmp  
  C            = 
 icc: remark #10441: The Intel(R) C++ Compiler Classic (ICC) is deprecated and w
 ill be removed from product release in the second half of 2023. The Intel(R) on
 eAPI DPC++/C++ Compiler (ICX) is the recommended compiler moving forward. Pleas
 e transition to use this compiler. Use '-diag-disable=10441' to disable this me
 ssage.
  option       = -O3 -ip -axCORE-AVX2  -qopenmp 
  defined var. = 
  -DHAVE_MPI_GENESIS -DOMP -DIFORT19 -DFFTE -DLAPACK -DDSFMT_MEXP=19937 -DINTEL
  link option  = 
  -assume byterecl -lgfortran -qopenmp  -lmkl_intel_lp64 -lmkl_sequential -lmkl_
 core -lmkl_lapack95_lp64   
  MPI Compiler = Intel(R) MPI

Runtime_Information> Machine and Library Information
  date       = 2023/05/12 16:57:48
  cpu model    = Intel(R) Xeon(R) Gold 6148 CPU @ 2.40GHz
  exec. host   = jjwsmj@bwmpc0152
  LD library   = 
 /bwfefs/opt/x86_64/intel/oneapi/2022.3/mpi/2021.7.1/libfabric/lib:/bwfefs/opt/x
 86_64/intel/oneapi/2022.3/mpi/2021.7.1/lib/release:/bwfefs/opt/x86_64/intel/one
 api/2022.3/mpi/2021.7.1/lib:/bwfefs/opt/x86_64/intel/oneapi/2022.3/tbb/2021.7.1
 /lib/intel64/gcc4.8:/usr/lib64:/bwfefs/opt/x86_64/intel/oneapi/2022.3/vpl/2022.
 2.5/lib:/bwfefs/opt/x86_64/intel/oneapi/2022.3/mkl/latest/lib/intel64:/bwfefs/o
 pt/x86_64/intel/oneapi/2022.3/itac/2021.7.1/slib:/bwfefs/opt/x86_64/intel/oneap
 i/2022.3/ippcp/2021.6.2/lib/intel64:/bwfefs/opt/x86_64/intel/oneapi/2022.3/ipp/
 2021.6.2/lib/intel64:/bwfefs/opt/x86_64/intel/oneapi/2022.3/dnnl/2022.2.1/cpu_d
 pcpp_gpu_dpcpp/lib:/bwfefs/opt/x86_64/intel/oneapi/2022.3/dal/2021.7.1/lib/inte
 l64:/bwfefs/opt/x86_64/intel/oneapi/2022.3/compiler/2022.2.1/linux/compiler/lib
 :/bwfefs/opt/x86_64/intel/oneapi/2022.3/compiler/2022.2.1/linux/lib/oclfpga/hos
 t/linux64/lib:/bwfefs/opt/x86_64/intel/oneapi/2022.3/compiler/2022.2.1/linux/li
 b/oclfpga/linux64/lib:/bwfefs/opt/x86_64/intel/oneapi/2022.3/compiler/2022.2.1/
 linux/lib:/bwfefs/opt/x86_64/intel/oneapi/2022.3/compiler/2022.2.1/linux/lib/x6
 4:/bwfefs/opt/x86_64/intel/oneapi/2022.3/compiler/2022.2.1/linux/lib/emu:/bwfef
 s/opt/x86_64/intel/oneapi/2022.3/compiler/2022.2.1/linux/compiler/lib/intel64_l
 in:/bwfefs/opt/x86_64/intel/oneapi/2022.3/debugger/2021.7.1/dep/lib:/bwfefs/opt
 /x86_64/intel/oneapi/2022.3/debugger/2021.7.1/libipt/intel64/lib:/bwfefs/opt/x8
 6_64/intel/oneapi/2022.3/debugger/2021.7.1/gdb/intel64/lib:/bwfefs/opt/x86_64/
 MPI Runtime = Intel(R) MPI Library 2021.7 for Linux* OS


[STEP1] Read Control Parameters
 
Read_Ctrl_Input> Input Files
  grotopfile = pro.top
  grocrdfile = crd/pos_5000.gro
 
Read_Ctrl_Output> Output Files
 
Read_Ctrl_Energy> WARNING: "water_model" is not available
Read_Ctrl_Energy> Parameters of Energy Calculations
  forcefield      =    RESIDCG
  switchdist      =     10.000  cutoffdist      =     12.000
  pairlistdist    =     13.500  dielec_const    =      1.000
  debye           =     10.000
  vdw_force_switch=         no
  electrostatic   =  CUTOFF
  implicit_solvent=       none
  table           =         no
  water_model     =       NONE
  output_style    =    GENESIS
  dispersion_corr =       none
  nonb_limiter    =      no
  user def. table =     no
  efield_x        =           0.000
  efield_y        =           0.000
  efield_z        =           0.000
  efield_normal   =              no
  efield_virial   =              no
 
Read_Ctrl_Dynamics> Parameters of MD simulation
  integrator      =    VVER_CG  nsteps          =       2000
  timestep        =     0.0100  initial_time    =     0.0000
  eneout_period   =         20  rstout_period   =          0
  crdout_period   =          0  velout_period   =          0
  nbupdate_period =         20  stoptr_period   =         10
  qmsave_period   =          0
  iseed           =         -1
  annealing       =         no
  verbose         =         no
  target_md       =         no
  steered_md      =         no
  shrink_box      =         no
  esp_mm          =         no
 
Read_Ctrl_Constraints> Parameters for Constraints
  rigid_bond      =         no
  fixatm_select_index        =       none
 
Read_Ctrl_Ensemble> Parameters for Ensemble
  ensemble        =        NVT
  temperature     =    300.000
  tpcontrol       =   LANGEVIN
  gamma_t         =      1.000
 
Read_Ctrl_Boundary> Parameters of Boundary Condition
  type            =     PBC   
  box_size(x,y,z) =   3200.000   650.000   650.000
  pairlist_grid   =      3.000
 
Read_Ctrl_Selection> Parameters of Selection
  # of groups     =          0
  # of mole names =          0
 
Read_Ctrl_Restraints> No restraint in the system

Read_Ctrl_Fitting_MD> Parameters of Fitting
  fitting method  =  TR+ROT   
  fitting atom    = group1
  mass_weight     =         no
 
[STEP2] Setup MPI
 
Setup_Mpi_Md> Summary of Setup MPI
  number of MPI processes   =        512
  number of OpenMP threads  =          5
  total number of CPU cores =       2560

[STEP3] Set Relevant Variables and Structures
 
Read_Grotop> Summary of Grotopfile
  num_moltypes    =          1
    pos100_cg             :
      num_atoms   =        100
      num_bonds   =         99
      num_angls   =          0
      num_dihes   =          0
      num_cmaps   =          0
      num_excls   =          0
      num_constrs =          0
      num_pairs   =          0
      num_vsites2 =          0
      num_vsites3 =          0
      num_vsites4 =          0
      num_vsitesn =          0
      num_posress =          0
      num_PWMcos  =          0
      num_PWMcosns=          0
      num_IDR_HPS =          1
      num_IDR_KH  =          0
    .. not used molecule types were hidden.

  num_molecules   =       5000
    pos100_cg             :  5000

  num_atomtypes   =         33  num_bondtypes   =          0
  num_angltypes   =          0  num_dihetypes   =          0
  num_flangltypes           20
  num_fldihetypes          400
  num_constrtypes =          0  num_cmaptypes   =          0
  num_nbonparms   =          0
  num_basestacktypes  =     16
  num_basepairtypes   =      4
  num_basecrosstypes  =     32
  num_cgdnaexvtypes   =      6
  num_cgelemolpairs   =      1
  num_cg_IDR_HPS_atomtypes  =     20
  num_cg_KH_atomtypes  =    20

  num_cg_pair_MJ_eps   =   400

Define_Molecule> Summary of molecules
  num_atoms       =     500000  num_bonds       =     495000
  num_angles      =          0  num_dihedrals   =          0
  num_impropers   =          0  num_cmap_terms  =          0
  num_residues    =     500000  num_molecules   =       5000
  num_segments    =          1  num_deg_freedom =    1500000
  total_charge    = 500000.000
 
Update_Num_Deg_Freedom> Number of degrees of freedom was updated
  num_deg_freedom =    1499997 (After removing translation)
 
Setup_Boundary> Setup Variables for Boundary Condition
  box_size(x,y,z) =   3200.000   650.000   650.000
  origin(x,y,z)   =      0.000     0.000     0.000
 
Random_Init> Initialize the random number
  seed            = 289686

Define_Enefunc_Gromacs> Number of Interactions in Each Term
  bond_ene        =     495000  angle_ene       =          0
  torsion_ene     =          0  rb_torsion_ene  =          0
  improper_ene    =          0
  nb_exclusions   =     495000  nb14_calc       =          0
  vsite2_ene      =          0  vsite3_ene      =          0
  vsite3fd_ene    =          0  vsite3fad_ene   =          0
  vsite3out_ene   =          0  vsite4fdn_ene   =          0
  vsiten_ene      =          0
 restraint_groups =          0 restraint_funcs  =          0
 
Get_Morph_in> Morphing check
  morphing_bb     =          0  morphing_sc     =          0
 
Setup_Fitting_Atdyn> NO fitting is applied, skip
  fitting method  =  NO
 
[STEP4] Compute Single Point Energy for Molecules
 
            STEP          ENERGY            BOND  NATIVE_CONTACT NON-NATIVE_CONT           ELECT         IDR_HPS          CG_EXV
 --------------- --------------- --------------- --------------- ---------------
               0     853902.2916     170690.3546          0.0000          0.0000     681472.3800       1739.5570          0.0000

[STEP5] Perform Molecular Dynamics Simulation
 
Generate_Velocity> Generate initial velocities
  iseed           =     289686
  temperature     =    300.000
 
Random_Init_Velocity> Initialize the random number
  seed            = 289686

INFO:       STEP            TIME       TOTAL_ENE   POTENTIAL_ENE     KINETIC_ENE            RMSG            BOND         IDR_HPS  NATIVE_CONTACT          CG_EXV           ELECT     TEMPERATURE          VOLUME
 --------------- --------------- --------------- --------------- ---------------
INFO:          0          0.0000    1301300.6073     853902.2916     447398.3157         10.1780     170690.3546       1739.5570          0.0000          0.0000     681472.3800        300.1887 1352000000.0000

Random_Init> Initialize the random number
  seed            = 1347344734

INFO:         20          0.2000    1295318.7371     842933.6156     452385.1215          9.8789     161358.8454        857.9094          0.0000          0.0000     680716.8607        303.5347 1352000000.0000

INFO:         40          0.4000    1291306.5012     837714.6862     453591.8150          9.7832     159660.2589       -811.5974          0.0000          0.0000     678866.0247        304.3443 1352000000.0000

INFO:         60          0.6000    1287113.7948     831941.7788     455172.0159          9.7252     157767.8634      -2160.8926          0.0000          0.0000     676334.8080        305.4046 1352000000.0000

INFO:         80          0.8000    1282705.7757     827548.9556     455156.8201          9.7075     157517.6574      -3362.6215          0.0000          0.0000     673393.9197        305.3944 1352000000.0000

INFO:        100          1.0000    1279048.8985     822469.4341     456579.4645          9.6837     156660.9984      -4483.5963          0.0000          0.0000     670292.0320        306.3489 1352000000.0000

INFO:        120          1.2000    1274300.4201     817841.9911     456458.4290          9.6429     155506.3932      -4852.1895          0.0000          0.0000     667187.7874        306.2677 1352000000.0000

INFO:        140          1.4000    1269257.4298     814223.8611     455033.5687          9.6213     154937.9138      -4833.6612          0.0000          0.0000     664119.6086        305.3117 1352000000.0000

INFO:        160          1.6000    1265284.2649     810854.7639     454429.5010          9.6119     154730.3370      -4985.5402          0.0000          0.0000     661109.9671        304.9064 1352000000.0000

INFO:        180          1.8000    1261281.5716     807137.9770     454143.5946          9.5936     154227.0002      -5240.9070          0.0000          0.0000     658151.8838        304.7145 1352000000.0000

INFO:        200          2.0000    1257863.6551     803966.4708     453897.1843          9.5763     153804.6198      -5137.3846          0.0000          0.0000     655299.2355        304.5492 1352000000.0000

INFO:        220          2.2000    1255082.9135     801365.9721     453716.9415          9.5804     153985.7271      -5128.1754          0.0000          0.0000     652508.4203        304.4283 1352000000.0000

INFO:        240          2.4000    1251655.2943     798679.9395     452975.3547          9.5782     153903.7967      -5052.0926          0.0000          0.0000     649828.2355        303.9307 1352000000.0000

INFO:        260          2.6000    1249283.3622     796362.6560     452920.7062          9.5793     154110.2300      -4981.7695          0.0000          0.0000     647234.1955        303.8940 1352000000.0000

INFO:        280          2.8000    1245752.6180     793482.4022     452270.2158          9.5755     153857.3387      -5098.1330          0.0000          0.0000     644723.1965        303.4576 1352000000.0000

INFO:        300          3.0000    1243257.7804     790797.8747     452459.9057          9.5642     153612.2644      -5120.3656          0.0000          0.0000     642305.9759        303.5848 1352000000.0000

INFO:        320          3.2000    1240636.9348     788688.4218     451948.5130          9.5662     153657.5525      -4958.8561          0.0000          0.0000     639989.7254        303.2417 1352000000.0000

INFO:        340          3.4000    1237207.2980     786096.0653     451111.2327          9.5502     153110.1751      -4769.1584          0.0000          0.0000     637755.0486        302.6799 1352000000.0000

INFO:        360          3.6000    1234316.5425     784054.5843     450261.9582          9.5476     153093.2464      -4655.2109          0.0000          0.0000     635616.5489        302.1101 1352000000.0000

INFO:        380          3.8000    1231959.0923     782012.5902     449946.5020          9.5457     152976.1355      -4517.6517          0.0000          0.0000     633554.1065        301.8984 1352000000.0000

INFO:        400          4.0000    1230397.7109     780378.5651     450019.1458          9.5457     153196.7304      -4377.2993          0.0000          0.0000     631559.1341        301.9472 1352000000.0000

INFO:        420          4.2000    1227647.5017     777852.0964     449795.4053          9.5271     152611.1774      -4390.2388          0.0000          0.0000     629631.1577        301.7971 1352000000.0000

INFO:        440          4.4000    1225832.3663     776250.4609     449581.9054          9.5399     152859.8691      -4389.3201          0.0000          0.0000     627779.9119        301.6538 1352000000.0000

INFO:        460          4.6000    1224140.5123     775053.8515     449086.6608          9.5544     153337.4041      -4282.2193          0.0000          0.0000     625998.6667        301.3215 1352000000.0000

INFO:        480          4.8000    1222589.7392     773199.9845     449389.7547          9.5427     152963.2672      -4043.9037          0.0000          0.0000     624280.6209        301.5249 1352000000.0000

INFO:        500          5.0000    1220614.6080     772148.5949     448466.0132          9.5558     153433.1045      -3900.9881          0.0000          0.0000     622616.4784        300.9051 1352000000.0000

INFO:        520          5.2000    1219081.2662     770379.4954     448701.7708          9.5568     153217.2441      -3840.0589          0.0000          0.0000     621002.3102        301.0633 1352000000.0000

INFO:        540          5.4000    1217799.7409     768981.4991     448818.2418          9.5506     153334.3404      -3785.8746          0.0000          0.0000     619433.0332        301.1414 1352000000.0000

INFO:        560          5.6000    1215518.0126     767351.1088     448166.9037          9.5462     153240.0859      -3784.7368          0.0000          0.0000     617895.7597        300.7044 1352000000.0000

INFO:        580          5.8000    1213905.0946     765724.8521     448180.2425          9.5515     153243.7555      -3871.6720          0.0000          0.0000     616352.7686        300.7133 1352000000.0000

INFO:        600          6.0000    1212329.6852     764416.7800     447912.9051          9.5649     153491.4578      -3912.5350          0.0000          0.0000     614837.8572        300.5340 1352000000.0000

INFO:        620          6.2000    1210591.3039     762167.1352     448424.1687          9.5254     152621.6212      -3843.0914          0.0000          0.0000     613388.6053        300.8770 1352000000.0000

INFO:        640          6.4000    1209128.7232     761003.3687     448125.3546          9.5241     152778.5575      -3769.8887          0.0000          0.0000     611994.6998        300.6765 1352000000.0000

INFO:        660          6.6000    1208223.5181     760459.4870     447764.0311          9.5619     153638.2410      -3821.0198          0.0000          0.0000     610642.2657        300.4341 1352000000.0000

INFO:        680          6.8000    1207260.5879     759162.8283     448097.7596          9.5588     153474.6097      -3626.4619          0.0000          0.0000     609314.6804        300.6580 1352000000.0000

INFO:        700          7.0000    1205208.4238     757446.6336     447761.7903          9.5381     152843.4048      -3448.9241          0.0000          0.0000     608052.1528        300.4326 1352000000.0000

INFO:        720          7.2000    1203929.9219     756718.0979     447211.8240          9.5417     153230.8585      -3303.1801          0.0000          0.0000     606790.4195        300.0636 1352000000.0000

INFO:        740          7.4000    1203100.9437     755425.7391     447675.2046          9.5426     153175.4177      -3314.2347          0.0000          0.0000     605564.5561        300.3745 1352000000.0000

INFO:        760          7.6000    1201586.3053     754061.4420     447524.8634          9.5313     152883.4579      -3192.6282          0.0000          0.0000     604370.6123        300.2736 1352000000.0000

INFO:        780          7.8000    1200166.6319     753010.7818     447155.8501          9.5404     153051.8829      -3235.3930          0.0000          0.0000     603194.2919        300.0260 1352000000.0000

INFO:        800          8.0000    1199013.1564     751778.9511     447234.2053          9.5423     152951.0264      -3202.4747          0.0000          0.0000     602030.3995        300.0786 1352000000.0000

INFO:        820          8.2000    1198368.8589     751115.8655     447252.9935          9.5463     153358.5543      -3123.8548          0.0000          0.0000     600881.1660        300.0912 1352000000.0000

INFO:        840          8.4000    1197307.7786     750045.7294     447262.0493          9.5427     153220.0103      -2967.7254          0.0000          0.0000     599793.4444        300.0973 1352000000.0000

INFO:        860          8.6000    1196185.6034     748795.6856     447389.9178          9.5329     152968.7648      -2880.3680          0.0000          0.0000     598707.2889        300.1831 1352000000.0000

INFO:        880          8.8000    1195256.7167     747704.2275     447552.4892          9.5453     153073.1321      -3037.6536          0.0000          0.0000     597668.7490        300.2921 1352000000.0000

INFO:        900          9.0000    1194777.7713     747086.3154     447691.4559          9.5450     153364.3663      -2930.3148          0.0000          0.0000     596652.2639        300.3854 1352000000.0000

INFO:        920          9.2000    1193453.7510     746247.4986     447206.2525          9.5524     153247.3946      -2649.1267          0.0000          0.0000     595649.2307        300.0598 1352000000.0000

INFO:        940          9.4000    1192083.5920     744835.1930     447248.3990          9.5310     152680.1919      -2492.1766          0.0000          0.0000     594647.1777        300.0881 1352000000.0000

INFO:        960          9.6000    1190700.5298     743750.6610     446949.8688          9.5347     152894.7452      -2779.1420          0.0000          0.0000     593635.0578        299.8878 1352000000.0000

INFO:        980          9.8000    1189087.5684     742228.4720     446859.0964          9.5291     152517.7021      -2938.8319          0.0000          0.0000     592649.6018        299.8269 1352000000.0000

INFO:       1000         10.0000    1188354.8908     741646.5039     446708.3870          9.5366     152966.5762      -2999.9459          0.0000          0.0000     591679.8735        299.7258 1352000000.0000

INFO:       1020         10.2000    1187697.3446     740682.3148     447015.0298          9.5398     152898.8458      -2971.5113          0.0000          0.0000     590754.9803        299.9315 1352000000.0000

INFO:       1040         10.4000    1187042.3400     739818.4357     447223.9042          9.5389     152853.9486      -2892.8573          0.0000          0.0000     589857.3445        300.0717 1352000000.0000

INFO:       1060         10.6000    1186537.8647     739622.2925     446915.5722          9.5500     153361.6295      -2734.0833          0.0000          0.0000     588994.7463        299.8648 1352000000.0000

INFO:       1080         10.8000    1185351.0936     738660.2938     446690.7998          9.5506     153276.1031      -2735.6481          0.0000          0.0000     588119.8389        299.7140 1352000000.0000

INFO:       1100         11.0000    1184282.7414     737909.2530     446373.4884          9.5497     153426.5622      -2774.5262          0.0000          0.0000     587257.2171        299.5011 1352000000.0000

INFO:       1120         11.2000    1184100.5227     736940.5551     447159.9676          9.5536     153255.2901      -2724.0785          0.0000          0.0000     586409.3435        300.0288 1352000000.0000

INFO:       1140         11.4000    1182947.6890     735872.3752     447075.3138          9.5436     153010.6650      -2705.9463          0.0000          0.0000     585567.6565        299.9720 1352000000.0000

INFO:       1160         11.6000    1183018.3447     735238.1836     447780.1610          9.5489     153122.3458      -2625.2928          0.0000          0.0000     584741.1306        300.4449 1352000000.0000

INFO:       1180         11.8000    1182551.5629     734931.5391     447620.0237          9.5559     153561.6005      -2565.5042          0.0000          0.0000     583935.4428        300.3375 1352000000.0000

INFO:       1200         12.0000    1181793.4300     734081.4301     447711.9999          9.5496     153251.8691      -2368.6671          0.0000          0.0000     583198.2281        300.3992 1352000000.0000

INFO:       1220         12.2000    1181186.3695     733456.0172     447730.3523          9.5463     153162.8724      -2157.2651          0.0000          0.0000     582450.4099        300.4115 1352000000.0000

INFO:       1240         12.4000    1179922.5125     732846.2165     447076.2961          9.5552     153375.3412      -2241.0410          0.0000          0.0000     581711.9162        299.9726 1352000000.0000

INFO:       1260         12.6000    1179682.3244     732167.5039     447514.8205          9.5619     153461.0715      -2280.1611          0.0000          0.0000     580986.5935        300.2669 1352000000.0000

INFO:       1280         12.8000    1178738.9434     731771.9134     446967.0300          9.5625     153624.7949      -2112.1201          0.0000          0.0000     580259.2386        299.8993 1352000000.0000

INFO:       1300         13.0000    1177114.2839     730441.1766     446673.1073          9.5481     153172.4911      -2262.1753          0.0000          0.0000     579530.8608        299.7021 1352000000.0000

INFO:       1320         13.2000    1176168.6790     728804.3903     447364.2887          9.5275     152534.3615      -2541.0938          0.0000          0.0000     578811.1226        300.1659 1352000000.0000

INFO:       1340         13.4000    1176131.0407     728666.1797     447464.8610          9.5421     153145.9269      -2583.2783          0.0000          0.0000     578103.5311        300.2333 1352000000.0000

INFO:       1360         13.6000    1174780.5966     728482.6061     446297.9905          9.5479     153283.9147      -2233.8955          0.0000          0.0000     577432.5869        299.4504 1352000000.0000

INFO:       1380         13.8000    1174446.2818     727878.9939     446567.2879          9.5403     153159.0387      -2038.1323          0.0000          0.0000     576758.0875        299.6311 1352000000.0000

INFO:       1400         14.0000    1173960.5592     727144.7229     446815.8362          9.5462     153102.4067      -2057.8083          0.0000          0.0000     576100.1245        299.7979 1352000000.0000

INFO:       1420         14.2000    1173278.4035     726629.6700     446648.7335          9.5488     153281.8691      -2067.1877          0.0000          0.0000     575414.9886        299.6858 1352000000.0000

INFO:       1440         14.4000    1172574.7039     725814.4273     446760.2765          9.5467     153299.1343      -2208.3069          0.0000          0.0000     574723.6000        299.7606 1352000000.0000

INFO:       1460         14.6000    1171392.2686     724854.5797     446537.6888          9.5382     152883.2877      -2083.5106          0.0000          0.0000     574054.8026        299.6112 1352000000.0000

INFO:       1480         14.8000    1170296.1048     724302.2204     445993.8844          9.5360     152887.8144      -1979.0749          0.0000          0.0000     573393.4809        299.2464 1352000000.0000

INFO:       1500         15.0000    1170073.2198     724036.0402     446037.1795          9.5424     153225.7973      -1930.0142          0.0000          0.0000     572740.2571        299.2754 1352000000.0000

INFO:       1520         15.2000    1169851.0857     723254.1897     446596.8960          9.5468     153135.6864      -1964.9092          0.0000          0.0000     572083.4125        299.6510 1352000000.0000

INFO:       1540         15.4000    1169047.3719     723177.1635     445870.2083          9.5642     153740.8392      -1994.5476          0.0000          0.0000     571430.8719        299.1634 1352000000.0000

INFO:       1560         15.6000    1168588.7580     722003.2635     446585.4945          9.5603     153306.1361      -2097.7569          0.0000          0.0000     570794.8842        299.6433 1352000000.0000

INFO:       1580         15.8000    1167805.0938     721634.8927     446170.2011          9.5637     153669.7058      -2216.0223          0.0000          0.0000     570181.2092        299.3647 1352000000.0000

INFO:       1600         16.0000    1167580.0613     720952.2838     446627.7775          9.5663     153507.9271      -2154.2301          0.0000          0.0000     569598.5868        299.6717 1352000000.0000

INFO:       1620         16.2000    1166885.8454     720368.4599     446517.3854          9.5588     153413.4419      -2087.3806          0.0000          0.0000     569042.3987        299.5976 1352000000.0000

INFO:       1640         16.4000    1165507.0480     719906.5333     445600.5146          9.5565     153439.0229      -2020.8313          0.0000          0.0000     568488.3417        298.9824 1352000000.0000

INFO:       1660         16.6000    1165522.4340     719770.9344     445751.4996          9.5658     153808.9516      -1970.3988          0.0000          0.0000     567932.3817        299.0837 1352000000.0000

INFO:       1680         16.8000    1164474.7700     718681.7911     445792.9789          9.5550     153272.6152      -1962.2389          0.0000          0.0000     567371.4148        299.1116 1352000000.0000

INFO:       1700         17.0000    1164068.5569     718832.5047     445236.0521          9.5598     153950.1052      -1912.4718          0.0000          0.0000     566794.8713        298.7379 1352000000.0000

INFO:       1720         17.2000    1163252.1598     717488.3504     445763.8094          9.5478     153302.8140      -2036.1232          0.0000          0.0000     566221.6596        299.0920 1352000000.0000

INFO:       1740         17.4000    1162832.8536     717161.5240     445671.3296          9.5503     153611.2807      -2072.6755          0.0000          0.0000     565622.9188        299.0300 1352000000.0000

INFO:       1760         17.6000    1161975.4696     715693.2140     446282.2556          9.5311     152819.9807      -2173.1942          0.0000          0.0000     565046.4274        299.4399 1352000000.0000

INFO:       1780         17.8000    1161060.1011     715243.7580     445816.3432          9.5298     152883.3553      -2144.3330          0.0000          0.0000     564504.7357        299.1273 1352000000.0000

INFO:       1800         18.0000    1160989.8425     715295.8464     445693.9961          9.5537     153346.0344      -2017.5332          0.0000          0.0000     563967.3453        299.0452 1352000000.0000

INFO:       1820         18.2000    1160518.6009     715266.1615     445252.4395          9.5602     153652.8581      -1815.8592          0.0000          0.0000     563429.1625        298.7489 1352000000.0000

INFO:       1840         18.4000    1160714.5927     714226.3893     446488.2035          9.5452     153234.1156      -1919.7685          0.0000          0.0000     562912.0422        299.5780 1352000000.0000

INFO:       1860         18.6000    1159682.8403     713471.6310     446211.2093          9.5417     153045.4745      -1951.9914          0.0000          0.0000     562378.1479        299.3922 1352000000.0000

INFO:       1880         18.8000    1159724.8443     713230.0474     446494.7969          9.5476     153321.3557      -1955.3396          0.0000          0.0000     561864.0313        299.5825 1352000000.0000

INFO:       1900         19.0000    1159119.1421     713010.1136     446109.0285          9.5532     153432.6273      -1793.1853          0.0000          0.0000     561370.6716        299.3236 1352000000.0000

INFO:       1920         19.2000    1158952.4433     713058.7442     445893.6991          9.5584     153731.7520      -1573.3607          0.0000          0.0000     560900.3529        299.1792 1352000000.0000

INFO:       1940         19.4000    1157934.2327     712162.7551     445771.4777          9.5449     153206.2161      -1478.7803          0.0000          0.0000     560435.3193        299.0971 1352000000.0000

INFO:       1960         19.6000    1157257.4890     711635.2490     445622.2399          9.5474     153256.1717      -1570.6451          0.0000          0.0000     559949.7224        298.9970 1352000000.0000

INFO:       1980         19.8000    1156499.8717     710479.4445     446020.4273          9.5273     152703.5171      -1693.6814          0.0000          0.0000     559469.6088        299.2642 1352000000.0000

INFO:       2000         20.0000    1155878.6924     709820.5623     446058.1301          9.5201     152484.6386      -1665.7752          0.0000          0.0000     559001.6989        299.2895 1352000000.0000

 
[STEP6] Deallocate Arrays
 
Output_Time> Averaged timer profile (Min, Max)
  total time      =     126.213
    setup         =       4.395
    dynamics      =     121.818
      energy      =      69.296
      integrator  =      39.099
      migration   =       0.000
      pairlist    =      11.337 (      10.490,      14.245)
  energy           
    bond          =       0.055 (       0.049,       0.067)
    angle         =       0.019 (       0.015,       0.029)
    dihedral      =       0.019 (       0.014,       0.026)
    base stacking =       0.000 (       0.000,       0.000)
    nonbond       =       9.919 (       9.240,      11.585)
      CG exv      =       1.203 (       1.119,       1.480)
      CG DNA bp   =       0.000 (       0.000,       0.000)
      CG DNA exv  =       0.000 (       0.000,       0.000)
      CG ele      =       5.319 (       4.876,       6.256)
      CG PWMcos   =       0.000 (       0.000,       0.000)
      CG PWMcosns =       0.000 (       0.000,       0.000)
      CG IDR-HPS  =       3.387 (       3.132,       3.866)
      CG IDR-KH   =       0.000 (       0.000,       0.000)
      CG KH       =       0.000 (       0.000,       0.000)
      Contact     =       0.008 (       0.006,       0.013)
      pme real    =       0.000 (       0.000,       0.000)
      pme recip   =       0.000 (       0.000,       0.000)
    solvation     =       0.000 (       0.000,       0.000)
      polar       =       0.000 (       0.000,       0.000)
      non-polar   =       0.000 (       0.000,       0.000)
    restraint     =       0.000 (       0.000,       0.000)
    qmmm          =       0.000 (       0.000,       0.000)
    morph         =       0.000 (       0.000,       0.000)
  integrator       
    constraint    =       0.000 (       0.000,       0.000)
    update        =       0.000 (       0.000,       0.000)
    comm_coord    =       0.000 (       0.000,       0.000)
    comm_force    =       0.000 (       0.000,       0.000)
  migration       =       0.000 (       0.000,       0.000)
    comm_migrate  =       0.000 (       0.000,       0.000)
    ptl_migrate   =       0.000 (       0.000,       0.000)
    bond_migrate  =       0.000 (       0.000,       0.000)
    angl_migrate  =       0.000 (       0.000,       0.000)
    dihe_migrate  =       0.000 (       0.000,       0.000)
    contact_migr  =       0.000 (       0.000,       0.000)
    stack_migrate =       0.000 (       0.000,       0.000)
    pwmcos_migrate =       0.000 (       0.000,       0.000)
    pwmcosns_migr  =       0.000 (       0.000,       0.000)
    nonb_update    =       0.000 (       0.000,       0.000)

