****************************************************
*                                                  *
*                  GENESIS ATDYN                   *
*                                                  *
*        A Molecular Dynamics Simulator with       *
*            Atomic Decomposition Scheme           *
*                                                  *
*               Developed by RIKEN                 *
*                                                  *
****************************************************
 
[STEP0] Architecture and Compiler Information
 
GENESIS_Information> GENESIS Information
  version      = 2.0.0
  commit ID    = $GENESIS_VERSION$
  precision    = double
  nonbonding   = CPU

Build_Information> Compiler Information
  build host   = jjwsmj@hokusai2
  fortran      = ifort (IFORT) 2021.7.1 20221019
  option       = 
  -axCORE-AVX512 -g -O3  -qmkl=parallel  -assume byterecl -qopenmp  
  C            = 
 icc: remark #10441: The Intel(R) C++ Compiler Classic (ICC) is deprecated and w
 ill be removed from product release in the second half of 2023. The Intel(R) on
 eAPI DPC++/C++ Compiler (ICX) is the recommended compiler moving forward. Pleas
 e transition to use this compiler. Use '-diag-disable=10441' to disable this me
 ssage.
  option       = -O3 -ip -axCORE-AVX2  -qopenmp 
  defined var. = 
  -DHAVE_MPI_GENESIS -DOMP -DIFORT19 -DFFTE -DLAPACK -DDSFMT_MEXP=19937 -DINTEL
  link option  = 
  -assume byterecl -lgfortran -qopenmp  -lmkl_intel_lp64 -lmkl_sequential -lmkl_
 core -lmkl_lapack95_lp64   
  MPI Compiler = Intel(R) MPI

Runtime_Information> Machine and Library Information
  date       = 2023/05/12 17:00:11
  cpu model    = Intel(R) Xeon(R) Gold 6148 CPU @ 2.40GHz
  exec. host   = jjwsmj@bwmpc0152
  LD library   = 
 /bwfefs/opt/x86_64/intel/oneapi/2022.3/mpi/2021.7.1/libfabric/lib:/bwfefs/opt/x
 86_64/intel/oneapi/2022.3/mpi/2021.7.1/lib/release:/bwfefs/opt/x86_64/intel/one
 api/2022.3/mpi/2021.7.1/lib:/bwfefs/opt/x86_64/intel/oneapi/2022.3/tbb/2021.7.1
 /lib/intel64/gcc4.8:/usr/lib64:/bwfefs/opt/x86_64/intel/oneapi/2022.3/vpl/2022.
 2.5/lib:/bwfefs/opt/x86_64/intel/oneapi/2022.3/mkl/latest/lib/intel64:/bwfefs/o
 pt/x86_64/intel/oneapi/2022.3/itac/2021.7.1/slib:/bwfefs/opt/x86_64/intel/oneap
 i/2022.3/ippcp/2021.6.2/lib/intel64:/bwfefs/opt/x86_64/intel/oneapi/2022.3/ipp/
 2021.6.2/lib/intel64:/bwfefs/opt/x86_64/intel/oneapi/2022.3/dnnl/2022.2.1/cpu_d
 pcpp_gpu_dpcpp/lib:/bwfefs/opt/x86_64/intel/oneapi/2022.3/dal/2021.7.1/lib/inte
 l64:/bwfefs/opt/x86_64/intel/oneapi/2022.3/compiler/2022.2.1/linux/compiler/lib
 :/bwfefs/opt/x86_64/intel/oneapi/2022.3/compiler/2022.2.1/linux/lib/oclfpga/hos
 t/linux64/lib:/bwfefs/opt/x86_64/intel/oneapi/2022.3/compiler/2022.2.1/linux/li
 b/oclfpga/linux64/lib:/bwfefs/opt/x86_64/intel/oneapi/2022.3/compiler/2022.2.1/
 linux/lib:/bwfefs/opt/x86_64/intel/oneapi/2022.3/compiler/2022.2.1/linux/lib/x6
 4:/bwfefs/opt/x86_64/intel/oneapi/2022.3/compiler/2022.2.1/linux/lib/emu:/bwfef
 s/opt/x86_64/intel/oneapi/2022.3/compiler/2022.2.1/linux/compiler/lib/intel64_l
 in:/bwfefs/opt/x86_64/intel/oneapi/2022.3/debugger/2021.7.1/dep/lib:/bwfefs/opt
 /x86_64/intel/oneapi/2022.3/debugger/2021.7.1/libipt/intel64/lib:/bwfefs/opt/x8
 6_64/intel/oneapi/2022.3/debugger/2021.7.1/gdb/intel64/lib:/bwfefs/opt/x86_64/
 MPI Runtime = Intel(R) MPI Library 2021.7 for Linux* OS


[STEP1] Read Control Parameters
 
Read_Ctrl_Input> Input Files
  grotopfile = pro.top
  grocrdfile = crd/pos_5000.gro
 
Read_Ctrl_Output> Output Files
 
Read_Ctrl_Energy> WARNING: "water_model" is not available
Read_Ctrl_Energy> Parameters of Energy Calculations
  forcefield      =    RESIDCG
  switchdist      =     10.000  cutoffdist      =     12.000
  pairlistdist    =     13.500  dielec_const    =      1.000
  debye           =     10.000
  vdw_force_switch=         no
  electrostatic   =  CUTOFF
  implicit_solvent=       none
  table           =         no
  water_model     =       NONE
  output_style    =    GENESIS
  dispersion_corr =       none
  nonb_limiter    =      no
  user def. table =     no
  efield_x        =           0.000
  efield_y        =           0.000
  efield_z        =           0.000
  efield_normal   =              no
  efield_virial   =              no
 
Read_Ctrl_Dynamics> Parameters of MD simulation
  integrator      =    VVER_CG  nsteps          =       2000
  timestep        =     0.0100  initial_time    =     0.0000
  eneout_period   =         20  rstout_period   =          0
  crdout_period   =          0  velout_period   =          0
  nbupdate_period =         20  stoptr_period   =         10
  qmsave_period   =          0
  iseed           =         -1
  annealing       =         no
  verbose         =         no
  target_md       =         no
  steered_md      =         no
  shrink_box      =         no
  esp_mm          =         no
 
Read_Ctrl_Constraints> Parameters for Constraints
  rigid_bond      =         no
  fixatm_select_index        =       none
 
Read_Ctrl_Ensemble> Parameters for Ensemble
  ensemble        =        NVT
  temperature     =    300.000
  tpcontrol       =   LANGEVIN
  gamma_t         =      1.000
 
Read_Ctrl_Boundary> Parameters of Boundary Condition
  type            =     PBC   
  box_size(x,y,z) =   3200.000   650.000   650.000
  pairlist_grid   =      3.000
 
Read_Ctrl_Selection> Parameters of Selection
  # of groups     =          0
  # of mole names =          0
 
Read_Ctrl_Restraints> No restraint in the system

Read_Ctrl_Fitting_MD> Parameters of Fitting
  fitting method  =  TR+ROT   
  fitting atom    = group1
  mass_weight     =         no
 
[STEP2] Setup MPI
 
Setup_Mpi_Md> Summary of Setup MPI
  number of MPI processes   =        512
  number of OpenMP threads  =          5
  total number of CPU cores =       2560

[STEP3] Set Relevant Variables and Structures
 
Read_Grotop> Summary of Grotopfile
  num_moltypes    =          1
    pos100_cg             :
      num_atoms   =        100
      num_bonds   =         99
      num_angls   =          0
      num_dihes   =          0
      num_cmaps   =          0
      num_excls   =          0
      num_constrs =          0
      num_pairs   =          0
      num_vsites2 =          0
      num_vsites3 =          0
      num_vsites4 =          0
      num_vsitesn =          0
      num_posress =          0
      num_PWMcos  =          0
      num_PWMcosns=          0
      num_IDR_HPS =          1
      num_IDR_KH  =          0
    .. not used molecule types were hidden.

  num_molecules   =       5000
    pos100_cg             :  5000

  num_atomtypes   =         33  num_bondtypes   =          0
  num_angltypes   =          0  num_dihetypes   =          0
  num_flangltypes           20
  num_fldihetypes          400
  num_constrtypes =          0  num_cmaptypes   =          0
  num_nbonparms   =          0
  num_basestacktypes  =     16
  num_basepairtypes   =      4
  num_basecrosstypes  =     32
  num_cgdnaexvtypes   =      6
  num_cgelemolpairs   =      1
  num_cg_IDR_HPS_atomtypes  =     20
  num_cg_KH_atomtypes  =    20

  num_cg_pair_MJ_eps   =   400

Define_Molecule> Summary of molecules
  num_atoms       =     500000  num_bonds       =     495000
  num_angles      =          0  num_dihedrals   =          0
  num_impropers   =          0  num_cmap_terms  =          0
  num_residues    =     500000  num_molecules   =       5000
  num_segments    =          1  num_deg_freedom =    1500000
  total_charge    = 500000.000
 
Update_Num_Deg_Freedom> Number of degrees of freedom was updated
  num_deg_freedom =    1499997 (After removing translation)
 
Setup_Boundary> Setup Variables for Boundary Condition
  box_size(x,y,z) =   3200.000   650.000   650.000
  origin(x,y,z)   =      0.000     0.000     0.000
 
Random_Init> Initialize the random number
  seed            = 46417

Define_Enefunc_Gromacs> Number of Interactions in Each Term
  bond_ene        =     495000  angle_ene       =          0
  torsion_ene     =          0  rb_torsion_ene  =          0
  improper_ene    =          0
  nb_exclusions   =     495000  nb14_calc       =          0
  vsite2_ene      =          0  vsite3_ene      =          0
  vsite3fd_ene    =          0  vsite3fad_ene   =          0
  vsite3out_ene   =          0  vsite4fdn_ene   =          0
  vsiten_ene      =          0
 restraint_groups =          0 restraint_funcs  =          0
 
Get_Morph_in> Morphing check
  morphing_bb     =          0  morphing_sc     =          0
 
Setup_Fitting_Atdyn> NO fitting is applied, skip
  fitting method  =  NO
 
[STEP4] Compute Single Point Energy for Molecules
 
            STEP          ENERGY            BOND  NATIVE_CONTACT NON-NATIVE_CONT           ELECT         IDR_HPS          CG_EXV
 --------------- --------------- --------------- --------------- ---------------
               0     853902.2916     170690.3546          0.0000          0.0000     681472.3800       1739.5570          0.0000

[STEP5] Perform Molecular Dynamics Simulation
 
Generate_Velocity> Generate initial velocities
  iseed           =      46417
  temperature     =    300.000
 
Random_Init_Velocity> Initialize the random number
  seed            = 46417

INFO:       STEP            TIME       TOTAL_ENE   POTENTIAL_ENE     KINETIC_ENE            RMSG            BOND         IDR_HPS  NATIVE_CONTACT          CG_EXV           ELECT     TEMPERATURE          VOLUME
 --------------- --------------- --------------- --------------- ---------------
INFO:          0          0.0000    1300646.2522     853902.2916     446743.9606         10.1780     170690.3546       1739.5570          0.0000          0.0000     681472.3800        299.7496 1352000000.0000

Random_Init> Initialize the random number
  seed            = 1468338348

INFO:         20          0.2000    1294559.6825     842953.6831     451605.9994          9.8892     161567.6780        657.4678          0.0000          0.0000     680728.5374        303.0119 1352000000.0000

INFO:         40          0.4000    1291736.2245     837427.8268     454308.3977          9.7931     159649.9191      -1090.2924          0.0000          0.0000     678868.2001        304.8251 1352000000.0000

INFO:         60          0.6000    1287943.4130     832412.7647     455530.6482          9.7401     158349.6000      -2294.8145          0.0000          0.0000     676357.9793        305.6452 1352000000.0000

INFO:         80          0.8000    1283395.4428     827209.6709     456185.7719          9.7071     157317.2288      -3569.4370          0.0000          0.0000     673461.8791        306.0848 1352000000.0000

INFO:        100          1.0000    1278821.3556     822282.0615     456539.2941          9.6723     156252.8164      -4375.6223          0.0000          0.0000     670404.8674        306.3220 1352000000.0000

INFO:        120          1.2000    1273907.3597     818091.7560     455815.6038          9.6453     155591.8103      -4806.2484          0.0000          0.0000     667306.1940        305.8364 1352000000.0000

INFO:        140          1.4000    1269067.4276     814528.1703     454539.2573          9.6330     155156.8528      -4866.7581          0.0000          0.0000     664238.0757        304.9800 1352000000.0000

INFO:        160          1.6000    1264555.2922     811134.5414     453420.7508          9.6165     154891.5331      -4975.7849          0.0000          0.0000     661218.7932        304.2295 1352000000.0000

INFO:        180          1.8000    1261390.4859     807750.3902     453640.0958          9.6017     154620.5324      -5166.4328          0.0000          0.0000     658296.2906        304.3767 1352000000.0000

INFO:        200          2.0000    1257974.6475     804778.4650     453196.1825          9.6024     154413.4378      -5088.6128          0.0000          0.0000     655453.6400        304.0789 1352000000.0000

INFO:        220          2.2000    1254413.0628     801926.1400     452486.9228          9.5916     154132.1345      -4913.6667          0.0000          0.0000     652707.6722        303.6030 1352000000.0000

INFO:        240          2.4000    1251419.4376     799112.9504     452306.4872          9.5814     153945.8449      -4891.1433          0.0000          0.0000     650058.2487        303.4819 1352000000.0000

INFO:        260          2.6000    1248656.1884     796243.8222     452412.3662          9.5687     153644.4526      -4853.8883          0.0000          0.0000     647453.2579        303.5530 1352000000.0000

INFO:        280          2.8000    1245935.4835     793961.7446     451973.7389          9.5705     153731.0008      -4691.9541          0.0000          0.0000     644922.6980        303.2586 1352000000.0000

INFO:        300          3.0000    1243054.4260     791726.2494     451328.1766          9.5852     154059.4565      -4819.1836          0.0000          0.0000     642485.9765        302.8255 1352000000.0000

INFO:        320          3.2000    1240370.3484     788912.0770     451458.2714          9.5660     153610.6883      -4836.5050          0.0000          0.0000     640137.8937        302.9128 1352000000.0000

INFO:        340          3.4000    1237605.3606     786471.4702     451133.8904          9.5599     153351.0575      -4752.5435          0.0000          0.0000     637872.9563        302.6951 1352000000.0000

INFO:        360          3.6000    1235027.4358     784785.6721     450241.7637          9.5610     153666.1724      -4576.9020          0.0000          0.0000     635696.4017        302.0966 1352000000.0000

INFO:        380          3.8000    1233440.9048     782494.5633     450946.3415          9.5496     153271.8671      -4365.8211          0.0000          0.0000     633588.5172        302.5693 1352000000.0000

INFO:        400          4.0000    1230670.4877     780644.6027     450025.8849          9.5559     153616.6560      -4490.4327          0.0000          0.0000     631518.3794        301.9517 1352000000.0000

INFO:        420          4.2000    1228240.3693     778347.7823     449892.5870          9.5542     153284.5190      -4474.6009          0.0000          0.0000     629537.8641        301.8623 1352000000.0000

INFO:        440          4.4000    1226492.9868     776639.3510     449853.6358          9.5490     153391.8044      -4406.7145          0.0000          0.0000     627654.2611        301.8361 1352000000.0000

INFO:        460          4.6000    1224581.8268     775083.5050     449498.3218          9.5454     153525.1789      -4260.3669          0.0000          0.0000     625818.6931        301.5977 1352000000.0000

INFO:        480          4.8000    1222820.5434     773167.5409     449653.0025          9.5442     153272.8882      -4176.2804          0.0000          0.0000     624070.9332        301.7015 1352000000.0000

INFO:        500          5.0000    1221175.7734     771509.1607     449666.6126          9.5345     153204.8557      -4081.2711          0.0000          0.0000     622385.5762        301.7106 1352000000.0000

INFO:        520          5.2000    1219550.7145     769817.8546     449732.8600          9.5304     152929.5221      -3892.7231          0.0000          0.0000     620781.0556        301.7551 1352000000.0000

INFO:        540          5.4000    1218185.0836     768576.0395     449609.0441          9.5406     153055.6892      -3699.9125          0.0000          0.0000     619220.2629        301.6720 1352000000.0000

INFO:        560          5.6000    1216194.0263     767385.4033     448808.6230          9.5512     153341.5061      -3637.6147          0.0000          0.0000     617681.5119        301.1350 1352000000.0000

INFO:        580          5.8000    1213905.2781     765375.9300     448529.3482          9.5295     152721.6635      -3524.2785          0.0000          0.0000     616178.5449        300.9476 1352000000.0000

INFO:        600          6.0000    1212674.9569     764494.2848     448180.6721          9.5527     153458.4919      -3659.0627          0.0000          0.0000     614694.8556        300.7136 1352000000.0000

INFO:        620          6.2000    1211582.4825     762529.6365     449052.8459          9.5354     152959.0368      -3700.3542          0.0000          0.0000     613270.9539        301.2988 1352000000.0000

INFO:        640          6.4000    1209965.7798     761340.1761     448625.6036          9.5403     153050.7706      -3579.9078          0.0000          0.0000     611869.3133        301.0122 1352000000.0000

INFO:        660          6.6000    1209025.2625     760258.1746     448767.0879          9.5430     153272.4438      -3506.7317          0.0000          0.0000     610492.4624        301.1071 1352000000.0000

INFO:        680          6.8000    1207081.5323     758441.2911     448640.2412          9.5325     152964.2043      -3658.2603          0.0000          0.0000     609135.3470        301.0220 1352000000.0000

INFO:        700          7.0000    1205553.1184     757205.5506     448347.5678          9.5303     152861.0072      -3492.6679          0.0000          0.0000     607837.2113        300.8256 1352000000.0000

INFO:        720          7.2000    1204345.5925     756763.7847     447581.8078          9.5529     153588.4574      -3402.7540          0.0000          0.0000     606578.0812        300.3118 1352000000.0000

INFO:        740          7.4000    1203111.1702     755338.5552     447772.6150          9.5522     153315.1227      -3347.1412          0.0000          0.0000     605370.5736        300.4398 1352000000.0000

INFO:        760          7.6000    1201759.8172     754137.8590     447621.9582          9.5421     153230.2578      -3274.8472          0.0000          0.0000     604182.4484        300.3388 1352000000.0000

INFO:        780          7.8000    1200493.9160     752500.9279     447992.9881          9.5299     152772.4607      -3293.3723          0.0000          0.0000     603021.8396        300.5877 1352000000.0000

INFO:        800          8.0000    1200160.3025     751665.8930     448494.4095          9.5450     153001.1467      -3209.5188          0.0000          0.0000     601874.2652        300.9241 1352000000.0000

INFO:        820          8.2000    1199521.7972     750799.8775     448721.9196          9.5541     153176.7925      -3151.9881          0.0000          0.0000     600775.0732        301.0768 1352000000.0000

INFO:        840          8.4000    1197958.5591     750133.0061     447825.5530          9.5486     153401.9694      -2960.0128          0.0000          0.0000     599691.0495        300.4754 1352000000.0000

INFO:        860          8.6000    1196722.4307     749128.6245     447593.8062          9.5432     153284.4634      -2778.4699          0.0000          0.0000     598622.6310        300.3199 1352000000.0000

INFO:        880          8.8000    1195716.1488     748165.6961     447550.4527          9.5543     153504.9214      -2880.4674          0.0000          0.0000     597541.2421        300.2908 1352000000.0000

INFO:        900          9.0000    1194477.1507     746670.0975     447807.0532          9.5451     153205.5493      -3009.5947          0.0000          0.0000     596474.1430        300.4629 1352000000.0000

INFO:        920          9.2000    1193247.1044     746046.1357     447200.9687          9.5522     153444.1574      -2867.8369          0.0000          0.0000     595469.8152        300.0563 1352000000.0000

INFO:        940          9.4000    1192693.3538     745071.4750     447621.8788          9.5481     153359.7883      -2758.7375          0.0000          0.0000     594470.4242        300.3387 1352000000.0000

INFO:        960          9.6000    1191220.0700     743850.8745     447369.1954          9.5452     153139.2691      -2770.9751          0.0000          0.0000     593482.5806        300.1692 1352000000.0000

INFO:        980          9.8000    1190945.9083     743375.4006     447570.5077          9.5627     153687.5199      -2817.8224          0.0000          0.0000     592505.7030        300.3042 1352000000.0000

INFO:       1000         10.0000    1189793.1738     742162.2881     447630.8857          9.5549     153507.8610      -2897.2205          0.0000          0.0000     591551.6476        300.3447 1352000000.0000

INFO:       1020         10.2000    1189252.6785     741741.7590     447510.9194          9.5658     153886.3720      -2778.9484          0.0000          0.0000     590634.3355        300.2643 1352000000.0000

INFO:       1040         10.4000    1188109.8970     740472.5733     447637.3237          9.5565     153407.5934      -2651.3673          0.0000          0.0000     589716.3472        300.3491 1352000000.0000

INFO:       1060         10.6000    1187370.1392     739894.7315     447475.4077          9.5624     153820.8198      -2740.3270          0.0000          0.0000     588814.2387        300.2404 1352000000.0000

INFO:       1080         10.8000    1186572.5378     738886.7828     447685.7551          9.5576     153555.9266      -2620.8285          0.0000          0.0000     587951.6847        300.3816 1352000000.0000

INFO:       1100         11.0000    1185274.1221     738000.6119     447273.5102          9.5575     153261.7539      -2356.3322          0.0000          0.0000     587095.1903        300.1050 1352000000.0000

INFO:       1120         11.2000    1184644.2885     737350.8974     447293.3912          9.5538     153538.0200      -2440.8075          0.0000          0.0000     586253.6849        300.1183 1352000000.0000

INFO:       1140         11.4000    1183030.9248     736502.8839     446528.0409          9.5551     153508.4100      -2432.0671          0.0000          0.0000     585426.5410        299.6048 1352000000.0000

INFO:       1160         11.6000    1182758.5914     735858.8298     446899.7615          9.5571     153640.1770      -2398.3519          0.0000          0.0000     584617.0048        299.8542 1352000000.0000

INFO:       1180         11.8000    1181463.5738     735236.6452     446226.9287          9.5635     153756.5446      -2305.0286          0.0000          0.0000     583785.1292        299.4027 1352000000.0000

INFO:       1200         12.0000    1180814.2312     734384.2740     446429.9572          9.5668     153734.1396      -2308.1690          0.0000          0.0000     582958.3034        299.5390 1352000000.0000

INFO:       1220         12.2000    1180743.6331     733310.5034     447433.1297          9.5600     153454.8118      -2332.9606          0.0000          0.0000     582188.6523        300.2121 1352000000.0000

INFO:       1240         12.4000    1180237.4589     733038.3356     447199.1233          9.5692     153922.7020      -2295.4734          0.0000          0.0000     581411.1070        300.0550 1352000000.0000

INFO:       1260         12.6000    1179075.8307     732059.2231     447016.6076          9.5641     153635.6391      -2252.4812          0.0000          0.0000     580676.0652        299.9326 1352000000.0000

INFO:       1280         12.8000    1178269.5935     731196.5154     447073.0780          9.5593     153586.8619      -2342.0007          0.0000          0.0000     579951.6543        299.9705 1352000000.0000

INFO:       1300         13.0000    1176640.8231     730285.4059     446355.4172          9.5543     153384.9052      -2340.8936          0.0000          0.0000     579241.3943        299.4890 1352000000.0000

INFO:       1320         13.2000    1176190.3147     729237.4213     446952.8934          9.5450     152881.2530      -2206.1157          0.0000          0.0000     578562.2841        299.8898 1352000000.0000

INFO:       1340         13.4000    1175927.2079     729245.2695     446681.9384          9.5599     153454.2841      -2086.2393          0.0000          0.0000     577877.2247        299.7080 1352000000.0000

INFO:       1360         13.6000    1175356.9359     728419.1472     446937.7887          9.5487     153200.4828      -1979.2674          0.0000          0.0000     577197.9318        299.8797 1352000000.0000

INFO:       1380         13.8000    1174231.8501     727547.7007     446684.1494          9.5419     153040.9887      -2023.3436          0.0000          0.0000     576530.0557        299.7095 1352000000.0000

INFO:       1400         14.0000    1173072.8805     726915.5146     446157.3658          9.5502     153173.7112      -2159.4756          0.0000          0.0000     575901.2790        299.3561 1352000000.0000

INFO:       1420         14.2000    1171851.4925     726693.0289     445158.4636          9.5584     153458.0418      -2032.9103          0.0000          0.0000     575267.8974        298.6858 1352000000.0000

INFO:       1440         14.4000    1171878.6991     725847.1250     446031.5740          9.5536     153247.1671      -2031.5692          0.0000          0.0000     574631.5272        299.2717 1352000000.0000

INFO:       1460         14.6000    1171749.4526     724911.7041     446837.7486          9.5456     153069.7790      -2143.2391          0.0000          0.0000     573985.1641        299.8126 1352000000.0000

INFO:       1480         14.8000    1171097.7757     724425.2766     446672.4991          9.5558     153219.7423      -2155.9633          0.0000          0.0000     573361.4976        299.7017 1352000000.0000

INFO:       1500         15.0000    1170233.8250     723744.2675     446489.5575          9.5526     153096.2097      -2074.2153          0.0000          0.0000     572722.2731        299.5790 1352000000.0000

INFO:       1520         15.2000    1169400.6171     723654.8789     445745.7383          9.5704     153659.4379      -2098.1840          0.0000          0.0000     572093.6250        299.0799 1352000000.0000

INFO:       1540         15.4000    1168933.6910     722493.0709     446440.6200          9.5486     153083.3146      -2055.2574          0.0000          0.0000     571465.0137        299.5461 1352000000.0000

INFO:       1560         15.6000    1167792.4140     722094.1826     445698.2314          9.5492     153208.7612      -1960.4076          0.0000          0.0000     570845.8290        299.0480 1352000000.0000

INFO:       1580         15.8000    1167532.9911     721266.4754     446266.5157          9.5436     152895.2069      -1872.2240          0.0000          0.0000     570243.4925        299.4293 1352000000.0000

INFO:       1600         16.0000    1166434.1224     720567.0505     445867.0719          9.5356     152804.8772      -1843.0281          0.0000          0.0000     569605.2015        299.1613 1352000000.0000

INFO:       1620         16.2000    1165843.7853     719522.8573     446320.9280          9.5236     152461.8024      -1912.8258          0.0000          0.0000     568973.8807        299.4658 1352000000.0000

INFO:       1640         16.4000    1165532.4899     719390.5468     446141.9431          9.5350     152936.0722      -1914.1807          0.0000          0.0000     568368.6553        299.3457 1352000000.0000

INFO:       1660         16.6000    1164655.1416     718642.2871     446012.8545          9.5327     152829.0880      -1955.0168          0.0000          0.0000     567768.2158        299.2591 1352000000.0000

INFO:       1680         16.8000    1164773.2391     718206.7948     446566.4442          9.5455     153143.7334      -2107.5387          0.0000          0.0000     567170.6001        299.6305 1352000000.0000

INFO:       1700         17.0000    1164006.9689     717747.3416     446259.6273          9.5525     153157.4056      -2012.9841          0.0000          0.0000     566602.9200        299.4247 1352000000.0000

INFO:       1720         17.2000    1163366.7606     717640.0058     445726.7548          9.5501     153436.4443      -1857.5152          0.0000          0.0000     566061.0767        299.0671 1352000000.0000

INFO:       1740         17.4000    1163344.4319     716662.7016     446681.7303          9.5463     153133.0136      -1991.3487          0.0000          0.0000     565521.0368        299.7079 1352000000.0000

INFO:       1760         17.6000    1163041.0628     716351.2352     446689.8276          9.5553     153488.8793      -2111.5558          0.0000          0.0000     564973.9118        299.7133 1352000000.0000

INFO:       1780         17.8000    1163362.7433     715974.5767     447388.1666          9.5566     153535.2381      -2000.8978          0.0000          0.0000     564440.2364        300.1819 1352000000.0000

INFO:       1800         18.0000    1162222.1352     715596.7920     446625.3433          9.5523     153507.1866      -1833.9202          0.0000          0.0000     563923.5256        299.6701 1352000000.0000

INFO:       1820         18.2000    1161850.6719     715481.2193     446369.4526          9.5643     153792.8379      -1738.1280          0.0000          0.0000     563426.5094        299.4984 1352000000.0000

INFO:       1840         18.4000    1161018.8746     714301.8645     446717.0100          9.5409     153213.4217      -1821.0556          0.0000          0.0000     562909.4984        299.7316 1352000000.0000

INFO:       1860         18.6000    1159968.2430     714244.3682     445723.8748          9.5613     153840.3457      -1998.5567          0.0000          0.0000     562402.5792        299.0652 1352000000.0000

INFO:       1880         18.8000    1158747.0091     713563.7190     445183.2901          9.5617     153500.8371      -1849.4606          0.0000          0.0000     561912.3425        298.7025 1352000000.0000

INFO:       1900         19.0000    1159036.5469     713175.8083     445860.7385          9.5613     153682.2194      -1919.3589          0.0000          0.0000     561412.9479        299.1570 1352000000.0000

INFO:       1920         19.2000    1158502.7778     712094.3148     446408.4630          9.5482     153252.7699      -2053.8651          0.0000          0.0000     560895.4100        299.5245 1352000000.0000

INFO:       1940         19.4000    1157759.6892     711485.2587     446274.4305          9.5394     153076.7388      -1996.5679          0.0000          0.0000     560405.0877        299.4346 1352000000.0000

INFO:       1960         19.6000    1156793.7447     711030.3116     445763.4331          9.5303     152865.5580      -1782.9864          0.0000          0.0000     559947.7399        299.0917 1352000000.0000

INFO:       1980         19.8000    1157090.7547     710531.2921     446559.4626          9.5320     152807.9142      -1751.5988          0.0000          0.0000     559474.9767        299.6259 1352000000.0000

INFO:       2000         20.0000    1156355.8822     710692.5007     445663.3815          9.5451     153380.5941      -1693.3634          0.0000          0.0000     559005.2699        299.0246 1352000000.0000

 
[STEP6] Deallocate Arrays
 
Output_Time> Averaged timer profile (Min, Max)
  total time      =     126.747
    setup         =       4.711
    dynamics      =     122.036
      energy      =      69.466
      integrator  =      39.087
      migration   =       0.000
      pairlist    =      11.360 (      10.625,      14.352)
  energy           
    bond          =       0.056 (       0.048,       0.251)
    angle         =       0.018 (       0.015,       0.027)
    dihedral      =       0.018 (       0.014,       0.024)
    base stacking =       0.000 (       0.000,       0.000)
    nonbond       =       9.908 (       9.146,      11.545)
      CG exv      =       1.203 (       1.109,       1.458)
      CG DNA bp   =       0.000 (       0.000,       0.000)
      CG DNA exv  =       0.000 (       0.000,       0.000)
      CG ele      =       5.312 (       4.840,       6.257)
      CG PWMcos   =       0.000 (       0.000,       0.000)
      CG PWMcosns =       0.000 (       0.000,       0.000)
      CG IDR-HPS  =       3.383 (       3.108,       3.902)
      CG IDR-KH   =       0.000 (       0.000,       0.000)
      CG KH       =       0.000 (       0.000,       0.000)
      Contact     =       0.008 (       0.006,       0.012)
      pme real    =       0.000 (       0.000,       0.000)
      pme recip   =       0.000 (       0.000,       0.000)
    solvation     =       0.000 (       0.000,       0.000)
      polar       =       0.000 (       0.000,       0.000)
      non-polar   =       0.000 (       0.000,       0.000)
    restraint     =       0.000 (       0.000,       0.000)
    qmmm          =       0.000 (       0.000,       0.000)
    morph         =       0.000 (       0.000,       0.000)
  integrator       
    constraint    =       0.000 (       0.000,       0.000)
    update        =       0.000 (       0.000,       0.000)
    comm_coord    =       0.000 (       0.000,       0.000)
    comm_force    =       0.000 (       0.000,       0.000)
  migration       =       0.000 (       0.000,       0.000)
    comm_migrate  =       0.000 (       0.000,       0.000)
    ptl_migrate   =       0.000 (       0.000,       0.000)
    bond_migrate  =       0.000 (       0.000,       0.000)
    angl_migrate  =       0.000 (       0.000,       0.000)
    dihe_migrate  =       0.000 (       0.000,       0.000)
    contact_migr  =       0.000 (       0.000,       0.000)
    stack_migrate =       0.000 (       0.000,       0.000)
    pwmcos_migrate =       0.000 (       0.000,       0.000)
    pwmcosns_migr  =       0.000 (       0.000,       0.000)
    nonb_update    =       0.000 (       0.000,       0.000)

