****************************************************
*                                                  *
*                  GENESIS ATDYN                   *
*                                                  *
*        A Molecular Dynamics Simulator with       *
*            Atomic Decomposition Scheme           *
*                                                  *
*               Developed by RIKEN                 *
*                                                  *
****************************************************
 
[STEP0] Architecture and Compiler Information
 
GENESIS_Information> GENESIS Information
  version      = 2.0.0
  commit ID    = $GENESIS_VERSION$
  precision    = double
  nonbonding   = CPU

Build_Information> Compiler Information
  build host   = jjwsmj@hokusai2
  fortran      = ifort (IFORT) 2021.7.1 20221019
  option       = 
  -axCORE-AVX512 -g -O3  -qmkl=parallel  -assume byterecl -qopenmp  
  C            = 
 icc: remark #10441: The Intel(R) C++ Compiler Classic (ICC) is deprecated and w
 ill be removed from product release in the second half of 2023. The Intel(R) on
 eAPI DPC++/C++ Compiler (ICX) is the recommended compiler moving forward. Pleas
 e transition to use this compiler. Use '-diag-disable=10441' to disable this me
 ssage.
  option       = -O3 -ip -axCORE-AVX2  -qopenmp 
  defined var. = 
  -DHAVE_MPI_GENESIS -DOMP -DIFORT19 -DFFTE -DLAPACK -DDSFMT_MEXP=19937 -DINTEL
  link option  = 
  -assume byterecl -lgfortran -qopenmp  -lmkl_intel_lp64 -lmkl_sequential -lmkl_
 core -lmkl_lapack95_lp64   
  MPI Compiler = Intel(R) MPI

Runtime_Information> Machine and Library Information
  date       = 2023/05/12 17:02:28
  cpu model    = Intel(R) Xeon(R) Gold 6148 CPU @ 2.40GHz
  exec. host   = jjwsmj@bwmpc0466
  LD library   = 
 /bwfefs/opt/x86_64/intel/oneapi/2022.3/mpi/2021.7.1/libfabric/lib:/bwfefs/opt/x
 86_64/intel/oneapi/2022.3/mpi/2021.7.1/lib/release:/bwfefs/opt/x86_64/intel/one
 api/2022.3/mpi/2021.7.1/lib:/bwfefs/opt/x86_64/intel/oneapi/2022.3/tbb/2021.7.1
 /lib/intel64/gcc4.8:/usr/lib64:/bwfefs/opt/x86_64/intel/oneapi/2022.3/vpl/2022.
 2.5/lib:/bwfefs/opt/x86_64/intel/oneapi/2022.3/mkl/latest/lib/intel64:/bwfefs/o
 pt/x86_64/intel/oneapi/2022.3/itac/2021.7.1/slib:/bwfefs/opt/x86_64/intel/oneap
 i/2022.3/ippcp/2021.6.2/lib/intel64:/bwfefs/opt/x86_64/intel/oneapi/2022.3/ipp/
 2021.6.2/lib/intel64:/bwfefs/opt/x86_64/intel/oneapi/2022.3/dnnl/2022.2.1/cpu_d
 pcpp_gpu_dpcpp/lib:/bwfefs/opt/x86_64/intel/oneapi/2022.3/dal/2021.7.1/lib/inte
 l64:/bwfefs/opt/x86_64/intel/oneapi/2022.3/compiler/2022.2.1/linux/compiler/lib
 :/bwfefs/opt/x86_64/intel/oneapi/2022.3/compiler/2022.2.1/linux/lib/oclfpga/hos
 t/linux64/lib:/bwfefs/opt/x86_64/intel/oneapi/2022.3/compiler/2022.2.1/linux/li
 b/oclfpga/linux64/lib:/bwfefs/opt/x86_64/intel/oneapi/2022.3/compiler/2022.2.1/
 linux/lib:/bwfefs/opt/x86_64/intel/oneapi/2022.3/compiler/2022.2.1/linux/lib/x6
 4:/bwfefs/opt/x86_64/intel/oneapi/2022.3/compiler/2022.2.1/linux/lib/emu:/bwfef
 s/opt/x86_64/intel/oneapi/2022.3/compiler/2022.2.1/linux/compiler/lib/intel64_l
 in:/bwfefs/opt/x86_64/intel/oneapi/2022.3/debugger/2021.7.1/dep/lib:/bwfefs/opt
 /x86_64/intel/oneapi/2022.3/debugger/2021.7.1/libipt/intel64/lib:/bwfefs/opt/x8
 6_64/intel/oneapi/2022.3/debugger/2021.7.1/gdb/intel64/lib:/bwfefs/opt/x86_64/
 MPI Runtime = Intel(R) MPI Library 2021.7 for Linux* OS


[STEP1] Read Control Parameters
 
Read_Ctrl_Input> Input Files
  grotopfile = pro.top
  grocrdfile = crd/pos_5000.gro
 
Read_Ctrl_Output> Output Files
 
Read_Ctrl_Energy> WARNING: "water_model" is not available
Read_Ctrl_Energy> Parameters of Energy Calculations
  forcefield      =    RESIDCG
  switchdist      =     10.000  cutoffdist      =     12.000
  pairlistdist    =     13.500  dielec_const    =      1.000
  debye           =     10.000
  vdw_force_switch=         no
  electrostatic   =  CUTOFF
  implicit_solvent=       none
  table           =         no
  water_model     =       NONE
  output_style    =    GENESIS
  dispersion_corr =       none
  nonb_limiter    =      no
  user def. table =     no
  efield_x        =           0.000
  efield_y        =           0.000
  efield_z        =           0.000
  efield_normal   =              no
  efield_virial   =              no
 
Read_Ctrl_Dynamics> Parameters of MD simulation
  integrator      =    VVER_CG  nsteps          =       2000
  timestep        =     0.0100  initial_time    =     0.0000
  eneout_period   =         20  rstout_period   =          0
  crdout_period   =          0  velout_period   =          0
  nbupdate_period =         20  stoptr_period   =         10
  qmsave_period   =          0
  iseed           =         -1
  annealing       =         no
  verbose         =         no
  target_md       =         no
  steered_md      =         no
  shrink_box      =         no
  esp_mm          =         no
 
Read_Ctrl_Constraints> Parameters for Constraints
  rigid_bond      =         no
  fixatm_select_index        =       none
 
Read_Ctrl_Ensemble> Parameters for Ensemble
  ensemble        =        NVT
  temperature     =    300.000
  tpcontrol       =   LANGEVIN
  gamma_t         =      1.000
 
Read_Ctrl_Boundary> Parameters of Boundary Condition
  type            =     PBC   
  box_size(x,y,z) =   3200.000   650.000   650.000
  pairlist_grid   =      3.000
 
Read_Ctrl_Selection> Parameters of Selection
  # of groups     =          0
  # of mole names =          0
 
Read_Ctrl_Restraints> No restraint in the system

Read_Ctrl_Fitting_MD> Parameters of Fitting
  fitting method  =  TR+ROT   
  fitting atom    = group1
  mass_weight     =         no
 
[STEP2] Setup MPI
 
Setup_Mpi_Md> Summary of Setup MPI
  number of MPI processes   =        512
  number of OpenMP threads  =          5
  total number of CPU cores =       2560

[STEP3] Set Relevant Variables and Structures
 
Read_Grotop> Summary of Grotopfile
  num_moltypes    =          1
    pos100_cg             :
      num_atoms   =        100
      num_bonds   =         99
      num_angls   =          0
      num_dihes   =          0
      num_cmaps   =          0
      num_excls   =          0
      num_constrs =          0
      num_pairs   =          0
      num_vsites2 =          0
      num_vsites3 =          0
      num_vsites4 =          0
      num_vsitesn =          0
      num_posress =          0
      num_PWMcos  =          0
      num_PWMcosns=          0
      num_IDR_HPS =          1
      num_IDR_KH  =          0
    .. not used molecule types were hidden.

  num_molecules   =       5000
    pos100_cg             :  5000

  num_atomtypes   =         33  num_bondtypes   =          0
  num_angltypes   =          0  num_dihetypes   =          0
  num_flangltypes           20
  num_fldihetypes          400
  num_constrtypes =          0  num_cmaptypes   =          0
  num_nbonparms   =          0
  num_basestacktypes  =     16
  num_basepairtypes   =      4
  num_basecrosstypes  =     32
  num_cgdnaexvtypes   =      6
  num_cgelemolpairs   =      1
  num_cg_IDR_HPS_atomtypes  =     20
  num_cg_KH_atomtypes  =    20

  num_cg_pair_MJ_eps   =   400

Define_Molecule> Summary of molecules
  num_atoms       =     500000  num_bonds       =     495000
  num_angles      =          0  num_dihedrals   =          0
  num_impropers   =          0  num_cmap_terms  =          0
  num_residues    =     500000  num_molecules   =       5000
  num_segments    =          1  num_deg_freedom =    1500000
  total_charge    = 500000.000
 
Update_Num_Deg_Freedom> Number of degrees of freedom was updated
  num_deg_freedom =    1499997 (After removing translation)
 
Setup_Boundary> Setup Variables for Boundary Condition
  box_size(x,y,z) =   3200.000   650.000   650.000
  origin(x,y,z)   =      0.000     0.000     0.000
 
Random_Init> Initialize the random number
  seed            = 476037

Define_Enefunc_Gromacs> Number of Interactions in Each Term
  bond_ene        =     495000  angle_ene       =          0
  torsion_ene     =          0  rb_torsion_ene  =          0
  improper_ene    =          0
  nb_exclusions   =     495000  nb14_calc       =          0
  vsite2_ene      =          0  vsite3_ene      =          0
  vsite3fd_ene    =          0  vsite3fad_ene   =          0
  vsite3out_ene   =          0  vsite4fdn_ene   =          0
  vsiten_ene      =          0
 restraint_groups =          0 restraint_funcs  =          0
 
Get_Morph_in> Morphing check
  morphing_bb     =          0  morphing_sc     =          0
 
Setup_Fitting_Atdyn> NO fitting is applied, skip
  fitting method  =  NO
 
[STEP4] Compute Single Point Energy for Molecules
 
            STEP          ENERGY            BOND  NATIVE_CONTACT NON-NATIVE_CONT           ELECT         IDR_HPS          CG_EXV
 --------------- --------------- --------------- --------------- ---------------
               0     853902.2916     170690.3546          0.0000          0.0000     681472.3800       1739.5570          0.0000

[STEP5] Perform Molecular Dynamics Simulation
 
Generate_Velocity> Generate initial velocities
  iseed           =     476037
  temperature     =    300.000
 
Random_Init_Velocity> Initialize the random number
  seed            = 476037

INFO:       STEP            TIME       TOTAL_ENE   POTENTIAL_ENE     KINETIC_ENE            RMSG            BOND         IDR_HPS  NATIVE_CONTACT          CG_EXV           ELECT     TEMPERATURE          VOLUME
 --------------- --------------- --------------- --------------- ---------------
INFO:          0          0.0000    1300780.8764     853902.2916     446878.5849         10.1780     170690.3546       1739.5570          0.0000          0.0000     681472.3800        299.8400 1352000000.0000

Random_Init> Initialize the random number
  seed            = 52534014

INFO:         20          0.2000    1295880.6571     843065.2619     452815.3952          9.8862     161780.6180        590.3385          0.0000          0.0000     680694.3054        303.8234 1352000000.0000

INFO:         40          0.4000    1292677.8940     837628.4902     455049.4038          9.7913     159888.6593      -1089.3556          0.0000          0.0000     678829.1865        305.3223 1352000000.0000

INFO:         60          0.6000    1288574.8520     831838.9276     456735.9244          9.7325     158029.1350      -2477.7973          0.0000          0.0000     676287.5899        306.4539 1352000000.0000

INFO:         80          0.8000    1283713.9203     827434.3973     456279.5230          9.7112     157692.3467      -3613.4593          0.0000          0.0000     673355.5100        306.1477 1352000000.0000

INFO:        100          1.0000    1278738.8912     822585.2622     456153.6290          9.6814     156842.7951      -4508.1145          0.0000          0.0000     670250.5816        306.0632 1352000000.0000

INFO:        120          1.2000    1273556.6789     818387.3438     455169.3351          9.6606     156329.3602      -5062.9268          0.0000          0.0000     667120.9104        305.4028 1352000000.0000

INFO:        140          1.4000    1269074.9520     813786.7334     455288.2186          9.6145     154920.7578      -5151.5551          0.0000          0.0000     664017.5308        305.4825 1352000000.0000

INFO:        160          1.6000    1265015.1939     810515.9337     454499.2602          9.6164     154781.5995      -5245.5924          0.0000          0.0000     660979.9266        304.9532 1352000000.0000

INFO:        180          1.8000    1262227.9685     807505.8296     454722.1389          9.6049     154698.3708      -5210.1821          0.0000          0.0000     658017.6410        305.1027 1352000000.0000

INFO:        200          2.0000    1258166.1571     804653.3466     453512.8105          9.6066     154618.4180      -5139.9462          0.0000          0.0000     655174.8748        304.2913 1352000000.0000

INFO:        220          2.2000    1254761.1709     801424.8875     453336.2834          9.5841     154096.0501      -5077.3360          0.0000          0.0000     652406.1735        304.1729 1352000000.0000

INFO:        240          2.4000    1251346.2730     798336.9257     453009.3473          9.5666     153609.7083      -5000.0743          0.0000          0.0000     649727.2917        303.9535 1352000000.0000

INFO:        260          2.6000    1248697.7290     796021.9197     452675.8092          9.5739     153881.0720      -5011.1036          0.0000          0.0000     647151.9514        303.7297 1352000000.0000

INFO:        280          2.8000    1245293.3530     793222.6626     452070.6903          9.5554     153658.7129      -5094.8891          0.0000          0.0000     644658.8389        303.3237 1352000000.0000

INFO:        300          3.0000    1242436.2170     790728.4340     451707.7830          9.5511     153443.5953      -4957.6797          0.0000          0.0000     642242.5184        303.0802 1352000000.0000

INFO:        320          3.2000    1239953.9203     788402.2429     451551.6774          9.5514     153258.3142      -4780.6294          0.0000          0.0000     639924.5582        302.9755 1352000000.0000

INFO:        340          3.4000    1236835.8682     786567.4376     450268.4306          9.5600     153579.1201      -4699.2857          0.0000          0.0000     637687.6033        302.1144 1352000000.0000

INFO:        360          3.6000    1234771.8885     784254.2908     450517.5978          9.5457     153171.1353      -4444.4159          0.0000          0.0000     635527.5713        302.2816 1352000000.0000

INFO:        380          3.8000    1232790.3127     782505.4527     450284.8601          9.5527     153440.4757      -4369.8231          0.0000          0.0000     633434.8000        302.1255 1352000000.0000

INFO:        400          4.0000    1230619.5872     780529.2159     450090.3713          9.5479     153411.4199      -4277.1545          0.0000          0.0000     631394.9505        301.9950 1352000000.0000

INFO:        420          4.2000    1228342.6834     778545.5966     449797.0868          9.5558     153469.6836      -4347.5972          0.0000          0.0000     629423.5102        301.7982 1352000000.0000

INFO:        440          4.4000    1226147.4230     776719.9583     449427.4647          9.5685     153783.5668      -4574.1898          0.0000          0.0000     627510.5812        301.5502 1352000000.0000

INFO:        460          4.6000    1224230.2145     774826.6776     449403.5368          9.5656     153568.6847      -4457.2367          0.0000          0.0000     625715.2297        301.5341 1352000000.0000

INFO:        480          4.8000    1222465.8760     773287.6651     449178.2109          9.5612     153672.7744      -4385.1756          0.0000          0.0000     624000.0663        301.3829 1352000000.0000

INFO:        500          5.0000    1219775.1426     771920.2282     447854.9145          9.5758     153924.6613      -4391.2756          0.0000          0.0000     622386.8425        300.4951 1352000000.0000

INFO:        520          5.2000    1219274.2184     770683.6543     448590.5641          9.5695     154019.6849      -4160.0163          0.0000          0.0000     620823.9857        300.9887 1352000000.0000

INFO:        540          5.4000    1217307.9216     768351.6758     448956.2457          9.5469     153007.6221      -3939.3175          0.0000          0.0000     619283.3712        301.2340 1352000000.0000

INFO:        560          5.6000    1215860.1411     767222.9808     448637.1603          9.5539     153479.5197      -3997.4635          0.0000          0.0000     617740.9245        301.0199 1352000000.0000

INFO:        580          5.8000    1214314.1614     765389.1687     448924.9927          9.5404     153175.9691      -4012.7563          0.0000          0.0000     616225.9559        301.2130 1352000000.0000

INFO:        600          6.0000    1212305.2152     763924.8076     448380.4076          9.5367     152877.2745      -3718.3090          0.0000          0.0000     614765.8422        300.8476 1352000000.0000

INFO:        620          6.2000    1211070.8532     762947.5788     448123.2744          9.5417     153117.8879      -3500.2516          0.0000          0.0000     613329.9425        300.6751 1352000000.0000

INFO:        640          6.4000    1209264.7985     761370.4930     447894.3055          9.5299     152902.6376      -3456.1348          0.0000          0.0000     611923.9902        300.5215 1352000000.0000

INFO:        660          6.6000    1207903.6130     760137.2360     447766.3770          9.5325     153058.1548      -3479.6760          0.0000          0.0000     610558.7572        300.4357 1352000000.0000

INFO:        680          6.8000    1206562.0426     758944.5773     447617.4652          9.5507     153311.6134      -3570.5343          0.0000          0.0000     609203.4982        300.3357 1352000000.0000

INFO:        700          7.0000    1205701.2540     757918.1196     447783.1344          9.5658     153635.4077      -3628.2200          0.0000          0.0000     607910.9319        300.4469 1352000000.0000

INFO:        720          7.2000    1203922.1851     756321.5900     447600.5951          9.5555     153275.9517      -3615.7370          0.0000          0.0000     606661.3752        300.3244 1352000000.0000

INFO:        740          7.4000    1203207.3892     755481.5066     447725.8825          9.5528     153438.3802      -3412.4423          0.0000          0.0000     605455.5687        300.4085 1352000000.0000

INFO:        760          7.6000    1202186.5844     754224.3001     447962.2843          9.5524     153301.7638      -3360.2715          0.0000          0.0000     604282.8078        300.5671 1352000000.0000

INFO:        780          7.8000    1201339.5694     753832.4308     447507.1386          9.5755     154075.3839      -3342.6927          0.0000          0.0000     603099.7396        300.2617 1352000000.0000

INFO:        800          8.0000    1199761.5544     751869.4699     447892.0845          9.5434     153175.9848      -3274.0234          0.0000          0.0000     601967.5085        300.5200 1352000000.0000

INFO:        820          8.2000    1199333.8662     750575.0950     448758.7712          9.5333     152959.3297      -3230.3622          0.0000          0.0000     600846.1275        301.1015 1352000000.0000

INFO:        840          8.4000    1198068.4957     750049.3807     448019.1151          9.5608     153721.1502      -3400.4707          0.0000          0.0000     599728.7012        300.6052 1352000000.0000

INFO:        860          8.6000    1196508.3095     748682.3561     447825.9534          9.5419     153313.0469      -3293.1139          0.0000          0.0000     598662.4230        300.4756 1352000000.0000

INFO:        880          8.8000    1195863.3078     748236.8018     447626.5060          9.5551     153827.1073      -3207.6944          0.0000          0.0000     597617.3890        300.3418 1352000000.0000

INFO:        900          9.0000    1194712.7785     747200.0356     447512.7429          9.5492     153639.2075      -3037.0655          0.0000          0.0000     596597.8937        300.2655 1352000000.0000

INFO:        920          9.2000    1193419.7648     745672.4522     447747.3125          9.5445     153046.1583      -2977.7879          0.0000          0.0000     595604.0818        300.4229 1352000000.0000

INFO:        940          9.4000    1192476.9064     745107.1315     447369.7749          9.5547     153472.7024      -2975.9148          0.0000          0.0000     594610.3439        300.1695 1352000000.0000

INFO:        960          9.6000    1191828.4880     743979.7565     447848.7315          9.5511     153403.0256      -3044.2147          0.0000          0.0000     593620.9455        300.4909 1352000000.0000

INFO:        980          9.8000    1190374.6195     742903.7203     447470.8992          9.5462     153139.6736      -2886.8129          0.0000          0.0000     592650.8597        300.2374 1352000000.0000

INFO:       1000         10.0000    1189866.0431     742892.7715     446973.2716          9.5674     153924.1775      -2709.5034          0.0000          0.0000     591678.0973        299.9035 1352000000.0000

INFO:       1020         10.2000    1188581.7077     741740.1741     446841.5336          9.5622     153689.5064      -2694.3755          0.0000          0.0000     590745.0433        299.8151 1352000000.0000

INFO:       1040         10.4000    1187221.4471     740673.8274     446547.6198          9.5657     153565.3651      -2721.2866          0.0000          0.0000     589829.7489        299.6179 1352000000.0000

INFO:       1060         10.6000    1186257.5344     739957.7086     446299.8258          9.5649     153663.5187      -2624.3838          0.0000          0.0000     588918.5737        299.4517 1352000000.0000

INFO:       1080         10.8000    1185805.5028     738502.7910     447302.7118          9.5515     153201.3612      -2696.5310          0.0000          0.0000     587997.9608        300.1246 1352000000.0000

INFO:       1100         11.0000    1184524.9003     737515.9314     447008.9688          9.5409     153006.8907      -2598.7730          0.0000          0.0000     587107.8138        299.9275 1352000000.0000

INFO:       1120         11.2000    1183838.8780     736879.2886     446959.5894          9.5422     153080.5524      -2471.7945          0.0000          0.0000     586270.5307        299.8943 1352000000.0000

INFO:       1140         11.4000    1183135.9480     736351.0883     446784.8597          9.5455     153273.5216      -2365.7065          0.0000          0.0000     585443.2733        299.7771 1352000000.0000

INFO:       1160         11.6000    1182644.2299     735220.4035     447423.8263          9.5419     152986.6655      -2402.1249          0.0000          0.0000     584635.8629        300.2058 1352000000.0000

INFO:       1180         11.8000    1181765.1595     734282.8439     447482.3156          9.5395     152949.8420      -2518.9542          0.0000          0.0000     583851.9561        300.2451 1352000000.0000

INFO:       1200         12.0000    1180225.5754     733338.0828     446887.4925          9.5308     152736.6260      -2490.1878          0.0000          0.0000     583091.6447        299.8460 1352000000.0000

INFO:       1220         12.2000    1179644.4377     732589.4961     447054.9416          9.5310     152803.2722      -2552.3883          0.0000          0.0000     582338.6122        299.9583 1352000000.0000

INFO:       1240         12.4000    1179156.4453     732266.8188     446889.6264          9.5473     153281.1372      -2605.4027          0.0000          0.0000     581591.0843        299.8474 1352000000.0000

INFO:       1260         12.6000    1178236.9947     731473.6338     446763.3609          9.5415     152982.7310      -2380.4966          0.0000          0.0000     580871.3994        299.7627 1352000000.0000

INFO:       1280         12.8000    1177679.3409     731039.5012     446639.8397          9.5466     153247.6259      -2350.9348          0.0000          0.0000     580142.8101        299.6798 1352000000.0000

INFO:       1300         13.0000    1177017.7327     730112.1485     446905.5841          9.5474     153191.3929      -2506.7480          0.0000          0.0000     579427.5037        299.8581 1352000000.0000

INFO:       1320         13.2000    1176806.2245     729672.2297     447133.9948          9.5504     153483.2799      -2512.2200          0.0000          0.0000     578701.1699        300.0113 1352000000.0000

INFO:       1340         13.4000    1176461.2152     729103.5235     447357.6918          9.5543     153334.1439      -2244.0122          0.0000          0.0000     578013.3918        300.1614 1352000000.0000

INFO:       1360         13.6000    1175910.3288     728914.1869     446996.1419          9.5621     153747.5396      -2132.4271          0.0000          0.0000     577299.0744        299.9189 1352000000.0000

INFO:       1380         13.8000    1174537.7971     727617.3757     446920.4214          9.5472     153285.0368      -2298.5266          0.0000          0.0000     576630.8656        299.8680 1352000000.0000

INFO:       1400         14.0000    1173789.8923     727344.4984     446445.3939          9.5474     153626.8505      -2229.2762          0.0000          0.0000     575946.9240        299.5493 1352000000.0000

INFO:       1420         14.2000    1173001.1761     725965.4871     447035.6890          9.5348     152834.0269      -2159.1390          0.0000          0.0000     575290.5992        299.9454 1352000000.0000

INFO:       1440         14.4000    1172364.6812     726051.3514     446313.3299          9.5532     153735.3191      -2306.8543          0.0000          0.0000     574622.8866        299.4607 1352000000.0000

INFO:       1460         14.6000    1171778.0147     724982.6981     446795.3166          9.5372     153310.3470      -2292.8001          0.0000          0.0000     573965.1513        299.7841 1352000000.0000

INFO:       1480         14.8000    1171440.5436     724395.0821     447045.4615          9.5382     153277.0912      -2208.8778          0.0000          0.0000     573326.8687        299.9519 1352000000.0000

INFO:       1500         15.0000    1170542.2143     723944.4599     446597.7545          9.5482     153378.0809      -2135.0856          0.0000          0.0000     572701.4646        299.6516 1352000000.0000

INFO:       1520         15.2000    1169617.0299     723391.8137     446225.2161          9.5440     153395.8205      -2063.3544          0.0000          0.0000     572059.3476        299.4016 1352000000.0000

INFO:       1540         15.4000    1169537.7742     722746.0730     446791.7013          9.5451     153369.8483      -2071.4007          0.0000          0.0000     571447.6253        299.7817 1352000000.0000

INFO:       1560         15.6000    1168866.3317     722541.3347     446324.9970          9.5515     153697.2610      -2002.2224          0.0000          0.0000     570846.2962        299.4685 1352000000.0000

INFO:       1580         15.8000    1168179.1313     722182.6911     445996.4402          9.5601     153857.7836      -1934.8374          0.0000          0.0000     570259.7448        299.2481 1352000000.0000

INFO:       1600         16.0000    1168492.5301     721648.0084     446844.5217          9.5602     153936.3248      -1949.5134          0.0000          0.0000     569661.1970        299.8171 1352000000.0000

INFO:       1620         16.2000    1167740.6309     721015.8322     446724.7987          9.5727     154003.6230      -2061.7706          0.0000          0.0000     569073.9798        299.7368 1352000000.0000

INFO:       1640         16.4000    1166546.8399     719831.4136     446715.4263          9.5427     153377.4903      -2041.5227          0.0000          0.0000     568495.4461        299.7305 1352000000.0000

INFO:       1660         16.6000    1166234.4821     719115.2773     447119.2048          9.5361     153072.5713      -1873.0904          0.0000          0.0000     567915.7964        300.0014 1352000000.0000

INFO:       1680         16.8000    1165190.5974     719006.1740     446184.4234          9.5504     153497.0011      -1830.0073          0.0000          0.0000     567339.1802        299.3742 1352000000.0000

INFO:       1700         17.0000    1164639.6209     718170.5600     446469.0609          9.5450     153439.7382      -2029.6935          0.0000          0.0000     566760.5153        299.5652 1352000000.0000

INFO:       1720         17.2000    1164363.2691     717401.4029     446961.8662          9.5448     153270.1139      -2046.4078          0.0000          0.0000     566177.6968        299.8959 1352000000.0000

INFO:       1740         17.4000    1163576.7031     717127.8995     446448.8036          9.5494     153534.1328      -2009.0639          0.0000          0.0000     565602.8306        299.5516 1352000000.0000

INFO:       1760         17.6000    1163244.2535     716238.6842     447005.5693          9.5377     153196.9200      -1997.5882          0.0000          0.0000     565039.3523        299.9252 1352000000.0000

INFO:       1780         17.8000    1163189.1220     715953.3989     447235.7231          9.5440     153394.4740      -1928.8794          0.0000          0.0000     564487.8044        300.0796 1352000000.0000

INFO:       1800         18.0000    1162323.8257     715530.6933     446793.1325          9.5476     153505.0642      -1932.5424          0.0000          0.0000     563958.1715        299.7826 1352000000.0000

INFO:       1820         18.2000    1161424.8993     715009.4696     446415.4297          9.5480     153413.6283      -1835.8848          0.0000          0.0000     563431.7260        299.5292 1352000000.0000

INFO:       1840         18.4000    1160922.9955     714258.4171     446664.5784          9.5432     153221.5398      -1879.2685          0.0000          0.0000     562916.1458        299.6964 1352000000.0000

INFO:       1860         18.6000    1160430.5868     714476.3487     445954.2381          9.5545     153945.7097      -1872.3360          0.0000          0.0000     562402.9750        299.2198 1352000000.0000

INFO:       1880         18.8000    1160381.9343     713481.6537     446900.2806          9.5485     153436.6389      -1849.8696          0.0000          0.0000     561894.8843        299.8545 1352000000.0000

INFO:       1900         19.0000    1159441.4339     712680.4224     446761.0116          9.5380     153057.1360      -1779.0061          0.0000          0.0000     561402.2925        299.7611 1352000000.0000

INFO:       1920         19.2000    1159678.9378     713147.5243     446531.4135          9.5548     153967.2095      -1731.9492          0.0000          0.0000     560912.2640        299.6070 1352000000.0000

INFO:       1940         19.4000    1157838.0587     711712.7760     446125.2828          9.5368     153115.7675      -1833.8891          0.0000          0.0000     560430.8975        299.3345 1352000000.0000

INFO:       1960         19.6000    1156977.8907     711305.6980     445672.1927          9.5452     153161.8550      -1809.0921          0.0000          0.0000     559952.9351        299.0305 1352000000.0000

INFO:       1980         19.8000    1156436.5789     711615.2786     444821.3003          9.5646     153873.0255      -1742.7413          0.0000          0.0000     559484.9944        298.4596 1352000000.0000

INFO:       2000         20.0000    1156059.1350     710605.3499     445453.7851          9.5462     153443.6399      -1868.9768          0.0000          0.0000     559030.6869        298.8840 1352000000.0000

 
[STEP6] Deallocate Arrays
 
Output_Time> Averaged timer profile (Min, Max)
  total time      =     129.782
    setup         =       5.340
    dynamics      =     124.442
      energy      =      72.236
      integrator  =      39.593
      migration   =       0.000
      pairlist    =      11.406 (      10.465,      14.174)
  energy           
    bond          =       0.055 (       0.048,       0.080)
    angle         =       0.018 (       0.015,       0.024)
    dihedral      =       0.018 (       0.014,       0.069)
    base stacking =       0.000 (       0.000,       0.000)
    nonbond       =       9.908 (       9.219,      11.429)
      CG exv      =       1.206 (       1.121,       1.512)
      CG DNA bp   =       0.000 (       0.000,       0.000)
      CG DNA exv  =       0.000 (       0.000,       0.000)
      CG ele      =       5.315 (       4.877,       6.145)
      CG PWMcos   =       0.000 (       0.000,       0.000)
      CG PWMcosns =       0.000 (       0.000,       0.000)
      CG IDR-HPS  =       3.377 (       3.101,       3.860)
      CG IDR-KH   =       0.000 (       0.000,       0.000)
      CG KH       =       0.000 (       0.000,       0.000)
      Contact     =       0.008 (       0.006,       0.011)
      pme real    =       0.000 (       0.000,       0.000)
      pme recip   =       0.000 (       0.000,       0.000)
    solvation     =       0.000 (       0.000,       0.000)
      polar       =       0.000 (       0.000,       0.000)
      non-polar   =       0.000 (       0.000,       0.000)
    restraint     =       0.000 (       0.000,       0.000)
    qmmm          =       0.000 (       0.000,       0.000)
    morph         =       0.000 (       0.000,       0.000)
  integrator       
    constraint    =       0.000 (       0.000,       0.000)
    update        =       0.000 (       0.000,       0.000)
    comm_coord    =       0.000 (       0.000,       0.000)
    comm_force    =       0.000 (       0.000,       0.000)
  migration       =       0.000 (       0.000,       0.000)
    comm_migrate  =       0.000 (       0.000,       0.000)
    ptl_migrate   =       0.000 (       0.000,       0.000)
    bond_migrate  =       0.000 (       0.000,       0.000)
    angl_migrate  =       0.000 (       0.000,       0.000)
    dihe_migrate  =       0.000 (       0.000,       0.000)
    contact_migr  =       0.000 (       0.000,       0.000)
    stack_migrate =       0.000 (       0.000,       0.000)
    pwmcos_migrate =       0.000 (       0.000,       0.000)
    pwmcosns_migr  =       0.000 (       0.000,       0.000)
    nonb_update    =       0.000 (       0.000,       0.000)

