****************************************************
*                                                  *
*                  GENESIS ATDYN                   *
*                                                  *
*        A Molecular Dynamics Simulator with       *
*            Atomic Decomposition Scheme           *
*                                                  *
*               Developed by RIKEN                 *
*                                                  *
****************************************************
 
[STEP0] Architecture and Compiler Information
 
GENESIS_Information> GENESIS Information
  version      = 2.0.0
  commit ID    = $GENESIS_VERSION$
  precision    = double
  nonbonding   = CPU

Build_Information> Compiler Information
  build host   = jjwsmj@hokusai2
  fortran      = ifort (IFORT) 2021.7.1 20221019
  option       = 
  -axCORE-AVX512 -g -O3  -qmkl=parallel  -assume byterecl -qopenmp  
  C            = 
 icc: remark #10441: The Intel(R) C++ Compiler Classic (ICC) is deprecated and w
 ill be removed from product release in the second half of 2023. The Intel(R) on
 eAPI DPC++/C++ Compiler (ICX) is the recommended compiler moving forward. Pleas
 e transition to use this compiler. Use '-diag-disable=10441' to disable this me
 ssage.
  option       = -O3 -ip -axCORE-AVX2  -qopenmp 
  defined var. = 
  -DHAVE_MPI_GENESIS -DOMP -DIFORT19 -DFFTE -DLAPACK -DDSFMT_MEXP=19937 -DINTEL
  link option  = 
  -assume byterecl -lgfortran -qopenmp  -lmkl_intel_lp64 -lmkl_sequential -lmkl_
 core -lmkl_lapack95_lp64   
  MPI Compiler = Intel(R) MPI

Runtime_Information> Machine and Library Information
  date       = 2023/05/12 16:57:40
  cpu model    = Intel(R) Xeon(R) Gold 6148 CPU @ 2.40GHz
  exec. host   = jjwsmj@bwmpc0466
  LD library   = 
 /bwfefs/opt/x86_64/intel/oneapi/2022.3/mpi/2021.7.1/libfabric/lib:/bwfefs/opt/x
 86_64/intel/oneapi/2022.3/mpi/2021.7.1/lib/release:/bwfefs/opt/x86_64/intel/one
 api/2022.3/mpi/2021.7.1/lib:/bwfefs/opt/x86_64/intel/oneapi/2022.3/tbb/2021.7.1
 /lib/intel64/gcc4.8:/usr/lib64:/bwfefs/opt/x86_64/intel/oneapi/2022.3/vpl/2022.
 2.5/lib:/bwfefs/opt/x86_64/intel/oneapi/2022.3/mkl/latest/lib/intel64:/bwfefs/o
 pt/x86_64/intel/oneapi/2022.3/itac/2021.7.1/slib:/bwfefs/opt/x86_64/intel/oneap
 i/2022.3/ippcp/2021.6.2/lib/intel64:/bwfefs/opt/x86_64/intel/oneapi/2022.3/ipp/
 2021.6.2/lib/intel64:/bwfefs/opt/x86_64/intel/oneapi/2022.3/dnnl/2022.2.1/cpu_d
 pcpp_gpu_dpcpp/lib:/bwfefs/opt/x86_64/intel/oneapi/2022.3/dal/2021.7.1/lib/inte
 l64:/bwfefs/opt/x86_64/intel/oneapi/2022.3/compiler/2022.2.1/linux/compiler/lib
 :/bwfefs/opt/x86_64/intel/oneapi/2022.3/compiler/2022.2.1/linux/lib/oclfpga/hos
 t/linux64/lib:/bwfefs/opt/x86_64/intel/oneapi/2022.3/compiler/2022.2.1/linux/li
 b/oclfpga/linux64/lib:/bwfefs/opt/x86_64/intel/oneapi/2022.3/compiler/2022.2.1/
 linux/lib:/bwfefs/opt/x86_64/intel/oneapi/2022.3/compiler/2022.2.1/linux/lib/x6
 4:/bwfefs/opt/x86_64/intel/oneapi/2022.3/compiler/2022.2.1/linux/lib/emu:/bwfef
 s/opt/x86_64/intel/oneapi/2022.3/compiler/2022.2.1/linux/compiler/lib/intel64_l
 in:/bwfefs/opt/x86_64/intel/oneapi/2022.3/debugger/2021.7.1/dep/lib:/bwfefs/opt
 /x86_64/intel/oneapi/2022.3/debugger/2021.7.1/libipt/intel64/lib:/bwfefs/opt/x8
 6_64/intel/oneapi/2022.3/debugger/2021.7.1/gdb/intel64/lib:/bwfefs/opt/x86_64/
 MPI Runtime = Intel(R) MPI Library 2021.7 for Linux* OS


[STEP1] Read Control Parameters
 
Read_Ctrl_Input> Input Files
  grotopfile = pro.top
  grocrdfile = crd/pos_5000.gro
 
Read_Ctrl_Output> Output Files
 
Read_Ctrl_Energy> WARNING: "water_model" is not available
Read_Ctrl_Energy> Parameters of Energy Calculations
  forcefield      =    RESIDCG
  switchdist      =     10.000  cutoffdist      =     12.000
  pairlistdist    =     13.500  dielec_const    =      1.000
  debye           =     10.000
  vdw_force_switch=         no
  electrostatic   =  CUTOFF
  implicit_solvent=       none
  table           =         no
  water_model     =       NONE
  output_style    =    GENESIS
  dispersion_corr =       none
  nonb_limiter    =      no
  user def. table =     no
  efield_x        =           0.000
  efield_y        =           0.000
  efield_z        =           0.000
  efield_normal   =              no
  efield_virial   =              no
 
Read_Ctrl_Dynamics> Parameters of MD simulation
  integrator      =    VVER_CG  nsteps          =       2000
  timestep        =     0.0100  initial_time    =     0.0000
  eneout_period   =         20  rstout_period   =          0
  crdout_period   =          0  velout_period   =          0
  nbupdate_period =         20  stoptr_period   =         10
  qmsave_period   =          0
  iseed           =         -1
  annealing       =         no
  verbose         =         no
  target_md       =         no
  steered_md      =         no
  shrink_box      =         no
  esp_mm          =         no
 
Read_Ctrl_Constraints> Parameters for Constraints
  rigid_bond      =         no
  fixatm_select_index        =       none
 
Read_Ctrl_Ensemble> Parameters for Ensemble
  ensemble        =        NVT
  temperature     =    300.000
  tpcontrol       =   LANGEVIN
  gamma_t         =      1.000
 
Read_Ctrl_Boundary> Parameters of Boundary Condition
  type            =     PBC   
  box_size(x,y,z) =   3200.000   650.000   650.000
  pairlist_grid   =      3.000
 
Read_Ctrl_Selection> Parameters of Selection
  # of groups     =          0
  # of mole names =          0
 
Read_Ctrl_Restraints> No restraint in the system

Read_Ctrl_Fitting_MD> Parameters of Fitting
  fitting method  =  TR+ROT   
  fitting atom    = group1
  mass_weight     =         no
 
[STEP2] Setup MPI
 
Setup_Mpi_Md> Summary of Setup MPI
  number of MPI processes   =        512
  number of OpenMP threads  =          5
  total number of CPU cores =       2560

[STEP3] Set Relevant Variables and Structures
 
Read_Grotop> Summary of Grotopfile
  num_moltypes    =          1
    pos100_cg             :
      num_atoms   =        100
      num_bonds   =         99
      num_angls   =          0
      num_dihes   =          0
      num_cmaps   =          0
      num_excls   =          0
      num_constrs =          0
      num_pairs   =          0
      num_vsites2 =          0
      num_vsites3 =          0
      num_vsites4 =          0
      num_vsitesn =          0
      num_posress =          0
      num_PWMcos  =          0
      num_PWMcosns=          0
      num_IDR_HPS =          1
      num_IDR_KH  =          0
    .. not used molecule types were hidden.

  num_molecules   =       5000
    pos100_cg             :  5000

  num_atomtypes   =         33  num_bondtypes   =          0
  num_angltypes   =          0  num_dihetypes   =          0
  num_flangltypes           20
  num_fldihetypes          400
  num_constrtypes =          0  num_cmaptypes   =          0
  num_nbonparms   =          0
  num_basestacktypes  =     16
  num_basepairtypes   =      4
  num_basecrosstypes  =     32
  num_cgdnaexvtypes   =      6
  num_cgelemolpairs   =      1
  num_cg_IDR_HPS_atomtypes  =     20
  num_cg_KH_atomtypes  =    20

  num_cg_pair_MJ_eps   =   400

Define_Molecule> Summary of molecules
  num_atoms       =     500000  num_bonds       =     495000
  num_angles      =          0  num_dihedrals   =          0
  num_impropers   =          0  num_cmap_terms  =          0
  num_residues    =     500000  num_molecules   =       5000
  num_segments    =          1  num_deg_freedom =    1500000
  total_charge    = 500000.000
 
Update_Num_Deg_Freedom> Number of degrees of freedom was updated
  num_deg_freedom =    1499997 (After removing translation)
 
Setup_Boundary> Setup Variables for Boundary Condition
  box_size(x,y,z) =   3200.000   650.000   650.000
  origin(x,y,z)   =      0.000     0.000     0.000
 
Random_Init> Initialize the random number
  seed            = 550886

Define_Enefunc_Gromacs> Number of Interactions in Each Term
  bond_ene        =     495000  angle_ene       =          0
  torsion_ene     =          0  rb_torsion_ene  =          0
  improper_ene    =          0
  nb_exclusions   =     495000  nb14_calc       =          0
  vsite2_ene      =          0  vsite3_ene      =          0
  vsite3fd_ene    =          0  vsite3fad_ene   =          0
  vsite3out_ene   =          0  vsite4fdn_ene   =          0
  vsiten_ene      =          0
 restraint_groups =          0 restraint_funcs  =          0
 
Get_Morph_in> Morphing check
  morphing_bb     =          0  morphing_sc     =          0
 
Setup_Fitting_Atdyn> NO fitting is applied, skip
  fitting method  =  NO
 
[STEP4] Compute Single Point Energy for Molecules
 
            STEP          ENERGY            BOND  NATIVE_CONTACT NON-NATIVE_CONT           ELECT         IDR_HPS          CG_EXV
 --------------- --------------- --------------- --------------- ---------------
               0     853902.2916     170690.3546          0.0000          0.0000     681472.3800       1739.5570          0.0000

[STEP5] Perform Molecular Dynamics Simulation
 
Generate_Velocity> Generate initial velocities
  iseed           =     550886
  temperature     =    300.000
 
Random_Init_Velocity> Initialize the random number
  seed            = 550886

INFO:       STEP            TIME       TOTAL_ENE   POTENTIAL_ENE     KINETIC_ENE            RMSG            BOND         IDR_HPS  NATIVE_CONTACT          CG_EXV           ELECT     TEMPERATURE          VOLUME
 --------------- --------------- --------------- --------------- ---------------
INFO:          0          0.0000    1301141.8073     853902.2916     447239.5157         10.1780     170690.3546       1739.5570          0.0000          0.0000     681472.3800        300.0821 1352000000.0000

Random_Init> Initialize the random number
  seed            = 1385007363

INFO:         20          0.2000    1295916.8871     843081.0438     452835.8433          9.8835     161691.2061        677.0514          0.0000          0.0000     680712.7863        303.8371 1352000000.0000

INFO:         40          0.4000    1291436.1551     836939.3760     454496.7791          9.7757     159091.3181      -1028.1448          0.0000          0.0000     678876.2028        304.9515 1352000000.0000

INFO:         60          0.6000    1287027.7030     831557.0068     455470.6962          9.7224     157759.4343      -2534.5386          0.0000          0.0000     676332.1111        305.6050 1352000000.0000

INFO:         80          0.8000    1282823.8454     827105.6601     455718.1853          9.7036     157382.9115      -3659.2642          0.0000          0.0000     673382.0129        305.7710 1352000000.0000

INFO:        100          1.0000    1278067.5796     822627.7498     455439.8298          9.6837     156588.2721      -4245.1829          0.0000          0.0000     670284.6607        305.5843 1352000000.0000

INFO:        120          1.2000    1273761.1636     817893.0774     455868.0862          9.6459     155536.7392      -4772.4428          0.0000          0.0000     667128.7810        305.8716 1352000000.0000

INFO:        140          1.4000    1269468.6171     814098.9451     455369.6719          9.6358     155266.4946      -5161.7919          0.0000          0.0000     663994.2425        305.5372 1352000000.0000

INFO:        160          1.6000    1265065.2710     810621.7416     454443.5294          9.6269     155073.8246      -5380.7675          0.0000          0.0000     660928.6846        304.9158 1352000000.0000

INFO:        180          1.8000    1261076.2033     807256.3613     453819.8421          9.6154     154701.5678      -5401.9827          0.0000          0.0000     657956.7762        304.4973 1352000000.0000

INFO:        200          2.0000    1257263.3731     803683.4210     453579.9521          9.5878     153993.9733      -5392.5073          0.0000          0.0000     655081.9550        304.3364 1352000000.0000

INFO:        220          2.2000    1254171.6728     800944.4622     453227.2106          9.5745     153980.7746      -5328.9032          0.0000          0.0000     652292.5908        304.0997 1352000000.0000

INFO:        240          2.4000    1250706.7808     797943.9062     452762.8745          9.5634     153561.9155      -5236.0083          0.0000          0.0000     649617.9990        303.7881 1352000000.0000

INFO:        260          2.6000    1246652.6339     795684.2864     450968.3475          9.5653     153850.1893      -5192.5481          0.0000          0.0000     647026.6452        302.5841 1352000000.0000

INFO:        280          2.8000    1243864.5919     792454.7780     451409.8140          9.5439     153046.1122      -5109.8130          0.0000          0.0000     644518.4788        302.8803 1352000000.0000

INFO:        300          3.0000    1241189.7637     790548.8840     450640.8797          9.5575     153594.0167      -5161.0899          0.0000          0.0000     642115.9572        302.3643 1352000000.0000

INFO:        320          3.2000    1239104.4240     788159.0399     450945.3841          9.5497     153421.1612      -5068.4398          0.0000          0.0000     639806.3185        302.5687 1352000000.0000

INFO:        340          3.4000    1236701.3400     785607.4663     451093.8737          9.5312     152946.4308      -4927.0233          0.0000          0.0000     637588.0588        302.6683 1352000000.0000

INFO:        360          3.6000    1234633.2139     784051.9482     450581.2658          9.5390     153263.4634      -4675.2797          0.0000          0.0000     635463.7645        302.3243 1352000000.0000

INFO:        380          3.8000    1232178.4753     781705.4091     450473.0663          9.5290     152901.8550      -4610.2268          0.0000          0.0000     633413.7808        302.2517 1352000000.0000

INFO:        400          4.0000    1229734.5620     779909.5090     449825.0530          9.5347     153114.0175      -4614.3073          0.0000          0.0000     631409.7988        301.8170 1352000000.0000

INFO:        420          4.2000    1228344.8149     778356.5730     449988.2419          9.5509     153221.3723      -4333.0017          0.0000          0.0000     629468.2025        301.9264 1352000000.0000

INFO:        440          4.4000    1226023.4914     776296.6014     449726.8900          9.5319     152981.2535      -4266.3769          0.0000          0.0000     627581.7248        301.7511 1352000000.0000

INFO:        460          4.6000    1224513.2332     774199.6153     450313.6179          9.5301     152744.7647      -4285.7641          0.0000          0.0000     625740.6147        302.1448 1352000000.0000

INFO:        480          4.8000    1222065.1871     772414.0853     449651.1017          9.5338     152708.0783      -4271.5973          0.0000          0.0000     623977.6043        301.7002 1352000000.0000

INFO:        500          5.0000    1220470.2317     771132.9290     449337.3028          9.5377     153078.6674      -4204.2657          0.0000          0.0000     622258.5273        301.4897 1352000000.0000

INFO:        520          5.2000    1218746.8327     769393.0165     449353.8162          9.5299     152861.6110      -4101.5608          0.0000          0.0000     620632.9662        301.5008 1352000000.0000

INFO:        540          5.4000    1217693.0243     768618.1862     449074.8381          9.5424     153350.5132      -3769.9004          0.0000          0.0000     619037.5734        301.3136 1352000000.0000

INFO:        560          5.6000    1215980.5146     766711.6112     449268.9033          9.5369     153110.4345      -3876.7997          0.0000          0.0000     617477.9765        301.4438 1352000000.0000

INFO:        580          5.8000    1214024.9041     765509.6620     448515.2421          9.5553     153304.3083      -3765.1064          0.0000          0.0000     615970.4601        300.9381 1352000000.0000

INFO:        600          6.0000    1212451.2468     764060.7566     448390.4902          9.5497     153253.3341      -3719.5996          0.0000          0.0000     614527.0221        300.8544 1352000000.0000

INFO:        620          6.2000    1211066.3270     762604.5551     448461.7720          9.5468     153192.4607      -3704.4390          0.0000          0.0000     613116.5334        300.9022 1352000000.0000

INFO:        640          6.4000    1209310.0275     761471.8770     447838.1505          9.5525     153323.1888      -3579.4061          0.0000          0.0000     611728.0944        300.4838 1352000000.0000

INFO:        660          6.6000    1207761.0516     759891.9960     447869.0556          9.5479     153248.2193      -3713.3760          0.0000          0.0000     610357.1527        300.5045 1352000000.0000

INFO:        680          6.8000    1206212.7342     758516.3837     447696.3505          9.5439     153067.8338      -3575.8705          0.0000          0.0000     609024.4203        300.3887 1352000000.0000

INFO:        700          7.0000    1205208.8741     757290.8873     447917.9868          9.5397     153076.3777      -3509.3013          0.0000          0.0000     607723.8109        300.5374 1352000000.0000

INFO:        720          7.2000    1204412.8715     756559.2984     447853.5731          9.5558     153489.9330      -3387.3229          0.0000          0.0000     606456.6883        300.4942 1352000000.0000

INFO:        740          7.4000    1203413.2070     755141.0437     448272.1633          9.5547     153288.8718      -3359.9464          0.0000          0.0000     605212.1182        300.7750 1352000000.0000

INFO:        760          7.6000    1201583.3988     753596.7398     447986.6590          9.5438     153031.5400      -3430.3995          0.0000          0.0000     603995.5993        300.5835 1352000000.0000

INFO:        780          7.8000    1200451.0731     752762.5086     447688.5646          9.5602     153340.9801      -3389.7980          0.0000          0.0000     602811.3265        300.3834 1352000000.0000

INFO:        800          8.0000    1199506.2843     751206.4011     448299.8832          9.5402     152848.8572      -3308.4069          0.0000          0.0000     601665.9507        300.7936 1352000000.0000

INFO:        820          8.2000    1197447.7790     750230.1129     447217.6660          9.5443     153045.7543      -3363.9559          0.0000          0.0000     600548.3145        300.0675 1352000000.0000

INFO:        840          8.4000    1195915.0087     749559.6075     446355.4013          9.5560     153402.6200      -3334.0696          0.0000          0.0000     599491.0571        299.4889 1352000000.0000

INFO:        860          8.6000    1194910.3594     747829.6729     447080.6865          9.5375     152689.3607      -3305.3381          0.0000          0.0000     598445.6503        299.9756 1352000000.0000

INFO:        880          8.8000    1193513.6828     747281.9058     446231.7770          9.5434     153004.3492      -3139.4258          0.0000          0.0000     597416.9824        299.4060 1352000000.0000

INFO:        900          9.0000    1192857.9767     746491.0622     446366.9146          9.5476     153152.2410      -3059.3733          0.0000          0.0000     596398.1945        299.4967 1352000000.0000

INFO:        920          9.2000    1192423.3495     745649.7181     446773.6314          9.5617     153496.1815      -3222.0246          0.0000          0.0000     595375.5612        299.7696 1352000000.0000

INFO:        940          9.4000    1191287.0115     744261.1314     447025.8801          9.5530     153130.6026      -3271.7843          0.0000          0.0000     594402.3131        299.9388 1352000000.0000

INFO:        960          9.6000    1190287.2260     743491.5326     446795.6934          9.5456     153123.7348      -3082.0528          0.0000          0.0000     593449.8506        299.7844 1352000000.0000

INFO:        980          9.8000    1189495.3491     742769.1249     446726.2243          9.5479     153113.7023      -2869.9289          0.0000          0.0000     592525.3514        299.7377 1352000000.0000

INFO:       1000         10.0000    1188637.2731     742020.1949     446617.0782          9.5475     153118.3949      -2705.5094          0.0000          0.0000     591607.3093        299.6645 1352000000.0000

INFO:       1020         10.2000    1188106.4055     741608.5997     446497.8057          9.5620     153525.1941      -2612.4782          0.0000          0.0000     590695.8838        299.5845 1352000000.0000

INFO:       1040         10.4000    1187522.5390     740747.4017     446775.1373          9.5670     153650.0738      -2696.6081          0.0000          0.0000     589793.9361        299.7706 1352000000.0000

INFO:       1060         10.6000    1186413.2372     739623.3586     446789.8786          9.5654     153517.8747      -2796.5018          0.0000          0.0000     588901.9857        299.7805 1352000000.0000

INFO:       1080         10.8000    1186268.1879     738679.2005     447588.9874          9.5664     153535.0270      -2876.4018          0.0000          0.0000     588020.5753        300.3166 1352000000.0000

INFO:       1100         11.0000    1184948.1625     738132.4590     446815.7035          9.5641     153679.7512      -2707.4924          0.0000          0.0000     587160.2002        299.7978 1352000000.0000

INFO:       1120         11.2000    1183938.2843     736620.0342     447318.2501          9.5411     152858.3341      -2557.3808          0.0000          0.0000     586319.0809        300.1350 1352000000.0000

INFO:       1140         11.4000    1183108.7147     736275.8727     446832.8421          9.5647     153465.5896      -2693.5137          0.0000          0.0000     585503.7968        299.8093 1352000000.0000

INFO:       1160         11.6000    1182635.0697     735649.2799     446985.7897          9.5644     153524.3461      -2583.9343          0.0000          0.0000     584708.8681        299.9119 1352000000.0000

INFO:       1180         11.8000    1182287.4729     735349.5844     446937.8885          9.5638     153668.8496      -2257.0424          0.0000          0.0000     583937.7772        299.8798 1352000000.0000

INFO:       1200         12.0000    1181779.9278     734591.0302     447188.8976          9.5680     153786.4450      -2350.6964          0.0000          0.0000     583155.2816        300.0482 1352000000.0000

INFO:       1220         12.2000    1180870.4566     733270.9660     447599.4906          9.5523     153335.5599      -2446.9510          0.0000          0.0000     582382.3571        300.3237 1352000000.0000

INFO:       1240         12.4000    1179454.6969     732098.4070     447356.2899          9.5424     153174.6102      -2674.5975          0.0000          0.0000     581598.3943        300.1605 1352000000.0000

INFO:       1260         12.6000    1178351.2569     731119.6539     447231.6030          9.5322     152962.3555      -2679.9018          0.0000          0.0000     580837.2001        300.0768 1352000000.0000

INFO:       1280         12.8000    1178227.0014     731185.3158     447041.6855          9.5558     153704.4601      -2616.1541          0.0000          0.0000     580097.0099        299.9494 1352000000.0000

INFO:       1300         13.0000    1177354.7533     730344.2911     447010.4622          9.5483     153504.3884      -2547.6999          0.0000          0.0000     579387.6026        299.9285 1352000000.0000

INFO:       1320         13.2000    1176854.2597     729747.9076     447106.3521          9.5525     153659.5548      -2575.0319          0.0000          0.0000     578663.3847        299.9928 1352000000.0000

INFO:       1340         13.4000    1175917.6316     728861.1325     447056.4990          9.5527     153483.3850      -2565.0343          0.0000          0.0000     577942.7818        299.9594 1352000000.0000

INFO:       1360         13.6000    1175130.0549     728362.1136     446767.9413          9.5529     153572.6198      -2436.9491          0.0000          0.0000     577226.4429        299.7657 1352000000.0000

INFO:       1380         13.8000    1174656.9968     727540.9666     447116.0302          9.5467     153341.3559      -2335.0893          0.0000          0.0000     576534.7000        299.9993 1352000000.0000

INFO:       1400         14.0000    1173680.6650     726369.8331     447310.8319          9.5319     152933.2304      -2419.6111          0.0000          0.0000     575856.2138        300.1300 1352000000.0000

INFO:       1420         14.2000    1173073.2093     725912.9371     447160.2721          9.5470     153206.7303      -2478.2308          0.0000          0.0000     575184.4377        300.0290 1352000000.0000

INFO:       1440         14.4000    1172775.4375     726316.2438     446459.1936          9.5682     154028.1580      -2241.3820          0.0000          0.0000     574529.4678        299.5586 1352000000.0000

INFO:       1460         14.6000    1171824.7134     725357.6823     446467.0311          9.5506     153488.8500      -2007.9718          0.0000          0.0000     573876.8041        299.5638 1352000000.0000

INFO:       1480         14.8000    1171009.0937     724474.1203     446534.9734          9.5435     153339.7941      -2077.2909          0.0000          0.0000     573211.6171        299.6094 1352000000.0000

INFO:       1500         15.0000    1170624.9602     723520.5251     447104.4351          9.5325     153124.6077      -2157.3473          0.0000          0.0000     572553.2647        299.9915 1352000000.0000

INFO:       1520         15.2000    1170344.4451     723044.7024     447299.7427          9.5427     153232.4000      -2124.9602          0.0000          0.0000     571937.2626        300.1226 1352000000.0000

INFO:       1540         15.4000    1169472.0659     722692.3272     446779.7387          9.5404     153322.3665      -1954.5906          0.0000          0.0000     571324.5512        299.7737 1352000000.0000

INFO:       1560         15.6000    1168695.9119     721759.9953     446935.9165          9.5385     152994.7329      -1945.8580          0.0000          0.0000     570711.1204        299.8784 1352000000.0000

INFO:       1580         15.8000    1167570.4637     721248.4352     446322.0285          9.5487     153336.5044      -2195.2742          0.0000          0.0000     570107.2050        299.4665 1352000000.0000

INFO:       1600         16.0000    1167560.2471     720817.0000     446743.2471          9.5496     153377.3666      -2069.9670          0.0000          0.0000     569509.6004        299.7492 1352000000.0000

INFO:       1620         16.2000    1166299.4380     720193.8693     446105.5686          9.5365     153239.9435      -1984.1041          0.0000          0.0000     568938.0300        299.3213 1352000000.0000

INFO:       1640         16.4000    1165598.4223     719649.7648     445948.6575          9.5386     153157.4083      -1875.1439          0.0000          0.0000     568367.5005        299.2160 1352000000.0000

INFO:       1660         16.6000    1165346.0315     719042.4748     446303.5567          9.5466     153274.5643      -2032.7066          0.0000          0.0000     567800.6170        299.4542 1352000000.0000

INFO:       1680         16.8000    1164520.7554     718326.6175     446194.1379          9.5477     153221.1467      -2131.9380          0.0000          0.0000     567237.4088        299.3807 1352000000.0000

INFO:       1700         17.0000    1164022.2694     717576.9770     446445.2923          9.5449     152989.1739      -2085.2725          0.0000          0.0000     566673.0756        299.5493 1352000000.0000

INFO:       1720         17.2000    1163286.9136     717099.5006     446187.4129          9.5396     153020.9925      -2054.2086          0.0000          0.0000     566132.7167        299.3762 1352000000.0000

INFO:       1740         17.4000    1163007.8132     717231.3994     445776.4138          9.5481     153482.9370      -1840.6133          0.0000          0.0000     565589.0758        299.1005 1352000000.0000

INFO:       1760         17.6000    1162502.0129     716264.7164     446237.2964          9.5376     153020.5902      -1810.0985          0.0000          0.0000     565054.2247        299.4097 1352000000.0000

INFO:       1780         17.8000    1161836.5843     715688.7144     446147.8699          9.5346     152916.4639      -1752.1539          0.0000          0.0000     564524.4043        299.3497 1352000000.0000

INFO:       1800         18.0000    1161016.4675     715162.7802     445853.6873          9.5447     153034.6936      -1865.6084          0.0000          0.0000     563993.6950        299.1523 1352000000.0000

INFO:       1820         18.2000    1161066.4601     714758.8466     446307.6135          9.5409     153218.2484      -1911.2106          0.0000          0.0000     563451.8089        299.4569 1352000000.0000

INFO:       1840         18.4000    1160914.4206     713891.7405     447022.6801          9.5412     152816.4526      -1854.8715          0.0000          0.0000     562930.1593        299.9367 1352000000.0000

INFO:       1860         18.6000    1160332.4490     713770.8173     446561.6317          9.5517     153204.7730      -1855.3312          0.0000          0.0000     562421.3754        299.6273 1352000000.0000

INFO:       1880         18.8000    1158566.2976     713007.1746     445559.1230          9.5440     152898.6967      -1807.2496          0.0000          0.0000     561915.7275        298.9547 1352000000.0000

INFO:       1900         19.0000    1158238.0959     712838.6593     445399.4366          9.5410     153169.3843      -1744.4763          0.0000          0.0000     561413.7512        298.8475 1352000000.0000

INFO:       1920         19.2000    1158016.5908     712226.1695     445790.4213          9.5438     153110.3876      -1808.4187          0.0000          0.0000     560924.2005        299.1099 1352000000.0000

INFO:       1940         19.4000    1157041.8221     711663.9985     445377.8237          9.5477     153176.9467      -1931.2071          0.0000          0.0000     560418.2589        298.8330 1352000000.0000

INFO:       1960         19.6000    1156914.2617     711025.2715     445888.9901          9.5397     152966.3864      -1873.1402          0.0000          0.0000     559932.0253        299.1760 1352000000.0000

INFO:       1980         19.8000    1156585.9440     710768.5734     445817.3706          9.5395     153109.4109      -1790.3291          0.0000          0.0000     559449.4917        299.1279 1352000000.0000

INFO:       2000         20.0000    1156236.8511     710037.0887     446199.7624          9.5356     152852.8936      -1784.1278          0.0000          0.0000     558968.3229        299.3845 1352000000.0000

 
[STEP6] Deallocate Arrays
 
Output_Time> Averaged timer profile (Min, Max)
  total time      =     129.881
    setup         =       5.635
    dynamics      =     124.246
      energy      =      72.123
      integrator  =      39.636
      migration   =       0.000
      pairlist    =      11.399 (      10.466,      14.446)
  energy           
    bond          =       0.055 (       0.048,       0.069)
    angle         =       0.019 (       0.015,       0.030)
    dihedral      =       0.019 (       0.014,       0.028)
    base stacking =       0.000 (       0.000,       0.000)
    nonbond       =       9.911 (       9.214,      11.352)
      CG exv      =       1.203 (       1.108,       1.574)
      CG DNA bp   =       0.000 (       0.000,       0.000)
      CG DNA exv  =       0.000 (       0.000,       0.000)
      CG ele      =       5.316 (       4.899,       6.124)
      CG PWMcos   =       0.000 (       0.000,       0.000)
      CG PWMcosns =       0.000 (       0.000,       0.000)
      CG IDR-HPS  =       3.382 (       3.092,       3.800)
      CG IDR-KH   =       0.000 (       0.000,       0.000)
      CG KH       =       0.000 (       0.000,       0.000)
      Contact     =       0.008 (       0.005,       0.013)
      pme real    =       0.000 (       0.000,       0.000)
      pme recip   =       0.000 (       0.000,       0.000)
    solvation     =       0.000 (       0.000,       0.000)
      polar       =       0.000 (       0.000,       0.000)
      non-polar   =       0.000 (       0.000,       0.000)
    restraint     =       0.000 (       0.000,       0.000)
    qmmm          =       0.000 (       0.000,       0.000)
    morph         =       0.000 (       0.000,       0.000)
  integrator       
    constraint    =       0.000 (       0.000,       0.000)
    update        =       0.000 (       0.000,       0.000)
    comm_coord    =       0.000 (       0.000,       0.000)
    comm_force    =       0.000 (       0.000,       0.000)
  migration       =       0.000 (       0.000,       0.000)
    comm_migrate  =       0.000 (       0.000,       0.000)
    ptl_migrate   =       0.000 (       0.000,       0.000)
    bond_migrate  =       0.000 (       0.000,       0.000)
    angl_migrate  =       0.000 (       0.000,       0.000)
    dihe_migrate  =       0.000 (       0.000,       0.000)
    contact_migr  =       0.000 (       0.000,       0.000)
    stack_migrate =       0.000 (       0.000,       0.000)
    pwmcos_migrate =       0.000 (       0.000,       0.000)
    pwmcosns_migr  =       0.000 (       0.000,       0.000)
    nonb_update    =       0.000 (       0.000,       0.000)

