****************************************************
*                                                  *
*                  GENESIS ATDYN                   *
*                                                  *
*        A Molecular Dynamics Simulator with       *
*            Atomic Decomposition Scheme           *
*                                                  *
*               Developed by RIKEN                 *
*                                                  *
****************************************************
 
[STEP0] Architecture and Compiler Information
 
GENESIS_Information> GENESIS Information
  version      = 2.0.0
  commit ID    = $GENESIS_VERSION$
  precision    = double
  nonbonding   = CPU

Build_Information> Compiler Information
  build host   = jjwsmj@hokusai2
  fortran      = ifort (IFORT) 2021.7.1 20221019
  option       = 
  -axCORE-AVX512 -g -O3  -qmkl=parallel  -assume byterecl -qopenmp  
  C            = 
 icc: remark #10441: The Intel(R) C++ Compiler Classic (ICC) is deprecated and w
 ill be removed from product release in the second half of 2023. The Intel(R) on
 eAPI DPC++/C++ Compiler (ICX) is the recommended compiler moving forward. Pleas
 e transition to use this compiler. Use '-diag-disable=10441' to disable this me
 ssage.
  option       = -O3 -ip -axCORE-AVX2  -qopenmp 
  defined var. = 
  -DHAVE_MPI_GENESIS -DOMP -DIFORT19 -DFFTE -DLAPACK -DDSFMT_MEXP=19937 -DINTEL
  link option  = 
  -assume byterecl -lgfortran -qopenmp  -lmkl_intel_lp64 -lmkl_sequential -lmkl_
 core -lmkl_lapack95_lp64   
  MPI Compiler = Intel(R) MPI

Runtime_Information> Machine and Library Information
  date       = 2023/05/12 15:32:31
  cpu model    = Intel(R) Xeon(R) Gold 6148 CPU @ 2.40GHz
  exec. host   = jjwsmj@bwmpc0151
  LD library   = 
 /bwfefs/opt/x86_64/intel/oneapi/2022.3/mpi/2021.7.1/libfabric/lib:/bwfefs/opt/x
 86_64/intel/oneapi/2022.3/mpi/2021.7.1/lib/release:/bwfefs/opt/x86_64/intel/one
 api/2022.3/mpi/2021.7.1/lib:/bwfefs/opt/x86_64/intel/oneapi/2022.3/tbb/2021.7.1
 /lib/intel64/gcc4.8:/usr/lib64:/bwfefs/opt/x86_64/intel/oneapi/2022.3/vpl/2022.
 2.5/lib:/bwfefs/opt/x86_64/intel/oneapi/2022.3/mkl/latest/lib/intel64:/bwfefs/o
 pt/x86_64/intel/oneapi/2022.3/itac/2021.7.1/slib:/bwfefs/opt/x86_64/intel/oneap
 i/2022.3/ippcp/2021.6.2/lib/intel64:/bwfefs/opt/x86_64/intel/oneapi/2022.3/ipp/
 2021.6.2/lib/intel64:/bwfefs/opt/x86_64/intel/oneapi/2022.3/dnnl/2022.2.1/cpu_d
 pcpp_gpu_dpcpp/lib:/bwfefs/opt/x86_64/intel/oneapi/2022.3/dal/2021.7.1/lib/inte
 l64:/bwfefs/opt/x86_64/intel/oneapi/2022.3/compiler/2022.2.1/linux/compiler/lib
 :/bwfefs/opt/x86_64/intel/oneapi/2022.3/compiler/2022.2.1/linux/lib/oclfpga/hos
 t/linux64/lib:/bwfefs/opt/x86_64/intel/oneapi/2022.3/compiler/2022.2.1/linux/li
 b/oclfpga/linux64/lib:/bwfefs/opt/x86_64/intel/oneapi/2022.3/compiler/2022.2.1/
 linux/lib:/bwfefs/opt/x86_64/intel/oneapi/2022.3/compiler/2022.2.1/linux/lib/x6
 4:/bwfefs/opt/x86_64/intel/oneapi/2022.3/compiler/2022.2.1/linux/lib/emu:/bwfef
 s/opt/x86_64/intel/oneapi/2022.3/compiler/2022.2.1/linux/compiler/lib/intel64_l
 in:/bwfefs/opt/x86_64/intel/oneapi/2022.3/debugger/2021.7.1/dep/lib:/bwfefs/opt
 /x86_64/intel/oneapi/2022.3/debugger/2021.7.1/libipt/intel64/lib:/bwfefs/opt/x8
 6_64/intel/oneapi/2022.3/debugger/2021.7.1/gdb/intel64/lib:/bwfefs/opt/x86_64/
 MPI Runtime = Intel(R) MPI Library 2021.7 for Linux* OS


[STEP1] Read Control Parameters
 
Read_Ctrl_Input> Input Files
  grotopfile = pro.top
  grocrdfile = crd/pos_5000.gro
 
Read_Ctrl_Output> Output Files
 
Read_Ctrl_Energy> WARNING: "water_model" is not available
Read_Ctrl_Energy> Parameters of Energy Calculations
  forcefield      =    RESIDCG
  switchdist      =     10.000  cutoffdist      =     12.000
  pairlistdist    =     13.500  dielec_const    =      1.000
  debye           =     10.000
  vdw_force_switch=         no
  electrostatic   =  CUTOFF
  implicit_solvent=       none
  table           =         no
  water_model     =       NONE
  output_style    =    GENESIS
  dispersion_corr =       none
  nonb_limiter    =      no
  user def. table =     no
  efield_x        =           0.000
  efield_y        =           0.000
  efield_z        =           0.000
  efield_normal   =              no
  efield_virial   =              no
 
Read_Ctrl_Dynamics> Parameters of MD simulation
  integrator      =    VVER_CG  nsteps          =       2000
  timestep        =     0.0100  initial_time    =     0.0000
  eneout_period   =         20  rstout_period   =          0
  crdout_period   =          0  velout_period   =          0
  nbupdate_period =         20  stoptr_period   =         10
  qmsave_period   =          0
  iseed           =         -1
  annealing       =         no
  verbose         =         no
  target_md       =         no
  steered_md      =         no
  shrink_box      =         no
  esp_mm          =         no
 
Read_Ctrl_Constraints> Parameters for Constraints
  rigid_bond      =         no
  fixatm_select_index        =       none
 
Read_Ctrl_Ensemble> Parameters for Ensemble
  ensemble        =        NVT
  temperature     =    300.000
  tpcontrol       =   LANGEVIN
  gamma_t         =      1.000
 
Read_Ctrl_Boundary> Parameters of Boundary Condition
  type            =     PBC   
  box_size(x,y,z) =   3200.000   650.000   650.000
  pairlist_grid   =      3.000
 
Read_Ctrl_Selection> Parameters of Selection
  # of groups     =          0
  # of mole names =          0
 
Read_Ctrl_Restraints> No restraint in the system

Read_Ctrl_Fitting_MD> Parameters of Fitting
  fitting method  =  TR+ROT   
  fitting atom    = group1
  mass_weight     =         no
 
[STEP2] Setup MPI
 
Setup_Mpi_Md> Summary of Setup MPI
  number of MPI processes   =         64
  number of OpenMP threads  =          5
  total number of CPU cores =        320

[STEP3] Set Relevant Variables and Structures
 
Read_Grotop> Summary of Grotopfile
  num_moltypes    =          1
    pos100_cg             :
      num_atoms   =        100
      num_bonds   =         99
      num_angls   =          0
      num_dihes   =          0
      num_cmaps   =          0
      num_excls   =          0
      num_constrs =          0
      num_pairs   =          0
      num_vsites2 =          0
      num_vsites3 =          0
      num_vsites4 =          0
      num_vsitesn =          0
      num_posress =          0
      num_PWMcos  =          0
      num_PWMcosns=          0
      num_IDR_HPS =          1
      num_IDR_KH  =          0
    .. not used molecule types were hidden.

  num_molecules   =       5000
    pos100_cg             :  5000

  num_atomtypes   =         33  num_bondtypes   =          0
  num_angltypes   =          0  num_dihetypes   =          0
  num_flangltypes           20
  num_fldihetypes          400
  num_constrtypes =          0  num_cmaptypes   =          0
  num_nbonparms   =          0
  num_basestacktypes  =     16
  num_basepairtypes   =      4
  num_basecrosstypes  =     32
  num_cgdnaexvtypes   =      6
  num_cgelemolpairs   =      1
  num_cg_IDR_HPS_atomtypes  =     20
  num_cg_KH_atomtypes  =    20

  num_cg_pair_MJ_eps   =   400

Define_Molecule> Summary of molecules
  num_atoms       =     500000  num_bonds       =     495000
  num_angles      =          0  num_dihedrals   =          0
  num_impropers   =          0  num_cmap_terms  =          0
  num_residues    =     500000  num_molecules   =       5000
  num_segments    =          1  num_deg_freedom =    1500000
  total_charge    = 500000.000
 
Update_Num_Deg_Freedom> Number of degrees of freedom was updated
  num_deg_freedom =    1499997 (After removing translation)
 
Setup_Boundary> Setup Variables for Boundary Condition
  box_size(x,y,z) =   3200.000   650.000   650.000
  origin(x,y,z)   =      0.000     0.000     0.000
 
Random_Init> Initialize the random number
  seed            = 323635

Define_Enefunc_Gromacs> Number of Interactions in Each Term
  bond_ene        =     495000  angle_ene       =          0
  torsion_ene     =          0  rb_torsion_ene  =          0
  improper_ene    =          0
  nb_exclusions   =     495000  nb14_calc       =          0
  vsite2_ene      =          0  vsite3_ene      =          0
  vsite3fd_ene    =          0  vsite3fad_ene   =          0
  vsite3out_ene   =          0  vsite4fdn_ene   =          0
  vsiten_ene      =          0
 restraint_groups =          0 restraint_funcs  =          0
 
Get_Morph_in> Morphing check
  morphing_bb     =          0  morphing_sc     =          0
 
Setup_Fitting_Atdyn> NO fitting is applied, skip
  fitting method  =  NO
 
[STEP4] Compute Single Point Energy for Molecules
 
            STEP          ENERGY            BOND  NATIVE_CONTACT NON-NATIVE_CONT           ELECT         IDR_HPS          CG_EXV
 --------------- --------------- --------------- --------------- ---------------
               0     853902.2916     170690.3546          0.0000          0.0000     681472.3800       1739.5570          0.0000

[STEP5] Perform Molecular Dynamics Simulation
 
Generate_Velocity> Generate initial velocities
  iseed           =     323635
  temperature     =    300.000
 
Random_Init_Velocity> Initialize the random number
  seed            = 323635

INFO:       STEP            TIME       TOTAL_ENE   POTENTIAL_ENE     KINETIC_ENE            RMSG            BOND         IDR_HPS  NATIVE_CONTACT          CG_EXV           ELECT     TEMPERATURE          VOLUME
 --------------- --------------- --------------- --------------- ---------------
INFO:          0          0.0000    1301518.5087     853902.2916     447616.2171         10.1780     170690.3546       1739.5570          0.0000          0.0000     681472.3800        300.3349 1352000000.0000

Random_Init> Initialize the random number
  seed            = 6009335

INFO:         20          0.2000    1296747.6619     843272.0438     453475.6182          9.8957     161900.2211        656.6654          0.0000          0.0000     680715.1572        304.2664 1352000000.0000

INFO:         40          0.4000    1292604.4133     836965.6681     455638.7452          9.7786     159292.4683      -1192.2872          0.0000          0.0000     678865.4870        305.7177 1352000000.0000

INFO:         60          0.6000    1288269.0840     831656.6813     456612.4027          9.7247     157952.8410      -2652.2769          0.0000          0.0000     676356.1172        306.3710 1352000000.0000

INFO:         80          0.8000    1283553.7176     827155.3628     456398.3548          9.7063     157451.6724      -3770.9003          0.0000          0.0000     673474.5907        306.2274 1352000000.0000

INFO:        100          1.0000    1278766.5167     822249.7801     456516.7365          9.6690     156306.1096      -4479.1585          0.0000          0.0000     670422.8290        306.3068 1352000000.0000

INFO:        120          1.2000    1273669.9646     818204.3069     455465.6576          9.6506     155673.5592      -4803.9324          0.0000          0.0000     667334.6801        305.6016 1352000000.0000

INFO:        140          1.4000    1269570.0147     814634.9099     454935.1048          9.6318     155291.6058      -4906.9612          0.0000          0.0000     664250.2653        305.2456 1352000000.0000

INFO:        160          1.6000    1265479.4094     810698.2430     454781.1665          9.6036     154529.7584      -5026.6234          0.0000          0.0000     661195.1079        305.1423 1352000000.0000

INFO:        180          1.8000    1261646.0170     807351.4646     454294.5524          9.6006     154570.9370      -5405.7910          0.0000          0.0000     658186.3186        304.8158 1352000000.0000

INFO:        200          2.0000    1258429.8349     804173.4275     454256.4074          9.5972     154350.0986      -5475.4982          0.0000          0.0000     655298.8271        304.7902 1352000000.0000

INFO:        220          2.2000    1255706.4573     801576.2665     454130.1908          9.5990     154440.7936      -5389.5251          0.0000          0.0000     652524.9981        304.7056 1352000000.0000

INFO:        240          2.4000    1251985.9837     799014.5390     452971.4448          9.5970     154420.7363      -5259.7734          0.0000          0.0000     649853.5760        303.9281 1352000000.0000

INFO:        260          2.6000    1248671.4742     796499.4961     452171.9782          9.5891     154285.9649      -5051.9973          0.0000          0.0000     647265.5285        303.3917 1352000000.0000

INFO:        280          2.8000    1245806.9134     793670.5199     452136.3935          9.5773     153775.6378      -4885.9177          0.0000          0.0000     644780.7999        303.3678 1352000000.0000

INFO:        300          3.0000    1243236.4962     791339.6335     451896.8627          9.5675     153729.9672      -4770.1139          0.0000          0.0000     642379.7801        303.2071 1352000000.0000

INFO:        320          3.2000    1240630.6166     789474.8334     451155.7831          9.5835     154112.7076      -4703.6066          0.0000          0.0000     640065.7325        302.7098 1352000000.0000

INFO:        340          3.4000    1237789.1726     786750.6762     451038.4964          9.5591     153538.7354      -4643.2489          0.0000          0.0000     637855.1897        302.6311 1352000000.0000

INFO:        360          3.6000    1235520.4018     784224.6619     451295.7399          9.5569     153216.8633      -4694.5921          0.0000          0.0000     635702.3907        302.8037 1352000000.0000

INFO:        380          3.8000    1233735.1685     783191.9513     450543.2172          9.5686     154012.8555      -4468.5551          0.0000          0.0000     633647.6510        302.2988 1352000000.0000

INFO:        400          4.0000    1231331.7572     780985.3784     450346.3788          9.5595     153654.1975      -4333.5817          0.0000          0.0000     631664.7627        302.1667 1352000000.0000

INFO:        420          4.2000    1229076.6226     778938.3938     450138.2288          9.5461     153420.5674      -4237.6234          0.0000          0.0000     629755.4498        302.0271 1352000000.0000

INFO:        440          4.4000    1226928.8791     776918.6155     450010.2636          9.5436     153114.5889      -4073.7866          0.0000          0.0000     627877.8132        301.9412 1352000000.0000

INFO:        460          4.6000    1224455.7875     775331.9849     449123.8026          9.5501     153300.2294      -4025.5243          0.0000          0.0000     626057.2797        301.3464 1352000000.0000

INFO:        480          4.8000    1222989.5560     773466.6348     449522.9211          9.5574     153300.9585      -4139.0402          0.0000          0.0000     624304.7165        301.6142 1352000000.0000

INFO:        500          5.0000    1220897.9904     771635.6612     449262.3292          9.5437     153197.8058      -4164.5873          0.0000          0.0000     622602.4427        301.4394 1352000000.0000

INFO:        520          5.2000    1219233.0355     769949.3634     449283.6721          9.5445     153217.3491      -4231.5609          0.0000          0.0000     620963.5753        301.4537 1352000000.0000

INFO:        540          5.4000    1217858.8483     768583.0221     449275.8262          9.5520     153444.4835      -4220.0491          0.0000          0.0000     619358.5877        301.4484 1352000000.0000

INFO:        560          5.6000    1216921.6504     767223.6123     449698.0380          9.5481     153434.3737      -4013.9595          0.0000          0.0000     617803.1982        301.7317 1352000000.0000

INFO:        580          5.8000    1214382.6989     765507.2931     448875.4058          9.5392     152978.7931      -3778.3372          0.0000          0.0000     616306.8371        301.1798 1352000000.0000

INFO:        600          6.0000    1213082.6973     764594.4654     448488.2319          9.5516     153309.6535      -3566.6737          0.0000          0.0000     614851.4856        300.9200 1352000000.0000

INFO:        620          6.2000    1211578.2236     763576.8285     448001.3951          9.5582     153547.3406      -3388.5893          0.0000          0.0000     613418.0772        300.5933 1352000000.0000

INFO:        640          6.4000    1209546.2154     761588.3554     447957.8600          9.5423     152972.4117      -3402.9480          0.0000          0.0000     612018.8917        300.5641 1352000000.0000

INFO:        660          6.6000    1207949.9435     760252.5448     447697.3987          9.5489     153176.5306      -3565.9393          0.0000          0.0000     610641.9535        300.3894 1352000000.0000

INFO:        680          6.8000    1207082.4799     759258.6498     447823.8301          9.5563     153488.9674      -3520.7666          0.0000          0.0000     609290.4489        300.4742 1352000000.0000

INFO:        700          7.0000    1205492.6580     757911.8516     447580.8064          9.5543     153441.9916      -3501.8921          0.0000          0.0000     607971.7521        300.3111 1352000000.0000

INFO:        720          7.2000    1204406.1003     756667.0605     447739.0398          9.5496     153389.4382      -3433.9915          0.0000          0.0000     606711.6138        300.4173 1352000000.0000

INFO:        740          7.4000    1203578.6463     755893.5268     447685.1195          9.5552     153674.8541      -3267.0480          0.0000          0.0000     605485.7208        300.3811 1352000000.0000

INFO:        760          7.6000    1202221.2883     754694.4022     447526.8860          9.5650     153797.3349      -3399.8235          0.0000          0.0000     604296.8908        300.2750 1352000000.0000

INFO:        780          7.8000    1201520.8558     753241.9995     448278.8564          9.5602     153555.1134      -3449.9080          0.0000          0.0000     603136.7941        300.7795 1352000000.0000

INFO:        800          8.0000    1200238.7516     752468.4102     447770.3414          9.5602     153582.0839      -3146.0518          0.0000          0.0000     602032.3781        300.4383 1352000000.0000

INFO:        820          8.2000    1199209.2700     752077.7876     447131.4825          9.5719     154097.1431      -2948.4392          0.0000          0.0000     600929.0837        300.0097 1352000000.0000

INFO:        840          8.4000    1198630.1933     750113.6750     448516.5183          9.5583     153364.0500      -3098.7375          0.0000          0.0000     599848.3625        300.9390 1352000000.0000

INFO:        860          8.6000    1197449.4349     748719.3859     448730.0490          9.5386     153009.2803      -3091.5843          0.0000          0.0000     598801.6899        301.0822 1352000000.0000

INFO:        880          8.8000    1196636.7691     748006.8534     448629.9156          9.5489     153296.4205      -3070.3748          0.0000          0.0000     597780.8077        301.0151 1352000000.0000

INFO:        900          9.0000    1195728.1031     747513.6174     448214.4857          9.5562     153590.6985      -2871.0193          0.0000          0.0000     596793.9382        300.7363 1352000000.0000

INFO:        920          9.2000    1194549.5394     746374.6394     448174.9000          9.5586     153456.7271      -2900.1983          0.0000          0.0000     595818.1106        300.7098 1352000000.0000

INFO:        940          9.4000    1193202.3490     745438.1411     447764.2079          9.5564     153612.5320      -3010.0567          0.0000          0.0000     594835.6658        300.4342 1352000000.0000

INFO:        960          9.6000    1192664.3677     744720.2447     447944.1230          9.5602     153755.7074      -2915.0961          0.0000          0.0000     593879.6334        300.5549 1352000000.0000

INFO:        980          9.8000    1191728.1275     743969.2520     447758.8755          9.5638     153823.1226      -2801.0708          0.0000          0.0000     592947.2002        300.4306 1352000000.0000

INFO:       1000         10.0000    1191147.8024     742811.7013     448336.1011          9.5540     153432.1188      -2655.0307          0.0000          0.0000     592034.6132        300.8179 1352000000.0000

INFO:       1020         10.2000    1190187.0372     742276.7255     447910.3116          9.5615     153650.4108      -2532.2968          0.0000          0.0000     591158.6115        300.5322 1352000000.0000

INFO:       1040         10.4000    1190130.8108     741897.1821     448233.6287          9.5729     154045.2689      -2437.0351          0.0000          0.0000     590288.9483        300.7492 1352000000.0000

INFO:       1060         10.6000    1188598.4071     740467.3797     448131.0274          9.5629     153640.0273      -2598.9325          0.0000          0.0000     589426.2849        300.6803 1352000000.0000

INFO:       1080         10.8000    1187779.0049     739917.4412     447861.5637          9.5638     153934.5054      -2589.5612          0.0000          0.0000     588572.4971        300.4995 1352000000.0000

INFO:       1100         11.0000    1186344.4030     739172.5960     447171.8071          9.5640     153918.5932      -2481.4440          0.0000          0.0000     587735.4467        300.0367 1352000000.0000

INFO:       1120         11.2000    1185290.0094     738333.0641     446956.9453          9.5701     153895.4520      -2469.2207          0.0000          0.0000     586906.8328        299.8926 1352000000.0000

INFO:       1140         11.4000    1184063.9431     736853.5699     447210.3732          9.5495     153291.2720      -2519.6744          0.0000          0.0000     586081.9723        300.0626 1352000000.0000

INFO:       1160         11.6000    1183226.4687     736368.4089     446858.0598          9.5572     153562.5672      -2503.5893          0.0000          0.0000     585309.4310        299.8262 1352000000.0000

INFO:       1180         11.8000    1182175.2261     735615.7453     446559.4808          9.5483     153426.9147      -2332.2159          0.0000          0.0000     584521.0465        299.6259 1352000000.0000

INFO:       1200         12.0000    1181672.5590     735216.9637     446455.5954          9.5558     153683.6356      -2208.9664          0.0000          0.0000     583742.2945        299.5562 1352000000.0000

INFO:       1220         12.2000    1181191.1285     734199.8096     446991.3189          9.5488     153527.5338      -2265.5665          0.0000          0.0000     582937.8424        299.9156 1352000000.0000

INFO:       1240         12.4000    1179723.2943     732603.5191     447119.7752          9.5299     152860.1237      -2398.4265          0.0000          0.0000     582141.8219        300.0018 1352000000.0000

INFO:       1260         12.6000    1179250.5220     732423.5771     446826.9448          9.5448     153404.1769      -2337.7657          0.0000          0.0000     581357.1659        299.8053 1352000000.0000

INFO:       1280         12.8000    1177527.6343     731493.4683     446034.1660          9.5347     153252.0632      -2347.4159          0.0000          0.0000     580588.8210        299.2734 1352000000.0000

INFO:       1300         13.0000    1177313.6782     730720.1829     446593.4953          9.5462     153244.3124      -2369.5838          0.0000          0.0000     579845.4543        299.6487 1352000000.0000

INFO:       1320         13.2000    1176822.7014     729812.1777     447010.5237          9.5475     153159.3082      -2444.3836          0.0000          0.0000     579097.2532        299.9285 1352000000.0000

INFO:       1340         13.4000    1175322.4249     729476.2252     445846.1997          9.5565     153506.0604      -2410.9823          0.0000          0.0000     578381.1471        299.1473 1352000000.0000

INFO:       1360         13.6000    1174665.5537     728440.0342     446225.5195          9.5445     153031.3981      -2275.8627          0.0000          0.0000     577684.4988        299.4018 1352000000.0000

INFO:       1380         13.8000    1174372.7295     727891.9236     446480.8059          9.5388     153135.7787      -2244.3399          0.0000          0.0000     577000.4848        299.5731 1352000000.0000

INFO:       1400         14.0000    1174236.2954     727828.7505     446407.5449          9.5508     153526.3967      -2021.4203          0.0000          0.0000     576323.7741        299.5239 1352000000.0000

INFO:       1420         14.2000    1173382.8533     727290.0433     446092.8100          9.5556     153538.4983      -1913.3013          0.0000          0.0000     575664.8463        299.3127 1352000000.0000

INFO:       1440         14.4000    1173087.1270     726508.2019     446578.9251          9.5568     153518.9647      -2024.7564          0.0000          0.0000     575013.9937        299.6389 1352000000.0000

INFO:       1460         14.6000    1172573.1917     725199.8376     447373.3541          9.5255     152803.8670      -1976.2495          0.0000          0.0000     574372.2200        300.1720 1352000000.0000

INFO:       1480         14.8000    1171809.4004     725160.5977     446648.8027          9.5430     153439.4286      -2018.7564          0.0000          0.0000     573739.9255        299.6858 1352000000.0000

INFO:       1500         15.0000    1171393.6119     724579.7905     446813.8213          9.5543     153541.3011      -2061.2524          0.0000          0.0000     573099.7418        299.7965 1352000000.0000

INFO:       1520         15.2000    1170816.6356     723971.0251     446845.6105          9.5593     153602.2704      -2099.1419          0.0000          0.0000     572467.8966        299.8179 1352000000.0000

INFO:       1540         15.4000    1169878.7516     723363.3298     446515.4217          9.5583     153673.8790      -2134.5481          0.0000          0.0000     571823.9989        299.5963 1352000000.0000

INFO:       1560         15.6000    1168818.3862     722445.8775     446372.5086          9.5511     153450.8976      -2203.9246          0.0000          0.0000     571198.9046        299.5004 1352000000.0000

INFO:       1580         15.8000    1168793.5195     721799.5534     446993.9661          9.5503     153387.6067      -2160.8525          0.0000          0.0000     570572.7992        299.9174 1352000000.0000

INFO:       1600         16.0000    1168355.4169     721621.3516     446734.0654          9.5570     153732.0434      -2076.0649          0.0000          0.0000     569965.3732        299.7430 1352000000.0000

INFO:       1620         16.2000    1168159.5761     720687.1104     447472.4657          9.5460     153371.9083      -2050.0839          0.0000          0.0000     569365.2860        300.2385 1352000000.0000

INFO:       1640         16.4000    1167641.0287     720352.8227     447288.2061          9.5517     153447.7955      -1896.6678          0.0000          0.0000     568801.6949        300.1148 1352000000.0000

INFO:       1660         16.6000    1166598.8021     719358.9039     447239.8982          9.5366     153001.0331      -1889.3469          0.0000          0.0000     568247.2178        300.0824 1352000000.0000

INFO:       1680         16.8000    1164797.5752     719013.1854     445784.3898          9.5368     153145.5960      -1832.9508          0.0000          0.0000     567700.5402        299.1058 1352000000.0000

INFO:       1700         17.0000    1164129.5139     718159.8315     445969.6824          9.5212     152761.2505      -1759.5410          0.0000          0.0000     567158.1219        299.2301 1352000000.0000

INFO:       1720         17.2000    1163402.9477     717813.5646     445589.3831          9.5342     153052.0004      -1826.5978          0.0000          0.0000     566588.1620        298.9750 1352000000.0000

INFO:       1740         17.4000    1163161.1090     717429.2943     445731.8147          9.5478     153295.5236      -1892.3274          0.0000          0.0000     566026.0981        299.0705 1352000000.0000

INFO:       1760         17.6000    1162629.5060     717024.7603     445604.7457          9.5534     153416.0670      -1870.4716          0.0000          0.0000     565479.1649        298.9853 1352000000.0000

INFO:       1780         17.8000    1162150.9146     716477.4532     445673.4613          9.5422     153397.3980      -1851.9914          0.0000          0.0000     564932.0466        299.0314 1352000000.0000

INFO:       1800         18.0000    1162168.3754     715369.2516     446799.1238          9.5300     152841.6883      -1853.8363          0.0000          0.0000     564381.3996        299.7867 1352000000.0000

INFO:       1820         18.2000    1160466.3659     715047.2011     445419.1648          9.5425     153128.4471      -1916.7607          0.0000          0.0000     563835.5147        298.8608 1352000000.0000

INFO:       1840         18.4000    1159835.4617     714407.2963     445428.1654          9.5377     152959.9051      -1865.2341          0.0000          0.0000     563312.6253        298.8668 1352000000.0000

INFO:       1860         18.6000    1159633.4977     714071.4926     445562.0051          9.5429     153147.0545      -1857.6110          0.0000          0.0000     562782.0491        298.9566 1352000000.0000

INFO:       1880         18.8000    1159793.5159     713915.1341     445878.3818          9.5514     153545.1085      -1884.6315          0.0000          0.0000     562254.6571        299.1689 1352000000.0000

INFO:       1900         19.0000    1158697.3105     713185.9974     445511.3131          9.5443     153186.6012      -1767.0243          0.0000          0.0000     561766.4205        298.9226 1352000000.0000

INFO:       1920         19.2000    1157995.9009     712540.4644     445455.4365          9.5362     153131.4819      -1855.6393          0.0000          0.0000     561264.6218        298.8851 1352000000.0000

INFO:       1940         19.4000    1157649.0534     712303.8325     445345.2209          9.5527     153604.2649      -2068.0149          0.0000          0.0000     560767.5825        298.8111 1352000000.0000

INFO:       1960         19.6000    1157121.5895     711709.2210     445412.3685          9.5470     153328.0842      -1930.5984          0.0000          0.0000     560311.7351        298.8562 1352000000.0000

INFO:       1980         19.8000    1156514.7791     710928.6377     445586.1414          9.5362     152987.3962      -1908.0483          0.0000          0.0000     559849.2897        298.9728 1352000000.0000

INFO:       2000         20.0000    1156181.4609     710270.5958     445910.8651          9.5333     152700.8298      -1813.6172          0.0000          0.0000     559383.3832        299.1907 1352000000.0000

 
[STEP6] Deallocate Arrays
 
Output_Time> Averaged timer profile (Min, Max)
  total time      =     164.320
    setup         =       4.147
    dynamics      =     160.173
      energy      =     105.989
      integrator  =      37.474
      migration   =       0.000
      pairlist    =      14.890 (      14.382,      17.476)
  energy           
    bond          =       0.255 (       0.233,       0.276)
    angle         =       0.016 (       0.014,       0.018)
    dihedral      =       0.015 (       0.013,       0.018)
    base stacking =       0.000 (       0.000,       0.000)
    nonbond       =      45.224 (      43.850,      46.903)
      CG exv      =       1.309 (       1.049,       1.841)
      CG DNA bp   =       0.000 (       0.000,       0.000)
      CG DNA exv  =       0.000 (       0.000,       0.000)
      CG ele      =      29.016 (      28.249,      29.947)
      CG PWMcos   =       0.000 (       0.000,       0.000)
      CG PWMcosns =       0.000 (       0.000,       0.000)
      CG IDR-HPS  =      14.890 (      14.418,      15.324)
      CG IDR-KH   =       0.000 (       0.000,       0.000)
      CG KH       =       0.000 (       0.000,       0.000)
      Contact     =       0.007 (       0.006,       0.008)
      pme real    =       0.000 (       0.000,       0.000)
      pme recip   =       0.000 (       0.000,       0.000)
    solvation     =       0.000 (       0.000,       0.000)
      polar       =       0.000 (       0.000,       0.000)
      non-polar   =       0.000 (       0.000,       0.000)
    restraint     =       0.000 (       0.000,       0.000)
    qmmm          =       0.000 (       0.000,       0.000)
    morph         =       0.000 (       0.000,       0.000)
  integrator       
    constraint    =       0.000 (       0.000,       0.000)
    update        =       0.000 (       0.000,       0.000)
    comm_coord    =       0.000 (       0.000,       0.000)
    comm_force    =       0.000 (       0.000,       0.000)
  migration       =       0.000 (       0.000,       0.000)
    comm_migrate  =       0.000 (       0.000,       0.000)
    ptl_migrate   =       0.000 (       0.000,       0.000)
    bond_migrate  =       0.000 (       0.000,       0.000)
    angl_migrate  =       0.000 (       0.000,       0.000)
    dihe_migrate  =       0.000 (       0.000,       0.000)
    contact_migr  =       0.000 (       0.000,       0.000)
    stack_migrate =       0.000 (       0.000,       0.000)
    pwmcos_migrate =       0.000 (       0.000,       0.000)
    pwmcosns_migr  =       0.000 (       0.000,       0.000)
    nonb_update    =       0.000 (       0.000,       0.000)

