****************************************************
*                                                  *
*                  GENESIS ATDYN                   *
*                                                  *
*        A Molecular Dynamics Simulator with       *
*            Atomic Decomposition Scheme           *
*                                                  *
*               Developed by RIKEN                 *
*                                                  *
****************************************************
 
[STEP0] Architecture and Compiler Information
 
GENESIS_Information> GENESIS Information
  version      = 2.0.0
  commit ID    = $GENESIS_VERSION$
  precision    = double
  nonbonding   = CPU

Build_Information> Compiler Information
  build host   = jjwsmj@hokusai2
  fortran      = ifort (IFORT) 2021.7.1 20221019
  option       = 
  -axCORE-AVX512 -g -O3  -qmkl=parallel  -assume byterecl -qopenmp  
  C            = 
 icc: remark #10441: The Intel(R) C++ Compiler Classic (ICC) is deprecated and w
 ill be removed from product release in the second half of 2023. The Intel(R) on
 eAPI DPC++/C++ Compiler (ICX) is the recommended compiler moving forward. Pleas
 e transition to use this compiler. Use '-diag-disable=10441' to disable this me
 ssage.
  option       = -O3 -ip -axCORE-AVX2  -qopenmp 
  defined var. = 
  -DHAVE_MPI_GENESIS -DOMP -DIFORT19 -DFFTE -DLAPACK -DDSFMT_MEXP=19937 -DINTEL
  link option  = 
  -assume byterecl -lgfortran -qopenmp  -lmkl_intel_lp64 -lmkl_sequential -lmkl_
 core -lmkl_lapack95_lp64   
  MPI Compiler = Intel(R) MPI

Runtime_Information> Machine and Library Information
  date       = 2023/05/12 15:32:31
  cpu model    = Intel(R) Xeon(R) Gold 6148 CPU @ 2.40GHz
  exec. host   = jjwsmj@bwmpc0058
  LD library   = 
 /bwfefs/opt/x86_64/intel/oneapi/2022.3/mpi/2021.7.1/libfabric/lib:/bwfefs/opt/x
 86_64/intel/oneapi/2022.3/mpi/2021.7.1/lib/release:/bwfefs/opt/x86_64/intel/one
 api/2022.3/mpi/2021.7.1/lib:/bwfefs/opt/x86_64/intel/oneapi/2022.3/tbb/2021.7.1
 /lib/intel64/gcc4.8:/usr/lib64:/bwfefs/opt/x86_64/intel/oneapi/2022.3/vpl/2022.
 2.5/lib:/bwfefs/opt/x86_64/intel/oneapi/2022.3/mkl/latest/lib/intel64:/bwfefs/o
 pt/x86_64/intel/oneapi/2022.3/itac/2021.7.1/slib:/bwfefs/opt/x86_64/intel/oneap
 i/2022.3/ippcp/2021.6.2/lib/intel64:/bwfefs/opt/x86_64/intel/oneapi/2022.3/ipp/
 2021.6.2/lib/intel64:/bwfefs/opt/x86_64/intel/oneapi/2022.3/dnnl/2022.2.1/cpu_d
 pcpp_gpu_dpcpp/lib:/bwfefs/opt/x86_64/intel/oneapi/2022.3/dal/2021.7.1/lib/inte
 l64:/bwfefs/opt/x86_64/intel/oneapi/2022.3/compiler/2022.2.1/linux/compiler/lib
 :/bwfefs/opt/x86_64/intel/oneapi/2022.3/compiler/2022.2.1/linux/lib/oclfpga/hos
 t/linux64/lib:/bwfefs/opt/x86_64/intel/oneapi/2022.3/compiler/2022.2.1/linux/li
 b/oclfpga/linux64/lib:/bwfefs/opt/x86_64/intel/oneapi/2022.3/compiler/2022.2.1/
 linux/lib:/bwfefs/opt/x86_64/intel/oneapi/2022.3/compiler/2022.2.1/linux/lib/x6
 4:/bwfefs/opt/x86_64/intel/oneapi/2022.3/compiler/2022.2.1/linux/lib/emu:/bwfef
 s/opt/x86_64/intel/oneapi/2022.3/compiler/2022.2.1/linux/compiler/lib/intel64_l
 in:/bwfefs/opt/x86_64/intel/oneapi/2022.3/debugger/2021.7.1/dep/lib:/bwfefs/opt
 /x86_64/intel/oneapi/2022.3/debugger/2021.7.1/libipt/intel64/lib:/bwfefs/opt/x8
 6_64/intel/oneapi/2022.3/debugger/2021.7.1/gdb/intel64/lib:/bwfefs/opt/x86_64/
 MPI Runtime = Intel(R) MPI Library 2021.7 for Linux* OS


[STEP1] Read Control Parameters
 
Read_Ctrl_Input> Input Files
  grotopfile = pro.top
  grocrdfile = crd/pos_5000.gro
 
Read_Ctrl_Output> Output Files
 
Read_Ctrl_Energy> WARNING: "water_model" is not available
Read_Ctrl_Energy> Parameters of Energy Calculations
  forcefield      =    RESIDCG
  switchdist      =     10.000  cutoffdist      =     12.000
  pairlistdist    =     13.500  dielec_const    =      1.000
  debye           =     10.000
  vdw_force_switch=         no
  electrostatic   =  CUTOFF
  implicit_solvent=       none
  table           =         no
  water_model     =       NONE
  output_style    =    GENESIS
  dispersion_corr =       none
  nonb_limiter    =      no
  user def. table =     no
  efield_x        =           0.000
  efield_y        =           0.000
  efield_z        =           0.000
  efield_normal   =              no
  efield_virial   =              no
 
Read_Ctrl_Dynamics> Parameters of MD simulation
  integrator      =    VVER_CG  nsteps          =       2000
  timestep        =     0.0100  initial_time    =     0.0000
  eneout_period   =         20  rstout_period   =          0
  crdout_period   =          0  velout_period   =          0
  nbupdate_period =         20  stoptr_period   =         10
  qmsave_period   =          0
  iseed           =         -1
  annealing       =         no
  verbose         =         no
  target_md       =         no
  steered_md      =         no
  shrink_box      =         no
  esp_mm          =         no
 
Read_Ctrl_Constraints> Parameters for Constraints
  rigid_bond      =         no
  fixatm_select_index        =       none
 
Read_Ctrl_Ensemble> Parameters for Ensemble
  ensemble        =        NVT
  temperature     =    300.000
  tpcontrol       =   LANGEVIN
  gamma_t         =      1.000
 
Read_Ctrl_Boundary> Parameters of Boundary Condition
  type            =     PBC   
  box_size(x,y,z) =   3200.000   650.000   650.000
  pairlist_grid   =      3.000
 
Read_Ctrl_Selection> Parameters of Selection
  # of groups     =          0
  # of mole names =          0
 
Read_Ctrl_Restraints> No restraint in the system

Read_Ctrl_Fitting_MD> Parameters of Fitting
  fitting method  =  TR+ROT   
  fitting atom    = group1
  mass_weight     =         no
 
[STEP2] Setup MPI
 
Setup_Mpi_Md> Summary of Setup MPI
  number of MPI processes   =         64
  number of OpenMP threads  =          5
  total number of CPU cores =        320

[STEP3] Set Relevant Variables and Structures
 
Read_Grotop> Summary of Grotopfile
  num_moltypes    =          1
    pos100_cg             :
      num_atoms   =        100
      num_bonds   =         99
      num_angls   =          0
      num_dihes   =          0
      num_cmaps   =          0
      num_excls   =          0
      num_constrs =          0
      num_pairs   =          0
      num_vsites2 =          0
      num_vsites3 =          0
      num_vsites4 =          0
      num_vsitesn =          0
      num_posress =          0
      num_PWMcos  =          0
      num_PWMcosns=          0
      num_IDR_HPS =          1
      num_IDR_KH  =          0
    .. not used molecule types were hidden.

  num_molecules   =       5000
    pos100_cg             :  5000

  num_atomtypes   =         33  num_bondtypes   =          0
  num_angltypes   =          0  num_dihetypes   =          0
  num_flangltypes           20
  num_fldihetypes          400
  num_constrtypes =          0  num_cmaptypes   =          0
  num_nbonparms   =          0
  num_basestacktypes  =     16
  num_basepairtypes   =      4
  num_basecrosstypes  =     32
  num_cgdnaexvtypes   =      6
  num_cgelemolpairs   =      1
  num_cg_IDR_HPS_atomtypes  =     20
  num_cg_KH_atomtypes  =    20

  num_cg_pair_MJ_eps   =   400

Define_Molecule> Summary of molecules
  num_atoms       =     500000  num_bonds       =     495000
  num_angles      =          0  num_dihedrals   =          0
  num_impropers   =          0  num_cmap_terms  =          0
  num_residues    =     500000  num_molecules   =       5000
  num_segments    =          1  num_deg_freedom =    1500000
  total_charge    = 500000.000
 
Update_Num_Deg_Freedom> Number of degrees of freedom was updated
  num_deg_freedom =    1499997 (After removing translation)
 
Setup_Boundary> Setup Variables for Boundary Condition
  box_size(x,y,z) =   3200.000   650.000   650.000
  origin(x,y,z)   =      0.000     0.000     0.000
 
Random_Init> Initialize the random number
  seed            = 417635

Define_Enefunc_Gromacs> Number of Interactions in Each Term
  bond_ene        =     495000  angle_ene       =          0
  torsion_ene     =          0  rb_torsion_ene  =          0
  improper_ene    =          0
  nb_exclusions   =     495000  nb14_calc       =          0
  vsite2_ene      =          0  vsite3_ene      =          0
  vsite3fd_ene    =          0  vsite3fad_ene   =          0
  vsite3out_ene   =          0  vsite4fdn_ene   =          0
  vsiten_ene      =          0
 restraint_groups =          0 restraint_funcs  =          0
 
Get_Morph_in> Morphing check
  morphing_bb     =          0  morphing_sc     =          0
 
Setup_Fitting_Atdyn> NO fitting is applied, skip
  fitting method  =  NO
 
[STEP4] Compute Single Point Energy for Molecules
 
            STEP          ENERGY            BOND  NATIVE_CONTACT NON-NATIVE_CONT           ELECT         IDR_HPS          CG_EXV
 --------------- --------------- --------------- --------------- ---------------
               0     853902.2916     170690.3546          0.0000          0.0000     681472.3800       1739.5570          0.0000

[STEP5] Perform Molecular Dynamics Simulation
 
Generate_Velocity> Generate initial velocities
  iseed           =     417635
  temperature     =    300.000
 
Random_Init_Velocity> Initialize the random number
  seed            = 417635

INFO:       STEP            TIME       TOTAL_ENE   POTENTIAL_ENE     KINETIC_ENE            RMSG            BOND         IDR_HPS  NATIVE_CONTACT          CG_EXV           ELECT     TEMPERATURE          VOLUME
 --------------- --------------- --------------- --------------- ---------------
INFO:          0          0.0000    1301104.1737     853902.2916     447201.8821         10.1780     170690.3546       1739.5570          0.0000          0.0000     681472.3800        300.0569 1352000000.0000

Random_Init> Initialize the random number
  seed            = 1068640271

INFO:         20          0.2000    1295308.4938     843453.0949     451855.3989          9.9028     162048.7519        707.1320          0.0000          0.0000     680697.2111        303.1792 1352000000.0000

INFO:         40          0.4000    1290954.3110     837475.7125     453478.5985          9.7983     159797.2287      -1172.8685          0.0000          0.0000     678851.3523        304.2684 1352000000.0000

INFO:         60          0.6000    1286994.5458     831565.5489     455428.9970          9.7281     157999.1318      -2757.3068          0.0000          0.0000     676323.7239        305.5770 1352000000.0000

INFO:         80          0.8000    1283022.0149     826947.8642     456074.1507          9.6996     157322.1167      -3780.3982          0.0000          0.0000     673406.1458        306.0099 1352000000.0000

INFO:        100          1.0000    1278775.4276     822125.3656     456650.0620          9.6628     156203.4898      -4434.8164          0.0000          0.0000     670356.6923        306.3963 1352000000.0000

INFO:        120          1.2000    1274148.4272     818450.3559     455698.0713          9.6538     155976.4260      -4772.0711          0.0000          0.0000     667246.0010        305.7575 1352000000.0000

INFO:        140          1.4000    1270082.2251     814779.5153     455302.7098          9.6420     155591.5952      -4968.1031          0.0000          0.0000     664156.0233        305.4923 1352000000.0000

INFO:        160          1.6000    1265717.9894     811192.7363     454525.2531          9.6311     155367.2683      -5264.9091          0.0000          0.0000     661090.3771        304.9706 1352000000.0000

INFO:        180          1.8000    1261501.8997     807376.5277     454125.3720          9.6036     154588.6303      -5341.1408          0.0000          0.0000     658129.0381        304.7023 1352000000.0000

INFO:        200          2.0000    1258586.1936     804305.3174     454280.8762          9.5900     154352.6755      -5296.7076          0.0000          0.0000     655249.3495        304.8067 1352000000.0000

INFO:        220          2.2000    1254413.1797     801316.2921     453096.8876          9.5779     154000.6986      -5152.8372          0.0000          0.0000     652468.4306        304.0122 1352000000.0000

INFO:        240          2.4000    1252021.0701     798976.9148     453044.1553          9.5886     154320.6529      -5106.2841          0.0000          0.0000     649762.5460        303.9769 1352000000.0000

INFO:        260          2.6000    1249013.6206     795793.4633     453220.1574          9.5706     153920.0492      -5260.0187          0.0000          0.0000     647133.4327        304.0950 1352000000.0000

INFO:        280          2.8000    1246248.6532     792914.0367     453334.6165          9.5545     153510.7181      -5206.3743          0.0000          0.0000     644609.6929        304.1718 1352000000.0000

INFO:        300          3.0000    1242974.7905     790629.0452     452345.7453          9.5487     153349.4152      -4892.8066          0.0000          0.0000     642172.4367        303.5083 1352000000.0000

INFO:        320          3.2000    1240307.1594     788515.3766     451791.7827          9.5524     153437.0804      -4789.1371          0.0000          0.0000     639867.4334        303.1366 1352000000.0000

INFO:        340          3.4000    1237940.4304     787058.0017     450882.4287          9.5732     154063.5255      -4645.9869          0.0000          0.0000     637640.4631        302.5264 1352000000.0000

INFO:        360          3.6000    1235570.0919     785336.8793     450233.2126          9.5878     154243.4633      -4418.0853          0.0000          0.0000     635511.5013        302.0908 1352000000.0000

INFO:        380          3.8000    1233094.7921     782983.2318     450111.5603          9.5714     153991.7641      -4430.6726          0.0000          0.0000     633422.1403        302.0092 1352000000.0000

INFO:        400          4.0000    1231158.9768     780567.7307     450591.2461          9.5612     153611.1939      -4448.6720          0.0000          0.0000     631405.2088        302.3310 1352000000.0000

INFO:        420          4.2000    1229343.3538     778533.5924     450809.7614          9.5552     153481.1606      -4405.1085          0.0000          0.0000     629457.5404        302.4777 1352000000.0000

INFO:        440          4.4000    1226728.7723     776235.3845     450493.3878          9.5347     152886.1664      -4237.6573          0.0000          0.0000     627586.8754        302.2654 1352000000.0000

INFO:        460          4.6000    1224959.1786     774827.3022     450131.8764          9.5484     153383.0727      -4310.5992          0.0000          0.0000     625754.8287        302.0228 1352000000.0000

INFO:        480          4.8000    1222898.2141     772680.5687     450217.6453          9.5427     152878.2396      -4214.0282          0.0000          0.0000     624016.3574        302.0804 1352000000.0000

INFO:        500          5.0000    1220753.0831     771060.9311     449692.1520          9.5352     152832.9801      -4100.2220          0.0000          0.0000     622328.1731        301.7278 1352000000.0000

INFO:        520          5.2000    1219831.7994     769592.8608     450238.9387          9.5401     152954.9129      -4034.0695          0.0000          0.0000     620672.0173        302.0947 1352000000.0000

INFO:        540          5.4000    1217747.2089     768056.5124     449690.6965          9.5381     152906.6892      -3916.3721          0.0000          0.0000     619066.1953        301.7268 1352000000.0000

INFO:        560          5.6000    1216507.2396     766702.0544     449805.1852          9.5418     152960.4350      -3764.0487          0.0000          0.0000     617505.6681        301.8036 1352000000.0000

INFO:        580          5.8000    1214829.6323     765369.8443     449459.7880          9.5483     153105.5182      -3718.1340          0.0000          0.0000     615982.4601        301.5719 1352000000.0000

INFO:        600          6.0000    1212917.1841     763790.0488     449127.1353          9.5419     153051.1052      -3779.8554          0.0000          0.0000     614518.7990        301.3487 1352000000.0000

INFO:        620          6.2000    1211763.5240     763068.6143     448694.9097          9.5615     153701.7398      -3754.2296          0.0000          0.0000     613121.1041        301.0587 1352000000.0000

INFO:        640          6.4000    1209805.3036     761674.2620     448131.0415          9.5577     153447.3330      -3551.3565          0.0000          0.0000     611778.2856        300.6803 1352000000.0000

INFO:        660          6.6000    1208726.9482     760269.3194     448457.6289          9.5459     153299.1283      -3483.7904          0.0000          0.0000     610453.9815        300.8995 1352000000.0000

INFO:        680          6.8000    1208312.5868     759912.3694     448400.2174          9.5780     154154.9037      -3395.1565          0.0000          0.0000     609152.6222        300.8609 1352000000.0000

INFO:        700          7.0000    1206799.2864     757899.0726     448900.2138          9.5569     153400.4010      -3366.6657          0.0000          0.0000     607865.3373        301.1964 1352000000.0000

INFO:        720          7.2000    1205142.1936     756485.6314     448656.5622          9.5555     153365.7711      -3457.2970          0.0000          0.0000     606577.1574        301.0329 1352000000.0000

INFO:        740          7.4000    1203707.2531     755309.0474     448398.2057          9.5545     153375.4566      -3384.3709          0.0000          0.0000     605317.9616        300.8596 1352000000.0000

INFO:        760          7.6000    1202379.2076     754040.9942     448338.2133          9.5546     153374.5671      -3419.2279          0.0000          0.0000     604085.6550        300.8193 1352000000.0000

INFO:        780          7.8000    1201459.2237     753006.8598     448452.3639          9.5521     153555.0284      -3435.9144          0.0000          0.0000     602887.7458        300.8959 1352000000.0000

INFO:        800          8.0000    1200179.5575     752010.8143     448168.7432          9.5511     153599.3396      -3344.2798          0.0000          0.0000     601755.7545        300.7056 1352000000.0000

INFO:        820          8.2000    1198966.8683     751167.0154     447799.8529          9.5496     153561.7425      -3044.5138          0.0000          0.0000     600649.7867        300.4581 1352000000.0000

INFO:        840          8.4000    1197659.3890     750133.5604     447525.8286          9.5637     153648.5067      -3071.5830          0.0000          0.0000     599556.6367        300.2743 1352000000.0000

INFO:        860          8.6000    1196491.2971     748758.5624     447732.7348          9.5481     153485.0963      -3220.5716          0.0000          0.0000     598494.0377        300.4131 1352000000.0000

INFO:        880          8.8000    1195504.1953     747532.7524     447971.4429          9.5492     153033.1548      -2976.0883          0.0000          0.0000     597475.6859        300.5732 1352000000.0000

INFO:        900          9.0000    1194816.6260     747077.4579     447739.1681          9.5565     153548.1576      -2929.2793          0.0000          0.0000     596458.5796        300.4174 1352000000.0000

INFO:        920          9.2000    1193981.9291     746212.9444     447768.9847          9.5684     153645.2818      -2922.9878          0.0000          0.0000     595490.6504        300.4374 1352000000.0000

INFO:        940          9.4000    1193091.1545     745259.5421     447831.6123          9.5649     153587.8369      -2870.7668          0.0000          0.0000     594542.4720        300.4794 1352000000.0000

INFO:        960          9.6000    1192136.9029     743934.6727     448202.2302          9.5464     153068.0333      -2720.0763          0.0000          0.0000     593586.7157        300.7281 1352000000.0000

INFO:        980          9.8000    1190723.3519     742772.0333     447951.3185          9.5396     152946.5592      -2814.2212          0.0000          0.0000     592639.6953        300.5597 1352000000.0000

INFO:       1000         10.0000    1189312.1820     741966.3101     447345.8719          9.5382     153008.5544      -2741.8635          0.0000          0.0000     591699.6191        300.1535 1352000000.0000

INFO:       1020         10.2000    1187968.4795     741217.0472     446751.4322          9.5527     153199.8441      -2764.0805          0.0000          0.0000     590781.2835        299.7547 1352000000.0000

INFO:       1040         10.4000    1187410.2265     740300.3940     447109.8325          9.5595     153242.0668      -2825.8245          0.0000          0.0000     589884.1516        299.9951 1352000000.0000

INFO:       1060         10.6000    1187243.7854     739838.0358     447405.7496          9.5619     153483.8762      -2675.8201          0.0000          0.0000     589029.9797        300.1937 1352000000.0000

INFO:       1080         10.8000    1186251.1303     739496.5460     446754.5843          9.5674     153775.1564      -2449.7191          0.0000          0.0000     588171.1087        299.7568 1352000000.0000

INFO:       1100         11.0000    1184741.0441     737978.0194     446763.0246          9.5549     153162.8066      -2492.0792          0.0000          0.0000     587307.2920        299.7624 1352000000.0000

INFO:       1120         11.2000    1184144.3161     737451.2254     446693.0907          9.5599     153534.3933      -2520.7952          0.0000          0.0000     586437.6272        299.7155 1352000000.0000

INFO:       1140         11.4000    1182838.6861     736661.6924     446176.9937          9.5657     153568.1557      -2521.9478          0.0000          0.0000     585615.4845        299.3692 1352000000.0000

INFO:       1160         11.6000    1182579.1874     735682.2318     446896.9556          9.5517     153447.6845      -2573.3425          0.0000          0.0000     584807.8898        299.8523 1352000000.0000

INFO:       1180         11.8000    1181491.2531     734474.0401     447017.2130          9.5474     153169.2494      -2691.4176          0.0000          0.0000     583996.2084        299.9330 1352000000.0000

INFO:       1200         12.0000    1180986.2908     733921.7611     447064.5297          9.5473     153289.6026      -2574.2472          0.0000          0.0000     583206.4056        299.9647 1352000000.0000

INFO:       1220         12.2000    1179873.1478     733106.7764     446766.3714          9.5435     153174.5043      -2482.3579          0.0000          0.0000     582414.6300        299.7647 1352000000.0000

INFO:       1240         12.4000    1179512.4665     732643.9004     446868.5661          9.5580     153467.0262      -2483.7301          0.0000          0.0000     581660.6043        299.8333 1352000000.0000

INFO:       1260         12.6000    1179082.4792     731693.7007     447388.7785          9.5504     153222.0162      -2453.7969          0.0000          0.0000     580925.4814        300.1823 1352000000.0000

INFO:       1280         12.8000    1177782.7983     731295.9624     446486.8359          9.5561     153415.1084      -2327.4370          0.0000          0.0000     580208.2910        299.5771 1352000000.0000

INFO:       1300         13.0000    1177058.6177     730056.3190     447002.2987          9.5468     152962.1267      -2423.7987          0.0000          0.0000     579517.9910        299.9230 1352000000.0000

INFO:       1320         13.2000    1177331.3541     729893.7200     447437.6341          9.5577     153441.7234      -2365.2485          0.0000          0.0000     578817.2451        300.2151 1352000000.0000

INFO:       1340         13.4000    1175443.2726     729281.4126     446161.8600          9.5588     153320.4044      -2174.2565          0.0000          0.0000     578135.2648        299.3591 1352000000.0000

INFO:       1360         13.6000    1175265.7396     728680.7324     446585.0071          9.5536     153435.8303      -2188.2333          0.0000          0.0000     577433.1354        299.6430 1352000000.0000

INFO:       1380         13.8000    1174938.7341     727804.5177     447134.2164          9.5463     153275.5899      -2218.9243          0.0000          0.0000     576747.8521        300.0115 1352000000.0000

INFO:       1400         14.0000    1174103.8107     727375.2858     446728.5249          9.5547     153549.5006      -2242.0606          0.0000          0.0000     576067.8458        299.7393 1352000000.0000

INFO:       1420         14.2000    1173809.3283     726792.9545     447016.3738          9.5642     153753.8998      -2350.2769          0.0000          0.0000     575389.3316        299.9324 1352000000.0000

INFO:       1440         14.4000    1173542.2524     726214.9353     447327.3171          9.5628     153656.0203      -2199.9258          0.0000          0.0000     574758.8408        300.1411 1352000000.0000

INFO:       1460         14.6000    1172357.7326     725502.6967     446855.0359          9.5511     153346.6035      -1971.9654          0.0000          0.0000     574128.0586        299.8242 1352000000.0000

INFO:       1480         14.8000    1171745.5507     725298.1037     446447.4470          9.5569     153843.5352      -2046.8121          0.0000          0.0000     573501.3806        299.5507 1352000000.0000

INFO:       1500         15.0000    1170550.8549     724193.9884     446356.8665          9.5460     153265.4000      -1959.3878          0.0000          0.0000     572887.9762        299.4899 1352000000.0000

INFO:       1520         15.2000    1170608.3642     723788.2879     446820.0763          9.5527     153440.8002      -1935.2106          0.0000          0.0000     572282.6984        299.8007 1352000000.0000

INFO:       1540         15.4000    1170043.4946     723479.1469     446564.3477          9.5553     153736.7003      -1939.4034          0.0000          0.0000     571681.8500        299.6291 1352000000.0000

INFO:       1560         15.6000    1168789.2316     722275.6324     446513.5992          9.5377     153181.5721      -1981.1314          0.0000          0.0000     571075.1918        299.5951 1352000000.0000

INFO:       1580         15.8000    1168547.6407     721826.6154     446721.0253          9.5521     153437.8199      -2100.0910          0.0000          0.0000     570488.8865        299.7343 1352000000.0000

INFO:       1600         16.0000    1167738.2352     721217.3128     446520.9224          9.5493     153388.4842      -2069.3457          0.0000          0.0000     569898.1743        299.6000 1352000000.0000

INFO:       1620         16.2000    1167404.1459     720731.8170     446672.3289          9.5503     153433.4192      -2020.8392          0.0000          0.0000     569319.2369        299.7016 1352000000.0000

INFO:       1640         16.4000    1166370.9538     720236.1193     446134.8345          9.5438     153457.1464      -1970.9424          0.0000          0.0000     568749.9152        299.3409 1352000000.0000

INFO:       1660         16.6000    1166268.1213     719516.0595     446752.0618          9.5531     153350.1201      -2039.1038          0.0000          0.0000     568205.0432        299.7551 1352000000.0000

INFO:       1680         16.8000    1165563.3818     719008.3912     446554.9906          9.5443     153346.5334      -2008.7528          0.0000          0.0000     567670.6107        299.6229 1352000000.0000

INFO:       1700         17.0000    1164420.6787     718473.1924     445947.4864          9.5407     153210.1211      -1883.4011          0.0000          0.0000     567146.4724        299.2152 1352000000.0000

INFO:       1720         17.2000    1163380.5400     717670.6414     445709.8986          9.5322     152907.4401      -1834.1086          0.0000          0.0000     566597.3098        299.0558 1352000000.0000

INFO:       1740         17.4000    1162816.2375     717003.0891     445813.1484          9.5336     152931.3331      -1989.0470          0.0000          0.0000     566060.8030        299.1251 1352000000.0000

INFO:       1760         17.6000    1162244.8694     716695.4702     445549.3992          9.5400     153240.6097      -2056.6349          0.0000          0.0000     565511.4954        298.9481 1352000000.0000

INFO:       1780         17.8000    1161707.3035     715644.7774     446062.5261          9.5337     152783.4111      -2112.7362          0.0000          0.0000     564974.1025        299.2924 1352000000.0000

INFO:       1800         18.0000    1160768.5216     715166.9573     445601.5644          9.5289     152729.3820      -2007.4477          0.0000          0.0000     564445.0230        298.9831 1352000000.0000

INFO:       1820         18.2000    1160374.4492     715068.3914     445306.0578          9.5427     153041.8998      -1915.6091          0.0000          0.0000     563942.1007        298.7849 1352000000.0000

INFO:       1840         18.4000    1159664.2960     714253.3815     445410.9145          9.5274     152777.6979      -1960.7857          0.0000          0.0000     563436.4693        298.8552 1352000000.0000

INFO:       1860         18.6000    1159219.1770     713790.1911     445428.9859          9.5237     152779.8516      -1938.5669          0.0000          0.0000     562948.9064        298.8673 1352000000.0000

INFO:       1880         18.8000    1159197.4522     713451.6961     445745.7561          9.5358     152791.4052      -1802.7433          0.0000          0.0000     562463.0341        299.0799 1352000000.0000

INFO:       1900         19.0000    1158948.9803     712679.9192     446269.0611          9.5187     152514.9391      -1802.5502          0.0000          0.0000     561967.5303        299.4310 1352000000.0000

INFO:       1920         19.2000    1157781.9513     712574.5448     445207.4066          9.5272     152921.1421      -1835.3934          0.0000          0.0000     561488.7961        298.7187 1352000000.0000

INFO:       1940         19.4000    1157903.2427     711905.4718     445997.7709          9.5286     152761.1699      -1871.9719          0.0000          0.0000     561016.2738        299.2490 1352000000.0000

INFO:       1960         19.6000    1157629.7858     712050.1843     445579.6015          9.5448     153342.7282      -1816.3850          0.0000          0.0000     560523.8411        298.9684 1352000000.0000

INFO:       1980         19.8000    1156801.4000     711341.2013     445460.1987          9.5399     153073.4103      -1788.3328          0.0000          0.0000     560056.1238        298.8883 1352000000.0000

INFO:       2000         20.0000    1156630.0988     711253.5407     445376.5582          9.5507     153541.1336      -1833.1151          0.0000          0.0000     559545.5222        298.8322 1352000000.0000

 
[STEP6] Deallocate Arrays
 
Output_Time> Averaged timer profile (Min, Max)
  total time      =     162.561
    setup         =       4.044
    dynamics      =     158.516
      energy      =     104.113
      integrator  =      37.485
      migration   =       0.000
      pairlist    =      14.889 (      14.354,      15.261)
  energy           
    bond          =       0.257 (       0.238,       0.284)
    angle         =       0.016 (       0.015,       0.019)
    dihedral      =       0.015 (       0.014,       0.018)
    base stacking =       0.000 (       0.000,       0.000)
    nonbond       =      45.222 (      43.888,      47.085)
      CG exv      =       1.292 (       1.054,       1.714)
      CG DNA bp   =       0.000 (       0.000,       0.000)
      CG DNA exv  =       0.000 (       0.000,       0.000)
      CG ele      =      29.034 (      28.364,      30.149)
      CG PWMcos   =       0.000 (       0.000,       0.000)
      CG PWMcosns =       0.000 (       0.000,       0.000)
      CG IDR-HPS  =      14.887 (      14.400,      15.341)
      CG IDR-KH   =       0.000 (       0.000,       0.000)
      CG KH       =       0.000 (       0.000,       0.000)
      Contact     =       0.007 (       0.006,       0.008)
      pme real    =       0.000 (       0.000,       0.000)
      pme recip   =       0.000 (       0.000,       0.000)
    solvation     =       0.000 (       0.000,       0.000)
      polar       =       0.000 (       0.000,       0.000)
      non-polar   =       0.000 (       0.000,       0.000)
    restraint     =       0.000 (       0.000,       0.000)
    qmmm          =       0.000 (       0.000,       0.000)
    morph         =       0.000 (       0.000,       0.000)
  integrator       
    constraint    =       0.000 (       0.000,       0.000)
    update        =       0.000 (       0.000,       0.000)
    comm_coord    =       0.000 (       0.000,       0.000)
    comm_force    =       0.000 (       0.000,       0.000)
  migration       =       0.000 (       0.000,       0.000)
    comm_migrate  =       0.000 (       0.000,       0.000)
    ptl_migrate   =       0.000 (       0.000,       0.000)
    bond_migrate  =       0.000 (       0.000,       0.000)
    angl_migrate  =       0.000 (       0.000,       0.000)
    dihe_migrate  =       0.000 (       0.000,       0.000)
    contact_migr  =       0.000 (       0.000,       0.000)
    stack_migrate =       0.000 (       0.000,       0.000)
    pwmcos_migrate =       0.000 (       0.000,       0.000)
    pwmcosns_migr  =       0.000 (       0.000,       0.000)
    nonb_update    =       0.000 (       0.000,       0.000)

