****************************************************
*                                                  *
*                  GENESIS ATDYN                   *
*                                                  *
*        A Molecular Dynamics Simulator with       *
*            Atomic Decomposition Scheme           *
*                                                  *
*               Developed by RIKEN                 *
*                                                  *
****************************************************
 
[STEP0] Architecture and Compiler Information
 
GENESIS_Information> GENESIS Information
  version      = 2.0.0
  commit ID    = $GENESIS_VERSION$
  precision    = double
  nonbonding   = CPU

Build_Information> Compiler Information
  build host   = jjwsmj@hokusai2
  fortran      = ifort (IFORT) 2021.7.1 20221019
  option       = 
  -axCORE-AVX512 -g -O3  -qmkl=parallel  -assume byterecl -qopenmp  
  C            = 
 icc: remark #10441: The Intel(R) C++ Compiler Classic (ICC) is deprecated and w
 ill be removed from product release in the second half of 2023. The Intel(R) on
 eAPI DPC++/C++ Compiler (ICX) is the recommended compiler moving forward. Pleas
 e transition to use this compiler. Use '-diag-disable=10441' to disable this me
 ssage.
  option       = -O3 -ip -axCORE-AVX2  -qopenmp 
  defined var. = 
  -DHAVE_MPI_GENESIS -DOMP -DIFORT19 -DFFTE -DLAPACK -DDSFMT_MEXP=19937 -DINTEL
  link option  = 
  -assume byterecl -lgfortran -qopenmp  -lmkl_intel_lp64 -lmkl_sequential -lmkl_
 core -lmkl_lapack95_lp64   
  MPI Compiler = Intel(R) MPI

Runtime_Information> Machine and Library Information
  date       = 2023/05/12 15:32:30
  cpu model    = Intel(R) Xeon(R) Gold 6148 CPU @ 2.40GHz
  exec. host   = jjwsmj@bwmpc0254
  LD library   = 
 /bwfefs/opt/x86_64/intel/oneapi/2022.3/mpi/2021.7.1/libfabric/lib:/bwfefs/opt/x
 86_64/intel/oneapi/2022.3/mpi/2021.7.1/lib/release:/bwfefs/opt/x86_64/intel/one
 api/2022.3/mpi/2021.7.1/lib:/bwfefs/opt/x86_64/intel/oneapi/2022.3/tbb/2021.7.1
 /lib/intel64/gcc4.8:/usr/lib64:/bwfefs/opt/x86_64/intel/oneapi/2022.3/vpl/2022.
 2.5/lib:/bwfefs/opt/x86_64/intel/oneapi/2022.3/mkl/latest/lib/intel64:/bwfefs/o
 pt/x86_64/intel/oneapi/2022.3/itac/2021.7.1/slib:/bwfefs/opt/x86_64/intel/oneap
 i/2022.3/ippcp/2021.6.2/lib/intel64:/bwfefs/opt/x86_64/intel/oneapi/2022.3/ipp/
 2021.6.2/lib/intel64:/bwfefs/opt/x86_64/intel/oneapi/2022.3/dnnl/2022.2.1/cpu_d
 pcpp_gpu_dpcpp/lib:/bwfefs/opt/x86_64/intel/oneapi/2022.3/dal/2021.7.1/lib/inte
 l64:/bwfefs/opt/x86_64/intel/oneapi/2022.3/compiler/2022.2.1/linux/compiler/lib
 :/bwfefs/opt/x86_64/intel/oneapi/2022.3/compiler/2022.2.1/linux/lib/oclfpga/hos
 t/linux64/lib:/bwfefs/opt/x86_64/intel/oneapi/2022.3/compiler/2022.2.1/linux/li
 b/oclfpga/linux64/lib:/bwfefs/opt/x86_64/intel/oneapi/2022.3/compiler/2022.2.1/
 linux/lib:/bwfefs/opt/x86_64/intel/oneapi/2022.3/compiler/2022.2.1/linux/lib/x6
 4:/bwfefs/opt/x86_64/intel/oneapi/2022.3/compiler/2022.2.1/linux/lib/emu:/bwfef
 s/opt/x86_64/intel/oneapi/2022.3/compiler/2022.2.1/linux/compiler/lib/intel64_l
 in:/bwfefs/opt/x86_64/intel/oneapi/2022.3/debugger/2021.7.1/dep/lib:/bwfefs/opt
 /x86_64/intel/oneapi/2022.3/debugger/2021.7.1/libipt/intel64/lib:/bwfefs/opt/x8
 6_64/intel/oneapi/2022.3/debugger/2021.7.1/gdb/intel64/lib:/bwfefs/opt/x86_64/
 MPI Runtime = Intel(R) MPI Library 2021.7 for Linux* OS


[STEP1] Read Control Parameters
 
Read_Ctrl_Input> Input Files
  grotopfile = pro.top
  grocrdfile = crd/pos_5000.gro
 
Read_Ctrl_Output> Output Files
 
Read_Ctrl_Energy> WARNING: "water_model" is not available
Read_Ctrl_Energy> Parameters of Energy Calculations
  forcefield      =    RESIDCG
  switchdist      =     10.000  cutoffdist      =     12.000
  pairlistdist    =     13.500  dielec_const    =      1.000
  debye           =     10.000
  vdw_force_switch=         no
  electrostatic   =  CUTOFF
  implicit_solvent=       none
  table           =         no
  water_model     =       NONE
  output_style    =    GENESIS
  dispersion_corr =       none
  nonb_limiter    =      no
  user def. table =     no
  efield_x        =           0.000
  efield_y        =           0.000
  efield_z        =           0.000
  efield_normal   =              no
  efield_virial   =              no
 
Read_Ctrl_Dynamics> Parameters of MD simulation
  integrator      =    VVER_CG  nsteps          =       2000
  timestep        =     0.0100  initial_time    =     0.0000
  eneout_period   =         20  rstout_period   =          0
  crdout_period   =          0  velout_period   =          0
  nbupdate_period =         20  stoptr_period   =         10
  qmsave_period   =          0
  iseed           =         -1
  annealing       =         no
  verbose         =         no
  target_md       =         no
  steered_md      =         no
  shrink_box      =         no
  esp_mm          =         no
 
Read_Ctrl_Constraints> Parameters for Constraints
  rigid_bond      =         no
  fixatm_select_index        =       none
 
Read_Ctrl_Ensemble> Parameters for Ensemble
  ensemble        =        NVT
  temperature     =    300.000
  tpcontrol       =   LANGEVIN
  gamma_t         =      1.000
 
Read_Ctrl_Boundary> Parameters of Boundary Condition
  type            =     PBC   
  box_size(x,y,z) =   3200.000   650.000   650.000
  pairlist_grid   =      3.000
 
Read_Ctrl_Selection> Parameters of Selection
  # of groups     =          0
  # of mole names =          0
 
Read_Ctrl_Restraints> No restraint in the system

Read_Ctrl_Fitting_MD> Parameters of Fitting
  fitting method  =  TR+ROT   
  fitting atom    = group1
  mass_weight     =         no
 
[STEP2] Setup MPI
 
Setup_Mpi_Md> Summary of Setup MPI
  number of MPI processes   =         64
  number of OpenMP threads  =          5
  total number of CPU cores =        320

[STEP3] Set Relevant Variables and Structures
 
Read_Grotop> Summary of Grotopfile
  num_moltypes    =          1
    pos100_cg             :
      num_atoms   =        100
      num_bonds   =         99
      num_angls   =          0
      num_dihes   =          0
      num_cmaps   =          0
      num_excls   =          0
      num_constrs =          0
      num_pairs   =          0
      num_vsites2 =          0
      num_vsites3 =          0
      num_vsites4 =          0
      num_vsitesn =          0
      num_posress =          0
      num_PWMcos  =          0
      num_PWMcosns=          0
      num_IDR_HPS =          1
      num_IDR_KH  =          0
    .. not used molecule types were hidden.

  num_molecules   =       5000
    pos100_cg             :  5000

  num_atomtypes   =         33  num_bondtypes   =          0
  num_angltypes   =          0  num_dihetypes   =          0
  num_flangltypes           20
  num_fldihetypes          400
  num_constrtypes =          0  num_cmaptypes   =          0
  num_nbonparms   =          0
  num_basestacktypes  =     16
  num_basepairtypes   =      4
  num_basecrosstypes  =     32
  num_cgdnaexvtypes   =      6
  num_cgelemolpairs   =      1
  num_cg_IDR_HPS_atomtypes  =     20
  num_cg_KH_atomtypes  =    20

  num_cg_pair_MJ_eps   =   400

Define_Molecule> Summary of molecules
  num_atoms       =     500000  num_bonds       =     495000
  num_angles      =          0  num_dihedrals   =          0
  num_impropers   =          0  num_cmap_terms  =          0
  num_residues    =     500000  num_molecules   =       5000
  num_segments    =          1  num_deg_freedom =    1500000
  total_charge    = 500000.000
 
Update_Num_Deg_Freedom> Number of degrees of freedom was updated
  num_deg_freedom =    1499997 (After removing translation)
 
Setup_Boundary> Setup Variables for Boundary Condition
  box_size(x,y,z) =   3200.000   650.000   650.000
  origin(x,y,z)   =      0.000     0.000     0.000
 
Random_Init> Initialize the random number
  seed            = 425535

Define_Enefunc_Gromacs> Number of Interactions in Each Term
  bond_ene        =     495000  angle_ene       =          0
  torsion_ene     =          0  rb_torsion_ene  =          0
  improper_ene    =          0
  nb_exclusions   =     495000  nb14_calc       =          0
  vsite2_ene      =          0  vsite3_ene      =          0
  vsite3fd_ene    =          0  vsite3fad_ene   =          0
  vsite3out_ene   =          0  vsite4fdn_ene   =          0
  vsiten_ene      =          0
 restraint_groups =          0 restraint_funcs  =          0
 
Get_Morph_in> Morphing check
  morphing_bb     =          0  morphing_sc     =          0
 
Setup_Fitting_Atdyn> NO fitting is applied, skip
  fitting method  =  NO
 
[STEP4] Compute Single Point Energy for Molecules
 
            STEP          ENERGY            BOND  NATIVE_CONTACT NON-NATIVE_CONT           ELECT         IDR_HPS          CG_EXV
 --------------- --------------- --------------- --------------- ---------------
               0     853902.2916     170690.3546          0.0000          0.0000     681472.3800       1739.5570          0.0000

[STEP5] Perform Molecular Dynamics Simulation
 
Generate_Velocity> Generate initial velocities
  iseed           =     425535
  temperature     =    300.000
 
Random_Init_Velocity> Initialize the random number
  seed            = 425535

INFO:       STEP            TIME       TOTAL_ENE   POTENTIAL_ENE     KINETIC_ENE            RMSG            BOND         IDR_HPS  NATIVE_CONTACT          CG_EXV           ELECT     TEMPERATURE          VOLUME
 --------------- --------------- --------------- --------------- ---------------
INFO:          0          0.0000    1301100.3410     853902.2916     447198.0494         10.1780     170690.3546       1739.5570          0.0000          0.0000     681472.3800        300.0543 1352000000.0000

Random_Init> Initialize the random number
  seed            = 582238106

INFO:         20          0.2000    1295558.3932     842727.9237     452830.4695          9.8731     161495.6345        514.6772          0.0000          0.0000     680717.6120        303.8335 1352000000.0000

INFO:         40          0.4000    1291412.7565     836754.5714     454658.1851          9.7632     159034.2990      -1176.4985          0.0000          0.0000     678896.7710        305.0598 1352000000.0000

INFO:         60          0.6000    1287300.8528     831965.2771     455335.5757          9.7179     157883.0547      -2325.4862          0.0000          0.0000     676407.7087        305.5143 1352000000.0000

INFO:         80          0.8000    1282680.7487     827211.4250     455469.3237          9.6931     157081.6037      -3381.9844          0.0000          0.0000     673511.8057        305.6041 1352000000.0000

INFO:        100          1.0000    1278146.9161     821958.1457     456188.7704          9.6503     155886.9184      -4358.9346          0.0000          0.0000     670430.1618        306.0868 1352000000.0000

INFO:        120          1.2000    1273900.0992     817638.7413     456261.3579          9.6179     155293.2730      -4947.3398          0.0000          0.0000     667292.8081        306.1355 1352000000.0000

INFO:        140          1.4000    1269159.9340     813617.1466     455542.7874          9.5978     154579.5553      -5153.3787          0.0000          0.0000     664190.9699        305.6534 1352000000.0000

INFO:        160          1.6000    1265253.1862     810611.3820     454641.8042          9.6005     154653.7837      -5193.7751          0.0000          0.0000     661151.3734        305.0488 1352000000.0000

INFO:        180          1.8000    1262003.1891     807577.7117     454425.4775          9.5935     154430.8775      -5044.5565          0.0000          0.0000     658191.3906        304.9037 1352000000.0000

INFO:        200          2.0000    1257953.1897     804402.6588     453550.5310          9.5895     154190.5360      -5115.8684          0.0000          0.0000     655327.9912        304.3166 1352000000.0000

INFO:        220          2.2000    1254739.0454     801615.6194     453123.4260          9.5893     154248.5626      -5151.8545          0.0000          0.0000     652518.9112        304.0300 1352000000.0000

INFO:        240          2.4000    1251778.7058     798425.7343     453352.9715          9.5671     153590.8553      -4980.0042          0.0000          0.0000     649814.8831        304.1841 1352000000.0000

INFO:        260          2.6000    1248259.9789     795863.4655     452396.5134          9.5625     153645.2452      -4971.8024          0.0000          0.0000     647190.0227        303.5423 1352000000.0000

INFO:        280          2.8000    1245391.5576     792827.1837     452564.3739          9.5493     153303.6536      -5143.3523          0.0000          0.0000     644666.8824        303.6549 1352000000.0000

INFO:        300          3.0000    1241835.5699     790370.3644     451465.2054          9.5440     153080.2901      -4967.6804          0.0000          0.0000     642257.7547        302.9174 1352000000.0000

INFO:        320          3.2000    1239214.4406     788612.1176     450602.3230          9.5566     153621.9897      -4945.7269          0.0000          0.0000     639935.8547        302.3385 1352000000.0000

INFO:        340          3.4000    1237186.6370     786474.9964     450711.6406          9.5505     153472.0916      -4727.9830          0.0000          0.0000     637730.8877        302.4118 1352000000.0000

INFO:        360          3.6000    1235373.1487     784524.9455     450848.2032          9.5520     153394.3908      -4473.8445          0.0000          0.0000     635604.3992        302.5035 1352000000.0000

INFO:        380          3.8000    1233350.9423     782939.6787     450411.2636          9.5604     153733.6892      -4364.8147          0.0000          0.0000     633570.8042        302.2103 1352000000.0000

INFO:        400          4.0000    1230486.3640     780537.2362     449949.1278          9.5484     153374.5766      -4424.4865          0.0000          0.0000     631587.1461        301.9002 1352000000.0000

INFO:        420          4.2000    1227894.6246     778180.7349     449713.8898          9.5465     153080.3366      -4565.3532          0.0000          0.0000     629665.7515        301.7424 1352000000.0000

INFO:        440          4.4000    1226326.1122     777135.1751     449190.9371          9.5572     153619.1800      -4316.5142          0.0000          0.0000     627832.5093        301.3915 1352000000.0000

INFO:        460          4.6000    1224533.3803     775163.2081     449370.1722          9.5416     153226.7511      -4102.5005          0.0000          0.0000     626038.9574        301.5117 1352000000.0000

INFO:        480          4.8000    1222928.2260     773746.1777     449182.0483          9.5507     153429.7017      -3956.7142          0.0000          0.0000     624273.1902        301.3855 1352000000.0000

INFO:        500          5.0000    1220494.7769     771615.8651     448878.9119          9.5407     153077.1199      -4032.7270          0.0000          0.0000     622571.4722        301.1821 1352000000.0000

INFO:        520          5.2000    1219346.5282     770006.6126     449339.9156          9.5418     153158.0806      -4046.5052          0.0000          0.0000     620895.0373        301.4914 1352000000.0000

INFO:        540          5.4000    1218105.6494     768687.4389     449418.2105          9.5527     153388.8611      -3974.3419          0.0000          0.0000     619272.9197        301.5440 1352000000.0000

INFO:        560          5.6000    1216421.3261     767497.0943     448924.2318          9.5623     153766.9937      -3986.2081          0.0000          0.0000     617716.3087        301.2125 1352000000.0000

INFO:        580          5.8000    1214756.8889     765768.1907     448988.6982          9.5466     153275.5761      -3712.7486          0.0000          0.0000     616205.3632        301.2558 1352000000.0000

INFO:        600          6.0000    1213109.6826     763902.5231     449207.1596          9.5372     152812.3891      -3657.4655          0.0000          0.0000     614747.5995        301.4024 1352000000.0000

INFO:        620          6.2000    1211264.7633     762968.9625     448295.8008          9.5548     153516.2490      -3857.3236          0.0000          0.0000     613310.0371        300.7909 1352000000.0000

INFO:        640          6.4000    1210008.7759     761816.2532     448192.5227          9.5654     153556.9705      -3681.2131          0.0000          0.0000     611940.4957        300.7216 1352000000.0000

INFO:        660          6.6000    1208400.9147     760365.4299     448035.4848          9.5493     153251.5093      -3510.3308          0.0000          0.0000     610624.2514        300.6162 1352000000.0000

INFO:        680          6.8000    1207375.3074     759344.8323     448030.4751          9.5496     153408.7293      -3390.5393          0.0000          0.0000     609326.6422        300.6129 1352000000.0000

INFO:        700          7.0000    1206174.2938     758347.1779     447827.1159          9.5504     153634.6011      -3345.3999          0.0000          0.0000     608057.9767        300.4764 1352000000.0000

INFO:        720          7.2000    1204857.1940     757092.5620     447764.6319          9.5555     153749.1239      -3483.8678          0.0000          0.0000     606827.3059        300.4345 1352000000.0000

INFO:        740          7.4000    1203602.2820     755100.7062     448501.5758          9.5408     153094.5735      -3611.8847          0.0000          0.0000     605618.0174        300.9289 1352000000.0000

INFO:        760          7.6000    1202513.2950     754369.2369     448144.0581          9.5466     153425.8680      -3482.5300          0.0000          0.0000     604425.8989        300.6891 1352000000.0000

INFO:        780          7.8000    1201622.0817     753424.8432     448197.2384          9.5453     153340.8269      -3187.2365          0.0000          0.0000     603271.2529        300.7247 1352000000.0000

INFO:        800          8.0000    1200071.0355     751915.7349     448155.3006          9.5334     152942.6980      -3139.9177          0.0000          0.0000     602112.9545        300.6966 1352000000.0000

INFO:        820          8.2000    1199212.9936     750998.2376     448214.7560          9.5372     153168.7843      -3158.8439          0.0000          0.0000     600988.2972        300.7365 1352000000.0000

INFO:        840          8.4000    1198242.9184     750103.0127     448139.9057          9.5379     153230.6271      -3016.7925          0.0000          0.0000     599889.1781        300.6863 1352000000.0000

INFO:        860          8.6000    1197213.3626     749337.4318     447875.9308          9.5512     153571.1639      -3035.6318          0.0000          0.0000     598801.8996        300.5092 1352000000.0000

INFO:        880          8.8000    1195504.3915     747978.5115     447525.8800          9.5399     153237.7358      -2985.1489          0.0000          0.0000     597725.9246        300.2743 1352000000.0000

INFO:        900          9.0000    1194848.5070     747241.7334     447606.7736          9.5550     153610.8557      -3045.7971          0.0000          0.0000     596676.6748        300.3286 1352000000.0000

INFO:        920          9.2000    1193838.0975     745906.8507     447931.2468          9.5440     153260.8155      -3001.9511          0.0000          0.0000     595647.9862        300.5463 1352000000.0000

INFO:        940          9.4000    1192367.4848     745211.0106     447156.4742          9.5543     153450.2260      -2882.9247          0.0000          0.0000     594643.7093        300.0264 1352000000.0000

INFO:        960          9.6000    1191807.4064     744349.7536     447457.6528          9.5535     153533.3958      -2860.5700          0.0000          0.0000     593676.9277        300.2285 1352000000.0000

INFO:        980          9.8000    1190919.6342     743303.9836     447615.6506          9.5457     153565.0056      -2972.3608          0.0000          0.0000     592711.3388        300.3345 1352000000.0000

INFO:       1000         10.0000    1190324.6953     742522.4097     447802.2855          9.5459     153627.3908      -2896.8494          0.0000          0.0000     591791.8683        300.4597 1352000000.0000

INFO:       1020         10.2000    1189054.5006     741567.9103     447486.5902          9.5445     153530.1329      -2848.1389          0.0000          0.0000     590885.9163        300.2479 1352000000.0000

INFO:       1040         10.4000    1188075.0551     740584.0668     447490.9883          9.5507     153404.7620      -2795.7043          0.0000          0.0000     589975.0091        300.2509 1352000000.0000

INFO:       1060         10.6000    1187210.1117     740185.3512     447024.7605          9.5625     153789.1726      -2688.4701          0.0000          0.0000     589084.6487        299.9381 1352000000.0000

INFO:       1080         10.8000    1186406.8461     738713.5277     447693.3184          9.5474     153179.4310      -2669.4259          0.0000          0.0000     588203.5226        300.3866 1352000000.0000

INFO:       1100         11.0000    1185506.2731     738086.0143     447420.2588          9.5604     153456.2334      -2714.6467          0.0000          0.0000     587344.4275        300.2034 1352000000.0000

INFO:       1120         11.2000    1184534.5226     736794.1426     447740.3800          9.5421     153034.2758      -2729.3189          0.0000          0.0000     586489.1858        300.4182 1352000000.0000

INFO:       1140         11.4000    1183532.2664     736265.9743     447266.2921          9.5458     153179.1024      -2585.5076          0.0000          0.0000     585672.3795        300.1001 1352000000.0000

INFO:       1160         11.6000    1182530.7961     735454.8576     447075.9384          9.5392     153042.5619      -2455.1403          0.0000          0.0000     584867.4360        299.9724 1352000000.0000

INFO:       1180         11.8000    1181308.1405     734695.1236     446613.0168          9.5422     153118.8198      -2498.4400          0.0000          0.0000     584074.7439        299.6618 1352000000.0000

INFO:       1200         12.0000    1180394.5618     733546.7825     446847.7793          9.5322     152832.0380      -2576.9953          0.0000          0.0000     583291.7398        299.8193 1352000000.0000

INFO:       1220         12.2000    1179187.3296     733187.6373     445999.6923          9.5489     153253.4000      -2580.8853          0.0000          0.0000     582515.1226        299.2503 1352000000.0000

INFO:       1240         12.4000    1178510.3345     732801.6605     445708.6740          9.5522     153499.7701      -2456.1593          0.0000          0.0000     581758.0497        299.0550 1352000000.0000

INFO:       1260         12.6000    1178327.8823     731977.6994     446350.1830          9.5574     153334.2840      -2390.5296          0.0000          0.0000     581033.9450        299.4854 1352000000.0000

INFO:       1280         12.8000    1177858.9456     731083.7086     446775.2369          9.5556     153121.9309      -2351.6871          0.0000          0.0000     580313.4648        299.7706 1352000000.0000

INFO:       1300         13.0000    1177211.9068     730350.9335     446860.9733          9.5516     153176.7898      -2408.5700          0.0000          0.0000     579582.7138        299.8282 1352000000.0000

INFO:       1320         13.2000    1176725.9356     729904.0707     446821.8648          9.5578     153511.4004      -2455.4703          0.0000          0.0000     578848.1406        299.8019 1352000000.0000

INFO:       1340         13.4000    1175886.8414     728765.1730     447121.6684          9.5514     153196.7146      -2568.0741          0.0000          0.0000     578136.5325        300.0031 1352000000.0000

INFO:       1360         13.6000    1175048.2470     728418.0205     446630.2266          9.5517     153342.5413      -2363.8161          0.0000          0.0000     577439.2953        299.6733 1352000000.0000

INFO:       1380         13.8000    1174333.3089     727520.3711     446812.9379          9.5383     152919.6612      -2164.7861          0.0000          0.0000     576765.4959        299.7959 1352000000.0000

INFO:       1400         14.0000    1173918.8768     726768.0702     447150.8065          9.5359     152852.0792      -2187.6166          0.0000          0.0000     576103.6076        300.0226 1352000000.0000

INFO:       1420         14.2000    1172967.2286     725879.1949     447088.0337          9.5396     152779.5887      -2353.3483          0.0000          0.0000     575452.9544        299.9805 1352000000.0000

INFO:       1440         14.4000    1172456.4528     725705.6799     446750.7729          9.5388     153000.5583      -2121.4212          0.0000          0.0000     574826.5428        299.7542 1352000000.0000

INFO:       1460         14.6000    1171252.8398     725417.2638     445835.5760          9.5450     153246.9438      -2037.7232          0.0000          0.0000     574208.0432        299.1402 1352000000.0000

INFO:       1480         14.8000    1170914.0428     724753.7677     446160.2751          9.5457     153311.9153      -2130.4754          0.0000          0.0000     573572.3278        299.3580 1352000000.0000

INFO:       1500         15.0000    1170122.2502     724381.6471     445740.6031          9.5678     153732.6674      -2278.3136          0.0000          0.0000     572927.2932        299.0764 1352000000.0000

INFO:       1520         15.2000    1169797.7184     722830.4790     446967.2394          9.5429     152902.3308      -2375.5273          0.0000          0.0000     572303.6755        299.8995 1352000000.0000

INFO:       1540         15.4000    1168169.9541     722536.1871     445633.7670          9.5321     153121.7558      -2273.7105          0.0000          0.0000     571688.1418        299.0047 1352000000.0000

INFO:       1560         15.6000    1167735.4537     722015.8154     445719.6383          9.5301     152844.5095      -1929.5880          0.0000          0.0000     571100.8939        299.0624 1352000000.0000

INFO:       1580         15.8000    1167861.5271     722075.3948     445786.1323          9.5525     153433.7236      -1853.0616          0.0000          0.0000     570494.7328        299.1070 1352000000.0000

INFO:       1600         16.0000    1167429.0162     721319.8003     446109.2159          9.5615     153414.9163      -1958.9866          0.0000          0.0000     569863.8707        299.3238 1352000000.0000

INFO:       1620         16.2000    1166379.2456     720973.3249     445405.9206          9.5613     153761.0637      -2049.4668          0.0000          0.0000     569261.7280        298.8519 1352000000.0000

INFO:       1640         16.4000    1165908.9357     720079.0172     445829.9185          9.5509     153493.1183      -2096.8945          0.0000          0.0000     568682.7934        299.1364 1352000000.0000

INFO:       1660         16.6000    1164865.8713     719037.4603     445828.4110          9.5369     152926.0758      -2011.2603          0.0000          0.0000     568122.6449        299.1353 1352000000.0000

INFO:       1680         16.8000    1164220.5705     718744.3481     445476.2224          9.5403     153036.2923      -1871.4551          0.0000          0.0000     567579.5109        298.8990 1352000000.0000

INFO:       1700         17.0000    1163972.0699     718270.5835     445701.4864          9.5366     153045.1324      -1820.5793          0.0000          0.0000     567046.0304        299.0502 1352000000.0000

INFO:       1720         17.2000    1163565.5030     717702.7205     445862.7825          9.5351     153053.0944      -1871.1876          0.0000          0.0000     566520.8137        299.1584 1352000000.0000

INFO:       1740         17.4000    1163618.1535     717342.2161     446275.9375          9.5427     153092.0781      -1754.2695          0.0000          0.0000     566004.4075        299.4356 1352000000.0000

INFO:       1760         17.6000    1163614.0086     717082.2157     446531.7929          9.5497     153375.7331      -1777.6169          0.0000          0.0000     565484.0996        299.6073 1352000000.0000

INFO:       1780         17.8000    1163012.5986     716375.2419     446637.3567          9.5493     153294.1551      -1887.2775          0.0000          0.0000     564968.3643        299.6781 1352000000.0000

INFO:       1800         18.0000    1162153.9558     715688.1084     446465.8474          9.5414     153171.8577      -1945.8314          0.0000          0.0000     564462.0822        299.5630 1352000000.0000

INFO:       1820         18.2000    1162236.0369     715865.1176     446370.9193          9.5577     153614.3957      -1719.2252          0.0000          0.0000     563969.9472        299.4994 1352000000.0000

INFO:       1840         18.4000    1161630.8393     715191.9882     446438.8511          9.5540     153393.0844      -1645.7389          0.0000          0.0000     563444.6427        299.5449 1352000000.0000

INFO:       1860         18.6000    1160385.8718     714929.2212     445456.6506          9.5696     153791.4938      -1766.4047          0.0000          0.0000     562904.1322        298.8859 1352000000.0000

INFO:       1880         18.8000    1160050.7872     713962.2034     446088.5839          9.5621     153489.8458      -1875.6769          0.0000          0.0000     562348.0344        299.3099 1352000000.0000

INFO:       1900         19.0000    1159538.3295     713368.2018     446170.1278          9.5586     153454.8856      -1900.4328          0.0000          0.0000     561813.7489        299.3646 1352000000.0000

INFO:       1920         19.2000    1159140.0962     712893.8134     446246.2828          9.5514     153397.2653      -1789.5539          0.0000          0.0000     561286.1020        299.4157 1352000000.0000

INFO:       1940         19.4000    1158900.5180     712368.0775     446532.4405          9.5501     153387.0683      -1784.2561          0.0000          0.0000     560765.2654        299.6077 1352000000.0000

INFO:       1960         19.6000    1158157.8678     711645.8531     446512.0146          9.5424     153083.6767      -1716.9115          0.0000          0.0000     560279.0879        299.5940 1352000000.0000

INFO:       1980         19.8000    1157289.3444     711571.4586     445717.8857          9.5488     153367.7003      -1589.4003          0.0000          0.0000     559793.1587        299.0612 1352000000.0000

INFO:       2000         20.0000    1157212.7283     710836.4838     446376.2445          9.5502     153136.4530      -1627.0126          0.0000          0.0000     559327.0434        299.5029 1352000000.0000

 
[STEP6] Deallocate Arrays
 
Output_Time> Averaged timer profile (Min, Max)
  total time      =     164.664
    setup         =       4.001
    dynamics      =     160.663
      energy      =     106.038
      integrator  =      37.564
      migration   =       0.000
      pairlist    =      15.034 (      14.377,      17.854)
  energy           
    bond          =       0.255 (       0.239,       0.279)
    angle         =       0.016 (       0.015,       0.019)
    dihedral      =       0.015 (       0.014,       0.017)
    base stacking =       0.000 (       0.000,       0.000)
    nonbond       =      45.471 (      43.789,      47.301)
      CG exv      =       1.313 (       1.051,       1.653)
      CG DNA bp   =       0.000 (       0.000,       0.000)
      CG DNA exv  =       0.000 (       0.000,       0.000)
      CG ele      =      29.189 (      28.299,      30.101)
      CG PWMcos   =       0.000 (       0.000,       0.000)
      CG PWMcosns =       0.000 (       0.000,       0.000)
      CG IDR-HPS  =      14.960 (      14.374,      15.609)
      CG IDR-KH   =       0.000 (       0.000,       0.000)
      CG KH       =       0.000 (       0.000,       0.000)
      Contact     =       0.007 (       0.006,       0.008)
      pme real    =       0.000 (       0.000,       0.000)
      pme recip   =       0.000 (       0.000,       0.000)
    solvation     =       0.000 (       0.000,       0.000)
      polar       =       0.000 (       0.000,       0.000)
      non-polar   =       0.000 (       0.000,       0.000)
    restraint     =       0.000 (       0.000,       0.000)
    qmmm          =       0.000 (       0.000,       0.000)
    morph         =       0.000 (       0.000,       0.000)
  integrator       
    constraint    =       0.000 (       0.000,       0.000)
    update        =       0.000 (       0.000,       0.000)
    comm_coord    =       0.000 (       0.000,       0.000)
    comm_force    =       0.000 (       0.000,       0.000)
  migration       =       0.000 (       0.000,       0.000)
    comm_migrate  =       0.000 (       0.000,       0.000)
    ptl_migrate   =       0.000 (       0.000,       0.000)
    bond_migrate  =       0.000 (       0.000,       0.000)
    angl_migrate  =       0.000 (       0.000,       0.000)
    dihe_migrate  =       0.000 (       0.000,       0.000)
    contact_migr  =       0.000 (       0.000,       0.000)
    stack_migrate =       0.000 (       0.000,       0.000)
    pwmcos_migrate =       0.000 (       0.000,       0.000)
    pwmcosns_migr  =       0.000 (       0.000,       0.000)
    nonb_update    =       0.000 (       0.000,       0.000)

