****************************************************
*                                                  *
*                  GENESIS ATDYN                   *
*                                                  *
*        A Molecular Dynamics Simulator with       *
*            Atomic Decomposition Scheme           *
*                                                  *
*               Developed by RIKEN                 *
*                                                  *
****************************************************
 
[STEP0] Architecture and Compiler Information
 
GENESIS_Information> GENESIS Information
  version      = 2.0.0
  commit ID    = $GENESIS_VERSION$
  precision    = double
  nonbonding   = CPU

Build_Information> Compiler Information
  build host   = jjwsmj@hokusai2
  fortran      = ifort (IFORT) 2021.7.1 20221019
  option       = 
  -axCORE-AVX512 -g -O3  -qmkl=parallel  -assume byterecl -qopenmp  
  C            = 
 icc: remark #10441: The Intel(R) C++ Compiler Classic (ICC) is deprecated and w
 ill be removed from product release in the second half of 2023. The Intel(R) on
 eAPI DPC++/C++ Compiler (ICX) is the recommended compiler moving forward. Pleas
 e transition to use this compiler. Use '-diag-disable=10441' to disable this me
 ssage.
  option       = -O3 -ip -axCORE-AVX2  -qopenmp 
  defined var. = 
  -DHAVE_MPI_GENESIS -DOMP -DIFORT19 -DFFTE -DLAPACK -DDSFMT_MEXP=19937 -DINTEL
  link option  = 
  -assume byterecl -lgfortran -qopenmp  -lmkl_intel_lp64 -lmkl_sequential -lmkl_
 core -lmkl_lapack95_lp64   
  MPI Compiler = Intel(R) MPI

Runtime_Information> Machine and Library Information
  date       = 2023/05/12 15:32:30
  cpu model    = Intel(R) Xeon(R) Gold 6148 CPU @ 2.40GHz
  exec. host   = jjwsmj@bwmpc0243
  LD library   = 
 /bwfefs/opt/x86_64/intel/oneapi/2022.3/mpi/2021.7.1/libfabric/lib:/bwfefs/opt/x
 86_64/intel/oneapi/2022.3/mpi/2021.7.1/lib/release:/bwfefs/opt/x86_64/intel/one
 api/2022.3/mpi/2021.7.1/lib:/bwfefs/opt/x86_64/intel/oneapi/2022.3/tbb/2021.7.1
 /lib/intel64/gcc4.8:/usr/lib64:/bwfefs/opt/x86_64/intel/oneapi/2022.3/vpl/2022.
 2.5/lib:/bwfefs/opt/x86_64/intel/oneapi/2022.3/mkl/latest/lib/intel64:/bwfefs/o
 pt/x86_64/intel/oneapi/2022.3/itac/2021.7.1/slib:/bwfefs/opt/x86_64/intel/oneap
 i/2022.3/ippcp/2021.6.2/lib/intel64:/bwfefs/opt/x86_64/intel/oneapi/2022.3/ipp/
 2021.6.2/lib/intel64:/bwfefs/opt/x86_64/intel/oneapi/2022.3/dnnl/2022.2.1/cpu_d
 pcpp_gpu_dpcpp/lib:/bwfefs/opt/x86_64/intel/oneapi/2022.3/dal/2021.7.1/lib/inte
 l64:/bwfefs/opt/x86_64/intel/oneapi/2022.3/compiler/2022.2.1/linux/compiler/lib
 :/bwfefs/opt/x86_64/intel/oneapi/2022.3/compiler/2022.2.1/linux/lib/oclfpga/hos
 t/linux64/lib:/bwfefs/opt/x86_64/intel/oneapi/2022.3/compiler/2022.2.1/linux/li
 b/oclfpga/linux64/lib:/bwfefs/opt/x86_64/intel/oneapi/2022.3/compiler/2022.2.1/
 linux/lib:/bwfefs/opt/x86_64/intel/oneapi/2022.3/compiler/2022.2.1/linux/lib/x6
 4:/bwfefs/opt/x86_64/intel/oneapi/2022.3/compiler/2022.2.1/linux/lib/emu:/bwfef
 s/opt/x86_64/intel/oneapi/2022.3/compiler/2022.2.1/linux/compiler/lib/intel64_l
 in:/bwfefs/opt/x86_64/intel/oneapi/2022.3/debugger/2021.7.1/dep/lib:/bwfefs/opt
 /x86_64/intel/oneapi/2022.3/debugger/2021.7.1/libipt/intel64/lib:/bwfefs/opt/x8
 6_64/intel/oneapi/2022.3/debugger/2021.7.1/gdb/intel64/lib:/bwfefs/opt/x86_64/
 MPI Runtime = Intel(R) MPI Library 2021.7 for Linux* OS


[STEP1] Read Control Parameters
 
Read_Ctrl_Input> Input Files
  grotopfile = pro.top
  grocrdfile = crd/pos_5000.gro
 
Read_Ctrl_Output> Output Files
 
Read_Ctrl_Energy> WARNING: "water_model" is not available
Read_Ctrl_Energy> Parameters of Energy Calculations
  forcefield      =    RESIDCG
  switchdist      =     10.000  cutoffdist      =     12.000
  pairlistdist    =     13.500  dielec_const    =      1.000
  debye           =     10.000
  vdw_force_switch=         no
  electrostatic   =  CUTOFF
  implicit_solvent=       none
  table           =         no
  water_model     =       NONE
  output_style    =    GENESIS
  dispersion_corr =       none
  nonb_limiter    =      no
  user def. table =     no
  efield_x        =           0.000
  efield_y        =           0.000
  efield_z        =           0.000
  efield_normal   =              no
  efield_virial   =              no
 
Read_Ctrl_Dynamics> Parameters of MD simulation
  integrator      =    VVER_CG  nsteps          =       2000
  timestep        =     0.0100  initial_time    =     0.0000
  eneout_period   =         20  rstout_period   =          0
  crdout_period   =          0  velout_period   =          0
  nbupdate_period =         20  stoptr_period   =         10
  qmsave_period   =          0
  iseed           =         -1
  annealing       =         no
  verbose         =         no
  target_md       =         no
  steered_md      =         no
  shrink_box      =         no
  esp_mm          =         no
 
Read_Ctrl_Constraints> Parameters for Constraints
  rigid_bond      =         no
  fixatm_select_index        =       none
 
Read_Ctrl_Ensemble> Parameters for Ensemble
  ensemble        =        NVT
  temperature     =    300.000
  tpcontrol       =   LANGEVIN
  gamma_t         =      1.000
 
Read_Ctrl_Boundary> Parameters of Boundary Condition
  type            =     PBC   
  box_size(x,y,z) =   3200.000   650.000   650.000
  pairlist_grid   =      3.000
 
Read_Ctrl_Selection> Parameters of Selection
  # of groups     =          0
  # of mole names =          0
 
Read_Ctrl_Restraints> No restraint in the system

Read_Ctrl_Fitting_MD> Parameters of Fitting
  fitting method  =  TR+ROT   
  fitting atom    = group1
  mass_weight     =         no
 
[STEP2] Setup MPI
 
Setup_Mpi_Md> Summary of Setup MPI
  number of MPI processes   =         64
  number of OpenMP threads  =          5
  total number of CPU cores =        320

[STEP3] Set Relevant Variables and Structures
 
Read_Grotop> Summary of Grotopfile
  num_moltypes    =          1
    pos100_cg             :
      num_atoms   =        100
      num_bonds   =         99
      num_angls   =          0
      num_dihes   =          0
      num_cmaps   =          0
      num_excls   =          0
      num_constrs =          0
      num_pairs   =          0
      num_vsites2 =          0
      num_vsites3 =          0
      num_vsites4 =          0
      num_vsitesn =          0
      num_posress =          0
      num_PWMcos  =          0
      num_PWMcosns=          0
      num_IDR_HPS =          1
      num_IDR_KH  =          0
    .. not used molecule types were hidden.

  num_molecules   =       5000
    pos100_cg             :  5000

  num_atomtypes   =         33  num_bondtypes   =          0
  num_angltypes   =          0  num_dihetypes   =          0
  num_flangltypes           20
  num_fldihetypes          400
  num_constrtypes =          0  num_cmaptypes   =          0
  num_nbonparms   =          0
  num_basestacktypes  =     16
  num_basepairtypes   =      4
  num_basecrosstypes  =     32
  num_cgdnaexvtypes   =      6
  num_cgelemolpairs   =      1
  num_cg_IDR_HPS_atomtypes  =     20
  num_cg_KH_atomtypes  =    20

  num_cg_pair_MJ_eps   =   400

Define_Molecule> Summary of molecules
  num_atoms       =     500000  num_bonds       =     495000
  num_angles      =          0  num_dihedrals   =          0
  num_impropers   =          0  num_cmap_terms  =          0
  num_residues    =     500000  num_molecules   =       5000
  num_segments    =          1  num_deg_freedom =    1500000
  total_charge    = 500000.000
 
Update_Num_Deg_Freedom> Number of degrees of freedom was updated
  num_deg_freedom =    1499997 (After removing translation)
 
Setup_Boundary> Setup Variables for Boundary Condition
  box_size(x,y,z) =   3200.000   650.000   650.000
  origin(x,y,z)   =      0.000     0.000     0.000
 
Random_Init> Initialize the random number
  seed            = 429535

Define_Enefunc_Gromacs> Number of Interactions in Each Term
  bond_ene        =     495000  angle_ene       =          0
  torsion_ene     =          0  rb_torsion_ene  =          0
  improper_ene    =          0
  nb_exclusions   =     495000  nb14_calc       =          0
  vsite2_ene      =          0  vsite3_ene      =          0
  vsite3fd_ene    =          0  vsite3fad_ene   =          0
  vsite3out_ene   =          0  vsite4fdn_ene   =          0
  vsiten_ene      =          0
 restraint_groups =          0 restraint_funcs  =          0
 
Get_Morph_in> Morphing check
  morphing_bb     =          0  morphing_sc     =          0
 
Setup_Fitting_Atdyn> NO fitting is applied, skip
  fitting method  =  NO
 
[STEP4] Compute Single Point Energy for Molecules
 
            STEP          ENERGY            BOND  NATIVE_CONTACT NON-NATIVE_CONT           ELECT         IDR_HPS          CG_EXV
 --------------- --------------- --------------- --------------- ---------------
               0     853902.2916     170690.3546          0.0000          0.0000     681472.3800       1739.5570          0.0000

[STEP5] Perform Molecular Dynamics Simulation
 
Generate_Velocity> Generate initial velocities
  iseed           =     429535
  temperature     =    300.000
 
Random_Init_Velocity> Initialize the random number
  seed            = 429535

INFO:       STEP            TIME       TOTAL_ENE   POTENTIAL_ENE     KINETIC_ENE            RMSG            BOND         IDR_HPS  NATIVE_CONTACT          CG_EXV           ELECT     TEMPERATURE          VOLUME
 --------------- --------------- --------------- --------------- ---------------
INFO:          0          0.0000    1300267.9432     853902.2916     446365.6517         10.1780     170690.3546       1739.5570          0.0000          0.0000     681472.3800        299.4958 1352000000.0000

Random_Init> Initialize the random number
  seed            = 444691878

INFO:         20          0.2000    1294339.6693     842742.9713     451596.6981          9.8778     161375.3549        657.1768          0.0000          0.0000     680710.4395        303.0057 1352000000.0000

INFO:         40          0.4000    1290332.3655     836977.7027     453354.6628          9.7757     159372.2704      -1241.3107          0.0000          0.0000     678846.7430        304.1852 1352000000.0000

INFO:         60          0.6000    1286555.7677     831167.2639     455388.5039          9.7034     157469.6642      -2639.3528          0.0000          0.0000     676336.9524        305.5498 1352000000.0000

INFO:         80          0.8000    1282432.1773     826660.4434     455771.7338          9.6875     156943.4954      -3718.7867          0.0000          0.0000     673435.7347        305.8070 1352000000.0000

INFO:        100          1.0000    1277332.8815     821930.7614     455402.1202          9.6580     155989.8162      -4411.3818          0.0000          0.0000     670352.3269        305.5590 1352000000.0000

INFO:        120          1.2000    1273010.2860     817547.4154     455462.8705          9.6391     155283.6378      -4943.7165          0.0000          0.0000     667207.4941        305.5997 1352000000.0000

INFO:        140          1.4000    1269658.7765     814137.8352     455520.9412          9.6267     155184.6517      -5150.9711          0.0000          0.0000     664104.1546        305.6387 1352000000.0000

INFO:        160          1.6000    1266149.5643     810372.5114     455777.0529          9.6000     154540.9738      -5240.7135          0.0000          0.0000     661072.2511        305.8105 1352000000.0000

INFO:        180          1.8000    1262454.6097     807001.5419     455453.0678          9.5884     154125.3034      -5237.1469          0.0000          0.0000     658113.3854        305.5932 1352000000.0000

INFO:        200          2.0000    1258625.1256     804246.8953     454378.2303          9.5818     153950.0167      -4959.5238          0.0000          0.0000     655256.4024        304.8720 1352000000.0000

INFO:        220          2.2000    1254490.7777     801441.3504     453049.4273          9.5835     153778.2700      -4835.3047          0.0000          0.0000     652498.3851        303.9804 1352000000.0000

INFO:        240          2.4000    1251344.7556     799107.9391     452236.8166          9.5969     154382.5225      -5045.5487          0.0000          0.0000     649770.9653        303.4352 1352000000.0000

INFO:        260          2.6000    1248157.1496     795860.0698     452297.0798          9.5851     153906.3536      -5199.4248          0.0000          0.0000     647153.1409        303.4756 1352000000.0000

INFO:        280          2.8000    1246103.7035     793115.5455     452988.1579          9.5727     153684.3122      -5193.3562          0.0000          0.0000     644624.5896        303.9393 1352000000.0000

INFO:        300          3.0000    1242816.3587     790802.4628     452013.8960          9.5720     153629.5487      -5050.3866          0.0000          0.0000     642223.3006        303.2856 1352000000.0000

INFO:        320          3.2000    1240486.5468     788569.1013     451917.4454          9.5722     153608.1347      -4961.4184          0.0000          0.0000     639922.3850        303.2209 1352000000.0000

INFO:        340          3.4000    1237940.3991     786602.8454     451337.5538          9.5659     153687.9159      -4792.8873          0.0000          0.0000     637707.8167        302.8318 1352000000.0000

INFO:        360          3.6000    1235441.7512     784740.5402     450701.2110          9.5652     153722.2924      -4585.2269          0.0000          0.0000     635603.4746        302.4048 1352000000.0000

INFO:        380          3.8000    1232834.9466     782507.2301     450327.7166          9.5615     153608.1324      -4661.8545          0.0000          0.0000     633560.9521        302.1542 1352000000.0000

INFO:        400          4.0000    1230552.5603     780805.5564     449747.0039          9.5681     153767.1281      -4559.9360          0.0000          0.0000     631598.3643        301.7646 1352000000.0000

INFO:        420          4.2000    1229330.4219     779177.0839     450153.3380          9.5605     153736.1662      -4240.1393          0.0000          0.0000     629681.0570        302.0372 1352000000.0000

INFO:        440          4.4000    1227279.2759     777273.0266     450006.2494          9.5570     153576.9063      -4122.9419          0.0000          0.0000     627819.0621        301.9385 1352000000.0000

INFO:        460          4.6000    1225784.7246     775523.7268     450260.9978          9.5593     153652.5687      -4123.7601          0.0000          0.0000     625994.9182        302.1095 1352000000.0000

INFO:        480          4.8000    1223695.6541     773310.3531     450385.3010          9.5476     153150.0756      -4084.3829          0.0000          0.0000     624244.6604        302.1929 1352000000.0000

INFO:        500          5.0000    1221920.5642     771766.1347     450154.4295          9.5398     153166.8265      -3949.4220          0.0000          0.0000     622548.7303        302.0380 1352000000.0000

INFO:        520          5.2000    1220583.6501     770611.5101     449972.1400          9.5493     153599.9027      -3900.4583          0.0000          0.0000     620912.0657        301.9156 1352000000.0000

INFO:        540          5.4000    1218565.2170     768298.8516     450266.3654          9.5341     152800.3447      -3824.7145          0.0000          0.0000     619323.2213        302.1131 1352000000.0000

INFO:        560          5.6000    1216819.4932     767420.8583     449398.6349          9.5474     153349.9532      -3704.9033          0.0000          0.0000     617775.8084        301.5308 1352000000.0000

INFO:        580          5.8000    1215479.4867     766021.7829     449457.7038          9.5473     153354.9893      -3608.2972          0.0000          0.0000     616275.0908        301.5705 1352000000.0000

INFO:        600          6.0000    1213784.4107     763934.5220     449849.8888          9.5297     152863.4229      -3734.5229          0.0000          0.0000     614805.6219        301.8336 1352000000.0000

INFO:        620          6.2000    1211726.5807     763110.1084     448616.4722          9.5543     153498.2991      -3760.5371          0.0000          0.0000     613372.3464        301.0060 1352000000.0000

INFO:        640          6.4000    1210007.3982     761316.2772     448691.1210          9.5404     153038.5413      -3716.3666          0.0000          0.0000     611994.1025        301.0561 1352000000.0000

INFO:        660          6.6000    1208173.5042     760302.3422     447871.1620          9.5501     153384.3408      -3722.6295          0.0000          0.0000     610640.6309        300.5060 1352000000.0000

INFO:        680          6.8000    1206974.7485     759209.6838     447765.0648          9.5513     153494.5648      -3601.0115          0.0000          0.0000     609316.1305        300.4348 1352000000.0000

INFO:        700          7.0000    1205866.1709     757717.4611     448148.7098          9.5442     153295.3986      -3577.2540          0.0000          0.0000     607999.3165        300.6922 1352000000.0000

INFO:        720          7.2000    1204712.4861     756624.0602     448088.4258          9.5507     153402.4335      -3484.0737          0.0000          0.0000     606705.7005        300.6517 1352000000.0000

INFO:        740          7.4000    1202318.3627     755330.4206     446987.9421          9.5518     153412.5959      -3513.3028          0.0000          0.0000     605431.1275        299.9134 1352000000.0000

INFO:        760          7.6000    1201012.2033     754245.6771     446766.5261          9.5602     153542.3133      -3485.3997          0.0000          0.0000     604188.7636        299.7648 1352000000.0000

INFO:        780          7.8000    1199326.2281     752539.0174     446787.2107          9.5447     153219.0758      -3630.5849          0.0000          0.0000     602950.5264        299.7787 1352000000.0000

INFO:        800          8.0000    1198323.4476     751252.6622     447070.7854          9.5363     153116.6268      -3652.0256          0.0000          0.0000     601788.0610        299.9689 1352000000.0000

INFO:        820          8.2000    1196899.2780     750048.2446     446851.0334          9.5291     152817.9875      -3451.9318          0.0000          0.0000     600682.1889        299.8215 1352000000.0000

INFO:        840          8.4000    1196413.7031     749493.1971     446920.5060          9.5394     153036.1408      -3170.6174          0.0000          0.0000     599627.6736        299.8681 1352000000.0000

INFO:        860          8.6000    1195436.1896     748696.3039     446739.8857          9.5376     153097.6569      -2986.3449          0.0000          0.0000     598584.9919        299.7469 1352000000.0000

INFO:        880          8.8000    1195249.4206     747748.7349     447500.6856          9.5387     153209.5523      -3031.3973          0.0000          0.0000     597570.5799        300.2574 1352000000.0000

INFO:        900          9.0000    1193786.9104     746241.3495     447545.5609          9.5368     152717.1103      -3058.8121          0.0000          0.0000     596583.0514        300.2875 1352000000.0000

INFO:        920          9.2000    1193037.5100     745405.4130     447632.0970          9.5287     152776.7215      -2963.8563          0.0000          0.0000     595592.5478        300.3456 1352000000.0000

INFO:        940          9.4000    1191683.6451     745092.0779     446591.5673          9.5550     153356.1280      -2910.8751          0.0000          0.0000     594646.8250        299.6474 1352000000.0000

INFO:        960          9.6000    1190599.1527     743727.0362     446872.1165          9.5376     152885.8222      -2884.1876          0.0000          0.0000     593725.4017        299.8356 1352000000.0000

INFO:        980          9.8000    1190227.7277     743502.8910     446724.8367          9.5538     153448.6856      -2743.6207          0.0000          0.0000     592797.8261        299.7368 1352000000.0000

INFO:       1000         10.0000    1189043.5753     742571.5273     446472.0481          9.5495     153403.3126      -2696.9456          0.0000          0.0000     591865.1602        299.5672 1352000000.0000

INFO:       1020         10.2000    1187807.3320     741431.1717     446376.1603          9.5413     153138.3236      -2650.5916          0.0000          0.0000     590943.4397        299.5029 1352000000.0000

INFO:       1040         10.4000    1187192.4900     740234.5507     446957.9393          9.5391     153015.9832      -2790.7828          0.0000          0.0000     590009.3504        299.8932 1352000000.0000

INFO:       1060         10.6000    1186077.1145     738875.2976     447201.8169          9.5259     152568.1419      -2803.6081          0.0000          0.0000     589110.7638        300.0569 1352000000.0000

INFO:       1080         10.8000    1185299.6639     738796.8560     446502.8079          9.5505     153231.6478      -2668.4641          0.0000          0.0000     588233.6723        299.5878 1352000000.0000

INFO:       1100         11.0000    1184854.2379     738034.9280     446819.3099          9.5556     153381.7842      -2715.1014          0.0000          0.0000     587368.2452        299.8002 1352000000.0000

INFO:       1120         11.2000    1183916.5610     737791.0743     446125.4867          9.5661     153810.7972      -2530.1951          0.0000          0.0000     586510.4722        299.3347 1352000000.0000

INFO:       1140         11.4000    1183243.7129     736827.1132     446416.5997          9.5677     153620.5975      -2439.7754          0.0000          0.0000     585646.2911        299.5300 1352000000.0000

INFO:       1160         11.6000    1183277.0738     735623.1510     447653.9228          9.5552     153449.8085      -2606.2299          0.0000          0.0000     584779.5724        300.3602 1352000000.0000

INFO:       1180         11.8000    1181638.9003     734333.8094     447305.0910          9.5471     153046.4374      -2644.4998          0.0000          0.0000     583931.8718        300.1261 1352000000.0000

INFO:       1200         12.0000    1180900.6923     734041.5959     446859.0965          9.5510     153432.1702      -2513.1555          0.0000          0.0000     583122.5811        299.8269 1352000000.0000

INFO:       1220         12.2000    1181016.3162     733185.4138     447830.9024          9.5579     153439.0876      -2584.5369          0.0000          0.0000     582330.8631        300.4789 1352000000.0000

INFO:       1240         12.4000    1179498.3590     732453.6687     447044.6903          9.5519     153330.0540      -2438.1312          0.0000          0.0000     581561.7459        299.9514 1352000000.0000

INFO:       1260         12.6000    1178311.9512     731443.8524     446868.0988          9.5515     152927.4527      -2322.3686          0.0000          0.0000     580838.7683        299.8329 1352000000.0000

INFO:       1280         12.8000    1177550.1677     730972.3980     446577.7697          9.5487     153229.0077      -2396.8998          0.0000          0.0000     580140.2902        299.6381 1352000000.0000

INFO:       1300         13.0000    1176690.9811     730165.0748     446525.9062          9.5436     152992.9673      -2273.5608          0.0000          0.0000     579445.6683        299.6033 1352000000.0000

INFO:       1320         13.2000    1175923.5298     729283.0811     446640.4486          9.5360     152713.0037      -2182.9325          0.0000          0.0000     578753.0099        299.6802 1352000000.0000

INFO:       1340         13.4000    1175706.1808     728942.9861     446763.1948          9.5446     153071.8701      -2185.4245          0.0000          0.0000     578056.5404        299.7626 1352000000.0000

INFO:       1360         13.6000    1174618.0448     727969.0487     446648.9961          9.5390     152783.4736      -2164.1190          0.0000          0.0000     577349.6942        299.6859 1352000000.0000

INFO:       1380         13.8000    1174229.6210     727619.4960     446610.1250          9.5328     152945.0134      -1964.3462          0.0000          0.0000     576638.8288        299.6599 1352000000.0000

INFO:       1400         14.0000    1173940.1931     727150.6469     446789.5462          9.5456     153268.1752      -2038.1224          0.0000          0.0000     575920.5941        299.7802 1352000000.0000

INFO:       1420         14.2000    1173657.3787     726630.1947     447027.1840          9.5595     153604.5703      -2193.1028          0.0000          0.0000     575218.7271        299.9397 1352000000.0000

INFO:       1440         14.4000    1172446.5982     726280.8467     446165.7515          9.5630     153864.1599      -2121.8100          0.0000          0.0000     574538.4968        299.3617 1352000000.0000

INFO:       1460         14.6000    1171548.1767     725606.7932     445941.3835          9.5611     153687.6998      -1966.9833          0.0000          0.0000     573886.0767        299.2111 1352000000.0000

INFO:       1480         14.8000    1171186.8823     725282.6857     445904.1966          9.5696     154081.3139      -2027.9013          0.0000          0.0000     573229.2732        299.1862 1352000000.0000

INFO:       1500         15.0000    1170326.2536     723920.9874     446405.2662          9.5473     153300.6725      -1961.1417          0.0000          0.0000     572581.4566        299.5224 1352000000.0000

INFO:       1520         15.2000    1169892.7758     723266.5760     446626.1998          9.5535     153420.8889      -2099.4288          0.0000          0.0000     571945.1159        299.6706 1352000000.0000

INFO:       1540         15.4000    1169896.3316     722966.5731     446929.7585          9.5554     153650.2170      -2030.1428          0.0000          0.0000     571346.4988        299.8743 1352000000.0000

INFO:       1560         15.6000    1169973.0098     722781.4218     447191.5880          9.5693     154030.6209      -2003.2444          0.0000          0.0000     570754.0454        300.0500 1352000000.0000

INFO:       1580         15.8000    1168922.8697     721998.8746     446923.9951          9.5602     153795.5893      -1973.6558          0.0000          0.0000     570176.9411        299.8704 1352000000.0000

INFO:       1600         16.0000    1168554.0807     721744.8953     446809.1854          9.5684     154030.3344      -1869.9321          0.0000          0.0000     569584.4930        299.7934 1352000000.0000

INFO:       1620         16.2000    1168042.5986     721281.4268     446761.1718          9.5813     154295.9757      -1996.9557          0.0000          0.0000     568982.4068        299.7612 1352000000.0000

INFO:       1640         16.4000    1167284.7227     720345.8870     446938.8357          9.5773     154195.4487      -2219.0101          0.0000          0.0000     568369.4484        299.8804 1352000000.0000

INFO:       1660         16.6000    1166793.9335     719740.0057     447053.9278          9.5783     154143.1552      -2186.2416          0.0000          0.0000     567783.0921        299.9576 1352000000.0000

INFO:       1680         16.8000    1165845.8915     719092.1416     446753.7499          9.5661     153778.9893      -1920.5911          0.0000          0.0000     567233.7434        299.7562 1352000000.0000

INFO:       1700         17.0000    1164657.7721     719048.4405     445609.3317          9.5872     154363.6600      -1998.5984          0.0000          0.0000     566683.3788        298.9884 1352000000.0000

INFO:       1720         17.2000    1163879.6383     717287.4400     446592.1983          9.5584     153125.0538      -1984.1035          0.0000          0.0000     566146.4897        299.6478 1352000000.0000

INFO:       1740         17.4000    1162575.2786     717472.1880     445103.0905          9.5675     153721.6207      -1849.8491          0.0000          0.0000     565600.4164        298.6487 1352000000.0000

INFO:       1760         17.6000    1162096.3430     716784.4805     445311.8625          9.5575     153443.9868      -1710.6695          0.0000          0.0000     565051.1632        298.7888 1352000000.0000

INFO:       1780         17.8000    1161447.4769     716396.4531     445051.0238          9.5632     153454.1704      -1547.5690          0.0000          0.0000     564489.8517        298.6137 1352000000.0000

INFO:       1800         18.0000    1160650.7489     715624.8404     445025.9085          9.5554     153314.7215      -1627.9405          0.0000          0.0000     563938.0594        298.5969 1352000000.0000

INFO:       1820         18.2000    1160641.8309     714807.0304     445834.8006          9.5408     153135.0306      -1707.3868          0.0000          0.0000     563379.3865        299.1396 1352000000.0000

INFO:       1840         18.4000    1160927.1271     714564.4139     446362.7132          9.5519     153455.9946      -1726.4666          0.0000          0.0000     562834.8860        299.4938 1352000000.0000

INFO:       1860         18.6000    1160050.8762     713630.1303     446420.7460          9.5393     153145.9281      -1805.3277          0.0000          0.0000     562289.5300        299.5328 1352000000.0000

INFO:       1880         18.8000    1159222.7044     712881.2073     446341.4971          9.5311     152880.3566      -1759.4649          0.0000          0.0000     561760.3155        299.4796 1352000000.0000

INFO:       1900         19.0000    1159161.4869     712859.1792     446302.3077          9.5557     153404.7053      -1789.4431          0.0000          0.0000     561243.9170        299.4533 1352000000.0000

INFO:       1920         19.2000    1158470.1914     712396.8102     446073.3812          9.5563     153558.3194      -1890.0267          0.0000          0.0000     560728.5175        299.2997 1352000000.0000

INFO:       1940         19.4000    1158653.7859     711915.4228     446738.3632          9.5518     153466.0961      -1788.1379          0.0000          0.0000     560237.4646        299.7459 1352000000.0000

INFO:       1960         19.6000    1158210.5114     712035.0503     446175.4611          9.5714     153885.1553      -1627.4289          0.0000          0.0000     559777.3239        299.3682 1352000000.0000

INFO:       1980         19.8000    1157733.5387     711464.5005     446269.0382          9.5611     153794.0420      -1675.9067          0.0000          0.0000     559346.3652        299.4310 1352000000.0000

INFO:       2000         20.0000    1157063.3057     710572.3810     446490.9247          9.5520     153476.8975      -1796.8058          0.0000          0.0000     558892.2893        299.5799 1352000000.0000

 
[STEP6] Deallocate Arrays
 
Output_Time> Averaged timer profile (Min, Max)
  total time      =     165.037
    setup         =       4.064
    dynamics      =     160.972
      energy      =     105.978
      integrator  =      37.848
      migration   =       0.000
      pairlist    =      15.093 (      14.397,      18.173)
  energy           
    bond          =       0.255 (       0.239,       0.285)
    angle         =       0.016 (       0.015,       0.019)
    dihedral      =       0.015 (       0.014,       0.018)
    base stacking =       0.000 (       0.000,       0.000)
    nonbond       =      45.258 (      43.864,      47.350)
      CG exv      =       1.300 (       1.040,       1.676)
      CG DNA bp   =       0.000 (       0.000,       0.000)
      CG DNA exv  =       0.000 (       0.000,       0.000)
      CG ele      =      29.065 (      28.306,      30.279)
      CG PWMcos   =       0.000 (       0.000,       0.000)
      CG PWMcosns =       0.000 (       0.000,       0.000)
      CG IDR-HPS  =      14.885 (      14.413,      15.386)
      CG IDR-KH   =       0.000 (       0.000,       0.000)
      CG KH       =       0.000 (       0.000,       0.000)
      Contact     =       0.007 (       0.006,       0.008)
      pme real    =       0.000 (       0.000,       0.000)
      pme recip   =       0.000 (       0.000,       0.000)
    solvation     =       0.000 (       0.000,       0.000)
      polar       =       0.000 (       0.000,       0.000)
      non-polar   =       0.000 (       0.000,       0.000)
    restraint     =       0.000 (       0.000,       0.000)
    qmmm          =       0.000 (       0.000,       0.000)
    morph         =       0.000 (       0.000,       0.000)
  integrator       
    constraint    =       0.000 (       0.000,       0.000)
    update        =       0.000 (       0.000,       0.000)
    comm_coord    =       0.000 (       0.000,       0.000)
    comm_force    =       0.000 (       0.000,       0.000)
  migration       =       0.000 (       0.000,       0.000)
    comm_migrate  =       0.000 (       0.000,       0.000)
    ptl_migrate   =       0.000 (       0.000,       0.000)
    bond_migrate  =       0.000 (       0.000,       0.000)
    angl_migrate  =       0.000 (       0.000,       0.000)
    dihe_migrate  =       0.000 (       0.000,       0.000)
    contact_migr  =       0.000 (       0.000,       0.000)
    stack_migrate =       0.000 (       0.000,       0.000)
    pwmcos_migrate =       0.000 (       0.000,       0.000)
    pwmcosns_migr  =       0.000 (       0.000,       0.000)
    nonb_update    =       0.000 (       0.000,       0.000)

