****************************************************
*                                                  *
*                  GENESIS ATDYN                   *
*                                                  *
*        A Molecular Dynamics Simulator with       *
*            Atomic Decomposition Scheme           *
*                                                  *
*               Developed by RIKEN                 *
*                                                  *
****************************************************
 
[STEP0] Architecture and Compiler Information
 
GENESIS_Information> GENESIS Information
  version      = 2.0.0
  commit ID    = $GENESIS_VERSION$
  precision    = double
  nonbonding   = CPU

Build_Information> Compiler Information
  build host   = jjwsmj@hokusai2
  fortran      = ifort (IFORT) 2021.7.1 20221019
  option       = 
  -axCORE-AVX512 -g -O3  -qmkl=parallel  -assume byterecl -qopenmp  
  C            = 
 icc: remark #10441: The Intel(R) C++ Compiler Classic (ICC) is deprecated and w
 ill be removed from product release in the second half of 2023. The Intel(R) on
 eAPI DPC++/C++ Compiler (ICX) is the recommended compiler moving forward. Pleas
 e transition to use this compiler. Use '-diag-disable=10441' to disable this me
 ssage.
  option       = -O3 -ip -axCORE-AVX2  -qopenmp 
  defined var. = 
  -DHAVE_MPI_GENESIS -DOMP -DIFORT19 -DFFTE -DLAPACK -DDSFMT_MEXP=19937 -DINTEL
  link option  = 
  -assume byterecl -lgfortran -qopenmp  -lmkl_intel_lp64 -lmkl_sequential -lmkl_
 core -lmkl_lapack95_lp64   
  MPI Compiler = Intel(R) MPI

Runtime_Information> Machine and Library Information
  date       = 2023/05/12 15:32:31
  cpu model    = Intel(R) Xeon(R) Gold 6148 CPU @ 2.40GHz
  exec. host   = jjwsmj@bwmpc0268
  LD library   = 
 /bwfefs/opt/x86_64/intel/oneapi/2022.3/mpi/2021.7.1/libfabric/lib:/bwfefs/opt/x
 86_64/intel/oneapi/2022.3/mpi/2021.7.1/lib/release:/bwfefs/opt/x86_64/intel/one
 api/2022.3/mpi/2021.7.1/lib:/bwfefs/opt/x86_64/intel/oneapi/2022.3/tbb/2021.7.1
 /lib/intel64/gcc4.8:/usr/lib64:/bwfefs/opt/x86_64/intel/oneapi/2022.3/vpl/2022.
 2.5/lib:/bwfefs/opt/x86_64/intel/oneapi/2022.3/mkl/latest/lib/intel64:/bwfefs/o
 pt/x86_64/intel/oneapi/2022.3/itac/2021.7.1/slib:/bwfefs/opt/x86_64/intel/oneap
 i/2022.3/ippcp/2021.6.2/lib/intel64:/bwfefs/opt/x86_64/intel/oneapi/2022.3/ipp/
 2021.6.2/lib/intel64:/bwfefs/opt/x86_64/intel/oneapi/2022.3/dnnl/2022.2.1/cpu_d
 pcpp_gpu_dpcpp/lib:/bwfefs/opt/x86_64/intel/oneapi/2022.3/dal/2021.7.1/lib/inte
 l64:/bwfefs/opt/x86_64/intel/oneapi/2022.3/compiler/2022.2.1/linux/compiler/lib
 :/bwfefs/opt/x86_64/intel/oneapi/2022.3/compiler/2022.2.1/linux/lib/oclfpga/hos
 t/linux64/lib:/bwfefs/opt/x86_64/intel/oneapi/2022.3/compiler/2022.2.1/linux/li
 b/oclfpga/linux64/lib:/bwfefs/opt/x86_64/intel/oneapi/2022.3/compiler/2022.2.1/
 linux/lib:/bwfefs/opt/x86_64/intel/oneapi/2022.3/compiler/2022.2.1/linux/lib/x6
 4:/bwfefs/opt/x86_64/intel/oneapi/2022.3/compiler/2022.2.1/linux/lib/emu:/bwfef
 s/opt/x86_64/intel/oneapi/2022.3/compiler/2022.2.1/linux/compiler/lib/intel64_l
 in:/bwfefs/opt/x86_64/intel/oneapi/2022.3/debugger/2021.7.1/dep/lib:/bwfefs/opt
 /x86_64/intel/oneapi/2022.3/debugger/2021.7.1/libipt/intel64/lib:/bwfefs/opt/x8
 6_64/intel/oneapi/2022.3/debugger/2021.7.1/gdb/intel64/lib:/bwfefs/opt/x86_64/
 MPI Runtime = Intel(R) MPI Library 2021.7 for Linux* OS


[STEP1] Read Control Parameters
 
Read_Ctrl_Input> Input Files
  grotopfile = pro.top
  grocrdfile = crd/pos_5000.gro
 
Read_Ctrl_Output> Output Files
 
Read_Ctrl_Energy> WARNING: "water_model" is not available
Read_Ctrl_Energy> Parameters of Energy Calculations
  forcefield      =    RESIDCG
  switchdist      =     10.000  cutoffdist      =     12.000
  pairlistdist    =     13.500  dielec_const    =      1.000
  debye           =     10.000
  vdw_force_switch=         no
  electrostatic   =  CUTOFF
  implicit_solvent=       none
  table           =         no
  water_model     =       NONE
  output_style    =    GENESIS
  dispersion_corr =       none
  nonb_limiter    =      no
  user def. table =     no
  efield_x        =           0.000
  efield_y        =           0.000
  efield_z        =           0.000
  efield_normal   =              no
  efield_virial   =              no
 
Read_Ctrl_Dynamics> Parameters of MD simulation
  integrator      =    VVER_CG  nsteps          =       2000
  timestep        =     0.0100  initial_time    =     0.0000
  eneout_period   =         20  rstout_period   =          0
  crdout_period   =          0  velout_period   =          0
  nbupdate_period =         20  stoptr_period   =         10
  qmsave_period   =          0
  iseed           =         -1
  annealing       =         no
  verbose         =         no
  target_md       =         no
  steered_md      =         no
  shrink_box      =         no
  esp_mm          =         no
 
Read_Ctrl_Constraints> Parameters for Constraints
  rigid_bond      =         no
  fixatm_select_index        =       none
 
Read_Ctrl_Ensemble> Parameters for Ensemble
  ensemble        =        NVT
  temperature     =    300.000
  tpcontrol       =   LANGEVIN
  gamma_t         =      1.000
 
Read_Ctrl_Boundary> Parameters of Boundary Condition
  type            =     PBC   
  box_size(x,y,z) =   3200.000   650.000   650.000
  pairlist_grid   =      3.000
 
Read_Ctrl_Selection> Parameters of Selection
  # of groups     =          0
  # of mole names =          0
 
Read_Ctrl_Restraints> No restraint in the system

Read_Ctrl_Fitting_MD> Parameters of Fitting
  fitting method  =  TR+ROT   
  fitting atom    = group1
  mass_weight     =         no
 
[STEP2] Setup MPI
 
Setup_Mpi_Md> Summary of Setup MPI
  number of MPI processes   =         64
  number of OpenMP threads  =          5
  total number of CPU cores =        320

[STEP3] Set Relevant Variables and Structures
 
Read_Grotop> Summary of Grotopfile
  num_moltypes    =          1
    pos100_cg             :
      num_atoms   =        100
      num_bonds   =         99
      num_angls   =          0
      num_dihes   =          0
      num_cmaps   =          0
      num_excls   =          0
      num_constrs =          0
      num_pairs   =          0
      num_vsites2 =          0
      num_vsites3 =          0
      num_vsites4 =          0
      num_vsitesn =          0
      num_posress =          0
      num_PWMcos  =          0
      num_PWMcosns=          0
      num_IDR_HPS =          1
      num_IDR_KH  =          0
    .. not used molecule types were hidden.

  num_molecules   =       5000
    pos100_cg             :  5000

  num_atomtypes   =         33  num_bondtypes   =          0
  num_angltypes   =          0  num_dihetypes   =          0
  num_flangltypes           20
  num_fldihetypes          400
  num_constrtypes =          0  num_cmaptypes   =          0
  num_nbonparms   =          0
  num_basestacktypes  =     16
  num_basepairtypes   =      4
  num_basecrosstypes  =     32
  num_cgdnaexvtypes   =      6
  num_cgelemolpairs   =      1
  num_cg_IDR_HPS_atomtypes  =     20
  num_cg_KH_atomtypes  =    20

  num_cg_pair_MJ_eps   =   400

Define_Molecule> Summary of molecules
  num_atoms       =     500000  num_bonds       =     495000
  num_angles      =          0  num_dihedrals   =          0
  num_impropers   =          0  num_cmap_terms  =          0
  num_residues    =     500000  num_molecules   =       5000
  num_segments    =          1  num_deg_freedom =    1500000
  total_charge    = 500000.000
 
Update_Num_Deg_Freedom> Number of degrees of freedom was updated
  num_deg_freedom =    1499997 (After removing translation)
 
Setup_Boundary> Setup Variables for Boundary Condition
  box_size(x,y,z) =   3200.000   650.000   650.000
  origin(x,y,z)   =      0.000     0.000     0.000
 
Random_Init> Initialize the random number
  seed            = 532635

Define_Enefunc_Gromacs> Number of Interactions in Each Term
  bond_ene        =     495000  angle_ene       =          0
  torsion_ene     =          0  rb_torsion_ene  =          0
  improper_ene    =          0
  nb_exclusions   =     495000  nb14_calc       =          0
  vsite2_ene      =          0  vsite3_ene      =          0
  vsite3fd_ene    =          0  vsite3fad_ene   =          0
  vsite3out_ene   =          0  vsite4fdn_ene   =          0
  vsiten_ene      =          0
 restraint_groups =          0 restraint_funcs  =          0
 
Get_Morph_in> Morphing check
  morphing_bb     =          0  morphing_sc     =          0
 
Setup_Fitting_Atdyn> NO fitting is applied, skip
  fitting method  =  NO
 
[STEP4] Compute Single Point Energy for Molecules
 
            STEP          ENERGY            BOND  NATIVE_CONTACT NON-NATIVE_CONT           ELECT         IDR_HPS          CG_EXV
 --------------- --------------- --------------- --------------- ---------------
               0     853902.2916     170690.3546          0.0000          0.0000     681472.3800       1739.5570          0.0000

[STEP5] Perform Molecular Dynamics Simulation
 
Generate_Velocity> Generate initial velocities
  iseed           =     532635
  temperature     =    300.000
 
Random_Init_Velocity> Initialize the random number
  seed            = 532635

INFO:       STEP            TIME       TOTAL_ENE   POTENTIAL_ENE     KINETIC_ENE            RMSG            BOND         IDR_HPS  NATIVE_CONTACT          CG_EXV           ELECT     TEMPERATURE          VOLUME
 --------------- --------------- --------------- --------------- ---------------
INFO:          0          0.0000    1301119.1049     853902.2916     447216.8133         10.1780     170690.3546       1739.5570          0.0000          0.0000     681472.3800        300.0669 1352000000.0000

Random_Init> Initialize the random number
  seed            = 1409153510

INFO:         20          0.2000    1294996.3972     842906.5272     452089.8700          9.8788     161451.1684        703.2597          0.0000          0.0000     680752.0991        303.3366 1352000000.0000

INFO:         40          0.4000    1291063.6942     837402.5764     453661.1178          9.7876     159657.3962      -1151.0944          0.0000          0.0000     678896.2746        304.3908 1352000000.0000

INFO:         60          0.6000    1286870.5597     831543.0023     455327.5575          9.7193     157780.5867      -2598.7671          0.0000          0.0000     676361.1826        305.5089 1352000000.0000

INFO:         80          0.8000    1282491.9947     826736.2381     455755.7566          9.6903     156917.2236      -3632.4421          0.0000          0.0000     673451.4566        305.7963 1352000000.0000

INFO:        100          1.0000    1277918.7867     822568.2593     455350.5273          9.6754     156432.7189      -4251.5628          0.0000          0.0000     670387.1032        305.5244 1352000000.0000

INFO:        120          1.2000    1273403.1816     818016.4045     455386.7771          9.6391     155530.4641      -4808.5428          0.0000          0.0000     667294.4832        305.5487 1352000000.0000

INFO:        140          1.4000    1269413.9245     814332.1344     455081.7901          9.6307     155330.9279      -5176.2781          0.0000          0.0000     664177.4846        305.3440 1352000000.0000

INFO:        160          1.6000    1264752.6270     810486.8582     454265.7687          9.6068     154724.9894      -5359.5506          0.0000          0.0000     661121.4194        304.7965 1352000000.0000

INFO:        180          1.8000    1260878.1113     807204.1781     453673.9332          9.6005     154533.6750      -5442.5325          0.0000          0.0000     658113.0356        304.3994 1352000000.0000

INFO:        200          2.0000    1256929.3351     803924.5881     453004.7470          9.5867     154027.9440      -5345.7480          0.0000          0.0000     655242.3921        303.9504 1352000000.0000

INFO:        220          2.2000    1253689.7879     801118.6545     452571.1334          9.5747     153861.9589      -5233.3130          0.0000          0.0000     652490.0086        303.6595 1352000000.0000

INFO:        240          2.4000    1250375.7391     798396.6391     451979.1000          9.5777     153799.3325      -5210.7936          0.0000          0.0000     649808.1003        303.2622 1352000000.0000

INFO:        260          2.6000    1246974.8212     795299.1857     451675.6355          9.5576     153368.7528      -5273.6046          0.0000          0.0000     647204.0374        303.0586 1352000000.0000

INFO:        280          2.8000    1245053.4801     793217.0486     451836.4316          9.5542     153609.1114      -5082.5450          0.0000          0.0000     644690.4822        303.1665 1352000000.0000

INFO:        300          3.0000    1241967.5483     790707.7196     451259.8287          9.5544     153493.8818      -5062.6071          0.0000          0.0000     642276.4448        302.7796 1352000000.0000

INFO:        320          3.2000    1239512.2467     788141.3788     451370.8678          9.5465     153094.6743      -4914.7000          0.0000          0.0000     639961.4045        302.8541 1352000000.0000

INFO:        340          3.4000    1236838.4922     785965.6211     450872.8711          9.5399     153103.7680      -4854.7537          0.0000          0.0000     637716.6068        302.5200 1352000000.0000

INFO:        360          3.6000    1234844.5686     783711.0837     451133.4849          9.5377     153026.5375      -4862.3889          0.0000          0.0000     635546.9352        302.6949 1352000000.0000

INFO:        380          3.8000    1232294.1840     781718.5044     450575.6796          9.5413     153006.0268      -4773.4628          0.0000          0.0000     633485.9404        302.3206 1352000000.0000

INFO:        400          4.0000    1230046.4825     780166.1179     449880.3646          9.5443     153095.7848      -4445.1010          0.0000          0.0000     631515.4341        301.8541 1352000000.0000

INFO:        420          4.2000    1228295.8549     778401.2793     449894.5756          9.5528     153083.8855      -4284.2450          0.0000          0.0000     629601.6388        301.8636 1352000000.0000

INFO:        440          4.4000    1226566.1335     777009.4599     449556.6736          9.5477     153344.1416      -4088.6674          0.0000          0.0000     627753.9857        301.6369 1352000000.0000

INFO:        460          4.6000    1224571.3053     775203.2589     449368.0464          9.5475     153353.7096      -4087.5858          0.0000          0.0000     625937.1351        301.5103 1352000000.0000

INFO:        480          4.8000    1223336.3862     773625.5164     449710.8698          9.5604     153549.3542      -4079.3346          0.0000          0.0000     624155.4968        301.7403 1352000000.0000

INFO:        500          5.0000    1221432.7356     772034.4669     449398.2687          9.5566     153509.3293      -3948.0481          0.0000          0.0000     622473.1857        301.5306 1352000000.0000

INFO:        520          5.2000    1219813.3181     770584.2409     449229.0772          9.5513     153392.2290      -3656.9628          0.0000          0.0000     620848.9748        301.4171 1352000000.0000

INFO:        540          5.4000    1218527.0351     768940.0559     449586.9792          9.5447     153328.3702      -3645.1467          0.0000          0.0000     619256.8324        301.6572 1352000000.0000

INFO:        560          5.6000    1216528.5529     766934.3647     449594.1882          9.5333     152926.1929      -3702.0261          0.0000          0.0000     617710.1979        301.6621 1352000000.0000

INFO:        580          5.8000    1214689.7842     765739.5811     448950.2032          9.5432     153320.2703      -3788.2432          0.0000          0.0000     616207.5539        301.2300 1352000000.0000

INFO:        600          6.0000    1212499.9593     764182.2853     448317.6740          9.5409     153118.3574      -3676.3483          0.0000          0.0000     614740.2763        300.8056 1352000000.0000

INFO:        620          6.2000    1211497.4120     762563.7558     448933.6562          9.5399     152779.8806      -3544.9663          0.0000          0.0000     613328.8416        301.2189 1352000000.0000

INFO:        640          6.4000    1210512.8634     761735.7788     448777.0846          9.5495     153330.3052      -3545.8867          0.0000          0.0000     611951.3603        301.1138 1352000000.0000

INFO:        660          6.6000    1208798.7816     760430.6288     448368.1528          9.5466     153206.3627      -3425.5839          0.0000          0.0000     610649.8500        300.8394 1352000000.0000

INFO:        680          6.8000    1207502.3833     759183.1759     448319.2074          9.5459     153231.8894      -3392.9526          0.0000          0.0000     609344.2391        300.8066 1352000000.0000

INFO:        700          7.0000    1206245.4871     757946.4124     448299.0748          9.5451     153315.8879      -3438.3263          0.0000          0.0000     608068.8508        300.7931 1352000000.0000

INFO:        720          7.2000    1204713.4022     756420.7497     448292.6525          9.5454     153018.1029      -3408.9613          0.0000          0.0000     606811.6081        300.7888 1352000000.0000

INFO:        740          7.4000    1204198.6590     755694.0830     448504.5761          9.5418     153254.9796      -3156.3181          0.0000          0.0000     605595.4214        300.9310 1352000000.0000

INFO:        760          7.6000    1202753.9645     754648.2564     448105.7081          9.5523     153537.5061      -3261.7037          0.0000          0.0000     604372.4539        300.6633 1352000000.0000

INFO:        780          7.8000    1201287.7614     753469.5981     447818.1633          9.5544     153546.0390      -3249.2564          0.0000          0.0000     603172.8155        300.4704 1352000000.0000

INFO:        800          8.0000    1200355.6378     752855.9976     447499.6402          9.5738     154029.9405      -3178.0749          0.0000          0.0000     602004.1320        300.2567 1352000000.0000

INFO:        820          8.2000    1199557.5330     751770.9646     447786.5684          9.5696     154038.0434      -3142.5758          0.0000          0.0000     600875.4969        300.4492 1352000000.0000

INFO:        840          8.4000    1198528.9580     750464.4624     448064.4956          9.5553     153661.2453      -2962.8540          0.0000          0.0000     599766.0711        300.6357 1352000000.0000

INFO:        860          8.6000    1197468.5197     749844.8449     447623.6748          9.5749     154092.8070      -2930.7812          0.0000          0.0000     598682.8191        300.3399 1352000000.0000

INFO:        880          8.8000    1195958.4784     748914.1801     447044.2983          9.5767     154315.0535      -3023.2825          0.0000          0.0000     597622.4090        299.9512 1352000000.0000

INFO:        900          9.0000    1194967.8872     747136.6186     447831.2686          9.5501     153545.7102      -2968.7724          0.0000          0.0000     596559.6808        300.4792 1352000000.0000

INFO:        920          9.2000    1193914.8305     746287.9791     447626.8514          9.5677     153831.1913      -3059.0371          0.0000          0.0000     595515.8249        300.3420 1352000000.0000

INFO:        940          9.4000    1192467.3395     745125.6365     447341.7029          9.5576     153665.7936      -3044.5578          0.0000          0.0000     594504.4007        300.1507 1352000000.0000

INFO:        960          9.6000    1191174.5839     743782.7833     447391.8006          9.5413     153141.0128      -2898.2228          0.0000          0.0000     593539.9933        300.1843 1352000000.0000

INFO:        980          9.8000    1189465.8127     742824.1364     446641.6763          9.5491     153301.4660      -3063.9895          0.0000          0.0000     592586.6599        299.6810 1352000000.0000

INFO:       1000         10.0000    1188029.4522     741711.0786     446318.3735          9.5467     153119.3290      -3042.5480          0.0000          0.0000     591634.2976        299.4641 1352000000.0000

INFO:       1020         10.2000    1187134.2103     740938.1635     446196.0469          9.5459     153184.5482      -2936.6151          0.0000          0.0000     590690.2304        299.3820 1352000000.0000

INFO:       1040         10.4000    1185904.7579     739349.9503     446554.8076          9.5255     152490.4192      -2918.8972          0.0000          0.0000     589778.4282        299.6227 1352000000.0000

INFO:       1060         10.6000    1184818.7743     738841.3354     445977.4390          9.5345     152620.6290      -2663.1789          0.0000          0.0000     588883.8852        299.2353 1352000000.0000

INFO:       1080         10.8000    1185110.2180     738255.8903     446854.3276          9.5370     152801.7163      -2554.1351          0.0000          0.0000     588008.3092        299.8237 1352000000.0000

INFO:       1100         11.0000    1184514.7034     737611.9935     446902.7099          9.5362     153262.4992      -2763.6384          0.0000          0.0000     587113.1327        299.8562 1352000000.0000

INFO:       1120         11.2000    1184336.2728     736247.8327     448088.4402          9.5255     152642.2712      -2652.5965          0.0000          0.0000     586258.1580        300.6517 1352000000.0000

INFO:       1140         11.4000    1182913.8046     735698.1397     447215.6650          9.5233     152875.5864      -2569.5828          0.0000          0.0000     585392.1360        300.0661 1352000000.0000

INFO:       1160         11.6000    1181983.4934     734968.6349     447014.8585          9.5305     153023.6444      -2608.1978          0.0000          0.0000     584553.1882        299.9314 1352000000.0000

INFO:       1180         11.8000    1181485.3096     734066.9056     447418.4040          9.5317     152938.1666      -2626.3549          0.0000          0.0000     583755.0939        300.2022 1352000000.0000

INFO:       1200         12.0000    1180404.9137     733652.1050     446752.8088          9.5378     153190.8297      -2522.7080          0.0000          0.0000     582983.9833        299.7556 1352000000.0000

INFO:       1220         12.2000    1179176.8887     732679.8486     446497.0401          9.5285     152921.9392      -2459.9208          0.0000          0.0000     582217.8301        299.5840 1352000000.0000

INFO:       1240         12.4000    1178567.5378     732101.0518     446466.4860          9.5268     152960.7899      -2309.5416          0.0000          0.0000     581449.8035        299.5635 1352000000.0000

INFO:       1260         12.6000    1177446.3777     731256.2830     446190.0946          9.5325     152913.9488      -2351.7064          0.0000          0.0000     580694.0407        299.3780 1352000000.0000

INFO:       1280         12.8000    1176347.6657     730058.3551     446289.3106          9.5239     152668.2516      -2552.3792          0.0000          0.0000     579942.4828        299.4446 1352000000.0000

INFO:       1300         13.0000    1175793.7798     729687.4405     446106.3394          9.5347     153015.4522      -2512.9331          0.0000          0.0000     579184.9213        299.3218 1352000000.0000

INFO:       1320         13.2000    1174878.9975     728928.8634     445950.1341          9.5367     152855.4910      -2375.6437          0.0000          0.0000     578449.0161        299.2170 1352000000.0000

INFO:       1340         13.4000    1174111.9968     728568.0651     445543.9317          9.5332     153101.3443      -2239.2158          0.0000          0.0000     577705.9366        298.9445 1352000000.0000

INFO:       1360         13.6000    1173437.3318     727399.9650     446037.3668          9.5228     152776.8523      -2371.6380          0.0000          0.0000     576994.7507        299.2755 1352000000.0000

INFO:       1380         13.8000    1173098.9201     727057.0755     446041.8446          9.5329     153118.0099      -2378.4365          0.0000          0.0000     576317.5021        299.2786 1352000000.0000

INFO:       1400         14.0000    1171990.3320     726276.5200     445713.8120          9.5313     152939.9854      -2305.2395          0.0000          0.0000     575641.7741        299.0585 1352000000.0000

INFO:       1420         14.2000    1170593.8805     725481.6285     445112.2520          9.5374     152788.1128      -2291.9385          0.0000          0.0000     574985.4542        298.6548 1352000000.0000

INFO:       1440         14.4000    1170945.0851     725127.3995     445817.6856          9.5368     152996.7668      -2196.6424          0.0000          0.0000     574327.2751        299.1282 1352000000.0000

INFO:       1460         14.6000    1170378.5404     724367.5894     446010.9510          9.5317     152777.3765      -2108.3381          0.0000          0.0000     573698.5510        299.2578 1352000000.0000

INFO:       1480         14.8000    1170384.5548     724320.7001     446063.8547          9.5509     153250.4031      -2006.8028          0.0000          0.0000     573077.0998        299.2933 1352000000.0000

INFO:       1500         15.0000    1170141.2061     723507.4438     446633.7623          9.5397     153058.7689      -2017.2914          0.0000          0.0000     572465.9664        299.6757 1352000000.0000

INFO:       1520         15.2000    1168901.0024     722982.6293     445918.3731          9.5406     153200.7098      -2053.7970          0.0000          0.0000     571835.7165        299.1957 1352000000.0000

INFO:       1540         15.4000    1168673.2025     722397.9894     446275.2131          9.5394     153302.3012      -2129.4555          0.0000          0.0000     571225.1438        299.4351 1352000000.0000

INFO:       1560         15.6000    1167981.3232     721192.8219     446788.5014          9.5309     152771.2052      -2185.1744          0.0000          0.0000     570606.7911        299.7795 1352000000.0000

INFO:       1580         15.8000    1167301.6265     720485.2246     446816.4020          9.5320     152727.8889      -2229.2277          0.0000          0.0000     569986.5634        299.7983 1352000000.0000

INFO:       1600         16.0000    1166918.7192     720315.9820     446602.7373          9.5463     153106.9043      -2179.6859          0.0000          0.0000     569388.7635        299.6549 1352000000.0000

INFO:       1620         16.2000    1165438.6612     719904.3087     445534.3524          9.5440     153062.3503      -1970.6617          0.0000          0.0000     568812.6202        298.9380 1352000000.0000

INFO:       1640         16.4000    1164659.6811     719229.4503     445430.2308          9.5432     153002.1986      -2002.0834          0.0000          0.0000     568229.3351        298.8682 1352000000.0000

INFO:       1660         16.6000    1164644.6638     718864.6541     445780.0097          9.5427     153271.3267      -2060.6440          0.0000          0.0000     567653.9714        299.1029 1352000000.0000

INFO:       1680         16.8000    1164035.3322     718255.9379     445779.3942          9.5477     153180.4656      -2008.1106          0.0000          0.0000     567083.5829        299.1025 1352000000.0000

INFO:       1700         17.0000    1164109.3950     717804.2904     446305.1046          9.5431     153213.9815      -1936.6540          0.0000          0.0000     566526.9628        299.4552 1352000000.0000

INFO:       1720         17.2000    1163585.6001     717586.4810     445999.1191          9.5569     153676.2963      -2052.9542          0.0000          0.0000     565963.1389        299.2499 1352000000.0000

INFO:       1740         17.4000    1163230.2578     716666.1731     446564.0848          9.5474     153299.3180      -2055.0825          0.0000          0.0000     565421.9376        299.6290 1352000000.0000

INFO:       1760         17.6000    1162715.6660     716661.9162     446053.7499          9.5501     153604.1505      -1803.4676          0.0000          0.0000     564861.2333        299.2865 1352000000.0000

INFO:       1780         17.8000    1161627.0449     716349.8293     445277.2156          9.5549     153804.0190      -1773.0944          0.0000          0.0000     564318.9048        298.7655 1352000000.0000

INFO:       1800         18.0000    1160713.7607     715131.2451     445582.5155          9.5450     153251.5958      -1905.2191          0.0000          0.0000     563784.8684        298.9704 1352000000.0000

INFO:       1820         18.2000    1159750.3217     714470.7420     445279.5797          9.5441     153223.1569      -2010.8947          0.0000          0.0000     563258.4798        298.7671 1352000000.0000

INFO:       1840         18.4000    1159137.2487     713490.8437     445646.4050          9.5269     152789.5762      -2040.4883          0.0000          0.0000     562741.7557        299.0132 1352000000.0000

INFO:       1860         18.6000    1158732.0110     713409.1915     445322.8195          9.5430     153209.3337      -2056.2574          0.0000          0.0000     562256.1152        298.7961 1352000000.0000

INFO:       1880         18.8000    1158855.7350     712793.4285     446062.3065          9.5281     153020.7063      -2000.5285          0.0000          0.0000     561773.2507        299.2923 1352000000.0000

INFO:       1900         19.0000    1159224.6055     712400.3784     446824.2271          9.5409     153037.8167      -1949.5195          0.0000          0.0000     561312.0813        299.8035 1352000000.0000

INFO:       1920         19.2000    1158651.1531     712448.7661     446202.3871          9.5513     153374.0487      -1779.3141          0.0000          0.0000     560854.0315        299.3863 1352000000.0000

INFO:       1940         19.4000    1158192.6611     711786.7730     446405.8882          9.5429     153087.8298      -1725.0670          0.0000          0.0000     560424.0102        299.5228 1352000000.0000

INFO:       1960         19.6000    1157727.0022     711540.7452     446186.2570          9.5424     153126.1525      -1569.6410          0.0000          0.0000     559984.2337        299.3754 1352000000.0000

INFO:       1980         19.8000    1157010.8718     710833.4188     446177.4530          9.5351     152905.0877      -1594.6169          0.0000          0.0000     559522.9480        299.3695 1352000000.0000

INFO:       2000         20.0000    1156317.9428     711025.8069     445292.1359          9.5464     153502.3505      -1532.3236          0.0000          0.0000     559055.7800        298.7755 1352000000.0000

 
[STEP6] Deallocate Arrays
 
Output_Time> Averaged timer profile (Min, Max)
  total time      =     163.698
    setup         =       3.850
    dynamics      =     159.848
      energy      =     105.359
      integrator  =      37.499
      migration   =       0.000
      pairlist    =      14.956 (      14.595,      17.719)
  energy           
    bond          =       0.255 (       0.238,       0.279)
    angle         =       0.016 (       0.015,       0.019)
    dihedral      =       0.015 (       0.014,       0.019)
    base stacking =       0.000 (       0.000,       0.000)
    nonbond       =      45.216 (      43.614,      46.906)
      CG exv      =       1.297 (       1.052,       1.582)
      CG DNA bp   =       0.000 (       0.000,       0.000)
      CG DNA exv  =       0.000 (       0.000,       0.000)
      CG ele      =      29.028 (      28.152,      29.946)
      CG PWMcos   =       0.000 (       0.000,       0.000)
      CG PWMcosns =       0.000 (       0.000,       0.000)
      CG IDR-HPS  =      14.882 (      14.388,      15.468)
      CG IDR-KH   =       0.000 (       0.000,       0.000)
      CG KH       =       0.000 (       0.000,       0.000)
      Contact     =       0.007 (       0.006,       0.008)
      pme real    =       0.000 (       0.000,       0.000)
      pme recip   =       0.000 (       0.000,       0.000)
    solvation     =       0.000 (       0.000,       0.000)
      polar       =       0.000 (       0.000,       0.000)
      non-polar   =       0.000 (       0.000,       0.000)
    restraint     =       0.000 (       0.000,       0.000)
    qmmm          =       0.000 (       0.000,       0.000)
    morph         =       0.000 (       0.000,       0.000)
  integrator       
    constraint    =       0.000 (       0.000,       0.000)
    update        =       0.000 (       0.000,       0.000)
    comm_coord    =       0.000 (       0.000,       0.000)
    comm_force    =       0.000 (       0.000,       0.000)
  migration       =       0.000 (       0.000,       0.000)
    comm_migrate  =       0.000 (       0.000,       0.000)
    ptl_migrate   =       0.000 (       0.000,       0.000)
    bond_migrate  =       0.000 (       0.000,       0.000)
    angl_migrate  =       0.000 (       0.000,       0.000)
    dihe_migrate  =       0.000 (       0.000,       0.000)
    contact_migr  =       0.000 (       0.000,       0.000)
    stack_migrate =       0.000 (       0.000,       0.000)
    pwmcos_migrate =       0.000 (       0.000,       0.000)
    pwmcosns_migr  =       0.000 (       0.000,       0.000)
    nonb_update    =       0.000 (       0.000,       0.000)

