****************************************************
*                                                  *
*                  GENESIS ATDYN                   *
*                                                  *
*        A Molecular Dynamics Simulator with       *
*            Atomic Decomposition Scheme           *
*                                                  *
*               Developed by RIKEN                 *
*                                                  *
****************************************************
 
[STEP0] Architecture and Compiler Information
 
GENESIS_Information> GENESIS Information
  version      = 2.0.0
  commit ID    = $GENESIS_VERSION$
  precision    = double
  nonbonding   = CPU

Build_Information> Compiler Information
  build host   = jjwsmj@hokusai2
  fortran      = ifort (IFORT) 2021.7.1 20221019
  option       = 
  -axCORE-AVX512 -g -O3  -qmkl=parallel  -assume byterecl -qopenmp  
  C            = 
 icc: remark #10441: The Intel(R) C++ Compiler Classic (ICC) is deprecated and w
 ill be removed from product release in the second half of 2023. The Intel(R) on
 eAPI DPC++/C++ Compiler (ICX) is the recommended compiler moving forward. Pleas
 e transition to use this compiler. Use '-diag-disable=10441' to disable this me
 ssage.
  option       = -O3 -ip -axCORE-AVX2  -qopenmp 
  defined var. = 
  -DHAVE_MPI_GENESIS -DOMP -DIFORT19 -DFFTE -DLAPACK -DDSFMT_MEXP=19937 -DINTEL
  link option  = 
  -assume byterecl -lgfortran -qopenmp  -lmkl_intel_lp64 -lmkl_sequential -lmkl_
 core -lmkl_lapack95_lp64   
  MPI Compiler = Intel(R) MPI

Runtime_Information> Machine and Library Information
  date       = 2023/05/12 16:48:27
  cpu model    = Intel(R) Xeon(R) Gold 6148 CPU @ 2.40GHz
  exec. host   = jjwsmj@bwmpc0154
  LD library   = 
 /bwfefs/opt/x86_64/intel/oneapi/2022.3/mpi/2021.7.1/libfabric/lib:/bwfefs/opt/x
 86_64/intel/oneapi/2022.3/mpi/2021.7.1/lib/release:/bwfefs/opt/x86_64/intel/one
 api/2022.3/mpi/2021.7.1/lib:/bwfefs/opt/x86_64/intel/oneapi/2022.3/tbb/2021.7.1
 /lib/intel64/gcc4.8:/usr/lib64:/bwfefs/opt/x86_64/intel/oneapi/2022.3/vpl/2022.
 2.5/lib:/bwfefs/opt/x86_64/intel/oneapi/2022.3/mkl/latest/lib/intel64:/bwfefs/o
 pt/x86_64/intel/oneapi/2022.3/itac/2021.7.1/slib:/bwfefs/opt/x86_64/intel/oneap
 i/2022.3/ippcp/2021.6.2/lib/intel64:/bwfefs/opt/x86_64/intel/oneapi/2022.3/ipp/
 2021.6.2/lib/intel64:/bwfefs/opt/x86_64/intel/oneapi/2022.3/dnnl/2022.2.1/cpu_d
 pcpp_gpu_dpcpp/lib:/bwfefs/opt/x86_64/intel/oneapi/2022.3/dal/2021.7.1/lib/inte
 l64:/bwfefs/opt/x86_64/intel/oneapi/2022.3/compiler/2022.2.1/linux/compiler/lib
 :/bwfefs/opt/x86_64/intel/oneapi/2022.3/compiler/2022.2.1/linux/lib/oclfpga/hos
 t/linux64/lib:/bwfefs/opt/x86_64/intel/oneapi/2022.3/compiler/2022.2.1/linux/li
 b/oclfpga/linux64/lib:/bwfefs/opt/x86_64/intel/oneapi/2022.3/compiler/2022.2.1/
 linux/lib:/bwfefs/opt/x86_64/intel/oneapi/2022.3/compiler/2022.2.1/linux/lib/x6
 4:/bwfefs/opt/x86_64/intel/oneapi/2022.3/compiler/2022.2.1/linux/lib/emu:/bwfef
 s/opt/x86_64/intel/oneapi/2022.3/compiler/2022.2.1/linux/compiler/lib/intel64_l
 in:/bwfefs/opt/x86_64/intel/oneapi/2022.3/debugger/2021.7.1/dep/lib:/bwfefs/opt
 /x86_64/intel/oneapi/2022.3/debugger/2021.7.1/libipt/intel64/lib:/bwfefs/opt/x8
 6_64/intel/oneapi/2022.3/debugger/2021.7.1/gdb/intel64/lib:/bwfefs/opt/x86_64/
 MPI Runtime = Intel(R) MPI Library 2021.7 for Linux* OS


[STEP1] Read Control Parameters
 
Read_Ctrl_Input> Input Files
  grotopfile = pro.top
  grocrdfile = crd/pos_5000.gro
 
Read_Ctrl_Output> Output Files
 
Read_Ctrl_Energy> WARNING: "water_model" is not available
Read_Ctrl_Energy> Parameters of Energy Calculations
  forcefield      =    RESIDCG
  switchdist      =     10.000  cutoffdist      =     12.000
  pairlistdist    =     13.500  dielec_const    =      1.000
  debye           =     10.000
  vdw_force_switch=         no
  electrostatic   =  CUTOFF
  implicit_solvent=       none
  table           =         no
  water_model     =       NONE
  output_style    =    GENESIS
  dispersion_corr =       none
  nonb_limiter    =      no
  user def. table =     no
  efield_x        =           0.000
  efield_y        =           0.000
  efield_z        =           0.000
  efield_normal   =              no
  efield_virial   =              no
 
Read_Ctrl_Dynamics> Parameters of MD simulation
  integrator      =    VVER_CG  nsteps          =       2000
  timestep        =     0.0100  initial_time    =     0.0000
  eneout_period   =         20  rstout_period   =          0
  crdout_period   =          0  velout_period   =          0
  nbupdate_period =         20  stoptr_period   =         10
  qmsave_period   =          0
  iseed           =         -1
  annealing       =         no
  verbose         =         no
  target_md       =         no
  steered_md      =         no
  shrink_box      =         no
  esp_mm          =         no
 
Read_Ctrl_Constraints> Parameters for Constraints
  rigid_bond      =         no
  fixatm_select_index        =       none
 
Read_Ctrl_Ensemble> Parameters for Ensemble
  ensemble        =        NVT
  temperature     =    300.000
  tpcontrol       =   LANGEVIN
  gamma_t         =      1.000
 
Read_Ctrl_Boundary> Parameters of Boundary Condition
  type            =     PBC   
  box_size(x,y,z) =   3200.000   650.000   650.000
  pairlist_grid   =      3.000
 
Read_Ctrl_Selection> Parameters of Selection
  # of groups     =          0
  # of mole names =          0
 
Read_Ctrl_Restraints> No restraint in the system

Read_Ctrl_Fitting_MD> Parameters of Fitting
  fitting method  =  TR+ROT   
  fitting atom    = group1
  mass_weight     =         no
 
[STEP2] Setup MPI
 
Setup_Mpi_Md> Summary of Setup MPI
  number of MPI processes   =          8
  number of OpenMP threads  =          5
  total number of CPU cores =         40

[STEP3] Set Relevant Variables and Structures
 
Read_Grotop> Summary of Grotopfile
  num_moltypes    =          1
    pos100_cg             :
      num_atoms   =        100
      num_bonds   =         99
      num_angls   =          0
      num_dihes   =          0
      num_cmaps   =          0
      num_excls   =          0
      num_constrs =          0
      num_pairs   =          0
      num_vsites2 =          0
      num_vsites3 =          0
      num_vsites4 =          0
      num_vsitesn =          0
      num_posress =          0
      num_PWMcos  =          0
      num_PWMcosns=          0
      num_IDR_HPS =          1
      num_IDR_KH  =          0
    .. not used molecule types were hidden.

  num_molecules   =       5000
    pos100_cg             :  5000

  num_atomtypes   =         33  num_bondtypes   =          0
  num_angltypes   =          0  num_dihetypes   =          0
  num_flangltypes           20
  num_fldihetypes          400
  num_constrtypes =          0  num_cmaptypes   =          0
  num_nbonparms   =          0
  num_basestacktypes  =     16
  num_basepairtypes   =      4
  num_basecrosstypes  =     32
  num_cgdnaexvtypes   =      6
  num_cgelemolpairs   =      1
  num_cg_IDR_HPS_atomtypes  =     20
  num_cg_KH_atomtypes  =    20

  num_cg_pair_MJ_eps   =   400

Define_Molecule> Summary of molecules
  num_atoms       =     500000  num_bonds       =     495000
  num_angles      =          0  num_dihedrals   =          0
  num_impropers   =          0  num_cmap_terms  =          0
  num_residues    =     500000  num_molecules   =       5000
  num_segments    =          1  num_deg_freedom =    1500000
  total_charge    = 500000.000
 
Update_Num_Deg_Freedom> Number of degrees of freedom was updated
  num_deg_freedom =    1499997 (After removing translation)
 
Setup_Boundary> Setup Variables for Boundary Condition
  box_size(x,y,z) =   3200.000   650.000   650.000
  origin(x,y,z)   =      0.000     0.000     0.000
 
Random_Init> Initialize the random number
  seed            = 256396

Define_Enefunc_Gromacs> Number of Interactions in Each Term
  bond_ene        =     495000  angle_ene       =          0
  torsion_ene     =          0  rb_torsion_ene  =          0
  improper_ene    =          0
  nb_exclusions   =     495000  nb14_calc       =          0
  vsite2_ene      =          0  vsite3_ene      =          0
  vsite3fd_ene    =          0  vsite3fad_ene   =          0
  vsite3out_ene   =          0  vsite4fdn_ene   =          0
  vsiten_ene      =          0
 restraint_groups =          0 restraint_funcs  =          0
 
Get_Morph_in> Morphing check
  morphing_bb     =          0  morphing_sc     =          0
 
Setup_Fitting_Atdyn> NO fitting is applied, skip
  fitting method  =  NO
 
[STEP4] Compute Single Point Energy for Molecules
 
            STEP          ENERGY            BOND  NATIVE_CONTACT NON-NATIVE_CONT           ELECT         IDR_HPS          CG_EXV
 --------------- --------------- --------------- --------------- ---------------
               0     853902.2916     170690.3546          0.0000          0.0000     681472.3800       1739.5570          0.0000

[STEP5] Perform Molecular Dynamics Simulation
 
Generate_Velocity> Generate initial velocities
  iseed           =     256396
  temperature     =    300.000
 
Random_Init_Velocity> Initialize the random number
  seed            = 256396

INFO:       STEP            TIME       TOTAL_ENE   POTENTIAL_ENE     KINETIC_ENE            RMSG            BOND         IDR_HPS  NATIVE_CONTACT          CG_EXV           ELECT     TEMPERATURE          VOLUME
 --------------- --------------- --------------- --------------- ---------------
INFO:          0          0.0000    1301197.8460     853902.2916     447295.5544         10.1780     170690.3546       1739.5570          0.0000          0.0000     681472.3800        300.1197 1352000000.0000

Random_Init> Initialize the random number
  seed            = 366064406

INFO:         20          0.2000    1295181.0441     842638.2121     452542.8320          9.8694     161225.3646        659.0767          0.0000          0.0000     680753.7708        303.6405 1352000000.0000

INFO:         40          0.4000    1291211.7567     837253.2236     453958.5331          9.7857     159411.0855      -1100.1670          0.0000          0.0000     678942.3051        304.5904 1352000000.0000

INFO:         60          0.6000    1286987.7945     831777.6080     455210.1866          9.7223     157776.7982      -2436.2113          0.0000          0.0000     676437.0211        305.4302 1352000000.0000

INFO:         80          0.8000    1282174.0904     826176.7979     455997.2925          9.6724     156442.6509      -3799.4875          0.0000          0.0000     673533.6346        305.9583 1352000000.0000

INFO:        100          1.0000    1277853.3583     821885.8271     455967.5313          9.6488     155920.7036      -4476.5832          0.0000          0.0000     670441.7067        305.9383 1352000000.0000

INFO:        120          1.2000    1274055.6185     817745.6306     456309.9879          9.6300     155177.5134      -4767.7200          0.0000          0.0000     667335.8373        306.1681 1352000000.0000

INFO:        140          1.4000    1269915.5828     814232.4924     455683.0904          9.6181     155017.2519      -5044.9009          0.0000          0.0000     664260.1414        305.7475 1352000000.0000

INFO:        160          1.6000    1265522.3403     810851.5050     454670.8352          9.5994     154513.1996      -4898.3923          0.0000          0.0000     661236.6977        305.0683 1352000000.0000

INFO:        180          1.8000    1262047.7092     808063.2618     453984.4474          9.6035     154647.6166      -4881.8431          0.0000          0.0000     658297.4883        304.6078 1352000000.0000

INFO:        200          2.0000    1258143.4834     804367.7050     453775.7784          9.5906     153984.4292      -5049.5845          0.0000          0.0000     655432.8602        304.4678 1352000000.0000

INFO:        220          2.2000    1254226.3104     801244.7355     452981.5749          9.5766     153679.2606      -5076.9998          0.0000          0.0000     652642.4746        303.9349 1352000000.0000

INFO:        240          2.4000    1251387.1808     798599.2936     452787.8871          9.5729     153786.6014      -5121.7499          0.0000          0.0000     649934.4421        303.8049 1352000000.0000

INFO:        260          2.6000    1248539.0124     796264.0120     452275.0004          9.5755     154097.5834      -5136.7495          0.0000          0.0000     647303.1781        303.4608 1352000000.0000

INFO:        280          2.8000    1245803.8787     793778.5737     452025.3051          9.5845     154086.5588      -5091.1187          0.0000          0.0000     644783.1336        303.2932 1352000000.0000

INFO:        300          3.0000    1243007.8735     791589.6403     451418.2333          9.5812     154116.5462      -4871.3668          0.0000          0.0000     642344.4609        302.8859 1352000000.0000

INFO:        320          3.2000    1241287.9251     789205.7615     452082.1636          9.5790     154007.3592      -4793.2831          0.0000          0.0000     639991.6854        303.3314 1352000000.0000

INFO:        340          3.4000    1238059.0966     786733.9761     451325.1205          9.5632     153775.8549      -4760.4350          0.0000          0.0000     637718.5563        302.8234 1352000000.0000

INFO:        360          3.6000    1235782.3128     784400.1882     451382.1246          9.5597     153451.4965      -4597.2761          0.0000          0.0000     635545.9679        302.8617 1352000000.0000

INFO:        380          3.8000    1233720.2600     782736.2633     450983.9967          9.5633     153753.8003      -4480.2898          0.0000          0.0000     633462.7527        302.5946 1352000000.0000

INFO:        400          4.0000    1231275.8433     780084.9106     451190.9327          9.5449     153191.4356      -4559.0631          0.0000          0.0000     631452.5382        302.7334 1352000000.0000

INFO:        420          4.2000    1228424.9800     778980.4653     449444.5146          9.5726     153874.3417      -4424.0708          0.0000          0.0000     629530.1944        301.5616 1352000000.0000

INFO:        440          4.4000    1225974.0065     776691.3067     449282.6998          9.5517     153436.7094      -4375.4393          0.0000          0.0000     627630.0367        301.4531 1352000000.0000

INFO:        460          4.6000    1223207.7088     774601.0351     448606.6737          9.5498     153152.4694      -4353.6005          0.0000          0.0000     625802.1661        300.9995 1352000000.0000

INFO:        480          4.8000    1221655.9316     772798.7085     448857.2231          9.5401     152896.6574      -4116.7438          0.0000          0.0000     624018.7949        301.1676 1352000000.0000

INFO:        500          5.0000    1220052.4816     771256.4753     448796.0064          9.5353     153064.9494      -4086.3704          0.0000          0.0000     622277.8963        301.1265 1352000000.0000

INFO:        520          5.2000    1218288.8523     769499.5213     448789.3310          9.5327     152758.2201      -3865.5732          0.0000          0.0000     620606.8744        301.1220 1352000000.0000

INFO:        540          5.4000    1216043.9664     767646.4149     448397.5515          9.5243     152570.9530      -3875.9375          0.0000          0.0000     618951.3994        300.8592 1352000000.0000

INFO:        560          5.6000    1214984.7709     766174.3237     448810.4472          9.5277     152711.6666      -3900.8670          0.0000          0.0000     617363.5241        301.1362 1352000000.0000

INFO:        580          5.8000    1214647.3834     764946.2672     449701.1162          9.5346     152893.9560      -3775.0356          0.0000          0.0000     615827.3468        301.7338 1352000000.0000

INFO:        600          6.0000    1212899.5214     764102.5680     448796.9533          9.5513     153378.5313      -3605.5192          0.0000          0.0000     614329.5559        301.1271 1352000000.0000

INFO:        620          6.2000    1210723.5884     762399.4200     448324.1684          9.5368     153038.8842      -3552.1552          0.0000          0.0000     612912.6910        300.8099 1352000000.0000

INFO:        640          6.4000    1209526.0927     760831.6123     448694.4804          9.5265     152781.1030      -3469.7249          0.0000          0.0000     611520.2341        301.0584 1352000000.0000

INFO:        660          6.6000    1208408.7460     759637.7045     448771.0414          9.5352     152983.7132      -3508.9292          0.0000          0.0000     610162.9205        301.1098 1352000000.0000

INFO:        680          6.8000    1207065.3222     758539.1662     448526.1560          9.5389     153167.4730      -3499.3443          0.0000          0.0000     608871.0375        300.9454 1352000000.0000

INFO:        700          7.0000    1205261.8521     757404.9028     447856.9493          9.5366     152981.2899      -3191.5075          0.0000          0.0000     607615.1205        300.4964 1352000000.0000

INFO:        720          7.2000    1204291.3214     756549.6296     447741.6918          9.5387     153269.7924      -3097.3215          0.0000          0.0000     606377.1588        300.4191 1352000000.0000

INFO:        740          7.4000    1203307.7227     754964.5438     448343.1788          9.5292     153027.4684      -3240.0568          0.0000          0.0000     605177.1322        300.8227 1352000000.0000

INFO:        760          7.6000    1201900.8544     753668.0590     448232.7954          9.5367     152845.2026      -3158.3904          0.0000          0.0000     603981.2468        300.7486 1352000000.0000

INFO:        780          7.8000    1200835.6427     753197.7390     447637.9038          9.5453     153344.1520      -2969.7436          0.0000          0.0000     602823.3306        300.3495 1352000000.0000

INFO:        800          8.0000    1199216.3470     752311.1070     446905.2399          9.5496     153566.8491      -2920.3584          0.0000          0.0000     601664.6163        299.8579 1352000000.0000

INFO:        820          8.2000    1198059.0344     749860.3525     448198.6819          9.5178     152440.5294      -3105.6937          0.0000          0.0000     600525.5167        300.7257 1352000000.0000

INFO:        840          8.4000    1196962.0644     748962.3976     447999.6669          9.5216     152652.6956      -3096.8017          0.0000          0.0000     599406.5036        300.5922 1352000000.0000

INFO:        860          8.6000    1195168.8386     747892.6351     447276.2034          9.5258     152624.2728      -3060.0759          0.0000          0.0000     598328.4382        300.1068 1352000000.0000

INFO:        880          8.8000    1194660.4728     746844.6496     447815.8232          9.5280     152835.0388      -3256.7598          0.0000          0.0000     597266.3705        300.4688 1352000000.0000

INFO:        900          9.0000    1193400.7548     745830.9351     447569.8198          9.5321     152609.4541      -3035.6317          0.0000          0.0000     596257.1126        300.3038 1352000000.0000

INFO:        920          9.2000    1193333.3604     745669.5375     447663.8229          9.5525     153422.6470      -2980.9767          0.0000          0.0000     595227.8671        300.3668 1352000000.0000

INFO:        940          9.4000    1191820.3816     744458.8805     447361.5011          9.5565     153409.5509      -3184.4039          0.0000          0.0000     594233.7335        300.1640 1352000000.0000

INFO:        960          9.6000    1190612.6057     743292.3199     447320.2858          9.5476     153222.5338      -3189.1690          0.0000          0.0000     593258.9550        300.1363 1352000000.0000

INFO:        980          9.8000    1189376.1246     742368.6999     447007.4247          9.5375     153078.7310      -3024.0290          0.0000          0.0000     592313.9980        299.9264 1352000000.0000

INFO:       1000         10.0000    1188479.4244     741495.8891     446983.5353          9.5363     153026.4690      -2933.9372          0.0000          0.0000     591403.3574        299.9104 1352000000.0000

INFO:       1020         10.2000    1187661.4671     741262.5017     446398.9654          9.5573     153511.2386      -2742.0546          0.0000          0.0000     590493.3177        299.5182 1352000000.0000

INFO:       1040         10.4000    1186978.8251     739927.9996     447050.8255          9.5459     153077.7199      -2745.8793          0.0000          0.0000     589596.1590        299.9555 1352000000.0000

INFO:       1060         10.6000    1185237.0088     739027.6901     446209.3188          9.5512     153191.1663      -2865.3706          0.0000          0.0000     588701.8944        299.3909 1352000000.0000

INFO:       1080         10.8000    1184763.1835     738662.2567     446100.9268          9.5731     153710.5604      -2873.3716          0.0000          0.0000     587825.0679        299.3182 1352000000.0000

INFO:       1100         11.0000    1183838.6745     737113.0867     446725.5879          9.5501     153059.9260      -2920.9427          0.0000          0.0000     586974.1033        299.7373 1352000000.0000

INFO:       1120         11.2000    1183309.0215     736645.1788     446663.8427          9.5571     153398.4111      -2893.3873          0.0000          0.0000     586140.1550        299.6959 1352000000.0000

INFO:       1140         11.4000    1182628.2949     735715.9463     446912.3486          9.5461     153096.9587      -2722.7207          0.0000          0.0000     585341.7083        299.8626 1352000000.0000

INFO:       1160         11.6000    1181816.4421     735483.3058     446333.1362          9.5606     153614.3695      -2678.1547          0.0000          0.0000     584547.0911        299.4740 1352000000.0000

INFO:       1180         11.8000    1180811.9510     734271.8550     446540.0960          9.5474     153046.1293      -2531.2275          0.0000          0.0000     583756.9531        299.6129 1352000000.0000

INFO:       1200         12.0000    1179709.5086     733600.7086     446108.8000          9.5441     153251.7695      -2621.5399          0.0000          0.0000     582970.4790        299.3235 1352000000.0000

INFO:       1220         12.2000    1179034.6169     732679.3431     446355.2738          9.5361     153035.1220      -2555.1669          0.0000          0.0000     582199.3881        299.4889 1352000000.0000

INFO:       1240         12.4000    1179149.3231     732242.0466     446907.2765          9.5480     153272.8006      -2484.1008          0.0000          0.0000     581453.3468        299.8592 1352000000.0000

INFO:       1260         12.6000    1178105.1365     731319.5226     446785.6139          9.5542     153251.5248      -2655.1140          0.0000          0.0000     580723.1119        299.7776 1352000000.0000

INFO:       1280         12.8000    1177264.3496     730425.8848     446838.4649          9.5416     153103.3991      -2684.6934          0.0000          0.0000     580007.1790        299.8131 1352000000.0000

INFO:       1300         13.0000    1176344.0168     730337.3706     446006.6461          9.5455     153413.9051      -2415.8114          0.0000          0.0000     579339.2769        299.2549 1352000000.0000

INFO:       1320         13.2000    1175400.3497     729307.5701     446092.7796          9.5337     153005.8213      -2389.4539          0.0000          0.0000     578691.2027        299.3127 1352000000.0000

INFO:       1340         13.4000    1174387.7826     728630.5684     445757.2142          9.5320     152927.5194      -2317.6817          0.0000          0.0000     578020.7307        299.0876 1352000000.0000

INFO:       1360         13.6000    1174577.5793     728314.6694     446262.9100          9.5404     153109.7321      -2154.8703          0.0000          0.0000     577359.8076        299.4269 1352000000.0000

INFO:       1380         13.8000    1174274.8025     727838.5218     446436.2807          9.5433     153282.4448      -2150.8687          0.0000          0.0000     576706.9456        299.5432 1352000000.0000

INFO:       1400         14.0000    1173304.5040     727371.9243     445932.5797          9.5616     153539.5133      -2213.3338          0.0000          0.0000     576045.7447        299.2052 1352000000.0000

INFO:       1420         14.2000    1173138.4490     726352.7896     446785.6594          9.5584     153271.1422      -2333.9096          0.0000          0.0000     575415.5569        299.7776 1352000000.0000

INFO:       1440         14.4000    1172583.2221     726301.5743     446281.6478          9.5589     153719.5292      -2184.1807          0.0000          0.0000     574766.2259        299.4395 1352000000.0000

INFO:       1460         14.6000    1172083.6186     725512.8423     446570.7763          9.5568     153434.6867      -2057.1260          0.0000          0.0000     574135.2816        299.6334 1352000000.0000

INFO:       1480         14.8000    1171537.7348     725414.9943     446122.7405          9.5703     153918.2577      -2001.0434          0.0000          0.0000     573497.7799        299.3328 1352000000.0000

INFO:       1500         15.0000    1170430.4016     723832.5613     446597.8403          9.5456     153128.0582      -2131.9449          0.0000          0.0000     572836.4479        299.6516 1352000000.0000

INFO:       1520         15.2000    1169901.0595     723763.2513     446137.8083          9.5592     153723.3834      -2144.0597          0.0000          0.0000     572183.9276        299.3429 1352000000.0000

INFO:       1540         15.4000    1169196.7870     722336.7104     446860.0766          9.5374     152877.4897      -2098.4539          0.0000          0.0000     571557.6747        299.8276 1352000000.0000

INFO:       1560         15.6000    1169093.2584     722105.6612     446987.5972          9.5463     153213.5770      -2015.1780          0.0000          0.0000     570907.2622        299.9131 1352000000.0000

INFO:       1580         15.8000    1169281.3147     721980.6174     447300.6974          9.5529     153626.7292      -1924.3938          0.0000          0.0000     570278.2821        300.1232 1352000000.0000

INFO:       1600         16.0000    1169057.2430     721445.8267     447611.4163          9.5602     153728.6935      -1934.7961          0.0000          0.0000     569651.9293        300.3317 1352000000.0000

INFO:       1620         16.2000    1167690.7474     720955.3621     446735.3854          9.5631     153971.0817      -2052.2986          0.0000          0.0000     569036.5790        299.7439 1352000000.0000

INFO:       1640         16.4000    1166995.2568     720190.0720     446805.1848          9.5580     153732.3366      -2007.1110          0.0000          0.0000     568464.8465        299.7907 1352000000.0000

INFO:       1660         16.6000    1166194.8634     719398.8015     446796.0619          9.5514     153544.2835      -2057.7334          0.0000          0.0000     567912.2514        299.7846 1352000000.0000

INFO:       1680         16.8000    1164348.6279     718663.6512     445684.9767          9.5500     153371.3382      -2054.2733          0.0000          0.0000     567346.5862        299.0391 1352000000.0000

INFO:       1700         17.0000    1163969.6794     717826.1364     446143.5430          9.5377     153129.6781      -2079.3188          0.0000          0.0000     566775.7771        299.3468 1352000000.0000

INFO:       1720         17.2000    1163907.6644     718111.8338     445795.8306          9.5579     153907.3858      -2012.8416          0.0000          0.0000     566217.2897        299.1135 1352000000.0000

INFO:       1740         17.4000    1163219.3290     717184.8697     446034.4592          9.5505     153375.8433      -1859.2680          0.0000          0.0000     565668.2944        299.2736 1352000000.0000

INFO:       1760         17.6000    1163084.9436     716414.5390     446670.4047          9.5463     153263.8673      -1973.4902          0.0000          0.0000     565124.1619        299.7003 1352000000.0000

INFO:       1780         17.8000    1163026.9520     716159.7189     446867.2331          9.5504     153455.5915      -1892.2605          0.0000          0.0000     564596.3879        299.8324 1352000000.0000

INFO:       1800         18.0000    1163705.0519     715892.0344     447813.0175          9.5571     153773.3957      -1948.2204          0.0000          0.0000     564066.8592        300.4669 1352000000.0000

INFO:       1820         18.2000    1163107.0529     715105.5475     448001.5054          9.5481     153475.9345      -1924.4645          0.0000          0.0000     563554.0775        300.5934 1352000000.0000

INFO:       1840         18.4000    1161616.0441     714923.6881     446692.3560          9.5467     153613.5294      -1742.8070          0.0000          0.0000     563052.9658        299.7150 1352000000.0000

INFO:       1860         18.6000    1160675.3734     714267.4347     446407.9387          9.5515     153422.2098      -1712.7416          0.0000          0.0000     562557.9666        299.5242 1352000000.0000

INFO:       1880         18.8000    1160542.1371     713766.0355     446776.1016          9.5505     153406.7455      -1721.6633          0.0000          0.0000     562080.9532        299.7712 1352000000.0000

INFO:       1900         19.0000    1159539.8621     713173.5853     446366.2769          9.5501     153421.5566      -1840.0573          0.0000          0.0000     561592.0859        299.4962 1352000000.0000

INFO:       1920         19.2000    1158986.2395     712890.4916     446095.7480          9.5560     153486.8982      -1723.7560          0.0000          0.0000     561127.3494        299.3147 1352000000.0000

INFO:       1940         19.4000    1159024.4423     712516.3475     446508.0948          9.5510     153336.4230      -1483.9039          0.0000          0.0000     560663.8284        299.5914 1352000000.0000

INFO:       1960         19.6000    1158129.2635     711549.3518     446579.9116          9.5360     152911.0739      -1568.7595          0.0000          0.0000     560207.0374        299.6396 1352000000.0000

INFO:       1980         19.8000    1157421.2042     711303.7311     446117.4731          9.5483     153411.3839      -1858.1897          0.0000          0.0000     559750.5369        299.3293 1352000000.0000

INFO:       2000         20.0000    1156373.7682     711003.7663     445370.0019          9.5552     153380.0753      -1684.8412          0.0000          0.0000     559308.5322        298.8278 1352000000.0000

 
[STEP6] Deallocate Arrays
 
Output_Time> Averaged timer profile (Min, Max)
  total time      =     401.744
    setup         =       4.449
    dynamics      =     397.294
      energy      =     305.650
      integrator  =      46.601
      migration   =       0.000
      pairlist    =      43.528 (      42.469,      44.648)
  energy           
    bond          =       2.195 (       2.053,       2.420)
    angle         =       0.015 (       0.014,       0.017)
    dihedral      =       0.014 (       0.014,       0.016)
    base stacking =       0.000 (       0.000,       0.000)
    nonbond       =     252.119 (     247.519,     256.517)
      CG exv      =       1.262 (       1.025,       1.545)
      CG DNA bp   =       0.000 (       0.000,       0.000)
      CG DNA exv  =       0.000 (       0.000,       0.000)
      CG ele      =     172.859 (     170.042,     175.550)
      CG PWMcos   =       0.000 (       0.000,       0.000)
      CG PWMcosns =       0.000 (       0.000,       0.000)
      CG IDR-HPS  =      77.991 (      76.443,      79.567)
      CG IDR-KH   =       0.000 (       0.000,       0.000)
      CG KH       =       0.000 (       0.000,       0.000)
      Contact     =       0.006 (       0.005,       0.006)
      pme real    =       0.000 (       0.000,       0.000)
      pme recip   =       0.000 (       0.000,       0.000)
    solvation     =       0.000 (       0.000,       0.000)
      polar       =       0.000 (       0.000,       0.000)
      non-polar   =       0.000 (       0.000,       0.000)
    restraint     =       0.000 (       0.000,       0.000)
    qmmm          =       0.000 (       0.000,       0.000)
    morph         =       0.000 (       0.000,       0.000)
  integrator       
    constraint    =       0.000 (       0.000,       0.000)
    update        =       0.000 (       0.000,       0.000)
    comm_coord    =       0.000 (       0.000,       0.000)
    comm_force    =       0.000 (       0.000,       0.000)
  migration       =       0.000 (       0.000,       0.000)
    comm_migrate  =       0.000 (       0.000,       0.000)
    ptl_migrate   =       0.000 (       0.000,       0.000)
    bond_migrate  =       0.000 (       0.000,       0.000)
    angl_migrate  =       0.000 (       0.000,       0.000)
    dihe_migrate  =       0.000 (       0.000,       0.000)
    contact_migr  =       0.000 (       0.000,       0.000)
    stack_migrate =       0.000 (       0.000,       0.000)
    pwmcos_migrate =       0.000 (       0.000,       0.000)
    pwmcosns_migr  =       0.000 (       0.000,       0.000)
    nonb_update    =       0.000 (       0.000,       0.000)

