****************************************************
*                                                  *
*                  GENESIS ATDYN                   *
*                                                  *
*        A Molecular Dynamics Simulator with       *
*            Atomic Decomposition Scheme           *
*                                                  *
*               Developed by RIKEN                 *
*                                                  *
****************************************************
 
[STEP0] Architecture and Compiler Information
 
GENESIS_Information> GENESIS Information
  version      = 2.0.0
  commit ID    = $GENESIS_VERSION$
  precision    = double
  nonbonding   = CPU

Build_Information> Compiler Information
  build host   = jjwsmj@hokusai2
  fortran      = ifort (IFORT) 2021.7.1 20221019
  option       = 
  -axCORE-AVX512 -g -O3  -qmkl=parallel  -assume byterecl -qopenmp  
  C            = 
 icc: remark #10441: The Intel(R) C++ Compiler Classic (ICC) is deprecated and w
 ill be removed from product release in the second half of 2023. The Intel(R) on
 eAPI DPC++/C++ Compiler (ICX) is the recommended compiler moving forward. Pleas
 e transition to use this compiler. Use '-diag-disable=10441' to disable this me
 ssage.
  option       = -O3 -ip -axCORE-AVX2  -qopenmp 
  defined var. = 
  -DHAVE_MPI_GENESIS -DOMP -DIFORT19 -DFFTE -DLAPACK -DDSFMT_MEXP=19937 -DINTEL
  link option  = 
  -assume byterecl -lgfortran -qopenmp  -lmkl_intel_lp64 -lmkl_sequential -lmkl_
 core -lmkl_lapack95_lp64   
  MPI Compiler = Intel(R) MPI

Runtime_Information> Machine and Library Information
  date       = 2023/05/12 16:48:34
  cpu model    = Intel(R) Xeon(R) Gold 6148 CPU @ 2.40GHz
  exec. host   = jjwsmj@bwmpc0159
  LD library   = 
 /bwfefs/opt/x86_64/intel/oneapi/2022.3/mpi/2021.7.1/libfabric/lib:/bwfefs/opt/x
 86_64/intel/oneapi/2022.3/mpi/2021.7.1/lib/release:/bwfefs/opt/x86_64/intel/one
 api/2022.3/mpi/2021.7.1/lib:/bwfefs/opt/x86_64/intel/oneapi/2022.3/tbb/2021.7.1
 /lib/intel64/gcc4.8:/usr/lib64:/bwfefs/opt/x86_64/intel/oneapi/2022.3/vpl/2022.
 2.5/lib:/bwfefs/opt/x86_64/intel/oneapi/2022.3/mkl/latest/lib/intel64:/bwfefs/o
 pt/x86_64/intel/oneapi/2022.3/itac/2021.7.1/slib:/bwfefs/opt/x86_64/intel/oneap
 i/2022.3/ippcp/2021.6.2/lib/intel64:/bwfefs/opt/x86_64/intel/oneapi/2022.3/ipp/
 2021.6.2/lib/intel64:/bwfefs/opt/x86_64/intel/oneapi/2022.3/dnnl/2022.2.1/cpu_d
 pcpp_gpu_dpcpp/lib:/bwfefs/opt/x86_64/intel/oneapi/2022.3/dal/2021.7.1/lib/inte
 l64:/bwfefs/opt/x86_64/intel/oneapi/2022.3/compiler/2022.2.1/linux/compiler/lib
 :/bwfefs/opt/x86_64/intel/oneapi/2022.3/compiler/2022.2.1/linux/lib/oclfpga/hos
 t/linux64/lib:/bwfefs/opt/x86_64/intel/oneapi/2022.3/compiler/2022.2.1/linux/li
 b/oclfpga/linux64/lib:/bwfefs/opt/x86_64/intel/oneapi/2022.3/compiler/2022.2.1/
 linux/lib:/bwfefs/opt/x86_64/intel/oneapi/2022.3/compiler/2022.2.1/linux/lib/x6
 4:/bwfefs/opt/x86_64/intel/oneapi/2022.3/compiler/2022.2.1/linux/lib/emu:/bwfef
 s/opt/x86_64/intel/oneapi/2022.3/compiler/2022.2.1/linux/compiler/lib/intel64_l
 in:/bwfefs/opt/x86_64/intel/oneapi/2022.3/debugger/2021.7.1/dep/lib:/bwfefs/opt
 /x86_64/intel/oneapi/2022.3/debugger/2021.7.1/libipt/intel64/lib:/bwfefs/opt/x8
 6_64/intel/oneapi/2022.3/debugger/2021.7.1/gdb/intel64/lib:/bwfefs/opt/x86_64/
 MPI Runtime = Intel(R) MPI Library 2021.7 for Linux* OS


[STEP1] Read Control Parameters
 
Read_Ctrl_Input> Input Files
  grotopfile = pro.top
  grocrdfile = crd/pos_5000.gro
 
Read_Ctrl_Output> Output Files
 
Read_Ctrl_Energy> WARNING: "water_model" is not available
Read_Ctrl_Energy> Parameters of Energy Calculations
  forcefield      =    RESIDCG
  switchdist      =     10.000  cutoffdist      =     12.000
  pairlistdist    =     13.500  dielec_const    =      1.000
  debye           =     10.000
  vdw_force_switch=         no
  electrostatic   =  CUTOFF
  implicit_solvent=       none
  table           =         no
  water_model     =       NONE
  output_style    =    GENESIS
  dispersion_corr =       none
  nonb_limiter    =      no
  user def. table =     no
  efield_x        =           0.000
  efield_y        =           0.000
  efield_z        =           0.000
  efield_normal   =              no
  efield_virial   =              no
 
Read_Ctrl_Dynamics> Parameters of MD simulation
  integrator      =    VVER_CG  nsteps          =       2000
  timestep        =     0.0100  initial_time    =     0.0000
  eneout_period   =         20  rstout_period   =          0
  crdout_period   =          0  velout_period   =          0
  nbupdate_period =         20  stoptr_period   =         10
  qmsave_period   =          0
  iseed           =         -1
  annealing       =         no
  verbose         =         no
  target_md       =         no
  steered_md      =         no
  shrink_box      =         no
  esp_mm          =         no
 
Read_Ctrl_Constraints> Parameters for Constraints
  rigid_bond      =         no
  fixatm_select_index        =       none
 
Read_Ctrl_Ensemble> Parameters for Ensemble
  ensemble        =        NVT
  temperature     =    300.000
  tpcontrol       =   LANGEVIN
  gamma_t         =      1.000
 
Read_Ctrl_Boundary> Parameters of Boundary Condition
  type            =     PBC   
  box_size(x,y,z) =   3200.000   650.000   650.000
  pairlist_grid   =      3.000
 
Read_Ctrl_Selection> Parameters of Selection
  # of groups     =          0
  # of mole names =          0
 
Read_Ctrl_Restraints> No restraint in the system

Read_Ctrl_Fitting_MD> Parameters of Fitting
  fitting method  =  TR+ROT   
  fitting atom    = group1
  mass_weight     =         no
 
[STEP2] Setup MPI
 
Setup_Mpi_Md> Summary of Setup MPI
  number of MPI processes   =          8
  number of OpenMP threads  =          5
  total number of CPU cores =         40

[STEP3] Set Relevant Variables and Structures
 
Read_Grotop> Summary of Grotopfile
  num_moltypes    =          1
    pos100_cg             :
      num_atoms   =        100
      num_bonds   =         99
      num_angls   =          0
      num_dihes   =          0
      num_cmaps   =          0
      num_excls   =          0
      num_constrs =          0
      num_pairs   =          0
      num_vsites2 =          0
      num_vsites3 =          0
      num_vsites4 =          0
      num_vsitesn =          0
      num_posress =          0
      num_PWMcos  =          0
      num_PWMcosns=          0
      num_IDR_HPS =          1
      num_IDR_KH  =          0
    .. not used molecule types were hidden.

  num_molecules   =       5000
    pos100_cg             :  5000

  num_atomtypes   =         33  num_bondtypes   =          0
  num_angltypes   =          0  num_dihetypes   =          0
  num_flangltypes           20
  num_fldihetypes          400
  num_constrtypes =          0  num_cmaptypes   =          0
  num_nbonparms   =          0
  num_basestacktypes  =     16
  num_basepairtypes   =      4
  num_basecrosstypes  =     32
  num_cgdnaexvtypes   =      6
  num_cgelemolpairs   =      1
  num_cg_IDR_HPS_atomtypes  =     20
  num_cg_KH_atomtypes  =    20

  num_cg_pair_MJ_eps   =   400

Define_Molecule> Summary of molecules
  num_atoms       =     500000  num_bonds       =     495000
  num_angles      =          0  num_dihedrals   =          0
  num_impropers   =          0  num_cmap_terms  =          0
  num_residues    =     500000  num_molecules   =       5000
  num_segments    =          1  num_deg_freedom =    1500000
  total_charge    = 500000.000
 
Update_Num_Deg_Freedom> Number of degrees of freedom was updated
  num_deg_freedom =    1499997 (After removing translation)
 
Setup_Boundary> Setup Variables for Boundary Condition
  box_size(x,y,z) =   3200.000   650.000   650.000
  origin(x,y,z)   =      0.000     0.000     0.000
 
Random_Init> Initialize the random number
  seed            = 66096

Define_Enefunc_Gromacs> Number of Interactions in Each Term
  bond_ene        =     495000  angle_ene       =          0
  torsion_ene     =          0  rb_torsion_ene  =          0
  improper_ene    =          0
  nb_exclusions   =     495000  nb14_calc       =          0
  vsite2_ene      =          0  vsite3_ene      =          0
  vsite3fd_ene    =          0  vsite3fad_ene   =          0
  vsite3out_ene   =          0  vsite4fdn_ene   =          0
  vsiten_ene      =          0
 restraint_groups =          0 restraint_funcs  =          0
 
Get_Morph_in> Morphing check
  morphing_bb     =          0  morphing_sc     =          0
 
Setup_Fitting_Atdyn> NO fitting is applied, skip
  fitting method  =  NO
 
[STEP4] Compute Single Point Energy for Molecules
 
            STEP          ENERGY            BOND  NATIVE_CONTACT NON-NATIVE_CONT           ELECT         IDR_HPS          CG_EXV
 --------------- --------------- --------------- --------------- ---------------
               0     853902.2916     170690.3546          0.0000          0.0000     681472.3800       1739.5570          0.0000

[STEP5] Perform Molecular Dynamics Simulation
 
Generate_Velocity> Generate initial velocities
  iseed           =      66096
  temperature     =    300.000
 
Random_Init_Velocity> Initialize the random number
  seed            = 66096

INFO:       STEP            TIME       TOTAL_ENE   POTENTIAL_ENE     KINETIC_ENE            RMSG            BOND         IDR_HPS  NATIVE_CONTACT          CG_EXV           ELECT     TEMPERATURE          VOLUME
 --------------- --------------- --------------- --------------- ---------------
INFO:          0          0.0000    1301020.7100     853902.2916     447118.4185         10.1780     170690.3546       1739.5570          0.0000          0.0000     681472.3800        300.0009 1352000000.0000

Random_Init> Initialize the random number
  seed            = 1970613815

INFO:         20          0.2000    1295190.4898     843097.4164     452093.0735          9.8841     161668.0963        720.8018          0.0000          0.0000     680708.5182        303.3387 1352000000.0000

INFO:         40          0.4000    1291261.8546     837366.3386     453895.5160          9.7787     159481.4147       -997.0926          0.0000          0.0000     678882.0166        304.5481 1352000000.0000

INFO:         60          0.6000    1287890.1605     831734.8992     456155.2613          9.7127     157698.2160      -2331.8025          0.0000          0.0000     676368.4857        306.0643 1352000000.0000

INFO:         80          0.8000    1283507.5221     827155.8044     456351.7178          9.6804     156871.4133      -3173.9743          0.0000          0.0000     673458.3654        306.1961 1352000000.0000

INFO:        100          1.0000    1279016.8245     822530.1249     456486.6995          9.6621     156190.7079      -4038.1552          0.0000          0.0000     670377.5723        306.2867 1352000000.0000

INFO:        120          1.2000    1275249.5208     818555.7167     456693.8041          9.6437     155855.5051      -4536.1108          0.0000          0.0000     667236.3223        306.4256 1352000000.0000

INFO:        140          1.4000    1270233.6015     814391.1718     455842.4298          9.6127     155150.6301      -4869.0378          0.0000          0.0000     664109.5795        305.8544 1352000000.0000

INFO:        160          1.6000    1266263.7771     810835.8933     455427.8838          9.6117     154801.2516      -5014.5005          0.0000          0.0000     661049.1422        305.5763 1352000000.0000

INFO:        180          1.8000    1262195.5310     807101.0378     455094.4932          9.5911     153954.6879      -4947.8998          0.0000          0.0000     658094.2497        305.3526 1352000000.0000

INFO:        200          2.0000    1257815.1781     804363.1489     453452.0292          9.5867     154149.9331      -4995.8199          0.0000          0.0000     655209.0357        304.2505 1352000000.0000

INFO:        220          2.2000    1254413.5475     801464.5892     452948.9584          9.5909     154216.4287      -5141.9416          0.0000          0.0000     652390.1021        303.9130 1352000000.0000

INFO:        240          2.4000    1251254.5909     798658.6362     452595.9547          9.5842     154013.2294      -5042.2420          0.0000          0.0000     649687.6488        303.6761 1352000000.0000

INFO:        260          2.6000    1248280.6751     795967.1350     452313.5401          9.5762     153892.5563      -5006.6040          0.0000          0.0000     647081.1827        303.4866 1352000000.0000

INFO:        280          2.8000    1245566.4492     793245.9288     452320.5204          9.5720     153621.8772      -4918.6108          0.0000          0.0000     644542.6624        303.4913 1352000000.0000

INFO:        300          3.0000    1242311.8651     790832.2005     451479.6646          9.5676     153715.4621      -4945.5535          0.0000          0.0000     642062.2920        302.9271 1352000000.0000

INFO:        320          3.2000    1238785.1458     787710.1941     451074.9517          9.5540     153066.2733      -5049.3225          0.0000          0.0000     639693.2433        302.6556 1352000000.0000

INFO:        340          3.4000    1236214.6838     785918.5270     450296.1568          9.5619     153600.9058      -5090.7098          0.0000          0.0000     637408.3310        302.1330 1352000000.0000

INFO:        360          3.6000    1233679.4200     784333.3505     449346.0694          9.5693     153967.4726      -4879.0382          0.0000          0.0000     635244.9162        301.4956 1352000000.0000

INFO:        380          3.8000    1231724.8542     781706.7366     450018.1176          9.5626     153383.3725      -4841.3567          0.0000          0.0000     633164.7208        301.9465 1352000000.0000

INFO:        400          4.0000    1230225.3799     780050.8261     450174.5538          9.5613     153653.1450      -4749.5019          0.0000          0.0000     631147.1830        302.0515 1352000000.0000

INFO:        420          4.2000    1228305.5878     778330.0463     449975.5415          9.5595     153690.3859      -4552.3469          0.0000          0.0000     629192.0073        301.9179 1352000000.0000

INFO:        440          4.4000    1226877.8402     776509.4480     450368.3922          9.5657     153786.2644      -4584.5380          0.0000          0.0000     627307.7216        302.1815 1352000000.0000

INFO:        460          4.6000    1224612.5747     774539.5502     450073.0246          9.5567     153477.8102      -4438.5841          0.0000          0.0000     625500.3240        301.9833 1352000000.0000

INFO:        480          4.8000    1222662.9172     772874.6122     449788.3050          9.5539     153420.7894      -4286.1641          0.0000          0.0000     623739.9869        301.7923 1352000000.0000

INFO:        500          5.0000    1221466.7326     771549.3929     449917.3397          9.5555     153605.6802      -4099.9920          0.0000          0.0000     622043.7048        301.8789 1352000000.0000

INFO:        520          5.2000    1219372.1117     769790.5053     449581.6064          9.5494     153321.7334      -3950.3451          0.0000          0.0000     620419.1170        301.6536 1352000000.0000

INFO:        540          5.4000    1217239.6545     768249.0792     448990.5753          9.5459     153112.6685      -3691.2998          0.0000          0.0000     618827.7104        301.2570 1352000000.0000

INFO:        560          5.6000    1216365.1666     766955.9807     449409.1858          9.5510     153339.1452      -3642.9721          0.0000          0.0000     617259.8077        301.5379 1352000000.0000

INFO:        580          5.8000    1214766.5588     765743.7374     449022.8214          9.5534     153596.9215      -3577.2413          0.0000          0.0000     615724.0572        301.2787 1352000000.0000

INFO:        600          6.0000    1213384.9342     764254.2981     449130.6361          9.5560     153661.9869      -3659.0462          0.0000          0.0000     614251.3574        301.3510 1352000000.0000

INFO:        620          6.2000    1211531.8999     762886.0174     448645.8825          9.5561     153590.9259      -3513.6202          0.0000          0.0000     612808.7117        301.0258 1352000000.0000

INFO:        640          6.4000    1209226.6892     760986.9181     448239.7712          9.5431     153086.5557      -3498.4902          0.0000          0.0000     611398.8526        300.7533 1352000000.0000

INFO:        660          6.6000    1207910.2067     759590.4652     448319.7415          9.5485     153267.9327      -3680.1503          0.0000          0.0000     610002.6828        300.8069 1352000000.0000

INFO:        680          6.8000    1205878.5575     757782.0475     448096.5100          9.5401     152980.5863      -3849.6628          0.0000          0.0000     608651.1239        300.6572 1352000000.0000

INFO:        700          7.0000    1204811.6091     756871.4287     447940.1804          9.5533     153290.0559      -3774.4417          0.0000          0.0000     607355.8145        300.5523 1352000000.0000

INFO:        720          7.2000    1204342.7694     755923.2424     448419.5269          9.5578     153370.6028      -3534.8337          0.0000          0.0000     606087.4734        300.8739 1352000000.0000

INFO:        740          7.4000    1203373.0668     755031.2271     448341.8396          9.5584     153592.8247      -3430.5771          0.0000          0.0000     604868.9794        300.8218 1352000000.0000

INFO:        760          7.6000    1202415.1162     753747.3683     448667.7478          9.5561     153524.6484      -3453.0025          0.0000          0.0000     603675.7225        301.0404 1352000000.0000

INFO:        780          7.8000    1201362.3469     752785.4144     448576.9325          9.5583     153581.6530      -3328.8297          0.0000          0.0000     602532.5911        300.9795 1352000000.0000

INFO:        800          8.0000    1199356.2534     751309.7148     448046.5386          9.5433     153053.9760      -3157.5643          0.0000          0.0000     601413.3031        300.6236 1352000000.0000

INFO:        820          8.2000    1198023.4519     750845.8340     447177.6179          9.5588     153483.1408      -2968.5993          0.0000          0.0000     600331.2925        300.0406 1352000000.0000

INFO:        840          8.4000    1197253.5627     749464.2090     447789.3537          9.5449     153110.3363      -2922.5737          0.0000          0.0000     599276.4463        300.4511 1352000000.0000

INFO:        860          8.6000    1196267.0447     748887.7268     447379.3179          9.5555     153628.4562      -2967.6816          0.0000          0.0000     598226.9523        300.1760 1352000000.0000

INFO:        880          8.8000    1195004.7434     747888.6592     447116.0842          9.5649     153575.5324      -2905.9755          0.0000          0.0000     597219.1024        299.9993 1352000000.0000

INFO:        900          9.0000    1194058.1345     747248.2241     446809.9104          9.5644     153848.4280      -2806.0772          0.0000          0.0000     596205.8733        299.7939 1352000000.0000

INFO:        920          9.2000    1192438.7049     745996.3020     446442.4029          9.5469     153488.1429      -2693.2170          0.0000          0.0000     595201.3761        299.5473 1352000000.0000

INFO:        940          9.4000    1191414.0379     744281.9935     447132.0443          9.5269     152856.9750      -2770.0502          0.0000          0.0000     594195.0688        300.0100 1352000000.0000

INFO:        960          9.6000    1190411.5517     743401.4116     447010.1401          9.5360     153124.3613      -2911.5402          0.0000          0.0000     593188.5905        299.9282 1352000000.0000

INFO:        980          9.8000    1190138.8951     742454.0349     447684.8601          9.5482     153266.1209      -3021.0369          0.0000          0.0000     592208.9509        300.3810 1352000000.0000

INFO:       1000         10.0000    1188232.2100     741615.5004     446616.7096          9.5494     153349.8718      -2957.4521          0.0000          0.0000     591223.0808        299.6643 1352000000.0000

INFO:       1020         10.2000    1186987.9014     740546.0710     446441.8305          9.5391     153009.7131      -2744.2843          0.0000          0.0000     590280.6422        299.5469 1352000000.0000

INFO:       1040         10.4000    1186416.0683     739619.5209     446796.5474          9.5354     152979.9151      -2708.1716          0.0000          0.0000     589347.7774        299.7849 1352000000.0000

INFO:       1060         10.6000    1186175.7813     739139.6274     447036.1539          9.5538     153399.4436      -2690.3965          0.0000          0.0000     588430.5803        299.9457 1352000000.0000

INFO:       1080         10.8000    1184813.8443     738136.9546     446676.8897          9.5415     153221.9522      -2640.0551          0.0000          0.0000     587555.0575        299.7046 1352000000.0000

INFO:       1100         11.0000    1184559.5990     737354.5529     447205.0461          9.5472     153301.4890      -2651.2450          0.0000          0.0000     586704.3089        300.0590 1352000000.0000

INFO:       1120         11.2000    1183938.7156     736523.8489     447414.8667          9.5480     153342.1182      -2682.2526          0.0000          0.0000     585863.9834        300.1998 1352000000.0000

INFO:       1140         11.4000    1182698.4143     735807.3620     446891.0522          9.5503     153357.8540      -2629.5088          0.0000          0.0000     585079.0169        299.8483 1352000000.0000

INFO:       1160         11.6000    1181792.8241     735331.8899     446460.9342          9.5596     153609.2444      -2573.7228          0.0000          0.0000     584296.3684        299.5597 1352000000.0000

INFO:       1180         11.8000    1181395.7867     734359.0722     447036.7145          9.5577     153383.7044      -2543.6692          0.0000          0.0000     583519.0370        299.9461 1352000000.0000

INFO:       1200         12.0000    1180274.9300     733617.5499     446657.3801          9.5516     153183.2185      -2324.6220          0.0000          0.0000     582758.9534        299.6916 1352000000.0000

INFO:       1220         12.2000    1179426.4961     733218.1164     446208.3797          9.5560     153434.0892      -2233.9340          0.0000          0.0000     582017.9611        299.3903 1352000000.0000

INFO:       1240         12.4000    1178548.2012     732021.3796     446526.8217          9.5401     152966.1327      -2187.5572          0.0000          0.0000     581242.8040        299.6040 1352000000.0000

INFO:       1260         12.6000    1177776.0120     731648.9198     446127.0922          9.5470     153439.9457      -2280.4644          0.0000          0.0000     580489.4385        299.3358 1352000000.0000

INFO:       1280         12.8000    1177118.2838     730714.8632     446403.4206          9.5482     153429.4720      -2452.6010          0.0000          0.0000     579737.9922        299.5212 1352000000.0000

INFO:       1300         13.0000    1175842.8636     729599.8696     446242.9940          9.5370     153163.8841      -2565.8820          0.0000          0.0000     579001.8675        299.4135 1352000000.0000

INFO:       1320         13.2000    1175732.4058     728678.2959     447054.1099          9.5377     152995.1666      -2609.8505          0.0000          0.0000     578292.9798        299.9577 1352000000.0000

INFO:       1340         13.4000    1175243.1893     728583.1397     446660.0496          9.5515     153583.9386      -2593.1941          0.0000          0.0000     577592.3952        299.6933 1352000000.0000

INFO:       1360         13.6000    1174035.8368     727850.9012     446184.9357          9.5537     153360.7641      -2415.9157          0.0000          0.0000     576906.0528        299.3746 1352000000.0000

INFO:       1380         13.8000    1173528.5510     727105.1201     446423.4309          9.5429     153286.9738      -2412.1488          0.0000          0.0000     576230.2951        299.5346 1352000000.0000

INFO:       1400         14.0000    1173135.0652     726366.9685     446768.0967          9.5405     153081.7756      -2277.4127          0.0000          0.0000     575562.6055        299.7658 1352000000.0000

INFO:       1420         14.2000    1172879.4801     725958.4624     446921.0177          9.5415     153274.2392      -2203.6368          0.0000          0.0000     574887.8600        299.8684 1352000000.0000

INFO:       1440         14.4000    1172216.1366     725088.9424     447127.1943          9.5363     153099.9021      -2236.9939          0.0000          0.0000     574226.0341        300.0068 1352000000.0000

INFO:       1460         14.6000    1172150.2118     724884.6847     447265.5270          9.5561     153594.9086      -2263.6379          0.0000          0.0000     573553.4140        300.0996 1352000000.0000

INFO:       1480         14.8000    1171545.1621     723490.3019     448054.8602          9.5360     152965.9975      -2364.2556          0.0000          0.0000     572888.5600        300.6292 1352000000.0000

INFO:       1500         15.0000    1170210.5375     723437.7415     446772.7960          9.5484     153411.0271      -2238.5200          0.0000          0.0000     572265.2344        299.7690 1352000000.0000

INFO:       1520         15.2000    1170534.0171     723494.2131     447039.8040          9.5676     153876.0536      -2059.2792          0.0000          0.0000     571677.4386        299.9481 1352000000.0000

INFO:       1540         15.4000    1170158.3822     723117.3453     447041.0369          9.5677     154049.3988      -2037.4222          0.0000          0.0000     571105.3687        299.9490 1352000000.0000

INFO:       1560         15.6000    1169310.3649     722589.0229     446721.3420          9.5716     154042.0778      -1995.2427          0.0000          0.0000     570542.1878        299.7345 1352000000.0000

INFO:       1580         15.8000    1168214.7300     722164.5751     446050.1549          9.5739     153960.5993      -1787.8290          0.0000          0.0000     569991.8048        299.2841 1352000000.0000

INFO:       1600         16.0000    1167255.1219     720855.0969     446400.0250          9.5347     153191.0522      -1757.3990          0.0000          0.0000     569421.4437        299.5189 1352000000.0000

INFO:       1620         16.2000    1166803.5171     720138.5752     446664.9419          9.5397     153122.5420      -1841.7841          0.0000          0.0000     568857.8173        299.6966 1352000000.0000

INFO:       1640         16.4000    1166048.5906     719455.7719     446592.8186          9.5379     152946.2366      -1786.5836          0.0000          0.0000     568296.1189        299.6482 1352000000.0000

INFO:       1660         16.6000    1166130.3900     719215.8027     446914.5873          9.5483     153501.4135      -2020.3149          0.0000          0.0000     567734.7042        299.8641 1352000000.0000

INFO:       1680         16.8000    1165735.3065     718051.1872     447684.1193          9.5407     152869.1548      -2017.5179          0.0000          0.0000     567199.5502        300.3805 1352000000.0000

INFO:       1700         17.0000    1164340.5083     718601.1451     445739.3632          9.5625     153702.6059      -1787.8763          0.0000          0.0000     566686.4155        299.0756 1352000000.0000

INFO:       1720         17.2000    1163390.6528     717386.9468     446003.7061          9.5431     152867.9609      -1654.4969          0.0000          0.0000     566173.4828        299.2530 1352000000.0000

INFO:       1740         17.4000    1162737.9277     716877.4152     445860.5125          9.5363     152982.1058      -1754.2218          0.0000          0.0000     565649.5312        299.1569 1352000000.0000

INFO:       1760         17.6000    1161700.3481     715880.8780     445819.4701          9.5280     152612.1136      -1851.8349          0.0000          0.0000     565120.5992        299.1293 1352000000.0000

INFO:       1780         17.8000    1161567.8211     715828.9949     445738.8262          9.5445     153173.8849      -1919.6027          0.0000          0.0000     564574.7127        299.0752 1352000000.0000

INFO:       1800         18.0000    1161482.9399     715257.3441     446225.5958          9.5404     153042.0610      -1826.6275          0.0000          0.0000     564041.9106        299.4018 1352000000.0000

INFO:       1820         18.2000    1161702.7057     714747.1490     446955.5567          9.5363     153020.1708      -1777.4110          0.0000          0.0000     563504.3891        299.8916 1352000000.0000

INFO:       1840         18.4000    1160579.1133     714223.2773     446355.8360          9.5436     153204.4190      -1958.9164          0.0000          0.0000     562977.7747        299.4892 1352000000.0000

INFO:       1860         18.6000    1160283.2745     713963.5230     446319.7515          9.5526     153399.0377      -1927.5562          0.0000          0.0000     562492.0414        299.4650 1352000000.0000

INFO:       1880         18.8000    1159936.6245     713809.7170     446126.9075          9.5650     153624.6787      -1832.7520          0.0000          0.0000     562017.7903        299.3356 1352000000.0000

INFO:       1900         19.0000    1159353.9027     713398.7172     445955.1855          9.5715     153858.6584      -2006.7787          0.0000          0.0000     561546.8376        299.2204 1352000000.0000

INFO:       1920         19.2000    1158610.3286     712253.0883     446357.2403          9.5471     153137.8262      -1954.0313          0.0000          0.0000     561069.2935        299.4902 1352000000.0000

INFO:       1940         19.4000    1158182.3644     711800.8729     446381.4915          9.5477     152994.9388      -1780.4618          0.0000          0.0000     560586.3959        299.5064 1352000000.0000

INFO:       1960         19.6000    1157754.2152     711939.3214     445814.8937          9.5666     153596.5011      -1759.6789          0.0000          0.0000     560102.4992        299.1263 1352000000.0000

INFO:       1980         19.8000    1158511.9629     711970.4802     446541.4827          9.5811     154184.8485      -1836.0590          0.0000          0.0000     559621.6907        299.6138 1352000000.0000

INFO:       2000         20.0000    1157776.3696     711068.8171     446707.5525          9.5678     153747.4496      -1819.4546          0.0000          0.0000     559140.8221        299.7252 1352000000.0000

 
[STEP6] Deallocate Arrays
 
Output_Time> Averaged timer profile (Min, Max)
  total time      =     406.659
    setup         =       4.420
    dynamics      =     402.239
      energy      =     309.800
      integrator  =      46.857
      migration   =       0.000
      pairlist    =      44.062 (      43.264,      44.899)
  energy           
    bond          =       2.266 (       2.084,       2.440)
    angle         =       0.015 (       0.014,       0.016)
    dihedral      =       0.015 (       0.014,       0.016)
    base stacking =       0.000 (       0.000,       0.000)
    nonbond       =     254.975 (     248.976,     261.849)
      CG exv      =       1.243 (       1.030,       1.442)
      CG DNA bp   =       0.000 (       0.000,       0.000)
      CG DNA exv  =       0.000 (       0.000,       0.000)
      CG ele      =     175.493 (     171.258,     180.650)
      CG PWMcos   =       0.000 (       0.000,       0.000)
      CG PWMcosns =       0.000 (       0.000,       0.000)
      CG IDR-HPS  =      78.231 (      76.679,      79.748)
      CG IDR-KH   =       0.000 (       0.000,       0.000)
      CG KH       =       0.000 (       0.000,       0.000)
      Contact     =       0.006 (       0.006,       0.007)
      pme real    =       0.000 (       0.000,       0.000)
      pme recip   =       0.000 (       0.000,       0.000)
    solvation     =       0.000 (       0.000,       0.000)
      polar       =       0.000 (       0.000,       0.000)
      non-polar   =       0.000 (       0.000,       0.000)
    restraint     =       0.000 (       0.000,       0.000)
    qmmm          =       0.000 (       0.000,       0.000)
    morph         =       0.000 (       0.000,       0.000)
  integrator       
    constraint    =       0.000 (       0.000,       0.000)
    update        =       0.000 (       0.000,       0.000)
    comm_coord    =       0.000 (       0.000,       0.000)
    comm_force    =       0.000 (       0.000,       0.000)
  migration       =       0.000 (       0.000,       0.000)
    comm_migrate  =       0.000 (       0.000,       0.000)
    ptl_migrate   =       0.000 (       0.000,       0.000)
    bond_migrate  =       0.000 (       0.000,       0.000)
    angl_migrate  =       0.000 (       0.000,       0.000)
    dihe_migrate  =       0.000 (       0.000,       0.000)
    contact_migr  =       0.000 (       0.000,       0.000)
    stack_migrate =       0.000 (       0.000,       0.000)
    pwmcos_migrate =       0.000 (       0.000,       0.000)
    pwmcosns_migr  =       0.000 (       0.000,       0.000)
    nonb_update    =       0.000 (       0.000,       0.000)

