****************************************************
*                                                  *
*                  GENESIS ATDYN                   *
*                                                  *
*        A Molecular Dynamics Simulator with       *
*            Atomic Decomposition Scheme           *
*                                                  *
*               Developed by RIKEN                 *
*                                                  *
****************************************************
 
[STEP0] Architecture and Compiler Information
 
GENESIS_Information> GENESIS Information
  version      = 2.0.0
  commit ID    = $GENESIS_VERSION$
  precision    = double
  nonbonding   = CPU

Build_Information> Compiler Information
  build host   = jjwsmj@hokusai2
  fortran      = ifort (IFORT) 2021.7.1 20221019
  option       = 
  -axCORE-AVX512 -g -O3  -qmkl=parallel  -assume byterecl -qopenmp  
  C            = 
 icc: remark #10441: The Intel(R) C++ Compiler Classic (ICC) is deprecated and w
 ill be removed from product release in the second half of 2023. The Intel(R) on
 eAPI DPC++/C++ Compiler (ICX) is the recommended compiler moving forward. Pleas
 e transition to use this compiler. Use '-diag-disable=10441' to disable this me
 ssage.
  option       = -O3 -ip -axCORE-AVX2  -qopenmp 
  defined var. = 
  -DHAVE_MPI_GENESIS -DOMP -DIFORT19 -DFFTE -DLAPACK -DDSFMT_MEXP=19937 -DINTEL
  link option  = 
  -assume byterecl -lgfortran -qopenmp  -lmkl_intel_lp64 -lmkl_sequential -lmkl_
 core -lmkl_lapack95_lp64   
  MPI Compiler = Intel(R) MPI

Runtime_Information> Machine and Library Information
  date       = 2023/05/12 16:48:26
  cpu model    = Intel(R) Xeon(R) Gold 6148 CPU @ 2.40GHz
  exec. host   = jjwsmj@bwmpc0152
  LD library   = 
 /bwfefs/opt/x86_64/intel/oneapi/2022.3/mpi/2021.7.1/libfabric/lib:/bwfefs/opt/x
 86_64/intel/oneapi/2022.3/mpi/2021.7.1/lib/release:/bwfefs/opt/x86_64/intel/one
 api/2022.3/mpi/2021.7.1/lib:/bwfefs/opt/x86_64/intel/oneapi/2022.3/tbb/2021.7.1
 /lib/intel64/gcc4.8:/usr/lib64:/bwfefs/opt/x86_64/intel/oneapi/2022.3/vpl/2022.
 2.5/lib:/bwfefs/opt/x86_64/intel/oneapi/2022.3/mkl/latest/lib/intel64:/bwfefs/o
 pt/x86_64/intel/oneapi/2022.3/itac/2021.7.1/slib:/bwfefs/opt/x86_64/intel/oneap
 i/2022.3/ippcp/2021.6.2/lib/intel64:/bwfefs/opt/x86_64/intel/oneapi/2022.3/ipp/
 2021.6.2/lib/intel64:/bwfefs/opt/x86_64/intel/oneapi/2022.3/dnnl/2022.2.1/cpu_d
 pcpp_gpu_dpcpp/lib:/bwfefs/opt/x86_64/intel/oneapi/2022.3/dal/2021.7.1/lib/inte
 l64:/bwfefs/opt/x86_64/intel/oneapi/2022.3/compiler/2022.2.1/linux/compiler/lib
 :/bwfefs/opt/x86_64/intel/oneapi/2022.3/compiler/2022.2.1/linux/lib/oclfpga/hos
 t/linux64/lib:/bwfefs/opt/x86_64/intel/oneapi/2022.3/compiler/2022.2.1/linux/li
 b/oclfpga/linux64/lib:/bwfefs/opt/x86_64/intel/oneapi/2022.3/compiler/2022.2.1/
 linux/lib:/bwfefs/opt/x86_64/intel/oneapi/2022.3/compiler/2022.2.1/linux/lib/x6
 4:/bwfefs/opt/x86_64/intel/oneapi/2022.3/compiler/2022.2.1/linux/lib/emu:/bwfef
 s/opt/x86_64/intel/oneapi/2022.3/compiler/2022.2.1/linux/compiler/lib/intel64_l
 in:/bwfefs/opt/x86_64/intel/oneapi/2022.3/debugger/2021.7.1/dep/lib:/bwfefs/opt
 /x86_64/intel/oneapi/2022.3/debugger/2021.7.1/libipt/intel64/lib:/bwfefs/opt/x8
 6_64/intel/oneapi/2022.3/debugger/2021.7.1/gdb/intel64/lib:/bwfefs/opt/x86_64/
 MPI Runtime = Intel(R) MPI Library 2021.7 for Linux* OS


[STEP1] Read Control Parameters
 
Read_Ctrl_Input> Input Files
  grotopfile = pro.top
  grocrdfile = crd/pos_5000.gro
 
Read_Ctrl_Output> Output Files
 
Read_Ctrl_Energy> WARNING: "water_model" is not available
Read_Ctrl_Energy> Parameters of Energy Calculations
  forcefield      =    RESIDCG
  switchdist      =     10.000  cutoffdist      =     12.000
  pairlistdist    =     13.500  dielec_const    =      1.000
  debye           =     10.000
  vdw_force_switch=         no
  electrostatic   =  CUTOFF
  implicit_solvent=       none
  table           =         no
  water_model     =       NONE
  output_style    =    GENESIS
  dispersion_corr =       none
  nonb_limiter    =      no
  user def. table =     no
  efield_x        =           0.000
  efield_y        =           0.000
  efield_z        =           0.000
  efield_normal   =              no
  efield_virial   =              no
 
Read_Ctrl_Dynamics> Parameters of MD simulation
  integrator      =    VVER_CG  nsteps          =       2000
  timestep        =     0.0100  initial_time    =     0.0000
  eneout_period   =         20  rstout_period   =          0
  crdout_period   =          0  velout_period   =          0
  nbupdate_period =         20  stoptr_period   =         10
  qmsave_period   =          0
  iseed           =         -1
  annealing       =         no
  verbose         =         no
  target_md       =         no
  steered_md      =         no
  shrink_box      =         no
  esp_mm          =         no
 
Read_Ctrl_Constraints> Parameters for Constraints
  rigid_bond      =         no
  fixatm_select_index        =       none
 
Read_Ctrl_Ensemble> Parameters for Ensemble
  ensemble        =        NVT
  temperature     =    300.000
  tpcontrol       =   LANGEVIN
  gamma_t         =      1.000
 
Read_Ctrl_Boundary> Parameters of Boundary Condition
  type            =     PBC   
  box_size(x,y,z) =   3200.000   650.000   650.000
  pairlist_grid   =      3.000
 
Read_Ctrl_Selection> Parameters of Selection
  # of groups     =          0
  # of mole names =          0
 
Read_Ctrl_Restraints> No restraint in the system

Read_Ctrl_Fitting_MD> Parameters of Fitting
  fitting method  =  TR+ROT   
  fitting atom    = group1
  mass_weight     =         no
 
[STEP2] Setup MPI
 
Setup_Mpi_Md> Summary of Setup MPI
  number of MPI processes   =          8
  number of OpenMP threads  =          5
  total number of CPU cores =         40

[STEP3] Set Relevant Variables and Structures
 
Read_Grotop> Summary of Grotopfile
  num_moltypes    =          1
    pos100_cg             :
      num_atoms   =        100
      num_bonds   =         99
      num_angls   =          0
      num_dihes   =          0
      num_cmaps   =          0
      num_excls   =          0
      num_constrs =          0
      num_pairs   =          0
      num_vsites2 =          0
      num_vsites3 =          0
      num_vsites4 =          0
      num_vsitesn =          0
      num_posress =          0
      num_PWMcos  =          0
      num_PWMcosns=          0
      num_IDR_HPS =          1
      num_IDR_KH  =          0
    .. not used molecule types were hidden.

  num_molecules   =       5000
    pos100_cg             :  5000

  num_atomtypes   =         33  num_bondtypes   =          0
  num_angltypes   =          0  num_dihetypes   =          0
  num_flangltypes           20
  num_fldihetypes          400
  num_constrtypes =          0  num_cmaptypes   =          0
  num_nbonparms   =          0
  num_basestacktypes  =     16
  num_basepairtypes   =      4
  num_basecrosstypes  =     32
  num_cgdnaexvtypes   =      6
  num_cgelemolpairs   =      1
  num_cg_IDR_HPS_atomtypes  =     20
  num_cg_KH_atomtypes  =    20

  num_cg_pair_MJ_eps   =   400

Define_Molecule> Summary of molecules
  num_atoms       =     500000  num_bonds       =     495000
  num_angles      =          0  num_dihedrals   =          0
  num_impropers   =          0  num_cmap_terms  =          0
  num_residues    =     500000  num_molecules   =       5000
  num_segments    =          1  num_deg_freedom =    1500000
  total_charge    = 500000.000
 
Update_Num_Deg_Freedom> Number of degrees of freedom was updated
  num_deg_freedom =    1499997 (After removing translation)
 
Setup_Boundary> Setup Variables for Boundary Condition
  box_size(x,y,z) =   3200.000   650.000   650.000
  origin(x,y,z)   =      0.000     0.000     0.000
 
Random_Init> Initialize the random number
  seed            = 652296

Define_Enefunc_Gromacs> Number of Interactions in Each Term
  bond_ene        =     495000  angle_ene       =          0
  torsion_ene     =          0  rb_torsion_ene  =          0
  improper_ene    =          0
  nb_exclusions   =     495000  nb14_calc       =          0
  vsite2_ene      =          0  vsite3_ene      =          0
  vsite3fd_ene    =          0  vsite3fad_ene   =          0
  vsite3out_ene   =          0  vsite4fdn_ene   =          0
  vsiten_ene      =          0
 restraint_groups =          0 restraint_funcs  =          0
 
Get_Morph_in> Morphing check
  morphing_bb     =          0  morphing_sc     =          0
 
Setup_Fitting_Atdyn> NO fitting is applied, skip
  fitting method  =  NO
 
[STEP4] Compute Single Point Energy for Molecules
 
            STEP          ENERGY            BOND  NATIVE_CONTACT NON-NATIVE_CONT           ELECT         IDR_HPS          CG_EXV
 --------------- --------------- --------------- --------------- ---------------
               0     853902.2916     170690.3546          0.0000          0.0000     681472.3800       1739.5570          0.0000

[STEP5] Perform Molecular Dynamics Simulation
 
Generate_Velocity> Generate initial velocities
  iseed           =     652296
  temperature     =    300.000
 
Random_Init_Velocity> Initialize the random number
  seed            = 652296

INFO:       STEP            TIME       TOTAL_ENE   POTENTIAL_ENE     KINETIC_ENE            RMSG            BOND         IDR_HPS  NATIVE_CONTACT          CG_EXV           ELECT     TEMPERATURE          VOLUME
 --------------- --------------- --------------- --------------- ---------------
INFO:          0          0.0000    1301055.9402     853902.2916     447153.6487         10.1780     170690.3546       1739.5570          0.0000          0.0000     681472.3800        300.0245 1352000000.0000

Random_Init> Initialize the random number
  seed            = 1570063654

INFO:         20          0.2000    1294193.6657     843160.3319     451033.3338          9.8847     161620.3049        772.0210          0.0000          0.0000     680768.0061        302.6277 1352000000.0000

INFO:         40          0.4000    1290800.3049     837032.9928     453767.3120          9.7754     159013.4230       -945.3292          0.0000          0.0000     678964.8991        304.4621 1352000000.0000

INFO:         60          0.6000    1286744.1471     831815.1532     454928.9939          9.7258     157754.7373      -2411.5508          0.0000          0.0000     676471.9667        305.2415 1352000000.0000

INFO:         80          0.8000    1283048.2618     827188.2474     455860.0144          9.7069     157276.6545      -3661.9055          0.0000          0.0000     673573.4984        305.8662 1352000000.0000

INFO:        100          1.0000    1278753.1039     822546.3096     456206.7943          9.6761     156411.4867      -4364.2637          0.0000          0.0000     670499.0867        306.0989 1352000000.0000

INFO:        120          1.2000    1273713.7376     818320.2913     455393.4463          9.6503     155629.4550      -4694.9831          0.0000          0.0000     667385.8194        305.5532 1352000000.0000

INFO:        140          1.4000    1269258.5491     814541.6605     454716.8886          9.6321     155213.7770      -4944.3488          0.0000          0.0000     664272.2324        305.0992 1352000000.0000

INFO:        160          1.6000    1265203.2744     810533.6370     454669.6374          9.6087     154554.7250      -5222.5368          0.0000          0.0000     661201.4488        305.0675 1352000000.0000

INFO:        180          1.8000    1261556.7151     807219.5392     454337.1759          9.6013     154304.2775      -5293.1279          0.0000          0.0000     658208.3897        304.8444 1352000000.0000

INFO:        200          2.0000    1257969.4373     804577.9604     453391.4769          9.6069     154473.2294      -5198.6239          0.0000          0.0000     655303.3550        304.2099 1352000000.0000

INFO:        220          2.2000    1254788.4176     801761.1623     453027.2553          9.5978     154404.3774      -5115.4999          0.0000          0.0000     652472.2848        303.9655 1352000000.0000

INFO:        240          2.4000    1251236.3011     798976.2409     452260.0602          9.5846     154255.4308      -5031.6544          0.0000          0.0000     649752.4644        303.4508 1352000000.0000

INFO:        260          2.6000    1247572.7648     795747.9662     451824.7986          9.5630     153646.2437      -5027.9624          0.0000          0.0000     647129.6849        303.1587 1352000000.0000

INFO:        280          2.8000    1244625.3436     793106.8423     451518.5013          9.5591     153492.4088      -4971.9096          0.0000          0.0000     644586.3432        302.9532 1352000000.0000

INFO:        300          3.0000    1242020.0082     790387.8361     451632.1722          9.5597     153315.6766      -5062.8083          0.0000          0.0000     642134.9677        303.0295 1352000000.0000

INFO:        320          3.2000    1239299.9056     788099.4671     451200.4385          9.5574     153262.9456      -4978.8652          0.0000          0.0000     639815.3867        302.7398 1352000000.0000

INFO:        340          3.4000    1236988.9254     785890.0979     451098.8275          9.5408     153020.5451      -4728.4977          0.0000          0.0000     637598.0505        302.6716 1352000000.0000

INFO:        360          3.6000    1234776.1281     784200.0233     450576.1048          9.5488     153266.3391      -4515.7972          0.0000          0.0000     635449.4814        302.3209 1352000000.0000

INFO:        380          3.8000    1232353.1958     782538.9080     449814.2878          9.5623     153498.8317      -4340.2569          0.0000          0.0000     633380.3332        301.8097 1352000000.0000

INFO:        400          4.0000    1230473.0107     780337.0810     450135.9297          9.5524     153241.5234      -4301.6628          0.0000          0.0000     631397.2205        302.0255 1352000000.0000

INFO:        420          4.2000    1228222.8320     778504.9884     449717.8436          9.5530     153387.2108      -4340.4756          0.0000          0.0000     629458.2533        301.7450 1352000000.0000

INFO:        440          4.4000    1225991.1057     776172.8491     449818.2566          9.5428     152966.8565      -4379.3821          0.0000          0.0000     627585.3747        301.8124 1352000000.0000

INFO:        460          4.6000    1223774.9382     774747.2433     449027.6949          9.5549     153360.5157      -4395.6551          0.0000          0.0000     625782.3826        301.2820 1352000000.0000

INFO:        480          4.8000    1222135.4437     772893.1305     449242.3131          9.5505     153131.6559      -4280.8121          0.0000          0.0000     624042.2867        301.4260 1352000000.0000

INFO:        500          5.0000    1220185.3480     771512.5438     448672.8041          9.5511     153267.2913      -4113.3316          0.0000          0.0000     622358.5841        301.0438 1352000000.0000

INFO:        520          5.2000    1219313.0251     770242.0965     449070.9287          9.5609     153489.4366      -3977.4303          0.0000          0.0000     620730.0901        301.3110 1352000000.0000

INFO:        540          5.4000    1217974.9571     768844.5424     449130.4147          9.5543     153697.8017      -3961.7377          0.0000          0.0000     619108.4783        301.3509 1352000000.0000

INFO:        560          5.6000    1216305.6309     766665.7235     449639.9074          9.5498     153155.0375      -4021.0058          0.0000          0.0000     617531.6917        301.6927 1352000000.0000

INFO:        580          5.8000    1215035.1223     765833.2699     449201.8524          9.5635     153671.4252      -3848.6425          0.0000          0.0000     616010.4872        301.3988 1352000000.0000

INFO:        600          6.0000    1213069.7332     764066.3352     449003.3980          9.5547     153268.1570      -3760.8376          0.0000          0.0000     614559.0158        301.2657 1352000000.0000

INFO:        620          6.2000    1211028.5132     762746.4425     448282.0707          9.5521     153338.5888      -3719.0600          0.0000          0.0000     613126.9138        300.7817 1352000000.0000

INFO:        640          6.4000    1209943.2247     761768.9730     448174.2517          9.5685     153746.1130      -3722.9465          0.0000          0.0000     611745.8065        300.7093 1352000000.0000

INFO:        660          6.6000    1208513.4847     760464.0088     448049.4759          9.5548     153572.4514      -3522.6089          0.0000          0.0000     610414.1664        300.6256 1352000000.0000

INFO:        680          6.8000    1207498.3237     759256.8618     448241.4619          9.5593     153587.4830      -3416.2572          0.0000          0.0000     609085.6361        300.7544 1352000000.0000

INFO:        700          7.0000    1206358.7272     757777.6636     448581.0636          9.5488     153397.7428      -3411.5425          0.0000          0.0000     607791.4632        300.9823 1352000000.0000

INFO:        720          7.2000    1205289.8112     756726.0552     448563.7560          9.5582     153590.0549      -3390.4851          0.0000          0.0000     606526.4854        300.9707 1352000000.0000

INFO:        740          7.4000    1203694.2570     755530.7121     448163.5449          9.5573     153622.4023      -3379.4416          0.0000          0.0000     605287.7515        300.7021 1352000000.0000

INFO:        760          7.6000    1202483.4657     754673.9929     447809.4728          9.5720     153914.4067      -3328.2498          0.0000          0.0000     604087.8360        300.4646 1352000000.0000

INFO:        780          7.8000    1201276.4135     752921.7287     448354.6849          9.5497     153265.7891      -3264.3076          0.0000          0.0000     602920.2472        300.8304 1352000000.0000

INFO:        800          8.0000    1199984.0324     752082.4573     447901.5751          9.5553     153615.0147      -3306.9150          0.0000          0.0000     601774.3575        300.5264 1352000000.0000

INFO:        820          8.2000    1198744.3467     750813.3348     447931.0119          9.5424     153337.8416      -3199.4172          0.0000          0.0000     600674.9104        300.5461 1352000000.0000

INFO:        840          8.4000    1197497.3393     749591.0523     447906.2870          9.5352     153076.9609      -3084.3633          0.0000          0.0000     599598.4547        300.5295 1352000000.0000

INFO:        860          8.6000    1196461.1517     748915.7555     447545.3962          9.5490     153316.1212      -2957.8751          0.0000          0.0000     598557.5094        300.2874 1352000000.0000

INFO:        880          8.8000    1195383.7463     747700.1101     447683.6362          9.5467     153130.9435      -2942.5459          0.0000          0.0000     597511.7126        300.3801 1352000000.0000

INFO:        900          9.0000    1194733.1877     747077.7559     447655.4318          9.5445     153399.6491      -2822.5493          0.0000          0.0000     596500.6561        300.3612 1352000000.0000

INFO:        920          9.2000    1193511.0467     746421.7911     447089.2555          9.5490     153517.1711      -2579.5347          0.0000          0.0000     595484.1548        299.9813 1352000000.0000

INFO:        940          9.4000    1192700.2493     745207.4305     447492.8188          9.5403     153174.6005      -2476.8562          0.0000          0.0000     594509.6862        300.2521 1352000000.0000

INFO:        960          9.6000    1192044.5070     744236.7745     447807.7325          9.5404     153315.9250      -2614.0535          0.0000          0.0000     593534.9030        300.4634 1352000000.0000

INFO:        980          9.8000    1190662.6706     743372.6912     447289.9794          9.5495     153588.0451      -2771.3235          0.0000          0.0000     592555.9696        300.1160 1352000000.0000

INFO:       1000         10.0000    1189693.6526     742023.4216     447670.2311          9.5453     153275.4247      -2861.1107          0.0000          0.0000     591609.1075        300.3711 1352000000.0000

INFO:       1020         10.2000    1188328.0994     741336.1153     446991.9841          9.5513     153473.6281      -2825.0557          0.0000          0.0000     590687.5429        299.9161 1352000000.0000

INFO:       1040         10.4000    1187346.7003     740361.9453     446984.7550          9.5455     153392.5807      -2811.2383          0.0000          0.0000     589780.6029        299.9112 1352000000.0000

INFO:       1060         10.6000    1186386.0893     738941.1336     447444.9558          9.5292     152914.6697      -2843.6275          0.0000          0.0000     588870.0914        300.2200 1352000000.0000

INFO:       1080         10.8000    1185213.7090     737871.7363     447341.9726          9.5254     152843.0228      -2967.5402          0.0000          0.0000     587996.2538        300.1509 1352000000.0000

INFO:       1100         11.0000    1184603.1566     737485.4237     447117.7329          9.5412     153358.4428      -3000.2820          0.0000          0.0000     587127.2629        300.0004 1352000000.0000

INFO:       1120         11.2000    1184169.3853     736556.9008     447612.4845          9.5368     153121.6773      -2847.1359          0.0000          0.0000     586282.3594        300.3324 1352000000.0000

INFO:       1140         11.4000    1183330.2441     736111.5306     447218.7136          9.5441     153378.2131      -2737.6004          0.0000          0.0000     585470.9179        300.0682 1352000000.0000

INFO:       1160         11.6000    1182115.9462     735475.7549     446640.1913          9.5503     153517.1853      -2741.7088          0.0000          0.0000     584700.2784        299.6800 1352000000.0000

INFO:       1180         11.8000    1180463.3111     734275.6756     446187.6355          9.5382     153094.3194      -2773.8806          0.0000          0.0000     583955.2368        299.3764 1352000000.0000

INFO:       1200         12.0000    1180596.6434     733792.3760     446804.2674          9.5571     153347.3042      -2767.7243          0.0000          0.0000     583212.7961        299.7901 1352000000.0000

INFO:       1220         12.2000    1179833.6984     733695.5018     446138.1967          9.5765     153925.1427      -2712.2322          0.0000          0.0000     582482.5913        299.3432 1352000000.0000

INFO:       1240         12.4000    1179264.7470     732496.9428     446767.8042          9.5530     153349.7549      -2602.5097          0.0000          0.0000     581749.6976        299.7656 1352000000.0000

INFO:       1260         12.6000    1178057.1497     731713.0158     446344.1339          9.5457     153209.2276      -2488.8592          0.0000          0.0000     580992.6474        299.4814 1352000000.0000

INFO:       1280         12.8000    1177683.5882     730795.7416     446887.8465          9.5429     153071.3931      -2535.0931          0.0000          0.0000     580259.4416        299.8462 1352000000.0000

INFO:       1300         13.0000    1177449.5046     731085.7461     446363.7585          9.5722     153994.9269      -2439.2688          0.0000          0.0000     579530.0881        299.4945 1352000000.0000

INFO:       1320         13.2000    1176399.0982     729717.5395     446681.5588          9.5541     153315.2777      -2423.1825          0.0000          0.0000     578825.4443        299.7078 1352000000.0000

INFO:       1340         13.4000    1175481.5780     729147.0278     446334.5502          9.5499     153349.8050      -2334.6664          0.0000          0.0000     578131.8892        299.4749 1352000000.0000

INFO:       1360         13.6000    1175267.8730     728790.4426     446477.4304          9.5483     153494.5950      -2171.6041          0.0000          0.0000     577467.4516        299.5708 1352000000.0000

INFO:       1380         13.8000    1174697.6731     728063.2913     446634.3818          9.5518     153433.9189      -2171.3511          0.0000          0.0000     576800.7235        299.6761 1352000000.0000

INFO:       1400         14.0000    1173706.3427     727174.8664     446531.4764          9.5481     153272.8066      -2244.2145          0.0000          0.0000     576146.2743        299.6071 1352000000.0000

INFO:       1420         14.2000    1173229.7963     726626.7647     446603.0316          9.5431     153322.1652      -2165.5722          0.0000          0.0000     575470.1716        299.6551 1352000000.0000

INFO:       1440         14.4000    1172112.1754     726150.7871     445961.3883          9.5517     153562.5789      -2212.5732          0.0000          0.0000     574800.7814        299.2246 1352000000.0000

INFO:       1460         14.6000    1171891.6500     725087.0095     446804.6405          9.5388     153190.2463      -2256.4265          0.0000          0.0000     574153.1897        299.7904 1352000000.0000

INFO:       1480         14.8000    1171980.8744     725459.3310     446521.5434          9.5712     154208.0589      -2273.3937          0.0000          0.0000     573524.6658        299.6004 1352000000.0000

INFO:       1500         15.0000    1171435.3502     724708.4983     446726.8519          9.5716     153948.8618      -2156.0768          0.0000          0.0000     572915.7133        299.7382 1352000000.0000

INFO:       1520         15.2000    1171034.9073     723406.5413     447628.3660          9.5476     153399.7388      -2297.4686          0.0000          0.0000     572304.2711        300.3431 1352000000.0000

INFO:       1540         15.4000    1170173.6613     723183.7205     446989.9409          9.5610     153679.8736      -2189.5465          0.0000          0.0000     571693.3933        299.9147 1352000000.0000

INFO:       1560         15.6000    1169231.9976     722476.4211     446755.5765          9.5513     153327.8626      -1955.4919          0.0000          0.0000     571104.0505        299.7574 1352000000.0000

INFO:       1580         15.8000    1168962.8481     722113.3344     446849.5137          9.5523     153443.9880      -1880.3685          0.0000          0.0000     570549.7150        299.8205 1352000000.0000

INFO:       1600         16.0000    1168434.5975     721398.6329     447035.9645          9.5437     153239.3711      -1820.7301          0.0000          0.0000     569979.9919        299.9456 1352000000.0000

INFO:       1620         16.2000    1168011.3850     721282.7978     446728.5872          9.5546     153670.4172      -1798.3966          0.0000          0.0000     569410.7772        299.7393 1352000000.0000

INFO:       1640         16.4000    1166647.4517     720294.0706     446353.3811          9.5403     153264.0522      -1801.8145          0.0000          0.0000     568831.8329        299.4876 1352000000.0000

INFO:       1660         16.6000    1165384.9572     719289.1268     446095.8305          9.5287     152898.9857      -1843.4678          0.0000          0.0000     568233.6088        299.3148 1352000000.0000

INFO:       1680         16.8000    1164793.8058     718548.5196     446245.2862          9.5324     152833.4919      -1922.6730          0.0000          0.0000     567637.7007        299.4151 1352000000.0000

INFO:       1700         17.0000    1164017.7362     717740.1745     446277.5616          9.5247     152655.5590      -1953.9528          0.0000          0.0000     567038.5683        299.4367 1352000000.0000

INFO:       1720         17.2000    1164128.2492     717271.2590     446856.9902          9.5322     152791.2213      -1978.0057          0.0000          0.0000     566458.0434        299.8255 1352000000.0000

INFO:       1740         17.4000    1162850.2469     716582.5982     446267.6486          9.5311     152617.8918      -1924.5792          0.0000          0.0000     565889.2856        299.4301 1352000000.0000

INFO:       1760         17.6000    1162199.3302     716152.8627     446046.4674          9.5249     152666.7746      -1852.5783          0.0000          0.0000     565338.6664        299.2817 1352000000.0000

INFO:       1780         17.8000    1161740.6525     715778.3865     445962.2660          9.5385     152936.5561      -1951.0262          0.0000          0.0000     564792.8566        299.2252 1352000000.0000

INFO:       1800         18.0000    1160945.6879     715354.4112     445591.2767          9.5378     153107.6149      -2019.1532          0.0000          0.0000     564265.9495        298.9762 1352000000.0000

INFO:       1820         18.2000    1160113.0571     714690.9943     445422.0628          9.5338     152993.4082      -2053.9489          0.0000          0.0000     563751.5350        298.8627 1352000000.0000

INFO:       1840         18.4000    1159171.0376     713841.9803     445329.0573          9.5248     152679.9189      -2052.8239          0.0000          0.0000     563214.8852        298.8003 1352000000.0000

INFO:       1860         18.6000    1158909.0647     713349.4562     445559.6085          9.5303     152668.3727      -2027.6337          0.0000          0.0000     562708.7171        298.9550 1352000000.0000

INFO:       1880         18.8000    1158639.4355     713135.6356     445503.7999          9.5292     152761.7229      -1823.1872          0.0000          0.0000     562197.0999        298.9175 1352000000.0000

INFO:       1900         19.0000    1158520.9373     712691.2862     445829.6510          9.5287     152750.1799      -1760.3357          0.0000          0.0000     561701.4420        299.1362 1352000000.0000

INFO:       1920         19.2000    1157587.6465     711732.6384     445855.0081          9.5154     152332.6587      -1830.8925          0.0000          0.0000     561230.8722        299.1532 1352000000.0000

INFO:       1940         19.4000    1157767.5563     711734.4879     446033.0684          9.5396     152826.8885      -1834.9911          0.0000          0.0000     560742.5905        299.2727 1352000000.0000

INFO:       1960         19.6000    1156909.0317     710803.3649     446105.6668          9.5241     152493.9479      -1984.8120          0.0000          0.0000     560294.2289        299.3214 1352000000.0000

INFO:       1980         19.8000    1156134.7278     710762.4246     445372.3032          9.5321     152840.8797      -1929.4968          0.0000          0.0000     559851.0416        298.8293 1352000000.0000

INFO:       2000         20.0000    1156169.2946     710396.4723     445772.8224          9.5338     152869.6073      -1877.3768          0.0000          0.0000     559404.2418        299.0980 1352000000.0000

 
[STEP6] Deallocate Arrays
 
Output_Time> Averaged timer profile (Min, Max)
  total time      =     411.180
    setup         =       4.966
    dynamics      =     406.214
      energy      =     313.972
      integrator  =      47.580
      migration   =       0.000
      pairlist    =      43.238 (      42.456,      44.276)
  energy           
    bond          =       2.142 (       1.798,       2.428)
    angle         =       0.016 (       0.014,       0.018)
    dihedral      =       0.015 (       0.014,       0.017)
    base stacking =       0.000 (       0.000,       0.000)
    nonbond       =     254.000 (     246.308,     267.023)
      CG exv      =       1.181 (       1.024,       1.579)
      CG DNA bp   =       0.000 (       0.000,       0.000)
      CG DNA exv  =       0.000 (       0.000,       0.000)
      CG ele      =     174.774 (     168.946,     187.811)
      CG PWMcos   =       0.000 (       0.000,       0.000)
      CG PWMcosns =       0.000 (       0.000,       0.000)
      CG IDR-HPS  =      78.036 (      76.321,      79.541)
      CG IDR-KH   =       0.000 (       0.000,       0.000)
      CG KH       =       0.000 (       0.000,       0.000)
      Contact     =       0.007 (       0.006,       0.007)
      pme real    =       0.000 (       0.000,       0.000)
      pme recip   =       0.000 (       0.000,       0.000)
    solvation     =       0.000 (       0.000,       0.000)
      polar       =       0.000 (       0.000,       0.000)
      non-polar   =       0.000 (       0.000,       0.000)
    restraint     =       0.000 (       0.000,       0.000)
    qmmm          =       0.000 (       0.000,       0.000)
    morph         =       0.000 (       0.000,       0.000)
  integrator       
    constraint    =       0.000 (       0.000,       0.000)
    update        =       0.000 (       0.000,       0.000)
    comm_coord    =       0.000 (       0.000,       0.000)
    comm_force    =       0.000 (       0.000,       0.000)
  migration       =       0.000 (       0.000,       0.000)
    comm_migrate  =       0.000 (       0.000,       0.000)
    ptl_migrate   =       0.000 (       0.000,       0.000)
    bond_migrate  =       0.000 (       0.000,       0.000)
    angl_migrate  =       0.000 (       0.000,       0.000)
    dihe_migrate  =       0.000 (       0.000,       0.000)
    contact_migr  =       0.000 (       0.000,       0.000)
    stack_migrate =       0.000 (       0.000,       0.000)
    pwmcos_migrate =       0.000 (       0.000,       0.000)
    pwmcosns_migr  =       0.000 (       0.000,       0.000)
    nonb_update    =       0.000 (       0.000,       0.000)

