****************************************************
*                                                  *
*                  GENESIS ATDYN                   *
*                                                  *
*        A Molecular Dynamics Simulator with       *
*            Atomic Decomposition Scheme           *
*                                                  *
*               Developed by RIKEN                 *
*                                                  *
****************************************************
 
[STEP0] Architecture and Compiler Information
 
GENESIS_Information> GENESIS Information
  version      = 2.0.0
  commit ID    = $GENESIS_VERSION$
  precision    = double
  nonbonding   = CPU

Build_Information> Compiler Information
  build host   = jjwsmj@hokusai2
  fortran      = ifort (IFORT) 2021.7.1 20221019
  option       = 
  -axCORE-AVX512 -g -O3  -qmkl=parallel  -assume byterecl -qopenmp  
  C            = 
 icc: remark #10441: The Intel(R) C++ Compiler Classic (ICC) is deprecated and w
 ill be removed from product release in the second half of 2023. The Intel(R) on
 eAPI DPC++/C++ Compiler (ICX) is the recommended compiler moving forward. Pleas
 e transition to use this compiler. Use '-diag-disable=10441' to disable this me
 ssage.
  option       = -O3 -ip -axCORE-AVX2  -qopenmp 
  defined var. = 
  -DHAVE_MPI_GENESIS -DOMP -DIFORT19 -DFFTE -DLAPACK -DDSFMT_MEXP=19937 -DINTEL
  link option  = 
  -assume byterecl -lgfortran -qopenmp  -lmkl_intel_lp64 -lmkl_sequential -lmkl_
 core -lmkl_lapack95_lp64   
  MPI Compiler = Intel(R) MPI

Runtime_Information> Machine and Library Information
  date       = 2023/05/12 16:48:31
  cpu model    = Intel(R) Xeon(R) Gold 6148 CPU @ 2.40GHz
  exec. host   = jjwsmj@bwmpc0155
  LD library   = 
 /bwfefs/opt/x86_64/intel/oneapi/2022.3/mpi/2021.7.1/libfabric/lib:/bwfefs/opt/x
 86_64/intel/oneapi/2022.3/mpi/2021.7.1/lib/release:/bwfefs/opt/x86_64/intel/one
 api/2022.3/mpi/2021.7.1/lib:/bwfefs/opt/x86_64/intel/oneapi/2022.3/tbb/2021.7.1
 /lib/intel64/gcc4.8:/usr/lib64:/bwfefs/opt/x86_64/intel/oneapi/2022.3/vpl/2022.
 2.5/lib:/bwfefs/opt/x86_64/intel/oneapi/2022.3/mkl/latest/lib/intel64:/bwfefs/o
 pt/x86_64/intel/oneapi/2022.3/itac/2021.7.1/slib:/bwfefs/opt/x86_64/intel/oneap
 i/2022.3/ippcp/2021.6.2/lib/intel64:/bwfefs/opt/x86_64/intel/oneapi/2022.3/ipp/
 2021.6.2/lib/intel64:/bwfefs/opt/x86_64/intel/oneapi/2022.3/dnnl/2022.2.1/cpu_d
 pcpp_gpu_dpcpp/lib:/bwfefs/opt/x86_64/intel/oneapi/2022.3/dal/2021.7.1/lib/inte
 l64:/bwfefs/opt/x86_64/intel/oneapi/2022.3/compiler/2022.2.1/linux/compiler/lib
 :/bwfefs/opt/x86_64/intel/oneapi/2022.3/compiler/2022.2.1/linux/lib/oclfpga/hos
 t/linux64/lib:/bwfefs/opt/x86_64/intel/oneapi/2022.3/compiler/2022.2.1/linux/li
 b/oclfpga/linux64/lib:/bwfefs/opt/x86_64/intel/oneapi/2022.3/compiler/2022.2.1/
 linux/lib:/bwfefs/opt/x86_64/intel/oneapi/2022.3/compiler/2022.2.1/linux/lib/x6
 4:/bwfefs/opt/x86_64/intel/oneapi/2022.3/compiler/2022.2.1/linux/lib/emu:/bwfef
 s/opt/x86_64/intel/oneapi/2022.3/compiler/2022.2.1/linux/compiler/lib/intel64_l
 in:/bwfefs/opt/x86_64/intel/oneapi/2022.3/debugger/2021.7.1/dep/lib:/bwfefs/opt
 /x86_64/intel/oneapi/2022.3/debugger/2021.7.1/libipt/intel64/lib:/bwfefs/opt/x8
 6_64/intel/oneapi/2022.3/debugger/2021.7.1/gdb/intel64/lib:/bwfefs/opt/x86_64/
 MPI Runtime = Intel(R) MPI Library 2021.7 for Linux* OS


[STEP1] Read Control Parameters
 
Read_Ctrl_Input> Input Files
  grotopfile = pro.top
  grocrdfile = crd/pos_5000.gro
 
Read_Ctrl_Output> Output Files
 
Read_Ctrl_Energy> WARNING: "water_model" is not available
Read_Ctrl_Energy> Parameters of Energy Calculations
  forcefield      =    RESIDCG
  switchdist      =     10.000  cutoffdist      =     12.000
  pairlistdist    =     13.500  dielec_const    =      1.000
  debye           =     10.000
  vdw_force_switch=         no
  electrostatic   =  CUTOFF
  implicit_solvent=       none
  table           =         no
  water_model     =       NONE
  output_style    =    GENESIS
  dispersion_corr =       none
  nonb_limiter    =      no
  user def. table =     no
  efield_x        =           0.000
  efield_y        =           0.000
  efield_z        =           0.000
  efield_normal   =              no
  efield_virial   =              no
 
Read_Ctrl_Dynamics> Parameters of MD simulation
  integrator      =    VVER_CG  nsteps          =       2000
  timestep        =     0.0100  initial_time    =     0.0000
  eneout_period   =         20  rstout_period   =          0
  crdout_period   =          0  velout_period   =          0
  nbupdate_period =         20  stoptr_period   =         10
  qmsave_period   =          0
  iseed           =         -1
  annealing       =         no
  verbose         =         no
  target_md       =         no
  steered_md      =         no
  shrink_box      =         no
  esp_mm          =         no
 
Read_Ctrl_Constraints> Parameters for Constraints
  rigid_bond      =         no
  fixatm_select_index        =       none
 
Read_Ctrl_Ensemble> Parameters for Ensemble
  ensemble        =        NVT
  temperature     =    300.000
  tpcontrol       =   LANGEVIN
  gamma_t         =      1.000
 
Read_Ctrl_Boundary> Parameters of Boundary Condition
  type            =     PBC   
  box_size(x,y,z) =   3200.000   650.000   650.000
  pairlist_grid   =      3.000
 
Read_Ctrl_Selection> Parameters of Selection
  # of groups     =          0
  # of mole names =          0
 
Read_Ctrl_Restraints> No restraint in the system

Read_Ctrl_Fitting_MD> Parameters of Fitting
  fitting method  =  TR+ROT   
  fitting atom    = group1
  mass_weight     =         no
 
[STEP2] Setup MPI
 
Setup_Mpi_Md> Summary of Setup MPI
  number of MPI processes   =          8
  number of OpenMP threads  =          5
  total number of CPU cores =         40

[STEP3] Set Relevant Variables and Structures
 
Read_Grotop> Summary of Grotopfile
  num_moltypes    =          1
    pos100_cg             :
      num_atoms   =        100
      num_bonds   =         99
      num_angls   =          0
      num_dihes   =          0
      num_cmaps   =          0
      num_excls   =          0
      num_constrs =          0
      num_pairs   =          0
      num_vsites2 =          0
      num_vsites3 =          0
      num_vsites4 =          0
      num_vsitesn =          0
      num_posress =          0
      num_PWMcos  =          0
      num_PWMcosns=          0
      num_IDR_HPS =          1
      num_IDR_KH  =          0
    .. not used molecule types were hidden.

  num_molecules   =       5000
    pos100_cg             :  5000

  num_atomtypes   =         33  num_bondtypes   =          0
  num_angltypes   =          0  num_dihetypes   =          0
  num_flangltypes           20
  num_fldihetypes          400
  num_constrtypes =          0  num_cmaptypes   =          0
  num_nbonparms   =          0
  num_basestacktypes  =     16
  num_basepairtypes   =      4
  num_basecrosstypes  =     32
  num_cgdnaexvtypes   =      6
  num_cgelemolpairs   =      1
  num_cg_IDR_HPS_atomtypes  =     20
  num_cg_KH_atomtypes  =    20

  num_cg_pair_MJ_eps   =   400

Define_Molecule> Summary of molecules
  num_atoms       =     500000  num_bonds       =     495000
  num_angles      =          0  num_dihedrals   =          0
  num_impropers   =          0  num_cmap_terms  =          0
  num_residues    =     500000  num_molecules   =       5000
  num_segments    =          1  num_deg_freedom =    1500000
  total_charge    = 500000.000
 
Update_Num_Deg_Freedom> Number of degrees of freedom was updated
  num_deg_freedom =    1499997 (After removing translation)
 
Setup_Boundary> Setup Variables for Boundary Condition
  box_size(x,y,z) =   3200.000   650.000   650.000
  origin(x,y,z)   =      0.000     0.000     0.000
 
Random_Init> Initialize the random number
  seed            = 23796

Define_Enefunc_Gromacs> Number of Interactions in Each Term
  bond_ene        =     495000  angle_ene       =          0
  torsion_ene     =          0  rb_torsion_ene  =          0
  improper_ene    =          0
  nb_exclusions   =     495000  nb14_calc       =          0
  vsite2_ene      =          0  vsite3_ene      =          0
  vsite3fd_ene    =          0  vsite3fad_ene   =          0
  vsite3out_ene   =          0  vsite4fdn_ene   =          0
  vsiten_ene      =          0
 restraint_groups =          0 restraint_funcs  =          0
 
Get_Morph_in> Morphing check
  morphing_bb     =          0  morphing_sc     =          0
 
Setup_Fitting_Atdyn> NO fitting is applied, skip
  fitting method  =  NO
 
[STEP4] Compute Single Point Energy for Molecules
 
            STEP          ENERGY            BOND  NATIVE_CONTACT NON-NATIVE_CONT           ELECT         IDR_HPS          CG_EXV
 --------------- --------------- --------------- --------------- ---------------
               0     853902.2916     170690.3546          0.0000          0.0000     681472.3800       1739.5570          0.0000

[STEP5] Perform Molecular Dynamics Simulation
 
Generate_Velocity> Generate initial velocities
  iseed           =      23796
  temperature     =    300.000
 
Random_Init_Velocity> Initialize the random number
  seed            = 23796

INFO:       STEP            TIME       TOTAL_ENE   POTENTIAL_ENE     KINETIC_ENE            RMSG            BOND         IDR_HPS  NATIVE_CONTACT          CG_EXV           ELECT     TEMPERATURE          VOLUME
 --------------- --------------- --------------- --------------- ---------------
INFO:          0          0.0000    1300565.2178     853902.2916     446662.9262         10.1780     170690.3546       1739.5570          0.0000          0.0000     681472.3800        299.6953 1352000000.0000

Random_Init> Initialize the random number
  seed            = 633436435

INFO:         20          0.2000    1294845.2439     842794.0379     452051.2060          9.8803     161495.4820        641.2134          0.0000          0.0000     680657.3425        303.3106 1352000000.0000

INFO:         40          0.4000    1291241.6467     837460.8070     453780.8396          9.7907     159786.4765      -1108.9878          0.0000          0.0000     678783.3183        304.4712 1352000000.0000

INFO:         60          0.6000    1287596.9108     831952.4505     455644.4603          9.7345     158271.5036      -2532.1347          0.0000          0.0000     676213.0815        305.7216 1352000000.0000

INFO:         80          0.8000    1283363.4386     826936.3850     456427.0536          9.7038     157366.0446      -3716.7365          0.0000          0.0000     673287.0770        306.2467 1352000000.0000

INFO:        100          1.0000    1279036.2313     822292.0914     456744.1399          9.6776     156629.0575      -4576.7079          0.0000          0.0000     670239.7418        306.4594 1352000000.0000

INFO:        120          1.2000    1273803.8216     817895.7526     455908.0691          9.6484     155851.7453      -5107.4837          0.0000          0.0000     667151.4910        305.8984 1352000000.0000

INFO:        140          1.4000    1270122.2951     814134.5494     455987.7457          9.6189     154994.6474      -4958.2686          0.0000          0.0000     664098.1706        305.9519 1352000000.0000

INFO:        160          1.6000    1266147.5099     811295.9543     454851.5556          9.6216     155111.7863      -4877.0239          0.0000          0.0000     661061.1919        305.1896 1352000000.0000

INFO:        180          1.8000    1261819.7838     807646.7451     454173.0387          9.6124     154678.3329      -5139.1099          0.0000          0.0000     658107.5221        304.7343 1352000000.0000

INFO:        200          2.0000    1258070.1808     804410.2248     453659.9560          9.5992     154576.5883      -5388.1690          0.0000          0.0000     655221.8055        304.3900 1352000000.0000

INFO:        220          2.2000    1254813.5176     801608.2908     453205.2268          9.5977     154434.1758      -5257.7491          0.0000          0.0000     652431.8640        304.0849 1352000000.0000

INFO:        240          2.4000    1251683.6181     798586.3766     453097.2416          9.5728     154033.4896      -5198.2980          0.0000          0.0000     649751.1849        304.0125 1352000000.0000

INFO:        260          2.6000    1248349.8401     795899.9601     452449.8800          9.5689     153839.3342      -5112.7735          0.0000          0.0000     647173.3993        303.5781 1352000000.0000

INFO:        280          2.8000    1245930.8115     793928.1992     452002.6123          9.5825     154282.8953      -5047.3845          0.0000          0.0000     644692.6884        303.2780 1352000000.0000

INFO:        300          3.0000    1243317.1585     791546.8112     451770.3474          9.5784     154104.1064      -4867.6844          0.0000          0.0000     642310.3892        303.1222 1352000000.0000

INFO:        320          3.2000    1240995.5362     789037.3999     451958.1363          9.5720     153819.9929      -4795.8150          0.0000          0.0000     640013.2219        303.2482 1352000000.0000

INFO:        340          3.4000    1238496.0604     787116.4609     451379.5995          9.5718     153985.6659      -4666.3774          0.0000          0.0000     637797.1724        302.8600 1352000000.0000

INFO:        360          3.6000    1235654.0823     784687.7839     450966.2985          9.5593     153471.1844      -4461.2589          0.0000          0.0000     635677.8584        302.5827 1352000000.0000

INFO:        380          3.8000    1233725.4801     783161.7710     450563.7090          9.5611     153712.5415      -4140.0014          0.0000          0.0000     633589.2309        302.3126 1352000000.0000

INFO:        400          4.0000    1231060.5506     780979.6831     450080.8675          9.5617     153626.0114      -4217.3331          0.0000          0.0000     631571.0049        301.9886 1352000000.0000

INFO:        420          4.2000    1229491.0458     778948.9513     450542.0946          9.5664     153646.7627      -4304.4957          0.0000          0.0000     629606.6843        302.2981 1352000000.0000

INFO:        440          4.4000    1227004.6765     776728.0943     450276.5823          9.5495     153389.2249      -4380.0015          0.0000          0.0000     627718.8709        302.1199 1352000000.0000

INFO:        460          4.6000    1224402.5886     774774.0338     449628.5548          9.5450     153156.2560      -4316.4720          0.0000          0.0000     625934.2498        301.6851 1352000000.0000

INFO:        480          4.8000    1222491.2988     773443.6489     449047.6499          9.5483     153381.1073      -4173.4199          0.0000          0.0000     624235.9614        301.2953 1352000000.0000

INFO:        500          5.0000    1220143.5794     771516.5259     448627.0534          9.5380     152939.6965      -4024.2889          0.0000          0.0000     622601.1184        301.0131 1352000000.0000

INFO:        520          5.2000    1218441.2937     770455.8853     447985.4084          9.5503     153328.1582      -3874.8650          0.0000          0.0000     621002.5922        300.5826 1352000000.0000

INFO:        540          5.4000    1217118.3968     769357.5631     447760.8337          9.5664     153711.9491      -3764.0893          0.0000          0.0000     619409.7033        300.4319 1352000000.0000

INFO:        560          5.6000    1215002.5421     767214.3688     447788.1733          9.5449     153072.7789      -3708.2918          0.0000          0.0000     617849.8818        300.4503 1352000000.0000

INFO:        580          5.8000    1213245.5602     765463.3154     447782.2448          9.5345     152806.4644      -3669.1419          0.0000          0.0000     616325.9929        300.4463 1352000000.0000

INFO:        600          6.0000    1212434.7130     764330.4151     448104.2979          9.5409     153187.9587      -3717.8998          0.0000          0.0000     614860.3562        300.6624 1352000000.0000

INFO:        620          6.2000    1211154.0112     763296.4156     447857.5956          9.5503     153385.4306      -3502.0750          0.0000          0.0000     613413.0600        300.4969 1352000000.0000

INFO:        640          6.4000    1209562.7872     761676.6527     447886.1346          9.5503     153262.2419      -3596.0922          0.0000          0.0000     612010.5030        300.5160 1352000000.0000

INFO:        660          6.6000    1207705.9089     759826.6845     447879.2243          9.5337     152701.5611      -3498.8269          0.0000          0.0000     610623.9504        300.5114 1352000000.0000

INFO:        680          6.8000    1206903.3770     759141.4205     447761.9565          9.5534     153337.3193      -3479.0514          0.0000          0.0000     609283.1527        300.4327 1352000000.0000

INFO:        700          7.0000    1205471.8713     757391.9386     448079.9327          9.5448     152890.5478      -3477.5480          0.0000          0.0000     607978.9389        300.6460 1352000000.0000

INFO:        720          7.2000    1204188.7868     756375.8289     447812.9580          9.5478     153176.1019      -3485.2545          0.0000          0.0000     606684.9815        300.4669 1352000000.0000

INFO:        740          7.4000    1203230.1893     755133.6924     448096.4970          9.5565     153155.8634      -3483.1369          0.0000          0.0000     605460.9658        300.6572 1352000000.0000

INFO:        760          7.6000    1201649.3829     754004.9012     447644.4817          9.5528     153252.1805      -3496.8272          0.0000          0.0000     604249.5479        300.3539 1352000000.0000

INFO:        780          7.8000    1200267.6439     753050.6367     447217.0072          9.5523     153338.2930      -3367.4750          0.0000          0.0000     603079.8186        300.0670 1352000000.0000

INFO:        800          8.0000    1199248.8860     751665.7624     447583.1236          9.5494     153155.2691      -3424.1105          0.0000          0.0000     601934.6039        300.3127 1352000000.0000

INFO:        820          8.2000    1198737.9061     750875.9629     447861.9432          9.5497     153301.3451      -3252.0280          0.0000          0.0000     600826.6458        300.4998 1352000000.0000

INFO:        840          8.4000    1197878.9570     750054.5695     447824.3875          9.5557     153443.0506      -3138.1299          0.0000          0.0000     599749.6488        300.4746 1352000000.0000

INFO:        860          8.6000    1196276.1633     748820.5102     447455.6531          9.5520     153312.1638      -3205.6583          0.0000          0.0000     598714.0046        300.2272 1352000000.0000

INFO:        880          8.8000    1195226.8180     747810.0941     447416.7239          9.5495     153340.3619      -3218.6751          0.0000          0.0000     597688.4073        300.2011 1352000000.0000

INFO:        900          9.0000    1193876.5137     746699.1673     447177.3465          9.5421     153156.7165      -3128.7783          0.0000          0.0000     596671.2290        300.0404 1352000000.0000

INFO:        920          9.2000    1192945.5301     745748.5184     447197.0117          9.5434     153169.9885      -3100.0991          0.0000          0.0000     595678.6290        300.0536 1352000000.0000

INFO:        940          9.4000    1191889.0596     745185.3931     446703.6666          9.5509     153407.9162      -2921.8321          0.0000          0.0000     594699.3090        299.7226 1352000000.0000

INFO:        960          9.6000    1191970.3813     744429.7825     447540.5988          9.5550     153529.7082      -2824.3361          0.0000          0.0000     593724.4105        300.2842 1352000000.0000

INFO:        980          9.8000    1191104.7423     743343.2214     447761.5210          9.5473     153454.5385      -2872.3630          0.0000          0.0000     592761.0459        300.4324 1352000000.0000

INFO:       1000         10.0000    1189919.9274     742246.1860     447673.7414          9.5524     153352.5512      -2900.5740          0.0000          0.0000     591794.2088        300.3735 1352000000.0000

INFO:       1020         10.2000    1188984.3795     741712.5824     447271.7971          9.5688     153619.0072      -2763.2871          0.0000          0.0000     590856.8624        300.1038 1352000000.0000

INFO:       1040         10.4000    1187501.8807     740350.7637     447151.1170          9.5530     153264.9090      -2818.7179          0.0000          0.0000     589904.5726        300.0228 1352000000.0000

INFO:       1060         10.6000    1186714.6017     739822.0920     446892.5097          9.5591     153626.6386      -2790.0902          0.0000          0.0000     588985.5436        299.8493 1352000000.0000

INFO:       1080         10.8000    1185288.1737     738481.0729     446807.1008          9.5387     153035.8961      -2689.2350          0.0000          0.0000     588134.4118        299.7920 1352000000.0000

INFO:       1100         11.0000    1184746.0941     737521.5667     447224.5274          9.5311     152878.8547      -2654.8397          0.0000          0.0000     587297.5517        300.0721 1352000000.0000

INFO:       1120         11.2000    1184870.6813     737676.2801     447194.4012          9.5550     153643.7705      -2456.1541          0.0000          0.0000     586488.6637        300.0519 1352000000.0000

INFO:       1140         11.4000    1183788.9535     736809.0673     446979.8862          9.5548     153550.9963      -2404.4026          0.0000          0.0000     585662.4737        299.9079 1352000000.0000

INFO:       1160         11.6000    1182754.7382     735207.7411     447546.9971          9.5444     152924.7428      -2570.6311          0.0000          0.0000     584853.6294        300.2885 1352000000.0000

INFO:       1180         11.8000    1181704.2484     734697.4065     447006.8419          9.5528     153252.8926      -2607.3870          0.0000          0.0000     584051.9009        299.9260 1352000000.0000

INFO:       1200         12.0000    1180634.4099     734063.4357     446570.9742          9.5523     153234.1580      -2432.8930          0.0000          0.0000     583262.1706        299.6336 1352000000.0000

INFO:       1220         12.2000    1180104.1713     733573.9451     446530.2262          9.5532     153246.6031      -2166.8244          0.0000          0.0000     582494.1664        299.6062 1352000000.0000

INFO:       1240         12.4000    1179504.4827     732455.7415     447048.7412          9.5463     153190.2250      -2444.2082          0.0000          0.0000     581709.7248        299.9541 1352000000.0000

INFO:       1260         12.6000    1177857.9235     731525.1576     446332.7658          9.5450     153075.3822      -2508.8189          0.0000          0.0000     580958.5944        299.4738 1352000000.0000

INFO:       1280         12.8000    1177101.3736     731005.6048     446095.7688          9.5448     153129.5471      -2357.0593          0.0000          0.0000     580233.1170        299.3147 1352000000.0000

INFO:       1300         13.0000    1176507.6965     730191.3791     446316.3174          9.5442     153127.3203      -2437.2252          0.0000          0.0000     579501.2840        299.4627 1352000000.0000

INFO:       1320         13.2000    1175437.8127     729459.2368     445978.5758          9.5458     153149.9832      -2468.2119          0.0000          0.0000     578777.4655        299.2361 1352000000.0000

INFO:       1340         13.4000    1175064.2295     729046.6499     446017.5797          9.5507     153289.9725      -2326.5282          0.0000          0.0000     578083.2056        299.2623 1352000000.0000

INFO:       1360         13.6000    1174305.9614     728242.0938     446063.8676          9.5435     153161.1042      -2301.6191          0.0000          0.0000     577382.6087        299.2933 1352000000.0000

INFO:       1380         13.8000    1174564.5563     727736.9714     446827.5849          9.5507     153368.5370      -2329.6243          0.0000          0.0000     576698.0586        299.8058 1352000000.0000

INFO:       1400         14.0000    1173727.4520     727212.8601     446514.5919          9.5579     153512.0569      -2331.2420          0.0000          0.0000     576032.0453        299.5958 1352000000.0000

INFO:       1420         14.2000    1173031.6119     726029.1124     447002.4995          9.5480     152935.3643      -2313.8512          0.0000          0.0000     575407.5993        299.9231 1352000000.0000

INFO:       1440         14.4000    1172611.8379     726016.4262     446595.4117          9.5583     153543.0543      -2306.1885          0.0000          0.0000     574779.5604        299.6500 1352000000.0000

INFO:       1460         14.6000    1171853.5791     725173.6942     446679.8849          9.5502     153252.1764      -2227.3300          0.0000          0.0000     574148.8477        299.7067 1352000000.0000

INFO:       1480         14.8000    1171489.0937     724956.2678     446532.8259          9.5595     153572.7272      -2149.8364          0.0000          0.0000     573533.3770        299.6080 1352000000.0000

INFO:       1500         15.0000    1170721.1765     724573.2806     446147.8959          9.5687     153718.4359      -2056.1626          0.0000          0.0000     572911.0073        299.3497 1352000000.0000

INFO:       1520         15.2000    1170484.9298     723784.4531     446700.4767          9.5633     153664.0257      -2165.8617          0.0000          0.0000     572286.2891        299.7205 1352000000.0000

INFO:       1540         15.4000    1169836.7644     723261.4979     446575.2665          9.5557     153658.7577      -2072.3636          0.0000          0.0000     571675.1038        299.6365 1352000000.0000

INFO:       1560         15.6000    1169611.7164     723063.1046     446548.6117          9.5705     153917.4674      -1937.6714          0.0000          0.0000     571083.3087        299.6186 1352000000.0000

INFO:       1580         15.8000    1169528.5433     722684.3814     446844.1619          9.5837     154123.8758      -1926.7211          0.0000          0.0000     570487.2267        299.8169 1352000000.0000

INFO:       1600         16.0000    1168768.1146     722293.2190     446474.8956          9.5923     154434.3986      -2021.4728          0.0000          0.0000     569880.2933        299.5691 1352000000.0000

INFO:       1620         16.2000    1167821.6394     721375.8399     446445.7995          9.5794     154034.9630      -1941.0967          0.0000          0.0000     569281.9737        299.5496 1352000000.0000

INFO:       1640         16.4000    1166640.6103     720254.1545     446386.4558          9.5599     153493.6141      -1935.0912          0.0000          0.0000     568695.6315        299.5098 1352000000.0000

INFO:       1660         16.6000    1166040.5961     719833.4866     446207.1095          9.5639     153744.1808      -2011.6238          0.0000          0.0000     568100.9296        299.3894 1352000000.0000

INFO:       1680         16.8000    1166088.0342     719438.4788     446649.5554          9.5657     153891.9739      -2003.8579          0.0000          0.0000     567550.3627        299.6863 1352000000.0000

INFO:       1700         17.0000    1165180.8330     718951.1550     446229.6780          9.5669     153910.3823      -1976.9164          0.0000          0.0000     567017.6891        299.4046 1352000000.0000

INFO:       1720         17.2000    1164191.2355     718345.8965     445845.3390          9.5657     153847.7234      -1986.4300          0.0000          0.0000     566484.6031        299.1467 1352000000.0000

INFO:       1740         17.4000    1163860.5476     717670.1645     446190.3830          9.5628     153753.3036      -2032.5680          0.0000          0.0000     565949.4290        299.3782 1352000000.0000

INFO:       1760         17.6000    1162970.5041     716856.6004     446113.9037          9.5467     153348.7897      -1929.4919          0.0000          0.0000     565437.3026        299.3269 1352000000.0000

INFO:       1780         17.8000    1162745.8418     716285.6008     446460.2410          9.5449     153244.6827      -1896.5475          0.0000          0.0000     564937.4655        299.5593 1352000000.0000

INFO:       1800         18.0000    1162495.0592     715621.1845     446873.8746          9.5494     153203.1421      -2027.0859          0.0000          0.0000     564445.1284        299.8368 1352000000.0000

INFO:       1820         18.2000    1162091.2615     715322.4854     446768.7761          9.5468     153250.8872      -1887.8379          0.0000          0.0000     563959.4360        299.7663 1352000000.0000

INFO:       1840         18.4000    1161750.7264     714737.1732     447013.5532          9.5399     152967.1347      -1713.3064          0.0000          0.0000     563483.3449        299.9305 1352000000.0000

INFO:       1860         18.6000    1161147.2592     714569.5047     446577.7545          9.5439     153153.2973      -1575.6272          0.0000          0.0000     562991.8346        299.6381 1352000000.0000

INFO:       1880         18.8000    1160811.2666     714668.7919     446142.4747          9.5610     153563.4808      -1427.0182          0.0000          0.0000     562532.3294        299.3461 1352000000.0000

INFO:       1900         19.0000    1160391.1493     713877.2011     446513.9482          9.5515     153404.8870      -1551.2004          0.0000          0.0000     562023.5145        299.5953 1352000000.0000

INFO:       1920         19.2000    1159629.5641     713196.7520     446432.8121          9.5493     153476.2202      -1785.8481          0.0000          0.0000     561506.3798        299.5409 1352000000.0000

INFO:       1940         19.4000    1159081.4711     712840.6177     446240.8534          9.5499     153421.9398      -1580.7894          0.0000          0.0000     560999.4673        299.4121 1352000000.0000

INFO:       1960         19.6000    1159150.3948     711992.2183     447158.1765          9.5411     153046.1883      -1549.8036          0.0000          0.0000     560495.8337        300.0276 1352000000.0000

INFO:       1980         19.8000    1158266.8552     711696.2927     446570.5625          9.5493     153269.3616      -1566.6088          0.0000          0.0000     559993.5399        299.6333 1352000000.0000

INFO:       2000         20.0000    1158053.9269     711417.8073     446636.1196          9.5535     153514.8749      -1593.7054          0.0000          0.0000     559496.6378        299.6773 1352000000.0000

 
[STEP6] Deallocate Arrays
 
Output_Time> Averaged timer profile (Min, Max)
  total time      =     400.109
    setup         =       4.443
    dynamics      =     395.666
      energy      =     304.388
      integrator  =      46.454
      migration   =       0.000
      pairlist    =      43.314 (      42.678,      44.034)
  energy           
    bond          =       2.202 (       2.069,       2.373)
    angle         =       0.016 (       0.015,       0.017)
    dihedral      =       0.015 (       0.014,       0.017)
    base stacking =       0.000 (       0.000,       0.000)
    nonbond       =     251.186 (     245.480,     256.809)
      CG exv      =       1.257 (       1.022,       1.555)
      CG DNA bp   =       0.000 (       0.000,       0.000)
      CG DNA exv  =       0.000 (       0.000,       0.000)
      CG ele      =     171.831 (     167.865,     175.620)
      CG PWMcos   =       0.000 (       0.000,       0.000)
      CG PWMcosns =       0.000 (       0.000,       0.000)
      CG IDR-HPS  =      78.091 (      76.521,      79.644)
      CG IDR-KH   =       0.000 (       0.000,       0.000)
      CG KH       =       0.000 (       0.000,       0.000)
      Contact     =       0.006 (       0.005,       0.006)
      pme real    =       0.000 (       0.000,       0.000)
      pme recip   =       0.000 (       0.000,       0.000)
    solvation     =       0.000 (       0.000,       0.000)
      polar       =       0.000 (       0.000,       0.000)
      non-polar   =       0.000 (       0.000,       0.000)
    restraint     =       0.000 (       0.000,       0.000)
    qmmm          =       0.000 (       0.000,       0.000)
    morph         =       0.000 (       0.000,       0.000)
  integrator       
    constraint    =       0.000 (       0.000,       0.000)
    update        =       0.000 (       0.000,       0.000)
    comm_coord    =       0.000 (       0.000,       0.000)
    comm_force    =       0.000 (       0.000,       0.000)
  migration       =       0.000 (       0.000,       0.000)
    comm_migrate  =       0.000 (       0.000,       0.000)
    ptl_migrate   =       0.000 (       0.000,       0.000)
    bond_migrate  =       0.000 (       0.000,       0.000)
    angl_migrate  =       0.000 (       0.000,       0.000)
    dihe_migrate  =       0.000 (       0.000,       0.000)
    contact_migr  =       0.000 (       0.000,       0.000)
    stack_migrate =       0.000 (       0.000,       0.000)
    pwmcos_migrate =       0.000 (       0.000,       0.000)
    pwmcosns_migr  =       0.000 (       0.000,       0.000)
    nonb_update    =       0.000 (       0.000,       0.000)

