****************************************************
*                                                  *
*                  GENESIS ATDYN                   *
*                                                  *
*        A Molecular Dynamics Simulator with       *
*            Atomic Decomposition Scheme           *
*                                                  *
*               Developed by RIKEN                 *
*                                                  *
****************************************************
 
[STEP0] Architecture and Compiler Information
 
GENESIS_Information> GENESIS Information
  version      = 2.0.0
  commit ID    = $GENESIS_VERSION$
  precision    = double
  nonbonding   = CPU

Build_Information> Compiler Information
  build host   = jjwsmj@hokusai2
  fortran      = ifort (IFORT) 2021.7.1 20221019
  option       = 
  -axCORE-AVX512 -g -O3  -qmkl=parallel  -assume byterecl -qopenmp  
  C            = 
 icc: remark #10441: The Intel(R) C++ Compiler Classic (ICC) is deprecated and w
 ill be removed from product release in the second half of 2023. The Intel(R) on
 eAPI DPC++/C++ Compiler (ICX) is the recommended compiler moving forward. Pleas
 e transition to use this compiler. Use '-diag-disable=10441' to disable this me
 ssage.
  option       = -O3 -ip -axCORE-AVX2  -qopenmp 
  defined var. = 
  -DHAVE_MPI_GENESIS -DOMP -DIFORT19 -DFFTE -DLAPACK -DDSFMT_MEXP=19937 -DINTEL
  link option  = 
  -assume byterecl -lgfortran -qopenmp  -lmkl_intel_lp64 -lmkl_sequential -lmkl_
 core -lmkl_lapack95_lp64   
  MPI Compiler = Intel(R) MPI

Runtime_Information> Machine and Library Information
  date       = 2023/05/12 17:04:41
  cpu model    = Intel(R) Xeon(R) Gold 6148 CPU @ 2.40GHz
  exec. host   = jjwsmj@bwmpc0403
  LD library   = 
 /bwfefs/opt/x86_64/intel/oneapi/2022.3/mpi/2021.7.1/libfabric/lib:/bwfefs/opt/x
 86_64/intel/oneapi/2022.3/mpi/2021.7.1/lib/release:/bwfefs/opt/x86_64/intel/one
 api/2022.3/mpi/2021.7.1/lib:/bwfefs/opt/x86_64/intel/oneapi/2022.3/tbb/2021.7.1
 /lib/intel64/gcc4.8:/usr/lib64:/bwfefs/opt/x86_64/intel/oneapi/2022.3/vpl/2022.
 2.5/lib:/bwfefs/opt/x86_64/intel/oneapi/2022.3/mkl/latest/lib/intel64:/bwfefs/o
 pt/x86_64/intel/oneapi/2022.3/itac/2021.7.1/slib:/bwfefs/opt/x86_64/intel/oneap
 i/2022.3/ippcp/2021.6.2/lib/intel64:/bwfefs/opt/x86_64/intel/oneapi/2022.3/ipp/
 2021.6.2/lib/intel64:/bwfefs/opt/x86_64/intel/oneapi/2022.3/dnnl/2022.2.1/cpu_d
 pcpp_gpu_dpcpp/lib:/bwfefs/opt/x86_64/intel/oneapi/2022.3/dal/2021.7.1/lib/inte
 l64:/bwfefs/opt/x86_64/intel/oneapi/2022.3/compiler/2022.2.1/linux/compiler/lib
 :/bwfefs/opt/x86_64/intel/oneapi/2022.3/compiler/2022.2.1/linux/lib/oclfpga/hos
 t/linux64/lib:/bwfefs/opt/x86_64/intel/oneapi/2022.3/compiler/2022.2.1/linux/li
 b/oclfpga/linux64/lib:/bwfefs/opt/x86_64/intel/oneapi/2022.3/compiler/2022.2.1/
 linux/lib:/bwfefs/opt/x86_64/intel/oneapi/2022.3/compiler/2022.2.1/linux/lib/x6
 4:/bwfefs/opt/x86_64/intel/oneapi/2022.3/compiler/2022.2.1/linux/lib/emu:/bwfef
 s/opt/x86_64/intel/oneapi/2022.3/compiler/2022.2.1/linux/compiler/lib/intel64_l
 in:/bwfefs/opt/x86_64/intel/oneapi/2022.3/debugger/2021.7.1/dep/lib:/bwfefs/opt
 /x86_64/intel/oneapi/2022.3/debugger/2021.7.1/libipt/intel64/lib:/bwfefs/opt/x8
 6_64/intel/oneapi/2022.3/debugger/2021.7.1/gdb/intel64/lib:/bwfefs/opt/x86_64/
 MPI Runtime = Intel(R) MPI Library 2021.7 for Linux* OS


[STEP1] Read Control Parameters
 
Read_Ctrl_Input> Input Files
  grotopfile = dps_120.top
  grocrdfile = crd/dps_mul_4_5_6.gro
 
Read_Ctrl_Output> Output Files
 
Read_Ctrl_Energy> WARNING: "water_model" is not available
Read_Ctrl_Energy> Parameters of Energy Calculations
  forcefield      =    RESIDCG
  switchdist      =     10.000  cutoffdist      =     12.000
  pairlistdist    =     13.500  dielec_const    =      1.000
  debye           =     10.000
  vdw_force_switch=         no
  electrostatic   =  CUTOFF
  implicit_solvent=       none
  table           =         no
  water_model     =       NONE
  output_style    =    GENESIS
  dispersion_corr =       none
  nonb_limiter    =      no
  user def. table =     no
  efield_x        =           0.000
  efield_y        =           0.000
  efield_z        =           0.000
  efield_normal   =              no
  efield_virial   =              no
 
Read_Ctrl_Dynamics> Parameters of MD simulation
  integrator      =    VVER_CG  nsteps          =       2000
  timestep        =     0.0200  initial_time    =     0.0000
  eneout_period   =        100  rstout_period   =          0
  crdout_period   =          0  velout_period   =          0
  nbupdate_period =         20  stoptr_period   =         10
  qmsave_period   =          0
  iseed           =         -1
  annealing       =         no
  verbose         =         no
  target_md       =         no
  steered_md      =         no
  shrink_box      =         no
  esp_mm          =         no
 
Read_Ctrl_Constraints> Parameters for Constraints
  rigid_bond      =         no
  fixatm_select_index        =       none
 
Read_Ctrl_Ensemble> Parameters for Ensemble
  ensemble        =        NVT
  temperature     =    300.000
  tpcontrol       =   LANGEVIN
  gamma_t         =      1.000
 
Read_Ctrl_Boundary> Parameters of Boundary Condition
  type            =     PBC   
  box_size(x,y,z) =    450.000   550.000   650.000
  pairlist_grid   =      3.000
 
Read_Ctrl_Selection> Parameters of Selection
  # of groups     =          0
  # of mole names =          0
 
Read_Ctrl_Restraints> No restraint in the system

Read_Ctrl_Fitting_MD> Parameters of Fitting
  fitting method  =  TR+ROT   
  fitting atom    = group1
  mass_weight     =         no
 
[STEP2] Setup MPI
 
Setup_Mpi_Md> Summary of Setup MPI
  number of MPI processes   =        128
  number of OpenMP threads  =          5
  total number of CPU cores =        640

[STEP3] Set Relevant Variables and Structures
 
Read_Grotop> Summary of Grotopfile
  num_moltypes    =          1
    dps_cg                :
      num_atoms   =       1853
      num_bonds   =       1841
      num_angls   =       3658
      num_dihes   =       3634
      num_cmaps   =          0
      num_excls   =      10717
      num_constrs =          0
      num_pairs   =      10717
      num_vsites2 =          0
      num_vsites3 =          0
      num_vsites4 =          0
      num_vsitesn =          0
      num_posress =          0
      num_PWMcos  =          0
      num_PWMcosns=          0
      num_IDR_HPS =          0
      num_IDR_KH  =          0
    .. not used molecule types were hidden.

  num_molecules   =        120
    dps_cg                :  120

  num_atomtypes   =         33  num_bondtypes   =          0
  num_angltypes   =          0  num_dihetypes   =          0
  num_flangltypes           20
  num_fldihetypes          400
  num_constrtypes =          0  num_cmaptypes   =          0
  num_nbonparms   =          0
  num_basestacktypes  =     16
  num_basepairtypes   =      4
  num_basecrosstypes  =     32
  num_cgdnaexvtypes   =      6
  num_cgelemolpairs   =      1
  num_cg_IDR_HPS_atomtypes  =     20
  num_cg_KH_atomtypes  =    20

  num_cg_pair_MJ_eps   =   400

Define_Molecule> Summary of molecules
  num_atoms       =     222360  num_bonds       =     220920
  num_angles      =     438960  num_dihedrals   =     436080
  num_impropers   =          0  num_cmap_terms  =          0
  num_residues    =     222360  num_molecules   =       1440
  num_segments    =          1  num_deg_freedom =     667080
  total_charge    = -10080.000
 
Update_Num_Deg_Freedom> Number of degrees of freedom was updated
  num_deg_freedom =     667077 (After removing translation)
 
Setup_Boundary> Setup Variables for Boundary Condition
  box_size(x,y,z) =    450.000   550.000   650.000
  origin(x,y,z)   =      0.000     0.000     0.000
 
Random_Init> Initialize the random number
  seed            = 483357

Define_Enefunc_Gromacs> Number of Interactions in Each Term
  bond_ene        =     220920  angle_ene       =     219480
  flex_angle_ene  =     219480
  torsion_ene     =     218040  rb_torsion_ene  =          0
  flex_dihed_ene  =     218040
  improper_ene    =          0
  nb_exclusions   =    1944480  nb14_calc       =          0
  contact_ene     =    1286040
  vsite2_ene      =          0  vsite3_ene      =          0
  vsite3fd_ene    =          0  vsite3fad_ene   =          0
  vsite3out_ene   =          0  vsite4fdn_ene   =          0
  vsiten_ene      =          0
 restraint_groups =          0 restraint_funcs  =          0
 
Get_Morph_in> Morphing check
  morphing_bb     =          0  morphing_sc     =          0
 
Setup_Fitting_Atdyn> NO fitting is applied, skip
  fitting method  =  NO
 
[STEP4] Compute Single Point Energy for Molecules
 
            STEP          ENERGY            BOND           ANGLE        DIHEDRAL  NATIVE_CONTACT NON-NATIVE_CONT           ELECT          CG_EXV
 --------------- --------------- --------------- --------------- ---------------
               0   -1763062.9315          0.0207    -615195.6145    -528961.9143    -621619.7628          0.0000       2708.5301          5.8093

[STEP5] Perform Molecular Dynamics Simulation
 
Generate_Velocity> Generate initial velocities
  iseed           =     483357
  temperature     =    300.000
 
Random_Init_Velocity> Initialize the random number
  seed            = 483357

INFO:       STEP            TIME       TOTAL_ENE   POTENTIAL_ENE     KINETIC_ENE            RMSG            BOND           ANGLE        DIHEDRAL  NATIVE_CONTACT          CG_EXV           ELECT     TEMPERATURE          VOLUME
 --------------- --------------- --------------- --------------- ---------------
INFO:          0          0.0000   -1564114.8238   -1763062.9315     198948.1077          0.7029          0.0207    -615195.6145    -528961.9143    -621619.7628          5.8093       2708.5301        300.1610  160875000.0000

Random_Init> Initialize the random number
  seed            = 908183249

INFO:        100          2.0000   -1359555.0543   -1539658.7654     180103.7111         12.3952      71236.9863    -539548.3830    -495466.9080    -578550.8239          6.5817       2663.7815        271.7297  160875000.0000

INFO:        200          4.0000   -1323976.3461   -1517459.6095     193483.2634         12.7261      76005.0418    -530794.5811    -491811.6989    -573505.1106          6.6599       2640.0795        291.9159  160875000.0000

INFO:        300          6.0000   -1316686.5466   -1512201.0023     195514.4557         12.7776      76798.6745    -528946.7336    -490913.5676    -571790.6264          6.4517       2644.7990        294.9805  160875000.0000

INFO:        400          8.0000   -1314626.3703   -1511134.3116     196507.9414         12.7704      76529.4249    -528107.5659    -490802.0471    -571403.5548          6.5469       2642.8843        296.4794  160875000.0000

INFO:        500         10.0000   -1312918.6163   -1510850.8017     197932.1854         12.7744      76765.4524    -528405.1493    -490760.6811    -571095.8401          6.6150       2638.8014        298.6282  160875000.0000

INFO:        600         12.0000   -1314222.8013   -1511179.5052     196956.7039         12.7754      76799.6330    -528589.7250    -490795.9797    -571245.3982          6.8461       2645.1185        297.1565  160875000.0000

INFO:        700         14.0000   -1313604.0144   -1510863.7041     197259.6896         12.7759      76883.6215    -528116.6726    -490862.3128    -571417.0832          6.9314       2641.8116        297.6136  160875000.0000

INFO:        800         16.0000   -1313128.3873   -1510560.0970     197431.7097         12.7854      77162.3990    -528386.7801    -490851.8629    -571130.6434          7.4577       2639.3327        297.8731  160875000.0000

INFO:        900         18.0000   -1312957.3788   -1510167.4956     197210.1168         12.7942      77033.9402    -528106.9280    -490589.5767    -571151.4610          7.6041       2638.9259        297.5388  160875000.0000

INFO:       1000         20.0000   -1313936.4199   -1510808.6220     196872.2020         12.7607      76705.0888    -528517.1170    -490579.2046    -571067.4618          7.7135       2642.3591        297.0290  160875000.0000

INFO:       1100         22.0000   -1314121.6045   -1511313.7578     197192.1533         12.7703      76686.1613    -528720.9347    -490734.9611    -571189.8317          7.3819       2638.4266        297.5117  160875000.0000

INFO:       1200         24.0000   -1313383.2239   -1510440.3944     197057.1705         12.7943      76865.8692    -528334.5587    -490646.8346    -570974.6933          8.9585       2640.8645        297.3080  160875000.0000

INFO:       1300         26.0000   -1313017.5887   -1510425.5600     197407.9713         12.7730      76969.1874    -528558.5524    -490701.3483    -570784.0484          7.5447       2641.6569        297.8373  160875000.0000

INFO:       1400         28.0000   -1313974.0218   -1510947.6914     196973.6695         12.7879      76841.0652    -528664.4187    -490585.3365    -571188.2705          7.4170       2641.8521        297.1821  160875000.0000

INFO:       1500         30.0000   -1313153.4116   -1510536.7894     197383.3778         12.7539      76503.5997    -527960.0185    -490531.9069    -571198.7669          7.3156       2642.9875        297.8002  160875000.0000

INFO:       1600         32.0000   -1314300.5607   -1511194.4866     196893.9259         12.7645      76577.5646    -528286.2779    -490876.5541    -571261.2874          7.0970       2644.9711        297.0618  160875000.0000

INFO:       1700         34.0000   -1313451.4105   -1510667.9262     197216.5157         12.7899      77041.7397    -528438.7923    -490842.0159    -571071.6457          7.3087       2635.4792        297.5485  160875000.0000

INFO:       1800         36.0000   -1312600.7196   -1510471.1499     197870.4303         12.7632      76843.6780    -528232.0470    -490644.4931    -571086.9401          7.5175       2641.1348        298.5350  160875000.0000

INFO:       1900         38.0000   -1313184.4373   -1509929.9077     196745.4704         12.7784      76731.0784    -527881.9540    -490458.9815    -570974.2212          7.7581       2646.4124        296.8378  160875000.0000

INFO:       2000         40.0000   -1313294.2967   -1510635.6903     197341.3936         12.7690      76553.0970    -528290.3634    -490621.1586    -570931.6630          8.0149       2646.3829        297.7369  160875000.0000

 
[STEP6] Deallocate Arrays
 
Output_Time> Averaged timer profile (Min, Max)
  total time      =      51.294
    setup         =       2.802
    dynamics      =      48.492
      energy      =      31.195
      integrator  =      15.482
      migration   =       0.000
      pairlist    =       1.145 (       1.116,       1.195)
  energy           
    bond          =       0.073 (       0.064,       0.083)
    angle         =       0.199 (       0.193,       0.207)
    dihedral      =       0.302 (       0.293,       0.320)
    base stacking =       0.000 (       0.000,       0.000)
    nonbond       =       4.282 (       4.111,       4.538)
      CG exv      =       1.103 (       1.077,       1.225)
      CG DNA bp   =       0.000 (       0.000,       0.000)
      CG DNA exv  =       0.000 (       0.000,       0.000)
      CG ele      =       2.986 (       2.833,       3.166)
      CG PWMcos   =       0.000 (       0.000,       0.000)
      CG PWMcosns =       0.000 (       0.000,       0.000)
      CG IDR-HPS  =       0.000 (       0.000,       0.000)
      CG IDR-KH   =       0.000 (       0.000,       0.000)
      CG KH       =       0.000 (       0.000,       0.000)
      Contact     =       0.191 (       0.110,       0.264)
      pme real    =       0.000 (       0.000,       0.000)
      pme recip   =       0.000 (       0.000,       0.000)
    solvation     =       0.000 (       0.000,       0.000)
      polar       =       0.000 (       0.000,       0.000)
      non-polar   =       0.000 (       0.000,       0.000)
    restraint     =       0.000 (       0.000,       0.000)
    qmmm          =       0.000 (       0.000,       0.000)
    morph         =       0.000 (       0.000,       0.000)
  integrator       
    constraint    =       0.000 (       0.000,       0.000)
    update        =       0.000 (       0.000,       0.000)
    comm_coord    =       0.000 (       0.000,       0.000)
    comm_force    =       0.000 (       0.000,       0.000)
  migration       =       0.000 (       0.000,       0.000)
    comm_migrate  =       0.000 (       0.000,       0.000)
    ptl_migrate   =       0.000 (       0.000,       0.000)
    bond_migrate  =       0.000 (       0.000,       0.000)
    angl_migrate  =       0.000 (       0.000,       0.000)
    dihe_migrate  =       0.000 (       0.000,       0.000)
    contact_migr  =       0.000 (       0.000,       0.000)
    stack_migrate =       0.000 (       0.000,       0.000)
    pwmcos_migrate =       0.000 (       0.000,       0.000)
    pwmcosns_migr  =       0.000 (       0.000,       0.000)
    nonb_update    =       0.000 (       0.000,       0.000)

