****************************************************
*                                                  *
*                  GENESIS ATDYN                   *
*                                                  *
*        A Molecular Dynamics Simulator with       *
*            Atomic Decomposition Scheme           *
*                                                  *
*               Developed by RIKEN                 *
*                                                  *
****************************************************
 
[STEP0] Architecture and Compiler Information
 
GENESIS_Information> GENESIS Information
  version      = 2.0.0
  commit ID    = $GENESIS_VERSION$
  precision    = double
  nonbonding   = CPU

Build_Information> Compiler Information
  build host   = jjwsmj@hokusai2
  fortran      = ifort (IFORT) 2021.7.1 20221019
  option       = 
  -axCORE-AVX512 -g -O3  -qmkl=parallel  -assume byterecl -qopenmp  
  C            = 
 icc: remark #10441: The Intel(R) C++ Compiler Classic (ICC) is deprecated and w
 ill be removed from product release in the second half of 2023. The Intel(R) on
 eAPI DPC++/C++ Compiler (ICX) is the recommended compiler moving forward. Pleas
 e transition to use this compiler. Use '-diag-disable=10441' to disable this me
 ssage.
  option       = -O3 -ip -axCORE-AVX2  -qopenmp 
  defined var. = 
  -DHAVE_MPI_GENESIS -DOMP -DIFORT19 -DFFTE -DLAPACK -DDSFMT_MEXP=19937 -DINTEL
  link option  = 
  -assume byterecl -lgfortran -qopenmp  -lmkl_intel_lp64 -lmkl_sequential -lmkl_
 core -lmkl_lapack95_lp64   
  MPI Compiler = Intel(R) MPI

Runtime_Information> Machine and Library Information
  date       = 2023/05/12 17:04:38
  cpu model    = Intel(R) Xeon(R) Gold 6148 CPU @ 2.40GHz
  exec. host   = jjwsmj@bwmpc0369
  LD library   = 
 /bwfefs/opt/x86_64/intel/oneapi/2022.3/mpi/2021.7.1/libfabric/lib:/bwfefs/opt/x
 86_64/intel/oneapi/2022.3/mpi/2021.7.1/lib/release:/bwfefs/opt/x86_64/intel/one
 api/2022.3/mpi/2021.7.1/lib:/bwfefs/opt/x86_64/intel/oneapi/2022.3/tbb/2021.7.1
 /lib/intel64/gcc4.8:/usr/lib64:/bwfefs/opt/x86_64/intel/oneapi/2022.3/vpl/2022.
 2.5/lib:/bwfefs/opt/x86_64/intel/oneapi/2022.3/mkl/latest/lib/intel64:/bwfefs/o
 pt/x86_64/intel/oneapi/2022.3/itac/2021.7.1/slib:/bwfefs/opt/x86_64/intel/oneap
 i/2022.3/ippcp/2021.6.2/lib/intel64:/bwfefs/opt/x86_64/intel/oneapi/2022.3/ipp/
 2021.6.2/lib/intel64:/bwfefs/opt/x86_64/intel/oneapi/2022.3/dnnl/2022.2.1/cpu_d
 pcpp_gpu_dpcpp/lib:/bwfefs/opt/x86_64/intel/oneapi/2022.3/dal/2021.7.1/lib/inte
 l64:/bwfefs/opt/x86_64/intel/oneapi/2022.3/compiler/2022.2.1/linux/compiler/lib
 :/bwfefs/opt/x86_64/intel/oneapi/2022.3/compiler/2022.2.1/linux/lib/oclfpga/hos
 t/linux64/lib:/bwfefs/opt/x86_64/intel/oneapi/2022.3/compiler/2022.2.1/linux/li
 b/oclfpga/linux64/lib:/bwfefs/opt/x86_64/intel/oneapi/2022.3/compiler/2022.2.1/
 linux/lib:/bwfefs/opt/x86_64/intel/oneapi/2022.3/compiler/2022.2.1/linux/lib/x6
 4:/bwfefs/opt/x86_64/intel/oneapi/2022.3/compiler/2022.2.1/linux/lib/emu:/bwfef
 s/opt/x86_64/intel/oneapi/2022.3/compiler/2022.2.1/linux/compiler/lib/intel64_l
 in:/bwfefs/opt/x86_64/intel/oneapi/2022.3/debugger/2021.7.1/dep/lib:/bwfefs/opt
 /x86_64/intel/oneapi/2022.3/debugger/2021.7.1/libipt/intel64/lib:/bwfefs/opt/x8
 6_64/intel/oneapi/2022.3/debugger/2021.7.1/gdb/intel64/lib:/bwfefs/opt/x86_64/
 MPI Runtime = Intel(R) MPI Library 2021.7 for Linux* OS


[STEP1] Read Control Parameters
 
Read_Ctrl_Input> Input Files
  grotopfile = dps_120.top
  grocrdfile = crd/dps_mul_4_5_6.gro
 
Read_Ctrl_Output> Output Files
 
Read_Ctrl_Energy> WARNING: "water_model" is not available
Read_Ctrl_Energy> Parameters of Energy Calculations
  forcefield      =    RESIDCG
  switchdist      =     10.000  cutoffdist      =     12.000
  pairlistdist    =     13.500  dielec_const    =      1.000
  debye           =     10.000
  vdw_force_switch=         no
  electrostatic   =  CUTOFF
  implicit_solvent=       none
  table           =         no
  water_model     =       NONE
  output_style    =    GENESIS
  dispersion_corr =       none
  nonb_limiter    =      no
  user def. table =     no
  efield_x        =           0.000
  efield_y        =           0.000
  efield_z        =           0.000
  efield_normal   =              no
  efield_virial   =              no
 
Read_Ctrl_Dynamics> Parameters of MD simulation
  integrator      =    VVER_CG  nsteps          =       2000
  timestep        =     0.0200  initial_time    =     0.0000
  eneout_period   =        100  rstout_period   =          0
  crdout_period   =          0  velout_period   =          0
  nbupdate_period =         20  stoptr_period   =         10
  qmsave_period   =          0
  iseed           =         -1
  annealing       =         no
  verbose         =         no
  target_md       =         no
  steered_md      =         no
  shrink_box      =         no
  esp_mm          =         no
 
Read_Ctrl_Constraints> Parameters for Constraints
  rigid_bond      =         no
  fixatm_select_index        =       none
 
Read_Ctrl_Ensemble> Parameters for Ensemble
  ensemble        =        NVT
  temperature     =    300.000
  tpcontrol       =   LANGEVIN
  gamma_t         =      1.000
 
Read_Ctrl_Boundary> Parameters of Boundary Condition
  type            =     PBC   
  box_size(x,y,z) =    450.000   550.000   650.000
  pairlist_grid   =      3.000
 
Read_Ctrl_Selection> Parameters of Selection
  # of groups     =          0
  # of mole names =          0
 
Read_Ctrl_Restraints> No restraint in the system

Read_Ctrl_Fitting_MD> Parameters of Fitting
  fitting method  =  TR+ROT   
  fitting atom    = group1
  mass_weight     =         no
 
[STEP2] Setup MPI
 
Setup_Mpi_Md> Summary of Setup MPI
  number of MPI processes   =        128
  number of OpenMP threads  =          5
  total number of CPU cores =        640

[STEP3] Set Relevant Variables and Structures
 
Read_Grotop> Summary of Grotopfile
  num_moltypes    =          1
    dps_cg                :
      num_atoms   =       1853
      num_bonds   =       1841
      num_angls   =       3658
      num_dihes   =       3634
      num_cmaps   =          0
      num_excls   =      10717
      num_constrs =          0
      num_pairs   =      10717
      num_vsites2 =          0
      num_vsites3 =          0
      num_vsites4 =          0
      num_vsitesn =          0
      num_posress =          0
      num_PWMcos  =          0
      num_PWMcosns=          0
      num_IDR_HPS =          0
      num_IDR_KH  =          0
    .. not used molecule types were hidden.

  num_molecules   =        120
    dps_cg                :  120

  num_atomtypes   =         33  num_bondtypes   =          0
  num_angltypes   =          0  num_dihetypes   =          0
  num_flangltypes           20
  num_fldihetypes          400
  num_constrtypes =          0  num_cmaptypes   =          0
  num_nbonparms   =          0
  num_basestacktypes  =     16
  num_basepairtypes   =      4
  num_basecrosstypes  =     32
  num_cgdnaexvtypes   =      6
  num_cgelemolpairs   =      1
  num_cg_IDR_HPS_atomtypes  =     20
  num_cg_KH_atomtypes  =    20

  num_cg_pair_MJ_eps   =   400

Define_Molecule> Summary of molecules
  num_atoms       =     222360  num_bonds       =     220920
  num_angles      =     438960  num_dihedrals   =     436080
  num_impropers   =          0  num_cmap_terms  =          0
  num_residues    =     222360  num_molecules   =       1440
  num_segments    =          1  num_deg_freedom =     667080
  total_charge    = -10080.000
 
Update_Num_Deg_Freedom> Number of degrees of freedom was updated
  num_deg_freedom =     667077 (After removing translation)
 
Setup_Boundary> Setup Variables for Boundary Condition
  box_size(x,y,z) =    450.000   550.000   650.000
  origin(x,y,z)   =      0.000     0.000     0.000
 
Random_Init> Initialize the random number
  seed            = 284057

Define_Enefunc_Gromacs> Number of Interactions in Each Term
  bond_ene        =     220920  angle_ene       =     219480
  flex_angle_ene  =     219480
  torsion_ene     =     218040  rb_torsion_ene  =          0
  flex_dihed_ene  =     218040
  improper_ene    =          0
  nb_exclusions   =    1944480  nb14_calc       =          0
  contact_ene     =    1286040
  vsite2_ene      =          0  vsite3_ene      =          0
  vsite3fd_ene    =          0  vsite3fad_ene   =          0
  vsite3out_ene   =          0  vsite4fdn_ene   =          0
  vsiten_ene      =          0
 restraint_groups =          0 restraint_funcs  =          0
 
Get_Morph_in> Morphing check
  morphing_bb     =          0  morphing_sc     =          0
 
Setup_Fitting_Atdyn> NO fitting is applied, skip
  fitting method  =  NO
 
[STEP4] Compute Single Point Energy for Molecules
 
            STEP          ENERGY            BOND           ANGLE        DIHEDRAL  NATIVE_CONTACT NON-NATIVE_CONT           ELECT          CG_EXV
 --------------- --------------- --------------- --------------- ---------------
               0   -1763062.9315          0.0207    -615195.6145    -528961.9143    -621619.7628          0.0000       2708.5301          5.8093

[STEP5] Perform Molecular Dynamics Simulation
 
Generate_Velocity> Generate initial velocities
  iseed           =     284057
  temperature     =    300.000
 
Random_Init_Velocity> Initialize the random number
  seed            = 284057

INFO:       STEP            TIME       TOTAL_ENE   POTENTIAL_ENE     KINETIC_ENE            RMSG            BOND           ANGLE        DIHEDRAL  NATIVE_CONTACT          CG_EXV           ELECT     TEMPERATURE          VOLUME
 --------------- --------------- --------------- --------------- ---------------
INFO:          0          0.0000   -1564042.4797   -1763062.9315     199020.4518          0.7029          0.0207    -615195.6145    -528961.9143    -621619.7628          5.8093       2708.5301        300.2701  160875000.0000

Random_Init> Initialize the random number
  seed            = 2110653947

INFO:        100          2.0000   -1359527.3291   -1539045.9413     179518.6122         12.4122      71658.6214    -539476.3844    -495223.4002    -578677.2181          6.4584       2665.9816        270.8469  160875000.0000

INFO:        200          4.0000   -1325462.3496   -1518713.1350     193250.7854         12.6673      75194.2709    -531388.6292    -491893.2644    -573269.6262          6.5700       2637.5440        291.5652  160875000.0000

INFO:        300          6.0000   -1316109.3187   -1512137.2506     196027.9319         12.7497      76547.4558    -529040.4313    -490747.3989    -571549.9574          6.5220       2646.5593        295.7552  160875000.0000

INFO:        400          8.0000   -1314800.2945   -1511448.0711     196647.7766         12.7678      76858.0147    -528486.0467    -491047.1612    -571420.7506          6.5172       2641.3555        296.6904  160875000.0000

INFO:        500         10.0000   -1313778.1395   -1510849.1886     197071.0491         12.7661      76811.1469    -528526.4400    -490590.1441    -571190.8749          6.5572       2640.5664        297.3290  160875000.0000

INFO:        600         12.0000   -1313738.9177   -1510692.6123     196953.6946         12.8024      77121.9508    -528558.5881    -490759.9190    -571147.1656          7.1124       2643.9971        297.1519  160875000.0000

INFO:        700         14.0000   -1314585.6632   -1511915.3853     197329.7222         12.7714      76746.6736    -528904.5602    -491030.7522    -571371.6790          7.2268       2637.7056        297.7193  160875000.0000

INFO:        800         16.0000   -1314428.4516   -1511241.9912     196813.5396         12.7594      76538.8286    -528541.2264    -490805.8091    -571084.6890          6.8146       2644.0901        296.9405  160875000.0000

INFO:        900         18.0000   -1313793.3995   -1511113.3377     197319.9382         12.7522      76300.3079    -528150.3892    -490794.1041    -571118.8859          7.0865       2642.6470        297.7045  160875000.0000

INFO:       1000         20.0000   -1313943.2238   -1511037.3811     197094.1573         12.7573      76758.8910    -528367.6032    -490811.9445    -571267.4027          6.8625       2643.8158        297.3638  160875000.0000

INFO:       1100         22.0000   -1313641.5435   -1511267.1342     197625.5907         12.7607      76541.7527    -528599.6376    -490725.1886    -571134.2555          7.1965       2642.9981        298.1656  160875000.0000

INFO:       1200         24.0000   -1314195.9494   -1510820.5860     196624.6366         12.7806      76757.5866    -528509.5479    -490677.3096    -571040.3913          7.9493       2641.1269        296.6555  160875000.0000

INFO:       1300         26.0000   -1314126.9651   -1511200.6411     197073.6760         12.7681      76557.5928    -528505.3601    -490730.8468    -571175.7573          8.6051       2645.1253        297.3329  160875000.0000

INFO:       1400         28.0000   -1313333.0309   -1510676.8984     197343.8674         12.7923      76962.2247    -528126.9711    -490762.9926    -571405.1907          7.8103       2648.2210        297.7406  160875000.0000

INFO:       1500         30.0000   -1313144.2613   -1510938.2879     197794.0267         12.7664      76669.3523    -528515.6074    -490686.8018    -571053.8846          7.1457       2641.5079        298.4198  160875000.0000

INFO:       1600         32.0000   -1314179.3817   -1511358.8218     197179.4401         12.7645      76488.8068    -528461.8785    -490781.1385    -571259.2281          7.2092       2647.4073        297.4925  160875000.0000

INFO:       1700         34.0000   -1312955.2279   -1510187.6927     197232.4648         12.7976      76893.1659    -528217.7227    -490635.3822    -570877.7134          8.0287       2641.9310        297.5725  160875000.0000

INFO:       1800         36.0000   -1313816.1494   -1510639.0920     196822.9426         12.7809      77095.2842    -528657.4964    -490798.4768    -570932.2297          7.8755       2645.9512        296.9547  160875000.0000

INFO:       1900         38.0000   -1313242.0212   -1510506.2574     197264.2362         12.7749      76731.1544    -528071.4827    -490690.3541    -571124.8574          7.5055       2641.7769        297.6205  160875000.0000

INFO:       2000         40.0000   -1313901.3957   -1511051.0199     197149.6242         12.7737      76724.2959    -528355.7856    -490830.0550    -571241.0776          7.9468       2643.6556        297.4475  160875000.0000

 
[STEP6] Deallocate Arrays
 
Output_Time> Averaged timer profile (Min, Max)
  total time      =      51.546
    setup         =       2.806
    dynamics      =      48.739
      energy      =      31.345
      integrator  =      15.547
      migration   =       0.000
      pairlist    =       1.145 (       1.114,       1.442)
  energy           
    bond          =       0.073 (       0.064,       0.086)
    angle         =       0.198 (       0.192,       0.208)
    dihedral      =       0.300 (       0.291,       0.317)
    base stacking =       0.000 (       0.000,       0.000)
    nonbond       =       4.265 (       4.114,       4.443)
      CG exv      =       1.098 (       1.069,       1.136)
      CG DNA bp   =       0.000 (       0.000,       0.000)
      CG DNA exv  =       0.000 (       0.000,       0.000)
      CG ele      =       2.978 (       2.822,       3.112)
      CG PWMcos   =       0.000 (       0.000,       0.000)
      CG PWMcosns =       0.000 (       0.000,       0.000)
      CG IDR-HPS  =       0.000 (       0.000,       0.000)
      CG IDR-KH   =       0.000 (       0.000,       0.000)
      CG KH       =       0.000 (       0.000,       0.000)
      Contact     =       0.187 (       0.115,       0.255)
      pme real    =       0.000 (       0.000,       0.000)
      pme recip   =       0.000 (       0.000,       0.000)
    solvation     =       0.000 (       0.000,       0.000)
      polar       =       0.000 (       0.000,       0.000)
      non-polar   =       0.000 (       0.000,       0.000)
    restraint     =       0.000 (       0.000,       0.000)
    qmmm          =       0.000 (       0.000,       0.000)
    morph         =       0.000 (       0.000,       0.000)
  integrator       
    constraint    =       0.000 (       0.000,       0.000)
    update        =       0.000 (       0.000,       0.000)
    comm_coord    =       0.000 (       0.000,       0.000)
    comm_force    =       0.000 (       0.000,       0.000)
  migration       =       0.000 (       0.000,       0.000)
    comm_migrate  =       0.000 (       0.000,       0.000)
    ptl_migrate   =       0.000 (       0.000,       0.000)
    bond_migrate  =       0.000 (       0.000,       0.000)
    angl_migrate  =       0.000 (       0.000,       0.000)
    dihe_migrate  =       0.000 (       0.000,       0.000)
    contact_migr  =       0.000 (       0.000,       0.000)
    stack_migrate =       0.000 (       0.000,       0.000)
    pwmcos_migrate =       0.000 (       0.000,       0.000)
    pwmcosns_migr  =       0.000 (       0.000,       0.000)
    nonb_update    =       0.000 (       0.000,       0.000)

