****************************************************
*                                                  *
*                  GENESIS ATDYN                   *
*                                                  *
*        A Molecular Dynamics Simulator with       *
*            Atomic Decomposition Scheme           *
*                                                  *
*               Developed by RIKEN                 *
*                                                  *
****************************************************
 
[STEP0] Architecture and Compiler Information
 
GENESIS_Information> GENESIS Information
  version      = 2.0.0
  commit ID    = $GENESIS_VERSION$
  precision    = double
  nonbonding   = CPU

Build_Information> Compiler Information
  build host   = jjwsmj@hokusai2
  fortran      = ifort (IFORT) 2021.7.1 20221019
  option       = 
  -axCORE-AVX512 -g -O3  -qmkl=parallel  -assume byterecl -qopenmp  
  C            = 
 icc: remark #10441: The Intel(R) C++ Compiler Classic (ICC) is deprecated and w
 ill be removed from product release in the second half of 2023. The Intel(R) on
 eAPI DPC++/C++ Compiler (ICX) is the recommended compiler moving forward. Pleas
 e transition to use this compiler. Use '-diag-disable=10441' to disable this me
 ssage.
  option       = -O3 -ip -axCORE-AVX2  -qopenmp 
  defined var. = 
  -DHAVE_MPI_GENESIS -DOMP -DIFORT19 -DFFTE -DLAPACK -DDSFMT_MEXP=19937 -DINTEL
  link option  = 
  -assume byterecl -lgfortran -qopenmp  -lmkl_intel_lp64 -lmkl_sequential -lmkl_
 core -lmkl_lapack95_lp64   
  MPI Compiler = Intel(R) MPI

Runtime_Information> Machine and Library Information
  date       = 2023/05/12 15:32:32
  cpu model    = Intel(R) Xeon(R) Gold 6148 CPU @ 2.40GHz
  exec. host   = jjwsmj@bwmpc0186
  LD library   = 
 /bwfefs/opt/x86_64/intel/oneapi/2022.3/mpi/2021.7.1/libfabric/lib:/bwfefs/opt/x
 86_64/intel/oneapi/2022.3/mpi/2021.7.1/lib/release:/bwfefs/opt/x86_64/intel/one
 api/2022.3/mpi/2021.7.1/lib:/bwfefs/opt/x86_64/intel/oneapi/2022.3/tbb/2021.7.1
 /lib/intel64/gcc4.8:/usr/lib64:/bwfefs/opt/x86_64/intel/oneapi/2022.3/vpl/2022.
 2.5/lib:/bwfefs/opt/x86_64/intel/oneapi/2022.3/mkl/latest/lib/intel64:/bwfefs/o
 pt/x86_64/intel/oneapi/2022.3/itac/2021.7.1/slib:/bwfefs/opt/x86_64/intel/oneap
 i/2022.3/ippcp/2021.6.2/lib/intel64:/bwfefs/opt/x86_64/intel/oneapi/2022.3/ipp/
 2021.6.2/lib/intel64:/bwfefs/opt/x86_64/intel/oneapi/2022.3/dnnl/2022.2.1/cpu_d
 pcpp_gpu_dpcpp/lib:/bwfefs/opt/x86_64/intel/oneapi/2022.3/dal/2021.7.1/lib/inte
 l64:/bwfefs/opt/x86_64/intel/oneapi/2022.3/compiler/2022.2.1/linux/compiler/lib
 :/bwfefs/opt/x86_64/intel/oneapi/2022.3/compiler/2022.2.1/linux/lib/oclfpga/hos
 t/linux64/lib:/bwfefs/opt/x86_64/intel/oneapi/2022.3/compiler/2022.2.1/linux/li
 b/oclfpga/linux64/lib:/bwfefs/opt/x86_64/intel/oneapi/2022.3/compiler/2022.2.1/
 linux/lib:/bwfefs/opt/x86_64/intel/oneapi/2022.3/compiler/2022.2.1/linux/lib/x6
 4:/bwfefs/opt/x86_64/intel/oneapi/2022.3/compiler/2022.2.1/linux/lib/emu:/bwfef
 s/opt/x86_64/intel/oneapi/2022.3/compiler/2022.2.1/linux/compiler/lib/intel64_l
 in:/bwfefs/opt/x86_64/intel/oneapi/2022.3/debugger/2021.7.1/dep/lib:/bwfefs/opt
 /x86_64/intel/oneapi/2022.3/debugger/2021.7.1/libipt/intel64/lib:/bwfefs/opt/x8
 6_64/intel/oneapi/2022.3/debugger/2021.7.1/gdb/intel64/lib:/bwfefs/opt/x86_64/
 MPI Runtime = Intel(R) MPI Library 2021.7 for Linux* OS


[STEP1] Read Control Parameters
 
Read_Ctrl_Input> Input Files
  grotopfile = dps_120.top
  grocrdfile = crd/dps_mul_4_5_6.gro
 
Read_Ctrl_Output> Output Files
 
Read_Ctrl_Energy> WARNING: "water_model" is not available
Read_Ctrl_Energy> Parameters of Energy Calculations
  forcefield      =    RESIDCG
  switchdist      =     10.000  cutoffdist      =     12.000
  pairlistdist    =     13.500  dielec_const    =      1.000
  debye           =     10.000
  vdw_force_switch=         no
  electrostatic   =  CUTOFF
  implicit_solvent=       none
  table           =         no
  water_model     =       NONE
  output_style    =    GENESIS
  dispersion_corr =       none
  nonb_limiter    =      no
  user def. table =     no
  efield_x        =           0.000
  efield_y        =           0.000
  efield_z        =           0.000
  efield_normal   =              no
  efield_virial   =              no
 
Read_Ctrl_Dynamics> Parameters of MD simulation
  integrator      =    VVER_CG  nsteps          =       2000
  timestep        =     0.0200  initial_time    =     0.0000
  eneout_period   =        100  rstout_period   =          0
  crdout_period   =          0  velout_period   =          0
  nbupdate_period =         20  stoptr_period   =         10
  qmsave_period   =          0
  iseed           =         -1
  annealing       =         no
  verbose         =         no
  target_md       =         no
  steered_md      =         no
  shrink_box      =         no
  esp_mm          =         no
 
Read_Ctrl_Constraints> Parameters for Constraints
  rigid_bond      =         no
  fixatm_select_index        =       none
 
Read_Ctrl_Ensemble> Parameters for Ensemble
  ensemble        =        NVT
  temperature     =    300.000
  tpcontrol       =   LANGEVIN
  gamma_t         =      1.000
 
Read_Ctrl_Boundary> Parameters of Boundary Condition
  type            =     PBC   
  box_size(x,y,z) =    450.000   550.000   650.000
  pairlist_grid   =      3.000
 
Read_Ctrl_Selection> Parameters of Selection
  # of groups     =          0
  # of mole names =          0
 
Read_Ctrl_Restraints> No restraint in the system

Read_Ctrl_Fitting_MD> Parameters of Fitting
  fitting method  =  TR+ROT   
  fitting atom    = group1
  mass_weight     =         no
 
[STEP2] Setup MPI
 
Setup_Mpi_Md> Summary of Setup MPI
  number of MPI processes   =         16
  number of OpenMP threads  =          5
  total number of CPU cores =         80

[STEP3] Set Relevant Variables and Structures
 
Read_Grotop> Summary of Grotopfile
  num_moltypes    =          1
    dps_cg                :
      num_atoms   =       1853
      num_bonds   =       1841
      num_angls   =       3658
      num_dihes   =       3634
      num_cmaps   =          0
      num_excls   =      10717
      num_constrs =          0
      num_pairs   =      10717
      num_vsites2 =          0
      num_vsites3 =          0
      num_vsites4 =          0
      num_vsitesn =          0
      num_posress =          0
      num_PWMcos  =          0
      num_PWMcosns=          0
      num_IDR_HPS =          0
      num_IDR_KH  =          0
    .. not used molecule types were hidden.

  num_molecules   =        120
    dps_cg                :  120

  num_atomtypes   =         33  num_bondtypes   =          0
  num_angltypes   =          0  num_dihetypes   =          0
  num_flangltypes           20
  num_fldihetypes          400
  num_constrtypes =          0  num_cmaptypes   =          0
  num_nbonparms   =          0
  num_basestacktypes  =     16
  num_basepairtypes   =      4
  num_basecrosstypes  =     32
  num_cgdnaexvtypes   =      6
  num_cgelemolpairs   =      1
  num_cg_IDR_HPS_atomtypes  =     20
  num_cg_KH_atomtypes  =    20

  num_cg_pair_MJ_eps   =   400

Define_Molecule> Summary of molecules
  num_atoms       =     222360  num_bonds       =     220920
  num_angles      =     438960  num_dihedrals   =     436080
  num_impropers   =          0  num_cmap_terms  =          0
  num_residues    =     222360  num_molecules   =       1440
  num_segments    =          1  num_deg_freedom =     667080
  total_charge    = -10080.000
 
Update_Num_Deg_Freedom> Number of degrees of freedom was updated
  num_deg_freedom =     667077 (After removing translation)
 
Setup_Boundary> Setup Variables for Boundary Condition
  box_size(x,y,z) =    450.000   550.000   650.000
  origin(x,y,z)   =      0.000     0.000     0.000
 
Random_Init> Initialize the random number
  seed            = 675735

Define_Enefunc_Gromacs> Number of Interactions in Each Term
  bond_ene        =     220920  angle_ene       =     219480
  flex_angle_ene  =     219480
  torsion_ene     =     218040  rb_torsion_ene  =          0
  flex_dihed_ene  =     218040
  improper_ene    =          0
  nb_exclusions   =    1944480  nb14_calc       =          0
  contact_ene     =    1286040
  vsite2_ene      =          0  vsite3_ene      =          0
  vsite3fd_ene    =          0  vsite3fad_ene   =          0
  vsite3out_ene   =          0  vsite4fdn_ene   =          0
  vsiten_ene      =          0
 restraint_groups =          0 restraint_funcs  =          0
 
Get_Morph_in> Morphing check
  morphing_bb     =          0  morphing_sc     =          0
 
Setup_Fitting_Atdyn> NO fitting is applied, skip
  fitting method  =  NO
 
[STEP4] Compute Single Point Energy for Molecules
 
            STEP          ENERGY            BOND           ANGLE        DIHEDRAL  NATIVE_CONTACT NON-NATIVE_CONT           ELECT          CG_EXV
 --------------- --------------- --------------- --------------- ---------------
               0   -1763062.9315          0.0207    -615195.6145    -528961.9143    -621619.7628          0.0000       2708.5301          5.8093

[STEP5] Perform Molecular Dynamics Simulation
 
Generate_Velocity> Generate initial velocities
  iseed           =     675735
  temperature     =    300.000
 
Random_Init_Velocity> Initialize the random number
  seed            = 675735

INFO:       STEP            TIME       TOTAL_ENE   POTENTIAL_ENE     KINETIC_ENE            RMSG            BOND           ANGLE        DIHEDRAL  NATIVE_CONTACT          CG_EXV           ELECT     TEMPERATURE          VOLUME
 --------------- --------------- --------------- --------------- ---------------
INFO:          0          0.0000   -1564709.2966   -1763062.9315     198353.6349          0.7029          0.0207    -615195.6145    -528961.9143    -621619.7628          5.8093       2708.5301        299.2641  160875000.0000

Random_Init> Initialize the random number
  seed            = 1475290072

INFO:        100          2.0000   -1358984.5145   -1539186.0247     180201.5102         12.4219      71770.1415    -539564.3658    -495297.7944    -578775.2876          6.5424       2674.7393        271.8772  160875000.0000

INFO:        200          4.0000   -1322941.2599   -1517152.8771     194211.6173         12.7187      75932.0937    -530630.8363    -491808.0208    -573294.8659          6.5643       2642.1879        293.0148  160875000.0000

INFO:        300          6.0000   -1315393.1896   -1511669.0336     196275.8439         12.7728      76663.7144    -528736.9468    -490745.5013    -571503.8380          6.6551       2646.8830        296.1292  160875000.0000

INFO:        400          8.0000   -1314470.8668   -1511376.1385     196905.2717         12.7813      76921.5942    -529123.8965    -490643.1413    -571176.8935          6.4631       2639.7355        297.0789  160875000.0000

INFO:        500         10.0000   -1314116.7925   -1510714.5128     196597.7203         12.7779      76807.6461    -528263.0561    -490632.7270    -571277.0816          6.8328       2643.8729        296.6149  160875000.0000

INFO:        600         12.0000   -1313198.4146   -1510482.4157     197284.0011         12.7828      76799.4905    -528037.0953    -490811.4287    -571087.8084          8.2419       2646.1841        297.6503  160875000.0000

INFO:        700         14.0000   -1313827.0358   -1511356.5258     197529.4899         12.7668      76627.4015    -528557.3721    -490696.7196    -571383.2355          6.6204       2646.7797        298.0207  160875000.0000

INFO:        800         16.0000   -1313854.8101   -1510641.7904     196786.9803         12.7741      76731.3146    -528405.4580    -490607.5337    -571009.3874          6.7999       2642.4743        296.9004  160875000.0000

INFO:        900         18.0000   -1314113.2076   -1510897.9892     196784.7815         12.7627      76762.2861    -528620.6788    -490616.7839    -571070.9303          6.8364       2641.2813        296.8971  160875000.0000

INFO:       1000         20.0000   -1313924.8677   -1510589.2595     196664.3918         12.7757      76662.8610    -528297.3838    -490610.2461    -570998.4752          7.4853       2646.4993        296.7154  160875000.0000

INFO:       1100         22.0000   -1314463.7727   -1511289.0882     196825.3155         12.7793      76763.3347    -528734.2065    -490744.2611    -571222.1466          6.7421       2641.4492        296.9582  160875000.0000

INFO:       1200         24.0000   -1313349.7232   -1510572.8713     197223.1481         12.7784      76921.3358    -528323.9211    -490638.1679    -571182.4038          6.9708       2643.3150        297.5585  160875000.0000

INFO:       1300         26.0000   -1314835.0067   -1511236.4261     196401.4194         12.7374      76371.1466    -528408.2689    -490741.9691    -571105.6538          7.2396       2641.0794        296.3187  160875000.0000

INFO:       1400         28.0000   -1312961.5506   -1510336.4215     197374.8709         12.7943      77257.8171    -528200.8137    -490731.6857    -571306.1430          7.2513       2637.1524        297.7874  160875000.0000

INFO:       1500         30.0000   -1313713.4548   -1510517.0759     196803.6211         12.8042      77147.7757    -528294.1658    -490746.8664    -571274.3152          7.8334       2642.6625        296.9255  160875000.0000

INFO:       1600         32.0000   -1312692.3893   -1509905.2262     197212.8369         12.8038      77228.9249    -528167.5385    -490511.8584    -571106.6598          7.6245       2644.2811        297.5429  160875000.0000

INFO:       1700         34.0000   -1313137.5802   -1510320.7592     197183.1790         12.7641      76593.6809    -528131.4415    -490578.7977    -570852.3900          8.7516       2639.4375        297.4982  160875000.0000

INFO:       1800         36.0000   -1313990.0404   -1511357.2937     197367.2533         12.7517      76456.9201    -528371.3062    -490817.0801    -571277.3680          7.1432       2644.3972        297.7759  160875000.0000

INFO:       1900         38.0000   -1314670.1539   -1511236.9309     196566.7771         12.7563      76446.1973    -528305.0503    -490854.3716    -571182.4588          7.1454       2651.6070        296.5682  160875000.0000

INFO:       2000         40.0000   -1313793.7472   -1511077.9817     197284.2345         12.7810      76729.9019    -528507.6627    -490889.7010    -571056.4714          8.0756       2637.8759        297.6506  160875000.0000

 
[STEP6] Deallocate Arrays
 
Output_Time> Averaged timer profile (Min, Max)
  total time      =      65.416
    setup         =       2.783
    dynamics      =      62.633
      energy      =      41.385
      integrator  =      17.442
      migration   =       0.000
      pairlist    =       3.087 (       3.063,       3.113)
  energy           
    bond          =       0.412 (       0.352,       0.460)
    angle         =       1.413 (       1.380,       1.479)
    dihedral      =       1.820 (       1.798,       1.872)
    base stacking =       0.000 (       0.000,       0.000)
    nonbond       =      15.357 (      15.170,      15.743)
      CG exv      =       3.486 (       3.299,       3.780)
      CG DNA bp   =       0.000 (       0.000,       0.000)
      CG DNA exv  =       0.000 (       0.000,       0.000)
      CG ele      =      11.015 (      10.920,      11.135)
      CG PWMcos   =       0.000 (       0.000,       0.000)
      CG PWMcosns =       0.000 (       0.000,       0.000)
      CG IDR-HPS  =       0.000 (       0.000,       0.000)
      CG IDR-KH   =       0.000 (       0.000,       0.000)
      CG KH       =       0.000 (       0.000,       0.000)
      Contact     =       0.853 (       0.788,       0.962)
      pme real    =       0.000 (       0.000,       0.000)
      pme recip   =       0.000 (       0.000,       0.000)
    solvation     =       0.000 (       0.000,       0.000)
      polar       =       0.000 (       0.000,       0.000)
      non-polar   =       0.000 (       0.000,       0.000)
    restraint     =       0.000 (       0.000,       0.000)
    qmmm          =       0.000 (       0.000,       0.000)
    morph         =       0.000 (       0.000,       0.000)
  integrator       
    constraint    =       0.000 (       0.000,       0.000)
    update        =       0.000 (       0.000,       0.000)
    comm_coord    =       0.000 (       0.000,       0.000)
    comm_force    =       0.000 (       0.000,       0.000)
  migration       =       0.000 (       0.000,       0.000)
    comm_migrate  =       0.000 (       0.000,       0.000)
    ptl_migrate   =       0.000 (       0.000,       0.000)
    bond_migrate  =       0.000 (       0.000,       0.000)
    angl_migrate  =       0.000 (       0.000,       0.000)
    dihe_migrate  =       0.000 (       0.000,       0.000)
    contact_migr  =       0.000 (       0.000,       0.000)
    stack_migrate =       0.000 (       0.000,       0.000)
    pwmcos_migrate =       0.000 (       0.000,       0.000)
    pwmcosns_migr  =       0.000 (       0.000,       0.000)
    nonb_update    =       0.000 (       0.000,       0.000)

