****************************************************
*                                                  *
*                  GENESIS ATDYN                   *
*                                                  *
*        A Molecular Dynamics Simulator with       *
*            Atomic Decomposition Scheme           *
*                                                  *
*               Developed by RIKEN                 *
*                                                  *
****************************************************
 
[STEP0] Architecture and Compiler Information
 
GENESIS_Information> GENESIS Information
  version      = 2.0.0
  commit ID    = $GENESIS_VERSION$
  precision    = double
  nonbonding   = CPU

Build_Information> Compiler Information
  build host   = jjwsmj@hokusai2
  fortran      = ifort (IFORT) 2021.7.1 20221019
  option       = 
  -axCORE-AVX512 -g -O3  -qmkl=parallel  -assume byterecl -qopenmp  
  C            = 
 icc: remark #10441: The Intel(R) C++ Compiler Classic (ICC) is deprecated and w
 ill be removed from product release in the second half of 2023. The Intel(R) on
 eAPI DPC++/C++ Compiler (ICX) is the recommended compiler moving forward. Pleas
 e transition to use this compiler. Use '-diag-disable=10441' to disable this me
 ssage.
  option       = -O3 -ip -axCORE-AVX2  -qopenmp 
  defined var. = 
  -DHAVE_MPI_GENESIS -DOMP -DIFORT19 -DFFTE -DLAPACK -DDSFMT_MEXP=19937 -DINTEL
  link option  = 
  -assume byterecl -lgfortran -qopenmp  -lmkl_intel_lp64 -lmkl_sequential -lmkl_
 core -lmkl_lapack95_lp64   
  MPI Compiler = Intel(R) MPI

Runtime_Information> Machine and Library Information
  date       = 2023/05/12 15:32:33
  cpu model    = Intel(R) Xeon(R) Gold 6148 CPU @ 2.40GHz
  exec. host   = jjwsmj@bwmpc0183
  LD library   = 
 /bwfefs/opt/x86_64/intel/oneapi/2022.3/mpi/2021.7.1/libfabric/lib:/bwfefs/opt/x
 86_64/intel/oneapi/2022.3/mpi/2021.7.1/lib/release:/bwfefs/opt/x86_64/intel/one
 api/2022.3/mpi/2021.7.1/lib:/bwfefs/opt/x86_64/intel/oneapi/2022.3/tbb/2021.7.1
 /lib/intel64/gcc4.8:/usr/lib64:/bwfefs/opt/x86_64/intel/oneapi/2022.3/vpl/2022.
 2.5/lib:/bwfefs/opt/x86_64/intel/oneapi/2022.3/mkl/latest/lib/intel64:/bwfefs/o
 pt/x86_64/intel/oneapi/2022.3/itac/2021.7.1/slib:/bwfefs/opt/x86_64/intel/oneap
 i/2022.3/ippcp/2021.6.2/lib/intel64:/bwfefs/opt/x86_64/intel/oneapi/2022.3/ipp/
 2021.6.2/lib/intel64:/bwfefs/opt/x86_64/intel/oneapi/2022.3/dnnl/2022.2.1/cpu_d
 pcpp_gpu_dpcpp/lib:/bwfefs/opt/x86_64/intel/oneapi/2022.3/dal/2021.7.1/lib/inte
 l64:/bwfefs/opt/x86_64/intel/oneapi/2022.3/compiler/2022.2.1/linux/compiler/lib
 :/bwfefs/opt/x86_64/intel/oneapi/2022.3/compiler/2022.2.1/linux/lib/oclfpga/hos
 t/linux64/lib:/bwfefs/opt/x86_64/intel/oneapi/2022.3/compiler/2022.2.1/linux/li
 b/oclfpga/linux64/lib:/bwfefs/opt/x86_64/intel/oneapi/2022.3/compiler/2022.2.1/
 linux/lib:/bwfefs/opt/x86_64/intel/oneapi/2022.3/compiler/2022.2.1/linux/lib/x6
 4:/bwfefs/opt/x86_64/intel/oneapi/2022.3/compiler/2022.2.1/linux/lib/emu:/bwfef
 s/opt/x86_64/intel/oneapi/2022.3/compiler/2022.2.1/linux/compiler/lib/intel64_l
 in:/bwfefs/opt/x86_64/intel/oneapi/2022.3/debugger/2021.7.1/dep/lib:/bwfefs/opt
 /x86_64/intel/oneapi/2022.3/debugger/2021.7.1/libipt/intel64/lib:/bwfefs/opt/x8
 6_64/intel/oneapi/2022.3/debugger/2021.7.1/gdb/intel64/lib:/bwfefs/opt/x86_64/
 MPI Runtime = Intel(R) MPI Library 2021.7 for Linux* OS


[STEP1] Read Control Parameters
 
Read_Ctrl_Input> Input Files
  grotopfile = dps_120.top
  grocrdfile = crd/dps_mul_4_5_6.gro
 
Read_Ctrl_Output> Output Files
 
Read_Ctrl_Energy> WARNING: "water_model" is not available
Read_Ctrl_Energy> Parameters of Energy Calculations
  forcefield      =    RESIDCG
  switchdist      =     10.000  cutoffdist      =     12.000
  pairlistdist    =     13.500  dielec_const    =      1.000
  debye           =     10.000
  vdw_force_switch=         no
  electrostatic   =  CUTOFF
  implicit_solvent=       none
  table           =         no
  water_model     =       NONE
  output_style    =    GENESIS
  dispersion_corr =       none
  nonb_limiter    =      no
  user def. table =     no
  efield_x        =           0.000
  efield_y        =           0.000
  efield_z        =           0.000
  efield_normal   =              no
  efield_virial   =              no
 
Read_Ctrl_Dynamics> Parameters of MD simulation
  integrator      =    VVER_CG  nsteps          =       2000
  timestep        =     0.0200  initial_time    =     0.0000
  eneout_period   =        100  rstout_period   =          0
  crdout_period   =          0  velout_period   =          0
  nbupdate_period =         20  stoptr_period   =         10
  qmsave_period   =          0
  iseed           =         -1
  annealing       =         no
  verbose         =         no
  target_md       =         no
  steered_md      =         no
  shrink_box      =         no
  esp_mm          =         no
 
Read_Ctrl_Constraints> Parameters for Constraints
  rigid_bond      =         no
  fixatm_select_index        =       none
 
Read_Ctrl_Ensemble> Parameters for Ensemble
  ensemble        =        NVT
  temperature     =    300.000
  tpcontrol       =   LANGEVIN
  gamma_t         =      1.000
 
Read_Ctrl_Boundary> Parameters of Boundary Condition
  type            =     PBC   
  box_size(x,y,z) =    450.000   550.000   650.000
  pairlist_grid   =      3.000
 
Read_Ctrl_Selection> Parameters of Selection
  # of groups     =          0
  # of mole names =          0
 
Read_Ctrl_Restraints> No restraint in the system

Read_Ctrl_Fitting_MD> Parameters of Fitting
  fitting method  =  TR+ROT   
  fitting atom    = group1
  mass_weight     =         no
 
[STEP2] Setup MPI
 
Setup_Mpi_Md> Summary of Setup MPI
  number of MPI processes   =         16
  number of OpenMP threads  =          5
  total number of CPU cores =         80

[STEP3] Set Relevant Variables and Structures
 
Read_Grotop> Summary of Grotopfile
  num_moltypes    =          1
    dps_cg                :
      num_atoms   =       1853
      num_bonds   =       1841
      num_angls   =       3658
      num_dihes   =       3634
      num_cmaps   =          0
      num_excls   =      10717
      num_constrs =          0
      num_pairs   =      10717
      num_vsites2 =          0
      num_vsites3 =          0
      num_vsites4 =          0
      num_vsitesn =          0
      num_posress =          0
      num_PWMcos  =          0
      num_PWMcosns=          0
      num_IDR_HPS =          0
      num_IDR_KH  =          0
    .. not used molecule types were hidden.

  num_molecules   =        120
    dps_cg                :  120

  num_atomtypes   =         33  num_bondtypes   =          0
  num_angltypes   =          0  num_dihetypes   =          0
  num_flangltypes           20
  num_fldihetypes          400
  num_constrtypes =          0  num_cmaptypes   =          0
  num_nbonparms   =          0
  num_basestacktypes  =     16
  num_basepairtypes   =      4
  num_basecrosstypes  =     32
  num_cgdnaexvtypes   =      6
  num_cgelemolpairs   =      1
  num_cg_IDR_HPS_atomtypes  =     20
  num_cg_KH_atomtypes  =    20

  num_cg_pair_MJ_eps   =   400

Define_Molecule> Summary of molecules
  num_atoms       =     222360  num_bonds       =     220920
  num_angles      =     438960  num_dihedrals   =     436080
  num_impropers   =          0  num_cmap_terms  =          0
  num_residues    =     222360  num_molecules   =       1440
  num_segments    =          1  num_deg_freedom =     667080
  total_charge    = -10080.000
 
Update_Num_Deg_Freedom> Number of degrees of freedom was updated
  num_deg_freedom =     667077 (After removing translation)
 
Setup_Boundary> Setup Variables for Boundary Condition
  box_size(x,y,z) =    450.000   550.000   650.000
  origin(x,y,z)   =      0.000     0.000     0.000
 
Random_Init> Initialize the random number
  seed            = 337835

Define_Enefunc_Gromacs> Number of Interactions in Each Term
  bond_ene        =     220920  angle_ene       =     219480
  flex_angle_ene  =     219480
  torsion_ene     =     218040  rb_torsion_ene  =          0
  flex_dihed_ene  =     218040
  improper_ene    =          0
  nb_exclusions   =    1944480  nb14_calc       =          0
  contact_ene     =    1286040
  vsite2_ene      =          0  vsite3_ene      =          0
  vsite3fd_ene    =          0  vsite3fad_ene   =          0
  vsite3out_ene   =          0  vsite4fdn_ene   =          0
  vsiten_ene      =          0
 restraint_groups =          0 restraint_funcs  =          0
 
Get_Morph_in> Morphing check
  morphing_bb     =          0  morphing_sc     =          0
 
Setup_Fitting_Atdyn> NO fitting is applied, skip
  fitting method  =  NO
 
[STEP4] Compute Single Point Energy for Molecules
 
            STEP          ENERGY            BOND           ANGLE        DIHEDRAL  NATIVE_CONTACT NON-NATIVE_CONT           ELECT          CG_EXV
 --------------- --------------- --------------- --------------- ---------------
               0   -1763062.9315          0.0207    -615195.6145    -528961.9143    -621619.7628          0.0000       2708.5301          5.8093

[STEP5] Perform Molecular Dynamics Simulation
 
Generate_Velocity> Generate initial velocities
  iseed           =     337835
  temperature     =    300.000
 
Random_Init_Velocity> Initialize the random number
  seed            = 337835

INFO:       STEP            TIME       TOTAL_ENE   POTENTIAL_ENE     KINETIC_ENE            RMSG            BOND           ANGLE        DIHEDRAL  NATIVE_CONTACT          CG_EXV           ELECT     TEMPERATURE          VOLUME
 --------------- --------------- --------------- --------------- ---------------
INFO:          0          0.0000   -1564722.5358   -1763062.9315     198340.3957          0.7029          0.0207    -615195.6145    -528961.9143    -621619.7628          5.8093       2708.5301        299.2441  160875000.0000

Random_Init> Initialize the random number
  seed            = 1959148369

INFO:        100          2.0000   -1359630.1189   -1540108.0009     180477.8819         12.3921      71167.1712    -539849.3219    -495470.4045    -578632.3488          6.5331       2670.3700        272.2942  160875000.0000

INFO:        200          4.0000   -1324170.0863   -1517491.7532     193321.6669         12.7179      75925.8577    -530721.0422    -491792.6108    -573551.8942          6.4702       2641.4661        291.6721  160875000.0000

INFO:        300          6.0000   -1315975.2497   -1512157.2120     196181.9623         12.7686      76714.3578    -528923.6218    -490845.2304    -571755.9852          6.7150       2646.5525        295.9876  160875000.0000

INFO:        400          8.0000   -1314568.1629   -1511442.1231     196873.9601         12.7621      76427.1931    -528633.3248    -490646.8975    -571234.4898          6.7400       2638.6561        297.0316  160875000.0000

INFO:        500         10.0000   -1313887.4742   -1510803.1155     196915.6412         12.8007      77157.5942    -528502.1036    -490721.8943    -571386.2786          6.9678       2642.5990        297.0945  160875000.0000

INFO:        600         12.0000   -1313567.9657   -1510617.3854     197049.4197         12.7990      77177.4856    -528783.8473    -490602.5443    -571055.8339          6.7019       2640.6526        297.2964  160875000.0000

INFO:        700         14.0000   -1313525.2133   -1511188.7359     197663.5226         12.7546      76511.0732    -528520.9159    -490683.3976    -571142.5252          6.8774       2640.1522        298.2229  160875000.0000

INFO:        800         16.0000   -1313623.5063   -1509984.4700     196360.9637         12.7873      76968.4307    -528187.4174    -490521.4939    -570890.9465          7.1779       2639.7791        296.2576  160875000.0000

INFO:        900         18.0000   -1312930.4063   -1510146.3208     197215.9145         12.7986      76859.1641    -527593.8700    -490913.8497    -571153.6278          8.0117       2647.8510        297.5475  160875000.0000

INFO:       1000         20.0000   -1313391.9980   -1510222.6630     196830.6651         12.7814      76831.3539    -528210.6011    -490416.8303    -571077.0028          7.3138       2643.1034        296.9663  160875000.0000

INFO:       1100         22.0000   -1312184.6920   -1509499.8922     197315.2002         12.8179      77294.6447    -528100.1128    -490464.3828    -570878.5638          7.4761       2641.0464        297.6973  160875000.0000

INFO:       1200         24.0000   -1313803.1112   -1510826.6001     197023.4890         12.7616      76699.7826    -528577.8906    -490642.5896    -570957.3399          8.4391       2642.9983        297.2572  160875000.0000

INFO:       1300         26.0000   -1314121.5336   -1510785.9456     196664.4120         12.7818      76790.5405    -528275.2318    -490767.1548    -571190.2023          7.8850       2648.2179        296.7155  160875000.0000

INFO:       1400         28.0000   -1312508.6561   -1510240.0493     197731.3933         12.7724      76673.9429    -527750.9314    -490745.2941    -571071.0685          9.4758       2643.8259        298.3253  160875000.0000

INFO:       1500         30.0000   -1312388.9878   -1510100.7516     197711.7638         12.7888      76860.8410    -528012.3019    -490640.2465    -570958.2247          9.2825       2639.8980        298.2957  160875000.0000

INFO:       1600         32.0000   -1314153.0426   -1511399.0366     197245.9940         12.7636      76726.8615    -528534.0878    -490850.4627    -571385.3896          7.8208       2636.2212        297.5929  160875000.0000

INFO:       1700         34.0000   -1312995.0970   -1510687.0260     197691.9290         12.7638      76690.3900    -528608.1543    -490459.2708    -570963.4879          8.0364       2645.4607        298.2657  160875000.0000

INFO:       1800         36.0000   -1313403.1153   -1511214.7320     197811.6167         12.7651      76501.6280    -528326.2379    -490828.3582    -571210.6227          7.6102       2641.2486        298.4463  160875000.0000

INFO:       1900         38.0000   -1313087.5605   -1510187.8304     197100.2699         12.7854      76963.3214    -528249.6293    -490597.0240    -570960.9349          8.1613       2648.2751        297.3731  160875000.0000

INFO:       2000         40.0000   -1314224.3140   -1510930.4953     196706.1813         12.7804      76710.4899    -528590.9653    -490647.1597    -571048.4141          7.3619       2638.1921        296.7785  160875000.0000

 
[STEP6] Deallocate Arrays
 
Output_Time> Averaged timer profile (Min, Max)
  total time      =      64.584
    setup         =       2.720
    dynamics      =      61.864
      energy      =      40.933
      integrator  =      17.171
      migration   =       0.000
      pairlist    =       3.051 (       3.019,       3.095)
  energy           
    bond          =       0.403 (       0.350,       0.462)
    angle         =       1.400 (       1.382,       1.445)
    dihedral      =       1.803 (       1.793,       1.823)
    base stacking =       0.000 (       0.000,       0.000)
    nonbond       =      15.283 (      15.076,      15.412)
      CG exv      =       3.449 (       3.332,       3.623)
      CG DNA bp   =       0.000 (       0.000,       0.000)
      CG DNA exv  =       0.000 (       0.000,       0.000)
      CG ele      =      10.989 (      10.876,      11.121)
      CG PWMcos   =       0.000 (       0.000,       0.000)
      CG PWMcosns =       0.000 (       0.000,       0.000)
      CG IDR-HPS  =       0.000 (       0.000,       0.000)
      CG IDR-KH   =       0.000 (       0.000,       0.000)
      CG KH       =       0.000 (       0.000,       0.000)
      Contact     =       0.843 (       0.785,       0.897)
      pme real    =       0.000 (       0.000,       0.000)
      pme recip   =       0.000 (       0.000,       0.000)
    solvation     =       0.000 (       0.000,       0.000)
      polar       =       0.000 (       0.000,       0.000)
      non-polar   =       0.000 (       0.000,       0.000)
    restraint     =       0.000 (       0.000,       0.000)
    qmmm          =       0.000 (       0.000,       0.000)
    morph         =       0.000 (       0.000,       0.000)
  integrator       
    constraint    =       0.000 (       0.000,       0.000)
    update        =       0.000 (       0.000,       0.000)
    comm_coord    =       0.000 (       0.000,       0.000)
    comm_force    =       0.000 (       0.000,       0.000)
  migration       =       0.000 (       0.000,       0.000)
    comm_migrate  =       0.000 (       0.000,       0.000)
    ptl_migrate   =       0.000 (       0.000,       0.000)
    bond_migrate  =       0.000 (       0.000,       0.000)
    angl_migrate  =       0.000 (       0.000,       0.000)
    dihe_migrate  =       0.000 (       0.000,       0.000)
    contact_migr  =       0.000 (       0.000,       0.000)
    stack_migrate =       0.000 (       0.000,       0.000)
    pwmcos_migrate =       0.000 (       0.000,       0.000)
    pwmcosns_migr  =       0.000 (       0.000,       0.000)
    nonb_update    =       0.000 (       0.000,       0.000)

