****************************************************
*                                                  *
*                  GENESIS ATDYN                   *
*                                                  *
*        A Molecular Dynamics Simulator with       *
*            Atomic Decomposition Scheme           *
*                                                  *
*               Developed by RIKEN                 *
*                                                  *
****************************************************
 
[STEP0] Architecture and Compiler Information
 
GENESIS_Information> GENESIS Information
  version      = 2.0.0
  commit ID    = $GENESIS_VERSION$
  precision    = double
  nonbonding   = CPU

Build_Information> Compiler Information
  build host   = jjwsmj@hokusai2
  fortran      = ifort (IFORT) 2021.7.1 20221019
  option       = 
  -axCORE-AVX512 -g -O3  -qmkl=parallel  -assume byterecl -qopenmp  
  C            = 
 icc: remark #10441: The Intel(R) C++ Compiler Classic (ICC) is deprecated and w
 ill be removed from product release in the second half of 2023. The Intel(R) on
 eAPI DPC++/C++ Compiler (ICX) is the recommended compiler moving forward. Pleas
 e transition to use this compiler. Use '-diag-disable=10441' to disable this me
 ssage.
  option       = -O3 -ip -axCORE-AVX2  -qopenmp 
  defined var. = 
  -DHAVE_MPI_GENESIS -DOMP -DIFORT19 -DFFTE -DLAPACK -DDSFMT_MEXP=19937 -DINTEL
  link option  = 
  -assume byterecl -lgfortran -qopenmp  -lmkl_intel_lp64 -lmkl_sequential -lmkl_
 core -lmkl_lapack95_lp64   
  MPI Compiler = Intel(R) MPI

Runtime_Information> Machine and Library Information
  date       = 2023/05/12 17:12:46
  cpu model    = Intel(R) Xeon(R) Gold 6148 CPU @ 2.40GHz
  exec. host   = jjwsmj@bwmpc0420
  LD library   = 
 /bwfefs/opt/x86_64/intel/oneapi/2022.3/mpi/2021.7.1/libfabric/lib:/bwfefs/opt/x
 86_64/intel/oneapi/2022.3/mpi/2021.7.1/lib/release:/bwfefs/opt/x86_64/intel/one
 api/2022.3/mpi/2021.7.1/lib:/bwfefs/opt/x86_64/intel/oneapi/2022.3/tbb/2021.7.1
 /lib/intel64/gcc4.8:/usr/lib64:/bwfefs/opt/x86_64/intel/oneapi/2022.3/vpl/2022.
 2.5/lib:/bwfefs/opt/x86_64/intel/oneapi/2022.3/mkl/latest/lib/intel64:/bwfefs/o
 pt/x86_64/intel/oneapi/2022.3/itac/2021.7.1/slib:/bwfefs/opt/x86_64/intel/oneap
 i/2022.3/ippcp/2021.6.2/lib/intel64:/bwfefs/opt/x86_64/intel/oneapi/2022.3/ipp/
 2021.6.2/lib/intel64:/bwfefs/opt/x86_64/intel/oneapi/2022.3/dnnl/2022.2.1/cpu_d
 pcpp_gpu_dpcpp/lib:/bwfefs/opt/x86_64/intel/oneapi/2022.3/dal/2021.7.1/lib/inte
 l64:/bwfefs/opt/x86_64/intel/oneapi/2022.3/compiler/2022.2.1/linux/compiler/lib
 :/bwfefs/opt/x86_64/intel/oneapi/2022.3/compiler/2022.2.1/linux/lib/oclfpga/hos
 t/linux64/lib:/bwfefs/opt/x86_64/intel/oneapi/2022.3/compiler/2022.2.1/linux/li
 b/oclfpga/linux64/lib:/bwfefs/opt/x86_64/intel/oneapi/2022.3/compiler/2022.2.1/
 linux/lib:/bwfefs/opt/x86_64/intel/oneapi/2022.3/compiler/2022.2.1/linux/lib/x6
 4:/bwfefs/opt/x86_64/intel/oneapi/2022.3/compiler/2022.2.1/linux/lib/emu:/bwfef
 s/opt/x86_64/intel/oneapi/2022.3/compiler/2022.2.1/linux/compiler/lib/intel64_l
 in:/bwfefs/opt/x86_64/intel/oneapi/2022.3/debugger/2021.7.1/dep/lib:/bwfefs/opt
 /x86_64/intel/oneapi/2022.3/debugger/2021.7.1/libipt/intel64/lib:/bwfefs/opt/x8
 6_64/intel/oneapi/2022.3/debugger/2021.7.1/gdb/intel64/lib:/bwfefs/opt/x86_64/
 MPI Runtime = Intel(R) MPI Library 2021.7 for Linux* OS


[STEP1] Read Control Parameters
 
Read_Ctrl_Input> Input Files
  grotopfile = dps_120.top
  grocrdfile = crd/dps_mul_4_5_6.gro
 
Read_Ctrl_Output> Output Files
 
Read_Ctrl_Energy> WARNING: "water_model" is not available
Read_Ctrl_Energy> Parameters of Energy Calculations
  forcefield      =    RESIDCG
  switchdist      =     10.000  cutoffdist      =     12.000
  pairlistdist    =     13.500  dielec_const    =      1.000
  debye           =     10.000
  vdw_force_switch=         no
  electrostatic   =  CUTOFF
  implicit_solvent=       none
  table           =         no
  water_model     =       NONE
  output_style    =    GENESIS
  dispersion_corr =       none
  nonb_limiter    =      no
  user def. table =     no
  efield_x        =           0.000
  efield_y        =           0.000
  efield_z        =           0.000
  efield_normal   =              no
  efield_virial   =              no
 
Read_Ctrl_Dynamics> Parameters of MD simulation
  integrator      =    VVER_CG  nsteps          =       2000
  timestep        =     0.0200  initial_time    =     0.0000
  eneout_period   =        100  rstout_period   =          0
  crdout_period   =          0  velout_period   =          0
  nbupdate_period =         20  stoptr_period   =         10
  qmsave_period   =          0
  iseed           =         -1
  annealing       =         no
  verbose         =         no
  target_md       =         no
  steered_md      =         no
  shrink_box      =         no
  esp_mm          =         no
 
Read_Ctrl_Constraints> Parameters for Constraints
  rigid_bond      =         no
  fixatm_select_index        =       none
 
Read_Ctrl_Ensemble> Parameters for Ensemble
  ensemble        =        NVT
  temperature     =    300.000
  tpcontrol       =   LANGEVIN
  gamma_t         =      1.000
 
Read_Ctrl_Boundary> Parameters of Boundary Condition
  type            =     PBC   
  box_size(x,y,z) =    450.000   550.000   650.000
  pairlist_grid   =      3.000
 
Read_Ctrl_Selection> Parameters of Selection
  # of groups     =          0
  # of mole names =          0
 
Read_Ctrl_Restraints> No restraint in the system

Read_Ctrl_Fitting_MD> Parameters of Fitting
  fitting method  =  TR+ROT   
  fitting atom    = group1
  mass_weight     =         no
 
[STEP2] Setup MPI
 
Setup_Mpi_Md> Summary of Setup MPI
  number of MPI processes   =        256
  number of OpenMP threads  =          5
  total number of CPU cores =       1280

[STEP3] Set Relevant Variables and Structures
 
Read_Grotop> Summary of Grotopfile
  num_moltypes    =          1
    dps_cg                :
      num_atoms   =       1853
      num_bonds   =       1841
      num_angls   =       3658
      num_dihes   =       3634
      num_cmaps   =          0
      num_excls   =      10717
      num_constrs =          0
      num_pairs   =      10717
      num_vsites2 =          0
      num_vsites3 =          0
      num_vsites4 =          0
      num_vsitesn =          0
      num_posress =          0
      num_PWMcos  =          0
      num_PWMcosns=          0
      num_IDR_HPS =          0
      num_IDR_KH  =          0
    .. not used molecule types were hidden.

  num_molecules   =        120
    dps_cg                :  120

  num_atomtypes   =         33  num_bondtypes   =          0
  num_angltypes   =          0  num_dihetypes   =          0
  num_flangltypes           20
  num_fldihetypes          400
  num_constrtypes =          0  num_cmaptypes   =          0
  num_nbonparms   =          0
  num_basestacktypes  =     16
  num_basepairtypes   =      4
  num_basecrosstypes  =     32
  num_cgdnaexvtypes   =      6
  num_cgelemolpairs   =      1
  num_cg_IDR_HPS_atomtypes  =     20
  num_cg_KH_atomtypes  =    20

  num_cg_pair_MJ_eps   =   400

Define_Molecule> Summary of molecules
  num_atoms       =     222360  num_bonds       =     220920
  num_angles      =     438960  num_dihedrals   =     436080
  num_impropers   =          0  num_cmap_terms  =          0
  num_residues    =     222360  num_molecules   =       1440
  num_segments    =          1  num_deg_freedom =     667080
  total_charge    = -10080.000
 
Update_Num_Deg_Freedom> Number of degrees of freedom was updated
  num_deg_freedom =     667077 (After removing translation)
 
Setup_Boundary> Setup Variables for Boundary Condition
  box_size(x,y,z) =    450.000   550.000   650.000
  origin(x,y,z)   =      0.000     0.000     0.000
 
Random_Init> Initialize the random number
  seed            = 276037

Define_Enefunc_Gromacs> Number of Interactions in Each Term
  bond_ene        =     220920  angle_ene       =     219480
  flex_angle_ene  =     219480
  torsion_ene     =     218040  rb_torsion_ene  =          0
  flex_dihed_ene  =     218040
  improper_ene    =          0
  nb_exclusions   =    1944480  nb14_calc       =          0
  contact_ene     =    1286040
  vsite2_ene      =          0  vsite3_ene      =          0
  vsite3fd_ene    =          0  vsite3fad_ene   =          0
  vsite3out_ene   =          0  vsite4fdn_ene   =          0
  vsiten_ene      =          0
 restraint_groups =          0 restraint_funcs  =          0
 
Get_Morph_in> Morphing check
  morphing_bb     =          0  morphing_sc     =          0
 
Setup_Fitting_Atdyn> NO fitting is applied, skip
  fitting method  =  NO
 
[STEP4] Compute Single Point Energy for Molecules
 
            STEP          ENERGY            BOND           ANGLE        DIHEDRAL  NATIVE_CONTACT NON-NATIVE_CONT           ELECT          CG_EXV
 --------------- --------------- --------------- --------------- ---------------
               0   -1763062.9315          0.0207    -615195.6145    -528961.9143    -621619.7628          0.0000       2708.5301          5.8093

[STEP5] Perform Molecular Dynamics Simulation
 
Generate_Velocity> Generate initial velocities
  iseed           =     276037
  temperature     =    300.000
 
Random_Init_Velocity> Initialize the random number
  seed            = 276037

INFO:       STEP            TIME       TOTAL_ENE   POTENTIAL_ENE     KINETIC_ENE            RMSG            BOND           ANGLE        DIHEDRAL  NATIVE_CONTACT          CG_EXV           ELECT     TEMPERATURE          VOLUME
 --------------- --------------- --------------- --------------- ---------------
INFO:          0          0.0000   -1564419.0432   -1763062.9315     198643.8883          0.7029          0.0207    -615195.6145    -528961.9143    -621619.7628          5.8093       2708.5301        299.7020  160875000.0000

Random_Init> Initialize the random number
  seed            = 1075279686

INFO:        100          2.0000   -1358977.5065   -1539151.5932     180174.0867         12.4298      71582.0620    -539118.0705    -495527.3084    -578762.9304          6.4555       2668.1985        271.8359  160875000.0000

INFO:        200          4.0000   -1323375.1716   -1517449.6671     194074.4956         12.7258      75798.5547    -530815.8593    -491648.8638    -573430.8324          6.4685       2640.8653        292.8080  160875000.0000

INFO:        300          6.0000   -1314433.1425   -1511559.8121     197126.6696         12.7693      76726.1682    -528728.8707    -490749.4648    -571455.5305          6.5957       2641.2900        297.4129  160875000.0000

INFO:        400          8.0000   -1314290.1584   -1511475.7593     197185.6009         12.7607      76475.7921    -528736.0059    -490683.1120    -571179.4789          6.5839       2640.4615        297.5018  160875000.0000

INFO:        500         10.0000   -1313180.2945   -1510539.5826     197359.2882         12.7803      76879.1501    -528295.6868    -490631.7507    -571144.4688          7.0030       2646.1706        297.7639  160875000.0000

INFO:        600         12.0000   -1314263.4416   -1511108.7825     196845.3409         12.7503      76332.3623    -528096.4918    -490815.6883    -571185.3934          6.6024       2649.8262        296.9884  160875000.0000

INFO:        700         14.0000   -1313889.7365   -1510654.1837     196764.4472         12.7713      77024.8604    -528269.3084    -490830.2148    -571226.9023          7.0998       2640.2817        296.8664  160875000.0000

INFO:        800         16.0000   -1313340.6691   -1510314.7535     196974.0844         12.7903      77145.3070    -528428.2739    -490721.8527    -570960.8669          6.9917       2643.9414        297.1827  160875000.0000

INFO:        900         18.0000   -1313084.6043   -1510965.0938     197880.4894         12.7743      76774.3341    -528732.2995    -490623.4313    -571027.8423          7.1526       2636.9927        298.5502  160875000.0000

INFO:       1000         20.0000   -1313862.8635   -1511178.3451     197315.4817         12.7613      76571.2076    -528615.5839    -490613.1809    -571166.2229          7.2059       2638.2290        297.6978  160875000.0000

INFO:       1100         22.0000   -1313285.8086   -1510743.2113     197457.4027         12.7863      76839.8647    -528386.1296    -490756.7907    -571089.1668          7.4818       2641.5293        297.9119  160875000.0000

INFO:       1200         24.0000   -1313461.0195   -1510706.1681     197245.1485         12.7845      77034.7159    -528269.2122    -490815.0671    -571307.4989          6.9970       2643.8972        297.5917  160875000.0000

INFO:       1300         26.0000   -1313195.2252   -1510378.2292     197183.0040         12.7831      76932.3764    -527990.8420    -490653.8228    -571313.5343          7.7210       2639.8725        297.4979  160875000.0000

INFO:       1400         28.0000   -1313468.3282   -1510574.1654     197105.8372         12.7895      76723.7325    -528221.1784    -490679.3412    -571047.9297          8.5672       2641.9842        297.3815  160875000.0000

INFO:       1500         30.0000   -1314554.0155   -1511184.4874     196630.4718         12.7987      77109.4109    -528760.1961    -490787.7287    -571398.6707          8.0114       2644.6859        296.6643  160875000.0000

INFO:       1600         32.0000   -1314229.0021   -1511190.2427     196961.2405         12.7648      76584.6986    -528648.2786    -490728.5515    -571050.3654          7.5810       2644.6734        297.1633  160875000.0000

INFO:       1700         34.0000   -1312953.4749   -1510669.1365     197715.6616         12.7845      76719.0300    -528401.7018    -490757.0641    -570882.6920          7.8036       2645.4879        298.3015  160875000.0000

INFO:       1800         36.0000   -1312309.8070   -1510173.8959     197864.0889         12.7894      76670.9740    -528073.2434    -490579.8888    -570835.8094          7.3005       2636.7711        298.5255  160875000.0000

INFO:       1900         38.0000   -1312475.6749   -1509685.2146     197209.5396         12.7992      76966.9879    -527908.3667    -490543.6881    -570844.7734          7.2462       2637.3795        297.5379  160875000.0000

INFO:       2000         40.0000   -1312915.7572   -1510243.8697     197328.1126         12.7875      76989.5748    -528336.0568    -490564.1856    -570983.3863          7.7456       2642.4386        297.7168  160875000.0000

 
[STEP6] Deallocate Arrays
 
Output_Time> Averaged timer profile (Min, Max)
  total time      =      53.115
    setup         =       4.280
    dynamics      =      48.835
      energy      =      30.774
      integrator  =      16.438
      migration   =       0.000
      pairlist    =       0.977 (       0.947,       1.017)
  energy           
    bond          =       0.049 (       0.045,       0.059)
    angle         =       0.118 (       0.112,       0.135)
    dihedral      =       0.186 (       0.178,       0.204)
    base stacking =       0.000 (       0.000,       0.000)
    nonbond       =       2.654 (       2.453,       2.906)
      CG exv      =       0.847 (       0.815,       0.937)
      CG DNA bp   =       0.000 (       0.000,       0.000)
      CG DNA exv  =       0.000 (       0.000,       0.000)
      CG ele      =       1.702 (       1.535,       1.851)
      CG PWMcos   =       0.000 (       0.000,       0.000)
      CG PWMcosns =       0.000 (       0.000,       0.000)
      CG IDR-HPS  =       0.000 (       0.000,       0.000)
      CG IDR-KH   =       0.000 (       0.000,       0.000)
      CG KH       =       0.000 (       0.000,       0.000)
      Contact     =       0.103 (       0.065,       0.153)
      pme real    =       0.000 (       0.000,       0.000)
      pme recip   =       0.000 (       0.000,       0.000)
    solvation     =       0.000 (       0.000,       0.000)
      polar       =       0.000 (       0.000,       0.000)
      non-polar   =       0.000 (       0.000,       0.000)
    restraint     =       0.000 (       0.000,       0.000)
    qmmm          =       0.000 (       0.000,       0.000)
    morph         =       0.000 (       0.000,       0.000)
  integrator       
    constraint    =       0.000 (       0.000,       0.000)
    update        =       0.000 (       0.000,       0.000)
    comm_coord    =       0.000 (       0.000,       0.000)
    comm_force    =       0.000 (       0.000,       0.000)
  migration       =       0.000 (       0.000,       0.000)
    comm_migrate  =       0.000 (       0.000,       0.000)
    ptl_migrate   =       0.000 (       0.000,       0.000)
    bond_migrate  =       0.000 (       0.000,       0.000)
    angl_migrate  =       0.000 (       0.000,       0.000)
    dihe_migrate  =       0.000 (       0.000,       0.000)
    contact_migr  =       0.000 (       0.000,       0.000)
    stack_migrate =       0.000 (       0.000,       0.000)
    pwmcos_migrate =       0.000 (       0.000,       0.000)
    pwmcosns_migr  =       0.000 (       0.000,       0.000)
    nonb_update    =       0.000 (       0.000,       0.000)

