****************************************************
*                                                  *
*                  GENESIS CGDYN                   *
*                                                  *
*        A Molecular Dynamics Simulator with       *
*           Spatial Decomposition Scheme           *
*                                                  *
*               Developed by RIKEN                 *
*                                                  *
****************************************************
 
[STEP0] Architecture and Compiler Information
 
GENESIS_Information> GENESIS Information
  version      = 2.0.0
  commit ID    = $GENESIS_VERSION$
  precision    = mixed 
  nonbonding   = CPU

Build_Information> Compiler Information
  build host   = jjwsmj@hokusai2
  fortran      = ifort (IFORT) 2021.7.1 20221019
  option       = 
  -axCORE-AVX512 -g -O3  -qmkl=parallel  -assume byterecl -qopenmp  
  C            = 
 icc: remark #10441: The Intel(R) C++ Compiler Classic (ICC) is deprecated and w
 ill be removed from product release in the second half of 2023. The Intel(R) on
 eAPI DPC++/C++ Compiler (ICX) is the recommended compiler moving forward. Pleas
 e transition to use this compiler. Use '-diag-disable=10441' to disable this me
 ssage.
  option       = -O3 -ip -axCORE-AVX2  -qopenmp 
  defined var. = 
  -DHAVE_MPI_GENESIS -DOMP -DIFORT19 -DFFTE -DLAPACK -DDSFMT_MEXP=19937 -DINTEL
  link option  = 
  -assume byterecl -lgfortran -qopenmp  -lmkl_intel_lp64 -lmkl_sequential -lmkl_
 core -lmkl_lapack95_lp64   
  MPI Compiler = Intel(R) MPI

Runtime_Information> Machine and Library Information
  date       = 2023/05/12 15:19:03
  cpu model    = Intel(R) Xeon(R) Gold 6148 CPU @ 2.40GHz
  exec. host   = jjwsmj@bwmpc0190
  LD library   = 
 /bwfefs/opt/x86_64/intel/oneapi/2022.3/mpi/2021.7.1/libfabric/lib:/bwfefs/opt/x
 86_64/intel/oneapi/2022.3/mpi/2021.7.1/lib/release:/bwfefs/opt/x86_64/intel/one
 api/2022.3/mpi/2021.7.1/lib:/bwfefs/opt/x86_64/intel/oneapi/2022.3/tbb/2021.7.1
 /lib/intel64/gcc4.8:/usr/lib64:/bwfefs/opt/x86_64/intel/oneapi/2022.3/vpl/2022.
 2.5/lib:/bwfefs/opt/x86_64/intel/oneapi/2022.3/mkl/latest/lib/intel64:/bwfefs/o
 pt/x86_64/intel/oneapi/2022.3/itac/2021.7.1/slib:/bwfefs/opt/x86_64/intel/oneap
 i/2022.3/ippcp/2021.6.2/lib/intel64:/bwfefs/opt/x86_64/intel/oneapi/2022.3/ipp/
 2021.6.2/lib/intel64:/bwfefs/opt/x86_64/intel/oneapi/2022.3/dnnl/2022.2.1/cpu_d
 pcpp_gpu_dpcpp/lib:/bwfefs/opt/x86_64/intel/oneapi/2022.3/dal/2021.7.1/lib/inte
 l64:/bwfefs/opt/x86_64/intel/oneapi/2022.3/compiler/2022.2.1/linux/compiler/lib
 :/bwfefs/opt/x86_64/intel/oneapi/2022.3/compiler/2022.2.1/linux/lib/oclfpga/hos
 t/linux64/lib:/bwfefs/opt/x86_64/intel/oneapi/2022.3/compiler/2022.2.1/linux/li
 b/oclfpga/linux64/lib:/bwfefs/opt/x86_64/intel/oneapi/2022.3/compiler/2022.2.1/
 linux/lib:/bwfefs/opt/x86_64/intel/oneapi/2022.3/compiler/2022.2.1/linux/lib/x6
 4:/bwfefs/opt/x86_64/intel/oneapi/2022.3/compiler/2022.2.1/linux/lib/emu:/bwfef
 s/opt/x86_64/intel/oneapi/2022.3/compiler/2022.2.1/linux/compiler/lib/intel64_l
 in:/bwfefs/opt/x86_64/intel/oneapi/2022.3/debugger/2021.7.1/dep/lib:/bwfefs/opt
 /x86_64/intel/oneapi/2022.3/debugger/2021.7.1/libipt/intel64/lib:/bwfefs/opt/x8
 6_64/intel/oneapi/2022.3/debugger/2021.7.1/gdb/intel64/lib:/bwfefs/opt/x86_64/
 MPI Runtime = Intel(R) MPI Library 2021.7 for Linux* OS


[STEP1] Read Control Parameters
 
Read_Ctrl_Input> Input Files
  grotopfile = pro.top
  grocrdfile = crd/pos_5000.gro
 
Read_Ctrl_Output> Output Files
 
Read_Ctrl_Energy> Parameters of Energy Calculations
  forcefield      =    RESIDCG
  output_style    =    GENESIS
 
Read_Ctrl_Dynamics> Parameters of MD simulation
  integrator      =       VVER  nsteps          =       2000
  timestep        =     0.0100  initial_time    =     0.0000
  eneout_period   =         20  rstout_period   =          0
  crdout_period   =          0  velout_period   =          0
  nbupdate_period =         20  stoptr_period   =         10
  lbupdate_period =          0
  iseed           =         -1
  annealing       =         no
  verbose         =         no
  target_md       =         no
  steered_md      =         no
 
Read_Ctrl_Ensemble> Parameters for Ensemble
  ensemble        =        NVT
  temperature     =    300.000
  tpcontrol       =   LANGEVIN
  gamma_t         =      1.000
 
Read_Ctrl_Boundary> Parameters of Boundary Condition
  type            =       PBC 
  box_size(x,y,z) =   3200.000   650.000   650.000
  min_domain_cell =          2
 
Read_Ctrl_Selection> Parameters of Selection
  # of groups     =          0
  # of mole names =          0
 
Read_Ctrl_Restraints> No restraint in the system

Read_Ctrl_Fitting_MD> Parameters of Fitting
  fitting method  =  TR+ROT   
  fitting atom    = group1
  mass_weight     =         no
 
[STEP2] Setup MPI
 
Setup_Mpi_Md> Summary of Setup MPI
  number of MPI processes   =        128
  number of OpenMP threads  =          5
  total number of CPU cores =        640

[STEP3] Set Relevant Variables and Structures
 
Read_Grotop> Summary of Grotopfile
  num_moltypes    =          1
    pos100_cg             :
      num_atoms   =        100
      num_bonds   =         99
      num_angls   =          0
      num_dihes   =          0
      num_cmaps   =          0
      num_excls   =          0
      num_constrs =          0
      num_pairs   =          0
      num_vsites2 =          0
      num_vsites3 =          0
      num_vsites4 =          0
      num_vsitesn =          0
      num_posress =          0
      num_PWMcos  =          0
      num_PWMcosns=          0
      num_IDR_HPS =          1
      num_IDR_KH  =          0
    .. not used molecule types were hidden.

  num_molecules   =       5000
    pos100_cg             :  5000

  num_atomtypes   =         33  num_bondtypes   =          0
  num_angltypes   =          0  num_dihetypes   =          0
  num_flangltypes           20
  num_fldihetypes          400
  num_constrtypes =          0  num_cmaptypes   =          0
  num_nbonparms   =          0
  num_basestacktypes  =     16
  num_basepairtypes   =      4
  num_basecrosstypes  =     32
  num_cgdnaexvtypes   =      6
  num_cgelemolpairs   =      1
  num_cg_IDR_HPS_atomtypes  =     20
  num_cg_KH_atomtypes  =    20

  num_cg_pair_MJ_eps   =   400

Define_Molecule> Summary of molecules
  num_atoms       =     500000  num_bonds       =     495000
  num_angles      =          0  num_dihedrals   =          0
  num_impropers   =          0  num_cmap_terms  =          0
  num_residues    =     500000  num_molecules   =       5000
  num_segments    =          1  num_deg_freedom =    1500000
  total_charge    = 500000.000
 
Setup_Boundary_Cell> Set Variables for Boundary Condition
  domains (x,y,z) =         16         4         2
  ncells (x,y,z)  =        112        22        22
 
Define_Enefunc_Gromacs> Number of Interactions in Each Term
  bond_ene        =     495000  angle_ene       =          0
  torsion_ene     =          0
 restraint_groups =          0 restraint_funcs  =          0
 
Setup_Dynamics> Subtract 3 translational degrees of freedom
 
Update_Num_Deg_Freedom> Number of degrees of freedom was updated
  num_deg_freedom =    1499997 (After removing translation)
 
Random_Init> Initialize the random number
  seed            = 779705

Setup_Fitting_cgdyn> NO fitting is applied, skip
  fitting method  =  NO
 
[STEP4] Compute Single Point Energy for Molecules
 
            STEP          ENERGY            BOND  NATIVE_CONTACT NON-NATIVE_CONT           ELECT         IDR_HPS          CG_EXV
 --------------- --------------- --------------- --------------- ---------------
               0     853903.1899     170691.3764          0.0000          0.0000     681472.2486       1739.5649          0.0000

[STEP5] Perform Molecular Dynamics Simulation
 
Initial_Velocity> Generate initial velocities
  iseed           =     779705
  temperature     =    300.000
 
Random_Init_Velocity> Initialize the random number
  seed            = 779705

INFO:       STEP            TIME       TOTAL_ENE   POTENTIAL_ENE     KINETIC_ENE            RMSG            BOND         IDR_HPS  NATIVE_CONTACT          CG_EXV           ELECT     TEMPERATURE          VOLUME
 --------------- --------------- --------------- --------------- ---------------
INFO:          0          0.0000    1299625.4013     853903.1899     445722.2114         10.1780     170691.3764       1739.5649          0.0000          0.0000     681472.2486          0.0000 1352000000.0000

INFO:         20          0.2000    1294847.6021     841577.9849     453269.6172          9.8338     160284.2088        572.3002          0.0000          0.0000     680721.4759        307.4658 1352000000.0000

INFO:         40          0.4000    1289864.0881     835351.8152     454512.2729          9.7118     157648.3668      -1170.0494          0.0000          0.0000     678873.4978        308.4401 1352000000.0000

INFO:         60          0.6000    1284956.1305     829450.3878     455505.7427          9.6361     155704.9611      -2608.6874          0.0000          0.0000     676354.1141        309.0606 1352000000.0000

INFO:         80          0.8000    1279571.4712     823978.5160     455592.9552          9.5842     154106.2057      -3574.8155          0.0000          0.0000     673447.1258        309.0108 1352000000.0000

INFO:        100          1.0000    1274912.4298     819526.6961     455385.7337          9.5561     153410.5110      -4258.1774          0.0000          0.0000     670374.3625        309.0173 1352000000.0000

INFO:        120          1.2000    1270238.2170     814923.9149     455314.3021          9.5252     152545.9628      -4872.0564          0.0000          0.0000     667250.0085        308.8994 1352000000.0000

INFO:        140          1.4000    1265199.5974     810863.3894     454336.2081          9.4957     151810.5146      -5081.9209          0.0000          0.0000     664134.7957        308.1652 1352000000.0000

INFO:        160          1.6000    1260990.9807     806826.3877     454164.5930          9.4610     150791.0019      -5025.4335          0.0000          0.0000     661060.8192        307.9189 1352000000.0000

INFO:        180          1.8000    1255747.4664     803107.9523     452639.5141          9.4408     150114.9030      -5071.6197          0.0000          0.0000     658064.6690        306.8703 1352000000.0000

INFO:        200          2.0000    1251862.0358     799840.7946     452021.2412          9.4158     149959.1609      -5276.4381          0.0000          0.0000     655158.0719        306.5561 1352000000.0000

INFO:        220          2.2000    1247493.7886     796677.7710     450816.0176          9.4056     149662.0114      -5335.8585          0.0000          0.0000     652351.6181        305.6940 1352000000.0000

INFO:        240          2.4000    1244730.2575     793617.3645     451112.8930          9.3953     149224.0423      -5277.7877          0.0000          0.0000     649671.1099        306.0054 1352000000.0000

INFO:        260          2.6000    1241714.9199     791310.2525     450404.6673          9.3982     149373.5138      -5148.1355          0.0000          0.0000     647084.8742        305.5358 1352000000.0000

INFO:        280          2.8000    1239995.0891     789074.5188     450920.5703          9.3918     149436.6770      -4953.7821          0.0000          0.0000     644591.6239        305.6471 1352000000.0000

INFO:        300          3.0000    1236698.6017     786468.5123     450230.0894          9.3829     149029.7611      -4749.7221          0.0000          0.0000     642188.4732        305.4361 1352000000.0000

INFO:        320          3.2000    1234158.3412     784434.1015     449724.2396          9.3877     149099.8357      -4547.0835          0.0000          0.0000     639881.3494        305.0825 1352000000.0000

INFO:        340          3.4000    1230531.4079     781933.8758     448597.5321          9.3793     148846.7022      -4518.7605          0.0000          0.0000     637605.9341        304.2976 1352000000.0000

INFO:        360          3.6000    1227829.8131     779478.0895     448351.7237          9.3730     148706.7004      -4649.2349          0.0000          0.0000     635420.6240        304.1360 1352000000.0000

INFO:        380          3.8000    1225459.6115     776947.5513     448512.0602          9.3546     148103.1537      -4489.9780          0.0000          0.0000     633334.3756        304.0787 1352000000.0000

INFO:        400          4.0000    1223737.6691     775633.1052     448104.5639          9.3661     148531.9409      -4228.3556          0.0000          0.0000     631329.5198        303.7437 1352000000.0000

INFO:        420          4.2000    1221533.3267     774085.4864     447447.8403          9.3789     148933.8802      -4236.7203          0.0000          0.0000     629388.3265        303.3663 1352000000.0000

INFO:        440          4.4000    1218955.7199     771822.5161     447133.2038          9.3684     148550.2956      -4261.5693          0.0000          0.0000     627533.7898        303.4873 1352000000.0000

INFO:        460          4.6000    1217023.4953     769972.5254     447050.9700          9.3548     148345.6641      -4099.4484          0.0000          0.0000     625726.3097        303.2413 1352000000.0000

INFO:        480          4.8000    1215613.4721     768136.8538     447476.6183          9.3495     148054.9016      -3882.2625          0.0000          0.0000     623964.2146        303.5317 1352000000.0000

INFO:        500          5.0000    1213897.9491     767067.2264     446830.7226          9.3612     148595.5599      -3762.9601          0.0000          0.0000     622234.6266        302.8942 1352000000.0000

INFO:        520          5.2000    1211369.7313     764788.6989     446581.0324          9.3418     148012.9605      -3794.4109          0.0000          0.0000     620570.1493        302.8107 1352000000.0000

INFO:        540          5.4000    1210162.3282     763159.7928     447002.5354          9.3534     148179.1639      -3960.1476          0.0000          0.0000     618940.7766        302.9764 1352000000.0000

INFO:        560          5.6000    1208688.6323     762220.6785     446467.9538          9.3565     148766.8470      -3895.9450          0.0000          0.0000     617349.7765        303.0169 1352000000.0000

INFO:        580          5.8000    1207293.5527     760429.7295     446863.8232          9.3553     148337.3275      -3735.9467          0.0000          0.0000     615828.3487        303.1366 1352000000.0000

INFO:        600          6.0000    1205549.5946     759552.5260     445997.0687          9.3694     148885.0903      -3652.1671          0.0000          0.0000     614319.6027        302.5537 1352000000.0000

INFO:        620          6.2000    1204516.5419     757852.1500     446664.3919          9.3570     148608.6153      -3615.6999          0.0000          0.0000     612859.2346        302.9331 1352000000.0000

INFO:        640          6.4000    1201989.4133     756369.8208     445619.5925          9.3533     148563.6288      -3652.6089          0.0000          0.0000     611458.8008        302.3092 1352000000.0000

INFO:        660          6.6000    1200093.9935     754612.6292     445481.3642          9.3468     148133.2582      -3617.9054          0.0000          0.0000     610097.2764        302.1256 1352000000.0000

INFO:        680          6.8000    1199142.7264     753443.4569     445699.2695          9.3460     148185.3458      -3523.5500          0.0000          0.0000     608781.6611        302.3033 1352000000.0000

INFO:        700          7.0000    1197598.1853     751844.2834     445753.9019          9.3313     147828.7740      -3488.2206          0.0000          0.0000     607503.7300        302.2232 1352000000.0000

INFO:        720          7.2000    1196049.0475     750892.0453     445157.0022          9.3384     147993.5624      -3387.0175          0.0000          0.0000     606285.5004        302.0147 1352000000.0000

INFO:        740          7.4000    1195152.1967     750133.8016     445018.3951          9.3500     148293.5153      -3238.0158          0.0000          0.0000     605078.3021        301.9262 1352000000.0000

INFO:        760          7.6000    1194176.5006     749344.1562     444832.3443          9.3589     148592.5861      -3145.3720          0.0000          0.0000     603896.9421        301.7547 1352000000.0000

INFO:        780          7.8000    1194257.5859     747952.1117     446305.4742          9.3562     148428.3291      -3210.6616          0.0000          0.0000     602734.4443        302.6985 1352000000.0000

INFO:        800          8.0000    1192767.9929     747012.9369     445755.0560          9.3674     148638.8516      -3229.9926          0.0000          0.0000     601604.0779        302.2752 1352000000.0000

INFO:        820          8.2000    1191335.2510     746046.2005     445289.0505          9.3729     148803.6393      -3247.0687          0.0000          0.0000     600489.6299        301.9048 1352000000.0000

INFO:        840          8.4000    1189379.8727     744572.2386     444807.6340          9.3567     148350.0716      -3206.4701          0.0000          0.0000     599428.6371        301.7548 1352000000.0000

INFO:        860          8.6000    1188594.8489     743424.0540     445170.7950          9.3455     148228.3412      -3186.7638          0.0000          0.0000     598382.4766        302.0789 1352000000.0000

INFO:        880          8.8000    1187891.9006     742290.6035     445601.2971          9.3462     148002.5978      -3070.6905          0.0000          0.0000     597358.6962        302.3100 1352000000.0000

INFO:        900          9.0000    1186525.1753     741594.0946     444931.0807          9.3458     148124.6244      -2893.8703          0.0000          0.0000     596363.3405        301.8550 1352000000.0000

INFO:        920          9.2000    1185953.1853     741131.0049     444822.1804          9.3555     148498.8861      -2746.5423          0.0000          0.0000     595378.6610        301.8130 1352000000.0000

INFO:        940          9.4000    1184424.1628     739957.8359     444466.3269          9.3540     148237.5747      -2700.7852          0.0000          0.0000     594421.0464        301.3156 1352000000.0000

INFO:        960          9.6000    1183740.2620     738877.7153     444862.5468          9.3409     148212.6854      -2811.3400          0.0000          0.0000     593476.3699        301.6777 1352000000.0000

INFO:        980          9.8000    1183507.0918     738267.6226     445239.4692          9.3621     148468.6620      -2763.2343          0.0000          0.0000     592562.1949        302.0362 1352000000.0000

INFO:       1000         10.0000    1181999.1632     737435.8746     444563.2886          9.3473     148399.4569      -2618.4379          0.0000          0.0000     591654.8555        301.5302 1352000000.0000

INFO:       1020         10.2000    1181692.4386     736679.7466     445012.6919          9.3487     148400.6790      -2503.0479          0.0000          0.0000     590782.1155        301.8417 1352000000.0000

INFO:       1040         10.4000    1181060.7711     736438.1724     444622.5987          9.3694     148989.3870      -2469.6228          0.0000          0.0000     589918.4083        301.5548 1352000000.0000

INFO:       1060         10.6000    1180103.5115     735049.2915     445054.2200          9.3526     148575.2073      -2579.4786          0.0000          0.0000     589053.5628        301.7525 1352000000.0000

INFO:       1080         10.8000    1178817.0184     734208.7096     444608.3089          9.3581     148620.0068      -2613.8370          0.0000          0.0000     588202.5398        301.6905 1352000000.0000

INFO:       1100         11.0000    1177301.3157     733117.4402     444183.8756          9.3516     148443.7690      -2674.2943          0.0000          0.0000     587347.9654        301.3470 1352000000.0000

INFO:       1120         11.2000    1176527.2561     732145.6419     444381.6142          9.3511     148265.9512      -2611.3462          0.0000          0.0000     586491.0370        301.4144 1352000000.0000

INFO:       1140         11.4000    1174959.2835     731662.3594     443296.9241          9.3547     148572.2544      -2554.6094          0.0000          0.0000     585644.7144        300.7943 1352000000.0000

INFO:       1160         11.6000    1175642.3281     730873.5485     444768.7795          9.3557     148635.6961      -2573.8287          0.0000          0.0000     584811.6811        301.5366 1352000000.0000

INFO:       1180         11.8000    1174184.9823     729881.9234     444303.0588          9.3505     148363.1052      -2504.8899          0.0000          0.0000     584023.7081        301.3947 1352000000.0000

INFO:       1200         12.0000    1173456.5153     729317.9134     444138.6019          9.3560     148549.1392      -2455.5193          0.0000          0.0000     583224.2935        301.3022 1352000000.0000

INFO:       1220         12.2000    1172647.8609     728302.6241     444345.2368          9.3552     148407.9261      -2529.2876          0.0000          0.0000     582423.9856        301.3459 1352000000.0000

INFO:       1240         12.4000    1171992.4841     727862.4893     444129.9948          9.3735     148731.4658      -2501.6285          0.0000          0.0000     581632.6521        301.2076 1352000000.0000

INFO:       1260         12.6000    1171641.8954     727074.5544     444567.3410          9.3740     148729.3139      -2520.3774          0.0000          0.0000     580865.6179        301.6052 1352000000.0000

INFO:       1280         12.8000    1171068.8779     726652.7917     444416.0862          9.3625     148892.6984      -2337.0874          0.0000          0.0000     580097.1807        301.5088 1352000000.0000

INFO:       1300         13.0000    1170403.3871     725447.5161     444955.8710          9.3569     148404.0180      -2303.4966          0.0000          0.0000     579346.9947        301.7523 1352000000.0000

INFO:       1320         13.2000    1169699.7827     724772.2367     444927.5460          9.3485     148321.3161      -2174.4812          0.0000          0.0000     578625.4018        301.6287 1352000000.0000

INFO:       1340         13.4000    1169314.3793     724306.8704     445007.5089          9.3516     148488.1760      -2088.7151          0.0000          0.0000     577907.4095        301.6660 1352000000.0000

INFO:       1360         13.6000    1168766.9318     723680.2684     445086.6634          9.3625     148588.1890      -2114.2304          0.0000          0.0000     577206.3098        301.9389 1352000000.0000

INFO:       1380         13.8000    1167587.0927     722904.2080     444682.8847          9.3616     148619.1403      -2219.1795          0.0000          0.0000     576504.2472        301.5835 1352000000.0000

INFO:       1400         14.0000    1166710.6114     721503.1820     445207.4294          9.3396     147981.0241      -2311.2264          0.0000          0.0000     575833.3843        302.0485 1352000000.0000

INFO:       1420         14.2000    1165350.0523     721504.2318     443845.8205          9.3468     148370.6421      -2045.7592          0.0000          0.0000     575179.3488        301.0015 1352000000.0000

INFO:       1440         14.4000    1164260.1370     720924.1870     443335.9501          9.3425     148353.3539      -1954.0325          0.0000          0.0000     574524.8656        300.8299 1352000000.0000

INFO:       1460         14.6000    1163950.4377     720254.1175     443696.3202          9.3525     148466.8922      -2047.2989          0.0000          0.0000     573834.5242        301.0276 1352000000.0000

INFO:       1480         14.8000    1162863.9805     719174.1561     443689.8244          9.3500     148254.3497      -2254.9467          0.0000          0.0000     573174.7532        301.0134 1352000000.0000

INFO:       1500         15.0000    1161861.1818     719057.4946     442803.6872          9.3641     148844.2416      -2314.1787          0.0000          0.0000     572527.4317        300.3741 1352000000.0000

INFO:       1520         15.2000    1162317.6436     718500.9225     443816.7210          9.3699     148767.0134      -2188.4854          0.0000          0.0000     571922.3946        301.1126 1352000000.0000

INFO:       1540         15.4000    1162172.2135     718109.5420     444062.6715          9.3661     148849.3479      -2085.8335          0.0000          0.0000     571346.0276        301.2162 1352000000.0000

INFO:       1560         15.6000    1161202.3568     717697.0154     443505.3414          9.3681     148811.0991      -1890.0595          0.0000          0.0000     570775.9758        300.9493 1352000000.0000

INFO:       1580         15.8000    1160579.7877     716952.0562     443627.7314          9.3656     148520.6654      -1785.2551          0.0000          0.0000     570216.6459        301.0960 1352000000.0000

INFO:       1600         16.0000    1159957.4061     715860.4743     444096.9318          9.3538     148327.4400      -2066.9541          0.0000          0.0000     569599.9884        301.3720 1352000000.0000

INFO:       1620         16.2000    1159808.6898     715622.3496     444186.3402          9.3700     148798.6366      -2185.7484          0.0000          0.0000     569009.4615        301.3813 1352000000.0000

INFO:       1640         16.4000    1158912.5852     714835.4655     444077.1197          9.3585     148549.5319      -2138.3809          0.0000          0.0000     568424.3145        301.2319 1352000000.0000

INFO:       1660         16.6000    1158149.0310     713821.4413     444327.5897          9.3423     148175.9597      -2188.0909          0.0000          0.0000     567833.5725        301.3862 1352000000.0000

INFO:       1680         16.8000    1157475.3674     713442.0907     444033.2767          9.3529     148337.8206      -2155.1438          0.0000          0.0000     567259.4139        301.2900 1352000000.0000

INFO:       1700         17.0000    1157143.2524     713199.0894     443944.1630          9.3650     148696.7703      -2183.9653          0.0000          0.0000     566686.2845        301.1875 1352000000.0000

INFO:       1720         17.2000    1155927.2688     712708.3507     443218.9180          9.3708     148751.4013      -2169.7254          0.0000          0.0000     566126.6748        300.6638 1352000000.0000

INFO:       1740         17.4000    1155464.8337     711683.1875     443781.6463          9.3593     148260.9701      -2164.4679          0.0000          0.0000     565586.6852        301.0410 1352000000.0000

INFO:       1760         17.6000    1155544.4858     711747.6025     443796.8834          9.3690     148692.4833      -1995.4345          0.0000          0.0000     565050.5537        300.8434 1352000000.0000

INFO:       1780         17.8000    1154561.7701     711163.3007     443398.4694          9.3673     148450.0760      -1819.0762          0.0000          0.0000     564532.3009        300.7302 1352000000.0000

INFO:       1800         18.0000    1154135.1249     710944.2876     443190.8372          9.3607     148557.1806      -1626.6450          0.0000          0.0000     564013.7520        300.6653 1352000000.0000

INFO:       1820         18.2000    1153994.7099     710385.1166     443609.5932          9.3631     148659.3027      -1759.4962          0.0000          0.0000     563485.3102        300.8727 1352000000.0000

INFO:       1840         18.4000    1153772.7197     709344.3878     444428.3319          9.3467     148325.3678      -1913.7191          0.0000          0.0000     562932.7391        301.4011 1352000000.0000

INFO:       1860         18.6000    1152332.7723     708218.5636     444114.2087          9.3347     147743.1875      -1918.1955          0.0000          0.0000     562393.5716        301.2713 1352000000.0000

INFO:       1880         18.8000    1152962.3845     708709.8197     444252.5648          9.3650     148781.9204      -1938.8815          0.0000          0.0000     561866.7807        301.4853 1352000000.0000

INFO:       1900         19.0000    1152425.7489     707505.6810     444920.0679          9.3445     148001.0971      -1853.0412          0.0000          0.0000     561357.6250        301.9044 1352000000.0000

INFO:       1920         19.2000    1151954.3787     707737.9989     444216.3798          9.3696     148632.9395      -1768.3433          0.0000          0.0000     560873.4027        301.3223 1352000000.0000

INFO:       1940         19.4000    1151371.0966     707130.9117     444240.1849          9.3676     148542.2164      -1801.9067          0.0000          0.0000     560390.6020        301.3126 1352000000.0000

INFO:       1960         19.6000    1150776.5084     706776.3545     444000.1539          9.3637     148498.4984      -1625.2001          0.0000          0.0000     559903.0562        301.1901 1352000000.0000

INFO:       1980         19.8000    1150272.8920     705848.5031     444424.3889          9.3467     147997.9121      -1562.7561          0.0000          0.0000     559413.3471        301.4208 1352000000.0000

INFO:       2000         20.0000    1150222.0248     706120.4294     444101.5955          9.3708     148792.7747      -1598.2543          0.0000          0.0000     558925.9089        301.1130 1352000000.0000

 
[STEP6] Deallocate Arrays
 
Output_Time> Averaged timer profile (Min, Max)
  total time      =      22.868
    setup         =       2.851
    dynamics      =      20.017
      energy      =      17.523
      integrator  =       2.051
      migration   =       0.086
      pairlist    =       0.236 (       0.142,       0.377)
  energy           
    bond          =       0.137 (       0.079,       0.257)
    angle         =       0.013 (       0.011,       0.017)
    dihedral      =       0.011 (       0.010,       0.013)
    base stacking =       0.000 (       0.000,       0.000)
    nonbond       =       9.078 (       4.845,      16.527)
      CG exv      =       0.019 (       0.011,       0.031)
      CG DNA bp   =       0.000 (       0.000,       0.000)
      CG DNA exv  =       0.000 (       0.000,       0.000)
      CG ele      =       7.350 (       3.934,      13.468)
      CG PWMcos   =       0.000 (       0.000,       0.000)
      CG PWMcosns =       0.000 (       0.000,       0.000)
      CG IDR-HPS  =       1.705 (       0.892,       3.029)
      CG IDR-KH   =       0.000 (       0.000,       0.000)
      CG KH       =       0.000 (       0.000,       0.000)
      Contact     =       0.004 (       0.003,       0.005)
      pme real    =       0.000 (       0.000,       0.000)
      pme recip   =       0.000 (       0.000,       0.000)
    solvation     =       0.000 (       0.000,       0.000)
      polar       =       0.000 (       0.000,       0.000)
      non-polar   =       0.000 (       0.000,       0.000)
    restraint     =       0.000 (       0.000,       0.000)
    qmmm          =       0.000 (       0.000,       0.000)
    morph         =       0.000 (       0.000,       0.000)
  integrator       
    constraint    =       0.000 (       0.000,       0.000)
    update        =       0.000 (       0.000,       0.000)
    comm_coord    =       0.759 (       0.286,       1.312)
    comm_force    =       0.332 (       0.278,       0.373)
  migration       =       0.086 (       0.086,       0.087)
    comm_migrate  =       0.010 (       0.006,       0.014)
    ptl_migrate   =       0.004 (       0.003,       0.007)
    bond_migrate  =       0.001 (       0.001,       0.001)
    angl_migrate  =       0.001 (       0.000,       0.001)
    dihe_migrate  =       0.000 (       0.000,       0.001)
    contact_migr  =       0.000 (       0.000,       0.000)
    stack_migrate =       0.000 (       0.000,       0.000)
    pwmcos_migrate =       0.000 (       0.000,       0.000)
    pwmcosns_migr  =       0.000 (       0.000,       0.000)
    nonb_update    =       0.054 (       0.028,       0.088)

