****************************************************
*                                                  *
*                  GENESIS CGDYN                   *
*                                                  *
*        A Molecular Dynamics Simulator with       *
*           Spatial Decomposition Scheme           *
*                                                  *
*               Developed by RIKEN                 *
*                                                  *
****************************************************
 
[STEP0] Architecture and Compiler Information
 
GENESIS_Information> GENESIS Information
  version      = 2.0.0
  commit ID    = $GENESIS_VERSION$
  precision    = mixed 
  nonbonding   = CPU

Build_Information> Compiler Information
  build host   = jjwsmj@hokusai2
  fortran      = ifort (IFORT) 2021.7.1 20221019
  option       = 
  -axCORE-AVX512 -g -O3  -qmkl=parallel  -assume byterecl -qopenmp  
  C            = 
 icc: remark #10441: The Intel(R) C++ Compiler Classic (ICC) is deprecated and w
 ill be removed from product release in the second half of 2023. The Intel(R) on
 eAPI DPC++/C++ Compiler (ICX) is the recommended compiler moving forward. Pleas
 e transition to use this compiler. Use '-diag-disable=10441' to disable this me
 ssage.
  option       = -O3 -ip -axCORE-AVX2  -qopenmp 
  defined var. = 
  -DHAVE_MPI_GENESIS -DOMP -DIFORT19 -DFFTE -DLAPACK -DDSFMT_MEXP=19937 -DINTEL
  link option  = 
  -assume byterecl -lgfortran -qopenmp  -lmkl_intel_lp64 -lmkl_sequential -lmkl_
 core -lmkl_lapack95_lp64   
  MPI Compiler = Intel(R) MPI

Runtime_Information> Machine and Library Information
  date       = 2023/05/12 15:19:06
  cpu model    = Intel(R) Xeon(R) Gold 6148 CPU @ 2.40GHz
  exec. host   = jjwsmj@bwmpc0238
  LD library   = 
 /bwfefs/opt/x86_64/intel/oneapi/2022.3/mpi/2021.7.1/libfabric/lib:/bwfefs/opt/x
 86_64/intel/oneapi/2022.3/mpi/2021.7.1/lib/release:/bwfefs/opt/x86_64/intel/one
 api/2022.3/mpi/2021.7.1/lib:/bwfefs/opt/x86_64/intel/oneapi/2022.3/tbb/2021.7.1
 /lib/intel64/gcc4.8:/usr/lib64:/bwfefs/opt/x86_64/intel/oneapi/2022.3/vpl/2022.
 2.5/lib:/bwfefs/opt/x86_64/intel/oneapi/2022.3/mkl/latest/lib/intel64:/bwfefs/o
 pt/x86_64/intel/oneapi/2022.3/itac/2021.7.1/slib:/bwfefs/opt/x86_64/intel/oneap
 i/2022.3/ippcp/2021.6.2/lib/intel64:/bwfefs/opt/x86_64/intel/oneapi/2022.3/ipp/
 2021.6.2/lib/intel64:/bwfefs/opt/x86_64/intel/oneapi/2022.3/dnnl/2022.2.1/cpu_d
 pcpp_gpu_dpcpp/lib:/bwfefs/opt/x86_64/intel/oneapi/2022.3/dal/2021.7.1/lib/inte
 l64:/bwfefs/opt/x86_64/intel/oneapi/2022.3/compiler/2022.2.1/linux/compiler/lib
 :/bwfefs/opt/x86_64/intel/oneapi/2022.3/compiler/2022.2.1/linux/lib/oclfpga/hos
 t/linux64/lib:/bwfefs/opt/x86_64/intel/oneapi/2022.3/compiler/2022.2.1/linux/li
 b/oclfpga/linux64/lib:/bwfefs/opt/x86_64/intel/oneapi/2022.3/compiler/2022.2.1/
 linux/lib:/bwfefs/opt/x86_64/intel/oneapi/2022.3/compiler/2022.2.1/linux/lib/x6
 4:/bwfefs/opt/x86_64/intel/oneapi/2022.3/compiler/2022.2.1/linux/lib/emu:/bwfef
 s/opt/x86_64/intel/oneapi/2022.3/compiler/2022.2.1/linux/compiler/lib/intel64_l
 in:/bwfefs/opt/x86_64/intel/oneapi/2022.3/debugger/2021.7.1/dep/lib:/bwfefs/opt
 /x86_64/intel/oneapi/2022.3/debugger/2021.7.1/libipt/intel64/lib:/bwfefs/opt/x8
 6_64/intel/oneapi/2022.3/debugger/2021.7.1/gdb/intel64/lib:/bwfefs/opt/x86_64/
 MPI Runtime = Intel(R) MPI Library 2021.7 for Linux* OS


[STEP1] Read Control Parameters
 
Read_Ctrl_Input> Input Files
  grotopfile = pro.top
  grocrdfile = crd/pos_5000.gro
 
Read_Ctrl_Output> Output Files
 
Read_Ctrl_Energy> Parameters of Energy Calculations
  forcefield      =    RESIDCG
  output_style    =    GENESIS
 
Read_Ctrl_Dynamics> Parameters of MD simulation
  integrator      =       VVER  nsteps          =       2000
  timestep        =     0.0100  initial_time    =     0.0000
  eneout_period   =         20  rstout_period   =          0
  crdout_period   =          0  velout_period   =          0
  nbupdate_period =         20  stoptr_period   =         10
  lbupdate_period =          0
  iseed           =         -1
  annealing       =         no
  verbose         =         no
  target_md       =         no
  steered_md      =         no
 
Read_Ctrl_Ensemble> Parameters for Ensemble
  ensemble        =        NVT
  temperature     =    300.000
  tpcontrol       =   LANGEVIN
  gamma_t         =      1.000
 
Read_Ctrl_Boundary> Parameters of Boundary Condition
  type            =       PBC 
  box_size(x,y,z) =   3200.000   650.000   650.000
  min_domain_cell =          2
 
Read_Ctrl_Selection> Parameters of Selection
  # of groups     =          0
  # of mole names =          0
 
Read_Ctrl_Restraints> No restraint in the system

Read_Ctrl_Fitting_MD> Parameters of Fitting
  fitting method  =  TR+ROT   
  fitting atom    = group1
  mass_weight     =         no
 
[STEP2] Setup MPI
 
Setup_Mpi_Md> Summary of Setup MPI
  number of MPI processes   =        128
  number of OpenMP threads  =          5
  total number of CPU cores =        640

[STEP3] Set Relevant Variables and Structures
 
Read_Grotop> Summary of Grotopfile
  num_moltypes    =          1
    pos100_cg             :
      num_atoms   =        100
      num_bonds   =         99
      num_angls   =          0
      num_dihes   =          0
      num_cmaps   =          0
      num_excls   =          0
      num_constrs =          0
      num_pairs   =          0
      num_vsites2 =          0
      num_vsites3 =          0
      num_vsites4 =          0
      num_vsitesn =          0
      num_posress =          0
      num_PWMcos  =          0
      num_PWMcosns=          0
      num_IDR_HPS =          1
      num_IDR_KH  =          0
    .. not used molecule types were hidden.

  num_molecules   =       5000
    pos100_cg             :  5000

  num_atomtypes   =         33  num_bondtypes   =          0
  num_angltypes   =          0  num_dihetypes   =          0
  num_flangltypes           20
  num_fldihetypes          400
  num_constrtypes =          0  num_cmaptypes   =          0
  num_nbonparms   =          0
  num_basestacktypes  =     16
  num_basepairtypes   =      4
  num_basecrosstypes  =     32
  num_cgdnaexvtypes   =      6
  num_cgelemolpairs   =      1
  num_cg_IDR_HPS_atomtypes  =     20
  num_cg_KH_atomtypes  =    20

  num_cg_pair_MJ_eps   =   400

Define_Molecule> Summary of molecules
  num_atoms       =     500000  num_bonds       =     495000
  num_angles      =          0  num_dihedrals   =          0
  num_impropers   =          0  num_cmap_terms  =          0
  num_residues    =     500000  num_molecules   =       5000
  num_segments    =          1  num_deg_freedom =    1500000
  total_charge    = 500000.000
 
Setup_Boundary_Cell> Set Variables for Boundary Condition
  domains (x,y,z) =         16         4         2
  ncells (x,y,z)  =        112        22        22
 
Define_Enefunc_Gromacs> Number of Interactions in Each Term
  bond_ene        =     495000  angle_ene       =          0
  torsion_ene     =          0
 restraint_groups =          0 restraint_funcs  =          0
 
Setup_Dynamics> Subtract 3 translational degrees of freedom
 
Update_Num_Deg_Freedom> Number of degrees of freedom was updated
  num_deg_freedom =    1499997 (After removing translation)
 
Random_Init> Initialize the random number
  seed            = 704105

Setup_Fitting_cgdyn> NO fitting is applied, skip
  fitting method  =  NO
 
[STEP4] Compute Single Point Energy for Molecules
 
            STEP          ENERGY            BOND  NATIVE_CONTACT NON-NATIVE_CONT           ELECT         IDR_HPS          CG_EXV
 --------------- --------------- --------------- --------------- ---------------
               0     853903.1899     170691.3764          0.0000          0.0000     681472.2486       1739.5649          0.0000

[STEP5] Perform Molecular Dynamics Simulation
 
Initial_Velocity> Generate initial velocities
  iseed           =     704105
  temperature     =    300.000
 
Random_Init_Velocity> Initialize the random number
  seed            = 704105

INFO:       STEP            TIME       TOTAL_ENE   POTENTIAL_ENE     KINETIC_ENE            RMSG            BOND         IDR_HPS  NATIVE_CONTACT          CG_EXV           ELECT     TEMPERATURE          VOLUME
 --------------- --------------- --------------- --------------- ---------------
INFO:          0          0.0000    1300469.1332     853903.1899     446565.9433         10.1780     170691.3764       1739.5649          0.0000          0.0000     681472.2486          0.0000 1352000000.0000

INFO:         20          0.2000    1295248.5504     841870.5534     453377.9969          9.8403     160526.8100        631.6027          0.0000          0.0000     680712.1406        307.6018 1352000000.0000

INFO:         40          0.4000    1291114.9924     835983.0631     455131.9293          9.7267     158281.4928      -1156.2981          0.0000          0.0000     678857.8684        308.8999 1352000000.0000

INFO:         60          0.6000    1286141.4374     829678.1386     456463.2988          9.6467     155976.0931      -2624.2184          0.0000          0.0000     676326.2640        309.7021 1352000000.0000

INFO:         80          0.8000    1280024.8901     823821.8112     456203.0789          9.5835     154190.1536      -3814.8863          0.0000          0.0000     673446.5438        309.4816 1352000000.0000

INFO:        100          1.0000    1274440.5976     819229.0811     455211.5165          9.5505     153429.2782      -4610.1609          0.0000          0.0000     670409.9638        308.7694 1352000000.0000

INFO:        120          1.2000    1268593.1232     814625.6848     453967.4385          9.5044     152115.2696      -4855.4280          0.0000          0.0000     667365.8432        307.9642 1352000000.0000

INFO:        140          1.4000    1264430.3644     811018.7737     453411.5907          9.4843     151599.7409      -4922.1164          0.0000          0.0000     664341.1492        307.5518 1352000000.0000

INFO:        160          1.6000    1260643.9182     807548.8049     453095.1133          9.4694     151168.4288      -4966.2575          0.0000          0.0000     661346.6336        307.3325 1352000000.0000

INFO:        180          1.8000    1256327.8163     803472.3501     452855.4663          9.4370     150194.2961      -5151.3113          0.0000          0.0000     658429.3653        307.1406 1352000000.0000

INFO:        200          2.0000    1252299.7916     800385.0884     451914.7031          9.4303     150158.4353      -5368.6923          0.0000          0.0000     655595.3455        306.3266 1352000000.0000

INFO:        220          2.2000    1248595.6774     797498.4607     451097.2167          9.4151     149775.2840      -5149.9429          0.0000          0.0000     652873.1197        305.8141 1352000000.0000

INFO:        240          2.4000    1245655.6371     794983.0589     450672.5782          9.4137     149676.7201      -4929.8061          0.0000          0.0000     650236.1449        305.7363 1352000000.0000

INFO:        260          2.6000    1242634.1075     792237.8245     450396.2830          9.4021     149466.9414      -4883.0807          0.0000          0.0000     647653.9638        305.4688 1352000000.0000

INFO:        280          2.8000    1239858.0759     789300.0973     450557.9786          9.3855     149161.6415      -5030.8558          0.0000          0.0000     645169.3115        305.5387 1352000000.0000

INFO:        300          3.0000    1236264.5491     786241.7451     450022.8040          9.3555     148300.1310      -4827.9986          0.0000          0.0000     642769.6127        305.0499 1352000000.0000

INFO:        320          3.2000    1232307.1268     784166.0837     448141.0431          9.3588     148407.7994      -4701.9909          0.0000          0.0000     640460.2751        304.1047 1352000000.0000

INFO:        340          3.4000    1230240.6839     781637.8901     448602.7938          9.3576     148257.4864      -4842.5795          0.0000          0.0000     638222.9832        304.2961 1352000000.0000

INFO:        360          3.6000    1228070.4416     779712.0403     448358.4012          9.3608     148391.0213      -4757.8577          0.0000          0.0000     636078.8768        303.9901 1352000000.0000

INFO:        380          3.8000    1225190.0211     777904.7449     447285.2763          9.3527     148417.7361      -4521.2910          0.0000          0.0000     634008.2997        303.3345 1352000000.0000

INFO:        400          4.0000    1222713.3067     775611.7925     447101.5142          9.3455     148196.5082      -4583.0420          0.0000          0.0000     631998.3264        303.2831 1352000000.0000

INFO:        420          4.2000    1221593.5272     773965.9167     447627.6105          9.3530     148336.0522      -4439.8152          0.0000          0.0000     630069.6797        303.6834 1352000000.0000

INFO:        440          4.4000    1219322.3609     772705.7037     446616.6571          9.3772     148844.9353      -4340.7761          0.0000          0.0000     628201.5445        302.8681 1352000000.0000

INFO:        460          4.6000    1217748.6452     770500.8141     447247.8311          9.3536     148346.2074      -4239.7077          0.0000          0.0000     626394.3144        303.2838 1352000000.0000

INFO:        480          4.8000    1215642.0238     768469.0982     447172.9256          9.3440     147942.5659      -4108.0784          0.0000          0.0000     624634.6106        303.3490 1352000000.0000

INFO:        500          5.0000    1214017.7214     767231.8122     446785.9092          9.3528     148224.3557      -3919.3321          0.0000          0.0000     622926.7886        302.9675 1352000000.0000

INFO:        520          5.2000    1212164.4777     765767.0940     446397.3837          9.3624     148459.1424      -3924.0803          0.0000          0.0000     621232.0320        302.8658 1352000000.0000

INFO:        540          5.4000    1210027.1202     764155.7333     445871.3868          9.3732     148692.4906      -4116.7168          0.0000          0.0000     619579.9596        302.4629 1352000000.0000

INFO:        560          5.6000    1209051.8234     762351.0875     446700.7359          9.3682     148646.8860      -4261.8979          0.0000          0.0000     617966.0993        302.8594 1352000000.0000

INFO:        580          5.8000    1206742.7260     760611.1180     446131.6080          9.3511     148200.9239      -4006.1029          0.0000          0.0000     616416.2970        302.6025 1352000000.0000

INFO:        600          6.0000    1205238.5476     759396.8991     445841.6485          9.3546     148332.0107      -3844.5376          0.0000          0.0000     614909.4260        302.4446 1352000000.0000

INFO:        620          6.2000    1203908.9466     757557.0221     446351.9245          9.3438     147939.1381      -3824.7901          0.0000          0.0000     613442.6741        302.7236 1352000000.0000

INFO:        640          6.4000    1202215.9251     756192.4167     446023.5084          9.3440     147821.1173      -3655.9369          0.0000          0.0000     612027.2363        302.5013 1352000000.0000

INFO:        660          6.6000    1200793.5609     755155.0881     445638.4728          9.3531     148154.5914      -3645.4485          0.0000          0.0000     610645.9452        302.2621 1352000000.0000

INFO:        680          6.8000    1199116.8071     753839.2288     445277.5783          9.3536     148208.2380      -3705.6159          0.0000          0.0000     609336.6067        302.1525 1352000000.0000

INFO:        700          7.0000    1198200.2001     752808.4555     445391.7446          9.3537     148330.4878      -3582.4495          0.0000          0.0000     608060.4172        302.0590 1352000000.0000

INFO:        720          7.2000    1197391.2380     751604.9064     445786.3316          9.3541     148223.2381      -3452.5578          0.0000          0.0000     606834.2261        302.4117 1352000000.0000

INFO:        740          7.4000    1195449.4270     750274.0673     445175.3597          9.3468     148081.7799      -3463.5497          0.0000          0.0000     605655.8371        301.8725 1352000000.0000

INFO:        760          7.6000    1193671.8906     748763.1611     444908.7295          9.3256     147489.0269      -3244.9471          0.0000          0.0000     604519.0813        301.6850 1352000000.0000

INFO:        780          7.8000    1191734.6907     748096.2650     443638.4257          9.3356     147777.2512      -3064.5707          0.0000          0.0000     603383.5845        300.9467 1352000000.0000

INFO:        800          8.0000    1191025.5161     747309.4860     443716.0300          9.3545     148074.6656      -3014.5139          0.0000          0.0000     602249.3343        301.0211 1352000000.0000

INFO:        820          8.2000    1190059.3300     746360.6579     443698.6722          9.3428     148151.7099      -2906.0358          0.0000          0.0000     601114.9837        300.9389 1352000000.0000

INFO:        840          8.4000    1189366.9214     744855.0595     444511.8619          9.3321     147756.3016      -2915.9623          0.0000          0.0000     600014.7202        301.4991 1352000000.0000

INFO:        860          8.6000    1188325.9187     743951.7919     444374.1268          9.3451     148074.2386      -3052.1609          0.0000          0.0000     598929.7142        301.5656 1352000000.0000

INFO:        880          8.8000    1186854.9265     742718.4115     444136.5150          9.3421     147887.5914      -3034.2363          0.0000          0.0000     597865.0564        301.2225 1352000000.0000

INFO:        900          9.0000    1186395.1010     742117.1590     444277.9420          9.3567     148267.3281      -2987.5268          0.0000          0.0000     596837.3577        301.2868 1352000000.0000

INFO:        920          9.2000    1186104.4364     740922.5730     445181.8635          9.3466     148062.4621      -2946.9213          0.0000          0.0000     595807.0322        301.9799 1352000000.0000

INFO:        940          9.4000    1185594.5322     740484.0353     445110.4969          9.3667     148662.2137      -2977.3650          0.0000          0.0000     594799.1866        301.8281 1352000000.0000

INFO:        960          9.6000    1184158.2349     739414.5485     444743.6865          9.3493     148436.3459      -2823.2109          0.0000          0.0000     593801.4136        301.7543 1352000000.0000

INFO:        980          9.8000    1182928.2522     738330.0619     444598.1904          9.3486     148154.5243      -2673.2884          0.0000          0.0000     592848.8260        301.6267 1352000000.0000

INFO:       1000         10.0000    1181830.2956     737627.7395     444202.5561          9.3567     148579.7040      -2848.9458          0.0000          0.0000     591896.9813        301.2123 1352000000.0000

INFO:       1020         10.2000    1180248.5526     736698.7952     443549.7573          9.3598     148527.2304      -2837.0685          0.0000          0.0000     591008.6332        300.8170 1352000000.0000

INFO:       1040         10.4000    1179109.1296     735735.4102     443373.7194          9.3510     148279.1139      -2655.7032          0.0000          0.0000     590111.9995        300.7149 1352000000.0000

INFO:       1060         10.6000    1178944.1827     734652.5226     444291.6602          9.3392     148037.3751      -2621.5458          0.0000          0.0000     589236.6932        301.3206 1352000000.0000

INFO:       1080         10.8000    1177769.0840     733813.9263     443955.1577          9.3423     148056.2675      -2610.0428          0.0000          0.0000     588367.7017        301.1276 1352000000.0000

INFO:       1100         11.0000    1176575.8979     733467.9275     443107.9703          9.3633     148744.5267      -2740.2469          0.0000          0.0000     587463.6477        300.5370 1352000000.0000

INFO:       1120         11.2000    1175425.2620     731962.3791     443462.8829          9.3477     148083.0213      -2738.9910          0.0000          0.0000     586618.3487        300.7931 1352000000.0000

INFO:       1140         11.4000    1175114.7919     731154.7458     443960.0460          9.3406     148019.4823      -2641.9864          0.0000          0.0000     585777.2499        301.1691 1352000000.0000

INFO:       1160         11.6000    1173981.5201     730492.5045     443489.0155          9.3462     148113.4660      -2593.2245          0.0000          0.0000     584972.2630        300.8990 1352000000.0000

INFO:       1180         11.8000    1173489.1556     729863.0883     443626.0672          9.3551     148478.5722      -2794.2915          0.0000          0.0000     584178.8077        301.0040 1352000000.0000

INFO:       1200         12.0000    1173096.4278     729322.3771     443774.0507          9.3608     148759.9910      -2826.0219          0.0000          0.0000     583388.4080        300.9791 1352000000.0000

INFO:       1220         12.2000    1172585.6883     728612.2136     443973.4748          9.3646     148535.3683      -2557.1239          0.0000          0.0000     582633.9691        301.2319 1352000000.0000

INFO:       1240         12.4000    1171704.5312     728035.1335     443669.3977          9.3576     148553.3012      -2394.1562          0.0000          0.0000     581875.9885        300.9834 1352000000.0000

INFO:       1260         12.6000    1171400.9917     727094.7962     444306.1955          9.3516     148389.2851      -2426.6360          0.0000          0.0000     581132.1470        301.5273 1352000000.0000

INFO:       1280         12.8000    1171189.5782     726425.8202     444763.7580          9.3636     148474.1249      -2435.4448          0.0000          0.0000     580387.1401        301.7946 1352000000.0000

INFO:       1300         13.0000    1169946.4633     725716.1930     444230.2703          9.3618     148453.9928      -2400.5890          0.0000          0.0000     579662.7893        301.3330 1352000000.0000

INFO:       1320         13.2000    1169722.8514     725037.5329     444685.3185          9.3547     148454.9695      -2371.4887          0.0000          0.0000     578954.0520        301.6124 1352000000.0000

INFO:       1340         13.4000    1169284.4119     725165.6927     444118.7193          9.3714     149198.1637      -2280.5581          0.0000          0.0000     578248.0871        301.3353 1352000000.0000

INFO:       1360         13.6000    1168467.4359     724209.5967     444257.8391          9.3712     148770.6905      -2159.9719          0.0000          0.0000     577598.8781        301.4334 1352000000.0000

INFO:       1380         13.8000    1167555.8916     723615.0544     443940.8372          9.3718     148961.0634      -2248.9244          0.0000          0.0000     576902.9154        301.0734 1352000000.0000

INFO:       1400         14.0000    1166777.6004     722485.3323     444292.2680          9.3589     148498.7410      -2236.9316          0.0000          0.0000     576223.5230        301.3542 1352000000.0000

INFO:       1420         14.2000    1165963.4177     721904.1748     444059.2429          9.3604     148581.3892      -2235.6698          0.0000          0.0000     575558.4554        301.3268 1352000000.0000

INFO:       1440         14.4000    1165052.5130     721483.2644     443569.2486          9.3612     148706.3447      -2136.1352          0.0000          0.0000     574913.0549        301.0327 1352000000.0000

INFO:       1460         14.6000    1164278.3240     720491.4545     443786.8695          9.3547     148462.9378      -2231.9900          0.0000          0.0000     574260.5067        300.9709 1352000000.0000

INFO:       1480         14.8000    1163806.7324     719969.7722     443836.9601          9.3618     148574.7892      -2243.0537          0.0000          0.0000     573638.0368        301.0633 1352000000.0000

INFO:       1500         15.0000    1163228.7025     718998.4088     444230.2936          9.3494     148192.9419      -2232.0053          0.0000          0.0000     573037.4722        301.2504 1352000000.0000

INFO:       1520         15.2000    1162405.7924     718508.8596     443896.9328          9.3405     148084.2451      -2030.8294          0.0000          0.0000     572455.4440        301.2050 1352000000.0000

INFO:       1540         15.4000    1161707.2333     717858.8988     443848.3345          9.3442     147895.2225      -1914.3057          0.0000          0.0000     571877.9820        301.0917 1352000000.0000

INFO:       1560         15.6000    1161429.3500     716966.1767     444463.1733          9.3394     147810.4865      -2107.9807          0.0000          0.0000     571263.6709        301.5831 1352000000.0000

INFO:       1580         15.8000    1161058.9169     716406.8422     444652.0747          9.3392     147939.2104      -2201.3608          0.0000          0.0000     570668.9926        301.6967 1352000000.0000

INFO:       1600         16.0000    1160731.0987     716640.8910     444090.2078          9.3582     148700.5897      -2124.2069          0.0000          0.0000     570064.5081        301.2901 1352000000.0000

INFO:       1620         16.2000    1159946.9485     716347.9499     443598.9986          9.3737     148930.1774      -2068.8566          0.0000          0.0000     569486.6291        300.9595 1352000000.0000

INFO:       1640         16.4000    1158624.1360     715096.7349     443527.4010          9.3565     148225.8215      -2065.3476          0.0000          0.0000     568936.2610        300.8355 1352000000.0000

INFO:       1660         16.6000    1157597.3784     715001.7874     442595.5909          9.3536     148590.1367      -1947.4563          0.0000          0.0000     568359.1070        300.2166 1352000000.0000

INFO:       1680         16.8000    1156883.7876     713964.8606     442918.9270          9.3476     148243.4035      -2063.1129          0.0000          0.0000     567784.5700        300.4138 1352000000.0000

INFO:       1700         17.0000    1156770.6273     713190.9460     443579.6813          9.3583     148134.2678      -2147.1485          0.0000          0.0000     567203.8266        300.7761 1352000000.0000

INFO:       1720         17.2000    1156101.0607     712807.9396     443293.1211          9.3623     148376.3518      -2204.1515          0.0000          0.0000     566635.7392        300.7353 1352000000.0000

INFO:       1740         17.4000    1155296.8649     712143.6954     443153.1695          9.3525     148186.1465      -2145.5966          0.0000          0.0000     566103.1455        300.6353 1352000000.0000

INFO:       1760         17.6000    1154256.4164     711450.8118     442805.6045          9.3536     147970.4324      -2097.0910          0.0000          0.0000     565577.4704        300.3495 1352000000.0000

INFO:       1780         17.8000    1153570.9451     711348.9756     442221.9696          9.3556     148168.8675      -1876.0194          0.0000          0.0000     565056.1275        299.9854 1352000000.0000

INFO:       1800         18.0000    1153391.7405     710699.7581     442691.9824          9.3409     147956.2219      -1797.6613          0.0000          0.0000     564541.1975        300.2354 1352000000.0000

INFO:       1820         18.2000    1153196.1992     710229.0731     442967.1261          9.3454     148054.7160      -1846.9440          0.0000          0.0000     564021.3011        300.3929 1352000000.0000

INFO:       1840         18.4000    1152528.6231     709297.7256     443230.8975          9.3280     147636.5737      -1851.8583          0.0000          0.0000     563513.0102        300.6508 1352000000.0000

INFO:       1860         18.6000    1152382.0768     709136.7885     443245.2883          9.3274     147911.7601      -1779.4075          0.0000          0.0000     563004.4358        300.6619 1352000000.0000

INFO:       1880         18.8000    1151986.7781     708670.9562     443315.8219          9.3392     147968.4363      -1800.2599          0.0000          0.0000     562502.7798        300.8241 1352000000.0000

INFO:       1900         19.0000    1150924.2290     707927.5549     442996.6741          9.3289     147774.4829      -1835.3337          0.0000          0.0000     561988.4057        300.5638 1352000000.0000

INFO:       1920         19.2000    1150488.7121     707763.7113     442725.0008          9.3435     148264.5861      -1962.3921          0.0000          0.0000     561461.5173        300.3158 1352000000.0000

INFO:       1940         19.4000    1150781.1094     707388.4401     443392.6693          9.3492     148358.5993      -1931.5113          0.0000          0.0000     560961.3520        300.5712 1352000000.0000

INFO:       1960         19.6000    1149456.3461     706452.2170     443004.1291          9.3289     147797.8685      -1822.9431          0.0000          0.0000     560477.2916        300.6047 1352000000.0000

INFO:       1980         19.8000    1148894.0280     706313.3291     442580.6989          9.3400     148198.0602      -1866.9435          0.0000          0.0000     559982.2124        300.2598 1352000000.0000

INFO:       2000         20.0000    1148389.1715     705754.4792     442634.6923          9.3476     148100.7100      -1842.0757          0.0000          0.0000     559495.8448        300.3655 1352000000.0000

 
[STEP6] Deallocate Arrays
 
Output_Time> Averaged timer profile (Min, Max)
  total time      =      22.205
    setup         =       2.960
    dynamics      =      19.245
      energy      =      16.724
      integrator  =       2.087
      migration   =       0.087
      pairlist    =       0.235 (       0.138,       0.372)
  energy           
    bond          =       0.135 (       0.072,       0.208)
    angle         =       0.012 (       0.011,       0.018)
    dihedral      =       0.011 (       0.010,       0.017)
    base stacking =       0.000 (       0.000,       0.000)
    nonbond       =       8.998 (       4.631,      15.658)
      CG exv      =       0.019 (       0.011,       0.028)
      CG DNA bp   =       0.000 (       0.000,       0.000)
      CG DNA exv  =       0.000 (       0.000,       0.000)
      CG ele      =       7.275 (       3.773,      12.760)
      CG PWMcos   =       0.000 (       0.000,       0.000)
      CG PWMcosns =       0.000 (       0.000,       0.000)
      CG IDR-HPS  =       1.700 (       0.842,       2.867)
      CG IDR-KH   =       0.000 (       0.000,       0.000)
      CG KH       =       0.000 (       0.000,       0.000)
      Contact     =       0.004 (       0.003,       0.006)
      pme real    =       0.000 (       0.000,       0.000)
      pme recip   =       0.000 (       0.000,       0.000)
    solvation     =       0.000 (       0.000,       0.000)
      polar       =       0.000 (       0.000,       0.000)
      non-polar   =       0.000 (       0.000,       0.000)
    restraint     =       0.000 (       0.000,       0.000)
    qmmm          =       0.000 (       0.000,       0.000)
    morph         =       0.000 (       0.000,       0.000)
  integrator       
    constraint    =       0.000 (       0.000,       0.000)
    update        =       0.000 (       0.000,       0.000)
    comm_coord    =       0.782 (       0.281,       1.358)
    comm_force    =       0.345 (       0.271,       0.407)
  migration       =       0.087 (       0.087,       0.087)
    comm_migrate  =       0.011 (       0.007,       0.014)
    ptl_migrate   =       0.004 (       0.003,       0.007)
    bond_migrate  =       0.001 (       0.001,       0.001)
    angl_migrate  =       0.001 (       0.000,       0.001)
    dihe_migrate  =       0.000 (       0.000,       0.001)
    contact_migr  =       0.000 (       0.000,       0.000)
    stack_migrate =       0.000 (       0.000,       0.000)
    pwmcos_migrate =       0.000 (       0.000,       0.000)
    pwmcosns_migr  =       0.000 (       0.000,       0.000)
    nonb_update    =       0.054 (       0.029,       0.088)

