****************************************************
*                                                  *
*                  GENESIS CGDYN                   *
*                                                  *
*        A Molecular Dynamics Simulator with       *
*           Spatial Decomposition Scheme           *
*                                                  *
*               Developed by RIKEN                 *
*                                                  *
****************************************************
 
[STEP0] Architecture and Compiler Information
 
GENESIS_Information> GENESIS Information
  version      = 2.0.0
  commit ID    = $GENESIS_VERSION$
  precision    = mixed 
  nonbonding   = CPU

Build_Information> Compiler Information
  build host   = jjwsmj@hokusai2
  fortran      = ifort (IFORT) 2021.7.1 20221019
  option       = 
  -axCORE-AVX512 -g -O3  -qmkl=parallel  -assume byterecl -qopenmp  
  C            = 
 icc: remark #10441: The Intel(R) C++ Compiler Classic (ICC) is deprecated and w
 ill be removed from product release in the second half of 2023. The Intel(R) on
 eAPI DPC++/C++ Compiler (ICX) is the recommended compiler moving forward. Pleas
 e transition to use this compiler. Use '-diag-disable=10441' to disable this me
 ssage.
  option       = -O3 -ip -axCORE-AVX2  -qopenmp 
  defined var. = 
  -DHAVE_MPI_GENESIS -DOMP -DIFORT19 -DFFTE -DLAPACK -DDSFMT_MEXP=19937 -DINTEL
  link option  = 
  -assume byterecl -lgfortran -qopenmp  -lmkl_intel_lp64 -lmkl_sequential -lmkl_
 core -lmkl_lapack95_lp64   
  MPI Compiler = Intel(R) MPI

Runtime_Information> Machine and Library Information
  date       = 2023/05/12 15:19:02
  cpu model    = Intel(R) Xeon(R) Gold 6148 CPU @ 2.40GHz
  exec. host   = jjwsmj@bwmpc0214
  LD library   = 
 /bwfefs/opt/x86_64/intel/oneapi/2022.3/mpi/2021.7.1/libfabric/lib:/bwfefs/opt/x
 86_64/intel/oneapi/2022.3/mpi/2021.7.1/lib/release:/bwfefs/opt/x86_64/intel/one
 api/2022.3/mpi/2021.7.1/lib:/bwfefs/opt/x86_64/intel/oneapi/2022.3/tbb/2021.7.1
 /lib/intel64/gcc4.8:/usr/lib64:/bwfefs/opt/x86_64/intel/oneapi/2022.3/vpl/2022.
 2.5/lib:/bwfefs/opt/x86_64/intel/oneapi/2022.3/mkl/latest/lib/intel64:/bwfefs/o
 pt/x86_64/intel/oneapi/2022.3/itac/2021.7.1/slib:/bwfefs/opt/x86_64/intel/oneap
 i/2022.3/ippcp/2021.6.2/lib/intel64:/bwfefs/opt/x86_64/intel/oneapi/2022.3/ipp/
 2021.6.2/lib/intel64:/bwfefs/opt/x86_64/intel/oneapi/2022.3/dnnl/2022.2.1/cpu_d
 pcpp_gpu_dpcpp/lib:/bwfefs/opt/x86_64/intel/oneapi/2022.3/dal/2021.7.1/lib/inte
 l64:/bwfefs/opt/x86_64/intel/oneapi/2022.3/compiler/2022.2.1/linux/compiler/lib
 :/bwfefs/opt/x86_64/intel/oneapi/2022.3/compiler/2022.2.1/linux/lib/oclfpga/hos
 t/linux64/lib:/bwfefs/opt/x86_64/intel/oneapi/2022.3/compiler/2022.2.1/linux/li
 b/oclfpga/linux64/lib:/bwfefs/opt/x86_64/intel/oneapi/2022.3/compiler/2022.2.1/
 linux/lib:/bwfefs/opt/x86_64/intel/oneapi/2022.3/compiler/2022.2.1/linux/lib/x6
 4:/bwfefs/opt/x86_64/intel/oneapi/2022.3/compiler/2022.2.1/linux/lib/emu:/bwfef
 s/opt/x86_64/intel/oneapi/2022.3/compiler/2022.2.1/linux/compiler/lib/intel64_l
 in:/bwfefs/opt/x86_64/intel/oneapi/2022.3/debugger/2021.7.1/dep/lib:/bwfefs/opt
 /x86_64/intel/oneapi/2022.3/debugger/2021.7.1/libipt/intel64/lib:/bwfefs/opt/x8
 6_64/intel/oneapi/2022.3/debugger/2021.7.1/gdb/intel64/lib:/bwfefs/opt/x86_64/
 MPI Runtime = Intel(R) MPI Library 2021.7 for Linux* OS


[STEP1] Read Control Parameters
 
Read_Ctrl_Input> Input Files
  grotopfile = pro.top
  grocrdfile = crd/pos_5000.gro
 
Read_Ctrl_Output> Output Files
 
Read_Ctrl_Energy> Parameters of Energy Calculations
  forcefield      =    RESIDCG
  output_style    =    GENESIS
 
Read_Ctrl_Dynamics> Parameters of MD simulation
  integrator      =       VVER  nsteps          =       2000
  timestep        =     0.0100  initial_time    =     0.0000
  eneout_period   =         20  rstout_period   =          0
  crdout_period   =          0  velout_period   =          0
  nbupdate_period =         20  stoptr_period   =         10
  lbupdate_period =          0
  iseed           =         -1
  annealing       =         no
  verbose         =         no
  target_md       =         no
  steered_md      =         no
 
Read_Ctrl_Ensemble> Parameters for Ensemble
  ensemble        =        NVT
  temperature     =    300.000
  tpcontrol       =   LANGEVIN
  gamma_t         =      1.000
 
Read_Ctrl_Boundary> Parameters of Boundary Condition
  type            =       PBC 
  box_size(x,y,z) =   3200.000   650.000   650.000
  min_domain_cell =          2
 
Read_Ctrl_Selection> Parameters of Selection
  # of groups     =          0
  # of mole names =          0
 
Read_Ctrl_Restraints> No restraint in the system

Read_Ctrl_Fitting_MD> Parameters of Fitting
  fitting method  =  TR+ROT   
  fitting atom    = group1
  mass_weight     =         no
 
[STEP2] Setup MPI
 
Setup_Mpi_Md> Summary of Setup MPI
  number of MPI processes   =        128
  number of OpenMP threads  =          5
  total number of CPU cores =        640

[STEP3] Set Relevant Variables and Structures
 
Read_Grotop> Summary of Grotopfile
  num_moltypes    =          1
    pos100_cg             :
      num_atoms   =        100
      num_bonds   =         99
      num_angls   =          0
      num_dihes   =          0
      num_cmaps   =          0
      num_excls   =          0
      num_constrs =          0
      num_pairs   =          0
      num_vsites2 =          0
      num_vsites3 =          0
      num_vsites4 =          0
      num_vsitesn =          0
      num_posress =          0
      num_PWMcos  =          0
      num_PWMcosns=          0
      num_IDR_HPS =          1
      num_IDR_KH  =          0
    .. not used molecule types were hidden.

  num_molecules   =       5000
    pos100_cg             :  5000

  num_atomtypes   =         33  num_bondtypes   =          0
  num_angltypes   =          0  num_dihetypes   =          0
  num_flangltypes           20
  num_fldihetypes          400
  num_constrtypes =          0  num_cmaptypes   =          0
  num_nbonparms   =          0
  num_basestacktypes  =     16
  num_basepairtypes   =      4
  num_basecrosstypes  =     32
  num_cgdnaexvtypes   =      6
  num_cgelemolpairs   =      1
  num_cg_IDR_HPS_atomtypes  =     20
  num_cg_KH_atomtypes  =    20

  num_cg_pair_MJ_eps   =   400

Define_Molecule> Summary of molecules
  num_atoms       =     500000  num_bonds       =     495000
  num_angles      =          0  num_dihedrals   =          0
  num_impropers   =          0  num_cmap_terms  =          0
  num_residues    =     500000  num_molecules   =       5000
  num_segments    =          1  num_deg_freedom =    1500000
  total_charge    = 500000.000
 
Setup_Boundary_Cell> Set Variables for Boundary Condition
  domains (x,y,z) =         16         4         2
  ncells (x,y,z)  =        112        22        22
 
Define_Enefunc_Gromacs> Number of Interactions in Each Term
  bond_ene        =     495000  angle_ene       =          0
  torsion_ene     =          0
 restraint_groups =          0 restraint_funcs  =          0
 
Setup_Dynamics> Subtract 3 translational degrees of freedom
 
Update_Num_Deg_Freedom> Number of degrees of freedom was updated
  num_deg_freedom =    1499997 (After removing translation)
 
Random_Init> Initialize the random number
  seed            = 861705

Setup_Fitting_cgdyn> NO fitting is applied, skip
  fitting method  =  NO
 
[STEP4] Compute Single Point Energy for Molecules
 
            STEP          ENERGY            BOND  NATIVE_CONTACT NON-NATIVE_CONT           ELECT         IDR_HPS          CG_EXV
 --------------- --------------- --------------- --------------- ---------------
               0     853903.1899     170691.3764          0.0000          0.0000     681472.2486       1739.5649          0.0000

[STEP5] Perform Molecular Dynamics Simulation
 
Initial_Velocity> Generate initial velocities
  iseed           =     861705
  temperature     =    300.000
 
Random_Init_Velocity> Initialize the random number
  seed            = 861705

INFO:       STEP            TIME       TOTAL_ENE   POTENTIAL_ENE     KINETIC_ENE            RMSG            BOND         IDR_HPS  NATIVE_CONTACT          CG_EXV           ELECT     TEMPERATURE          VOLUME
 --------------- --------------- --------------- --------------- ---------------
INFO:          0          0.0000    1300606.5189     853903.1899     446703.3290         10.1780     170691.3764       1739.5649          0.0000          0.0000     681472.2486          0.0000 1352000000.0000

INFO:         20          0.2000    1295268.4285     841607.3682     453661.0603          9.8347     160330.0882        591.9735          0.0000          0.0000     680685.3064        307.6678 1352000000.0000

INFO:         40          0.4000    1289997.2941     835425.6618     454571.6323          9.7219     157792.5166      -1186.3521          0.0000          0.0000     678819.4974        308.4579 1352000000.0000

INFO:         60          0.6000    1284709.3451     829368.4951     455340.8500          9.6383     155633.6201      -2527.5001          0.0000          0.0000     676262.3751        309.0787 1352000000.0000

INFO:         80          0.8000    1279898.2261     824453.2808     455444.9453          9.5972     154517.9409      -3392.9272          0.0000          0.0000     673328.2671        309.0124 1352000000.0000

INFO:        100          1.0000    1274681.1255     818797.6039     455883.5216          9.5383     152834.5930      -4259.3738          0.0000          0.0000     670222.3847        309.2981 1352000000.0000

INFO:        120          1.2000    1269829.8885     814247.7175     455582.1711          9.4965     151856.6547      -4686.5278          0.0000          0.0000     667077.5906        308.7948 1352000000.0000

INFO:        140          1.4000    1264380.5156     810046.0948     454334.4208          9.4650     151059.2689      -4964.8999          0.0000          0.0000     663951.7257        308.0676 1352000000.0000

INFO:        160          1.6000    1259578.1192     806185.3778     453392.7414          9.4507     150406.7744      -5122.8044          0.0000          0.0000     660901.4078        307.3869 1352000000.0000

INFO:        180          1.8000    1255235.5410     803055.4122     452180.1288          9.4395     150362.6720      -5240.5327          0.0000          0.0000     657933.2730        306.6350 1352000000.0000

INFO:        200          2.0000    1251467.0916     799766.9236     451700.1680          9.4175     149756.3341      -5052.5175          0.0000          0.0000     655063.1070        306.2638 1352000000.0000

INFO:        220          2.2000    1247741.7921     796739.6094     451002.1827          9.4012     149239.8634      -4794.1279          0.0000          0.0000     652293.8740        305.9642 1352000000.0000

INFO:        240          2.4000    1244366.5625     793591.3466     450775.2160          9.3991     149077.0958      -5042.9670          0.0000          0.0000     649557.2178        305.6979 1352000000.0000

INFO:        260          2.6000    1240585.4413     790364.4322     450221.0090          9.3789     148696.3442      -5251.4673          0.0000          0.0000     646919.5553        305.2821 1352000000.0000

INFO:        280          2.8000    1237650.6885     787348.1853     450302.5032          9.3689     148199.5262      -5259.8850          0.0000          0.0000     644408.5441        305.4710 1352000000.0000

INFO:        300          3.0000    1235443.5366     785874.7043     449568.8323          9.3895     148876.3548      -5029.5824          0.0000          0.0000     642027.9319        304.8236 1352000000.0000

INFO:        320          3.2000    1232320.3500     783523.0554     448797.2946          9.3712     148562.9382      -4810.7311          0.0000          0.0000     639770.8482        304.3721 1352000000.0000

INFO:        340          3.4000    1229843.4111     781752.0556     448091.3555          9.3808     148833.1254      -4685.0870          0.0000          0.0000     637604.0172        303.6762 1352000000.0000

INFO:        360          3.6000    1227791.5989     779191.4911     448600.1078          9.3641     148250.9907      -4563.4375          0.0000          0.0000     635503.9378        304.2066 1352000000.0000

INFO:        380          3.8000    1225737.7880     778092.3237     447645.4643          9.3836     149153.2110      -4515.5418          0.0000          0.0000     633454.6545        303.6702 1352000000.0000

INFO:        400          4.0000    1223846.9369     775736.3958     448110.5411          9.3655     148679.0503      -4424.6008          0.0000          0.0000     631481.9463        303.9118 1352000000.0000

INFO:        420          4.2000    1221766.5924     774020.7904     447745.8020          9.3709     148742.4866      -4292.4591          0.0000          0.0000     629570.7629        303.8026 1352000000.0000

INFO:        440          4.4000    1219372.9213     772303.8102     447069.1112          9.3736     148895.6303      -4309.7957          0.0000          0.0000     627717.9756        303.2692 1352000000.0000

INFO:        460          4.6000    1217313.8925     769865.4945     447448.3979          9.3490     148259.9819      -4297.7153          0.0000          0.0000     625903.2280        303.4437 1352000000.0000

INFO:        480          4.8000    1215340.1327     768531.2392     446808.8935          9.3571     148633.3239      -4240.9278          0.0000          0.0000     624138.8431        302.9948 1352000000.0000

INFO:        500          5.0000    1213544.9130     766659.4864     446885.4266          9.3503     148353.9665      -4118.7449          0.0000          0.0000     622424.2648        302.9998 1352000000.0000

INFO:        520          5.2000    1212162.1955     764988.0194     447174.1761          9.3567     148407.7315      -4182.7279          0.0000          0.0000     620763.0159        303.2403 1352000000.0000

INFO:        540          5.4000    1209627.2219     764135.8525     445491.3694          9.3693     148930.0540      -3935.0248          0.0000          0.0000     619140.8233        302.2496 1352000000.0000

INFO:        560          5.6000    1208909.3260     762811.4810     446097.8449          9.3695     149085.0710      -3822.6380          0.0000          0.0000     617549.0481        302.6595 1352000000.0000

INFO:        580          5.8000    1207527.8944     761189.1034     446338.7910          9.3713     148920.1831      -3751.4191          0.0000          0.0000     616020.3393        302.9612 1352000000.0000

INFO:        600          6.0000    1205702.9704     759484.3085     446218.6620          9.3587     148611.9736      -3671.8808          0.0000          0.0000     614544.2156        302.7203 1352000000.0000

INFO:        620          6.2000    1204027.0134     758475.1468     445551.8666          9.3709     149040.7675      -3664.4257          0.0000          0.0000     613098.8050        302.3100 1352000000.0000

INFO:        640          6.4000    1202528.1459     756664.9766     445863.1692          9.3620     148680.8081      -3685.0362          0.0000          0.0000     611669.2047        302.6379 1352000000.0000

INFO:        660          6.6000    1200895.0606     754921.0858     445973.9748          9.3585     148523.3466      -3879.8160          0.0000          0.0000     610277.5552        302.4945 1352000000.0000

INFO:        680          6.8000    1199879.3649     753395.7606     446483.6043          9.3486     148275.5973      -3783.3333          0.0000          0.0000     608903.4967        302.7957 1352000000.0000

INFO:        700          7.0000    1198816.8931     752414.2110     446402.6821          9.3607     148527.9255      -3711.6298          0.0000          0.0000     607597.9153        302.6877 1352000000.0000

INFO:        720          7.2000    1196679.6213     750757.5676     445922.0537          9.3452     147921.4769      -3510.4519          0.0000          0.0000     606346.5426        302.5477 1352000000.0000

INFO:        740          7.4000    1195504.5030     749766.4173     445738.0857          9.3473     148275.2446      -3613.5867          0.0000          0.0000     605104.7593        302.3540 1352000000.0000

INFO:        760          7.6000    1193700.3439     748799.2590     444901.0849          9.3544     148402.4944      -3523.7761          0.0000          0.0000     603920.5406        301.8322 1352000000.0000

INFO:        780          7.8000    1192259.8005     747286.3685     444973.4320          9.3344     147850.0014      -3324.1308          0.0000          0.0000     602760.4979        301.7336 1352000000.0000

INFO:        800          8.0000    1191327.1899     746506.7562     444820.4337          9.3392     148026.4390      -3131.9379          0.0000          0.0000     601612.2551        301.7246 1352000000.0000

INFO:        820          8.2000    1189757.6655     745459.2923     444298.3732          9.3512     148043.0214      -3078.0044          0.0000          0.0000     600494.2752        301.4601 1352000000.0000

INFO:        840          8.4000    1189691.7589     744713.1124     444978.6465          9.3652     148476.2100      -3169.7887          0.0000          0.0000     599406.6911        301.8833 1352000000.0000

INFO:        860          8.6000    1188120.8956     743736.3570     444384.5385          9.3546     148473.9440      -3061.0977          0.0000          0.0000     598323.5107        301.4513 1352000000.0000

INFO:        880          8.8000    1187458.3335     742247.1590     445211.1745          9.3474     148107.8677      -3133.6086          0.0000          0.0000     597272.9000        301.8904 1352000000.0000

INFO:        900          9.0000    1185805.8768     740906.3068     444899.5699          9.3421     147989.3132      -3329.3331          0.0000          0.0000     596246.3268        301.8164 1352000000.0000

INFO:        920          9.2000    1185093.7931     740588.2916     444505.5015          9.3530     148496.0764      -3167.3606          0.0000          0.0000     595259.5758        301.7532 1352000000.0000

INFO:        940          9.4000    1184277.3424     739141.0966     445136.2458          9.3356     147998.8505      -3161.7876          0.0000          0.0000     594304.0337        301.8835 1352000000.0000

INFO:        960          9.6000    1182688.1190     738763.9046     443924.2144          9.3533     148399.0935      -3014.6869          0.0000          0.0000     593379.4979        301.1986 1352000000.0000

INFO:        980          9.8000    1181794.2349     737641.3473     444152.8876          9.3452     147962.7803      -2788.7656          0.0000          0.0000     592467.3325        301.1680 1352000000.0000

INFO:       1000         10.0000    1181216.8288     736981.1303     444235.6984          9.3514     148151.9106      -2718.6865          0.0000          0.0000     591547.9062        301.3069 1352000000.0000

INFO:       1020         10.2000    1180484.6759     736172.5779     444312.0980          9.3527     148180.3092      -2646.1480          0.0000          0.0000     590638.4166        301.4506 1352000000.0000

INFO:       1040         10.4000    1180011.3341     735213.0715     444798.2625          9.3486     148065.2565      -2627.2907          0.0000          0.0000     589775.1057        301.6602 1352000000.0000

INFO:       1060         10.6000    1178588.5785     734366.8328     444221.7458          9.3515     148213.7008      -2740.5432          0.0000          0.0000     588893.6751        301.2592 1352000000.0000

INFO:       1080         10.8000    1177352.2868     733429.3560     443922.9308          9.3492     148148.3582      -2754.0364          0.0000          0.0000     588035.0343        301.2817 1352000000.0000

INFO:       1100         11.0000    1176619.2743     732523.2001     444096.0742          9.3437     147902.6558      -2568.6436          0.0000          0.0000     587189.1879        301.2529 1352000000.0000

INFO:       1120         11.2000    1176045.6992     731739.0295     444306.6697          9.3433     147936.6126      -2547.4666          0.0000          0.0000     586349.8835        301.2663 1352000000.0000

INFO:       1140         11.4000    1174796.8262     731005.0635     443791.7627          9.3463     148035.1863      -2560.7973          0.0000          0.0000     585530.6744        301.0079 1352000000.0000

INFO:       1160         11.6000    1174044.6602     730167.8871     443876.7731          9.3495     148126.5474      -2680.3548          0.0000          0.0000     584721.6945        301.0514 1352000000.0000

INFO:       1180         11.8000    1173418.6852     729542.4251     443876.2601          9.3572     148327.7168      -2707.2656          0.0000          0.0000     583921.9739        301.0715 1352000000.0000

INFO:       1200         12.0000    1172364.5646     728784.2907     443580.2740          9.3493     148216.0952      -2596.7217          0.0000          0.0000     583164.9171        300.9130 1352000000.0000

INFO:       1220         12.2000    1172065.4076     728072.8209     443992.5867          9.3469     148216.1454      -2566.3686          0.0000          0.0000     582423.0441        301.3726 1352000000.0000

INFO:       1240         12.4000    1172110.4373     727867.7321     444242.7052          9.3543     148638.8196      -2431.3512          0.0000          0.0000     581660.2636        301.3625 1352000000.0000

INFO:       1260         12.6000    1170988.2158     726778.2623     444209.9535          9.3531     148159.3397      -2314.4654          0.0000          0.0000     580933.3880        301.3682 1352000000.0000

INFO:       1280         12.8000    1169851.2137     725568.2504     444282.9633          9.3379     147810.9426      -2412.6263          0.0000          0.0000     580169.9341        301.4024 1352000000.0000

INFO:       1300         13.0000    1168957.9473     725209.4264     443748.5209          9.3532     148326.0989      -2553.9118          0.0000          0.0000     579437.2393        301.0363 1352000000.0000

INFO:       1320         13.2000    1168222.0348     724207.7755     444014.2593          9.3498     148007.3570      -2519.6086          0.0000          0.0000     578720.0271        301.1974 1352000000.0000

INFO:       1340         13.4000    1167428.5142     724062.9585     443365.5556          9.3570     148322.1090      -2288.9725          0.0000          0.0000     578029.8220        300.7870 1352000000.0000

INFO:       1360         13.6000    1166242.8591     723249.3927     442993.4664          9.3483     148060.1863      -2150.9653          0.0000          0.0000     577340.1718        300.5317 1352000000.0000

INFO:       1380         13.8000    1166005.8059     722364.1885     443641.6174          9.3460     147790.2903      -2071.7479          0.0000          0.0000     576645.6461        301.0759 1352000000.0000

INFO:       1400         14.0000    1166322.4421     722089.3781     444233.0640          9.3588     148403.9023      -2257.1627          0.0000          0.0000     575942.6385        301.3256 1352000000.0000

INFO:       1420         14.2000    1165037.2322     721087.6707     443949.5615          9.3507     148361.9175      -2519.2892          0.0000          0.0000     575245.0424        301.0416 1352000000.0000

INFO:       1440         14.4000    1164455.9374     720333.5017     444122.4357          9.3527     148285.8929      -2545.7349          0.0000          0.0000     574593.3437        301.2645 1352000000.0000

INFO:       1460         14.6000    1164139.8244     720200.6185     443939.2059          9.3650     148697.2273      -2457.7710          0.0000          0.0000     573961.1622        301.2181 1352000000.0000

INFO:       1480         14.8000    1163099.6003     719905.1999     443194.4004          9.3679     148811.7637      -2258.1087          0.0000          0.0000     573351.5449        300.7273 1352000000.0000

INFO:       1500         15.0000    1161903.1935     719086.7424     442816.4511          9.3584     148511.4970      -2192.9948          0.0000          0.0000     572768.2402        300.5539 1352000000.0000

INFO:       1520         15.2000    1162976.9921     718566.6986     444410.2935          9.3629     148683.3767      -2302.1587          0.0000          0.0000     572185.4805        301.4397 1352000000.0000

INFO:       1540         15.4000    1162498.0154     718110.5701     444387.4452          9.3606     148617.0810      -2093.0220          0.0000          0.0000     571586.5111        301.6198 1352000000.0000

INFO:       1560         15.6000    1162115.0892     717560.1260     444554.9632          9.3657     148658.5317      -2093.7474          0.0000          0.0000     570995.3417        301.6095 1352000000.0000

INFO:       1580         15.8000    1161373.8074     716861.8437     444511.9637          9.3567     148473.3059      -2047.3841          0.0000          0.0000     570435.9219        301.4988 1352000000.0000

INFO:       1600         16.0000    1160808.7020     716594.1033     444214.5987          9.3635     148728.2533      -1996.6464          0.0000          0.0000     569862.4965        301.3668 1352000000.0000

INFO:       1620         16.2000    1159688.0568     715841.4888     443846.5680          9.3562     148600.9713      -2039.1157          0.0000          0.0000     569279.6331        301.1292 1352000000.0000

INFO:       1640         16.4000    1159548.7204     715115.3881     444433.3324          9.3623     148434.5467      -2043.9604          0.0000          0.0000     568724.8017        301.3682 1352000000.0000

INFO:       1660         16.6000    1158942.7231     715139.3432     443803.3799          9.3660     148840.4755      -1876.8103          0.0000          0.0000     568175.6780        301.1170 1352000000.0000

INFO:       1680         16.8000    1157634.2745     714185.7209     443448.5536          9.3524     148360.8505      -1818.7495          0.0000          0.0000     567643.6199        300.7957 1352000000.0000

INFO:       1700         17.0000    1157180.6939     713213.7121     443966.9818          9.3407     148082.0632      -1979.6206          0.0000          0.0000     567111.2696        301.1428 1352000000.0000

INFO:       1720         17.2000    1156544.2539     712952.8690     443591.3849          9.3603     148368.0489      -2000.6681          0.0000          0.0000     566585.4883        300.9331 1352000000.0000

INFO:       1740         17.4000    1156210.2928     712473.3280     443736.9648          9.3527     148159.6503      -1742.3530          0.0000          0.0000     566056.0308        300.9828 1352000000.0000

INFO:       1760         17.6000    1155666.6656     712136.0497     443530.6158          9.3555     148443.5241      -1817.1364          0.0000          0.0000     565509.6620        300.8593 1352000000.0000

INFO:       1780         17.8000    1155479.3080     711343.3194     444135.9887          9.3472     148185.1645      -1806.1530          0.0000          0.0000     564964.3079        301.2736 1352000000.0000

INFO:       1800         18.0000    1155032.5957     710777.4337     444255.1619          9.3537     148129.4878      -1790.8854          0.0000          0.0000     564438.8314        301.3343 1352000000.0000

INFO:       1820         18.2000    1153761.0399     710206.6520     443554.3879          9.3488     148152.8064      -1829.0399          0.0000          0.0000     563882.8855        300.9208 1352000000.0000

INFO:       1840         18.4000    1153357.6573     710098.7312     443258.9261          9.3592     148472.5822      -1744.2023          0.0000          0.0000     563370.3513        300.6796 1352000000.0000

INFO:       1860         18.6000    1152813.5174     709104.1817     443709.3357          9.3394     147896.1694      -1677.0869          0.0000          0.0000     562885.0991        300.9747 1352000000.0000

INFO:       1880         18.8000    1152452.6678     709020.2383     443432.4295          9.3581     148528.7896      -1883.1107          0.0000          0.0000     562374.5593        300.8303 1352000000.0000

INFO:       1900         19.0000    1152024.9591     708819.3719     443205.5872          9.3673     148754.5503      -1811.5546          0.0000          0.0000     561876.3762        300.7006 1352000000.0000

INFO:       1920         19.2000    1151436.3526     707713.0217     443723.3309          9.3448     148242.6642      -1894.6843          0.0000          0.0000     561365.0418        300.8778 1352000000.0000

INFO:       1940         19.4000    1150797.2230     707324.6616     443472.5613          9.3537     148286.9960      -1841.3819          0.0000          0.0000     560879.0475        300.7252 1352000000.0000

INFO:       1960         19.6000    1150133.2842     707412.8012     442720.4830          9.3576     148619.3348      -1617.9512          0.0000          0.0000     560411.4176        300.3718 1352000000.0000

INFO:       1980         19.8000    1150737.5611     706937.3282     443800.2329          9.3459     148453.4682      -1464.2950          0.0000          0.0000     559948.1550        301.0564 1352000000.0000

INFO:       2000         20.0000    1149797.7471     706152.4776     443645.2694          9.3470     148321.0854      -1635.8919          0.0000          0.0000     559467.2841        301.0169 1352000000.0000

 
[STEP6] Deallocate Arrays
 
Output_Time> Averaged timer profile (Min, Max)
  total time      =      22.057
    setup         =       2.890
    dynamics      =      19.166
      energy      =      16.588
      integrator  =       2.112
      migration   =       0.092
      pairlist    =       0.244 (       0.141,       0.388)
  energy           
    bond          =       0.134 (       0.072,       0.214)
    angle         =       0.012 (       0.011,       0.019)
    dihedral      =       0.011 (       0.010,       0.018)
    base stacking =       0.000 (       0.000,       0.000)
    nonbond       =       8.986 (       4.580,      15.412)
      CG exv      =       0.019 (       0.011,       0.036)
      CG DNA bp   =       0.000 (       0.000,       0.000)
      CG DNA exv  =       0.000 (       0.000,       0.000)
      CG ele      =       7.268 (       3.713,      12.571)
      CG PWMcos   =       0.000 (       0.000,       0.000)
      CG PWMcosns =       0.000 (       0.000,       0.000)
      CG IDR-HPS  =       1.695 (       0.851,       2.958)
      CG IDR-KH   =       0.000 (       0.000,       0.000)
      CG KH       =       0.000 (       0.000,       0.000)
      Contact     =       0.004 (       0.003,       0.006)
      pme real    =       0.000 (       0.000,       0.000)
      pme recip   =       0.000 (       0.000,       0.000)
    solvation     =       0.000 (       0.000,       0.000)
      polar       =       0.000 (       0.000,       0.000)
      non-polar   =       0.000 (       0.000,       0.000)
    restraint     =       0.000 (       0.000,       0.000)
    qmmm          =       0.000 (       0.000,       0.000)
    morph         =       0.000 (       0.000,       0.000)
  integrator       
    constraint    =       0.000 (       0.000,       0.000)
    update        =       0.000 (       0.000,       0.000)
    comm_coord    =       0.802 (       0.290,       1.352)
    comm_force    =       0.348 (       0.286,       0.403)
  migration       =       0.092 (       0.092,       0.093)
    comm_migrate  =       0.012 (       0.008,       0.015)
    ptl_migrate   =       0.005 (       0.003,       0.007)
    bond_migrate  =       0.001 (       0.001,       0.001)
    angl_migrate  =       0.001 (       0.000,       0.001)
    dihe_migrate  =       0.000 (       0.000,       0.001)
    contact_migr  =       0.000 (       0.000,       0.000)
    stack_migrate =       0.000 (       0.000,       0.000)
    pwmcos_migrate =       0.000 (       0.000,       0.000)
    pwmcosns_migr  =       0.000 (       0.000,       0.000)
    nonb_update    =       0.056 (       0.030,       0.091)

