****************************************************
*                                                  *
*                  GENESIS CGDYN                   *
*                                                  *
*        A Molecular Dynamics Simulator with       *
*           Spatial Decomposition Scheme           *
*                                                  *
*               Developed by RIKEN                 *
*                                                  *
****************************************************
 
[STEP0] Architecture and Compiler Information
 
GENESIS_Information> GENESIS Information
  version      = 2.0.0
  commit ID    = $GENESIS_VERSION$
  precision    = mixed 
  nonbonding   = CPU

Build_Information> Compiler Information
  build host   = jjwsmj@hokusai2
  fortran      = ifort (IFORT) 2021.7.1 20221019
  option       = 
  -axCORE-AVX512 -g -O3  -qmkl=parallel  -assume byterecl -qopenmp  
  C            = 
 icc: remark #10441: The Intel(R) C++ Compiler Classic (ICC) is deprecated and w
 ill be removed from product release in the second half of 2023. The Intel(R) on
 eAPI DPC++/C++ Compiler (ICX) is the recommended compiler moving forward. Pleas
 e transition to use this compiler. Use '-diag-disable=10441' to disable this me
 ssage.
  option       = -O3 -ip -axCORE-AVX2  -qopenmp 
  defined var. = 
  -DHAVE_MPI_GENESIS -DOMP -DIFORT19 -DFFTE -DLAPACK -DDSFMT_MEXP=19937 -DINTEL
  link option  = 
  -assume byterecl -lgfortran -qopenmp  -lmkl_intel_lp64 -lmkl_sequential -lmkl_
 core -lmkl_lapack95_lp64   
  MPI Compiler = Intel(R) MPI

Runtime_Information> Machine and Library Information
  date       = 2023/05/12 15:19:09
  cpu model    = Intel(R) Xeon(R) Gold 6148 CPU @ 2.40GHz
  exec. host   = jjwsmj@bwmpc0284
  LD library   = 
 /bwfefs/opt/x86_64/intel/oneapi/2022.3/mpi/2021.7.1/libfabric/lib:/bwfefs/opt/x
 86_64/intel/oneapi/2022.3/mpi/2021.7.1/lib/release:/bwfefs/opt/x86_64/intel/one
 api/2022.3/mpi/2021.7.1/lib:/bwfefs/opt/x86_64/intel/oneapi/2022.3/tbb/2021.7.1
 /lib/intel64/gcc4.8:/usr/lib64:/bwfefs/opt/x86_64/intel/oneapi/2022.3/vpl/2022.
 2.5/lib:/bwfefs/opt/x86_64/intel/oneapi/2022.3/mkl/latest/lib/intel64:/bwfefs/o
 pt/x86_64/intel/oneapi/2022.3/itac/2021.7.1/slib:/bwfefs/opt/x86_64/intel/oneap
 i/2022.3/ippcp/2021.6.2/lib/intel64:/bwfefs/opt/x86_64/intel/oneapi/2022.3/ipp/
 2021.6.2/lib/intel64:/bwfefs/opt/x86_64/intel/oneapi/2022.3/dnnl/2022.2.1/cpu_d
 pcpp_gpu_dpcpp/lib:/bwfefs/opt/x86_64/intel/oneapi/2022.3/dal/2021.7.1/lib/inte
 l64:/bwfefs/opt/x86_64/intel/oneapi/2022.3/compiler/2022.2.1/linux/compiler/lib
 :/bwfefs/opt/x86_64/intel/oneapi/2022.3/compiler/2022.2.1/linux/lib/oclfpga/hos
 t/linux64/lib:/bwfefs/opt/x86_64/intel/oneapi/2022.3/compiler/2022.2.1/linux/li
 b/oclfpga/linux64/lib:/bwfefs/opt/x86_64/intel/oneapi/2022.3/compiler/2022.2.1/
 linux/lib:/bwfefs/opt/x86_64/intel/oneapi/2022.3/compiler/2022.2.1/linux/lib/x6
 4:/bwfefs/opt/x86_64/intel/oneapi/2022.3/compiler/2022.2.1/linux/lib/emu:/bwfef
 s/opt/x86_64/intel/oneapi/2022.3/compiler/2022.2.1/linux/compiler/lib/intel64_l
 in:/bwfefs/opt/x86_64/intel/oneapi/2022.3/debugger/2021.7.1/dep/lib:/bwfefs/opt
 /x86_64/intel/oneapi/2022.3/debugger/2021.7.1/libipt/intel64/lib:/bwfefs/opt/x8
 6_64/intel/oneapi/2022.3/debugger/2021.7.1/gdb/intel64/lib:/bwfefs/opt/x86_64/
 MPI Runtime = Intel(R) MPI Library 2021.7 for Linux* OS


[STEP1] Read Control Parameters
 
Read_Ctrl_Input> Input Files
  grotopfile = pro.top
  grocrdfile = crd/pos_5000.gro
 
Read_Ctrl_Output> Output Files
 
Read_Ctrl_Energy> Parameters of Energy Calculations
  forcefield      =    RESIDCG
  output_style    =    GENESIS
 
Read_Ctrl_Dynamics> Parameters of MD simulation
  integrator      =       VVER  nsteps          =       2000
  timestep        =     0.0100  initial_time    =     0.0000
  eneout_period   =         20  rstout_period   =          0
  crdout_period   =          0  velout_period   =          0
  nbupdate_period =         20  stoptr_period   =         10
  lbupdate_period =          0
  iseed           =         -1
  annealing       =         no
  verbose         =         no
  target_md       =         no
  steered_md      =         no
 
Read_Ctrl_Ensemble> Parameters for Ensemble
  ensemble        =        NVT
  temperature     =    300.000
  tpcontrol       =   LANGEVIN
  gamma_t         =      1.000
 
Read_Ctrl_Boundary> Parameters of Boundary Condition
  type            =       PBC 
  box_size(x,y,z) =   3200.000   650.000   650.000
  min_domain_cell =          2
 
Read_Ctrl_Selection> Parameters of Selection
  # of groups     =          0
  # of mole names =          0
 
Read_Ctrl_Restraints> No restraint in the system

Read_Ctrl_Fitting_MD> Parameters of Fitting
  fitting method  =  TR+ROT   
  fitting atom    = group1
  mass_weight     =         no
 
[STEP2] Setup MPI
 
Setup_Mpi_Md> Summary of Setup MPI
  number of MPI processes   =        128
  number of OpenMP threads  =          5
  total number of CPU cores =        640

[STEP3] Set Relevant Variables and Structures
 
Read_Grotop> Summary of Grotopfile
  num_moltypes    =          1
    pos100_cg             :
      num_atoms   =        100
      num_bonds   =         99
      num_angls   =          0
      num_dihes   =          0
      num_cmaps   =          0
      num_excls   =          0
      num_constrs =          0
      num_pairs   =          0
      num_vsites2 =          0
      num_vsites3 =          0
      num_vsites4 =          0
      num_vsitesn =          0
      num_posress =          0
      num_PWMcos  =          0
      num_PWMcosns=          0
      num_IDR_HPS =          1
      num_IDR_KH  =          0
    .. not used molecule types were hidden.

  num_molecules   =       5000
    pos100_cg             :  5000

  num_atomtypes   =         33  num_bondtypes   =          0
  num_angltypes   =          0  num_dihetypes   =          0
  num_flangltypes           20
  num_fldihetypes          400
  num_constrtypes =          0  num_cmaptypes   =          0
  num_nbonparms   =          0
  num_basestacktypes  =     16
  num_basepairtypes   =      4
  num_basecrosstypes  =     32
  num_cgdnaexvtypes   =      6
  num_cgelemolpairs   =      1
  num_cg_IDR_HPS_atomtypes  =     20
  num_cg_KH_atomtypes  =    20

  num_cg_pair_MJ_eps   =   400

Define_Molecule> Summary of molecules
  num_atoms       =     500000  num_bonds       =     495000
  num_angles      =          0  num_dihedrals   =          0
  num_impropers   =          0  num_cmap_terms  =          0
  num_residues    =     500000  num_molecules   =       5000
  num_segments    =          1  num_deg_freedom =    1500000
  total_charge    = 500000.000
 
Setup_Boundary_Cell> Set Variables for Boundary Condition
  domains (x,y,z) =         16         4         2
  ncells (x,y,z)  =        112        22        22
 
Define_Enefunc_Gromacs> Number of Interactions in Each Term
  bond_ene        =     495000  angle_ene       =          0
  torsion_ene     =          0
 restraint_groups =          0 restraint_funcs  =          0
 
Setup_Dynamics> Subtract 3 translational degrees of freedom
 
Update_Num_Deg_Freedom> Number of degrees of freedom was updated
  num_deg_freedom =    1499997 (After removing translation)
 
Random_Init> Initialize the random number
  seed            = 95405

Setup_Fitting_cgdyn> NO fitting is applied, skip
  fitting method  =  NO
 
[STEP4] Compute Single Point Energy for Molecules
 
            STEP          ENERGY            BOND  NATIVE_CONTACT NON-NATIVE_CONT           ELECT         IDR_HPS          CG_EXV
 --------------- --------------- --------------- --------------- ---------------
               0     853903.1899     170691.3764          0.0000          0.0000     681472.2486       1739.5649          0.0000

[STEP5] Perform Molecular Dynamics Simulation
 
Initial_Velocity> Generate initial velocities
  iseed           =      95405
  temperature     =    300.000
 
Random_Init_Velocity> Initialize the random number
  seed            = 95405

INFO:       STEP            TIME       TOTAL_ENE   POTENTIAL_ENE     KINETIC_ENE            RMSG            BOND         IDR_HPS  NATIVE_CONTACT          CG_EXV           ELECT     TEMPERATURE          VOLUME
 --------------- --------------- --------------- --------------- ---------------
INFO:          0          0.0000    1299990.4861     853903.1899     446087.2962         10.1780     170691.3764       1739.5649          0.0000          0.0000     681472.2486          0.0000 1352000000.0000

INFO:         20          0.2000    1294899.4222     841898.9160     453000.5062          9.8412     160530.6785        683.3905          0.0000          0.0000     680684.8470        307.2453 1352000000.0000

INFO:         40          0.4000    1289848.3662     835357.2649     454491.1012          9.7122     157681.0580      -1129.8499          0.0000          0.0000     678806.0569        308.3903 1352000000.0000

INFO:         60          0.6000    1284649.6181     829447.8228     455201.7953          9.6353     155717.7984      -2563.2084          0.0000          0.0000     676293.2328        308.8972 1352000000.0000

INFO:         80          0.8000    1279478.8649     823511.1440     455967.7209          9.5731     153778.7058      -3674.1898          0.0000          0.0000     673406.6280        309.2604 1352000000.0000

INFO:        100          1.0000    1274657.5508     818728.7253     455928.8255          9.5306     152710.4384      -4357.2295          0.0000          0.0000     670375.5165        309.2343 1352000000.0000

INFO:        120          1.2000    1269769.6046     814638.0757     455131.5289          9.5020     152038.3903      -4710.9821          0.0000          0.0000     667310.6675        308.6107 1352000000.0000

INFO:        140          1.4000    1264275.9492     809953.0208     454322.9284          9.4584     150707.7435      -5006.5424          0.0000          0.0000     664251.8197        308.0090 1352000000.0000

INFO:        160          1.6000    1260810.8272     806680.7808     454130.0464          9.4449     150531.8887      -5078.5500          0.0000          0.0000     661227.4421        307.8705 1352000000.0000

INFO:        180          1.8000    1256490.7455     803286.6807     453204.0648          9.4318     150092.9300      -5064.7270          0.0000          0.0000     658258.4776        307.3293 1352000000.0000

INFO:        200          2.0000    1252182.8009     800205.4755     451977.3254          9.4200     149911.0729      -5077.0866          0.0000          0.0000     655371.4893        306.4815 1352000000.0000

INFO:        220          2.2000    1248259.9193     797160.8363     451099.0830          9.4049     149703.1071      -5122.2143          0.0000          0.0000     652579.9435        305.9221 1352000000.0000

INFO:        240          2.4000    1244195.9815     793671.5077     450524.4738          9.3839     148890.3494      -5103.0153          0.0000          0.0000     649884.1737        305.4504 1352000000.0000

INFO:        260          2.6000    1241798.7650     791521.6640     450277.1010          9.3885     149135.7116      -4879.9858          0.0000          0.0000     647265.9382        305.3433 1352000000.0000

INFO:        280          2.8000    1238429.1067     788658.0350     449771.0717          9.3788     148807.7798      -4885.5473          0.0000          0.0000     644735.8026        305.0807 1352000000.0000

INFO:        300          3.0000    1235221.3620     786399.1261     448822.2359          9.3806     148864.3723      -4790.6589          0.0000          0.0000     642325.4127        304.4829 1352000000.0000

INFO:        320          3.2000    1232792.4453     783961.4335     448831.0118          9.3709     148642.1672      -4674.7475          0.0000          0.0000     639994.0139        304.4091 1352000000.0000

INFO:        340          3.4000    1230058.3031     781606.0238     448452.2793          9.3612     148403.8013      -4564.5359          0.0000          0.0000     637766.7584        304.2556 1352000000.0000

INFO:        360          3.6000    1227928.2412     779878.9853     448049.2559          9.3706     148816.1325      -4544.4985          0.0000          0.0000     635607.3513        303.8098 1352000000.0000

INFO:        380          3.8000    1224220.0064     777572.3273     446647.6791          9.3516     148369.9640      -4343.1532          0.0000          0.0000     633545.5165        302.8576 1352000000.0000

INFO:        400          4.0000    1222379.2008     775295.7784     447083.4224          9.3439     148016.8963      -4260.8656          0.0000          0.0000     631539.7478        303.2797 1352000000.0000

INFO:        420          4.2000    1220168.4380     773244.3902     446924.0478          9.3422     148036.1134      -4367.1622          0.0000          0.0000     629575.4390        303.0631 1352000000.0000

INFO:        440          4.4000    1218453.0642     771971.0210     446482.0432          9.3574     148466.9203      -4212.3744          0.0000          0.0000     627716.4750        302.8710 1352000000.0000

INFO:        460          4.6000    1216927.4001     770135.9207     446791.4795          9.3459     148261.0886      -4043.7475          0.0000          0.0000     625918.5796        303.0343 1352000000.0000

INFO:        480          4.8000    1215846.1719     768543.5266     447302.6454          9.3498     148253.0373      -3895.2751          0.0000          0.0000     624185.7644        303.2741 1352000000.0000

INFO:        500          5.0000    1213323.8383     766975.1583     446348.6800          9.3512     148327.8631      -3846.2843          0.0000          0.0000     622493.5795        302.9020 1352000000.0000

INFO:        520          5.2000    1211085.7444     765287.8906     445797.8537          9.3509     148325.0549      -3874.4289          0.0000          0.0000     620837.2646        302.4480 1352000000.0000

INFO:        540          5.4000    1208885.0431     763609.8286     445275.2145          9.3457     148216.0323      -3831.6272          0.0000          0.0000     619225.4235        302.0954 1352000000.0000

INFO:        560          5.6000    1206695.7323     761868.6904     444827.0418          9.3455     148192.1744      -3987.0009          0.0000          0.0000     617663.5168        301.6340 1352000000.0000

INFO:        580          5.8000    1205786.2987     760157.7370     445628.5617          9.3367     147877.2411      -3862.6328          0.0000          0.0000     616143.1286        302.1877 1352000000.0000

INFO:        600          6.0000    1204210.4531     758904.0604     445306.3928          9.3414     147969.2115      -3728.6413          0.0000          0.0000     614663.4902        302.1125 1352000000.0000

INFO:        620          6.2000    1202971.1295     757786.0391     445185.0904          9.3520     148368.2641      -3760.2379          0.0000          0.0000     613178.0129        301.9809 1352000000.0000

INFO:        640          6.4000    1200805.3736     755875.0236     444930.3500          9.3385     148018.0408      -3860.8630          0.0000          0.0000     611717.8458        301.7341 1352000000.0000

INFO:        660          6.6000    1200218.2727     754919.0795     445299.1932          9.3500     148268.5380      -3657.5178          0.0000          0.0000     610308.0593        302.0904 1352000000.0000

INFO:        680          6.8000    1199064.6317     753394.8466     445669.7851          9.3423     148094.1869      -3637.3125          0.0000          0.0000     608937.9722        302.2517 1352000000.0000

INFO:        700          7.0000    1198144.3481     751955.6307     446188.7174          9.3423     148030.8644      -3682.2520          0.0000          0.0000     607607.0183        302.6055 1352000000.0000

INFO:        720          7.2000    1196233.6639     750925.6663     445307.9976          9.3535     148202.2129      -3590.8846          0.0000          0.0000     606314.3381        301.9860 1352000000.0000

INFO:        740          7.4000    1194562.7417     749862.3214     444700.4203          9.3545     148226.6435      -3432.6660          0.0000          0.0000     605068.3439        301.6746 1352000000.0000

INFO:        760          7.6000    1193778.4328     748985.2738     444793.1591          9.3604     148541.4793      -3437.3952          0.0000          0.0000     603881.1897        301.6255 1352000000.0000

INFO:        780          7.8000    1193292.6155     747745.4238     445547.1917          9.3565     148479.1810      -3451.3715          0.0000          0.0000     602717.6143        302.2713 1352000000.0000

INFO:        800          8.0000    1191892.0349     746591.6230     445300.4119          9.3518     148268.0666      -3285.2453          0.0000          0.0000     601608.8017        302.0626 1352000000.0000

INFO:        820          8.2000    1191161.7131     745425.4867     445736.2264          9.3528     148189.8960      -3277.7556          0.0000          0.0000     600513.3463        302.2575 1352000000.0000

INFO:        840          8.4000    1189669.1454     744051.5285     445617.6169          9.3341     147765.5182      -3145.8793          0.0000          0.0000     599431.8896        302.1772 1352000000.0000

INFO:        860          8.6000    1188442.5124     743271.1188     445171.3937          9.3506     147872.7424      -2973.4577          0.0000          0.0000     598371.8341        302.1111 1352000000.0000

INFO:        880          8.8000    1188407.1449     742863.1513     445543.9936          9.3629     148536.1659      -2985.7270          0.0000          0.0000     597312.7125        302.2316 1352000000.0000

INFO:        900          9.0000    1187136.3021     741518.5454     445617.7567          9.3530     148209.6199      -2961.7083          0.0000          0.0000     596270.6339        302.2123 1352000000.0000

INFO:        920          9.2000    1185291.0764     740434.5497     444856.5267          9.3509     148254.6720      -3074.2977          0.0000          0.0000     595254.1754        301.6162 1352000000.0000

INFO:        940          9.4000    1183701.8359     739033.9262     444667.9097          9.3366     147872.8087      -3077.8781          0.0000          0.0000     594238.9957        301.7080 1352000000.0000

INFO:        960          9.6000    1183643.6411     738921.0388     444722.6022          9.3602     148713.3247      -3015.4955          0.0000          0.0000     593223.2097        301.7445 1352000000.0000

INFO:        980          9.8000    1182896.0427     737164.7728     445731.2699          9.3402     148041.8885      -3109.5146          0.0000          0.0000     592232.3989        302.1369 1352000000.0000

INFO:       1000         10.0000    1181487.9228     736328.6263     445159.2965          9.3429     148080.7355      -3021.2022          0.0000          0.0000     591269.0930        301.9547 1352000000.0000

INFO:       1020         10.2000    1180107.4913     735509.4915     444597.9998          9.3392     147988.0804      -2829.0994          0.0000          0.0000     590350.5104        301.6531 1352000000.0000

INFO:       1040         10.4000    1178647.6979     734680.8674     443966.8305          9.3508     148153.4925      -2919.8063          0.0000          0.0000     589447.1812        301.2160 1352000000.0000

INFO:       1060         10.6000    1177490.3628     733996.6311     443493.7317          9.3581     148399.3207      -2952.0754          0.0000          0.0000     588549.3858        300.7342 1352000000.0000

INFO:       1080         10.8000    1176956.3817     732897.5670     444058.8147          9.3420     148103.2883      -2863.6744          0.0000          0.0000     587657.9531        301.1414 1352000000.0000

INFO:       1100         11.0000    1175590.0901     731514.8821     444075.2080          9.3307     147562.2427      -2844.7209          0.0000          0.0000     586797.3602        301.2734 1352000000.0000

INFO:       1120         11.2000    1175073.8467     731050.8479     444022.9988          9.3322     147868.9519      -2778.6051          0.0000          0.0000     585960.5010        301.1628 1352000000.0000

INFO:       1140         11.4000    1175218.4490     730491.4478     444727.0012          9.3380     148093.5547      -2750.8268          0.0000          0.0000     585148.7199        301.5075 1352000000.0000

INFO:       1160         11.6000    1173914.9687     729474.8300     444440.1388          9.3313     147695.6961      -2563.7815          0.0000          0.0000     584342.9153        301.5715 1352000000.0000

INFO:       1180         11.8000    1173670.7714     729368.7290     444302.0424          9.3481     148252.2191      -2409.7792          0.0000          0.0000     583526.2891        301.3658 1352000000.0000

INFO:       1200         12.0000    1173175.4420     728622.2395     444553.2025          9.3492     148254.2018      -2346.1874          0.0000          0.0000     582714.2252        301.5872 1352000000.0000

INFO:       1220         12.2000    1171785.0301     727228.7391     444556.2910          9.3380     147807.8088      -2471.5916          0.0000          0.0000     581892.5218        301.5448 1352000000.0000

INFO:       1240         12.4000    1171267.5648     726319.3313     444948.2335          9.3344     147887.0193      -2665.8315          0.0000          0.0000     581098.1434        301.8146 1352000000.0000

INFO:       1260         12.6000    1170980.5382     725740.8602     445239.6780          9.3411     148052.3979      -2676.6378          0.0000          0.0000     580365.1000        301.8947 1352000000.0000

INFO:       1280         12.8000    1170639.9157     725862.4966     444777.4191          9.3545     148649.3884      -2430.1506          0.0000          0.0000     579643.2588        301.6653 1352000000.0000

INFO:       1300         13.0000    1169509.7534     725038.1429     444471.6105          9.3549     148506.2403      -2387.3405          0.0000          0.0000     578919.2431        301.4224 1352000000.0000

INFO:       1320         13.2000    1169692.0735     724245.0928     445446.9808          9.3584     148658.2255      -2597.8168          0.0000          0.0000     578184.6840        302.0907 1352000000.0000

INFO:       1340         13.4000    1167707.5874     723091.0467     444616.5407          9.3458     148211.8326      -2598.7276          0.0000          0.0000     577477.9417        301.5417 1352000000.0000

INFO:       1360         13.6000    1166777.6509     723040.4786     443737.1723          9.3552     148558.4494      -2309.1171          0.0000          0.0000     576791.1463        300.9156 1352000000.0000

INFO:       1380         13.8000    1166160.9537     722122.2497     444038.7040          9.3492     148119.9872      -2099.9989          0.0000          0.0000     576102.2614        301.2860 1352000000.0000

INFO:       1400         14.0000    1165520.6234     721559.4422     443961.1811          9.3573     148297.7282      -2158.1332          0.0000          0.0000     575419.8472        301.2161 1352000000.0000

INFO:       1420         14.2000    1165273.0199     720937.0815     444335.9384          9.3417     148343.2456      -2144.2048          0.0000          0.0000     574738.0406        301.3554 1352000000.0000

INFO:       1440         14.4000    1164241.3283     720127.9227     444113.4057          9.3418     148216.8588      -2172.1804          0.0000          0.0000     574083.2442        301.2989 1352000000.0000

INFO:       1460         14.6000    1164009.0964     719581.4081     444427.6883          9.3481     148248.1631      -2118.8798          0.0000          0.0000     573452.1248        301.5116 1352000000.0000

INFO:       1480         14.8000    1163456.8230     719229.2174     444227.6056          9.3583     148412.1641      -2005.9246          0.0000          0.0000     572822.9778        301.3938 1352000000.0000

INFO:       1500         15.0000    1162673.6001     719142.4929     443531.1073          9.3702     148853.5835      -1889.9560          0.0000          0.0000     572178.8654        300.7669 1352000000.0000

INFO:       1520         15.2000    1161641.9410     717620.9935     444020.9475          9.3385     148042.2140      -1943.1721          0.0000          0.0000     571521.9517        301.0790 1352000000.0000

INFO:       1540         15.4000    1160305.5391     716553.9120     443751.6272          9.3396     147800.8325      -2090.1449          0.0000          0.0000     570843.2243        300.9607 1352000000.0000

INFO:       1560         15.6000    1159285.3659     716394.3500     442891.0159          9.3503     148234.6046      -2032.0343          0.0000          0.0000     570191.7797        300.4405 1352000000.0000

INFO:       1580         15.8000    1158815.3199     715317.1096     443498.2103          9.3370     147889.7945      -2152.2465          0.0000          0.0000     569579.5615        300.9318 1352000000.0000

INFO:       1600         16.0000    1158174.3396     714951.4358     443222.9038          9.3466     148180.6140      -2212.3608          0.0000          0.0000     568983.1826        300.5188 1352000000.0000

INFO:       1620         16.2000    1157133.5848     714108.7950     443024.7898          9.3331     147810.6156      -2098.9290          0.0000          0.0000     568397.1084        300.4674 1352000000.0000

INFO:       1640         16.4000    1156795.9921     713691.7358     443104.2563          9.3423     148012.0384      -2149.8776          0.0000          0.0000     567829.5750        300.6325 1352000000.0000

INFO:       1660         16.6000    1156065.2203     712765.3461     443299.8742          9.3361     147593.0628      -2092.4055          0.0000          0.0000     567264.6889        300.7191 1352000000.0000

INFO:       1680         16.8000    1155837.5850     712856.6412     442980.9439          9.3513     148170.6441      -2031.9385          0.0000          0.0000     566717.9356        300.4777 1352000000.0000

INFO:       1700         17.0000    1155409.6631     712098.1197     443311.5434          9.3413     147932.5517      -1998.6486          0.0000          0.0000     566164.2166        300.6859 1352000000.0000

INFO:       1720         17.2000    1155714.8905     711953.1313     443761.7592          9.3590     148423.3837      -2083.5966          0.0000          0.0000     565613.3442        301.0376 1352000000.0000

INFO:       1740         17.4000    1155093.4562     711582.4902     443510.9660          9.3533     148395.1363      -1877.4005          0.0000          0.0000     565064.7543        300.9062 1352000000.0000

INFO:       1760         17.6000    1155051.4718     711384.3482     443667.1236          9.3615     148666.8937      -1826.3908          0.0000          0.0000     564543.8453        300.8639 1352000000.0000

INFO:       1780         17.8000    1154208.8104     710886.9774     443321.8330          9.3649     148676.0544      -1812.1143          0.0000          0.0000     564023.0372        300.7238 1352000000.0000

INFO:       1800         18.0000    1153677.7340     710350.5201     443327.2139          9.3624     148739.6799      -1874.6609          0.0000          0.0000     563485.5011        300.8184 1352000000.0000

INFO:       1820         18.2000    1152946.9481     708957.9368     443989.0112          9.3414     148088.6282      -2099.6740          0.0000          0.0000     562968.9826        301.2632 1352000000.0000

INFO:       1840         18.4000    1152796.9018     709321.3706     443475.5312          9.3678     148904.2851      -2050.9050          0.0000          0.0000     562467.9905        300.8533 1352000000.0000

INFO:       1860         18.6000    1151826.1777     708128.8428     443697.3349          9.3424     147914.2798      -1796.2692          0.0000          0.0000     562010.8322        300.9432 1352000000.0000

INFO:       1880         18.8000    1151076.3962     708295.1458     442781.2503          9.3640     148636.3712      -1861.1828          0.0000          0.0000     561519.9574        300.3637 1352000000.0000

INFO:       1900         19.0000    1150407.9277     707817.0935     442590.8342          9.3659     148579.7302      -1787.2327          0.0000          0.0000     561024.5960        300.2466 1352000000.0000

INFO:       1920         19.2000    1150362.7323     707392.3632     442970.3690          9.3672     148715.9359      -1843.2021          0.0000          0.0000     560519.6294        300.4334 1352000000.0000

INFO:       1940         19.4000    1150012.2709     706269.7440     443742.5269          9.3475     148071.0121      -1832.5113          0.0000          0.0000     560031.2432        301.0379 1352000000.0000

INFO:       1960         19.6000    1149654.6336     706149.1250     443505.5086          9.3456     148239.7368      -1644.9249          0.0000          0.0000     559554.3131        300.8697 1352000000.0000

INFO:       1980         19.8000    1149690.7295     705862.8917     443827.8378          9.3581     148460.5609      -1663.4401          0.0000          0.0000     559065.7709        301.1925 1352000000.0000

INFO:       2000         20.0000    1149278.6681     704743.2639     444535.4042          9.3445     147985.7429      -1812.4779          0.0000          0.0000     558569.9988        301.4785 1352000000.0000

 
[STEP6] Deallocate Arrays
 
Output_Time> Averaged timer profile (Min, Max)
  total time      =      21.750
    setup         =       2.943
    dynamics      =      18.807
      energy      =      16.269
      integrator  =       2.102
      migration   =       0.087
      pairlist    =       0.236 (       0.142,       0.373)
  energy           
    bond          =       0.136 (       0.075,       0.225)
    angle         =       0.012 (       0.011,       0.017)
    dihedral      =       0.011 (       0.010,       0.016)
    base stacking =       0.000 (       0.000,       0.000)
    nonbond       =       9.046 (       4.660,      15.217)
      CG exv      =       0.019 (       0.011,       0.037)
      CG DNA bp   =       0.000 (       0.000,       0.000)
      CG DNA exv  =       0.000 (       0.000,       0.000)
      CG ele      =       7.324 (       3.780,      12.311)
      CG PWMcos   =       0.000 (       0.000,       0.000)
      CG PWMcosns =       0.000 (       0.000,       0.000)
      CG IDR-HPS  =       1.698 (       0.864,       2.876)
      CG IDR-KH   =       0.000 (       0.000,       0.000)
      CG KH       =       0.000 (       0.000,       0.000)
      Contact     =       0.004 (       0.003,       0.005)
      pme real    =       0.000 (       0.000,       0.000)
      pme recip   =       0.000 (       0.000,       0.000)
    solvation     =       0.000 (       0.000,       0.000)
      polar       =       0.000 (       0.000,       0.000)
      non-polar   =       0.000 (       0.000,       0.000)
    restraint     =       0.000 (       0.000,       0.000)
    qmmm          =       0.000 (       0.000,       0.000)
    morph         =       0.000 (       0.000,       0.000)
  integrator       
    constraint    =       0.000 (       0.000,       0.000)
    update        =       0.000 (       0.000,       0.000)
    comm_coord    =       0.792 (       0.292,       1.319)
    comm_force    =       0.351 (       0.291,       0.403)
  migration       =       0.087 (       0.087,       0.087)
    comm_migrate  =       0.011 (       0.008,       0.014)
    ptl_migrate   =       0.004 (       0.003,       0.007)
    bond_migrate  =       0.001 (       0.000,       0.001)
    angl_migrate  =       0.001 (       0.000,       0.001)
    dihe_migrate  =       0.000 (       0.000,       0.001)
    contact_migr  =       0.000 (       0.000,       0.000)
    stack_migrate =       0.000 (       0.000,       0.000)
    pwmcos_migrate =       0.000 (       0.000,       0.000)
    pwmcosns_migr  =       0.000 (       0.000,       0.000)
    nonb_update    =       0.054 (       0.028,       0.087)

