****************************************************
*                                                  *
*                  GENESIS CGDYN                   *
*                                                  *
*        A Molecular Dynamics Simulator with       *
*           Spatial Decomposition Scheme           *
*                                                  *
*               Developed by RIKEN                 *
*                                                  *
****************************************************
 
[STEP0] Architecture and Compiler Information
 
GENESIS_Information> GENESIS Information
  version      = 2.0.0
  commit ID    = $GENESIS_VERSION$
  precision    = mixed 
  nonbonding   = CPU

Build_Information> Compiler Information
  build host   = jjwsmj@hokusai2
  fortran      = ifort (IFORT) 2021.7.1 20221019
  option       = 
  -axCORE-AVX512 -g -O3  -qmkl=parallel  -assume byterecl -qopenmp  
  C            = 
 icc: remark #10441: The Intel(R) C++ Compiler Classic (ICC) is deprecated and w
 ill be removed from product release in the second half of 2023. The Intel(R) on
 eAPI DPC++/C++ Compiler (ICX) is the recommended compiler moving forward. Pleas
 e transition to use this compiler. Use '-diag-disable=10441' to disable this me
 ssage.
  option       = -O3 -ip -axCORE-AVX2  -qopenmp 
  defined var. = 
  -DHAVE_MPI_GENESIS -DOMP -DIFORT19 -DFFTE -DLAPACK -DDSFMT_MEXP=19937 -DINTEL
  link option  = 
  -assume byterecl -lgfortran -qopenmp  -lmkl_intel_lp64 -lmkl_sequential -lmkl_
 core -lmkl_lapack95_lp64   
  MPI Compiler = Intel(R) MPI

Runtime_Information> Machine and Library Information
  date       = 2023/05/12 15:19:07
  cpu model    = Intel(R) Xeon(R) Gold 6148 CPU @ 2.40GHz
  exec. host   = jjwsmj@bwmpc0259
  LD library   = 
 /bwfefs/opt/x86_64/intel/oneapi/2022.3/mpi/2021.7.1/libfabric/lib:/bwfefs/opt/x
 86_64/intel/oneapi/2022.3/mpi/2021.7.1/lib/release:/bwfefs/opt/x86_64/intel/one
 api/2022.3/mpi/2021.7.1/lib:/bwfefs/opt/x86_64/intel/oneapi/2022.3/tbb/2021.7.1
 /lib/intel64/gcc4.8:/usr/lib64:/bwfefs/opt/x86_64/intel/oneapi/2022.3/vpl/2022.
 2.5/lib:/bwfefs/opt/x86_64/intel/oneapi/2022.3/mkl/latest/lib/intel64:/bwfefs/o
 pt/x86_64/intel/oneapi/2022.3/itac/2021.7.1/slib:/bwfefs/opt/x86_64/intel/oneap
 i/2022.3/ippcp/2021.6.2/lib/intel64:/bwfefs/opt/x86_64/intel/oneapi/2022.3/ipp/
 2021.6.2/lib/intel64:/bwfefs/opt/x86_64/intel/oneapi/2022.3/dnnl/2022.2.1/cpu_d
 pcpp_gpu_dpcpp/lib:/bwfefs/opt/x86_64/intel/oneapi/2022.3/dal/2021.7.1/lib/inte
 l64:/bwfefs/opt/x86_64/intel/oneapi/2022.3/compiler/2022.2.1/linux/compiler/lib
 :/bwfefs/opt/x86_64/intel/oneapi/2022.3/compiler/2022.2.1/linux/lib/oclfpga/hos
 t/linux64/lib:/bwfefs/opt/x86_64/intel/oneapi/2022.3/compiler/2022.2.1/linux/li
 b/oclfpga/linux64/lib:/bwfefs/opt/x86_64/intel/oneapi/2022.3/compiler/2022.2.1/
 linux/lib:/bwfefs/opt/x86_64/intel/oneapi/2022.3/compiler/2022.2.1/linux/lib/x6
 4:/bwfefs/opt/x86_64/intel/oneapi/2022.3/compiler/2022.2.1/linux/lib/emu:/bwfef
 s/opt/x86_64/intel/oneapi/2022.3/compiler/2022.2.1/linux/compiler/lib/intel64_l
 in:/bwfefs/opt/x86_64/intel/oneapi/2022.3/debugger/2021.7.1/dep/lib:/bwfefs/opt
 /x86_64/intel/oneapi/2022.3/debugger/2021.7.1/libipt/intel64/lib:/bwfefs/opt/x8
 6_64/intel/oneapi/2022.3/debugger/2021.7.1/gdb/intel64/lib:/bwfefs/opt/x86_64/
 MPI Runtime = Intel(R) MPI Library 2021.7 for Linux* OS


[STEP1] Read Control Parameters
 
Read_Ctrl_Input> Input Files
  grotopfile = pro.top
  grocrdfile = crd/pos_5000.gro
 
Read_Ctrl_Output> Output Files
 
Read_Ctrl_Energy> Parameters of Energy Calculations
  forcefield      =    RESIDCG
  output_style    =    GENESIS
 
Read_Ctrl_Dynamics> Parameters of MD simulation
  integrator      =       VVER  nsteps          =       2000
  timestep        =     0.0100  initial_time    =     0.0000
  eneout_period   =         20  rstout_period   =          0
  crdout_period   =          0  velout_period   =          0
  nbupdate_period =         20  stoptr_period   =         10
  lbupdate_period =          0
  iseed           =         -1
  annealing       =         no
  verbose         =         no
  target_md       =         no
  steered_md      =         no
 
Read_Ctrl_Ensemble> Parameters for Ensemble
  ensemble        =        NVT
  temperature     =    300.000
  tpcontrol       =   LANGEVIN
  gamma_t         =      1.000
 
Read_Ctrl_Boundary> Parameters of Boundary Condition
  type            =       PBC 
  box_size(x,y,z) =   3200.000   650.000   650.000
  min_domain_cell =          2
 
Read_Ctrl_Selection> Parameters of Selection
  # of groups     =          0
  # of mole names =          0
 
Read_Ctrl_Restraints> No restraint in the system

Read_Ctrl_Fitting_MD> Parameters of Fitting
  fitting method  =  TR+ROT   
  fitting atom    = group1
  mass_weight     =         no
 
[STEP2] Setup MPI
 
Setup_Mpi_Md> Summary of Setup MPI
  number of MPI processes   =        128
  number of OpenMP threads  =          5
  total number of CPU cores =        640

[STEP3] Set Relevant Variables and Structures
 
Read_Grotop> Summary of Grotopfile
  num_moltypes    =          1
    pos100_cg             :
      num_atoms   =        100
      num_bonds   =         99
      num_angls   =          0
      num_dihes   =          0
      num_cmaps   =          0
      num_excls   =          0
      num_constrs =          0
      num_pairs   =          0
      num_vsites2 =          0
      num_vsites3 =          0
      num_vsites4 =          0
      num_vsitesn =          0
      num_posress =          0
      num_PWMcos  =          0
      num_PWMcosns=          0
      num_IDR_HPS =          1
      num_IDR_KH  =          0
    .. not used molecule types were hidden.

  num_molecules   =       5000
    pos100_cg             :  5000

  num_atomtypes   =         33  num_bondtypes   =          0
  num_angltypes   =          0  num_dihetypes   =          0
  num_flangltypes           20
  num_fldihetypes          400
  num_constrtypes =          0  num_cmaptypes   =          0
  num_nbonparms   =          0
  num_basestacktypes  =     16
  num_basepairtypes   =      4
  num_basecrosstypes  =     32
  num_cgdnaexvtypes   =      6
  num_cgelemolpairs   =      1
  num_cg_IDR_HPS_atomtypes  =     20
  num_cg_KH_atomtypes  =    20

  num_cg_pair_MJ_eps   =   400

Define_Molecule> Summary of molecules
  num_atoms       =     500000  num_bonds       =     495000
  num_angles      =          0  num_dihedrals   =          0
  num_impropers   =          0  num_cmap_terms  =          0
  num_residues    =     500000  num_molecules   =       5000
  num_segments    =          1  num_deg_freedom =    1500000
  total_charge    = 500000.000
 
Setup_Boundary_Cell> Set Variables for Boundary Condition
  domains (x,y,z) =         16         4         2
  ncells (x,y,z)  =        112        22        22
 
Define_Enefunc_Gromacs> Number of Interactions in Each Term
  bond_ene        =     495000  angle_ene       =          0
  torsion_ene     =          0
 restraint_groups =          0 restraint_funcs  =          0
 
Setup_Dynamics> Subtract 3 translational degrees of freedom
 
Update_Num_Deg_Freedom> Number of degrees of freedom was updated
  num_deg_freedom =    1499997 (After removing translation)
 
Random_Init> Initialize the random number
  seed            = 978105

Setup_Fitting_cgdyn> NO fitting is applied, skip
  fitting method  =  NO
 
[STEP4] Compute Single Point Energy for Molecules
 
            STEP          ENERGY            BOND  NATIVE_CONTACT NON-NATIVE_CONT           ELECT         IDR_HPS          CG_EXV
 --------------- --------------- --------------- --------------- ---------------
               0     853903.1899     170691.3764          0.0000          0.0000     681472.2486       1739.5649          0.0000

[STEP5] Perform Molecular Dynamics Simulation
 
Initial_Velocity> Generate initial velocities
  iseed           =     978105
  temperature     =    300.000
 
Random_Init_Velocity> Initialize the random number
  seed            = 978105

INFO:       STEP            TIME       TOTAL_ENE   POTENTIAL_ENE     KINETIC_ENE            RMSG            BOND         IDR_HPS  NATIVE_CONTACT          CG_EXV           ELECT     TEMPERATURE          VOLUME
 --------------- --------------- --------------- --------------- ---------------
INFO:          0          0.0000    1302015.2221     853903.1899     448112.0322         10.1780     170691.3764       1739.5649          0.0000          0.0000     681472.2486          0.0000 1352000000.0000

INFO:         20          0.2000    1295564.9194     842446.4330     453118.4864          9.8605     161171.1850        614.3201          0.0000          0.0000     680660.9279        307.2623 1352000000.0000

INFO:         40          0.4000    1290378.5927     835872.2897     454506.3030          9.7315     158257.0858      -1197.9995          0.0000          0.0000     678813.2034        308.5103 1352000000.0000

INFO:         60          0.6000    1285557.1809     829702.3212     455854.8597          9.6431     155986.4688      -2598.0229          0.0000          0.0000     676313.8753        309.5938 1352000000.0000

INFO:         80          0.8000    1280668.6916     824773.5814     455895.1101          9.6074     154918.0202      -3555.3323          0.0000          0.0000     673410.8935        309.2934 1352000000.0000

INFO:        100          1.0000    1275269.3856     819354.3710     455915.0146          9.5550     153323.0325      -4313.6479          0.0000          0.0000     670344.9864        309.2657 1352000000.0000

INFO:        120          1.2000    1270378.8981     814857.9346     455520.9635          9.5115     152326.1214      -4712.5404          0.0000          0.0000     667244.3536        308.9173 1352000000.0000

INFO:        140          1.4000    1265315.4236     810770.6524     454544.7712          9.4898     151627.3100      -5004.4539          0.0000          0.0000     664147.7963        308.2891 1352000000.0000

INFO:        160          1.6000    1260269.3566     807069.2623     453200.0943          9.4638     151155.2867      -5178.8992          0.0000          0.0000     661092.8748        307.4057 1352000000.0000

INFO:        180          1.8000    1255183.9575     803218.0860     451965.8715          9.4349     150455.9037      -5337.0865          0.0000          0.0000     658099.2688        306.4483 1352000000.0000

INFO:        200          2.0000    1251491.4687     800039.6515     451451.8172          9.4285     150139.5463      -5270.0387          0.0000          0.0000     655170.1438        306.1954 1352000000.0000

INFO:        220          2.2000    1247559.9631     796728.4537     450831.5093          9.4082     149632.4655      -5257.8269          0.0000          0.0000     652353.8151        305.9186 1352000000.0000

INFO:        240          2.4000    1244367.6575     793307.0352     451060.6223          9.3862     148960.0413      -5320.3567          0.0000          0.0000     649667.3506        305.8318 1352000000.0000

INFO:        260          2.6000    1240775.7859     791248.0560     449527.7300          9.3900     149235.6118      -5087.0957          0.0000          0.0000     647099.5398        304.8122 1352000000.0000

INFO:        280          2.8000    1237104.3943     787850.2242     449254.1701          9.3594     148173.2812      -4933.8110          0.0000          0.0000     644610.7540        304.6201 1352000000.0000

INFO:        300          3.0000    1234201.9659     786123.0176     448078.9484          9.3690     148648.1219      -4736.3619          0.0000          0.0000     642211.2576        303.9400 1352000000.0000

INFO:        320          3.2000    1231645.4113     783826.2238     447819.1875          9.3728     148620.3674      -4673.3410          0.0000          0.0000     639879.1973        303.7967 1352000000.0000

INFO:        340          3.4000    1229059.1600     781262.5137     447796.6463          9.3674     148456.1653      -4812.2068          0.0000          0.0000     637618.5552        303.7399 1352000000.0000

INFO:        360          3.6000    1226829.7853     779199.5469     447630.2384          9.3716     148595.4286      -4835.8960          0.0000          0.0000     635440.0143        303.5547 1352000000.0000

INFO:        380          3.8000    1225165.7512     777469.5283     447696.2228          9.3768     148840.0227      -4733.4766          0.0000          0.0000     633362.9822        303.6657 1352000000.0000

INFO:        400          4.0000    1223420.4237     775513.2286     447907.1951          9.3666     148690.9212      -4548.4130          0.0000          0.0000     631370.7204        303.7011 1352000000.0000

INFO:        420          4.2000    1220368.5670     773425.5117     446943.0553          9.3589     148390.5047      -4427.4829          0.0000          0.0000     629462.4900        303.0937 1352000000.0000

INFO:        440          4.4000    1218407.3193     771295.6754     447111.6440          9.3521     147990.4801      -4301.2502          0.0000          0.0000     627606.4455        303.2414 1352000000.0000

INFO:        460          4.6000    1217420.9673     770050.2572     447370.7101          9.3617     148441.4420      -4192.0061          0.0000          0.0000     625800.8213        303.5336 1352000000.0000

INFO:        480          4.8000    1215619.3120     768413.8508     447205.4612          9.3656     148610.2226      -4270.1528          0.0000          0.0000     624073.7810        303.3251 1352000000.0000

INFO:        500          5.0000    1213349.7815     766246.8895     447102.8920          9.3389     147841.1678      -4012.6261          0.0000          0.0000     622418.3478        303.1354 1352000000.0000

INFO:        520          5.2000    1211433.9526     764998.0013     446435.9513          9.3538     148167.8644      -3964.3638          0.0000          0.0000     620794.5006        302.8916 1352000000.0000

INFO:        540          5.4000    1209293.5823     763629.1741     445664.4082          9.3568     148358.5714      -3936.2766          0.0000          0.0000     619206.8793        302.1789 1352000000.0000

INFO:        560          5.6000    1208106.4537     761399.9388     446706.5149          9.3286     147677.9675      -3952.9476          0.0000          0.0000     617674.9189        302.8927 1352000000.0000

INFO:        580          5.8000    1206794.8923     760381.0736     446413.8187          9.3527     148157.6410      -3947.3307          0.0000          0.0000     616170.7634        302.9020 1352000000.0000

INFO:        600          6.0000    1205495.1428     759200.0880     446295.0547          9.3585     148309.1436      -3794.4525          0.0000          0.0000     614685.3969        302.7373 1352000000.0000

INFO:        620          6.2000    1203991.6405     757461.4828     446530.1578          9.3475     147771.3702      -3561.6503          0.0000          0.0000     613251.7628        302.6430 1352000000.0000

INFO:        640          6.4000    1202892.4101     756727.2513     446165.1588          9.3524     148379.0040      -3491.8939          0.0000          0.0000     611840.1413        302.3891 1352000000.0000

INFO:        660          6.6000    1201129.0949     754733.0863     446396.0087          9.3392     147766.9358      -3510.1888          0.0000          0.0000     610476.3392        302.6054 1352000000.0000

INFO:        680          6.8000    1199470.5399     754159.6681     445310.8718          9.3519     148489.5375      -3474.8840          0.0000          0.0000     609145.0146        302.0557 1352000000.0000

INFO:        700          7.0000    1198487.3975     752522.8722     445964.5253          9.3394     148038.7735      -3371.7710          0.0000          0.0000     607855.8698        302.4521 1352000000.0000

INFO:        720          7.2000    1196609.5917     751454.4974     445155.0943          9.3502     148172.5318      -3324.7488          0.0000          0.0000     606606.7144        301.9469 1352000000.0000

INFO:        740          7.4000    1195637.6628     750058.2157     445579.4471          9.3463     148030.1795      -3365.9728          0.0000          0.0000     605394.0091        302.2678 1352000000.0000

INFO:        760          7.6000    1194499.3135     749716.2136     444783.0998          9.3725     148841.4160      -3322.9673          0.0000          0.0000     604197.7649        301.6481 1352000000.0000

INFO:        780          7.8000    1193150.7182     748102.2574     445048.4609          9.3613     148367.2599      -3304.4066          0.0000          0.0000     603039.4041        301.8311 1352000000.0000

INFO:        800          8.0000    1191835.3871     747011.1432     444824.2439          9.3517     148408.7910      -3286.6457          0.0000          0.0000     601888.9979        301.8243 1352000000.0000

INFO:        820          8.2000    1190483.5781     745879.1641     444604.4140          9.3482     148278.4756      -3182.8370          0.0000          0.0000     600783.5255        301.5276 1352000000.0000

INFO:        840          8.4000    1189244.9064     745031.6447     444213.2617          9.3499     148486.3783      -3153.6901          0.0000          0.0000     599698.9565        301.3775 1352000000.0000

INFO:        860          8.6000    1188091.7501     743403.4059     444688.3442          9.3331     147914.1115      -3141.2961          0.0000          0.0000     598630.5905        301.6839 1352000000.0000

INFO:        880          8.8000    1188025.3820     743330.6963     444694.6857          9.3596     148711.5739      -2988.0927          0.0000          0.0000     597607.2150        301.5552 1352000000.0000

INFO:        900          9.0000    1186922.4083     742104.5209     444817.8874          9.3578     148333.4969      -2824.8300          0.0000          0.0000     596595.8539        301.7273 1352000000.0000

INFO:        920          9.2000    1185469.8753     740914.5515     444555.3238          9.3490     148306.2322      -2985.1660          0.0000          0.0000     595593.4853        301.5871 1352000000.0000

INFO:        940          9.4000    1184267.3237     739952.8444     444314.4793          9.3475     148384.2970      -3030.3174          0.0000          0.0000     594598.8648        301.3219 1352000000.0000

INFO:        960          9.6000    1183202.3065     738787.9219     444414.3846          9.3464     147981.3657      -2817.2072          0.0000          0.0000     593623.7634        301.3797 1352000000.0000

INFO:        980          9.8000    1182640.1339     738123.0331     444517.1008          9.3455     148139.1475      -2687.3863          0.0000          0.0000     592671.2719        301.4878 1352000000.0000

INFO:       1000         10.0000    1181531.0719     736933.5868     444597.4852          9.3380     147824.0283      -2615.6313          0.0000          0.0000     591725.1898        301.5344 1352000000.0000

INFO:       1020         10.2000    1181005.3036     735853.1159     445152.1877          9.3292     147840.1986      -2772.9313          0.0000          0.0000     590785.8486        301.9529 1352000000.0000

INFO:       1040         10.4000    1180209.1079     735097.6775     445111.4304          9.3367     147980.1756      -2762.8600          0.0000          0.0000     589880.3619        301.9273 1352000000.0000

INFO:       1060         10.6000    1179440.4123     734927.8749     444512.5374          9.3548     148528.2619      -2592.7834          0.0000          0.0000     588992.3964        301.5006 1352000000.0000

INFO:       1080         10.8000    1178595.6116     734113.9227     444481.6889          9.3558     148580.3031      -2573.8003          0.0000          0.0000     588107.4199        301.5499 1352000000.0000

INFO:       1100         11.0000    1177567.5161     732946.7529     444620.7632          9.3459     148416.5685      -2690.4902          0.0000          0.0000     587220.6746        301.5986 1352000000.0000

INFO:       1120         11.2000    1177142.5221     732578.0614     444564.4606          9.3663     148940.6956      -2743.2704          0.0000          0.0000     586380.6361        301.7411 1352000000.0000

INFO:       1140         11.4000    1175961.9274     731039.3497     444922.5777          9.3490     148284.0245      -2782.8743          0.0000          0.0000     585538.1995        301.9027 1352000000.0000

INFO:       1160         11.6000    1175312.9096     730483.4936     444829.4160          9.3562     148649.1381      -2862.9452          0.0000          0.0000     584697.3007        301.7478 1352000000.0000

INFO:       1180         11.8000    1173765.2565     729650.5065     444114.7500          9.3571     148486.0075      -2727.7973          0.0000          0.0000     583892.2964        301.2690 1352000000.0000

INFO:       1200         12.0000    1173380.0146     728761.4918     444618.5228          9.3509     148402.2932      -2757.9441          0.0000          0.0000     583117.1426        301.6382 1352000000.0000

INFO:       1220         12.2000    1172363.1118     727855.9903     444507.1215          9.3457     148148.8022      -2656.2466          0.0000          0.0000     582363.4347        301.5738 1352000000.0000

INFO:       1240         12.4000    1171465.2266     727269.0213     444196.2052          9.3433     148165.4943      -2528.3375          0.0000          0.0000     581631.8646        301.3131 1352000000.0000

INFO:       1260         12.6000    1170607.6322     726230.1773     444377.4549          9.3391     147912.0158      -2560.9551          0.0000          0.0000     580879.1166        301.3874 1352000000.0000

INFO:       1280         12.8000    1170670.6768     726309.3563     444361.3205          9.3542     148474.4068      -2319.9781          0.0000          0.0000     580154.9276        301.3688 1352000000.0000

INFO:       1300         13.0000    1169661.6162     725718.2421     443943.3740          9.3555     148621.2133      -2324.0894          0.0000          0.0000     579421.1182        300.9647 1352000000.0000

INFO:       1320         13.2000    1168857.4766     724696.0176     444161.4590          9.3519     148466.8241      -2448.9686          0.0000          0.0000     578678.1621        301.3570 1352000000.0000

INFO:       1340         13.4000    1168052.8765     723895.2062     444157.6702          9.3565     148422.9515      -2502.9958          0.0000          0.0000     577975.2505        301.2892 1352000000.0000

INFO:       1360         13.6000    1167773.9308     723530.8097     444243.1211          9.3671     148687.8922      -2461.7450          0.0000          0.0000     577304.6625        301.2987 1352000000.0000

INFO:       1380         13.8000    1166946.0246     722997.0512     443948.9734          9.3714     148783.6997      -2444.8544          0.0000          0.0000     576658.2059        301.2148 1352000000.0000

INFO:       1400         14.0000    1166327.5163     722177.9035     444149.6128          9.3620     148342.7451      -2200.7699          0.0000          0.0000     576035.9283        301.3054 1352000000.0000

INFO:       1420         14.2000    1166050.9056     722237.4612     443813.4444          9.3742     148968.7315      -2124.5772          0.0000          0.0000     575393.3068        301.0755 1352000000.0000

INFO:       1440         14.4000    1165124.7626     721205.8565     443918.9062          9.3677     148808.2665      -2344.1945          0.0000          0.0000     574741.7845        301.0621 1352000000.0000

INFO:       1460         14.6000    1164795.1939     720382.1078     444413.0861          9.3575     148518.4159      -2241.7205          0.0000          0.0000     574105.4124        301.6264 1352000000.0000

INFO:       1480         14.8000    1164216.1754     719991.3533     444224.8221          9.3560     148569.6860      -2042.6983          0.0000          0.0000     573464.3657        301.2080 1352000000.0000

INFO:       1500         15.0000    1163389.9343     718884.9329     444505.0014          9.3441     148197.4914      -2156.0158          0.0000          0.0000     572843.4572        301.5835 1352000000.0000

INFO:       1520         15.2000    1162456.5591     718433.5177     444023.0414          9.3565     148550.5783      -2331.4640          0.0000          0.0000     572214.4034        301.3036 1352000000.0000

INFO:       1540         15.4000    1162215.5751     718280.6579     443934.9172          9.3640     148929.0557      -2259.6698          0.0000          0.0000     571611.2720        300.9524 1352000000.0000

INFO:       1560         15.6000    1160944.8876     717901.0154     443043.8722          9.3722     149170.1257      -2291.1130          0.0000          0.0000     571022.0028        300.5672 1352000000.0000

INFO:       1580         15.8000    1160030.8669     716968.6361     443062.2308          9.3584     148821.2497      -2299.5663          0.0000          0.0000     570446.9527        300.5496 1352000000.0000

INFO:       1600         16.0000    1160285.8056     715422.5944     444863.2112          9.3344     147747.6343      -2210.7172          0.0000          0.0000     569885.6774        301.7440 1352000000.0000

INFO:       1620         16.2000    1160196.1864     715888.9361     444307.2503          9.3589     148698.1271      -2124.1399          0.0000          0.0000     569314.9490        301.2212 1352000000.0000

INFO:       1640         16.4000    1159094.3848     714997.2529     444097.1319          9.3527     148175.4219      -1960.9097          0.0000          0.0000     568782.7408        301.2202 1352000000.0000

INFO:       1660         16.6000    1158314.8255     714491.8975     443822.9280          9.3380     148000.7107      -1767.3233          0.0000          0.0000     568258.5100        301.0576 1352000000.0000

INFO:       1680         16.8000    1157084.2482     713949.6376     443134.6106          9.3333     147916.8439      -1690.1069          0.0000          0.0000     567722.9006        300.5494 1352000000.0000

INFO:       1700         17.0000    1156392.5051     713456.5920     442935.9130          9.3339     147906.8976      -1613.3034          0.0000          0.0000     567162.9978        300.3415 1352000000.0000

INFO:       1720         17.2000    1156126.9201     713065.6383     443061.2818          9.3439     148117.7333      -1666.2038          0.0000          0.0000     566614.1088        300.5307 1352000000.0000

INFO:       1740         17.4000    1155749.0979     712635.5051     443113.5928          9.3538     148295.7093      -1715.7023          0.0000          0.0000     566055.4982        300.7014 1352000000.0000

INFO:       1760         17.6000    1155207.5400     711922.0049     443285.5351          9.3490     148230.7155      -1811.8907          0.0000          0.0000     565503.1802        300.7873 1352000000.0000

INFO:       1780         17.8000    1154606.2430     711333.1911     443273.0519          9.3565     148342.1738      -1958.8691          0.0000          0.0000     564949.8864        300.9356 1352000000.0000

INFO:       1800         18.0000    1154515.9276     710503.9115     444012.0161          9.3466     148055.0242      -1952.5308          0.0000          0.0000     564401.4181        301.0484 1352000000.0000

INFO:       1820         18.2000    1153950.3488     710161.9567     443788.3921          9.3511     148340.7109      -2010.9465          0.0000          0.0000     563832.1923        301.0718 1352000000.0000

INFO:       1840         18.4000    1153141.4346     709583.4759     443557.9587          9.3555     148258.0496      -1983.3273          0.0000          0.0000     563308.7536        300.8877 1352000000.0000

INFO:       1860         18.6000    1152138.8186     708972.4356     443166.3830          9.3557     148196.3010      -1997.5668          0.0000          0.0000     562773.7015        300.6106 1352000000.0000

INFO:       1880         18.8000    1151765.2477     708640.9074     443124.3403          9.3543     148363.7453      -2003.9019          0.0000          0.0000     562281.0639        300.6757 1352000000.0000

INFO:       1900         19.0000    1151007.2804     708521.6904     442485.5900          9.3595     148568.5896      -1842.1530          0.0000          0.0000     561795.2538        300.2511 1352000000.0000

INFO:       1920         19.2000    1150494.3596     708066.7931     442427.5665          9.3553     148340.1793      -1598.4148          0.0000          0.0000     561325.0286        300.1557 1352000000.0000

INFO:       1940         19.4000    1150654.3384     707356.5886     443297.7498          9.3506     148137.2896      -1643.4917          0.0000          0.0000     560862.7907        300.7026 1352000000.0000

INFO:       1960         19.6000    1150510.3682     707760.3543     442750.0139          9.3698     149000.2368      -1628.2754          0.0000          0.0000     560388.3929        300.4065 1352000000.0000

INFO:       1980         19.8000    1150461.7626     706322.9893     444138.7733          9.3462     148196.6043      -1784.4803          0.0000          0.0000     559910.8653        301.2591 1352000000.0000

INFO:       2000         20.0000    1150423.0477     705907.7917     444515.2560          9.3481     148312.2038      -1845.0536          0.0000          0.0000     559440.6414        301.5281 1352000000.0000

 
[STEP6] Deallocate Arrays
 
Output_Time> Averaged timer profile (Min, Max)
  total time      =      22.133
    setup         =       2.803
    dynamics      =      19.329
      energy      =      16.788
      integrator  =       2.084
      migration   =       0.094
      pairlist    =       0.265 (       0.173,       0.407)
  energy           
    bond          =       0.137 (       0.075,       0.219)
    angle         =       0.012 (       0.011,       0.014)
    dihedral      =       0.011 (       0.010,       0.013)
    base stacking =       0.000 (       0.000,       0.000)
    nonbond       =       9.046 (       4.632,      15.656)
      CG exv      =       0.019 (       0.011,       0.029)
      CG DNA bp   =       0.000 (       0.000,       0.000)
      CG DNA exv  =       0.000 (       0.000,       0.000)
      CG ele      =       7.322 (       3.728,      12.776)
      CG PWMcos   =       0.000 (       0.000,       0.000)
      CG PWMcosns =       0.000 (       0.000,       0.000)
      CG IDR-HPS  =       1.701 (       0.889,       2.872)
      CG IDR-KH   =       0.000 (       0.000,       0.000)
      CG KH       =       0.000 (       0.000,       0.000)
      Contact     =       0.004 (       0.003,       0.004)
      pme real    =       0.000 (       0.000,       0.000)
      pme recip   =       0.000 (       0.000,       0.000)
    solvation     =       0.000 (       0.000,       0.000)
      polar       =       0.000 (       0.000,       0.000)
      non-polar   =       0.000 (       0.000,       0.000)
    restraint     =       0.000 (       0.000,       0.000)
    qmmm          =       0.000 (       0.000,       0.000)
    morph         =       0.000 (       0.000,       0.000)
  integrator       
    constraint    =       0.000 (       0.000,       0.000)
    update        =       0.000 (       0.000,       0.000)
    comm_coord    =       0.782 (       0.284,       1.317)
    comm_force    =       0.344 (       0.273,       0.386)
  migration       =       0.094 (       0.094,       0.094)
    comm_migrate  =       0.012 (       0.008,       0.016)
    ptl_migrate   =       0.005 (       0.003,       0.007)
    bond_migrate  =       0.001 (       0.001,       0.001)
    angl_migrate  =       0.001 (       0.000,       0.001)
    dihe_migrate  =       0.000 (       0.000,       0.001)
    contact_migr  =       0.000 (       0.000,       0.000)
    stack_migrate =       0.000 (       0.000,       0.000)
    pwmcos_migrate =       0.000 (       0.000,       0.000)
    pwmcosns_migr  =       0.000 (       0.000,       0.000)
    nonb_update    =       0.057 (       0.030,       0.092)

