****************************************************
*                                                  *
*                  GENESIS CGDYN                   *
*                                                  *
*        A Molecular Dynamics Simulator with       *
*           Spatial Decomposition Scheme           *
*                                                  *
*               Developed by RIKEN                 *
*                                                  *
****************************************************
 
[STEP0] Architecture and Compiler Information
 
GENESIS_Information> GENESIS Information
  version      = 2.0.0
  commit ID    = $GENESIS_VERSION$
  precision    = mixed 
  nonbonding   = CPU

Build_Information> Compiler Information
  build host   = jjwsmj@hokusai2
  fortran      = ifort (IFORT) 2021.7.1 20221019
  option       = 
  -axCORE-AVX512 -g -O3  -qmkl=parallel  -assume byterecl -qopenmp  
  C            = 
 icc: remark #10441: The Intel(R) C++ Compiler Classic (ICC) is deprecated and w
 ill be removed from product release in the second half of 2023. The Intel(R) on
 eAPI DPC++/C++ Compiler (ICX) is the recommended compiler moving forward. Pleas
 e transition to use this compiler. Use '-diag-disable=10441' to disable this me
 ssage.
  option       = -O3 -ip -axCORE-AVX2  -qopenmp 
  defined var. = 
  -DHAVE_MPI_GENESIS -DOMP -DIFORT19 -DFFTE -DLAPACK -DDSFMT_MEXP=19937 -DINTEL
  link option  = 
  -assume byterecl -lgfortran -qopenmp  -lmkl_intel_lp64 -lmkl_sequential -lmkl_
 core -lmkl_lapack95_lp64   
  MPI Compiler = Intel(R) MPI

Runtime_Information> Machine and Library Information
  date       = 2023/05/12 14:36:07
  cpu model    = Intel(R) Xeon(R) Gold 6148 CPU @ 2.40GHz
  exec. host   = jjwsmj@bwmpc0345
  LD library   = 
 /bwfefs/opt/x86_64/intel/oneapi/2022.3/mpi/2021.7.1/libfabric/lib:/bwfefs/opt/x
 86_64/intel/oneapi/2022.3/mpi/2021.7.1/lib/release:/bwfefs/opt/x86_64/intel/one
 api/2022.3/mpi/2021.7.1/lib:/bwfefs/opt/x86_64/intel/oneapi/2022.3/tbb/2021.7.1
 /lib/intel64/gcc4.8:/usr/lib64:/bwfefs/opt/x86_64/intel/oneapi/2022.3/vpl/2022.
 2.5/lib:/bwfefs/opt/x86_64/intel/oneapi/2022.3/mkl/latest/lib/intel64:/bwfefs/o
 pt/x86_64/intel/oneapi/2022.3/itac/2021.7.1/slib:/bwfefs/opt/x86_64/intel/oneap
 i/2022.3/ippcp/2021.6.2/lib/intel64:/bwfefs/opt/x86_64/intel/oneapi/2022.3/ipp/
 2021.6.2/lib/intel64:/bwfefs/opt/x86_64/intel/oneapi/2022.3/dnnl/2022.2.1/cpu_d
 pcpp_gpu_dpcpp/lib:/bwfefs/opt/x86_64/intel/oneapi/2022.3/dal/2021.7.1/lib/inte
 l64:/bwfefs/opt/x86_64/intel/oneapi/2022.3/compiler/2022.2.1/linux/compiler/lib
 :/bwfefs/opt/x86_64/intel/oneapi/2022.3/compiler/2022.2.1/linux/lib/oclfpga/hos
 t/linux64/lib:/bwfefs/opt/x86_64/intel/oneapi/2022.3/compiler/2022.2.1/linux/li
 b/oclfpga/linux64/lib:/bwfefs/opt/x86_64/intel/oneapi/2022.3/compiler/2022.2.1/
 linux/lib:/bwfefs/opt/x86_64/intel/oneapi/2022.3/compiler/2022.2.1/linux/lib/x6
 4:/bwfefs/opt/x86_64/intel/oneapi/2022.3/compiler/2022.2.1/linux/lib/emu:/bwfef
 s/opt/x86_64/intel/oneapi/2022.3/compiler/2022.2.1/linux/compiler/lib/intel64_l
 in:/bwfefs/opt/x86_64/intel/oneapi/2022.3/debugger/2021.7.1/dep/lib:/bwfefs/opt
 /x86_64/intel/oneapi/2022.3/debugger/2021.7.1/libipt/intel64/lib:/bwfefs/opt/x8
 6_64/intel/oneapi/2022.3/debugger/2021.7.1/gdb/intel64/lib:/bwfefs/opt/x86_64/
 MPI Runtime = Intel(R) MPI Library 2021.7 for Linux* OS


[STEP1] Read Control Parameters
 
Read_Ctrl_Input> Input Files
  grotopfile = pro.top
  grocrdfile = crd/pos_5000.gro
 
Read_Ctrl_Output> Output Files
 
Read_Ctrl_Energy> Parameters of Energy Calculations
  forcefield      =    RESIDCG
  output_style    =    GENESIS
 
Read_Ctrl_Dynamics> Parameters of MD simulation
  integrator      =       VVER  nsteps          =       2000
  timestep        =     0.0100  initial_time    =     0.0000
  eneout_period   =         20  rstout_period   =          0
  crdout_period   =          0  velout_period   =          0
  nbupdate_period =         20  stoptr_period   =         10
  lbupdate_period =          0
  iseed           =         -1
  annealing       =         no
  verbose         =         no
  target_md       =         no
  steered_md      =         no
 
Read_Ctrl_Ensemble> Parameters for Ensemble
  ensemble        =        NVT
  temperature     =    300.000
  tpcontrol       =   LANGEVIN
  gamma_t         =      1.000
 
Read_Ctrl_Boundary> Parameters of Boundary Condition
  type            =       PBC 
  box_size(x,y,z) =   3200.000   650.000   650.000
  min_domain_cell =          2
  domain (x,y,z)  =          4         2         2
 
Read_Ctrl_Selection> Parameters of Selection
  # of groups     =          0
  # of mole names =          0
 
Read_Ctrl_Restraints> No restraint in the system

Read_Ctrl_Fitting_MD> Parameters of Fitting
  fitting method  =  TR+ROT   
  fitting atom    = group1
  mass_weight     =         no
 
[STEP2] Setup MPI
 
Setup_Mpi_Md> Summary of Setup MPI
  number of MPI processes   =         16
  number of OpenMP threads  =          5
  total number of CPU cores =         80

[STEP3] Set Relevant Variables and Structures
 
Read_Grotop> Summary of Grotopfile
  num_moltypes    =          1
    pos100_cg             :
      num_atoms   =        100
      num_bonds   =         99
      num_angls   =          0
      num_dihes   =          0
      num_cmaps   =          0
      num_excls   =          0
      num_constrs =          0
      num_pairs   =          0
      num_vsites2 =          0
      num_vsites3 =          0
      num_vsites4 =          0
      num_vsitesn =          0
      num_posress =          0
      num_PWMcos  =          0
      num_PWMcosns=          0
      num_IDR_HPS =          1
      num_IDR_KH  =          0
    .. not used molecule types were hidden.

  num_molecules   =       5000
    pos100_cg             :  5000

  num_atomtypes   =         33  num_bondtypes   =          0
  num_angltypes   =          0  num_dihetypes   =          0
  num_flangltypes           20
  num_fldihetypes          400
  num_constrtypes =          0  num_cmaptypes   =          0
  num_nbonparms   =          0
  num_basestacktypes  =     16
  num_basepairtypes   =      4
  num_basecrosstypes  =     32
  num_cgdnaexvtypes   =      6
  num_cgelemolpairs   =      1
  num_cg_IDR_HPS_atomtypes  =     20
  num_cg_KH_atomtypes  =    20

  num_cg_pair_MJ_eps   =   400

Define_Molecule> Summary of molecules
  num_atoms       =     500000  num_bonds       =     495000
  num_angles      =          0  num_dihedrals   =          0
  num_impropers   =          0  num_cmap_terms  =          0
  num_residues    =     500000  num_molecules   =       5000
  num_segments    =          1  num_deg_freedom =    1500000
  total_charge    = 500000.000
 
Setup_Boundary_Cell> Set Variables for Boundary Condition
  domains (x,y,z) =          4         2         2
  ncells (x,y,z)  =        112        22        22
 
Define_Enefunc_Gromacs> Number of Interactions in Each Term
  bond_ene        =     495000  angle_ene       =          0
  torsion_ene     =          0
 restraint_groups =          0 restraint_funcs  =          0
 
Setup_Dynamics> Subtract 3 translational degrees of freedom
 
Update_Num_Deg_Freedom> Number of degrees of freedom was updated
  num_deg_freedom =    1499997 (After removing translation)
 
Random_Init> Initialize the random number
  seed            = 362374

Setup_Fitting_cgdyn> NO fitting is applied, skip
  fitting method  =  NO
 
[STEP4] Compute Single Point Energy for Molecules
 
            STEP          ENERGY            BOND  NATIVE_CONTACT NON-NATIVE_CONT           ELECT         IDR_HPS          CG_EXV
 --------------- --------------- --------------- --------------- ---------------
               0     853903.1380     170691.3245          0.0000          0.0000     681472.2486       1739.5649          0.0000

[STEP5] Perform Molecular Dynamics Simulation
 
Initial_Velocity> Generate initial velocities
  iseed           =     362374
  temperature     =    300.000
 
Random_Init_Velocity> Initialize the random number
  seed            = 362374

INFO:       STEP            TIME       TOTAL_ENE   POTENTIAL_ENE     KINETIC_ENE            RMSG            BOND         IDR_HPS  NATIVE_CONTACT          CG_EXV           ELECT     TEMPERATURE          VOLUME
 --------------- --------------- --------------- --------------- ---------------
INFO:          0          0.0000    1301207.1861     853903.1380     447304.0481         10.1780     170691.3245       1739.5649          0.0000          0.0000     681472.2486          0.0000 1352000000.0000

INFO:         20          0.2000    1296088.5561     842024.3609     454064.1952          9.8452     160692.1938        587.4442          0.0000          0.0000     680744.7228        308.0279 1352000000.0000

INFO:         40          0.4000    1291177.5421     835673.9929     455503.5492          9.7259     157943.0836      -1193.4753          0.0000          0.0000     678924.3846        309.1771 1352000000.0000

INFO:         60          0.6000    1285617.0461     829988.1305     455628.9156          9.6516     156185.0223      -2624.0661          0.0000          0.0000     676427.1743        309.2668 1352000000.0000

INFO:         80          0.8000    1280582.1476     824239.2709     456342.8767          9.5876     154482.6283      -3809.0388          0.0000          0.0000     673565.6814        309.4568 1352000000.0000

INFO:        100          1.0000    1275966.6577     819339.6482     456627.0095          9.5449     153174.5980      -4365.4534          0.0000          0.0000     670530.5036        309.5720 1352000000.0000

INFO:        120          1.2000    1270435.6191     814922.0249     455513.5943          9.5116     152187.3085      -4657.3824          0.0000          0.0000     667392.0988        308.9111 1352000000.0000

INFO:        140          1.4000    1265073.8841     810082.7453     454991.1387          9.4660     150876.2605      -5074.6311          0.0000          0.0000     664281.1159        308.5265 1352000000.0000

INFO:        160          1.6000    1259986.4250     806674.1877     453312.2373          9.4491     150603.1049      -5160.9634          0.0000          0.0000     661232.0462        307.4246 1352000000.0000

INFO:        180          1.8000    1255093.0588     802796.9550     452296.1038          9.4172     149532.8723      -5061.4786          0.0000          0.0000     658325.5613        306.6773 1352000000.0000

INFO:        200          2.0000    1251594.7578     800383.7616     451210.9961          9.4128     149661.8883      -4771.1196          0.0000          0.0000     655492.9929        305.9285 1352000000.0000

INFO:        220          2.2000    1247601.1643     797440.3224     450160.8418          9.4186     149562.1160      -4842.9563          0.0000          0.0000     652721.1628        305.3920 1352000000.0000

INFO:        240          2.4000    1244257.7741     794624.3634     449633.4107          9.4133     149574.1636      -4954.1902          0.0000          0.0000     650004.3901        304.9743 1352000000.0000

INFO:        260          2.6000    1241171.3252     791572.1074     449599.2178          9.3995     149227.8188      -5061.5613          0.0000          0.0000     647405.8498        305.0766 1352000000.0000

INFO:        280          2.8000    1238276.3554     788783.5954     449492.7600          9.3838     148974.5785      -5086.1623          0.0000          0.0000     644895.1793        304.8580 1352000000.0000

INFO:        300          3.0000    1234730.1696     786219.7115     448510.4581          9.3651     148692.5045      -4958.5650          0.0000          0.0000     642485.7720        304.1807 1352000000.0000

INFO:        320          3.2000    1232617.7660     783812.8730     448804.8930          9.3567     148420.9144      -4768.0645          0.0000          0.0000     640160.0230        304.3290 1352000000.0000

INFO:        340          3.4000    1229649.1680     781429.1375     448220.0304          9.3513     148140.2821      -4631.9780          0.0000          0.0000     637920.8334        303.9793 1352000000.0000

INFO:        360          3.6000    1227673.8891     779631.5799     448042.3092          9.3673     148546.1766      -4671.5168          0.0000          0.0000     635756.9201        303.7970 1352000000.0000

INFO:        380          3.8000    1224964.1111     777353.0727     447611.0384          9.3605     148379.3019      -4729.5637          0.0000          0.0000     633703.3345        303.3279 1352000000.0000

INFO:        400          4.0000    1223337.6765     775918.2907     447419.3857          9.3610     148602.4752      -4406.0188          0.0000          0.0000     631721.8343        303.4281 1352000000.0000

INFO:        420          4.2000    1221438.9555     774115.5932     447323.3623          9.3688     148568.0723      -4247.0083          0.0000          0.0000     629794.5292        303.4115 1352000000.0000

INFO:        440          4.4000    1219848.0211     772781.9744     447066.0467          9.3808     149096.5525      -4210.0776          0.0000          0.0000     627895.4995        303.1929 1352000000.0000

INFO:        460          4.6000    1218576.0999     770232.8712     448343.2286          9.3555     148414.9821      -4261.0526          0.0000          0.0000     626078.9418        304.1244 1352000000.0000

INFO:        480          4.8000    1216318.6495     769081.0648     447237.5847          9.3627     148727.0237      -3963.6480          0.0000          0.0000     624317.6891        303.3669 1352000000.0000

INFO:        500          5.0000    1214270.2468     767244.5227     447025.7241          9.3541     148392.7635      -3745.9890          0.0000          0.0000     622597.7481        303.3658 1352000000.0000

INFO:        520          5.2000    1212288.0447     765403.4096     446884.6351          9.3592     148335.1641      -3840.8651          0.0000          0.0000     620909.1107        303.0562 1352000000.0000

INFO:        540          5.4000    1209950.8681     763914.2753     446036.5929          9.3563     148550.6492      -3918.9089          0.0000          0.0000     619282.5350        302.5229 1352000000.0000

INFO:        560          5.6000    1208395.4818     762427.3244     445968.1574          9.3620     148464.9858      -3765.1841          0.0000          0.0000     617727.5227        302.5378 1352000000.0000

INFO:        580          5.8000    1206759.2378     760737.1487     446022.0891          9.3531     148292.3381      -3758.2454          0.0000          0.0000     616203.0559        302.3947 1352000000.0000

INFO:        600          6.0000    1205586.4520     759340.9039     446245.5481          9.3540     148347.4849      -3732.7162          0.0000          0.0000     614726.1353        302.6738 1352000000.0000

INFO:        620          6.2000    1204084.7789     757914.3079     446170.4710          9.3484     148243.0681      -3611.4867          0.0000          0.0000     613282.7265        302.5356 1352000000.0000

INFO:        640          6.4000    1202700.8973     756712.0114     445988.8859          9.3474     148319.3612      -3504.3878          0.0000          0.0000     611897.0381        302.4068 1352000000.0000

INFO:        660          6.6000    1201066.8796     755584.2584     445482.6212          9.3504     148395.9674      -3374.2332          0.0000          0.0000     610562.5242        302.0988 1352000000.0000

INFO:        680          6.8000    1200151.7167     754538.3305     445613.3862          9.3604     148646.3496      -3365.9912          0.0000          0.0000     609257.9720        302.3842 1352000000.0000

INFO:        700          7.0000    1199012.0319     752922.3494     446089.6825          9.3438     148236.1101      -3297.5358          0.0000          0.0000     607983.7751        302.4386 1352000000.0000

INFO:        720          7.2000    1196926.3014     751909.6054     445016.6960          9.3555     148344.3629      -3174.4878          0.0000          0.0000     606739.7302        301.9136 1352000000.0000

INFO:        740          7.4000    1196186.7520     750526.1404     445660.6116          9.3453     148229.9199      -3223.3736          0.0000          0.0000     605519.5941        302.1593 1352000000.0000

INFO:        760          7.6000    1195080.7550     749560.3655     445520.3894          9.3571     148458.6085      -3239.2099          0.0000          0.0000     604340.9669        302.2301 1352000000.0000

INFO:        780          7.8000    1194710.7160     748776.1029     445934.6131          9.3595     148481.5540      -2906.0620          0.0000          0.0000     603200.6109        302.3222 1352000000.0000

INFO:        800          8.0000    1193286.3807     747727.0899     445559.2907          9.3634     148468.8708      -2822.7057          0.0000          0.0000     602080.9248        302.2170 1352000000.0000

INFO:        820          8.2000    1191893.5818     746449.0542     445444.5276          9.3616     148375.6779      -2867.7783          0.0000          0.0000     600941.1547        302.0949 1352000000.0000

INFO:        840          8.4000    1190224.2085     745643.0597     444581.1488          9.3644     148606.9597      -2782.5681          0.0000          0.0000     599818.6681        301.4512 1352000000.0000

INFO:        860          8.6000    1188643.1812     744234.0753     444409.1059          9.3523     148388.3297      -2886.4723          0.0000          0.0000     598732.2179        301.4737 1352000000.0000

INFO:        880          8.8000    1187989.6006     743271.4414     444718.1592          9.3577     148380.0454      -2778.2990          0.0000          0.0000     597669.6949        301.6767 1352000000.0000

INFO:        900          9.0000    1186932.2871     742314.0213     444618.2658          9.3572     148312.9204      -2617.3374          0.0000          0.0000     596618.4382        301.6143 1352000000.0000

INFO:        920          9.2000    1185809.1626     741048.8057     444760.3569          9.3438     148218.3662      -2740.1311          0.0000          0.0000     595570.5706        301.8097 1352000000.0000

INFO:        940          9.4000    1185173.9480     740237.3721     444936.5758          9.3570     148611.5187      -2925.6047          0.0000          0.0000     594551.4581        301.9405 1352000000.0000

INFO:        960          9.6000    1183569.0957     739529.0313     444040.0643          9.3631     148846.9493      -2869.1209          0.0000          0.0000     593551.2029        301.3142 1352000000.0000

INFO:        980          9.8000    1182009.0159     737849.2496     444159.7663          9.3484     148126.7096      -2857.8205          0.0000          0.0000     592580.3605        301.3822 1352000000.0000

INFO:       1000         10.0000    1180964.1976     737154.0297     443810.1679          9.3431     148321.8879      -2794.0372          0.0000          0.0000     591626.1790        301.1483 1352000000.0000

INFO:       1020         10.2000    1180340.9815     736203.6670     444137.3145          9.3459     148181.7512      -2690.6009          0.0000          0.0000     590712.5167        301.1173 1352000000.0000

INFO:       1040         10.4000    1179635.5456     735194.7982     444440.7473          9.3440     148074.3097      -2706.3342          0.0000          0.0000     589826.8227        301.5086 1352000000.0000

INFO:       1060         10.6000    1179609.5301     734631.5838     444977.9463          9.3623     148570.8837      -2866.3007          0.0000          0.0000     588927.0008        301.8610 1352000000.0000

INFO:       1080         10.8000    1178592.3515     733930.8527     444661.4988          9.3535     148719.6503      -2823.0180          0.0000          0.0000     588034.2204        301.5320 1352000000.0000

INFO:       1100         11.0000    1177612.6700     732886.9893     444725.6807          9.3503     148348.7881      -2629.4332          0.0000          0.0000     587167.6344        301.5703 1352000000.0000

INFO:       1120         11.2000    1176726.3991     732246.3567     444480.0424          9.3534     148466.0253      -2533.1111          0.0000          0.0000     586313.4425        301.6438 1352000000.0000

INFO:       1140         11.4000    1176522.7285     731502.7720     445019.9565          9.3574     148560.1915      -2519.6803          0.0000          0.0000     585462.2608        301.7873 1352000000.0000

INFO:       1160         11.6000    1175141.5729     730686.0247     444455.5482          9.3493     148437.6129      -2392.8321          0.0000          0.0000     584641.2439        301.3692 1352000000.0000

INFO:       1180         11.8000    1174309.3613     729399.0765     444910.2848          9.3347     147948.4814      -2403.1343          0.0000          0.0000     583853.7294        301.8701 1352000000.0000

INFO:       1200         12.0000    1173667.9466     729567.2959     444100.6507          9.3625     148852.6724      -2352.1648          0.0000          0.0000     583066.7884        301.2741 1352000000.0000

INFO:       1220         12.2000    1172456.0563     728267.4617     444188.5946          9.3508     148306.1846      -2317.2806          0.0000          0.0000     582278.5577        301.3482 1352000000.0000

INFO:       1240         12.4000    1172029.9163     727578.4190     444451.4972          9.3630     148583.9849      -2507.9768          0.0000          0.0000     581502.4109        301.4513 1352000000.0000

INFO:       1260         12.6000    1171567.2294     726702.1282     444865.1012          9.3557     148325.4934      -2363.6963          0.0000          0.0000     580740.3311        301.6685 1352000000.0000

INFO:       1280         12.8000    1171189.4113     726799.8853     444389.5260          9.3771     149138.0145      -2335.3655          0.0000          0.0000     579997.2363        301.4172 1352000000.0000

INFO:       1300         13.0000    1169986.0092     725573.6445     444412.3647          9.3577     148661.5330      -2345.1345          0.0000          0.0000     579257.2460        301.3740 1352000000.0000

INFO:       1320         13.2000    1168511.0565     724479.8534     444031.2030          9.3478     148467.7582      -2497.0391          0.0000          0.0000     578509.1344        301.2475 1352000000.0000

INFO:       1340         13.4000    1167984.3519     724097.5302     443886.8217          9.3550     148578.3042      -2286.1962          0.0000          0.0000     577805.4222        301.0425 1352000000.0000

INFO:       1360         13.6000    1167232.7671     723786.2834     443446.4836          9.3714     148835.2418      -2176.6722          0.0000          0.0000     577127.7138        300.7810 1352000000.0000

INFO:       1380         13.8000    1167407.4933     722891.6134     444515.8799          9.3706     148722.9756      -2262.8786          0.0000          0.0000     576431.5165        301.5165 1352000000.0000

INFO:       1400         14.0000    1166067.7864     721908.1985     444159.5879          9.3436     148280.2863      -2141.1172          0.0000          0.0000     575769.0294        301.1445 1352000000.0000

INFO:       1420         14.2000    1164894.9927     721372.7531     443522.2396          9.3544     148392.3842      -2124.0641          0.0000          0.0000     575104.4330        300.8758 1352000000.0000

INFO:       1440         14.4000    1164257.3281     720937.1664     443320.1617          9.3568     148547.1425      -2052.2883          0.0000          0.0000     574442.3123        300.7330 1352000000.0000

INFO:       1460         14.6000    1163477.5671     719467.2115     444010.3555          9.3342     147765.7692      -2084.7595          0.0000          0.0000     573786.2019        301.1845 1352000000.0000

INFO:       1480         14.8000    1163003.8072     719272.1560     443731.6512          9.3515     148441.1239      -2295.0477          0.0000          0.0000     573126.0799        301.0611 1352000000.0000

INFO:       1500         15.0000    1163500.8503     718857.6267     444643.2236          9.3547     148432.1636      -2080.8489          0.0000          0.0000     572506.3120        301.6594 1352000000.0000

INFO:       1520         15.2000    1163131.7265     718447.4786     444684.2479          9.3533     148386.8597      -1827.7860          0.0000          0.0000     571888.4048        301.4601 1352000000.0000

INFO:       1540         15.4000    1162114.2380     717395.2379     444719.0001          9.3448     148135.8280      -1980.4012          0.0000          0.0000     571239.8111        301.5927 1352000000.0000

INFO:       1560         15.6000    1161759.3036     716894.5799     444864.7237          9.3467     148343.2819      -2038.1041          0.0000          0.0000     570589.4021        301.7117 1352000000.0000

INFO:       1580         15.8000    1160820.1116     716283.6496     444536.4620          9.3568     148551.0431      -2226.1514          0.0000          0.0000     569958.7579        301.6854 1352000000.0000

INFO:       1600         16.0000    1159925.2535     715813.2452     444112.0083          9.3624     148611.7882      -2132.7429          0.0000          0.0000     569334.1998        301.2227 1352000000.0000

INFO:       1620         16.2000    1159509.4073     715242.8046     444266.6027          9.3552     148436.9042      -1908.5956          0.0000          0.0000     568714.4961        301.3600 1352000000.0000

INFO:       1640         16.4000    1158735.2972     714603.4744     444131.8228          9.3495     148236.0111      -1740.8181          0.0000          0.0000     568108.2814        301.3069 1352000000.0000

INFO:       1660         16.6000    1157203.7333     713751.5635     443452.1698          9.3430     148096.2793      -1838.0875          0.0000          0.0000     567493.3716        300.7638 1352000000.0000

INFO:       1680         16.8000    1157259.5317     713111.0730     444148.4587          9.3522     148286.0327      -2062.9510          0.0000          0.0000     566887.9913        301.1808 1352000000.0000

INFO:       1700         17.0000    1156626.9955     712711.4734     443915.5221          9.3550     148523.7870      -2124.2150          0.0000          0.0000     566311.9014        301.1125 1352000000.0000

INFO:       1720         17.2000    1156459.7660     712392.1544     444067.6116          9.3697     148686.6400      -2056.2056          0.0000          0.0000     565761.7200        301.1698 1352000000.0000

INFO:       1740         17.4000    1155636.5092     711162.1609     444474.3483          9.3429     147968.9969      -2020.2608          0.0000          0.0000     565213.4248        301.3972 1352000000.0000

INFO:       1760         17.6000    1154628.4436     711181.9521     443446.4915          9.3541     148483.6074      -1990.1396          0.0000          0.0000     564688.4842        300.8430 1352000000.0000

INFO:       1780         17.8000    1154112.8442     710588.1477     443524.6965          9.3585     148424.4803      -1987.8431          0.0000          0.0000     564151.5105        300.7515 1352000000.0000

INFO:       1800         18.0000    1153497.3155     710547.0610     442950.2545          9.3635     148888.1494      -1966.5962          0.0000          0.0000     563625.5078        300.5227 1352000000.0000

INFO:       1820         18.2000    1152342.8576     709849.4400     442493.4176          9.3621     148628.9740      -1891.3498          0.0000          0.0000     563111.8157        300.1988 1352000000.0000

INFO:       1840         18.4000    1152102.5826     708976.2618     443126.3207          9.3512     148297.1693      -1891.6387          0.0000          0.0000     562570.7312        300.5228 1352000000.0000

INFO:       1860         18.6000    1151762.5208     708383.4752     443379.0456          9.3562     148286.7090      -1950.1813          0.0000          0.0000     562046.9475        300.8604 1352000000.0000

INFO:       1880         18.8000    1151538.6425     707902.6046     443636.0378          9.3504     148288.4567      -1917.5072          0.0000          0.0000     561531.6551        301.0182 1352000000.0000

INFO:       1900         19.0000    1151191.4344     707317.2481     443874.1863          9.3459     148192.9296      -1913.3037          0.0000          0.0000     561037.6223        301.1399 1352000000.0000

INFO:       1920         19.2000    1151124.8657     707403.2667     443721.5990          9.3633     148645.6951      -1818.3383          0.0000          0.0000     560575.9099        300.8626 1352000000.0000

INFO:       1940         19.4000    1150469.3151     707204.4410     443264.8742          9.3648     148703.8043      -1625.4174          0.0000          0.0000     560126.0541        300.6982 1352000000.0000

INFO:       1960         19.6000    1149829.0495     706824.3823     443004.6673          9.3663     148762.9135      -1613.4251          0.0000          0.0000     559674.8939        300.5299 1352000000.0000

INFO:       1980         19.8000    1149456.8209     706071.7780     443385.0429          9.3642     148731.6450      -1859.3282          0.0000          0.0000     559199.4612        300.8573 1352000000.0000

INFO:       2000         20.0000    1149394.7676     705309.3441     444085.4235          9.3613     148509.1144      -1951.4448          0.0000          0.0000     558751.6745        301.2519 1352000000.0000

 
[STEP6] Deallocate Arrays
 
Output_Time> Averaged timer profile (Min, Max)
  total time      =     113.948
    setup         =       3.562
    dynamics      =     110.386
      energy      =      97.598
      integrator  =      10.833
      migration   =       0.347
      pairlist    =       1.645 (       1.208,       2.160)
  energy           
    bond          =       1.266 (       0.895,       1.771)
    angle         =       0.012 (       0.011,       0.013)
    dihedral      =       0.011 (       0.010,       0.011)
    base stacking =       0.000 (       0.000,       0.000)
    nonbond       =      72.164 (      50.750,      93.862)
      CG exv      =       0.131 (       0.093,       0.174)
      CG DNA bp   =       0.000 (       0.000,       0.000)
      CG DNA exv  =       0.000 (       0.000,       0.000)
      CG ele      =      58.470 (      40.928,      76.592)
      CG PWMcos   =       0.000 (       0.000,       0.000)
      CG PWMcosns =       0.000 (       0.000,       0.000)
      CG IDR-HPS  =      13.558 (       9.725,      17.626)
      CG IDR-KH   =       0.000 (       0.000,       0.000)
      CG KH       =       0.000 (       0.000,       0.000)
      Contact     =       0.004 (       0.004,       0.004)
      pme real    =       0.000 (       0.000,       0.000)
      pme recip   =       0.000 (       0.000,       0.000)
    solvation     =       0.000 (       0.000,       0.000)
      polar       =       0.000 (       0.000,       0.000)
      non-polar   =       0.000 (       0.000,       0.000)
    restraint     =       0.000 (       0.000,       0.000)
    qmmm          =       0.000 (       0.000,       0.000)
    morph         =       0.000 (       0.000,       0.000)
  integrator       
    constraint    =       0.000 (       0.000,       0.000)
    update        =       0.000 (       0.000,       0.000)
    comm_coord    =       2.885 (       0.581,       5.051)
    comm_force    =       0.537 (       0.459,       0.590)
  migration       =       0.347 (       0.347,       0.347)
    comm_migrate  =       0.018 (       0.007,       0.030)
    ptl_migrate   =       0.028 (       0.021,       0.036)
    bond_migrate  =       0.005 (       0.004,       0.007)
    angl_migrate  =       0.001 (       0.001,       0.001)
    dihe_migrate  =       0.001 (       0.000,       0.001)
    contact_migr  =       0.000 (       0.000,       0.000)
    stack_migrate =       0.000 (       0.000,       0.000)
    pwmcos_migrate =       0.000 (       0.000,       0.000)
    pwmcosns_migr  =       0.000 (       0.000,       0.000)
    nonb_update    =       0.600 (       0.467,       0.765)

