****************************************************
*                                                  *
*                  GENESIS CGDYN                   *
*                                                  *
*        A Molecular Dynamics Simulator with       *
*           Spatial Decomposition Scheme           *
*                                                  *
*               Developed by RIKEN                 *
*                                                  *
****************************************************
 
[STEP0] Architecture and Compiler Information
 
GENESIS_Information> GENESIS Information
  version      = 2.0.0
  commit ID    = $GENESIS_VERSION$
  precision    = mixed 
  nonbonding   = CPU

Build_Information> Compiler Information
  build host   = jjwsmj@hokusai2
  fortran      = ifort (IFORT) 2021.7.1 20221019
  option       = 
  -axCORE-AVX512 -g -O3  -qmkl=parallel  -assume byterecl -qopenmp  
  C            = 
 icc: remark #10441: The Intel(R) C++ Compiler Classic (ICC) is deprecated and w
 ill be removed from product release in the second half of 2023. The Intel(R) on
 eAPI DPC++/C++ Compiler (ICX) is the recommended compiler moving forward. Pleas
 e transition to use this compiler. Use '-diag-disable=10441' to disable this me
 ssage.
  option       = -O3 -ip -axCORE-AVX2  -qopenmp 
  defined var. = 
  -DHAVE_MPI_GENESIS -DOMP -DIFORT19 -DFFTE -DLAPACK -DDSFMT_MEXP=19937 -DINTEL
  link option  = 
  -assume byterecl -lgfortran -qopenmp  -lmkl_intel_lp64 -lmkl_sequential -lmkl_
 core -lmkl_lapack95_lp64   
  MPI Compiler = Intel(R) MPI

Runtime_Information> Machine and Library Information
  date       = 2023/05/12 14:36:11
  cpu model    = Intel(R) Xeon(R) Gold 6148 CPU @ 2.40GHz
  exec. host   = jjwsmj@bwmpc0358
  LD library   = 
 /bwfefs/opt/x86_64/intel/oneapi/2022.3/mpi/2021.7.1/libfabric/lib:/bwfefs/opt/x
 86_64/intel/oneapi/2022.3/mpi/2021.7.1/lib/release:/bwfefs/opt/x86_64/intel/one
 api/2022.3/mpi/2021.7.1/lib:/bwfefs/opt/x86_64/intel/oneapi/2022.3/tbb/2021.7.1
 /lib/intel64/gcc4.8:/usr/lib64:/bwfefs/opt/x86_64/intel/oneapi/2022.3/vpl/2022.
 2.5/lib:/bwfefs/opt/x86_64/intel/oneapi/2022.3/mkl/latest/lib/intel64:/bwfefs/o
 pt/x86_64/intel/oneapi/2022.3/itac/2021.7.1/slib:/bwfefs/opt/x86_64/intel/oneap
 i/2022.3/ippcp/2021.6.2/lib/intel64:/bwfefs/opt/x86_64/intel/oneapi/2022.3/ipp/
 2021.6.2/lib/intel64:/bwfefs/opt/x86_64/intel/oneapi/2022.3/dnnl/2022.2.1/cpu_d
 pcpp_gpu_dpcpp/lib:/bwfefs/opt/x86_64/intel/oneapi/2022.3/dal/2021.7.1/lib/inte
 l64:/bwfefs/opt/x86_64/intel/oneapi/2022.3/compiler/2022.2.1/linux/compiler/lib
 :/bwfefs/opt/x86_64/intel/oneapi/2022.3/compiler/2022.2.1/linux/lib/oclfpga/hos
 t/linux64/lib:/bwfefs/opt/x86_64/intel/oneapi/2022.3/compiler/2022.2.1/linux/li
 b/oclfpga/linux64/lib:/bwfefs/opt/x86_64/intel/oneapi/2022.3/compiler/2022.2.1/
 linux/lib:/bwfefs/opt/x86_64/intel/oneapi/2022.3/compiler/2022.2.1/linux/lib/x6
 4:/bwfefs/opt/x86_64/intel/oneapi/2022.3/compiler/2022.2.1/linux/lib/emu:/bwfef
 s/opt/x86_64/intel/oneapi/2022.3/compiler/2022.2.1/linux/compiler/lib/intel64_l
 in:/bwfefs/opt/x86_64/intel/oneapi/2022.3/debugger/2021.7.1/dep/lib:/bwfefs/opt
 /x86_64/intel/oneapi/2022.3/debugger/2021.7.1/libipt/intel64/lib:/bwfefs/opt/x8
 6_64/intel/oneapi/2022.3/debugger/2021.7.1/gdb/intel64/lib:/bwfefs/opt/x86_64/
 MPI Runtime = Intel(R) MPI Library 2021.7 for Linux* OS


[STEP1] Read Control Parameters
 
Read_Ctrl_Input> Input Files
  grotopfile = pro.top
  grocrdfile = crd/pos_5000.gro
 
Read_Ctrl_Output> Output Files
 
Read_Ctrl_Energy> Parameters of Energy Calculations
  forcefield      =    RESIDCG
  output_style    =    GENESIS
 
Read_Ctrl_Dynamics> Parameters of MD simulation
  integrator      =       VVER  nsteps          =       2000
  timestep        =     0.0100  initial_time    =     0.0000
  eneout_period   =         20  rstout_period   =          0
  crdout_period   =          0  velout_period   =          0
  nbupdate_period =         20  stoptr_period   =         10
  lbupdate_period =          0
  iseed           =         -1
  annealing       =         no
  verbose         =         no
  target_md       =         no
  steered_md      =         no
 
Read_Ctrl_Ensemble> Parameters for Ensemble
  ensemble        =        NVT
  temperature     =    300.000
  tpcontrol       =   LANGEVIN
  gamma_t         =      1.000
 
Read_Ctrl_Boundary> Parameters of Boundary Condition
  type            =       PBC 
  box_size(x,y,z) =   3200.000   650.000   650.000
  min_domain_cell =          2
  domain (x,y,z)  =          4         2         2
 
Read_Ctrl_Selection> Parameters of Selection
  # of groups     =          0
  # of mole names =          0
 
Read_Ctrl_Restraints> No restraint in the system

Read_Ctrl_Fitting_MD> Parameters of Fitting
  fitting method  =  TR+ROT   
  fitting atom    = group1
  mass_weight     =         no
 
[STEP2] Setup MPI
 
Setup_Mpi_Md> Summary of Setup MPI
  number of MPI processes   =         16
  number of OpenMP threads  =          5
  total number of CPU cores =         80

[STEP3] Set Relevant Variables and Structures
 
Read_Grotop> Summary of Grotopfile
  num_moltypes    =          1
    pos100_cg             :
      num_atoms   =        100
      num_bonds   =         99
      num_angls   =          0
      num_dihes   =          0
      num_cmaps   =          0
      num_excls   =          0
      num_constrs =          0
      num_pairs   =          0
      num_vsites2 =          0
      num_vsites3 =          0
      num_vsites4 =          0
      num_vsitesn =          0
      num_posress =          0
      num_PWMcos  =          0
      num_PWMcosns=          0
      num_IDR_HPS =          1
      num_IDR_KH  =          0
    .. not used molecule types were hidden.

  num_molecules   =       5000
    pos100_cg             :  5000

  num_atomtypes   =         33  num_bondtypes   =          0
  num_angltypes   =          0  num_dihetypes   =          0
  num_flangltypes           20
  num_fldihetypes          400
  num_constrtypes =          0  num_cmaptypes   =          0
  num_nbonparms   =          0
  num_basestacktypes  =     16
  num_basepairtypes   =      4
  num_basecrosstypes  =     32
  num_cgdnaexvtypes   =      6
  num_cgelemolpairs   =      1
  num_cg_IDR_HPS_atomtypes  =     20
  num_cg_KH_atomtypes  =    20

  num_cg_pair_MJ_eps   =   400

Define_Molecule> Summary of molecules
  num_atoms       =     500000  num_bonds       =     495000
  num_angles      =          0  num_dihedrals   =          0
  num_impropers   =          0  num_cmap_terms  =          0
  num_residues    =     500000  num_molecules   =       5000
  num_segments    =          1  num_deg_freedom =    1500000
  total_charge    = 500000.000
 
Setup_Boundary_Cell> Set Variables for Boundary Condition
  domains (x,y,z) =          4         2         2
  ncells (x,y,z)  =        112        22        22
 
Define_Enefunc_Gromacs> Number of Interactions in Each Term
  bond_ene        =     495000  angle_ene       =          0
  torsion_ene     =          0
 restraint_groups =          0 restraint_funcs  =          0
 
Setup_Dynamics> Subtract 3 translational degrees of freedom
 
Update_Num_Deg_Freedom> Number of degrees of freedom was updated
  num_deg_freedom =    1499997 (After removing translation)
 
Random_Init> Initialize the random number
  seed            = 389774

Setup_Fitting_cgdyn> NO fitting is applied, skip
  fitting method  =  NO
 
[STEP4] Compute Single Point Energy for Molecules
 
            STEP          ENERGY            BOND  NATIVE_CONTACT NON-NATIVE_CONT           ELECT         IDR_HPS          CG_EXV
 --------------- --------------- --------------- --------------- ---------------
               0     853903.1380     170691.3245          0.0000          0.0000     681472.2486       1739.5649          0.0000

[STEP5] Perform Molecular Dynamics Simulation
 
Initial_Velocity> Generate initial velocities
  iseed           =     389774
  temperature     =    300.000
 
Random_Init_Velocity> Initialize the random number
  seed            = 389774

INFO:       STEP            TIME       TOTAL_ENE   POTENTIAL_ENE     KINETIC_ENE            RMSG            BOND         IDR_HPS  NATIVE_CONTACT          CG_EXV           ELECT     TEMPERATURE          VOLUME
 --------------- --------------- --------------- --------------- ---------------
INFO:          0          0.0000    1299822.3532     853903.1380     445919.2152         10.1780     170691.3245       1739.5649          0.0000          0.0000     681472.2486          0.0000 1352000000.0000

INFO:         20          0.2000    1295340.7213     842234.9444     453105.7769          9.8519     160827.8368        693.0357          0.0000          0.0000     680714.0719        307.4226 1352000000.0000

INFO:         40          0.4000    1289860.5087     835370.9597     454489.5490          9.7244     157823.0902      -1292.0729          0.0000          0.0000     678839.9424        308.4283 1352000000.0000

INFO:         60          0.6000    1284336.2023     829657.8005     454678.4017          9.6496     155925.1599      -2596.6292          0.0000          0.0000     676329.2698        308.4213 1352000000.0000

INFO:         80          0.8000    1278906.3026     824255.3229     454650.9797          9.5935     154335.9058      -3530.9298          0.0000          0.0000     673450.3469        308.4892 1352000000.0000

INFO:        100          1.0000    1273547.7223     819094.6479     454453.0744          9.5363     152987.3895      -4300.7786          0.0000          0.0000     670408.0370        308.2225 1352000000.0000

INFO:        120          1.2000    1268381.7991     814912.8162     453468.9829          9.5049     152160.6781      -4607.2352          0.0000          0.0000     667359.3733        307.5227 1352000000.0000

INFO:        140          1.4000    1263898.1876     810815.6899     453082.4977          9.4852     151471.8875      -4957.7253          0.0000          0.0000     664301.5277        307.3132 1352000000.0000

INFO:        160          1.6000    1259086.6408     806745.2482     452341.3926          9.4569     150660.9240      -5200.8651          0.0000          0.0000     661285.1894        306.9333 1352000000.0000

INFO:        180          1.8000    1255861.7020     803632.6346     452229.0673          9.4446     150531.4795      -5237.3842          0.0000          0.0000     658338.5393        306.6958 1352000000.0000

INFO:        200          2.0000    1251272.6310     800325.9509     450946.6801          9.4214     150127.6910      -5271.4510          0.0000          0.0000     655469.7108        305.9700 1352000000.0000

INFO:        220          2.2000    1248096.4990     797034.1833     451062.3157          9.4147     149772.9423      -5399.5953          0.0000          0.0000     652660.8364        305.9390 1352000000.0000

INFO:        240          2.4000    1244516.2752     794097.4933     450418.7820          9.4054     149525.2347      -5389.6272          0.0000          0.0000     649961.8857        305.5135 1352000000.0000

INFO:        260          2.6000    1240986.2269     791635.1543     449351.0726          9.3902     149430.2156      -5153.3736          0.0000          0.0000     647358.3123        304.7621 1352000000.0000

INFO:        280          2.8000    1237984.0870     788548.1924     449435.8946          9.3692     148711.1886      -5003.3053          0.0000          0.0000     644840.3091        304.8665 1352000000.0000

INFO:        300          3.0000    1234864.3510     786204.9283     448659.4227          9.3696     148801.0861      -4999.8700          0.0000          0.0000     642403.7122        304.2748 1352000000.0000

INFO:        320          3.2000    1232364.1530     783760.2933     448603.8597          9.3642     148576.2156      -4898.8143          0.0000          0.0000     640082.8920        304.1450 1352000000.0000

INFO:        340          3.4000    1229908.5712     782203.5317     447705.0395          9.3739     148956.1575      -4593.0712          0.0000          0.0000     637840.4454        303.5393 1352000000.0000

INFO:        360          3.6000    1227716.5394     779759.4868     447957.0526          9.3763     148744.3823      -4642.0866          0.0000          0.0000     635657.1911        303.8184 1352000000.0000

INFO:        380          3.8000    1225555.3348     778027.2968     447528.0380          9.3868     149113.0273      -4640.8195          0.0000          0.0000     633555.0889        303.5488 1352000000.0000

INFO:        400          4.0000    1223125.4652     775631.1293     447494.3358          9.3640     148466.4487      -4342.8879          0.0000          0.0000     631507.5685        303.4361 1352000000.0000

INFO:        420          4.2000    1220162.5756     773325.0203     446837.5553          9.3593     148222.4004      -4399.9398          0.0000          0.0000     629502.5598        303.1042 1352000000.0000

INFO:        440          4.4000    1218130.4174     771321.9108     446808.5067          9.3552     148204.3604      -4469.4371          0.0000          0.0000     627586.9875        302.9416 1352000000.0000

INFO:        460          4.6000    1216304.0099     769741.6526     446562.3573          9.3567     148268.0031      -4263.7578          0.0000          0.0000     625737.4073        302.7175 1352000000.0000

INFO:        480          4.8000    1214249.2634     768078.8601     446170.4032          9.3603     148440.0743      -4323.7791          0.0000          0.0000     623962.5649        302.6159 1352000000.0000

INFO:        500          5.0000    1212227.2930     766467.5363     445759.7567          9.3629     148480.5773      -4246.2034          0.0000          0.0000     622233.1624        302.2991 1352000000.0000

INFO:        520          5.2000    1210510.4184     764661.0753     445849.3430          9.3550     148280.4706      -4194.3613          0.0000          0.0000     620574.9661        302.3169 1352000000.0000

INFO:        540          5.4000    1209004.8274     763287.2273     445717.6001          9.3552     148352.7365      -4034.1789          0.0000          0.0000     618968.6698        302.2906 1352000000.0000

INFO:        560          5.6000    1207021.7011     762136.0708     444885.6302          9.3559     148620.8256      -3883.7234          0.0000          0.0000     617398.9687        301.7878 1352000000.0000

INFO:        580          5.8000    1205471.7723     760275.7616     445196.0107          9.3518     148135.9399      -3746.0178          0.0000          0.0000     615885.8395        301.8737 1352000000.0000

INFO:        600          6.0000    1204884.1678     759228.6654     445655.5023          9.3655     148460.2069      -3642.8216          0.0000          0.0000     614411.2801        302.2552 1352000000.0000

INFO:        620          6.2000    1204101.7293     757827.0445     446274.6848          9.3623     148503.0790      -3638.4793          0.0000          0.0000     612962.4448        302.7369 1352000000.0000

INFO:        640          6.4000    1203315.2790     756333.8517     446981.4273          9.3539     148498.5383      -3694.9973          0.0000          0.0000     611530.3106        303.1184 1352000000.0000

INFO:        660          6.6000    1201332.7941     754765.4511     446567.3430          9.3454     148202.5388      -3602.2711          0.0000          0.0000     610165.1834        302.7698 1352000000.0000

INFO:        680          6.8000    1199252.1116     753574.0663     445678.0453          9.3439     148217.4139      -3475.7131          0.0000          0.0000     608832.3655        302.1200 1352000000.0000

INFO:        700          7.0000    1197585.8643     752061.2122     445524.6521          9.3341     147806.2535      -3297.7158          0.0000          0.0000     607552.6744        302.2463 1352000000.0000

INFO:        720          7.2000    1196628.0213     751852.7676     444775.2537          9.3694     148718.2560      -3165.7549          0.0000          0.0000     606300.2665        301.7950 1352000000.0000

INFO:        740          7.4000    1195085.5089     750486.4637     444599.0452          9.3610     148677.0416      -3273.2862          0.0000          0.0000     605082.7083        301.6629 1352000000.0000

INFO:        760          7.6000    1193791.0017     748662.1885     445128.8131          9.3477     148052.6792      -3274.0576          0.0000          0.0000     603883.5669        301.9213 1352000000.0000

INFO:        780          7.8000    1192606.5363     748206.2021     444400.3342          9.3693     148636.6743      -3157.0004          0.0000          0.0000     602726.5282        301.5810 1352000000.0000

INFO:        800          8.0000    1192308.9081     746948.9818     445359.9263          9.3608     148633.5333      -3269.6299          0.0000          0.0000     601585.0784        302.0138 1352000000.0000

INFO:        820          8.2000    1191460.7458     746122.6427     445338.1031          9.3625     148785.5706      -3122.9349          0.0000          0.0000     600460.0071        301.9618 1352000000.0000

INFO:        840          8.4000    1190261.9373     744713.7608     445548.1765          9.3576     148498.4846      -3158.0937          0.0000          0.0000     599373.3699        302.3428 1352000000.0000

INFO:        860          8.6000    1188453.5978     743390.7698     445062.8279          9.3505     148113.1898      -3029.9016          0.0000          0.0000     598307.4816        302.0119 1352000000.0000

INFO:        880          8.8000    1187439.6410     742522.4878     444917.1532          9.3546     148313.9303      -3053.3593          0.0000          0.0000     597261.9167        301.6977 1352000000.0000

INFO:        900          9.0000    1186607.3706     741711.7543     444895.6163          9.3639     148549.8280      -3079.6591          0.0000          0.0000     596241.5854        301.7695 1352000000.0000

INFO:        920          9.2000    1186207.0457     740811.4636     445395.5821          9.3712     148583.3560      -3018.6288          0.0000          0.0000     595246.7364        301.9584 1352000000.0000

INFO:        940          9.4000    1185782.1245     740235.5761     445546.5485          9.3683     148860.2837      -2907.6279          0.0000          0.0000     594282.9203        302.2507 1352000000.0000

INFO:        960          9.6000    1185300.7799     739412.7538     445888.0261          9.3680     148827.3344      -2770.3199          0.0000          0.0000     593355.7393        302.3366 1352000000.0000

INFO:        980          9.8000    1184157.8813     738474.3561     445683.5252          9.3598     148634.0005      -2596.8697          0.0000          0.0000     592437.2253        302.1832 1352000000.0000

INFO:       1000         10.0000    1183286.5833     737768.1029     445518.4803          9.3654     148770.9785      -2552.0464          0.0000          0.0000     591549.1709        302.1512 1352000000.0000

INFO:       1020         10.2000    1182269.0746     736802.7682     445466.3063          9.3589     148605.3091      -2457.5122          0.0000          0.0000     590654.9713        302.1092 1352000000.0000

INFO:       1040         10.4000    1181242.7854     736113.5875     445129.1979          9.3681     148738.3688      -2403.7818          0.0000          0.0000     589779.0005        301.9192 1352000000.0000

INFO:       1060         10.6000    1180630.7503     735095.8117     445534.9386          9.3558     148437.7103      -2239.8304          0.0000          0.0000     588897.9318        302.1918 1352000000.0000

INFO:       1080         10.8000    1179792.8819     734160.4123     445632.4696          9.3537     148338.6740      -2211.1624          0.0000          0.0000     588032.9007        302.3291 1352000000.0000

INFO:       1100         11.0000    1178461.9592     733068.2127     445393.7466          9.3421     148161.3846      -2247.8471          0.0000          0.0000     587154.6751        302.1616 1352000000.0000

INFO:       1120         11.2000    1177483.8602     732634.1729     444849.6873          9.3652     148788.3301      -2437.0672          0.0000          0.0000     586282.9100        301.7039 1352000000.0000

INFO:       1140         11.4000    1175506.3848     731730.2909     443776.0939          9.3497     148566.9458      -2296.2197          0.0000          0.0000     585459.5648        301.0647 1352000000.0000

INFO:       1160         11.6000    1175117.9387     730298.7284     444819.2103          9.3370     148008.8175      -2353.9311          0.0000          0.0000     584643.8420        301.7281 1352000000.0000

INFO:       1180         11.8000    1173863.4631     729508.8764     444354.5868          9.3471     148114.5585      -2443.4887          0.0000          0.0000     583837.8066        301.3740 1352000000.0000

INFO:       1200         12.0000    1172803.9283     729150.0163     443653.9120          9.3545     148654.5118      -2541.6282          0.0000          0.0000     583037.1327        300.9635 1352000000.0000

INFO:       1220         12.2000    1171640.8273     727981.6977     443659.1296          9.3481     148336.5824      -2623.8797          0.0000          0.0000     582268.9949        300.9864 1352000000.0000

INFO:       1240         12.4000    1171383.4164     727250.3415     444133.0749          9.3451     148135.8074      -2419.8030          0.0000          0.0000     581534.3371        301.3061 1352000000.0000

INFO:       1260         12.6000    1170874.4511     726574.3459     444300.1052          9.3396     148120.3396      -2333.5494          0.0000          0.0000     580787.5556        301.4675 1352000000.0000

INFO:       1280         12.8000    1170295.7354     725853.1628     444442.5726          9.3428     148192.1995      -2377.0120          0.0000          0.0000     580037.9754        301.3406 1352000000.0000

INFO:       1300         13.0000    1169012.1950     725056.7957     443955.3993          9.3483     148197.1293      -2429.3221          0.0000          0.0000     579288.9885        301.0644 1352000000.0000

INFO:       1320         13.2000    1168600.9868     724394.3991     444206.5878          9.3538     148219.8674      -2383.9856          0.0000          0.0000     578558.5172        301.2687 1352000000.0000

INFO:       1340         13.4000    1167498.8002     723682.4516     443816.3486          9.3515     148233.2118      -2390.8119          0.0000          0.0000     577840.0517        301.0856 1352000000.0000

INFO:       1360         13.6000    1167366.2739     722790.6197     444575.6542          9.3428     148034.1470      -2373.1973          0.0000          0.0000     577129.6700        301.3805 1352000000.0000

INFO:       1380         13.8000    1167404.5585     722249.4043     445155.1542          9.3509     148181.5543      -2408.1757          0.0000          0.0000     576476.0257        301.8299 1352000000.0000

INFO:       1400         14.0000    1166256.7386     722133.6975     444123.0412          9.3543     148620.5656      -2290.4695          0.0000          0.0000     575803.6014        301.2960 1352000000.0000

INFO:       1420         14.2000    1165744.8828     720961.0302     444783.8526          9.3404     148026.9291      -2214.8557          0.0000          0.0000     575148.9569        301.6932 1352000000.0000

INFO:       1440         14.4000    1165231.3536     720926.3150     444305.0386          9.3603     148598.6614      -2150.1693          0.0000          0.0000     574477.8229        301.4580 1352000000.0000

INFO:       1460         14.6000    1164685.8837     720341.9520     444343.9318          9.3616     148708.3975      -2174.9450          0.0000          0.0000     573808.4996        301.3122 1352000000.0000

INFO:       1480         14.8000    1163307.8558     719583.8447     443724.0110          9.3550     148452.9526      -2017.5162          0.0000          0.0000     573148.4083        301.1052 1352000000.0000

INFO:       1500         15.0000    1162602.8666     718891.7705     443711.0962          9.3538     148349.1185      -1956.4700          0.0000          0.0000     572499.1219        300.9619 1352000000.0000

INFO:       1520         15.2000    1162064.4155     718587.8709     443476.5446          9.3591     148732.6982      -1987.9473          0.0000          0.0000     571843.1199        300.8604 1352000000.0000

INFO:       1540         15.4000    1161757.1222     717957.8653     443799.2568          9.3672     148705.5872      -1957.0087          0.0000          0.0000     571209.2869        301.0580 1352000000.0000

INFO:       1560         15.6000    1160327.0693     717216.9505     443110.1188          9.3645     148772.6671      -2126.2453          0.0000          0.0000     570570.5286        300.6124 1352000000.0000

INFO:       1580         15.8000    1160276.5144     716084.4880     444192.0264          9.3563     148348.4529      -2224.5525          0.0000          0.0000     569960.5877        301.2419 1352000000.0000

INFO:       1600         16.0000    1159530.4678     715422.2504     444108.2174          9.3428     148084.1017      -2031.8258          0.0000          0.0000     569369.9745        301.3192 1352000000.0000

INFO:       1620         16.2000    1158666.4410     715202.9669     443463.4741          9.3432     148322.9374      -1913.8891          0.0000          0.0000     568793.9186        300.8059 1352000000.0000

INFO:       1640         16.4000    1158711.9176     714577.6164     444134.3012          9.3442     148336.5111      -1984.3837          0.0000          0.0000     568225.4890        301.2468 1352000000.0000

INFO:       1660         16.6000    1158474.6065     714402.5412     444072.0653          9.3564     148621.8066      -1898.4843          0.0000          0.0000     567679.2189        301.1701 1352000000.0000

INFO:       1680         16.8000    1157500.6085     713671.0564     443829.5521          9.3427     148337.8854      -1804.5326          0.0000          0.0000     567137.7037        300.9532 1352000000.0000

INFO:       1700         17.0000    1156387.8776     712898.5446     443489.3330          9.3373     148163.8517      -1855.3903          0.0000          0.0000     566590.0832        300.9027 1352000000.0000

INFO:       1720         17.2000    1155371.2585     712654.7831     442716.4754          9.3436     148455.9264      -1821.4367          0.0000          0.0000     566020.2934        300.3361 1352000000.0000

INFO:       1740         17.4000    1154876.5593     711975.3541     442901.2052          9.3436     148327.5345      -1811.7927          0.0000          0.0000     565459.6123        300.4102 1352000000.0000

INFO:       1760         17.6000    1154082.9719     711210.1295     442872.8424          9.3377     148146.1790      -1830.9923          0.0000          0.0000     564894.9429        300.5165 1352000000.0000

INFO:       1780         17.8000    1153637.8244     710842.6350     442795.1894          9.3444     148510.6412      -1983.6942          0.0000          0.0000     564315.6880        300.3255 1352000000.0000

INFO:       1800         18.0000    1152763.7365     710224.1659     442539.5706          9.3499     148433.1592      -1973.8283          0.0000          0.0000     563764.8350        300.3037 1352000000.0000

INFO:       1820         18.2000    1152689.3486     709978.9362     442710.4125          9.3517     148653.2125      -1895.8926          0.0000          0.0000     563221.6163        300.3024 1352000000.0000

INFO:       1840         18.4000    1152118.0415     709344.8940     442773.1475          9.3487     148447.9081      -1786.9980          0.0000          0.0000     562683.9840        300.3690 1352000000.0000

INFO:       1860         18.6000    1152133.5987     709041.2510     443092.3477          9.3498     148596.8994      -1711.7104          0.0000          0.0000     562156.0619        300.6250 1352000000.0000

INFO:       1880         18.8000    1151865.0445     707670.5117     444194.5328          9.3331     147890.3378      -1846.7813          0.0000          0.0000     561626.9552        301.3710 1352000000.0000

INFO:       1900         19.0000    1151288.4784     707666.8844     443621.5940          9.3470     148317.8264      -1772.9336          0.0000          0.0000     561121.9916        300.7532 1352000000.0000

INFO:       1920         19.2000    1150618.4208     707245.7960     443372.6248          9.3521     148368.1434      -1742.2078          0.0000          0.0000     560619.8603        300.7458 1352000000.0000

INFO:       1940         19.4000    1150421.4341     706653.8948     443767.5393          9.3575     148393.7781      -1862.5539          0.0000          0.0000     560122.6706        301.0738 1352000000.0000

INFO:       1960         19.6000    1149360.5208     705596.1701     443764.3507          9.3382     147815.8882      -1863.1533          0.0000          0.0000     559643.4353        300.9798 1352000000.0000

INFO:       1980         19.8000    1148946.7516     705704.7323     443242.0193          9.3398     148275.9136      -1742.4409          0.0000          0.0000     559171.2596        300.6871 1352000000.0000

INFO:       2000         20.0000    1148585.4752     705277.1606     443308.3147          9.3482     148379.5731      -1805.8853          0.0000          0.0000     558703.4727        300.7278 1352000000.0000

 
[STEP6] Deallocate Arrays
 
Output_Time> Averaged timer profile (Min, Max)
  total time      =     112.249
    setup         =       3.593
    dynamics      =     108.656
      energy      =      95.898
      integrator  =      10.802
      migration   =       0.346
      pairlist    =       1.645 (       1.211,       2.130)
  energy           
    bond          =       1.252 (       0.920,       1.637)
    angle         =       0.012 (       0.011,       0.014)
    dihedral      =       0.011 (       0.010,       0.012)
    base stacking =       0.000 (       0.000,       0.000)
    nonbond       =      71.808 (      54.176,      92.706)
      CG exv      =       0.132 (       0.096,       0.170)
      CG DNA bp   =       0.000 (       0.000,       0.000)
      CG DNA exv  =       0.000 (       0.000,       0.000)
      CG ele      =      58.182 (      44.331,      74.964)
      CG PWMcos   =       0.000 (       0.000,       0.000)
      CG PWMcosns =       0.000 (       0.000,       0.000)
      CG IDR-HPS  =      13.489 (       9.744,      17.567)
      CG IDR-KH   =       0.000 (       0.000,       0.000)
      CG KH       =       0.000 (       0.000,       0.000)
      Contact     =       0.004 (       0.003,       0.004)
      pme real    =       0.000 (       0.000,       0.000)
      pme recip   =       0.000 (       0.000,       0.000)
    solvation     =       0.000 (       0.000,       0.000)
      polar       =       0.000 (       0.000,       0.000)
      non-polar   =       0.000 (       0.000,       0.000)
    restraint     =       0.000 (       0.000,       0.000)
    qmmm          =       0.000 (       0.000,       0.000)
    morph         =       0.000 (       0.000,       0.000)
  integrator       
    constraint    =       0.000 (       0.000,       0.000)
    update        =       0.000 (       0.000,       0.000)
    comm_coord    =       2.839 (       0.598,       4.998)
    comm_force    =       0.539 (       0.458,       0.595)
  migration       =       0.346 (       0.346,       0.346)
    comm_migrate  =       0.019 (       0.007,       0.030)
    ptl_migrate   =       0.028 (       0.020,       0.036)
    bond_migrate  =       0.005 (       0.004,       0.007)
    angl_migrate  =       0.001 (       0.001,       0.001)
    dihe_migrate  =       0.001 (       0.000,       0.001)
    contact_migr  =       0.000 (       0.000,       0.000)
    stack_migrate =       0.000 (       0.000,       0.000)
    pwmcos_migrate =       0.000 (       0.000,       0.000)
    pwmcosns_migr  =       0.000 (       0.000,       0.000)
    nonb_update    =       0.596 (       0.461,       0.759)

