****************************************************
*                                                  *
*                  GENESIS CGDYN                   *
*                                                  *
*        A Molecular Dynamics Simulator with       *
*           Spatial Decomposition Scheme           *
*                                                  *
*               Developed by RIKEN                 *
*                                                  *
****************************************************
 
[STEP0] Architecture and Compiler Information
 
GENESIS_Information> GENESIS Information
  version      = 2.0.0
  commit ID    = $GENESIS_VERSION$
  precision    = mixed 
  nonbonding   = CPU

Build_Information> Compiler Information
  build host   = jjwsmj@hokusai2
  fortran      = ifort (IFORT) 2021.7.1 20221019
  option       = 
  -axCORE-AVX512 -g -O3  -qmkl=parallel  -assume byterecl -qopenmp  
  C            = 
 icc: remark #10441: The Intel(R) C++ Compiler Classic (ICC) is deprecated and w
 ill be removed from product release in the second half of 2023. The Intel(R) on
 eAPI DPC++/C++ Compiler (ICX) is the recommended compiler moving forward. Pleas
 e transition to use this compiler. Use '-diag-disable=10441' to disable this me
 ssage.
  option       = -O3 -ip -axCORE-AVX2  -qopenmp 
  defined var. = 
  -DHAVE_MPI_GENESIS -DOMP -DIFORT19 -DFFTE -DLAPACK -DDSFMT_MEXP=19937 -DINTEL
  link option  = 
  -assume byterecl -lgfortran -qopenmp  -lmkl_intel_lp64 -lmkl_sequential -lmkl_
 core -lmkl_lapack95_lp64   
  MPI Compiler = Intel(R) MPI

Runtime_Information> Machine and Library Information
  date       = 2023/05/12 14:36:09
  cpu model    = Intel(R) Xeon(R) Gold 6148 CPU @ 2.40GHz
  exec. host   = jjwsmj@bwmpc0350
  LD library   = 
 /bwfefs/opt/x86_64/intel/oneapi/2022.3/mpi/2021.7.1/libfabric/lib:/bwfefs/opt/x
 86_64/intel/oneapi/2022.3/mpi/2021.7.1/lib/release:/bwfefs/opt/x86_64/intel/one
 api/2022.3/mpi/2021.7.1/lib:/bwfefs/opt/x86_64/intel/oneapi/2022.3/tbb/2021.7.1
 /lib/intel64/gcc4.8:/usr/lib64:/bwfefs/opt/x86_64/intel/oneapi/2022.3/vpl/2022.
 2.5/lib:/bwfefs/opt/x86_64/intel/oneapi/2022.3/mkl/latest/lib/intel64:/bwfefs/o
 pt/x86_64/intel/oneapi/2022.3/itac/2021.7.1/slib:/bwfefs/opt/x86_64/intel/oneap
 i/2022.3/ippcp/2021.6.2/lib/intel64:/bwfefs/opt/x86_64/intel/oneapi/2022.3/ipp/
 2021.6.2/lib/intel64:/bwfefs/opt/x86_64/intel/oneapi/2022.3/dnnl/2022.2.1/cpu_d
 pcpp_gpu_dpcpp/lib:/bwfefs/opt/x86_64/intel/oneapi/2022.3/dal/2021.7.1/lib/inte
 l64:/bwfefs/opt/x86_64/intel/oneapi/2022.3/compiler/2022.2.1/linux/compiler/lib
 :/bwfefs/opt/x86_64/intel/oneapi/2022.3/compiler/2022.2.1/linux/lib/oclfpga/hos
 t/linux64/lib:/bwfefs/opt/x86_64/intel/oneapi/2022.3/compiler/2022.2.1/linux/li
 b/oclfpga/linux64/lib:/bwfefs/opt/x86_64/intel/oneapi/2022.3/compiler/2022.2.1/
 linux/lib:/bwfefs/opt/x86_64/intel/oneapi/2022.3/compiler/2022.2.1/linux/lib/x6
 4:/bwfefs/opt/x86_64/intel/oneapi/2022.3/compiler/2022.2.1/linux/lib/emu:/bwfef
 s/opt/x86_64/intel/oneapi/2022.3/compiler/2022.2.1/linux/compiler/lib/intel64_l
 in:/bwfefs/opt/x86_64/intel/oneapi/2022.3/debugger/2021.7.1/dep/lib:/bwfefs/opt
 /x86_64/intel/oneapi/2022.3/debugger/2021.7.1/libipt/intel64/lib:/bwfefs/opt/x8
 6_64/intel/oneapi/2022.3/debugger/2021.7.1/gdb/intel64/lib:/bwfefs/opt/x86_64/
 MPI Runtime = Intel(R) MPI Library 2021.7 for Linux* OS


[STEP1] Read Control Parameters
 
Read_Ctrl_Input> Input Files
  grotopfile = pro.top
  grocrdfile = crd/pos_5000.gro
 
Read_Ctrl_Output> Output Files
 
Read_Ctrl_Energy> Parameters of Energy Calculations
  forcefield      =    RESIDCG
  output_style    =    GENESIS
 
Read_Ctrl_Dynamics> Parameters of MD simulation
  integrator      =       VVER  nsteps          =       2000
  timestep        =     0.0100  initial_time    =     0.0000
  eneout_period   =         20  rstout_period   =          0
  crdout_period   =          0  velout_period   =          0
  nbupdate_period =         20  stoptr_period   =         10
  lbupdate_period =          0
  iseed           =         -1
  annealing       =         no
  verbose         =         no
  target_md       =         no
  steered_md      =         no
 
Read_Ctrl_Ensemble> Parameters for Ensemble
  ensemble        =        NVT
  temperature     =    300.000
  tpcontrol       =   LANGEVIN
  gamma_t         =      1.000
 
Read_Ctrl_Boundary> Parameters of Boundary Condition
  type            =       PBC 
  box_size(x,y,z) =   3200.000   650.000   650.000
  min_domain_cell =          2
  domain (x,y,z)  =          4         2         2
 
Read_Ctrl_Selection> Parameters of Selection
  # of groups     =          0
  # of mole names =          0
 
Read_Ctrl_Restraints> No restraint in the system

Read_Ctrl_Fitting_MD> Parameters of Fitting
  fitting method  =  TR+ROT   
  fitting atom    = group1
  mass_weight     =         no
 
[STEP2] Setup MPI
 
Setup_Mpi_Md> Summary of Setup MPI
  number of MPI processes   =         16
  number of OpenMP threads  =          5
  total number of CPU cores =         80

[STEP3] Set Relevant Variables and Structures
 
Read_Grotop> Summary of Grotopfile
  num_moltypes    =          1
    pos100_cg             :
      num_atoms   =        100
      num_bonds   =         99
      num_angls   =          0
      num_dihes   =          0
      num_cmaps   =          0
      num_excls   =          0
      num_constrs =          0
      num_pairs   =          0
      num_vsites2 =          0
      num_vsites3 =          0
      num_vsites4 =          0
      num_vsitesn =          0
      num_posress =          0
      num_PWMcos  =          0
      num_PWMcosns=          0
      num_IDR_HPS =          1
      num_IDR_KH  =          0
    .. not used molecule types were hidden.

  num_molecules   =       5000
    pos100_cg             :  5000

  num_atomtypes   =         33  num_bondtypes   =          0
  num_angltypes   =          0  num_dihetypes   =          0
  num_flangltypes           20
  num_fldihetypes          400
  num_constrtypes =          0  num_cmaptypes   =          0
  num_nbonparms   =          0
  num_basestacktypes  =     16
  num_basepairtypes   =      4
  num_basecrosstypes  =     32
  num_cgdnaexvtypes   =      6
  num_cgelemolpairs   =      1
  num_cg_IDR_HPS_atomtypes  =     20
  num_cg_KH_atomtypes  =    20

  num_cg_pair_MJ_eps   =   400

Define_Molecule> Summary of molecules
  num_atoms       =     500000  num_bonds       =     495000
  num_angles      =          0  num_dihedrals   =          0
  num_impropers   =          0  num_cmap_terms  =          0
  num_residues    =     500000  num_molecules   =       5000
  num_segments    =          1  num_deg_freedom =    1500000
  total_charge    = 500000.000
 
Setup_Boundary_Cell> Set Variables for Boundary Condition
  domains (x,y,z) =          4         2         2
  ncells (x,y,z)  =        112        22        22
 
Define_Enefunc_Gromacs> Number of Interactions in Each Term
  bond_ene        =     495000  angle_ene       =          0
  torsion_ene     =          0
 restraint_groups =          0 restraint_funcs  =          0
 
Setup_Dynamics> Subtract 3 translational degrees of freedom
 
Update_Num_Deg_Freedom> Number of degrees of freedom was updated
  num_deg_freedom =    1499997 (After removing translation)
 
Random_Init> Initialize the random number
  seed            = 280574

Setup_Fitting_cgdyn> NO fitting is applied, skip
  fitting method  =  NO
 
[STEP4] Compute Single Point Energy for Molecules
 
            STEP          ENERGY            BOND  NATIVE_CONTACT NON-NATIVE_CONT           ELECT         IDR_HPS          CG_EXV
 --------------- --------------- --------------- --------------- ---------------
               0     853903.1380     170691.3245          0.0000          0.0000     681472.2486       1739.5649          0.0000

[STEP5] Perform Molecular Dynamics Simulation
 
Initial_Velocity> Generate initial velocities
  iseed           =     280574
  temperature     =    300.000
 
Random_Init_Velocity> Initialize the random number
  seed            = 280574

INFO:       STEP            TIME       TOTAL_ENE   POTENTIAL_ENE     KINETIC_ENE            RMSG            BOND         IDR_HPS  NATIVE_CONTACT          CG_EXV           ELECT     TEMPERATURE          VOLUME
 --------------- --------------- --------------- --------------- ---------------
INFO:          0          0.0000    1300950.3343     853903.1380     447047.1963         10.1780     170691.3245       1739.5649          0.0000          0.0000     681472.2486          0.0000 1352000000.0000

INFO:         20          0.2000    1295796.8297     841916.5030     453880.3267          9.8460     160562.0591        632.5989          0.0000          0.0000     680721.8450        307.8763 1352000000.0000

INFO:         40          0.4000    1291286.8077     835868.8729     455417.9348          9.7334     158221.3765      -1226.7713          0.0000          0.0000     678874.2677        309.1125 1352000000.0000

INFO:         60          0.6000    1285156.4648     829789.6364     455366.8285          9.6505     155949.4579      -2518.1018          0.0000          0.0000     676358.2803        309.0485 1352000000.0000

INFO:         80          0.8000    1279845.9639     824292.0006     455553.9633          9.5906     154373.9318      -3554.4524          0.0000          0.0000     673472.5212        308.8621 1352000000.0000

INFO:        100          1.0000    1274959.2980     819490.8491     455468.4489          9.5603     153556.6562      -4463.2146          0.0000          0.0000     670397.4074        309.0356 1352000000.0000

INFO:        120          1.2000    1269593.7161     814663.1709     454930.5452          9.5087     152286.7736      -4928.6924          0.0000          0.0000     667305.0898        308.6090 1352000000.0000

INFO:        140          1.4000    1264798.8180     810833.0578     453965.7602          9.4838     151696.9674      -5079.6860          0.0000          0.0000     664215.7764        307.8347 1352000000.0000

INFO:        160          1.6000    1260288.7063     806994.0476     453294.6587          9.4609     150968.5063      -5122.3724          0.0000          0.0000     661147.9137        307.5106 1352000000.0000

INFO:        180          1.8000    1256381.4823     803582.4832     452798.9990          9.4464     150648.7693      -5245.3546          0.0000          0.0000     658179.0685        307.0497 1352000000.0000

INFO:        200          2.0000    1252345.2966     800515.6745     451829.6220          9.4407     150411.9677      -5203.2456          0.0000          0.0000     655306.9525        306.2723 1352000000.0000

INFO:        220          2.2000    1247967.1555     797190.4993     450776.6562          9.4140     149693.6656      -5046.0160          0.0000          0.0000     652542.8496        305.7192 1352000000.0000

INFO:        240          2.4000    1244142.8058     794045.2238     450097.5820          9.4042     149212.4279      -5043.9614          0.0000          0.0000     649876.7574        305.2329 1352000000.0000

INFO:        260          2.6000    1240749.4526     791270.3994     449479.0532          9.3905     148971.6908      -4997.0712          0.0000          0.0000     647295.7797        304.8139 1352000000.0000

INFO:        280          2.8000    1237887.5642     788257.5573     449630.0069          9.3726     148488.5903      -5020.3484          0.0000          0.0000     644789.3154        304.8640 1352000000.0000

INFO:        300          3.0000    1235049.6332     786153.1661     448896.4671          9.3782     148740.2618      -4941.6018          0.0000          0.0000     642354.5060        304.4613 1352000000.0000

INFO:        320          3.2000    1232315.9015     783988.1489     448327.7526          9.3832     148806.6927      -4844.1435          0.0000          0.0000     640025.5997        304.0324 1352000000.0000

INFO:        340          3.4000    1229477.1462     781438.2008     448038.9455          9.3631     148519.7260      -4827.1956          0.0000          0.0000     637745.6704        304.0274 1352000000.0000

INFO:        360          3.6000    1227236.0821     779629.5509     447606.5311          9.3731     148827.9696      -4739.9243          0.0000          0.0000     635541.5056        303.6586 1352000000.0000

INFO:        380          3.8000    1225073.3137     777055.0808     448018.2330          9.3582     148317.0409      -4714.5031          0.0000          0.0000     633452.5429        303.9722 1352000000.0000

INFO:        400          4.0000    1222320.8583     775223.9587     447096.8996          9.3621     148420.8606      -4640.6707          0.0000          0.0000     631443.7688        303.3378 1352000000.0000

INFO:        420          4.2000    1220018.8109     772993.8388     447024.9721          9.3408     147944.3730      -4457.5444          0.0000          0.0000     629507.0102        303.2389 1352000000.0000

INFO:        440          4.4000    1217715.9656     770934.6500     446781.3156          9.3356     147784.8680      -4466.5575          0.0000          0.0000     627616.3395        302.9817 1352000000.0000

INFO:        460          4.6000    1215739.0298     769516.4572     446222.5725          9.3512     148231.0974      -4500.1460          0.0000          0.0000     625785.5058        302.5858 1352000000.0000

INFO:        480          4.8000    1213986.9024     767488.2485     446498.6539          9.3525     147999.5867      -4519.4082          0.0000          0.0000     624008.0700        302.8355 1352000000.0000

INFO:        500          5.0000    1212064.9104     766251.1134     445813.7970          9.3646     148371.9366      -4430.8525          0.0000          0.0000     622310.0293        302.3276 1352000000.0000

INFO:        520          5.2000    1211283.4860     764551.4226     446732.0634          9.3540     148196.4059      -4322.1561          0.0000          0.0000     620677.1728        303.0392 1352000000.0000

INFO:        540          5.4000    1209492.8314     763379.9423     446112.8892          9.3604     148473.8817      -4216.5910          0.0000          0.0000     619122.6516        302.5882 1352000000.0000

INFO:        560          5.6000    1207591.3922     762048.4215     445542.9706          9.3603     148413.5880      -3963.1890          0.0000          0.0000     617598.0225        302.2096 1352000000.0000

INFO:        580          5.8000    1206838.6429     760322.2762     446516.3666          9.3526     148083.5825      -3846.1632          0.0000          0.0000     616084.8569        302.8239 1352000000.0000

INFO:        600          6.0000    1204225.0346     758933.9050     445291.1296          9.3551     148233.4318      -3888.0293          0.0000          0.0000     614588.5026        302.1361 1352000000.0000

INFO:        620          6.2000    1202981.4776     757720.6197     445260.8579          9.3660     148513.6599      -3923.5784          0.0000          0.0000     613130.5382        302.1078 1352000000.0000

INFO:        640          6.4000    1201772.4753     756143.5939     445628.8813          9.3594     148361.0669      -3907.2731          0.0000          0.0000     611689.8001        302.2715 1352000000.0000

INFO:        660          6.6000    1201075.8718     755309.4953     445766.3765          9.3772     148789.1123      -3801.9367          0.0000          0.0000     610322.3197        302.2585 1352000000.0000

INFO:        680          6.8000    1199210.7280     754224.0561     444986.6719          9.3627     148658.1449      -3444.0720          0.0000          0.0000     609009.9832        301.7438 1352000000.0000

INFO:        700          7.0000    1198554.5743     752560.5871     445993.9872          9.3587     148250.9543      -3428.2008          0.0000          0.0000     607737.8335        302.4627 1352000000.0000

INFO:        720          7.2000    1197240.9214     751806.5947     445434.3267          9.3677     148813.9048      -3510.3855          0.0000          0.0000     606503.0754        302.2453 1352000000.0000

INFO:        740          7.4000    1195433.2177     750214.6970     445218.5207          9.3500     148326.7521      -3405.1588          0.0000          0.0000     605293.1037        302.0627 1352000000.0000

INFO:        760          7.6000    1194376.0195     749359.0185     445017.0011          9.3607     148497.3815      -3242.5424          0.0000          0.0000     604104.1794        301.8708 1352000000.0000

INFO:        780          7.8000    1193753.0398     748049.6044     445703.4354          9.3566     148462.9448      -3343.7997          0.0000          0.0000     602930.4592        302.2218 1352000000.0000

INFO:        800          8.0000    1192153.8886     746669.8009     445484.0877          9.3464     148310.4308      -3416.0001          0.0000          0.0000     601775.3702        302.0765 1352000000.0000

INFO:        820          8.2000    1191225.6718     745816.0409     445409.6309          9.3570     148443.8698      -3280.8016          0.0000          0.0000     600652.9727        302.0172 1352000000.0000

INFO:        840          8.4000    1189538.5762     744786.4034     444752.1728          9.3463     148251.4944      -3033.3405          0.0000          0.0000     599568.2495        301.7826 1352000000.0000

INFO:        860          8.6000    1188893.4977     744071.5336     444821.9641          9.3611     148386.8154      -2822.6242          0.0000          0.0000     598507.3423        301.7686 1352000000.0000

INFO:        880          8.8000    1187187.4726     742691.2030     444496.2696          9.3507     148179.7773      -2913.8093          0.0000          0.0000     597425.2349        301.3626 1352000000.0000

INFO:        900          9.0000    1185793.0782     741265.0228     444528.0554          9.3544     148003.6278      -3079.6904          0.0000          0.0000     596341.0854        301.5079 1352000000.0000

INFO:        920          9.2000    1185424.6569     740551.5027     444873.1542          9.3599     148288.2441      -3032.3706          0.0000          0.0000     595295.6291        301.8167 1352000000.0000

INFO:        940          9.4000    1184387.6935     739672.6327     444715.0608          9.3550     148224.9376      -2828.3057          0.0000          0.0000     594276.0008        301.6409 1352000000.0000

INFO:        960          9.6000    1183258.8297     738238.8133     445020.0164          9.3373     147701.3865      -2759.7409          0.0000          0.0000     593297.1677        301.7741 1352000000.0000

INFO:        980          9.8000    1182231.2817     737865.9108     444365.3710          9.3510     148499.5010      -2946.8766          0.0000          0.0000     592313.2864        301.4566 1352000000.0000

INFO:       1000         10.0000    1181036.0041     736551.7048     444484.2994          9.3506     148137.8578      -2932.2504          0.0000          0.0000     591346.0974        301.5498 1352000000.0000

INFO:       1020         10.2000    1180261.1163     735700.1205     444560.9957          9.3510     148273.3960      -2973.1513          0.0000          0.0000     590399.8758        301.5387 1352000000.0000

INFO:       1040         10.4000    1179479.2470     734877.9246     444601.3224          9.3521     148353.6487      -2976.1102          0.0000          0.0000     589500.3861        301.4538 1352000000.0000

INFO:       1060         10.6000    1179021.1691     734247.6012     444773.5680          9.3562     148356.9047      -2738.6976          0.0000          0.0000     588629.3941        301.6764 1352000000.0000

INFO:       1080         10.8000    1178617.2131     733358.1924     445259.0207          9.3520     148243.9469      -2648.6787          0.0000          0.0000     587762.9242        302.0233 1352000000.0000

INFO:       1100         11.0000    1177437.5495     732800.2940     444637.2555          9.3629     148577.5952      -2686.5807          0.0000          0.0000     586909.2795        301.6132 1352000000.0000

INFO:       1120         11.2000    1176317.5569     732133.5899     444183.9670          9.3669     148763.8784      -2696.4237          0.0000          0.0000     586066.1351        301.3702 1352000000.0000

INFO:       1140         11.4000    1175379.3473     730974.4432     444404.9041          9.3527     148398.5929      -2655.4210          0.0000          0.0000     585231.2714        301.3883 1352000000.0000

INFO:       1160         11.6000    1174415.4667     730353.3062     444062.1606          9.3549     148405.4241      -2457.3477          0.0000          0.0000     584405.2298        301.1880 1352000000.0000

INFO:       1180         11.8000    1173349.2145     729710.5111     443638.7034          9.3611     148478.7378      -2363.7008          0.0000          0.0000     583595.4742        300.9342 1352000000.0000

INFO:       1200         12.0000    1172619.6984     728777.1441     443842.5543          9.3574     148353.0985      -2369.6110          0.0000          0.0000     582793.6566        301.2231 1352000000.0000

INFO:       1220         12.2000    1172052.3896     727722.3122     444330.0775          9.3604     148203.6211      -2503.8148          0.0000          0.0000     582022.5058        301.5506 1352000000.0000

INFO:       1240         12.4000    1171982.3885     727401.8644     444580.5241          9.3588     148617.2030      -2469.7401          0.0000          0.0000     581254.4015        301.5781 1352000000.0000

INFO:       1260         12.6000    1170412.3106     726278.3111     444133.9996          9.3532     148258.2560      -2471.2511          0.0000          0.0000     580491.3062        301.3655 1352000000.0000

INFO:       1280         12.8000    1170044.3407     725771.9390     444272.4017          9.3607     148616.0750      -2582.6847          0.0000          0.0000     579738.5487        301.3591 1352000000.0000

INFO:       1300         13.0000    1169610.6415     725055.0862     444555.5552          9.3615     148727.5913      -2681.4768          0.0000          0.0000     579008.9717        301.4385 1352000000.0000

INFO:       1320         13.2000    1168485.8794     724140.1438     444345.7356          9.3493     148366.3165      -2539.2956          0.0000          0.0000     578313.1229        301.3347 1352000000.0000

INFO:       1340         13.4000    1167500.5310     724216.9300     443283.6010          9.3690     148911.0292      -2355.5899          0.0000          0.0000     577661.4908        300.6224 1352000000.0000

INFO:       1360         13.6000    1167548.9541     723340.5866     444208.3675          9.3622     148568.8468      -2249.2755          0.0000          0.0000     577021.0153        301.3228 1352000000.0000

INFO:       1380         13.8000    1166707.3410     722813.0079     443894.3331          9.3551     148609.6356      -2177.6198          0.0000          0.0000     576380.9920        301.1228 1352000000.0000

INFO:       1400         14.0000    1165483.7607     722042.9841     443440.7767          9.3448     148295.7026      -1995.4622          0.0000          0.0000     575742.7436        300.9448 1352000000.0000

INFO:       1420         14.2000    1164507.7714     721468.0396     443039.7318          9.3443     148272.4950      -1901.2425          0.0000          0.0000     575096.7871        300.4812 1352000000.0000

INFO:       1440         14.4000    1163901.7190     720788.8017     443112.9173          9.3400     148317.4109      -1945.4811          0.0000          0.0000     574416.8719        300.6462 1352000000.0000

INFO:       1460         14.6000    1163702.1254     719711.1231     443991.0023          9.3301     148072.1989      -2092.9891          0.0000          0.0000     573731.9133        301.1753 1352000000.0000

INFO:       1480         14.8000    1163804.6248     719392.9433     444411.6815          9.3549     148415.8605      -2105.9630          0.0000          0.0000     573083.0458        301.4486 1352000000.0000

INFO:       1500         15.0000    1163655.3043     719000.1062     444655.1981          9.3568     148593.6611      -2056.7567          0.0000          0.0000     572463.2017        301.6694 1352000000.0000

INFO:       1520         15.2000    1162308.3711     717868.9862     444439.3849          9.3371     148096.9044      -2083.1209          0.0000          0.0000     571855.2027        301.3756 1352000000.0000

INFO:       1540         15.4000    1161946.0734     717671.0565     444275.0169          9.3536     148444.4564      -2025.3746          0.0000          0.0000     571251.9747        301.3341 1352000000.0000

INFO:       1560         15.6000    1161654.6596     716806.1880     444848.4716          9.3450     148302.4799      -2126.6465          0.0000          0.0000     570630.3547        301.7426 1352000000.0000

INFO:       1580         15.8000    1161390.5579     716352.0456     445038.5123          9.3527     148348.0142      -2053.9983          0.0000          0.0000     570058.0297        301.6036 1352000000.0000

INFO:       1600         16.0000    1159922.9651     715830.1437     444092.8213          9.3477     148304.8837      -1961.7817          0.0000          0.0000     569487.0418        301.2656 1352000000.0000

INFO:       1620         16.2000    1159311.4207     714865.1802     444446.2405          9.3311     148028.1852      -2096.8823          0.0000          0.0000     568933.8773        301.4259 1352000000.0000

INFO:       1640         16.4000    1158706.0717     714638.5865     444067.4852          9.3460     148294.7501      -2035.8959          0.0000          0.0000     568379.7323        301.2422 1352000000.0000

INFO:       1660         16.6000    1157439.5991     714220.5467     443219.0524          9.3450     148209.7909      -1847.0798          0.0000          0.0000     567857.8356        300.6885 1352000000.0000

INFO:       1680         16.8000    1157022.2991     713792.2696     443230.0295          9.3409     148092.9725      -1649.3871          0.0000          0.0000     567348.6842        300.6504 1352000000.0000

INFO:       1700         17.0000    1156484.2092     713223.5950     443260.6143          9.3443     148156.5696      -1775.9190          0.0000          0.0000     566842.9444        300.7455 1352000000.0000

INFO:       1720         17.2000    1155612.3508     712532.9434     443079.4074          9.3378     148109.5883      -1896.6048          0.0000          0.0000     566319.9600        300.7145 1352000000.0000

INFO:       1740         17.4000    1155261.2794     712172.1639     443089.1155          9.3524     148374.6056      -1992.2193          0.0000          0.0000     565789.7776        300.6722 1352000000.0000

INFO:       1760         17.6000    1154046.3943     711377.3227     442669.0716          9.3306     147958.0729      -1870.2402          0.0000          0.0000     565289.4900        300.2131 1352000000.0000

INFO:       1780         17.8000    1154176.8835     710819.1903     443357.6932          9.3321     147846.9441      -1794.2077          0.0000          0.0000     564766.4538        300.6742 1352000000.0000

INFO:       1800         18.0000    1154184.0049     710359.3149     443824.6900          9.3431     148012.4100      -1935.4515          0.0000          0.0000     564282.3564        301.0440 1352000000.0000

INFO:       1820         18.2000    1153420.0442     709964.2338     443455.8104          9.3437     148015.5111      -1842.8364          0.0000          0.0000     563791.5591        300.8687 1352000000.0000

INFO:       1840         18.4000    1152864.1857     709624.6371     443239.5486          9.3463     148270.3849      -1942.4106          0.0000          0.0000     563296.6628        300.6647 1352000000.0000

INFO:       1860         18.6000    1152527.1060     709066.9743     443460.1317          9.3430     148171.3407      -1930.9714          0.0000          0.0000     562826.6050        300.7860 1352000000.0000

INFO:       1880         18.8000    1151887.7505     708468.7862     443418.9643          9.3426     148025.7283      -1949.5878          0.0000          0.0000     562392.6458        300.8047 1352000000.0000

INFO:       1900         19.0000    1150937.9442     708643.5822     442294.3620          9.3557     148674.1819      -1970.1735          0.0000          0.0000     561939.5738        300.1220 1352000000.0000

INFO:       1920         19.2000    1150725.0556     707784.0815     442940.9741          9.3504     148419.1987      -2116.2373          0.0000          0.0000     561481.1200        300.5020 1352000000.0000

INFO:       1940         19.4000    1149904.7585     707183.5601     442721.1984          9.3378     148105.9030      -1947.6694          0.0000          0.0000     561025.3266        300.4926 1352000000.0000

INFO:       1960         19.6000    1149897.7375     707015.6004     442882.1370          9.3431     148108.2728      -1656.6422          0.0000          0.0000     560563.9698        300.4352 1352000000.0000

INFO:       1980         19.8000    1150035.6290     706854.6977     443180.9313          9.3542     148458.9720      -1697.9119          0.0000          0.0000     560093.6375        300.6025 1352000000.0000

INFO:       2000         20.0000    1149624.3329     706399.9309     443224.4021          9.3562     148418.3342      -1640.3822          0.0000          0.0000     559621.9788        300.5529 1352000000.0000

 
[STEP6] Deallocate Arrays
 
Output_Time> Averaged timer profile (Min, Max)
  total time      =     112.557
    setup         =       3.544
    dynamics      =     109.013
      energy      =      95.987
      integrator  =      10.940
      migration   =       0.373
      pairlist    =       1.750 (       1.284,       2.263)
  energy           
    bond          =       1.269 (       0.906,       1.710)
    angle         =       0.012 (       0.011,       0.013)
    dihedral      =       0.011 (       0.010,       0.013)
    base stacking =       0.000 (       0.000,       0.000)
    nonbond       =      70.889 (      49.089,      92.301)
      CG exv      =       0.146 (       0.094,       0.249)
      CG DNA bp   =       0.000 (       0.000,       0.000)
      CG DNA exv  =       0.000 (       0.000,       0.000)
      CG ele      =      57.243 (      39.520,      74.726)
      CG PWMcos   =       0.000 (       0.000,       0.000)
      CG PWMcosns =       0.000 (       0.000,       0.000)
      CG IDR-HPS  =      13.496 (       9.470,      17.518)
      CG IDR-KH   =       0.000 (       0.000,       0.000)
      CG KH       =       0.000 (       0.000,       0.000)
      Contact     =       0.004 (       0.003,       0.004)
      pme real    =       0.000 (       0.000,       0.000)
      pme recip   =       0.000 (       0.000,       0.000)
    solvation     =       0.000 (       0.000,       0.000)
      polar       =       0.000 (       0.000,       0.000)
      non-polar   =       0.000 (       0.000,       0.000)
    restraint     =       0.000 (       0.000,       0.000)
    qmmm          =       0.000 (       0.000,       0.000)
    morph         =       0.000 (       0.000,       0.000)
  integrator       
    constraint    =       0.000 (       0.000,       0.000)
    update        =       0.000 (       0.000,       0.000)
    comm_coord    =       2.873 (       0.575,       5.024)
    comm_force    =       0.663 (       0.589,       0.729)
  migration       =       0.373 (       0.373,       0.373)
    comm_migrate  =       0.020 (       0.007,       0.031)
    ptl_migrate   =       0.030 (       0.023,       0.039)
    bond_migrate  =       0.005 (       0.004,       0.007)
    angl_migrate  =       0.001 (       0.001,       0.001)
    dihe_migrate  =       0.001 (       0.000,       0.001)
    contact_migr  =       0.000 (       0.000,       0.000)
    stack_migrate =       0.000 (       0.000,       0.000)
    pwmcos_migrate =       0.000 (       0.000,       0.000)
    pwmcosns_migr  =       0.000 (       0.000,       0.000)
    nonb_update    =       0.611 (       0.479,       0.781)

