****************************************************
*                                                  *
*                  GENESIS CGDYN                   *
*                                                  *
*        A Molecular Dynamics Simulator with       *
*           Spatial Decomposition Scheme           *
*                                                  *
*               Developed by RIKEN                 *
*                                                  *
****************************************************
 
[STEP0] Architecture and Compiler Information
 
GENESIS_Information> GENESIS Information
  version      = 2.0.0
  commit ID    = $GENESIS_VERSION$
  precision    = mixed 
  nonbonding   = CPU

Build_Information> Compiler Information
  build host   = jjwsmj@hokusai2
  fortran      = ifort (IFORT) 2021.7.1 20221019
  option       = 
  -axCORE-AVX512 -g -O3  -qmkl=parallel  -assume byterecl -qopenmp  
  C            = 
 icc: remark #10441: The Intel(R) C++ Compiler Classic (ICC) is deprecated and w
 ill be removed from product release in the second half of 2023. The Intel(R) on
 eAPI DPC++/C++ Compiler (ICX) is the recommended compiler moving forward. Pleas
 e transition to use this compiler. Use '-diag-disable=10441' to disable this me
 ssage.
  option       = -O3 -ip -axCORE-AVX2  -qopenmp 
  defined var. = 
  -DHAVE_MPI_GENESIS -DOMP -DIFORT19 -DFFTE -DLAPACK -DDSFMT_MEXP=19937 -DINTEL
  link option  = 
  -assume byterecl -lgfortran -qopenmp  -lmkl_intel_lp64 -lmkl_sequential -lmkl_
 core -lmkl_lapack95_lp64   
  MPI Compiler = Intel(R) MPI

Runtime_Information> Machine and Library Information
  date       = 2023/05/12 14:36:10
  cpu model    = Intel(R) Xeon(R) Gold 6148 CPU @ 2.40GHz
  exec. host   = jjwsmj@bwmpc0353
  LD library   = 
 /bwfefs/opt/x86_64/intel/oneapi/2022.3/mpi/2021.7.1/libfabric/lib:/bwfefs/opt/x
 86_64/intel/oneapi/2022.3/mpi/2021.7.1/lib/release:/bwfefs/opt/x86_64/intel/one
 api/2022.3/mpi/2021.7.1/lib:/bwfefs/opt/x86_64/intel/oneapi/2022.3/tbb/2021.7.1
 /lib/intel64/gcc4.8:/usr/lib64:/bwfefs/opt/x86_64/intel/oneapi/2022.3/vpl/2022.
 2.5/lib:/bwfefs/opt/x86_64/intel/oneapi/2022.3/mkl/latest/lib/intel64:/bwfefs/o
 pt/x86_64/intel/oneapi/2022.3/itac/2021.7.1/slib:/bwfefs/opt/x86_64/intel/oneap
 i/2022.3/ippcp/2021.6.2/lib/intel64:/bwfefs/opt/x86_64/intel/oneapi/2022.3/ipp/
 2021.6.2/lib/intel64:/bwfefs/opt/x86_64/intel/oneapi/2022.3/dnnl/2022.2.1/cpu_d
 pcpp_gpu_dpcpp/lib:/bwfefs/opt/x86_64/intel/oneapi/2022.3/dal/2021.7.1/lib/inte
 l64:/bwfefs/opt/x86_64/intel/oneapi/2022.3/compiler/2022.2.1/linux/compiler/lib
 :/bwfefs/opt/x86_64/intel/oneapi/2022.3/compiler/2022.2.1/linux/lib/oclfpga/hos
 t/linux64/lib:/bwfefs/opt/x86_64/intel/oneapi/2022.3/compiler/2022.2.1/linux/li
 b/oclfpga/linux64/lib:/bwfefs/opt/x86_64/intel/oneapi/2022.3/compiler/2022.2.1/
 linux/lib:/bwfefs/opt/x86_64/intel/oneapi/2022.3/compiler/2022.2.1/linux/lib/x6
 4:/bwfefs/opt/x86_64/intel/oneapi/2022.3/compiler/2022.2.1/linux/lib/emu:/bwfef
 s/opt/x86_64/intel/oneapi/2022.3/compiler/2022.2.1/linux/compiler/lib/intel64_l
 in:/bwfefs/opt/x86_64/intel/oneapi/2022.3/debugger/2021.7.1/dep/lib:/bwfefs/opt
 /x86_64/intel/oneapi/2022.3/debugger/2021.7.1/libipt/intel64/lib:/bwfefs/opt/x8
 6_64/intel/oneapi/2022.3/debugger/2021.7.1/gdb/intel64/lib:/bwfefs/opt/x86_64/
 MPI Runtime = Intel(R) MPI Library 2021.7 for Linux* OS


[STEP1] Read Control Parameters
 
Read_Ctrl_Input> Input Files
  grotopfile = pro.top
  grocrdfile = crd/pos_5000.gro
 
Read_Ctrl_Output> Output Files
 
Read_Ctrl_Energy> Parameters of Energy Calculations
  forcefield      =    RESIDCG
  output_style    =    GENESIS
 
Read_Ctrl_Dynamics> Parameters of MD simulation
  integrator      =       VVER  nsteps          =       2000
  timestep        =     0.0100  initial_time    =     0.0000
  eneout_period   =         20  rstout_period   =          0
  crdout_period   =          0  velout_period   =          0
  nbupdate_period =         20  stoptr_period   =         10
  lbupdate_period =          0
  iseed           =         -1
  annealing       =         no
  verbose         =         no
  target_md       =         no
  steered_md      =         no
 
Read_Ctrl_Ensemble> Parameters for Ensemble
  ensemble        =        NVT
  temperature     =    300.000
  tpcontrol       =   LANGEVIN
  gamma_t         =      1.000
 
Read_Ctrl_Boundary> Parameters of Boundary Condition
  type            =       PBC 
  box_size(x,y,z) =   3200.000   650.000   650.000
  min_domain_cell =          2
  domain (x,y,z)  =          4         2         2
 
Read_Ctrl_Selection> Parameters of Selection
  # of groups     =          0
  # of mole names =          0
 
Read_Ctrl_Restraints> No restraint in the system

Read_Ctrl_Fitting_MD> Parameters of Fitting
  fitting method  =  TR+ROT   
  fitting atom    = group1
  mass_weight     =         no
 
[STEP2] Setup MPI
 
Setup_Mpi_Md> Summary of Setup MPI
  number of MPI processes   =         16
  number of OpenMP threads  =          5
  total number of CPU cores =         80

[STEP3] Set Relevant Variables and Structures
 
Read_Grotop> Summary of Grotopfile
  num_moltypes    =          1
    pos100_cg             :
      num_atoms   =        100
      num_bonds   =         99
      num_angls   =          0
      num_dihes   =          0
      num_cmaps   =          0
      num_excls   =          0
      num_constrs =          0
      num_pairs   =          0
      num_vsites2 =          0
      num_vsites3 =          0
      num_vsites4 =          0
      num_vsitesn =          0
      num_posress =          0
      num_PWMcos  =          0
      num_PWMcosns=          0
      num_IDR_HPS =          1
      num_IDR_KH  =          0
    .. not used molecule types were hidden.

  num_molecules   =       5000
    pos100_cg             :  5000

  num_atomtypes   =         33  num_bondtypes   =          0
  num_angltypes   =          0  num_dihetypes   =          0
  num_flangltypes           20
  num_fldihetypes          400
  num_constrtypes =          0  num_cmaptypes   =          0
  num_nbonparms   =          0
  num_basestacktypes  =     16
  num_basepairtypes   =      4
  num_basecrosstypes  =     32
  num_cgdnaexvtypes   =      6
  num_cgelemolpairs   =      1
  num_cg_IDR_HPS_atomtypes  =     20
  num_cg_KH_atomtypes  =    20

  num_cg_pair_MJ_eps   =   400

Define_Molecule> Summary of molecules
  num_atoms       =     500000  num_bonds       =     495000
  num_angles      =          0  num_dihedrals   =          0
  num_impropers   =          0  num_cmap_terms  =          0
  num_residues    =     500000  num_molecules   =       5000
  num_segments    =          1  num_deg_freedom =    1500000
  total_charge    = 500000.000
 
Setup_Boundary_Cell> Set Variables for Boundary Condition
  domains (x,y,z) =          4         2         2
  ncells (x,y,z)  =        112        22        22
 
Define_Enefunc_Gromacs> Number of Interactions in Each Term
  bond_ene        =     495000  angle_ene       =          0
  torsion_ene     =          0
 restraint_groups =          0 restraint_funcs  =          0
 
Setup_Dynamics> Subtract 3 translational degrees of freedom
 
Update_Num_Deg_Freedom> Number of degrees of freedom was updated
  num_deg_freedom =    1499997 (After removing translation)
 
Random_Init> Initialize the random number
  seed            = 134674

Setup_Fitting_cgdyn> NO fitting is applied, skip
  fitting method  =  NO
 
[STEP4] Compute Single Point Energy for Molecules
 
            STEP          ENERGY            BOND  NATIVE_CONTACT NON-NATIVE_CONT           ELECT         IDR_HPS          CG_EXV
 --------------- --------------- --------------- --------------- ---------------
               0     853903.1380     170691.3245          0.0000          0.0000     681472.2486       1739.5649          0.0000

[STEP5] Perform Molecular Dynamics Simulation
 
Initial_Velocity> Generate initial velocities
  iseed           =     134674
  temperature     =    300.000
 
Random_Init_Velocity> Initialize the random number
  seed            = 134674

INFO:       STEP            TIME       TOTAL_ENE   POTENTIAL_ENE     KINETIC_ENE            RMSG            BOND         IDR_HPS  NATIVE_CONTACT          CG_EXV           ELECT     TEMPERATURE          VOLUME
 --------------- --------------- --------------- --------------- ---------------
INFO:          0          0.0000    1301388.4567     853903.1380     447485.3187         10.1780     170691.3245       1739.5649          0.0000          0.0000     681472.2486          0.0000 1352000000.0000

INFO:         20          0.2000    1296151.4176     842355.6841     453795.7336          9.8555     160820.9135        802.2229          0.0000          0.0000     680732.5477        307.6653 1352000000.0000

INFO:         40          0.4000    1291427.3829     836143.5696     455283.8133          9.7274     158076.4607       -829.8750          0.0000          0.0000     678896.9839        308.8596 1352000000.0000

INFO:         60          0.6000    1285950.9901     830071.4182     455879.5720          9.6516     155988.0798      -2295.0775          0.0000          0.0000     676378.4158        309.2034 1352000000.0000

INFO:         80          0.8000    1279934.6458     824647.3708     455287.2750          9.6007     154570.9662      -3394.7111          0.0000          0.0000     673471.1157        308.7704 1352000000.0000

INFO:        100          1.0000    1274487.1637     819654.2933     454832.8705          9.5504     153384.6608      -4148.0205          0.0000          0.0000     670417.6530        308.5893 1352000000.0000

INFO:        120          1.2000    1269645.0823     815210.4765     454434.6059          9.5159     152398.1512      -4508.7919          0.0000          0.0000     667321.1171        308.3579 1352000000.0000

INFO:        140          1.4000    1264657.5893     811002.0194     453655.5699          9.4859     151542.6749      -4761.1272          0.0000          0.0000     664220.4717        307.6143 1352000000.0000

INFO:        160          1.6000    1260284.3977     806936.6986     453347.6991          9.4517     150708.8409      -4908.7056          0.0000          0.0000     661136.5632        307.5729 1352000000.0000

INFO:        180          1.8000    1256162.3327     803538.0004     452624.3323          9.4442     150385.7756      -4955.5502          0.0000          0.0000     658107.7749        306.8795 1352000000.0000

INFO:        200          2.0000    1252219.3812     800250.1487     451969.2325          9.4276     149966.0421      -4887.7758          0.0000          0.0000     655171.8824        306.4774 1352000000.0000

INFO:        220          2.2000    1247998.7737     797053.2384     450945.5353          9.4143     149712.3464      -4992.1675          0.0000          0.0000     652333.0595        305.8875 1352000000.0000

INFO:        240          2.4000    1244358.4856     793590.8720     450767.6136          9.3997     149235.0250      -5212.8353          0.0000          0.0000     649568.6823        305.7727 1352000000.0000

INFO:        260          2.6000    1241527.6843     790806.6593     450721.0250          9.4052     149151.9788      -5262.3696          0.0000          0.0000     646917.0501        305.6757 1352000000.0000

INFO:        280          2.8000    1238444.0049     788364.7348     450079.2701          9.3909     149084.8827      -5089.7359          0.0000          0.0000     644369.5880        305.0062 1352000000.0000

INFO:        300          3.0000    1235391.9957     786056.5318     449335.4639          9.3926     149153.6331      -5015.1703          0.0000          0.0000     641918.0690        304.6725 1352000000.0000

INFO:        320          3.2000    1231913.6725     783529.2609     448384.4116          9.3817     148834.2386      -4926.0475          0.0000          0.0000     639621.0698        303.9881 1352000000.0000

INFO:        340          3.4000    1229869.7867     781429.8844     448439.9022          9.3817     148875.4535      -4853.8790          0.0000          0.0000     637408.3099        304.1737 1352000000.0000

INFO:        360          3.6000    1227911.0799     779145.5785     448765.5015          9.3876     148837.9795      -4952.7725          0.0000          0.0000     635260.3715        304.3679 1352000000.0000

INFO:        380          3.8000    1225148.0700     777030.3101     448117.7598          9.3776     148600.7214      -4740.9350          0.0000          0.0000     633170.5237        303.9125 1352000000.0000

INFO:        400          4.0000    1222913.0868     775426.3500     447486.7368          9.3761     148765.7433      -4493.6531          0.0000          0.0000     631154.2599        303.5167 1352000000.0000

INFO:        420          4.2000    1221198.6159     773010.5110     448188.1049          9.3597     148269.0823      -4444.3803          0.0000          0.0000     629185.8090        303.8611 1352000000.0000

INFO:        440          4.4000    1218258.9348     771385.0616     446873.8733          9.3692     148492.2655      -4399.9372          0.0000          0.0000     627292.7333        303.0674 1352000000.0000

INFO:        460          4.6000    1216054.3381     769001.7069     447052.6312          9.3458     147883.3170      -4348.1446          0.0000          0.0000     625466.5345        303.1583 1352000000.0000

INFO:        480          4.8000    1214189.9719     767452.2070     446737.7649          9.3490     148014.6251      -4265.4964          0.0000          0.0000     623703.0783        303.0404 1352000000.0000

INFO:        500          5.0000    1212184.0052     765540.4272     446643.5780          9.3401     147550.8953      -4026.0305          0.0000          0.0000     622015.5624        302.7966 1352000000.0000

INFO:        520          5.2000    1210556.6776     764533.6256     446023.0519          9.3535     148080.8474      -3899.2394          0.0000          0.0000     620352.0176        302.4759 1352000000.0000

INFO:        540          5.4000    1209100.4180     762774.5639     446325.8541          9.3487     147962.2493      -3942.9189          0.0000          0.0000     618755.2335        302.7327 1352000000.0000

INFO:        560          5.6000    1207435.0445     761257.4896     446177.5549          9.3471     148083.0471      -4002.5090          0.0000          0.0000     617176.9516        302.6041 1352000000.0000

INFO:        580          5.8000    1205771.4480     760066.5994     445704.8486          9.3551     148228.5283      -3811.8200          0.0000          0.0000     615649.8911        302.1734 1352000000.0000

INFO:        600          6.0000    1204102.8327     758098.5488     446004.2839          9.3326     147687.6222      -3755.4293          0.0000          0.0000     614166.3560        302.3338 1352000000.0000

INFO:        620          6.2000    1202610.9677     757080.4525     445530.5152          9.3430     148072.8058      -3720.4378          0.0000          0.0000     612728.0844        302.1925 1352000000.0000

INFO:        640          6.4000    1201845.0491     756082.9079     445762.1411          9.3545     148363.5741      -3607.0709          0.0000          0.0000     611326.4047        302.3400 1352000000.0000

INFO:        660          6.6000    1200770.1788     754794.9619     445975.2169          9.3579     148456.1505      -3611.7751          0.0000          0.0000     609950.5865        302.3724 1352000000.0000

INFO:        680          6.8000    1199072.4387     753521.8102     445550.6285          9.3638     148465.2830      -3567.8878          0.0000          0.0000     608624.4150        302.0500 1352000000.0000

INFO:        700          7.0000    1197343.8099     751747.4642     445596.3456          9.3443     148005.6786      -3584.6629          0.0000          0.0000     607326.4485        302.2742 1352000000.0000

INFO:        720          7.2000    1196027.5860     750361.5808     445666.0052          9.3264     147687.1454      -3393.9771          0.0000          0.0000     606068.4125        302.3984 1352000000.0000

INFO:        740          7.4000    1194380.0116     749292.2047     445087.8068          9.3258     147741.8167      -3304.0476          0.0000          0.0000     604854.4357        301.8133 1352000000.0000

INFO:        760          7.6000    1193462.9331     748614.5563     444848.3768          9.3400     148158.7599      -3203.9304          0.0000          0.0000     603659.7268        301.6769 1352000000.0000

INFO:        780          7.8000    1192365.6097     747258.1964     445107.4133          9.3395     147930.0144      -3159.6059          0.0000          0.0000     602487.7880        301.9638 1352000000.0000

INFO:        800          8.0000    1191566.5629     746583.2438     444983.3191          9.3441     148345.3944      -3084.1908          0.0000          0.0000     601322.0402        301.7127 1352000000.0000

INFO:        820          8.2000    1190122.1422     744908.9437     445213.1985          9.3328     148009.7910      -3279.3245          0.0000          0.0000     600178.4772        301.8755 1352000000.0000

INFO:        840          8.4000    1188881.9440     744032.0866     444849.8574          9.3482     148124.2627      -3182.9095          0.0000          0.0000     599090.7334        301.7197 1352000000.0000

INFO:        860          8.6000    1187270.0051     742811.7254     444458.2798          9.3408     147883.3442      -3081.7383          0.0000          0.0000     598010.1194        301.4463 1352000000.0000

INFO:        880          8.8000    1186250.4011     741692.6581     444557.7430          9.3404     147986.0771      -3228.3543          0.0000          0.0000     596934.9352        301.5149 1352000000.0000

INFO:        900          9.0000    1185770.2697     740810.1883     444960.0814          9.3462     148134.6277      -3229.2855          0.0000          0.0000     595904.8462        301.7993 1352000000.0000

INFO:        920          9.2000    1184971.0611     739975.3312     444995.7300          9.3551     148190.5365      -3140.5805          0.0000          0.0000     594925.3752        301.8453 1352000000.0000

INFO:        940          9.4000    1184020.6752     739223.3468     444797.3283          9.3486     148279.1316      -3030.0768          0.0000          0.0000     593974.2920        301.6458 1352000000.0000

INFO:        960          9.6000    1182865.8006     738262.5728     444603.2278          9.3419     148121.6826      -2897.2161          0.0000          0.0000     593038.1063        301.7136 1352000000.0000

INFO:        980          9.8000    1182402.9401     737188.4009     445214.5392          9.3420     147975.8765      -2893.0381          0.0000          0.0000     592105.5625        301.9932 1352000000.0000

INFO:       1000         10.0000    1181843.0389     736888.0214     444955.0175          9.3550     148618.6735      -2912.8175          0.0000          0.0000     591182.1655        301.7643 1352000000.0000

INFO:       1020         10.2000    1180937.4345     735846.3982     445091.0363          9.3506     148411.6448      -2828.7264          0.0000          0.0000     590263.4798        302.0029 1352000000.0000

INFO:       1040         10.4000    1179577.6719     734772.8750     444804.7969          9.3582     148245.9490      -2833.7413          0.0000          0.0000     589360.6673        301.8887 1352000000.0000

INFO:       1060         10.6000    1178107.9320     733585.2848     444522.6473          9.3475     148052.1967      -2934.5808          0.0000          0.0000     588467.6689        301.6813 1352000000.0000

INFO:       1080         10.8000    1177371.1345     733166.2087     444204.9258          9.3550     148383.0593      -2817.6781          0.0000          0.0000     587600.8274        301.2051 1352000000.0000

INFO:       1100         11.0000    1176920.6381     732082.4791     444838.1590          9.3427     148040.1614      -2729.5130          0.0000          0.0000     586771.8307        301.7211 1352000000.0000

INFO:       1120         11.2000    1175040.0265     731418.4590     443621.5675          9.3542     148168.3041      -2699.3553          0.0000          0.0000     585949.5102        300.8654 1352000000.0000

INFO:       1140         11.4000    1174425.9816     730532.8597     443893.1218          9.3487     148116.5768      -2715.8370          0.0000          0.0000     585132.1200        301.2255 1352000000.0000

INFO:       1160         11.6000    1174622.3366     729808.6162     444813.7205          9.3423     148123.0922      -2638.4841          0.0000          0.0000     584324.0081        301.6449 1352000000.0000

INFO:       1180         11.8000    1173456.7108     729174.7297     444281.9811          9.3476     148265.3760      -2611.6646          0.0000          0.0000     583521.0183        301.1719 1352000000.0000

INFO:       1200         12.0000    1172640.3313     728725.1639     443915.1674          9.3670     148687.3473      -2698.4323          0.0000          0.0000     582736.2489        301.0306 1352000000.0000

INFO:       1220         12.2000    1171349.1253     727569.4346     443779.6907          9.3436     148135.3225      -2579.1639          0.0000          0.0000     582013.2759        301.0165 1352000000.0000

INFO:       1240         12.4000    1171328.1587     727328.4624     443999.6963          9.3548     148367.9413      -2341.7284          0.0000          0.0000     581302.2495        301.2704 1352000000.0000

INFO:       1260         12.6000    1170063.6688     726672.9325     443390.7362          9.3537     148466.1244      -2356.7999          0.0000          0.0000     580563.6081        300.6384 1352000000.0000

INFO:       1280         12.8000    1168573.7087     725596.0777     442977.6310          9.3518     148128.9813      -2368.7436          0.0000          0.0000     579835.8401        300.6316 1352000000.0000

INFO:       1300         13.0000    1168996.7257     725289.2191     443707.5066          9.3611     148715.2733      -2526.9846          0.0000          0.0000     579100.9304        301.0913 1352000000.0000

INFO:       1320         13.2000    1168890.4361     724354.7117     444535.7243          9.3490     148319.3876      -2356.1786          0.0000          0.0000     578391.5028        301.6380 1352000000.0000

INFO:       1340         13.4000    1167613.0110     723977.7998     443635.2112          9.3516     148476.9171      -2196.0825          0.0000          0.0000     577696.9651        301.0256 1352000000.0000

INFO:       1360         13.6000    1167014.7655     723046.8853     443967.8802          9.3522     148346.8276      -2307.0278          0.0000          0.0000     577007.0854        301.2115 1352000000.0000

INFO:       1380         13.8000    1166163.4321     721925.7065     444237.7256          9.3419     147980.5367      -2397.1266          0.0000          0.0000     576342.2964        301.2650 1352000000.0000

INFO:       1400         14.0000    1165179.9840     721421.3684     443758.6156          9.3473     148115.0125      -2368.8512          0.0000          0.0000     575675.2072        301.0391 1352000000.0000

INFO:       1420         14.2000    1164676.3675     720928.6649     443747.7026          9.3470     148167.2849      -2264.8711          0.0000          0.0000     575026.2510        301.0910 1352000000.0000

INFO:       1440         14.4000    1164479.0726     720529.6294     443949.4431          9.3519     148403.0498      -2266.9764          0.0000          0.0000     574393.5560        301.1497 1352000000.0000

INFO:       1460         14.6000    1163365.9897     719504.4684     443861.5212          9.3415     148072.6658      -2332.1337          0.0000          0.0000     573763.9363        301.0262 1352000000.0000

INFO:       1480         14.8000    1162864.6632     718617.3397     444247.3234          9.3324     147730.5583      -2252.4086          0.0000          0.0000     573139.1900        301.2708 1352000000.0000

INFO:       1500         15.0000    1162008.0288     718439.2846     443568.7442          9.3327     147998.4146      -2106.1097          0.0000          0.0000     572546.9797        300.7200 1352000000.0000

INFO:       1520         15.2000    1162052.9643     718345.5903     443707.3740          9.3500     148385.1260      -2010.7112          0.0000          0.0000     571971.1755        300.8446 1352000000.0000

INFO:       1540         15.4000    1161791.7468     717855.3056     443936.4412          9.3455     148485.8240      -1996.5277          0.0000          0.0000     571366.0093        300.9915 1352000000.0000

INFO:       1560         15.6000    1160807.4825     717076.6998     443730.7827          9.3508     148335.0679      -2011.5275          0.0000          0.0000     570753.1595        300.9570 1352000000.0000

INFO:       1580         15.8000    1160478.7429     716519.9089     443958.8339          9.3483     148423.0248      -2047.7763          0.0000          0.0000     570144.6605        301.2374 1352000000.0000

INFO:       1600         16.0000    1159167.0050     715956.3707     443210.6343          9.3478     148486.8925      -2050.6126          0.0000          0.0000     569520.0908        300.6240 1352000000.0000

INFO:       1620         16.2000    1158858.1224     714942.0078     443916.1146          9.3399     148006.5399      -1968.2814          0.0000          0.0000     568903.7493        300.9518 1352000000.0000

INFO:       1640         16.4000    1157441.2212     714351.0667     443090.1545          9.3346     147968.7294      -1889.9435          0.0000          0.0000     568272.2809        300.6310 1352000000.0000

INFO:       1660         16.6000    1156859.7360     713851.0677     443008.6683          9.3416     148201.5695      -2014.5463          0.0000          0.0000     567664.0445        300.5081 1352000000.0000

INFO:       1680         16.8000    1155659.5353     713344.6081     442314.9272          9.3488     148305.9387      -2044.5868          0.0000          0.0000     567083.2562        300.1804 1352000000.0000

INFO:       1700         17.0000    1155554.7364     712588.4348     442966.3016          9.3452     148165.8500      -2090.0561          0.0000          0.0000     566512.6409        300.7089 1352000000.0000

INFO:       1720         17.2000    1154997.2197     711977.2433     443019.9763          9.3439     147967.6389      -1940.5414          0.0000          0.0000     565950.1459        300.5489 1352000000.0000

INFO:       1740         17.4000    1154609.1246     711474.2734     443134.8512          9.3392     148116.6504      -2047.6140          0.0000          0.0000     565405.2370        300.6047 1352000000.0000

INFO:       1760         17.6000    1154612.3037     711014.2300     443598.0737          9.3424     148131.3062      -1988.3638          0.0000          0.0000     564871.2876        300.8764 1352000000.0000

INFO:       1780         17.8000    1154079.5572     710527.3233     443552.2339          9.3375     148030.0948      -1864.1054          0.0000          0.0000     564361.3339        300.9939 1352000000.0000

INFO:       1800         18.0000    1153559.6056     710679.7065     442879.8992          9.3498     148457.8303      -1628.9599          0.0000          0.0000     563850.8360        300.5197 1352000000.0000

INFO:       1820         18.2000    1152482.7344     709274.6530     443208.0815          9.3252     147637.4548      -1719.6350          0.0000          0.0000     563356.8332        300.5927 1352000000.0000

INFO:       1840         18.4000    1152395.4719     708521.8905     443873.5814          9.3209     147527.4056      -1838.7231          0.0000          0.0000     562833.2080        301.2507 1352000000.0000

INFO:       1860         18.6000    1152137.4943     708460.2277     443677.2666          9.3484     147994.9916      -1871.8809          0.0000          0.0000     562337.1171        300.9597 1352000000.0000

INFO:       1880         18.8000    1151570.9852     708620.7134     442950.2718          9.3679     148631.7635      -1830.0221          0.0000          0.0000     561818.9719        300.4140 1352000000.0000

INFO:       1900         19.0000    1151091.2900     707832.2638     443259.0262          9.3562     148282.8994      -1770.0207          0.0000          0.0000     561319.3851        300.6847 1352000000.0000

INFO:       1920         19.2000    1150456.4043     707218.8635     443237.5408          9.3562     148277.2529      -1909.8009          0.0000          0.0000     560851.4115        300.6002 1352000000.0000

INFO:       1940         19.4000    1150066.6090     707403.8586     442662.7504          9.3649     148734.6725      -1688.6156          0.0000          0.0000     560357.8018        300.2320 1352000000.0000

INFO:       1960         19.6000    1149837.1911     706617.0295     443220.1616          9.3606     148478.3104      -1758.1812          0.0000          0.0000     559896.9002        300.7265 1352000000.0000

INFO:       1980         19.8000    1149712.1048     706153.6727     443558.4321          9.3582     148566.3885      -1843.7440          0.0000          0.0000     559431.0281        300.9832 1352000000.0000

INFO:       2000         20.0000    1149174.7656     705816.9630     443357.8025          9.3654     148711.2572      -1865.6730          0.0000          0.0000     558971.3788        300.8105 1352000000.0000

 
[STEP6] Deallocate Arrays
 
Output_Time> Averaged timer profile (Min, Max)
  total time      =     116.753
    setup         =       3.552
    dynamics      =     113.200
      energy      =     100.443
      integrator  =      10.807
      migration   =       0.347
      pairlist    =       1.666 (       1.230,       2.152)
  energy           
    bond          =       1.254 (       0.897,       1.629)
    angle         =       0.012 (       0.011,       0.013)
    dihedral      =       0.011 (       0.010,       0.012)
    base stacking =       0.000 (       0.000,       0.000)
    nonbond       =      72.793 (      50.891,      97.355)
      CG exv      =       0.131 (       0.094,       0.171)
      CG DNA bp   =       0.000 (       0.000,       0.000)
      CG DNA exv  =       0.000 (       0.000,       0.000)
      CG ele      =      59.105 (      41.208,      79.016)
      CG PWMcos   =       0.000 (       0.000,       0.000)
      CG PWMcosns =       0.000 (       0.000,       0.000)
      CG IDR-HPS  =      13.552 (       9.585,      18.167)
      CG IDR-KH   =       0.000 (       0.000,       0.000)
      CG KH       =       0.000 (       0.000,       0.000)
      Contact     =       0.004 (       0.003,       0.004)
      pme real    =       0.000 (       0.000,       0.000)
      pme recip   =       0.000 (       0.000,       0.000)
    solvation     =       0.000 (       0.000,       0.000)
      polar       =       0.000 (       0.000,       0.000)
      non-polar   =       0.000 (       0.000,       0.000)
    restraint     =       0.000 (       0.000,       0.000)
    qmmm          =       0.000 (       0.000,       0.000)
    morph         =       0.000 (       0.000,       0.000)
  integrator       
    constraint    =       0.000 (       0.000,       0.000)
    update        =       0.000 (       0.000,       0.000)
    comm_coord    =       2.871 (       0.577,       5.023)
    comm_force    =       0.534 (       0.454,       0.586)
  migration       =       0.347 (       0.347,       0.347)
    comm_migrate  =       0.018 (       0.006,       0.029)
    ptl_migrate   =       0.028 (       0.021,       0.036)
    bond_migrate  =       0.005 (       0.004,       0.007)
    angl_migrate  =       0.001 (       0.001,       0.001)
    dihe_migrate  =       0.001 (       0.000,       0.001)
    contact_migr  =       0.000 (       0.000,       0.000)
    stack_migrate =       0.000 (       0.000,       0.000)
    pwmcos_migrate =       0.000 (       0.000,       0.000)
    pwmcosns_migr  =       0.000 (       0.000,       0.000)
    nonb_update    =       0.597 (       0.465,       0.759)

