****************************************************
*                                                  *
*                  GENESIS CGDYN                   *
*                                                  *
*        A Molecular Dynamics Simulator with       *
*           Spatial Decomposition Scheme           *
*                                                  *
*               Developed by RIKEN                 *
*                                                  *
****************************************************
 
[STEP0] Architecture and Compiler Information
 
GENESIS_Information> GENESIS Information
  version      = 2.0.0
  commit ID    = $GENESIS_VERSION$
  precision    = mixed 
  nonbonding   = CPU

Build_Information> Compiler Information
  build host   = jjwsmj@hokusai2
  fortran      = ifort (IFORT) 2021.7.1 20221019
  option       = 
  -axCORE-AVX512 -g -O3  -qmkl=parallel  -assume byterecl -qopenmp  
  C            = 
 icc: remark #10441: The Intel(R) C++ Compiler Classic (ICC) is deprecated and w
 ill be removed from product release in the second half of 2023. The Intel(R) on
 eAPI DPC++/C++ Compiler (ICX) is the recommended compiler moving forward. Pleas
 e transition to use this compiler. Use '-diag-disable=10441' to disable this me
 ssage.
  option       = -O3 -ip -axCORE-AVX2  -qopenmp 
  defined var. = 
  -DHAVE_MPI_GENESIS -DOMP -DIFORT19 -DFFTE -DLAPACK -DDSFMT_MEXP=19937 -DINTEL
  link option  = 
  -assume byterecl -lgfortran -qopenmp  -lmkl_intel_lp64 -lmkl_sequential -lmkl_
 core -lmkl_lapack95_lp64   
  MPI Compiler = Intel(R) MPI

Runtime_Information> Machine and Library Information
  date       = 2023/05/12 14:36:08
  cpu model    = Intel(R) Xeon(R) Gold 6148 CPU @ 2.40GHz
  exec. host   = jjwsmj@bwmpc0347
  LD library   = 
 /bwfefs/opt/x86_64/intel/oneapi/2022.3/mpi/2021.7.1/libfabric/lib:/bwfefs/opt/x
 86_64/intel/oneapi/2022.3/mpi/2021.7.1/lib/release:/bwfefs/opt/x86_64/intel/one
 api/2022.3/mpi/2021.7.1/lib:/bwfefs/opt/x86_64/intel/oneapi/2022.3/tbb/2021.7.1
 /lib/intel64/gcc4.8:/usr/lib64:/bwfefs/opt/x86_64/intel/oneapi/2022.3/vpl/2022.
 2.5/lib:/bwfefs/opt/x86_64/intel/oneapi/2022.3/mkl/latest/lib/intel64:/bwfefs/o
 pt/x86_64/intel/oneapi/2022.3/itac/2021.7.1/slib:/bwfefs/opt/x86_64/intel/oneap
 i/2022.3/ippcp/2021.6.2/lib/intel64:/bwfefs/opt/x86_64/intel/oneapi/2022.3/ipp/
 2021.6.2/lib/intel64:/bwfefs/opt/x86_64/intel/oneapi/2022.3/dnnl/2022.2.1/cpu_d
 pcpp_gpu_dpcpp/lib:/bwfefs/opt/x86_64/intel/oneapi/2022.3/dal/2021.7.1/lib/inte
 l64:/bwfefs/opt/x86_64/intel/oneapi/2022.3/compiler/2022.2.1/linux/compiler/lib
 :/bwfefs/opt/x86_64/intel/oneapi/2022.3/compiler/2022.2.1/linux/lib/oclfpga/hos
 t/linux64/lib:/bwfefs/opt/x86_64/intel/oneapi/2022.3/compiler/2022.2.1/linux/li
 b/oclfpga/linux64/lib:/bwfefs/opt/x86_64/intel/oneapi/2022.3/compiler/2022.2.1/
 linux/lib:/bwfefs/opt/x86_64/intel/oneapi/2022.3/compiler/2022.2.1/linux/lib/x6
 4:/bwfefs/opt/x86_64/intel/oneapi/2022.3/compiler/2022.2.1/linux/lib/emu:/bwfef
 s/opt/x86_64/intel/oneapi/2022.3/compiler/2022.2.1/linux/compiler/lib/intel64_l
 in:/bwfefs/opt/x86_64/intel/oneapi/2022.3/debugger/2021.7.1/dep/lib:/bwfefs/opt
 /x86_64/intel/oneapi/2022.3/debugger/2021.7.1/libipt/intel64/lib:/bwfefs/opt/x8
 6_64/intel/oneapi/2022.3/debugger/2021.7.1/gdb/intel64/lib:/bwfefs/opt/x86_64/
 MPI Runtime = Intel(R) MPI Library 2021.7 for Linux* OS


[STEP1] Read Control Parameters
 
Read_Ctrl_Input> Input Files
  grotopfile = pro.top
  grocrdfile = crd/pos_5000.gro
 
Read_Ctrl_Output> Output Files
 
Read_Ctrl_Energy> Parameters of Energy Calculations
  forcefield      =    RESIDCG
  output_style    =    GENESIS
 
Read_Ctrl_Dynamics> Parameters of MD simulation
  integrator      =       VVER  nsteps          =       2000
  timestep        =     0.0100  initial_time    =     0.0000
  eneout_period   =         20  rstout_period   =          0
  crdout_period   =          0  velout_period   =          0
  nbupdate_period =         20  stoptr_period   =         10
  lbupdate_period =          0
  iseed           =         -1
  annealing       =         no
  verbose         =         no
  target_md       =         no
  steered_md      =         no
 
Read_Ctrl_Ensemble> Parameters for Ensemble
  ensemble        =        NVT
  temperature     =    300.000
  tpcontrol       =   LANGEVIN
  gamma_t         =      1.000
 
Read_Ctrl_Boundary> Parameters of Boundary Condition
  type            =       PBC 
  box_size(x,y,z) =   3200.000   650.000   650.000
  min_domain_cell =          2
  domain (x,y,z)  =          4         2         2
 
Read_Ctrl_Selection> Parameters of Selection
  # of groups     =          0
  # of mole names =          0
 
Read_Ctrl_Restraints> No restraint in the system

Read_Ctrl_Fitting_MD> Parameters of Fitting
  fitting method  =  TR+ROT   
  fitting atom    = group1
  mass_weight     =         no
 
[STEP2] Setup MPI
 
Setup_Mpi_Md> Summary of Setup MPI
  number of MPI processes   =         16
  number of OpenMP threads  =          5
  total number of CPU cores =         80

[STEP3] Set Relevant Variables and Structures
 
Read_Grotop> Summary of Grotopfile
  num_moltypes    =          1
    pos100_cg             :
      num_atoms   =        100
      num_bonds   =         99
      num_angls   =          0
      num_dihes   =          0
      num_cmaps   =          0
      num_excls   =          0
      num_constrs =          0
      num_pairs   =          0
      num_vsites2 =          0
      num_vsites3 =          0
      num_vsites4 =          0
      num_vsitesn =          0
      num_posress =          0
      num_PWMcos  =          0
      num_PWMcosns=          0
      num_IDR_HPS =          1
      num_IDR_KH  =          0
    .. not used molecule types were hidden.

  num_molecules   =       5000
    pos100_cg             :  5000

  num_atomtypes   =         33  num_bondtypes   =          0
  num_angltypes   =          0  num_dihetypes   =          0
  num_flangltypes           20
  num_fldihetypes          400
  num_constrtypes =          0  num_cmaptypes   =          0
  num_nbonparms   =          0
  num_basestacktypes  =     16
  num_basepairtypes   =      4
  num_basecrosstypes  =     32
  num_cgdnaexvtypes   =      6
  num_cgelemolpairs   =      1
  num_cg_IDR_HPS_atomtypes  =     20
  num_cg_KH_atomtypes  =    20

  num_cg_pair_MJ_eps   =   400

Define_Molecule> Summary of molecules
  num_atoms       =     500000  num_bonds       =     495000
  num_angles      =          0  num_dihedrals   =          0
  num_impropers   =          0  num_cmap_terms  =          0
  num_residues    =     500000  num_molecules   =       5000
  num_segments    =          1  num_deg_freedom =    1500000
  total_charge    = 500000.000
 
Setup_Boundary_Cell> Set Variables for Boundary Condition
  domains (x,y,z) =          4         2         2
  ncells (x,y,z)  =        112        22        22
 
Define_Enefunc_Gromacs> Number of Interactions in Each Term
  bond_ene        =     495000  angle_ene       =          0
  torsion_ene     =          0
 restraint_groups =          0 restraint_funcs  =          0
 
Setup_Dynamics> Subtract 3 translational degrees of freedom
 
Update_Num_Deg_Freedom> Number of degrees of freedom was updated
  num_deg_freedom =    1499997 (After removing translation)
 
Random_Init> Initialize the random number
  seed            = 318474

Setup_Fitting_cgdyn> NO fitting is applied, skip
  fitting method  =  NO
 
[STEP4] Compute Single Point Energy for Molecules
 
            STEP          ENERGY            BOND  NATIVE_CONTACT NON-NATIVE_CONT           ELECT         IDR_HPS          CG_EXV
 --------------- --------------- --------------- --------------- ---------------
               0     853903.1380     170691.3245          0.0000          0.0000     681472.2486       1739.5649          0.0000

[STEP5] Perform Molecular Dynamics Simulation
 
Initial_Velocity> Generate initial velocities
  iseed           =     318474
  temperature     =    300.000
 
Random_Init_Velocity> Initialize the random number
  seed            = 318474

INFO:       STEP            TIME       TOTAL_ENE   POTENTIAL_ENE     KINETIC_ENE            RMSG            BOND         IDR_HPS  NATIVE_CONTACT          CG_EXV           ELECT     TEMPERATURE          VOLUME
 --------------- --------------- --------------- --------------- ---------------
INFO:          0          0.0000    1301251.6790     853903.1380     447348.5410         10.1780     170691.3245       1739.5649          0.0000          0.0000     681472.2486          0.0000 1352000000.0000

INFO:         20          0.2000    1296079.8163     842382.6942     453697.1221          9.8608     161010.8391        643.9710          0.0000          0.0000     680727.8841        307.7785 1352000000.0000

INFO:         40          0.4000    1291263.8908     836176.4693     455087.4215          9.7390     158097.2469       -853.1701          0.0000          0.0000     678932.3924        308.9071 1352000000.0000

INFO:         60          0.6000    1285898.5779     830164.6592     455733.9187          9.6563     155973.9608      -2221.0988          0.0000          0.0000     676411.7972        309.3402 1352000000.0000

INFO:         80          0.8000    1280569.5056     824318.1592     456251.3464          9.5972     154437.2620      -3622.2796          0.0000          0.0000     673503.1768        309.4212 1352000000.0000

INFO:        100          1.0000    1274615.1314     819025.9440     455589.1874          9.5514     152968.2040      -4350.5132          0.0000          0.0000     670408.2533        308.9999 1352000000.0000

INFO:        120          1.2000    1269870.6406     814811.8807     455058.7599          9.5159     152275.6760      -4754.0612          0.0000          0.0000     667290.2659        308.5883 1352000000.0000

INFO:        140          1.4000    1264637.9068     810610.3533     454027.5535          9.4879     151418.1537      -5021.9310          0.0000          0.0000     664214.1306        307.7864 1352000000.0000

INFO:        160          1.6000    1259844.9100     806759.3483     453085.5618          9.4547     150681.6027      -5120.0165          0.0000          0.0000     661197.7621        307.3567 1352000000.0000

INFO:        180          1.8000    1255757.8902     803690.2750     452067.6152          9.4536     150672.1637      -5245.1162          0.0000          0.0000     658263.2275        306.5721 1352000000.0000

INFO:        200          2.0000    1252587.4273     800018.2143     452569.2129          9.4181     149777.1064      -5198.4201          0.0000          0.0000     655439.5279        306.9556 1352000000.0000

INFO:        220          2.2000    1248371.2581     796976.2593     451394.9987          9.4072     149495.4117      -5215.8793          0.0000          0.0000     652696.7269        306.0350 1352000000.0000

INFO:        240          2.4000    1244527.6502     793978.5054     450549.1448          9.3903     149166.2231      -5219.9784          0.0000          0.0000     650032.2607        305.4762 1352000000.0000

INFO:        260          2.6000    1241120.1871     791323.6682     449796.5189          9.3849     149061.6027      -5218.1201          0.0000          0.0000     647480.1856        305.1252 1352000000.0000

INFO:        280          2.8000    1238158.2879     789294.9354     448863.3525          9.3979     149405.3940      -5109.2057          0.0000          0.0000     644998.7470        304.4709 1352000000.0000

INFO:        300          3.0000    1235326.6672     786453.9532     448872.7140          9.3828     149005.8969      -5166.9443          0.0000          0.0000     642615.0006        304.4485 1352000000.0000

INFO:        320          3.2000    1232676.8393     784632.9416     448043.8978          9.3940     149255.0294      -4967.8067          0.0000          0.0000     640345.7189        303.8546 1352000000.0000

INFO:        340          3.4000    1229610.2880     781847.8062     447762.4819          9.3712     148542.4398      -4860.8303          0.0000          0.0000     638166.1966        303.8811 1352000000.0000

INFO:        360          3.6000    1228212.9456     780416.8954     447796.0502          9.3779     148986.2860      -4608.9904          0.0000          0.0000     636039.5998        303.6190 1352000000.0000

INFO:        380          3.8000    1225830.9385     777854.5479     447976.3905          9.3597     148340.3491      -4468.7479          0.0000          0.0000     633982.9467        303.9136 1352000000.0000

INFO:        400          4.0000    1223748.7974     776274.5061     447474.2913          9.3732     148755.3770      -4459.8988          0.0000          0.0000     631979.0279        303.4558 1352000000.0000

INFO:        420          4.2000    1221084.7925     773909.1449     447175.6476          9.3677     148340.9100      -4485.2939          0.0000          0.0000     630053.5287        303.2969 1352000000.0000

INFO:        440          4.4000    1219441.4955     772153.4565     447288.0390          9.3534     148184.7643      -4223.3540          0.0000          0.0000     628192.0463        303.1252 1352000000.0000

INFO:        460          4.6000    1217481.4084     770700.4660     446780.9423          9.3530     148374.8091      -4050.4115          0.0000          0.0000     626376.0685        303.0592 1352000000.0000

INFO:        480          4.8000    1215961.5647     768730.2474     447231.3173          9.3573     148281.0341      -4122.4470          0.0000          0.0000     624571.6603        303.4264 1352000000.0000

INFO:        500          5.0000    1213449.8860     766460.2998     446989.5862          9.3498     147935.6691      -4304.2016          0.0000          0.0000     622828.8323        303.2510 1352000000.0000

INFO:        520          5.2000    1211964.7552     765119.7753     446844.9799          9.3532     148135.6079      -4142.3247          0.0000          0.0000     621126.4921        302.9141 1352000000.0000

INFO:        540          5.4000    1210998.7010     763989.8098     447008.8912          9.3584     148359.8558      -3864.5422          0.0000          0.0000     619494.4962        303.1455 1352000000.0000

INFO:        560          5.6000    1209139.6297     762347.5521     446792.0776          9.3536     148275.6146      -3824.1782          0.0000          0.0000     617896.1156        303.0908 1352000000.0000

INFO:        580          5.8000    1207374.5223     760407.3621     446967.1602          9.3389     148018.6111      -3955.9463          0.0000          0.0000     616344.6973        303.0520 1352000000.0000

INFO:        600          6.0000    1204955.0002     758278.0679     446676.9324          9.3234     147434.6378      -3992.2815          0.0000          0.0000     614835.7116        303.0104 1352000000.0000

INFO:        620          6.2000    1203821.1068     757665.6876     446155.4192          9.3461     148029.3610      -3749.8462          0.0000          0.0000     613386.1728        302.4888 1352000000.0000

INFO:        640          6.4000    1202732.8356     757035.9745     445696.8612          9.3721     148686.1420      -3635.5509          0.0000          0.0000     611985.3834        302.3989 1352000000.0000

INFO:        660          6.6000    1201653.9355     755807.7825     445846.1530          9.3752     148817.4955      -3630.0303          0.0000          0.0000     610620.3173        302.2748 1352000000.0000

INFO:        680          6.8000    1199863.3968     754138.1870     445725.2098          9.3602     148509.4354      -3666.8899          0.0000          0.0000     609295.6415        302.4204 1352000000.0000

INFO:        700          7.0000    1198441.3675     752974.7380     445466.6296          9.3615     148610.0475      -3630.0869          0.0000          0.0000     607994.7774        302.0490 1352000000.0000

INFO:        720          7.2000    1197834.1941     751856.9555     445977.2386          9.3623     148606.1375      -3477.5190          0.0000          0.0000     606728.3371        302.3354 1352000000.0000

INFO:        740          7.4000    1195699.9964     750134.2198     445565.7766          9.3572     148206.7240      -3575.0257          0.0000          0.0000     605502.5216        302.1439 1352000000.0000

INFO:        760          7.6000    1194808.7858     749287.3038     445521.4820          9.3666     148540.1576      -3533.3881          0.0000          0.0000     604280.5343        302.1235 1352000000.0000

INFO:        780          7.8000    1193006.9617     748243.0222     444763.9395          9.3639     148469.9215      -3342.2913          0.0000          0.0000     603115.3919        301.7402 1352000000.0000

INFO:        800          8.0000    1192012.5799     746647.1941     445365.3857          9.3490     148004.6277      -3327.9003          0.0000          0.0000     601970.4667        302.1735 1352000000.0000

INFO:        820          8.2000    1190072.9225     745463.0356     444609.8870          9.3433     148003.4630      -3364.2985          0.0000          0.0000     600823.8711        301.4939 1352000000.0000

INFO:        840          8.4000    1189495.2325     744637.7128     444857.5198          9.3384     148209.9005      -3273.3593          0.0000          0.0000     599701.1715        301.7183 1352000000.0000

INFO:        860          8.6000    1188736.4805     743404.5818     445331.8986          9.3480     147978.2605      -3188.2160          0.0000          0.0000     598614.5374        302.0946 1352000000.0000

INFO:        880          8.8000    1187326.3680     742418.7276     444907.6403          9.3401     147975.3744      -3083.3882          0.0000          0.0000     597526.7414        301.6508 1352000000.0000

INFO:        900          9.0000    1187046.0090     742054.6887     444991.3203          9.3605     148700.4532      -3125.5211          0.0000          0.0000     596479.7565        301.8774 1352000000.0000

INFO:        920          9.2000    1186277.8834     740686.4155     445591.4679          9.3444     148233.0582      -2994.8813          0.0000          0.0000     595448.2386        302.2407 1352000000.0000

INFO:        940          9.4000    1185019.2615     739543.1131     445476.1484          9.3368     147951.1147      -2851.1173          0.0000          0.0000     594443.1156        302.1889 1352000000.0000

INFO:        960          9.6000    1183690.4932     738820.8755     444869.6177          9.3436     148169.7533      -2785.3555          0.0000          0.0000     593436.4777        301.8409 1352000000.0000

INFO:        980          9.8000    1182500.3923     737931.9087     444568.4836          9.3446     148207.5509      -2737.1369          0.0000          0.0000     592461.4947        301.5631 1352000000.0000

INFO:       1000         10.0000    1181887.9865     737023.3186     444864.6679          9.3528     148512.8005      -2966.2749          0.0000          0.0000     591476.7930        301.7585 1352000000.0000

INFO:       1020         10.2000    1180510.9334     736173.6323     444337.3011          9.3592     148707.3311      -3069.3092          0.0000          0.0000     590535.6105        301.4069 1352000000.0000

INFO:       1040         10.4000    1180095.1345     735289.7516     444805.3828          9.3574     148435.1643      -2762.5479          0.0000          0.0000     589617.1352        301.7855 1352000000.0000

INFO:       1060         10.6000    1179653.3548     735060.9171     444592.4377          9.3740     148949.5781      -2607.5984          0.0000          0.0000     588718.9374        301.6199 1352000000.0000

INFO:       1080         10.8000    1178694.8925     733773.8535     444921.0390          9.3638     148612.9889      -2659.3238          0.0000          0.0000     587820.1883        301.7470 1352000000.0000

INFO:       1100         11.0000    1177280.7817     733045.0724     444235.7094          9.3619     148710.0693      -2616.2548          0.0000          0.0000     586951.2578        301.3320 1352000000.0000

INFO:       1120         11.2000    1176476.0631     732094.0549     444382.0082          9.3635     148509.1240      -2542.4408          0.0000          0.0000     586127.3717        301.6839 1352000000.0000

INFO:       1140         11.4000    1175943.5441     731774.0820     444169.4621          9.3750     149020.5178      -2551.1189          0.0000          0.0000     585304.6831        301.1858 1352000000.0000

INFO:       1160         11.6000    1174935.5832     730549.5472     444386.0360          9.3573     148506.8748      -2418.6236          0.0000          0.0000     584461.2960        301.4224 1352000000.0000

INFO:       1180         11.8000    1174384.8690     729579.0406     444805.8284          9.3615     148408.1147      -2465.7513          0.0000          0.0000     583636.6771        301.6805 1352000000.0000

INFO:       1200         12.0000    1173667.9096     728944.4269     444723.4827          9.3650     148663.5809      -2542.3943          0.0000          0.0000     582823.2402        301.5788 1352000000.0000

INFO:       1220         12.2000    1172453.0427     727759.4579     444693.5848          9.3574     148309.2013      -2585.3154          0.0000          0.0000     582035.5720        301.5586 1352000000.0000

INFO:       1240         12.4000    1171813.1528     726919.9432     444893.2096          9.3573     148253.4365      -2612.3533          0.0000          0.0000     581278.8600        301.8157 1352000000.0000

INFO:       1260         12.6000    1170462.7048     726458.6228     444004.0820          9.3569     148447.3220      -2523.8594          0.0000          0.0000     580535.1601        301.1444 1352000000.0000

INFO:       1280         12.8000    1169641.2373     725657.5746     443983.6626          9.3524     148320.9763      -2476.2806          0.0000          0.0000     579812.8789        301.2613 1352000000.0000

INFO:       1300         13.0000    1168383.7694     724678.4189     443705.3504          9.3384     148012.3750      -2421.1160          0.0000          0.0000     579087.1599        301.1780 1352000000.0000

INFO:       1320         13.2000    1167718.4391     724236.3191     443482.1201          9.3473     148219.7721      -2359.0882          0.0000          0.0000     578375.6352        300.9067 1352000000.0000

INFO:       1340         13.4000    1167649.5242     723636.5931     444012.9311          9.3526     148344.9443      -2369.4886          0.0000          0.0000     577661.1374        301.1934 1352000000.0000

INFO:       1360         13.6000    1167306.0290     723084.5251     444221.5039          9.3551     148444.7218      -2308.5373          0.0000          0.0000     576948.3406        301.3216 1352000000.0000

INFO:       1380         13.8000    1167256.9187     722063.6014     445193.3173          9.3544     148051.1812      -2248.6067          0.0000          0.0000     576261.0270        302.0331 1352000000.0000

INFO:       1400         14.0000    1166465.7052     721621.7139     444843.9912          9.3610     148409.1492      -2360.2799          0.0000          0.0000     575572.8447        301.7220 1352000000.0000

INFO:       1420         14.2000    1166127.5815     720827.6387     445299.9428          9.3543     148222.6161      -2295.5824          0.0000          0.0000     574900.6050        301.9347 1352000000.0000

INFO:       1440         14.4000    1165533.9031     720673.5000     444860.4030          9.3600     148552.2467      -2114.0865          0.0000          0.0000     574235.3399        301.6484 1352000000.0000

INFO:       1460         14.6000    1164550.3364     719780.4814     444769.8550          9.3516     148238.9695      -2051.5994          0.0000          0.0000     573593.1114        301.6770 1352000000.0000

INFO:       1480         14.8000    1163337.4071     719462.4273     443874.9798          9.3553     148454.9410      -1944.4407          0.0000          0.0000     572951.9270        301.1720 1352000000.0000

INFO:       1500         15.0000    1162886.9567     718953.0693     443933.8874          9.3497     148504.3207      -1876.6605          0.0000          0.0000     572325.4091        301.2308 1352000000.0000

INFO:       1520         15.2000    1162240.2066     718167.0778     444073.1288          9.3453     148319.4652      -1857.3851          0.0000          0.0000     571704.9977        301.4145 1352000000.0000

INFO:       1540         15.4000    1161280.7765     717737.0513     443543.7252          9.3613     148600.8474      -1943.4135          0.0000          0.0000     571079.6174        300.8664 1352000000.0000

INFO:       1560         15.6000    1160892.4296     716773.2723     444119.1573          9.3474     148279.2473      -1971.9680          0.0000          0.0000     570465.9930        301.1711 1352000000.0000

INFO:       1580         15.8000    1159985.4682     715609.8206     444375.6476          9.3351     147814.0790      -2061.2125          0.0000          0.0000     569856.9541        301.3006 1352000000.0000

INFO:       1600         16.0000    1159260.6643     715879.9913     443380.6730          9.3572     148552.1813      -1945.5725          0.0000          0.0000     569273.3826        300.7687 1352000000.0000

INFO:       1620         16.2000    1158212.1230     715259.8124     442952.3106          9.3483     148368.9650      -1796.0046          0.0000          0.0000     568686.8521        300.4973 1352000000.0000

INFO:       1640         16.4000    1157131.3060     714284.8515     442846.4545          9.3496     148092.4500      -1905.2445          0.0000          0.0000     568097.6461        300.3809 1352000000.0000

INFO:       1660         16.6000    1156801.0210     713821.6688     442979.3522          9.3473     148101.9132      -1805.3764          0.0000          0.0000     567525.1320        300.5241 1352000000.0000

INFO:       1680         16.8000    1155675.4975     713324.3126     442351.1848          9.3431     148091.9835      -1728.8367          0.0000          0.0000     566961.1658        300.0152 1352000000.0000

INFO:       1700         17.0000    1155894.3178     712600.1439     443294.1739          9.3408     148080.5063      -1884.8360          0.0000          0.0000     566404.4735        300.9208 1352000000.0000

INFO:       1720         17.2000    1155047.0080     711520.7709     443526.2371          9.3321     147656.1165      -1986.3451          0.0000          0.0000     565850.9996        300.7845 1352000000.0000

INFO:       1740         17.4000    1154778.4377     711303.2647     443475.1730          9.3363     147891.9082      -1899.1337          0.0000          0.0000     565310.4902        300.6934 1352000000.0000

INFO:       1760         17.6000    1153988.1518     711041.7933     442946.3585          9.3379     148193.0387      -1922.0760          0.0000          0.0000     564770.8306        300.4161 1352000000.0000

INFO:       1780         17.8000    1153719.3791     710606.5071     443112.8720          9.3530     148296.8684      -1949.1798          0.0000          0.0000     564258.8185        300.6284 1352000000.0000

INFO:       1800         18.0000    1153387.5757     710103.4301     443284.1456          9.3456     148188.7081      -1835.8615          0.0000          0.0000     563750.5835        300.7101 1352000000.0000

INFO:       1820         18.2000    1152953.8908     709675.4481     443278.4427          9.3393     148193.9182      -1777.3508          0.0000          0.0000     563258.8807        300.7489 1352000000.0000

INFO:       1840         18.4000    1152800.2810     709391.5990     443408.6821          9.3426     148227.9243      -1604.9043          0.0000          0.0000     562768.5790        300.9419 1352000000.0000

INFO:       1860         18.6000    1152834.7597     709246.8978     443587.8619          9.3596     148640.5009      -1652.8908          0.0000          0.0000     562259.2878        300.8913 1352000000.0000

INFO:       1880         18.8000    1152681.5386     708660.3097     444021.2289          9.3573     148628.3691      -1691.0247          0.0000          0.0000     561722.9653        301.1962 1352000000.0000

INFO:       1900         19.0000    1151656.0944     708123.1318     443532.9626          9.3631     148572.5873      -1652.4782          0.0000          0.0000     561203.0227        300.7665 1352000000.0000

INFO:       1920         19.2000    1150678.1833     707036.5817     443641.6016          9.3489     148190.2070      -1856.6342          0.0000          0.0000     560703.0089        300.9678 1352000000.0000

INFO:       1940         19.4000    1150321.9641     706868.3510     443453.6131          9.3555     148570.7893      -1913.8403          0.0000          0.0000     560211.4020        300.7795 1352000000.0000

INFO:       1960         19.6000    1149838.4388     706194.6927     443643.7461          9.3587     148276.9735      -1832.6355          0.0000          0.0000     559750.3546        300.8988 1352000000.0000

INFO:       1980         19.8000    1149279.2210     706321.5872     442957.6338          9.3701     148720.0334      -1692.5885          0.0000          0.0000     559294.1422        300.6953 1352000000.0000

INFO:       2000         20.0000    1149425.3249     706191.9127     443233.4122          9.3803     148869.9103      -1532.2587          0.0000          0.0000     558854.2611        300.6259 1352000000.0000

 
[STEP6] Deallocate Arrays
 
Output_Time> Averaged timer profile (Min, Max)
  total time      =     114.573
    setup         =       3.491
    dynamics      =     111.081
      energy      =      98.316
      integrator  =      10.791
      migration   =       0.345
      pairlist    =       1.672 (       1.226,       2.158)
  energy           
    bond          =       1.257 (       0.961,       1.737)
    angle         =       0.013 (       0.011,       0.020)
    dihedral      =       0.011 (       0.010,       0.012)
    base stacking =       0.000 (       0.000,       0.000)
    nonbond       =      71.683 (      52.721,      94.454)
      CG exv      =       0.130 (       0.095,       0.171)
      CG DNA bp   =       0.000 (       0.000,       0.000)
      CG DNA exv  =       0.000 (       0.000,       0.000)
      CG ele      =      57.974 (      42.872,      76.847)
      CG PWMcos   =       0.000 (       0.000,       0.000)
      CG PWMcosns =       0.000 (       0.000,       0.000)
      CG IDR-HPS  =      13.573 (       9.750,      18.044)
      CG IDR-KH   =       0.000 (       0.000,       0.000)
      CG KH       =       0.000 (       0.000,       0.000)
      Contact     =       0.004 (       0.004,       0.004)
      pme real    =       0.000 (       0.000,       0.000)
      pme recip   =       0.000 (       0.000,       0.000)
    solvation     =       0.000 (       0.000,       0.000)
      polar       =       0.000 (       0.000,       0.000)
      non-polar   =       0.000 (       0.000,       0.000)
    restraint     =       0.000 (       0.000,       0.000)
    qmmm          =       0.000 (       0.000,       0.000)
    morph         =       0.000 (       0.000,       0.000)
  integrator       
    constraint    =       0.000 (       0.000,       0.000)
    update        =       0.000 (       0.000,       0.000)
    comm_coord    =       2.863 (       0.582,       5.027)
    comm_force    =       0.532 (       0.452,       0.588)
  migration       =       0.345 (       0.345,       0.345)
    comm_migrate  =       0.018 (       0.006,       0.030)
    ptl_migrate   =       0.028 (       0.020,       0.036)
    bond_migrate  =       0.005 (       0.004,       0.007)
    angl_migrate  =       0.001 (       0.000,       0.001)
    dihe_migrate  =       0.000 (       0.000,       0.001)
    contact_migr  =       0.000 (       0.000,       0.000)
    stack_migrate =       0.000 (       0.000,       0.000)
    pwmcos_migrate =       0.000 (       0.000,       0.000)
    pwmcosns_migr  =       0.000 (       0.000,       0.000)
    nonb_update    =       0.599 (       0.468,       0.765)

