****************************************************
*                                                  *
*                  GENESIS CGDYN                   *
*                                                  *
*        A Molecular Dynamics Simulator with       *
*           Spatial Decomposition Scheme           *
*                                                  *
*               Developed by RIKEN                 *
*                                                  *
****************************************************
 
[STEP0] Architecture and Compiler Information
 
GENESIS_Information> GENESIS Information
  version      = 2.0.0
  commit ID    = $GENESIS_VERSION$
  precision    = mixed 
  nonbonding   = CPU

Build_Information> Compiler Information
  build host   = jjwsmj@hokusai2
  fortran      = ifort (IFORT) 2021.7.1 20221019
  option       = 
  -axCORE-AVX512 -g -O3  -qmkl=parallel  -assume byterecl -qopenmp  
  C            = 
 icc: remark #10441: The Intel(R) C++ Compiler Classic (ICC) is deprecated and w
 ill be removed from product release in the second half of 2023. The Intel(R) on
 eAPI DPC++/C++ Compiler (ICX) is the recommended compiler moving forward. Pleas
 e transition to use this compiler. Use '-diag-disable=10441' to disable this me
 ssage.
  option       = -O3 -ip -axCORE-AVX2  -qopenmp 
  defined var. = 
  -DHAVE_MPI_GENESIS -DOMP -DIFORT19 -DFFTE -DLAPACK -DDSFMT_MEXP=19937 -DINTEL
  link option  = 
  -assume byterecl -lgfortran -qopenmp  -lmkl_intel_lp64 -lmkl_sequential -lmkl_
 core -lmkl_lapack95_lp64   
  MPI Compiler = Intel(R) MPI

Runtime_Information> Machine and Library Information
  date       = 2023/05/12 15:18:46
  cpu model    = Intel(R) Xeon(R) Gold 6148 CPU @ 2.40GHz
  exec. host   = jjwsmj@bwmpc0284
  LD library   = 
 /bwfefs/opt/x86_64/intel/oneapi/2022.3/mpi/2021.7.1/libfabric/lib:/bwfefs/opt/x
 86_64/intel/oneapi/2022.3/mpi/2021.7.1/lib/release:/bwfefs/opt/x86_64/intel/one
 api/2022.3/mpi/2021.7.1/lib:/bwfefs/opt/x86_64/intel/oneapi/2022.3/tbb/2021.7.1
 /lib/intel64/gcc4.8:/usr/lib64:/bwfefs/opt/x86_64/intel/oneapi/2022.3/vpl/2022.
 2.5/lib:/bwfefs/opt/x86_64/intel/oneapi/2022.3/mkl/latest/lib/intel64:/bwfefs/o
 pt/x86_64/intel/oneapi/2022.3/itac/2021.7.1/slib:/bwfefs/opt/x86_64/intel/oneap
 i/2022.3/ippcp/2021.6.2/lib/intel64:/bwfefs/opt/x86_64/intel/oneapi/2022.3/ipp/
 2021.6.2/lib/intel64:/bwfefs/opt/x86_64/intel/oneapi/2022.3/dnnl/2022.2.1/cpu_d
 pcpp_gpu_dpcpp/lib:/bwfefs/opt/x86_64/intel/oneapi/2022.3/dal/2021.7.1/lib/inte
 l64:/bwfefs/opt/x86_64/intel/oneapi/2022.3/compiler/2022.2.1/linux/compiler/lib
 :/bwfefs/opt/x86_64/intel/oneapi/2022.3/compiler/2022.2.1/linux/lib/oclfpga/hos
 t/linux64/lib:/bwfefs/opt/x86_64/intel/oneapi/2022.3/compiler/2022.2.1/linux/li
 b/oclfpga/linux64/lib:/bwfefs/opt/x86_64/intel/oneapi/2022.3/compiler/2022.2.1/
 linux/lib:/bwfefs/opt/x86_64/intel/oneapi/2022.3/compiler/2022.2.1/linux/lib/x6
 4:/bwfefs/opt/x86_64/intel/oneapi/2022.3/compiler/2022.2.1/linux/lib/emu:/bwfef
 s/opt/x86_64/intel/oneapi/2022.3/compiler/2022.2.1/linux/compiler/lib/intel64_l
 in:/bwfefs/opt/x86_64/intel/oneapi/2022.3/debugger/2021.7.1/dep/lib:/bwfefs/opt
 /x86_64/intel/oneapi/2022.3/debugger/2021.7.1/libipt/intel64/lib:/bwfefs/opt/x8
 6_64/intel/oneapi/2022.3/debugger/2021.7.1/gdb/intel64/lib:/bwfefs/opt/x86_64/
 MPI Runtime = Intel(R) MPI Library 2021.7 for Linux* OS


[STEP1] Read Control Parameters
 
Read_Ctrl_Input> Input Files
  grotopfile = pro.top
  grocrdfile = crd/pos_5000.gro
 
Read_Ctrl_Output> Output Files
 
Read_Ctrl_Energy> Parameters of Energy Calculations
  forcefield      =    RESIDCG
  output_style    =    GENESIS
 
Read_Ctrl_Dynamics> Parameters of MD simulation
  integrator      =       VVER  nsteps          =       2000
  timestep        =     0.0100  initial_time    =     0.0000
  eneout_period   =         20  rstout_period   =          0
  crdout_period   =          0  velout_period   =          0
  nbupdate_period =         20  stoptr_period   =         10
  lbupdate_period =          0
  iseed           =         -1
  annealing       =         no
  verbose         =         no
  target_md       =         no
  steered_md      =         no
 
Read_Ctrl_Ensemble> Parameters for Ensemble
  ensemble        =        NVT
  temperature     =    300.000
  tpcontrol       =   LANGEVIN
  gamma_t         =      1.000
 
Read_Ctrl_Boundary> Parameters of Boundary Condition
  type            =       PBC 
  box_size(x,y,z) =   3200.000   650.000   650.000
  min_domain_cell =          2
 
Read_Ctrl_Selection> Parameters of Selection
  # of groups     =          0
  # of mole names =          0
 
Read_Ctrl_Restraints> No restraint in the system

Read_Ctrl_Fitting_MD> Parameters of Fitting
  fitting method  =  TR+ROT   
  fitting atom    = group1
  mass_weight     =         no
 
[STEP2] Setup MPI
 
Setup_Mpi_Md> Summary of Setup MPI
  number of MPI processes   =        256
  number of OpenMP threads  =          5
  total number of CPU cores =       1280

[STEP3] Set Relevant Variables and Structures
 
Read_Grotop> Summary of Grotopfile
  num_moltypes    =          1
    pos100_cg             :
      num_atoms   =        100
      num_bonds   =         99
      num_angls   =          0
      num_dihes   =          0
      num_cmaps   =          0
      num_excls   =          0
      num_constrs =          0
      num_pairs   =          0
      num_vsites2 =          0
      num_vsites3 =          0
      num_vsites4 =          0
      num_vsitesn =          0
      num_posress =          0
      num_PWMcos  =          0
      num_PWMcosns=          0
      num_IDR_HPS =          1
      num_IDR_KH  =          0
    .. not used molecule types were hidden.

  num_molecules   =       5000
    pos100_cg             :  5000

  num_atomtypes   =         33  num_bondtypes   =          0
  num_angltypes   =          0  num_dihetypes   =          0
  num_flangltypes           20
  num_fldihetypes          400
  num_constrtypes =          0  num_cmaptypes   =          0
  num_nbonparms   =          0
  num_basestacktypes  =     16
  num_basepairtypes   =      4
  num_basecrosstypes  =     32
  num_cgdnaexvtypes   =      6
  num_cgelemolpairs   =      1
  num_cg_IDR_HPS_atomtypes  =     20
  num_cg_KH_atomtypes  =    20

  num_cg_pair_MJ_eps   =   400

Define_Molecule> Summary of molecules
  num_atoms       =     500000  num_bonds       =     495000
  num_angles      =          0  num_dihedrals   =          0
  num_impropers   =          0  num_cmap_terms  =          0
  num_residues    =     500000  num_molecules   =       5000
  num_segments    =          1  num_deg_freedom =    1500000
  total_charge    = 500000.000
 
Setup_Boundary_Cell> Set Variables for Boundary Condition
  domains (x,y,z) =         16         4         4
  ncells (x,y,z)  =        112        22        22
 
Define_Enefunc_Gromacs> Number of Interactions in Each Term
  bond_ene        =     495000  angle_ene       =          0
  torsion_ene     =          0
 restraint_groups =          0 restraint_funcs  =          0
 
Setup_Dynamics> Subtract 3 translational degrees of freedom
 
Update_Num_Deg_Freedom> Number of degrees of freedom was updated
  num_deg_freedom =    1499997 (After removing translation)
 
Random_Init> Initialize the random number
  seed            = 779095

Setup_Fitting_cgdyn> NO fitting is applied, skip
  fitting method  =  NO
 
[STEP4] Compute Single Point Energy for Molecules
 
            STEP          ENERGY            BOND  NATIVE_CONTACT NON-NATIVE_CONT           ELECT         IDR_HPS          CG_EXV
 --------------- --------------- --------------- --------------- ---------------
               0     853903.1900     170691.3764          0.0000          0.0000     681472.2486       1739.5649          0.0000

[STEP5] Perform Molecular Dynamics Simulation
 
Initial_Velocity> Generate initial velocities
  iseed           =     779095
  temperature     =    300.000
 
Random_Init_Velocity> Initialize the random number
  seed            = 779095

INFO:       STEP            TIME       TOTAL_ENE   POTENTIAL_ENE     KINETIC_ENE            RMSG            BOND         IDR_HPS  NATIVE_CONTACT          CG_EXV           ELECT     TEMPERATURE          VOLUME
 --------------- --------------- --------------- --------------- ---------------
INFO:          0          0.0000    1301830.5285     853903.1900     447927.3385         10.1780     170691.3764       1739.5649          0.0000          0.0000     681472.2486          0.0000 1352000000.0000

INFO:         20          0.2000    1296053.5185     842353.9021     453699.6163          9.8512     160912.9788        723.4780          0.0000          0.0000     680717.4453        307.6560 1352000000.0000

INFO:         40          0.4000    1290303.0138     835851.1047     454451.9091          9.7264     157917.3648       -922.6348          0.0000          0.0000     678856.3746        308.4868 1352000000.0000

INFO:         60          0.6000    1284911.6912     829780.8324     455130.8587          9.6420     155605.7272      -2164.3684          0.0000          0.0000     676339.4735        308.8301 1352000000.0000

INFO:         80          0.8000    1279893.4567     824619.7947     455273.6621          9.5990     154705.3078      -3471.1563          0.0000          0.0000     673385.6432        308.8909 1352000000.0000

INFO:        100          1.0000    1274621.7537     819133.3315     455488.4223          9.5443     153378.6943      -4487.8256          0.0000          0.0000     670242.4627        308.9847 1352000000.0000

INFO:        120          1.2000    1270118.6860     814609.1783     455509.5077          9.5125     152330.2023      -4806.8849          0.0000          0.0000     667085.8610        308.9185 1352000000.0000

INFO:        140          1.4000    1264882.4747     810839.4174     454043.0574          9.4977     151718.6020      -4858.7561          0.0000          0.0000     663979.5715        307.8799 1352000000.0000

INFO:        160          1.6000    1260479.9804     806803.3000     453676.6805          9.4639     150915.3500      -5032.8884          0.0000          0.0000     660920.8384        307.6491 1352000000.0000

INFO:        180          1.8000    1255780.8530     803169.7417     452611.1112          9.4441     150251.5216      -5034.4020          0.0000          0.0000     657952.6221        306.9372 1352000000.0000

INFO:        200          2.0000    1251495.2286     800294.7711     451200.4575          9.4347     150047.0033      -4848.7759          0.0000          0.0000     655096.5436        306.0505 1352000000.0000

INFO:        220          2.2000    1248256.8718     796835.8362     451421.0356          9.4113     149396.3453      -4885.6949          0.0000          0.0000     652325.1858        306.2781 1352000000.0000

INFO:        240          2.4000    1245158.9112     794078.1125     451080.7986          9.4053     149359.5432      -4919.4462          0.0000          0.0000     649638.0156        305.9049 1352000000.0000

INFO:        260          2.6000    1241156.8601     791367.0367     449789.8234          9.4000     149140.7402      -4862.9251          0.0000          0.0000     647089.2216        304.9141 1352000000.0000

INFO:        280          2.8000    1237765.6783     788989.5443     448776.1340          9.3925     149061.5889      -4685.2631          0.0000          0.0000     644613.2184        304.3641 1352000000.0000

INFO:        300          3.0000    1234395.0141     786016.9443     448378.0698          9.3815     148573.6602      -4772.9848          0.0000          0.0000     642216.2689        304.0490 1352000000.0000

INFO:        320          3.2000    1232554.6280     783860.7747     448693.8533          9.3863     148840.5839      -4887.0465          0.0000          0.0000     639907.2373        304.2663 1352000000.0000

INFO:        340          3.4000    1230099.1280     781514.2257     448584.9023          9.3851     148721.5207      -4874.8959          0.0000          0.0000     637667.6009        304.1063 1352000000.0000

INFO:        360          3.6000    1227253.4156     779277.3289     447976.0867          9.3737     148570.9901      -4804.2628          0.0000          0.0000     635510.6016        303.6582 1352000000.0000

INFO:        380          3.8000    1225239.9850     777132.4569     448107.5281          9.3588     148169.8789      -4511.5226          0.0000          0.0000     633474.1006        303.7297 1352000000.0000

INFO:        400          4.0000    1222550.6018     775617.8420     446932.7598          9.3578     148359.9234      -4256.7037          0.0000          0.0000     631514.6224        303.1526 1352000000.0000

INFO:        420          4.2000    1220344.6578     773867.6747     446476.9831          9.3628     148477.7354      -4224.7012          0.0000          0.0000     629614.6406        302.9385 1352000000.0000

INFO:        440          4.4000    1218320.0836     771799.0999     446520.9837          9.3698     148471.9247      -4446.2926          0.0000          0.0000     627773.4679        302.8375 1352000000.0000

INFO:        460          4.6000    1216898.6317     769969.5782     446929.0535          9.3527     148260.6457      -4280.4455          0.0000          0.0000     625989.3780        303.1728 1352000000.0000

INFO:        480          4.8000    1215151.9608     768317.4159     446834.5449          9.3608     148269.2154      -4213.9157          0.0000          0.0000     624262.1162        303.1267 1352000000.0000

INFO:        500          5.0000    1212725.4625     766759.0083     445966.4543          9.3617     148320.5642      -4135.3006          0.0000          0.0000     622573.7446        302.5221 1352000000.0000

INFO:        520          5.2000    1210811.1813     765158.9036     445652.2777          9.3581     148422.8850      -4175.1458          0.0000          0.0000     620911.1644        302.3049 1352000000.0000

INFO:        540          5.4000    1209317.1641     762951.1679     446365.9962          9.3439     147980.4591      -4337.2722          0.0000          0.0000     619307.9810        302.6696 1352000000.0000

INFO:        560          5.6000    1207723.6789     761952.6044     445771.0745          9.3563     148263.5592      -4063.8172          0.0000          0.0000     617752.8625        302.2970 1352000000.0000

INFO:        580          5.8000    1206110.6273     760162.8175     445947.8098          9.3365     147790.4014      -3896.0089          0.0000          0.0000     616268.4250        302.5728 1352000000.0000

INFO:        600          6.0000    1205280.0216     759363.4659     445916.5557          9.3510     148229.4833      -3717.0967          0.0000          0.0000     614851.0793        302.4020 1352000000.0000

INFO:        620          6.2000    1204291.5224     758122.3715     446169.1509          9.3462     148154.6158      -3500.2077          0.0000          0.0000     613467.9634        302.6736 1352000000.0000

INFO:        640          6.4000    1203034.3961     757047.9469     445986.4492          9.3506     148296.4234      -3364.2297          0.0000          0.0000     612115.7533        302.7158 1352000000.0000

INFO:        660          6.6000    1201543.2166     755607.1725     445936.0442          9.3535     148274.7193      -3445.8645          0.0000          0.0000     610778.3177        302.5704 1352000000.0000

INFO:        680          6.8000    1199569.2932     754039.8941     445529.3991          9.3416     148114.8124      -3517.2874          0.0000          0.0000     609442.3691        302.2221 1352000000.0000

INFO:        700          7.0000    1197846.7248     752800.6252     445046.0997          9.3465     148184.9146      -3538.9314          0.0000          0.0000     608154.6420        302.0138 1352000000.0000

INFO:        720          7.2000    1196982.2068     752062.1407     444920.0660          9.3619     148690.0174      -3511.9386          0.0000          0.0000     606884.0620        301.8325 1352000000.0000

INFO:        740          7.4000    1195586.8911     750563.3096     445023.5815          9.3494     148356.8826      -3449.0248          0.0000          0.0000     605655.4518        301.7387 1352000000.0000

INFO:        760          7.6000    1194472.4879     749285.0599     445187.4280          9.3450     148296.6319      -3450.9085          0.0000          0.0000     604439.3364        301.8090 1352000000.0000

INFO:        780          7.8000    1193440.1618     747644.8990     445795.2629          9.3338     147807.5842      -3430.6088          0.0000          0.0000     603267.9236        302.3772 1352000000.0000

INFO:        800          8.0000    1191628.6750     746806.1798     444822.4951          9.3425     148058.7017      -3357.0342          0.0000          0.0000     602104.5123        301.7210 1352000000.0000

INFO:        820          8.2000    1190986.8917     746177.7300     444809.1617          9.3478     148225.2888      -3036.8597          0.0000          0.0000     600989.3010        301.7782 1352000000.0000

INFO:        840          8.4000    1190270.4578     745324.3954     444946.0623          9.3541     148216.5324      -2801.9525          0.0000          0.0000     599909.8156        301.7601 1352000000.0000

INFO:        860          8.6000    1189237.4637     744099.9189     445137.5448          9.3514     148214.6721      -2931.9003          0.0000          0.0000     598817.1471        302.0638 1352000000.0000

INFO:        880          8.8000    1187932.9676     742795.8623     445137.1053          9.3459     148040.0188      -2972.8267          0.0000          0.0000     597728.6702        301.9569 1352000000.0000

INFO:        900          9.0000    1187372.2024     741912.3887     445459.8137          9.3480     148217.7218      -2988.6722          0.0000          0.0000     596683.3391        302.0224 1352000000.0000

INFO:        920          9.2000    1186683.9776     741666.1043     445017.8732          9.3748     148952.4013      -2946.1550          0.0000          0.0000     595659.8580        301.7928 1352000000.0000

INFO:        940          9.4000    1185038.2142     740131.6826     444906.5316          9.3562     148457.1656      -2957.2130          0.0000          0.0000     594631.7301        301.8479 1352000000.0000

INFO:        960          9.6000    1184390.0006     739232.2253     445157.7754          9.3488     148510.6935      -2907.7382          0.0000          0.0000     593629.2700        301.9083 1352000000.0000

INFO:        980          9.8000    1183233.2669     738394.0084     444839.2585          9.3548     148489.3339      -2746.1897          0.0000          0.0000     592650.8642        301.7019 1352000000.0000

INFO:       1000         10.0000    1182737.9000     737672.0636     445065.8365          9.3606     148688.6555      -2713.0223          0.0000          0.0000     591696.4304        301.9877 1352000000.0000

INFO:       1020         10.2000    1182076.9226     736680.0841     445396.8385          9.3586     148574.2348      -2653.6073          0.0000          0.0000     590759.4566        302.1094 1352000000.0000

INFO:       1040         10.4000    1181152.7187     735743.6727     445409.0460          9.3642     148428.6843      -2532.5902          0.0000          0.0000     589847.5786        302.0930 1352000000.0000

INFO:       1060         10.6000    1180217.2491     734925.2598     445291.9893          9.3627     148618.7129      -2633.2884          0.0000          0.0000     588939.8352        302.0898 1352000000.0000

INFO:       1080         10.8000    1178246.3169     733897.2753     444349.0417          9.3602     148608.7148      -2768.3982          0.0000          0.0000     588056.9587        301.4949 1352000000.0000

INFO:       1100         11.0000    1177106.4281     733051.8902     444054.5378          9.3665     148521.1856      -2667.8863          0.0000          0.0000     587198.5910        301.1816 1352000000.0000

INFO:       1120         11.2000    1176147.6027     732444.9213     443702.6814          9.3622     148454.6473      -2360.8402          0.0000          0.0000     586351.1142        301.0848 1352000000.0000

INFO:       1140         11.4000    1175101.8171     731022.6686     444079.1486          9.3370     147922.2853      -2414.0547          0.0000          0.0000     585514.4380        301.1652 1352000000.0000

INFO:       1160         11.6000    1174009.8610     730180.6622     443829.1988          9.3356     147960.2979      -2455.1279          0.0000          0.0000     584675.4922        301.1502 1352000000.0000

INFO:       1180         11.8000    1172881.0364     729262.7460     443618.2904          9.3331     147946.4725      -2532.7657          0.0000          0.0000     583849.0391        300.8195 1352000000.0000

INFO:       1200         12.0000    1171594.0974     728000.5369     443593.5605          9.3235     147475.0467      -2542.9190          0.0000          0.0000     583068.4092        300.8687 1352000000.0000

INFO:       1220         12.2000    1170551.4840     727684.1691     442867.3149          9.3319     147847.0613      -2471.9996          0.0000          0.0000     582309.1074        300.3796 1352000000.0000

INFO:       1240         12.4000    1170476.5294     727105.8932     443370.6361          9.3388     147825.7010      -2279.1081          0.0000          0.0000     581559.3003        300.7244 1352000000.0000

INFO:       1260         12.6000    1170873.1764     727164.3188     443708.8576          9.3651     148592.2595      -2236.6728          0.0000          0.0000     580808.7322        300.9090 1352000000.0000

INFO:       1280         12.8000    1170576.3893     726618.0811     443958.3082          9.3742     148889.9218      -2330.7065          0.0000          0.0000     580058.8658        301.1532 1352000000.0000

INFO:       1300         13.0000    1169831.5448     725311.0787     444520.4660          9.3591     148412.6698      -2431.6024          0.0000          0.0000     579330.0113        301.5003 1352000000.0000

INFO:       1320         13.2000    1168494.3178     724826.8487     443667.4691          9.3597     148576.4975      -2346.1803          0.0000          0.0000     578596.5316        300.8189 1352000000.0000

INFO:       1340         13.4000    1167328.5699     724144.1036     443184.4663          9.3706     148775.7878      -2511.1483          0.0000          0.0000     577879.4642        300.6386 1352000000.0000

INFO:       1360         13.6000    1166558.2849     722915.6845     443642.6004          9.3625     148389.6243      -2638.1138          0.0000          0.0000     577164.1740        301.0421 1352000000.0000

INFO:       1380         13.8000    1165266.5546     722087.5742     443178.9804          9.3524     148173.2141      -2575.8551          0.0000          0.0000     576490.2151        300.6162 1352000000.0000

INFO:       1400         14.0000    1165069.3495     721800.7530     443268.5966          9.3609     148532.5057      -2571.8152          0.0000          0.0000     575840.0624        300.6375 1352000000.0000

INFO:       1420         14.2000    1164635.5966     720675.4667     443960.1300          9.3407     148050.3758      -2553.1351          0.0000          0.0000     575178.2260        300.8961 1352000000.0000

INFO:       1440         14.4000    1163641.0860     719907.3911     443733.6949          9.3443     148006.4183      -2626.4905          0.0000          0.0000     574527.4633        301.0481 1352000000.0000

INFO:       1460         14.6000    1163166.8504     719301.1022     443865.7482          9.3465     148144.3382      -2728.2176          0.0000          0.0000     573884.9816        301.0994 1352000000.0000

INFO:       1480         14.8000    1162661.3579     719150.7256     443510.6323          9.3513     148418.9395      -2538.1146          0.0000          0.0000     573269.9008        300.8478 1352000000.0000

INFO:       1500         15.0000    1162018.9898     718544.9787     443474.0111          9.3386     148181.8371      -2293.1061          0.0000          0.0000     572656.2477        300.8724 1352000000.0000

INFO:       1520         15.2000    1161584.4076     717664.3430     443920.0645          9.3305     147730.0615      -2112.4256          0.0000          0.0000     572046.7071        301.0048 1352000000.0000

INFO:       1540         15.4000    1161324.0932     717520.4863     443803.6069          9.3449     148176.3480      -2104.9868          0.0000          0.0000     571449.1251        301.1089 1352000000.0000

INFO:       1560         15.6000    1160237.7362     717063.4555     443174.2807          9.3464     148389.6347      -2182.7032          0.0000          0.0000     570856.5241        300.6538 1352000000.0000

INFO:       1580         15.8000    1159541.9996     716637.5101     442904.4895          9.3464     148470.8315      -2101.8400          0.0000          0.0000     570268.5186        300.4167 1352000000.0000

INFO:       1600         16.0000    1159635.2195     715505.9980     444129.2215          9.3359     147909.2540      -2087.4261          0.0000          0.0000     569684.1701        301.2690 1352000000.0000

INFO:       1620         16.2000    1158573.1186     715499.8310     443073.2877          9.3519     148532.5411      -2129.3396          0.0000          0.0000     569096.6294        300.5378 1352000000.0000

INFO:       1640         16.4000    1158621.9465     714972.2718     443649.6747          9.3609     148592.0243      -2138.4486          0.0000          0.0000     568518.6961        301.0206 1352000000.0000

INFO:       1660         16.6000    1158269.5095     714112.0338     444157.4758          9.3508     148310.2506      -2136.5322          0.0000          0.0000     567938.3153        301.2571 1352000000.0000

INFO:       1680         16.8000    1157549.2763     713367.8725     444181.4038          9.3440     148086.2462      -2072.6243          0.0000          0.0000     567354.2506        301.4478 1352000000.0000

INFO:       1700         17.0000    1156968.7534     713404.3313     443564.4222          9.3641     148573.3108      -1973.9020          0.0000          0.0000     566804.9225        300.9430 1352000000.0000

INFO:       1720         17.2000    1156391.8259     712405.9360     443985.8899          9.3517     148151.1275      -2005.0462          0.0000          0.0000     566259.8547        301.2964 1352000000.0000

INFO:       1740         17.4000    1156010.0015     712620.9026     443389.0988          9.3738     149011.0006      -2091.7867          0.0000          0.0000     565701.6888        300.8793 1352000000.0000

INFO:       1760         17.6000    1155729.0695     711618.0701     444110.9994          9.3686     148655.9330      -2192.1758          0.0000          0.0000     565154.3129        301.3934 1352000000.0000

INFO:       1780         17.8000    1155337.5454     710691.2512     444646.2942          9.3512     148274.0214      -2204.8704          0.0000          0.0000     564622.1002        301.4372 1352000000.0000

INFO:       1800         18.0000    1154245.0522     710399.6336     443845.4186          9.3496     148271.8231      -1987.2856          0.0000          0.0000     564115.0961        301.0264 1352000000.0000

INFO:       1820         18.2000    1153368.7616     710146.4737     443222.2878          9.3597     148431.2717      -1893.6846          0.0000          0.0000     563608.8866        300.4860 1352000000.0000

INFO:       1840         18.4000    1153244.5353     709653.2833     443591.2520          9.3591     148516.6506      -1973.4053          0.0000          0.0000     563110.0380        300.9098 1352000000.0000

INFO:       1860         18.6000    1152723.9312     709124.1255     443599.8057          9.3664     148470.0766      -1932.3759          0.0000          0.0000     562586.4247        300.7818 1352000000.0000

INFO:       1880         18.8000    1151234.9371     708433.4265     442801.5106          9.3575     148244.3479      -1883.1632          0.0000          0.0000     562072.2418        300.3589 1352000000.0000

INFO:       1900         19.0000    1151206.3106     708176.8891     443029.4215          9.3620     148542.0060      -1930.0375          0.0000          0.0000     561564.9205        300.4574 1352000000.0000

INFO:       1920         19.2000    1150205.4352     707350.9636     442854.4715          9.3504     148204.1626      -1919.6486          0.0000          0.0000     561066.4496        300.4312 1352000000.0000

INFO:       1940         19.4000    1149492.3982     706565.8156     442926.5826          9.3395     147781.5928      -1790.6310          0.0000          0.0000     560574.8538        300.4392 1352000000.0000

INFO:       1960         19.6000    1148652.8662     705986.8943     442665.9719          9.3341     147748.7210      -1869.4270          0.0000          0.0000     560107.6003        300.2702 1352000000.0000

INFO:       1980         19.8000    1148848.2275     705778.4688     443069.7587          9.3471     147957.9870      -1822.1835          0.0000          0.0000     559642.6654        300.6294 1352000000.0000

INFO:       2000         20.0000    1148256.7126     705423.5719     442833.1408          9.3490     148050.5222      -1805.2649          0.0000          0.0000     559178.3146        300.4028 1352000000.0000

 
[STEP6] Deallocate Arrays
 
Output_Time> Averaged timer profile (Min, Max)
  total time      =      15.155
    setup         =       3.153
    dynamics      =      12.002
      energy      =      10.060
      integrator  =       1.536
      migration   =       0.066
      pairlist    =       0.124 (       0.059,       0.203)
  energy           
    bond          =       0.069 (       0.035,       0.130)
    angle         =       0.011 (       0.010,       0.018)
    dihedral      =       0.011 (       0.010,       0.018)
    base stacking =       0.000 (       0.000,       0.000)
    nonbond       =       4.515 (       1.500,       9.009)
      CG exv      =       0.012 (       0.007,       0.018)
      CG DNA bp   =       0.000 (       0.000,       0.000)
      CG DNA exv  =       0.000 (       0.000,       0.000)
      CG ele      =       3.655 (       1.219,       7.371)
      CG PWMcos   =       0.000 (       0.000,       0.000)
      CG PWMcosns =       0.000 (       0.000,       0.000)
      CG IDR-HPS  =       0.845 (       0.269,       1.618)
      CG IDR-KH   =       0.000 (       0.000,       0.000)
      CG KH       =       0.000 (       0.000,       0.000)
      Contact     =       0.003 (       0.003,       0.005)
      pme real    =       0.000 (       0.000,       0.000)
      pme recip   =       0.000 (       0.000,       0.000)
    solvation     =       0.000 (       0.000,       0.000)
      polar       =       0.000 (       0.000,       0.000)
      non-polar   =       0.000 (       0.000,       0.000)
    restraint     =       0.000 (       0.000,       0.000)
    qmmm          =       0.000 (       0.000,       0.000)
    morph         =       0.000 (       0.000,       0.000)
  integrator       
    constraint    =       0.000 (       0.000,       0.000)
    update        =       0.000 (       0.000,       0.000)
    comm_coord    =       0.640 (       0.328,       0.990)
    comm_force    =       0.356 (       0.234,       0.482)
  migration       =       0.066 (       0.065,       0.066)
    comm_migrate  =       0.011 (       0.009,       0.014)
    ptl_migrate   =       0.003 (       0.002,       0.005)
    bond_migrate  =       0.001 (       0.000,       0.001)
    angl_migrate  =       0.001 (       0.000,       0.001)
    dihe_migrate  =       0.000 (       0.000,       0.001)
    contact_migr  =       0.000 (       0.000,       0.000)
    stack_migrate =       0.000 (       0.000,       0.000)
    pwmcos_migrate =       0.000 (       0.000,       0.000)
    pwmcosns_migr  =       0.000 (       0.000,       0.000)
    nonb_update    =       0.027 (       0.010,       0.052)

