****************************************************
*                                                  *
*                  GENESIS CGDYN                   *
*                                                  *
*        A Molecular Dynamics Simulator with       *
*           Spatial Decomposition Scheme           *
*                                                  *
*               Developed by RIKEN                 *
*                                                  *
****************************************************
 
[STEP0] Architecture and Compiler Information
 
GENESIS_Information> GENESIS Information
  version      = 2.0.0
  commit ID    = $GENESIS_VERSION$
  precision    = mixed 
  nonbonding   = CPU

Build_Information> Compiler Information
  build host   = jjwsmj@hokusai2
  fortran      = ifort (IFORT) 2021.7.1 20221019
  option       = 
  -axCORE-AVX512 -g -O3  -qmkl=parallel  -assume byterecl -qopenmp  
  C            = 
 icc: remark #10441: The Intel(R) C++ Compiler Classic (ICC) is deprecated and w
 ill be removed from product release in the second half of 2023. The Intel(R) on
 eAPI DPC++/C++ Compiler (ICX) is the recommended compiler moving forward. Pleas
 e transition to use this compiler. Use '-diag-disable=10441' to disable this me
 ssage.
  option       = -O3 -ip -axCORE-AVX2  -qopenmp 
  defined var. = 
  -DHAVE_MPI_GENESIS -DOMP -DIFORT19 -DFFTE -DLAPACK -DDSFMT_MEXP=19937 -DINTEL
  link option  = 
  -assume byterecl -lgfortran -qopenmp  -lmkl_intel_lp64 -lmkl_sequential -lmkl_
 core -lmkl_lapack95_lp64   
  MPI Compiler = Intel(R) MPI

Runtime_Information> Machine and Library Information
  date       = 2023/05/12 15:18:41
  cpu model    = Intel(R) Xeon(R) Gold 6148 CPU @ 2.40GHz
  exec. host   = jjwsmj@bwmpc0190
  LD library   = 
 /bwfefs/opt/x86_64/intel/oneapi/2022.3/mpi/2021.7.1/libfabric/lib:/bwfefs/opt/x
 86_64/intel/oneapi/2022.3/mpi/2021.7.1/lib/release:/bwfefs/opt/x86_64/intel/one
 api/2022.3/mpi/2021.7.1/lib:/bwfefs/opt/x86_64/intel/oneapi/2022.3/tbb/2021.7.1
 /lib/intel64/gcc4.8:/usr/lib64:/bwfefs/opt/x86_64/intel/oneapi/2022.3/vpl/2022.
 2.5/lib:/bwfefs/opt/x86_64/intel/oneapi/2022.3/mkl/latest/lib/intel64:/bwfefs/o
 pt/x86_64/intel/oneapi/2022.3/itac/2021.7.1/slib:/bwfefs/opt/x86_64/intel/oneap
 i/2022.3/ippcp/2021.6.2/lib/intel64:/bwfefs/opt/x86_64/intel/oneapi/2022.3/ipp/
 2021.6.2/lib/intel64:/bwfefs/opt/x86_64/intel/oneapi/2022.3/dnnl/2022.2.1/cpu_d
 pcpp_gpu_dpcpp/lib:/bwfefs/opt/x86_64/intel/oneapi/2022.3/dal/2021.7.1/lib/inte
 l64:/bwfefs/opt/x86_64/intel/oneapi/2022.3/compiler/2022.2.1/linux/compiler/lib
 :/bwfefs/opt/x86_64/intel/oneapi/2022.3/compiler/2022.2.1/linux/lib/oclfpga/hos
 t/linux64/lib:/bwfefs/opt/x86_64/intel/oneapi/2022.3/compiler/2022.2.1/linux/li
 b/oclfpga/linux64/lib:/bwfefs/opt/x86_64/intel/oneapi/2022.3/compiler/2022.2.1/
 linux/lib:/bwfefs/opt/x86_64/intel/oneapi/2022.3/compiler/2022.2.1/linux/lib/x6
 4:/bwfefs/opt/x86_64/intel/oneapi/2022.3/compiler/2022.2.1/linux/lib/emu:/bwfef
 s/opt/x86_64/intel/oneapi/2022.3/compiler/2022.2.1/linux/compiler/lib/intel64_l
 in:/bwfefs/opt/x86_64/intel/oneapi/2022.3/debugger/2021.7.1/dep/lib:/bwfefs/opt
 /x86_64/intel/oneapi/2022.3/debugger/2021.7.1/libipt/intel64/lib:/bwfefs/opt/x8
 6_64/intel/oneapi/2022.3/debugger/2021.7.1/gdb/intel64/lib:/bwfefs/opt/x86_64/
 MPI Runtime = Intel(R) MPI Library 2021.7 for Linux* OS


[STEP1] Read Control Parameters
 
Read_Ctrl_Input> Input Files
  grotopfile = pro.top
  grocrdfile = crd/pos_5000.gro
 
Read_Ctrl_Output> Output Files
 
Read_Ctrl_Energy> Parameters of Energy Calculations
  forcefield      =    RESIDCG
  output_style    =    GENESIS
 
Read_Ctrl_Dynamics> Parameters of MD simulation
  integrator      =       VVER  nsteps          =       2000
  timestep        =     0.0100  initial_time    =     0.0000
  eneout_period   =         20  rstout_period   =          0
  crdout_period   =          0  velout_period   =          0
  nbupdate_period =         20  stoptr_period   =         10
  lbupdate_period =          0
  iseed           =         -1
  annealing       =         no
  verbose         =         no
  target_md       =         no
  steered_md      =         no
 
Read_Ctrl_Ensemble> Parameters for Ensemble
  ensemble        =        NVT
  temperature     =    300.000
  tpcontrol       =   LANGEVIN
  gamma_t         =      1.000
 
Read_Ctrl_Boundary> Parameters of Boundary Condition
  type            =       PBC 
  box_size(x,y,z) =   3200.000   650.000   650.000
  min_domain_cell =          2
 
Read_Ctrl_Selection> Parameters of Selection
  # of groups     =          0
  # of mole names =          0
 
Read_Ctrl_Restraints> No restraint in the system

Read_Ctrl_Fitting_MD> Parameters of Fitting
  fitting method  =  TR+ROT   
  fitting atom    = group1
  mass_weight     =         no
 
[STEP2] Setup MPI
 
Setup_Mpi_Md> Summary of Setup MPI
  number of MPI processes   =        256
  number of OpenMP threads  =          5
  total number of CPU cores =       1280

[STEP3] Set Relevant Variables and Structures
 
Read_Grotop> Summary of Grotopfile
  num_moltypes    =          1
    pos100_cg             :
      num_atoms   =        100
      num_bonds   =         99
      num_angls   =          0
      num_dihes   =          0
      num_cmaps   =          0
      num_excls   =          0
      num_constrs =          0
      num_pairs   =          0
      num_vsites2 =          0
      num_vsites3 =          0
      num_vsites4 =          0
      num_vsitesn =          0
      num_posress =          0
      num_PWMcos  =          0
      num_PWMcosns=          0
      num_IDR_HPS =          1
      num_IDR_KH  =          0
    .. not used molecule types were hidden.

  num_molecules   =       5000
    pos100_cg             :  5000

  num_atomtypes   =         33  num_bondtypes   =          0
  num_angltypes   =          0  num_dihetypes   =          0
  num_flangltypes           20
  num_fldihetypes          400
  num_constrtypes =          0  num_cmaptypes   =          0
  num_nbonparms   =          0
  num_basestacktypes  =     16
  num_basepairtypes   =      4
  num_basecrosstypes  =     32
  num_cgdnaexvtypes   =      6
  num_cgelemolpairs   =      1
  num_cg_IDR_HPS_atomtypes  =     20
  num_cg_KH_atomtypes  =    20

  num_cg_pair_MJ_eps   =   400

Define_Molecule> Summary of molecules
  num_atoms       =     500000  num_bonds       =     495000
  num_angles      =          0  num_dihedrals   =          0
  num_impropers   =          0  num_cmap_terms  =          0
  num_residues    =     500000  num_molecules   =       5000
  num_segments    =          1  num_deg_freedom =    1500000
  total_charge    = 500000.000
 
Setup_Boundary_Cell> Set Variables for Boundary Condition
  domains (x,y,z) =         16         4         4
  ncells (x,y,z)  =        112        22        22
 
Define_Enefunc_Gromacs> Number of Interactions in Each Term
  bond_ene        =     495000  angle_ene       =          0
  torsion_ene     =          0
 restraint_groups =          0 restraint_funcs  =          0
 
Setup_Dynamics> Subtract 3 translational degrees of freedom
 
Update_Num_Deg_Freedom> Number of degrees of freedom was updated
  num_deg_freedom =    1499997 (After removing translation)
 
Random_Init> Initialize the random number
  seed            = 426595

Setup_Fitting_cgdyn> NO fitting is applied, skip
  fitting method  =  NO
 
[STEP4] Compute Single Point Energy for Molecules
 
            STEP          ENERGY            BOND  NATIVE_CONTACT NON-NATIVE_CONT           ELECT         IDR_HPS          CG_EXV
 --------------- --------------- --------------- --------------- ---------------
               0     853903.1900     170691.3764          0.0000          0.0000     681472.2486       1739.5649          0.0000

[STEP5] Perform Molecular Dynamics Simulation
 
Initial_Velocity> Generate initial velocities
  iseed           =     426595
  temperature     =    300.000
 
Random_Init_Velocity> Initialize the random number
  seed            = 426595

INFO:       STEP            TIME       TOTAL_ENE   POTENTIAL_ENE     KINETIC_ENE            RMSG            BOND         IDR_HPS  NATIVE_CONTACT          CG_EXV           ELECT     TEMPERATURE          VOLUME
 --------------- --------------- --------------- --------------- ---------------
INFO:          0          0.0000    1299668.3615     853903.1900     445765.1715         10.1780     170691.3764       1739.5649          0.0000          0.0000     681472.2486          0.0000 1352000000.0000

INFO:         20          0.2000    1294613.8926     841928.6097     452685.2829          9.8415     160475.9442        741.5197          0.0000          0.0000     680711.1458        307.0134 1352000000.0000

INFO:         40          0.4000    1289646.5581     835277.1233     454369.4348          9.7162     157482.1902      -1062.1343          0.0000          0.0000     678857.0674        308.3419 1352000000.0000

INFO:         60          0.6000    1284615.5068     829331.8140     455283.6928          9.6371     155499.6584      -2484.1558          0.0000          0.0000     676316.3114        309.0231 1352000000.0000

INFO:         80          0.8000    1279599.8029     824110.8077     455488.9953          9.5914     154267.7085      -3533.2492          0.0000          0.0000     673376.3484        309.0591 1352000000.0000

INFO:        100          1.0000    1274558.9021     819382.6874     455176.2147          9.5548     153212.7301      -4111.4446          0.0000          0.0000     670281.4020        308.6908 1352000000.0000

INFO:        120          1.2000    1269905.1825     814551.3212     455353.8613          9.5143     151983.4732      -4574.8149          0.0000          0.0000     667142.6629        308.6946 1352000000.0000

INFO:        140          1.4000    1264200.8249     810622.5279     453578.2970          9.4823     151531.7411      -4898.4340          0.0000          0.0000     663989.2209        307.5803 1352000000.0000

INFO:        160          1.6000    1260088.5162     806400.9990     453687.5173          9.4467     150374.5114      -4898.1806          0.0000          0.0000     660924.6681        307.6818 1352000000.0000

INFO:        180          1.8000    1255614.3098     802889.3633     452724.9466          9.4336     150057.7557      -5058.4833          0.0000          0.0000     657890.0909        306.9088 1352000000.0000

INFO:        200          2.0000    1251806.5386     799256.4981     452550.0405          9.4224     149532.4919      -5243.8127          0.0000          0.0000     654967.8189        306.9256 1352000000.0000

INFO:        220          2.2000    1247775.5314     796388.2555     451387.2759          9.4109     149543.9187      -5271.5160          0.0000          0.0000     652115.8528        305.9620 1352000000.0000

INFO:        240          2.4000    1244569.7861     793304.1919     451265.5942          9.3975     149257.9688      -5338.7760          0.0000          0.0000     649384.9991        305.8891 1352000000.0000

INFO:        260          2.6000    1240543.4363     790849.6572     449693.7792          9.3995     149406.0227      -5331.1862          0.0000          0.0000     646774.8207        305.0948 1352000000.0000

INFO:        280          2.8000    1237169.2416     787552.9783     449616.2633          9.3688     148471.0231      -5197.0398          0.0000          0.0000     644278.9950        304.8260 1352000000.0000

INFO:        300          3.0000    1233485.9493     785119.5306     448366.4187          9.3582     148347.1234      -5082.2713          0.0000          0.0000     641854.6786        304.2957 1352000000.0000

INFO:        320          3.2000    1231525.7537     783463.3427     448062.4110          9.3792     149101.3732      -5161.8219          0.0000          0.0000     639523.7914        303.9448 1352000000.0000

INFO:        340          3.4000    1229232.0772     781111.6686     448120.4086          9.3754     148874.1764      -5061.6741          0.0000          0.0000     637299.1663        303.8325 1352000000.0000

INFO:        360          3.6000    1227193.9979     779137.4322     448056.5658          9.3734     148783.3873      -4817.2421          0.0000          0.0000     635171.2870        303.8739 1352000000.0000

INFO:        380          3.8000    1225011.5290     777127.0756     447884.4533          9.3689     148718.3775      -4711.1949          0.0000          0.0000     633119.8931        303.7721 1352000000.0000

INFO:        400          4.0000    1222120.6535     775057.8957     447062.7578          9.3595     148426.6307      -4549.1582          0.0000          0.0000     631180.4233        303.1924 1352000000.0000

INFO:        420          4.2000    1220154.0347     772794.5743     447359.4604          9.3520     148045.8215      -4529.6711          0.0000          0.0000     629278.4239        303.4856 1352000000.0000

INFO:        440          4.4000    1218407.5333     771095.7098     447311.8235          9.3489     148042.5906      -4391.7871          0.0000          0.0000     627444.9063        303.3007 1352000000.0000

INFO:        460          4.6000    1216205.7287     769669.6415     446536.0872          9.3548     148184.7018      -4176.6611          0.0000          0.0000     625661.6008        302.8928 1352000000.0000

INFO:        480          4.8000    1214788.9957     768620.0003     446168.9954          9.3634     148664.7418      -3991.7062          0.0000          0.0000     623946.9648        302.7246 1352000000.0000

INFO:        500          5.0000    1213100.1900     766584.1345     446516.0555          9.3560     148275.6029      -3944.1087          0.0000          0.0000     622252.6403        302.8935 1352000000.0000

INFO:        520          5.2000    1211030.4119     765042.0698     445988.3421          9.3548     148322.0067      -3881.5038          0.0000          0.0000     620601.5668        302.7243 1352000000.0000

INFO:        540          5.4000    1210313.5144     763805.6273     446507.8870          9.3731     148671.3026      -3859.8624          0.0000          0.0000     618994.1871        302.9586 1352000000.0000

INFO:        560          5.6000    1208880.7040     761744.3056     447136.3985          9.3541     148296.6708      -3973.8303          0.0000          0.0000     617421.4650        303.2534 1352000000.0000

INFO:        580          5.8000    1206701.6722     760120.2131     446581.4591          9.3406     148152.7590      -3924.8923          0.0000          0.0000     615892.3465        302.8463 1352000000.0000

INFO:        600          6.0000    1204801.9595     758610.8970     446191.0625          9.3380     147932.7998      -3761.2707          0.0000          0.0000     614439.3679        302.7880 1352000000.0000

INFO:        620          6.2000    1203550.8349     757578.5029     445972.3320          9.3458     148166.9863      -3630.3158          0.0000          0.0000     613041.8323        302.4438 1352000000.0000

INFO:        640          6.4000    1202043.0747     756973.2244     445069.8503          9.3716     148853.2574      -3550.4820          0.0000          0.0000     611670.4490        301.8637 1352000000.0000

INFO:        660          6.6000    1199693.1581     754894.1445     444799.0136          9.3387     148116.6597      -3561.1090          0.0000          0.0000     610338.5939        301.7298 1352000000.0000

INFO:        680          6.8000    1198389.2324     753643.9846     444745.2479          9.3446     148191.1294      -3574.4847          0.0000          0.0000     609027.3398        301.6929 1352000000.0000

INFO:        700          7.0000    1197149.6071     751738.1144     445411.4927          9.3266     147561.7761      -3561.0180          0.0000          0.0000     607737.3563        302.1180 1352000000.0000

INFO:        720          7.2000    1195990.0200     751037.8302     444952.1898          9.3415     148026.9288      -3475.9727          0.0000          0.0000     606486.8741        301.6760 1352000000.0000

INFO:        740          7.4000    1195100.3801     749869.8614     445230.5188          9.3506     148015.2473      -3414.8853          0.0000          0.0000     605269.4993        301.8395 1352000000.0000

INFO:        760          7.6000    1193864.9510     749120.8398     444744.1112          9.3550     148340.3912      -3275.5026          0.0000          0.0000     604055.9512        301.6358 1352000000.0000

INFO:        780          7.8000    1192224.0512     747475.7438     444748.3075          9.3404     147837.4420      -3252.9635          0.0000          0.0000     602891.2652        301.7222 1352000000.0000

INFO:        800          8.0000    1191081.8654     746120.5802     444961.2852          9.3366     147637.7926      -3271.3037          0.0000          0.0000     601754.0913        301.7919 1352000000.0000

INFO:        820          8.2000    1189394.4173     745222.7854     444171.6318          9.3412     147758.9561      -3193.9280          0.0000          0.0000     600657.7573        301.2696 1352000000.0000

INFO:        840          8.4000    1189453.0104     744829.6693     444623.3411          9.3557     148417.4531      -3149.4730          0.0000          0.0000     599561.6892        301.5841 1352000000.0000

INFO:        860          8.6000    1187967.7403     743495.5818     444472.1585          9.3400     148090.4007      -3087.6227          0.0000          0.0000     598492.8038        301.6237 1352000000.0000

INFO:        880          8.8000    1187865.3267     742427.3097     445438.0170          9.3395     147975.6484      -2993.8187          0.0000          0.0000     597445.4799        301.9300 1352000000.0000

INFO:        900          9.0000    1186378.1057     741876.9676     444501.1381          9.3653     148589.0406      -3121.5297          0.0000          0.0000     596409.4567        301.5829 1352000000.0000

INFO:        920          9.2000    1184958.4785     740434.8948     444523.5837          9.3533     148183.8144      -3146.0337          0.0000          0.0000     595397.1141        301.6655 1352000000.0000

INFO:        940          9.4000    1184330.1352     739498.0618     444832.0734          9.3448     148159.7360      -3065.0356          0.0000          0.0000     594403.3615        301.9038 1352000000.0000

INFO:        960          9.6000    1183963.0852     738874.0536     445089.0316          9.3540     148424.5000      -2977.7398          0.0000          0.0000     593427.2934        301.8984 1352000000.0000

INFO:        980          9.8000    1182725.8224     738048.1866     444677.6358          9.3487     148326.5174      -2766.9650          0.0000          0.0000     592488.6342        301.5393 1352000000.0000

INFO:       1000         10.0000    1181714.6598     736963.1077     444751.5521          9.3399     148157.2342      -2739.9713          0.0000          0.0000     591545.8448        301.6625 1352000000.0000

INFO:       1020         10.2000    1180882.6373     736114.3405     444768.2967          9.3526     148273.5979      -2773.3064          0.0000          0.0000     590614.0490        301.6447 1352000000.0000

INFO:       1040         10.4000    1180313.8790     735959.3530     444354.5260          9.3715     148976.9287      -2708.6225          0.0000          0.0000     589691.0468        301.4487 1352000000.0000

INFO:       1060         10.6000    1179938.7949     734816.9167     445121.8782          9.3631     148592.7195      -2556.2195          0.0000          0.0000     588780.4167        301.9025 1352000000.0000

INFO:       1080         10.8000    1179038.7078     733917.1345     445121.5733          9.3635     148623.6508      -2582.0877          0.0000          0.0000     587875.5715        301.9971 1352000000.0000

INFO:       1100         11.0000    1178227.4567     732882.0834     445345.3734          9.3505     148450.9739      -2578.8769          0.0000          0.0000     587009.9863        302.0857 1352000000.0000

INFO:       1120         11.2000    1176473.5278     731678.0003     444795.5275          9.3433     148008.4646      -2489.8497          0.0000          0.0000     586159.3854        301.7662 1352000000.0000

INFO:       1140         11.4000    1175638.4275     731597.4177     444041.0098          9.3629     148663.4389      -2372.4993          0.0000          0.0000     585306.4781        301.2742 1352000000.0000

INFO:       1160         11.6000    1175906.4076     730699.9532     445206.4544          9.3602     148569.1815      -2358.9883          0.0000          0.0000     584489.7600        301.8752 1352000000.0000

INFO:       1180         11.8000    1174460.4883     729905.1923     444555.2960          9.3588     148709.9930      -2492.2099          0.0000          0.0000     583687.4092        301.4901 1352000000.0000

INFO:       1200         12.0000    1173430.8849     729030.6825     444400.2024          9.3559     148626.6133      -2490.3496          0.0000          0.0000     582894.4187        301.6360 1352000000.0000

INFO:       1220         12.2000    1173009.2391     727923.6703     445085.5688          9.3441     148137.5295      -2327.8234          0.0000          0.0000     582113.9643        301.9201 1352000000.0000

INFO:       1240         12.4000    1171914.9471     727883.3286     444031.6185          9.3594     148737.9637      -2213.9279          0.0000          0.0000     581359.2928        301.2463 1352000000.0000

INFO:       1260         12.6000    1171753.9042     726675.6413     445078.2628          9.3512     148271.5419      -2212.9388          0.0000          0.0000     580617.0383        301.9125 1352000000.0000

INFO:       1280         12.8000    1171012.2623     726431.2015     444581.0608          9.3647     148671.3114      -2136.4480          0.0000          0.0000     579896.3382        301.5750 1352000000.0000

INFO:       1300         13.0000    1169571.1943     725747.1341     443824.0602          9.3621     148752.6632      -2163.4056          0.0000          0.0000     579157.8764        301.0555 1352000000.0000

INFO:       1320         13.2000    1168755.1676     724678.7482     444076.4193          9.3617     148560.7459      -2307.2229          0.0000          0.0000     578425.2253        301.1866 1352000000.0000

INFO:       1340         13.4000    1167800.5692     723743.8425     444056.7266          9.3433     148182.8498      -2162.1090          0.0000          0.0000     577723.1017        301.1805 1352000000.0000

INFO:       1360         13.6000    1167518.0576     723014.5731     444503.4845          9.3416     148173.5636      -2184.2717          0.0000          0.0000     577025.2813        301.4312 1352000000.0000

INFO:       1380         13.8000    1166442.6251     722579.7269     443862.8983          9.3554     148419.6852      -2163.2218          0.0000          0.0000     576323.2635        301.0241 1352000000.0000

INFO:       1400         14.0000    1165919.9177     721675.4810     444244.4366          9.3514     148299.7147      -2281.5940          0.0000          0.0000     575657.3603        301.3318 1352000000.0000

INFO:       1420         14.2000    1165589.0693     721249.2830     444339.7863          9.3509     148447.7617      -2183.5346          0.0000          0.0000     574985.0559        301.5137 1352000000.0000

INFO:       1440         14.4000    1165463.1773     720434.5697     445028.6077          9.3448     148176.1584      -2069.7415          0.0000          0.0000     574328.1528        301.7481 1352000000.0000

INFO:       1460         14.6000    1164683.1652     720004.2149     444678.9503          9.3566     148493.9700      -2169.2214          0.0000          0.0000     573679.4663        301.6349 1352000000.0000

INFO:       1480         14.8000    1163846.8067     719481.1115     444365.6952          9.3543     148514.9809      -2085.7843          0.0000          0.0000     573051.9149        301.4998 1352000000.0000

INFO:       1500         15.0000    1163497.1491     718778.6134     444718.5357          9.3567     148240.0149      -1893.6314          0.0000          0.0000     572432.2299        301.6115 1352000000.0000

INFO:       1520         15.2000    1161836.0713     717891.3026     443944.7686          9.3422     147930.5798      -1842.8452          0.0000          0.0000     571803.5681        301.1289 1352000000.0000

INFO:       1540         15.4000    1161498.9990     717457.1465     444041.8525          9.3511     148182.3928      -1892.3548          0.0000          0.0000     571167.1085        301.2221 1352000000.0000

INFO:       1560         15.6000    1161188.4772     716774.8077     444413.6695          9.3488     148182.0935      -1950.8345          0.0000          0.0000     570543.5488        301.3820 1352000000.0000

INFO:       1580         15.8000    1159909.3592     716349.6474     443559.7118          9.3586     148393.8079      -1988.5234          0.0000          0.0000     569944.3629        301.0195 1352000000.0000

INFO:       1600         16.0000    1159350.6386     715662.0231     443688.6155          9.3595     148328.4801      -2018.9977          0.0000          0.0000     569352.5407        300.9505 1352000000.0000

INFO:       1620         16.2000    1158736.2232     715230.3058     443505.9174          9.3570     148347.9005      -1898.8810          0.0000          0.0000     568781.2863        300.7659 1352000000.0000

INFO:       1640         16.4000    1158207.6056     714182.2414     444025.3642          9.3401     147889.9557      -1931.9970          0.0000          0.0000     568224.2827        301.1393 1352000000.0000

INFO:       1660         16.6000    1157532.3934     713600.7359     443931.6575          9.3388     147988.5516      -2036.9091          0.0000          0.0000     567649.0934        301.1180 1352000000.0000

INFO:       1680         16.8000    1156934.9630     713315.1813     443619.7817          9.3443     148197.4496      -1978.5983          0.0000          0.0000     567096.3300        300.8118 1352000000.0000

INFO:       1700         17.0000    1156602.3396     712809.7835     443792.5561          9.3465     148232.5506      -1964.5726          0.0000          0.0000     566541.8055        300.8418 1352000000.0000

INFO:       1720         17.2000    1156022.5576     712247.1621     443775.3955          9.3480     148121.3970      -1874.7132          0.0000          0.0000     566000.4783        301.0403 1352000000.0000

INFO:       1740         17.4000    1156178.6051     712346.2956     443832.3095          9.3594     148739.7039      -1850.0292          0.0000          0.0000     565456.6209        301.0145 1352000000.0000

INFO:       1760         17.6000    1155819.7818     711536.3501     444283.4317          9.3549     148438.3957      -1833.6187          0.0000          0.0000     564931.5731        301.4065 1352000000.0000

INFO:       1780         17.8000    1154802.7011     710601.2404     444201.4607          9.3448     148100.5656      -1898.4060          0.0000          0.0000     564399.0808        301.2005 1352000000.0000

INFO:       1800         18.0000    1154302.0646     710607.0172     443695.0473          9.3616     148501.7664      -1777.7702          0.0000          0.0000     563883.0211        300.8508 1352000000.0000

INFO:       1820         18.2000    1153529.0513     710389.8439     443139.2074          9.3646     148772.6154      -1754.1289          0.0000          0.0000     563371.3574        300.6847 1352000000.0000

INFO:       1840         18.4000    1152847.5556     709196.6911     443650.8644          9.3403     148115.9735      -1785.6189          0.0000          0.0000     562866.3366        300.8994 1352000000.0000

INFO:       1860         18.6000    1152957.3014     709192.4246     443764.8767          9.3588     148544.1989      -1709.3161          0.0000          0.0000     562357.5418        301.1716 1352000000.0000

INFO:       1880         18.8000    1152405.5389     708297.0281     444108.5108          9.3509     148272.4357      -1817.4479          0.0000          0.0000     561842.0403        301.1871 1352000000.0000

INFO:       1900         19.0000    1151783.7875     708020.8204     443762.9671          9.3550     148455.2489      -1764.9063          0.0000          0.0000     561330.4778        301.0358 1352000000.0000

INFO:       1920         19.2000    1151854.2858     707817.6389     444036.6469          9.3583     148707.4166      -1690.4546          0.0000          0.0000     560800.6769        301.1516 1352000000.0000

INFO:       1940         19.4000    1151268.7555     706678.1211     444590.6344          9.3471     148253.7932      -1871.3057          0.0000          0.0000     560295.6336        301.3910 1352000000.0000

INFO:       1960         19.6000    1151517.8679     706197.7579     445320.1100          9.3487     148280.2535      -1900.5241          0.0000          0.0000     559818.0285        302.0044 1352000000.0000

INFO:       1980         19.8000    1150885.9893     705771.3021     445114.6872          9.3568     148247.3398      -1849.6680          0.0000          0.0000     559373.6303        301.8603 1352000000.0000

INFO:       2000         20.0000    1150331.9527     706235.3409     444096.6118          9.3839     149159.3599      -1876.9190          0.0000          0.0000     558952.9000        301.2701 1352000000.0000

 
[STEP6] Deallocate Arrays
 
Output_Time> Averaged timer profile (Min, Max)
  total time      =      14.812
    setup         =       3.185
    dynamics      =      11.627
      energy      =       9.695
      integrator  =       1.535
      migration   =       0.068
      pairlist    =       0.126 (       0.061,       0.207)
  energy           
    bond          =       0.069 (       0.036,       0.133)
    angle         =       0.011 (       0.010,       0.019)
    dihedral      =       0.011 (       0.010,       0.019)
    base stacking =       0.000 (       0.000,       0.000)
    nonbond       =       4.517 (       1.501,       8.740)
      CG exv      =       0.011 (       0.007,       0.022)
      CG DNA bp   =       0.000 (       0.000,       0.000)
      CG DNA exv  =       0.000 (       0.000,       0.000)
      CG ele      =       3.656 (       1.214,       7.108)
      CG PWMcos   =       0.000 (       0.000,       0.000)
      CG PWMcosns =       0.000 (       0.000,       0.000)
      CG IDR-HPS  =       0.845 (       0.275,       1.612)
      CG IDR-KH   =       0.000 (       0.000,       0.000)
      CG KH       =       0.000 (       0.000,       0.000)
      Contact     =       0.003 (       0.003,       0.005)
      pme real    =       0.000 (       0.000,       0.000)
      pme recip   =       0.000 (       0.000,       0.000)
    solvation     =       0.000 (       0.000,       0.000)
      polar       =       0.000 (       0.000,       0.000)
      non-polar   =       0.000 (       0.000,       0.000)
    restraint     =       0.000 (       0.000,       0.000)
    qmmm          =       0.000 (       0.000,       0.000)
    morph         =       0.000 (       0.000,       0.000)
  integrator       
    constraint    =       0.000 (       0.000,       0.000)
    update        =       0.000 (       0.000,       0.000)
    comm_coord    =       0.646 (       0.346,       0.999)
    comm_force    =       0.359 (       0.237,       0.473)
  migration       =       0.068 (       0.067,       0.068)
    comm_migrate  =       0.013 (       0.010,       0.016)
    ptl_migrate   =       0.003 (       0.002,       0.005)
    bond_migrate  =       0.001 (       0.000,       0.001)
    angl_migrate  =       0.001 (       0.000,       0.001)
    dihe_migrate  =       0.000 (       0.000,       0.001)
    contact_migr  =       0.000 (       0.000,       0.000)
    stack_migrate =       0.000 (       0.000,       0.000)
    pwmcos_migrate =       0.000 (       0.000,       0.000)
    pwmcosns_migr  =       0.000 (       0.000,       0.000)
    nonb_update    =       0.027 (       0.010,       0.052)

