****************************************************
*                                                  *
*                  GENESIS CGDYN                   *
*                                                  *
*        A Molecular Dynamics Simulator with       *
*           Spatial Decomposition Scheme           *
*                                                  *
*               Developed by RIKEN                 *
*                                                  *
****************************************************
 
[STEP0] Architecture and Compiler Information
 
GENESIS_Information> GENESIS Information
  version      = 2.0.0
  commit ID    = $GENESIS_VERSION$
  precision    = mixed 
  nonbonding   = CPU

Build_Information> Compiler Information
  build host   = jjwsmj@hokusai2
  fortran      = ifort (IFORT) 2021.7.1 20221019
  option       = 
  -axCORE-AVX512 -g -O3  -qmkl=parallel  -assume byterecl -qopenmp  
  C            = 
 icc: remark #10441: The Intel(R) C++ Compiler Classic (ICC) is deprecated and w
 ill be removed from product release in the second half of 2023. The Intel(R) on
 eAPI DPC++/C++ Compiler (ICX) is the recommended compiler moving forward. Pleas
 e transition to use this compiler. Use '-diag-disable=10441' to disable this me
 ssage.
  option       = -O3 -ip -axCORE-AVX2  -qopenmp 
  defined var. = 
  -DHAVE_MPI_GENESIS -DOMP -DIFORT19 -DFFTE -DLAPACK -DDSFMT_MEXP=19937 -DINTEL
  link option  = 
  -assume byterecl -lgfortran -qopenmp  -lmkl_intel_lp64 -lmkl_sequential -lmkl_
 core -lmkl_lapack95_lp64   
  MPI Compiler = Intel(R) MPI

Runtime_Information> Machine and Library Information
  date       = 2023/05/12 15:18:38
  cpu model    = Intel(R) Xeon(R) Gold 6148 CPU @ 2.40GHz
  exec. host   = jjwsmj@bwmpc0088
  LD library   = 
 /bwfefs/opt/x86_64/intel/oneapi/2022.3/mpi/2021.7.1/libfabric/lib:/bwfefs/opt/x
 86_64/intel/oneapi/2022.3/mpi/2021.7.1/lib/release:/bwfefs/opt/x86_64/intel/one
 api/2022.3/mpi/2021.7.1/lib:/bwfefs/opt/x86_64/intel/oneapi/2022.3/tbb/2021.7.1
 /lib/intel64/gcc4.8:/usr/lib64:/bwfefs/opt/x86_64/intel/oneapi/2022.3/vpl/2022.
 2.5/lib:/bwfefs/opt/x86_64/intel/oneapi/2022.3/mkl/latest/lib/intel64:/bwfefs/o
 pt/x86_64/intel/oneapi/2022.3/itac/2021.7.1/slib:/bwfefs/opt/x86_64/intel/oneap
 i/2022.3/ippcp/2021.6.2/lib/intel64:/bwfefs/opt/x86_64/intel/oneapi/2022.3/ipp/
 2021.6.2/lib/intel64:/bwfefs/opt/x86_64/intel/oneapi/2022.3/dnnl/2022.2.1/cpu_d
 pcpp_gpu_dpcpp/lib:/bwfefs/opt/x86_64/intel/oneapi/2022.3/dal/2021.7.1/lib/inte
 l64:/bwfefs/opt/x86_64/intel/oneapi/2022.3/compiler/2022.2.1/linux/compiler/lib
 :/bwfefs/opt/x86_64/intel/oneapi/2022.3/compiler/2022.2.1/linux/lib/oclfpga/hos
 t/linux64/lib:/bwfefs/opt/x86_64/intel/oneapi/2022.3/compiler/2022.2.1/linux/li
 b/oclfpga/linux64/lib:/bwfefs/opt/x86_64/intel/oneapi/2022.3/compiler/2022.2.1/
 linux/lib:/bwfefs/opt/x86_64/intel/oneapi/2022.3/compiler/2022.2.1/linux/lib/x6
 4:/bwfefs/opt/x86_64/intel/oneapi/2022.3/compiler/2022.2.1/linux/lib/emu:/bwfef
 s/opt/x86_64/intel/oneapi/2022.3/compiler/2022.2.1/linux/compiler/lib/intel64_l
 in:/bwfefs/opt/x86_64/intel/oneapi/2022.3/debugger/2021.7.1/dep/lib:/bwfefs/opt
 /x86_64/intel/oneapi/2022.3/debugger/2021.7.1/libipt/intel64/lib:/bwfefs/opt/x8
 6_64/intel/oneapi/2022.3/debugger/2021.7.1/gdb/intel64/lib:/bwfefs/opt/x86_64/
 MPI Runtime = Intel(R) MPI Library 2021.7 for Linux* OS


[STEP1] Read Control Parameters
 
Read_Ctrl_Input> Input Files
  grotopfile = pro.top
  grocrdfile = crd/pos_5000.gro
 
Read_Ctrl_Output> Output Files
 
Read_Ctrl_Energy> Parameters of Energy Calculations
  forcefield      =    RESIDCG
  output_style    =    GENESIS
 
Read_Ctrl_Dynamics> Parameters of MD simulation
  integrator      =       VVER  nsteps          =       2000
  timestep        =     0.0100  initial_time    =     0.0000
  eneout_period   =         20  rstout_period   =          0
  crdout_period   =          0  velout_period   =          0
  nbupdate_period =         20  stoptr_period   =         10
  lbupdate_period =          0
  iseed           =         -1
  annealing       =         no
  verbose         =         no
  target_md       =         no
  steered_md      =         no
 
Read_Ctrl_Ensemble> Parameters for Ensemble
  ensemble        =        NVT
  temperature     =    300.000
  tpcontrol       =   LANGEVIN
  gamma_t         =      1.000
 
Read_Ctrl_Boundary> Parameters of Boundary Condition
  type            =       PBC 
  box_size(x,y,z) =   3200.000   650.000   650.000
  min_domain_cell =          2
 
Read_Ctrl_Selection> Parameters of Selection
  # of groups     =          0
  # of mole names =          0
 
Read_Ctrl_Restraints> No restraint in the system

Read_Ctrl_Fitting_MD> Parameters of Fitting
  fitting method  =  TR+ROT   
  fitting atom    = group1
  mass_weight     =         no
 
[STEP2] Setup MPI
 
Setup_Mpi_Md> Summary of Setup MPI
  number of MPI processes   =        256
  number of OpenMP threads  =          5
  total number of CPU cores =       1280

[STEP3] Set Relevant Variables and Structures
 
Read_Grotop> Summary of Grotopfile
  num_moltypes    =          1
    pos100_cg             :
      num_atoms   =        100
      num_bonds   =         99
      num_angls   =          0
      num_dihes   =          0
      num_cmaps   =          0
      num_excls   =          0
      num_constrs =          0
      num_pairs   =          0
      num_vsites2 =          0
      num_vsites3 =          0
      num_vsites4 =          0
      num_vsitesn =          0
      num_posress =          0
      num_PWMcos  =          0
      num_PWMcosns=          0
      num_IDR_HPS =          1
      num_IDR_KH  =          0
    .. not used molecule types were hidden.

  num_molecules   =       5000
    pos100_cg             :  5000

  num_atomtypes   =         33  num_bondtypes   =          0
  num_angltypes   =          0  num_dihetypes   =          0
  num_flangltypes           20
  num_fldihetypes          400
  num_constrtypes =          0  num_cmaptypes   =          0
  num_nbonparms   =          0
  num_basestacktypes  =     16
  num_basepairtypes   =      4
  num_basecrosstypes  =     32
  num_cgdnaexvtypes   =      6
  num_cgelemolpairs   =      1
  num_cg_IDR_HPS_atomtypes  =     20
  num_cg_KH_atomtypes  =    20

  num_cg_pair_MJ_eps   =   400

Define_Molecule> Summary of molecules
  num_atoms       =     500000  num_bonds       =     495000
  num_angles      =          0  num_dihedrals   =          0
  num_impropers   =          0  num_cmap_terms  =          0
  num_residues    =     500000  num_molecules   =       5000
  num_segments    =          1  num_deg_freedom =    1500000
  total_charge    = 500000.000
 
Setup_Boundary_Cell> Set Variables for Boundary Condition
  domains (x,y,z) =         16         4         4
  ncells (x,y,z)  =        112        22        22
 
Define_Enefunc_Gromacs> Number of Interactions in Each Term
  bond_ene        =     495000  angle_ene       =          0
  torsion_ene     =          0
 restraint_groups =          0 restraint_funcs  =          0
 
Setup_Dynamics> Subtract 3 translational degrees of freedom
 
Update_Num_Deg_Freedom> Number of degrees of freedom was updated
  num_deg_freedom =    1499997 (After removing translation)
 
Random_Init> Initialize the random number
  seed            = 312295

Setup_Fitting_cgdyn> NO fitting is applied, skip
  fitting method  =  NO
 
[STEP4] Compute Single Point Energy for Molecules
 
            STEP          ENERGY            BOND  NATIVE_CONTACT NON-NATIVE_CONT           ELECT         IDR_HPS          CG_EXV
 --------------- --------------- --------------- --------------- ---------------
               0     853903.1900     170691.3764          0.0000          0.0000     681472.2486       1739.5649          0.0000

[STEP5] Perform Molecular Dynamics Simulation
 
Initial_Velocity> Generate initial velocities
  iseed           =     312295
  temperature     =    300.000
 
Random_Init_Velocity> Initialize the random number
  seed            = 312295

INFO:       STEP            TIME       TOTAL_ENE   POTENTIAL_ENE     KINETIC_ENE            RMSG            BOND         IDR_HPS  NATIVE_CONTACT          CG_EXV           ELECT     TEMPERATURE          VOLUME
 --------------- --------------- --------------- --------------- ---------------
INFO:          0          0.0000    1301114.1969     853903.1900     447211.0069         10.1780     170691.3764       1739.5649          0.0000          0.0000     681472.2486          0.0000 1352000000.0000

INFO:         20          0.2000    1295551.5892     842207.1277     453344.4615          9.8517     160748.8459        709.7417          0.0000          0.0000     680748.5400        307.4040 1352000000.0000

INFO:         40          0.4000    1289688.9084     835562.3322     454126.5762          9.7216     157745.7682      -1134.7277          0.0000          0.0000     678951.2917        308.2739 1352000000.0000

INFO:         60          0.6000    1284827.1911     830109.7637     454717.4274          9.6567     156231.4325      -2552.3266          0.0000          0.0000     676430.6577        308.7829 1352000000.0000

INFO:         80          0.8000    1279861.9947     824880.0376     454981.9571          9.6114     154998.2091      -3639.6862          0.0000          0.0000     673521.5147        308.6824 1352000000.0000

INFO:        100          1.0000    1274493.6444     819520.4558     454973.1886          9.5559     153388.6377      -4340.9562          0.0000          0.0000     670472.7743        308.7117 1352000000.0000

INFO:        120          1.2000    1268837.6597     814411.9064     454425.7533          9.5017     151985.2745      -4939.2795          0.0000          0.0000     667365.9114        308.2166 1352000000.0000

INFO:        140          1.4000    1263350.1133     810262.1737     453087.9395          9.4674     151041.2850      -5083.5794          0.0000          0.0000     664304.4681        307.2892 1352000000.0000

INFO:        160          1.6000    1259195.5213     806711.3289     452484.1925          9.4503     150612.6454      -5188.0224          0.0000          0.0000     661286.7059        306.6321 1352000000.0000

INFO:        180          1.8000    1255509.4167     803429.8437     452079.5730          9.4389     150349.6888      -5244.3645          0.0000          0.0000     658324.5194        306.4905 1352000000.0000

INFO:        200          2.0000    1251570.9167     799896.8856     451674.0311          9.4171     149885.5313      -5437.4372          0.0000          0.0000     655448.7915        306.3819 1352000000.0000

INFO:        220          2.2000    1248278.9527     796640.4491     451638.5036          9.4037     149453.6104      -5468.2080          0.0000          0.0000     652655.0467        306.3413 1352000000.0000

INFO:        240          2.4000    1244775.1953     793731.6341     451043.5612          9.3908     149097.1343      -5330.5455          0.0000          0.0000     649965.0453        305.9164 1352000000.0000

INFO:        260          2.6000    1241686.7435     791438.4014     450248.3421          9.3929     149050.1571      -5020.7137          0.0000          0.0000     647408.9581        305.2472 1352000000.0000

INFO:        280          2.8000    1238478.0442     789179.9014     449298.1429          9.3936     149174.8511      -4908.2069          0.0000          0.0000     644913.2572        304.8177 1352000000.0000

INFO:        300          3.0000    1235242.5483     786588.3341     448654.2141          9.3792     149136.5729      -5033.8478          0.0000          0.0000     642485.6090        304.2044 1352000000.0000

INFO:        320          3.2000    1232020.4531     783670.5935     448349.8596          9.3674     148636.2541      -5104.8267          0.0000          0.0000     640139.1660        304.0020 1352000000.0000

INFO:        340          3.4000    1229486.9720     781531.7671     447955.2050          9.3810     148773.0210      -5153.3062          0.0000          0.0000     637912.0523        303.6765 1352000000.0000

INFO:        360          3.6000    1226957.2240     779385.4092     447571.8149          9.3696     148540.8539      -4913.2760          0.0000          0.0000     635757.8312        303.5084 1352000000.0000

INFO:        380          3.8000    1224636.5017     777075.9497     447560.5520          9.3614     148088.2697      -4710.4229          0.0000          0.0000     633698.1030        303.5063 1352000000.0000

INFO:        400          4.0000    1223139.7110     775963.7784     447175.9326          9.3736     148831.1091      -4574.3374          0.0000          0.0000     631707.0066        303.3039 1352000000.0000

INFO:        420          4.2000    1221316.3929     774417.9657     446898.4271          9.3767     148825.2345      -4205.9077          0.0000          0.0000     629798.6389        303.0844 1352000000.0000

INFO:        440          4.4000    1219606.9223     772827.5904     446779.3319          9.3819     149044.3234      -4137.6234          0.0000          0.0000     627920.8904        302.8854 1352000000.0000

INFO:        460          4.6000    1217930.2490     770420.4461     447509.8029          9.3668     148480.9111      -4144.6472          0.0000          0.0000     626084.1822        303.5403 1352000000.0000

INFO:        480          4.8000    1215991.2438     768607.9872     447383.2565          9.3632     148333.5972      -4056.1749          0.0000          0.0000     624330.5650        303.3915 1352000000.0000

INFO:        500          5.0000    1214396.8641     767555.0809     446841.7832          9.3838     149015.0265      -4084.8728          0.0000          0.0000     622624.9271        303.0185 1352000000.0000

INFO:        520          5.2000    1211700.4765     765569.2995     446131.1770          9.3623     148517.7135      -3909.5759          0.0000          0.0000     620961.1619        302.7475 1352000000.0000

INFO:        540          5.4000    1210213.6603     764160.0839     446053.5764          9.3697     148650.4295      -3830.5489          0.0000          0.0000     619340.2033        302.7886 1352000000.0000

INFO:        560          5.6000    1208335.7667     762544.6829     445791.0838          9.3609     148502.2235      -3722.1754          0.0000          0.0000     617764.6348        302.3539 1352000000.0000

INFO:        580          5.8000    1207607.8858     761172.4539     446435.4319          9.3604     148582.5257      -3641.1271          0.0000          0.0000     616231.0552        302.8556 1352000000.0000

INFO:        600          6.0000    1206078.0204     759531.4431     446546.5773          9.3582     148392.4149      -3613.7891          0.0000          0.0000     614752.8173        302.8618 1352000000.0000

INFO:        620          6.2000    1204075.6302     758145.1776     445930.4526          9.3526     148345.7182      -3515.6056          0.0000          0.0000     613315.0651        302.4986 1352000000.0000

INFO:        640          6.4000    1202217.7386     756745.7775     445471.9611          9.3437     148359.8372      -3518.1589          0.0000          0.0000     611904.0992        302.1275 1352000000.0000

INFO:        660          6.6000    1201076.1553     755260.3925     445815.7629          9.3452     148381.6742      -3660.5834          0.0000          0.0000     610539.3016        302.3754 1352000000.0000

INFO:        680          6.8000    1199328.2768     754086.2303     445242.0465          9.3538     148530.8701      -3670.4594          0.0000          0.0000     609225.8196        301.9907 1352000000.0000

INFO:        700          7.0000    1198181.0900     752687.9701     445493.1200          9.3422     148212.2460      -3481.7336          0.0000          0.0000     607957.4576        302.1696 1352000000.0000

INFO:        720          7.2000    1196723.2763     752083.4899     444639.7864          9.3526     148565.2595      -3183.2737          0.0000          0.0000     606701.5041        301.6710 1352000000.0000

INFO:        740          7.4000    1195110.5250     750435.3311     444675.1939          9.3525     148325.0007      -3328.9215          0.0000          0.0000     605439.2519        301.6581 1352000000.0000

INFO:        760          7.6000    1194556.2886     749814.2783     444742.0103          9.3722     148966.8771      -3370.2456          0.0000          0.0000     604217.6467        301.7246 1352000000.0000

INFO:        780          7.8000    1193458.4977     748124.6710     445333.8267          9.3581     148550.2544      -3437.4659          0.0000          0.0000     603011.8825        301.9931 1352000000.0000

INFO:        800          8.0000    1192352.3361     747074.8732     445277.4629          9.3493     148432.7371      -3203.6048          0.0000          0.0000     601845.7409        302.0698 1352000000.0000

INFO:        820          8.2000    1190421.9657     745821.7351     444600.2306          9.3528     148247.3458      -3143.9360          0.0000          0.0000     600718.3253        301.7394 1352000000.0000

INFO:        840          8.4000    1189495.5980     744786.5146     444709.0833          9.3573     148535.2687      -3344.2150          0.0000          0.0000     599595.4609        301.5948 1352000000.0000

INFO:        860          8.6000    1188711.3051     743976.9390     444734.3661          9.3654     148821.3280      -3342.3810          0.0000          0.0000     598497.9921        301.6035 1352000000.0000

INFO:        880          8.8000    1188727.6042     742726.4571     446001.1471          9.3538     148341.5224      -3070.8185          0.0000          0.0000     597455.7532        302.5111 1352000000.0000

INFO:        900          9.0000    1187795.1265     741986.2890     445808.8375          9.3576     148449.3958      -2895.7781          0.0000          0.0000     596432.6713        302.3383 1352000000.0000

INFO:        920          9.2000    1187149.6057     741613.6240     445535.9817          9.3751     149056.9790      -2861.6354          0.0000          0.0000     595418.2804        302.0643 1352000000.0000

INFO:        940          9.4000    1185898.0421     740433.1190     445464.9231          9.3661     148865.3926      -2857.0271          0.0000          0.0000     594424.7535        302.0853 1352000000.0000

INFO:        960          9.6000    1184439.5262     739164.0520     445275.4743          9.3562     148633.3930      -2887.1038          0.0000          0.0000     593417.7627        301.9541 1352000000.0000

INFO:        980          9.8000    1183503.6452     738615.2172     444888.4280          9.3628     148953.8974      -2765.3588          0.0000          0.0000     592426.6786        301.7758 1352000000.0000

INFO:       1000         10.0000    1182419.7883     737272.7394     445147.0489          9.3530     148515.2401      -2717.3555          0.0000          0.0000     591474.8548        301.9867 1352000000.0000

INFO:       1020         10.2000    1180789.0098     736405.1820     444383.8278          9.3525     148617.0364      -2747.7849          0.0000          0.0000     590535.9305        301.3731 1352000000.0000

INFO:       1040         10.4000    1179903.3033     735151.0012     444752.3021          9.3377     148232.1020      -2714.1532          0.0000          0.0000     589633.0524        301.6128 1352000000.0000

INFO:       1060         10.6000    1178703.5532     734580.4965     444123.0567          9.3422     148447.5536      -2637.8951          0.0000          0.0000     588770.8381        301.2984 1352000000.0000

INFO:       1080         10.8000    1177840.1816     733445.9540     444394.2276          9.3441     148205.5550      -2680.8475          0.0000          0.0000     587921.2465        301.5111 1352000000.0000

INFO:       1100         11.0000    1177326.4647     733010.3845     444316.0802          9.3520     148711.8688      -2779.1592          0.0000          0.0000     587077.6749        301.3716 1352000000.0000

INFO:       1120         11.2000    1176060.1009     731685.5335     444374.5673          9.3387     148112.2307      -2690.7725          0.0000          0.0000     586264.0754        301.3862 1352000000.0000

INFO:       1140         11.4000    1175592.6518     730850.5491     444742.1027          9.3371     148025.9464      -2615.8794          0.0000          0.0000     585440.4821        301.5756 1352000000.0000

INFO:       1160         11.6000    1174951.8906     730523.8179     444428.0727          9.3530     148391.7178      -2487.1767          0.0000          0.0000     584619.2767        301.3831 1352000000.0000

INFO:       1180         11.8000    1174371.4135     729552.1385     444819.2750          9.3501     148281.8120      -2557.9262          0.0000          0.0000     583828.2527        301.9249 1352000000.0000

INFO:       1200         12.0000    1173464.3713     729194.1066     444270.2648          9.3701     148728.6341      -2576.5446          0.0000          0.0000     583042.0171        301.4586 1352000000.0000

INFO:       1220         12.2000    1172846.9813     728588.4290     444258.5523          9.3677     148771.0256      -2463.9116          0.0000          0.0000     582281.3150        301.3520 1352000000.0000

INFO:       1240         12.4000    1171986.6157     727254.1818     444732.4339          9.3433     148196.3528      -2475.5681          0.0000          0.0000     581533.3971        301.5664 1352000000.0000

INFO:       1260         12.6000    1171431.4298     727177.2119     444254.2179          9.3696     148827.1261      -2433.6907          0.0000          0.0000     580783.7765        301.3011 1352000000.0000

INFO:       1280         12.8000    1170719.3184     726345.3092     444374.0093          9.3607     148629.9081      -2328.5898          0.0000          0.0000     580043.9908        301.4152 1352000000.0000

INFO:       1300         13.0000    1170000.8377     725213.6403     444787.1974          9.3540     148229.4349      -2325.3276          0.0000          0.0000     579309.5329        301.6184 1352000000.0000

INFO:       1320         13.2000    1169420.7096     724831.1930     444589.5166          9.3557     148506.7529      -2248.9638          0.0000          0.0000     578573.4038        301.6630 1352000000.0000

INFO:       1340         13.4000    1168281.4779     723714.8479     444566.6300          9.3480     148175.0295      -2308.7812          0.0000          0.0000     577848.5996        301.6150 1352000000.0000

INFO:       1360         13.6000    1167507.9053     723461.4820     444046.4232          9.3627     148684.1830      -2361.0986          0.0000          0.0000     577138.3975        301.1692 1352000000.0000

INFO:       1380         13.8000    1166876.0886     722891.8764     443984.2122          9.3596     148612.3606      -2166.7846          0.0000          0.0000     576446.3004        301.2978 1352000000.0000

INFO:       1400         14.0000    1165723.7666     721486.8466     444236.9200          9.3456     148162.4618      -2414.9534          0.0000          0.0000     575739.3382        301.1972 1352000000.0000

INFO:       1420         14.2000    1165256.2000     721068.5779     444187.6221          9.3601     148459.4869      -2430.5448          0.0000          0.0000     575039.6358        301.1441 1352000000.0000

INFO:       1440         14.4000    1164448.7428     720565.8897     443882.8531          9.3551     148515.5743      -2307.0702          0.0000          0.0000     574357.3856        301.0083 1352000000.0000

INFO:       1460         14.6000    1164065.9878     719772.4509     444293.5369          9.3549     148349.7292      -2272.9924          0.0000          0.0000     573695.7141        301.2922 1352000000.0000

INFO:       1480         14.8000    1163301.0432     718987.5769     444313.4663          9.3497     148315.9996      -2369.6133          0.0000          0.0000     573041.1907        301.3515 1352000000.0000

INFO:       1500         15.0000    1162707.1880     718565.4697     444141.7183          9.3577     148475.1538      -2322.9493          0.0000          0.0000     572413.2652        301.2575 1352000000.0000

INFO:       1520         15.2000    1161412.6856     717484.6100     443928.0756          9.3431     147990.6306      -2302.4127          0.0000          0.0000     571796.3920        301.2335 1352000000.0000

INFO:       1540         15.4000    1160770.6351     716909.8686     443860.7665          9.3471     148007.1258      -2279.2821          0.0000          0.0000     571182.0249        300.9979 1352000000.0000

INFO:       1560         15.6000    1160278.7086     716917.4202     443361.2884          9.3619     148569.0449      -2215.1624          0.0000          0.0000     570563.5377        300.6810 1352000000.0000

INFO:       1580         15.8000    1159425.5582     716079.4522     443346.1061          9.3540     148341.0741      -2225.5905          0.0000          0.0000     569963.9685        300.5676 1352000000.0000

INFO:       1600         16.0000    1158753.4692     715471.8368     443281.6324          9.3523     148392.1204      -2298.1199          0.0000          0.0000     569377.8363        300.6437 1352000000.0000

INFO:       1620         16.2000    1158221.0825     714803.8119     443417.2706          9.3528     148418.9554      -2394.8458          0.0000          0.0000     568779.7024        300.9336 1352000000.0000

INFO:       1640         16.4000    1157920.2601     714455.9943     443464.2658          9.3605     148492.0534      -2239.7442          0.0000          0.0000     568203.6852        300.8855 1352000000.0000

INFO:       1660         16.6000    1156948.8622     714006.4412     442942.4210          9.3658     148701.6461      -2303.0997          0.0000          0.0000     567607.8949        300.4269 1352000000.0000

INFO:       1680         16.8000    1156019.6886     712967.4378     443052.2508          9.3481     148355.8057      -2418.4509          0.0000          0.0000     567030.0830        300.4975 1352000000.0000

INFO:       1700         17.0000    1155383.3701     711931.9099     443451.4602          9.3317     147917.4811      -2461.5371          0.0000          0.0000     566475.9659        300.8225 1352000000.0000

INFO:       1720         17.2000    1155189.1960     711565.4349     443623.7611          9.3347     147858.0347      -2248.4218          0.0000          0.0000     565955.8220        300.8913 1352000000.0000

INFO:       1740         17.4000    1154711.9421     711439.3576     443272.5845          9.3466     148254.2476      -2232.5571          0.0000          0.0000     565417.6671        300.7098 1352000000.0000

INFO:       1760         17.6000    1153895.0764     710629.2823     443265.7941          9.3415     148054.2995      -2293.9856          0.0000          0.0000     564868.9684        300.6928 1352000000.0000

INFO:       1780         17.8000    1153516.4175     710348.1666     443168.2509          9.3446     148185.6591      -2166.0780          0.0000          0.0000     564328.5855        300.4215 1352000000.0000

INFO:       1800         18.0000    1153065.9333     710171.9438     442893.9895          9.3569     148453.4451      -2065.7233          0.0000          0.0000     563784.2220        300.3442 1352000000.0000

INFO:       1820         18.2000    1153129.7671     709675.6531     443454.1140          9.3552     148484.6155      -2071.5499          0.0000          0.0000     563262.5875        300.7613 1352000000.0000

INFO:       1840         18.4000    1152791.2756     708879.2826     443911.9930          9.3467     148322.0519      -2192.3953          0.0000          0.0000     562749.6260        301.1690 1352000000.0000

INFO:       1860         18.6000    1151689.0053     708671.2845     443017.7208          9.3530     148628.2527      -2199.7413          0.0000          0.0000     562242.7731        300.5170 1352000000.0000

INFO:       1880         18.8000    1151371.4101     707515.7519     443855.6582          9.3346     147875.4956      -2142.6748          0.0000          0.0000     561782.9310        301.1206 1352000000.0000

INFO:       1900         19.0000    1151699.2556     708090.7164     443608.5392          9.3606     148795.6316      -2006.6993          0.0000          0.0000     561301.7840        300.9469 1352000000.0000

INFO:       1920         19.2000    1150742.1957     707479.7755     443262.4202          9.3617     148643.4540      -1988.0335          0.0000          0.0000     560824.3550        300.7538 1352000000.0000

INFO:       1940         19.4000    1150236.4533     706823.9903     443412.4630          9.3538     148336.9485      -1854.3245          0.0000          0.0000     560341.3663        300.7356 1352000000.0000

INFO:       1960         19.6000    1149660.9957     706163.8363     443497.1594          9.3522     148278.0605      -1958.0348          0.0000          0.0000     559843.8105        300.7482 1352000000.0000

INFO:       1980         19.8000    1149671.2719     706213.2975     443457.9745          9.3656     148702.1226      -1857.4879          0.0000          0.0000     559368.6627        300.7616 1352000000.0000

INFO:       2000         20.0000    1148263.3113     705338.5385     442924.7729          9.3518     148062.3843      -1641.6405          0.0000          0.0000     558917.7947        300.4622 1352000000.0000

 
[STEP6] Deallocate Arrays
 
Output_Time> Averaged timer profile (Min, Max)
  total time      =      14.393
    setup         =       3.242
    dynamics      =      11.151
      energy      =       9.228
      integrator  =       1.488
      migration   =       0.072
      pairlist    =       0.130 (       0.056,       0.213)
  energy           
    bond          =       0.069 (       0.034,       0.138)
    angle         =       0.011 (       0.010,       0.018)
    dihedral      =       0.010 (       0.010,       0.017)
    base stacking =       0.000 (       0.000,       0.000)
    nonbond       =       4.506 (       1.401,       8.345)
      CG exv      =       0.011 (       0.007,       0.016)
      CG DNA bp   =       0.000 (       0.000,       0.000)
      CG DNA exv  =       0.000 (       0.000,       0.000)
      CG ele      =       3.645 (       1.128,       6.748)
      CG PWMcos   =       0.000 (       0.000,       0.000)
      CG PWMcosns =       0.000 (       0.000,       0.000)
      CG IDR-HPS  =       0.845 (       0.262,       1.578)
      CG IDR-KH   =       0.000 (       0.000,       0.000)
      CG KH       =       0.000 (       0.000,       0.000)
      Contact     =       0.003 (       0.003,       0.005)
      pme real    =       0.000 (       0.000,       0.000)
      pme recip   =       0.000 (       0.000,       0.000)
    solvation     =       0.000 (       0.000,       0.000)
      polar       =       0.000 (       0.000,       0.000)
      non-polar   =       0.000 (       0.000,       0.000)
    restraint     =       0.000 (       0.000,       0.000)
    qmmm          =       0.000 (       0.000,       0.000)
    morph         =       0.000 (       0.000,       0.000)
  integrator       
    constraint    =       0.000 (       0.000,       0.000)
    update        =       0.000 (       0.000,       0.000)
    comm_coord    =       0.621 (       0.323,       0.968)
    comm_force    =       0.343 (       0.234,       0.445)
  migration       =       0.072 (       0.072,       0.072)
    comm_migrate  =       0.014 (       0.011,       0.017)
    ptl_migrate   =       0.003 (       0.002,       0.005)
    bond_migrate  =       0.001 (       0.000,       0.001)
    angl_migrate  =       0.001 (       0.000,       0.001)
    dihe_migrate  =       0.000 (       0.000,       0.001)
    contact_migr  =       0.000 (       0.000,       0.000)
    stack_migrate =       0.000 (       0.000,       0.000)
    pwmcos_migrate =       0.000 (       0.000,       0.000)
    pwmcosns_migr  =       0.000 (       0.000,       0.000)
    nonb_update    =       0.028 (       0.010,       0.053)

