****************************************************
*                                                  *
*                  GENESIS CGDYN                   *
*                                                  *
*        A Molecular Dynamics Simulator with       *
*           Spatial Decomposition Scheme           *
*                                                  *
*               Developed by RIKEN                 *
*                                                  *
****************************************************
 
[STEP0] Architecture and Compiler Information
 
GENESIS_Information> GENESIS Information
  version      = 2.0.0
  commit ID    = $GENESIS_VERSION$
  precision    = mixed 
  nonbonding   = CPU

Build_Information> Compiler Information
  build host   = jjwsmj@hokusai2
  fortran      = ifort (IFORT) 2021.7.1 20221019
  option       = 
  -axCORE-AVX512 -g -O3  -qmkl=parallel  -assume byterecl -qopenmp  
  C            = 
 icc: remark #10441: The Intel(R) C++ Compiler Classic (ICC) is deprecated and w
 ill be removed from product release in the second half of 2023. The Intel(R) on
 eAPI DPC++/C++ Compiler (ICX) is the recommended compiler moving forward. Pleas
 e transition to use this compiler. Use '-diag-disable=10441' to disable this me
 ssage.
  option       = -O3 -ip -axCORE-AVX2  -qopenmp 
  defined var. = 
  -DHAVE_MPI_GENESIS -DOMP -DIFORT19 -DFFTE -DLAPACK -DDSFMT_MEXP=19937 -DINTEL
  link option  = 
  -assume byterecl -lgfortran -qopenmp  -lmkl_intel_lp64 -lmkl_sequential -lmkl_
 core -lmkl_lapack95_lp64   
  MPI Compiler = Intel(R) MPI

Runtime_Information> Machine and Library Information
  date       = 2023/05/12 15:18:45
  cpu model    = Intel(R) Xeon(R) Gold 6148 CPU @ 2.40GHz
  exec. host   = jjwsmj@bwmpc0238
  LD library   = 
 /bwfefs/opt/x86_64/intel/oneapi/2022.3/mpi/2021.7.1/libfabric/lib:/bwfefs/opt/x
 86_64/intel/oneapi/2022.3/mpi/2021.7.1/lib/release:/bwfefs/opt/x86_64/intel/one
 api/2022.3/mpi/2021.7.1/lib:/bwfefs/opt/x86_64/intel/oneapi/2022.3/tbb/2021.7.1
 /lib/intel64/gcc4.8:/usr/lib64:/bwfefs/opt/x86_64/intel/oneapi/2022.3/vpl/2022.
 2.5/lib:/bwfefs/opt/x86_64/intel/oneapi/2022.3/mkl/latest/lib/intel64:/bwfefs/o
 pt/x86_64/intel/oneapi/2022.3/itac/2021.7.1/slib:/bwfefs/opt/x86_64/intel/oneap
 i/2022.3/ippcp/2021.6.2/lib/intel64:/bwfefs/opt/x86_64/intel/oneapi/2022.3/ipp/
 2021.6.2/lib/intel64:/bwfefs/opt/x86_64/intel/oneapi/2022.3/dnnl/2022.2.1/cpu_d
 pcpp_gpu_dpcpp/lib:/bwfefs/opt/x86_64/intel/oneapi/2022.3/dal/2021.7.1/lib/inte
 l64:/bwfefs/opt/x86_64/intel/oneapi/2022.3/compiler/2022.2.1/linux/compiler/lib
 :/bwfefs/opt/x86_64/intel/oneapi/2022.3/compiler/2022.2.1/linux/lib/oclfpga/hos
 t/linux64/lib:/bwfefs/opt/x86_64/intel/oneapi/2022.3/compiler/2022.2.1/linux/li
 b/oclfpga/linux64/lib:/bwfefs/opt/x86_64/intel/oneapi/2022.3/compiler/2022.2.1/
 linux/lib:/bwfefs/opt/x86_64/intel/oneapi/2022.3/compiler/2022.2.1/linux/lib/x6
 4:/bwfefs/opt/x86_64/intel/oneapi/2022.3/compiler/2022.2.1/linux/lib/emu:/bwfef
 s/opt/x86_64/intel/oneapi/2022.3/compiler/2022.2.1/linux/compiler/lib/intel64_l
 in:/bwfefs/opt/x86_64/intel/oneapi/2022.3/debugger/2021.7.1/dep/lib:/bwfefs/opt
 /x86_64/intel/oneapi/2022.3/debugger/2021.7.1/libipt/intel64/lib:/bwfefs/opt/x8
 6_64/intel/oneapi/2022.3/debugger/2021.7.1/gdb/intel64/lib:/bwfefs/opt/x86_64/
 MPI Runtime = Intel(R) MPI Library 2021.7 for Linux* OS


[STEP1] Read Control Parameters
 
Read_Ctrl_Input> Input Files
  grotopfile = pro.top
  grocrdfile = crd/pos_5000.gro
 
Read_Ctrl_Output> Output Files
 
Read_Ctrl_Energy> Parameters of Energy Calculations
  forcefield      =    RESIDCG
  output_style    =    GENESIS
 
Read_Ctrl_Dynamics> Parameters of MD simulation
  integrator      =       VVER  nsteps          =       2000
  timestep        =     0.0100  initial_time    =     0.0000
  eneout_period   =         20  rstout_period   =          0
  crdout_period   =          0  velout_period   =          0
  nbupdate_period =         20  stoptr_period   =         10
  lbupdate_period =          0
  iseed           =         -1
  annealing       =         no
  verbose         =         no
  target_md       =         no
  steered_md      =         no
 
Read_Ctrl_Ensemble> Parameters for Ensemble
  ensemble        =        NVT
  temperature     =    300.000
  tpcontrol       =   LANGEVIN
  gamma_t         =      1.000
 
Read_Ctrl_Boundary> Parameters of Boundary Condition
  type            =       PBC 
  box_size(x,y,z) =   3200.000   650.000   650.000
  min_domain_cell =          2
 
Read_Ctrl_Selection> Parameters of Selection
  # of groups     =          0
  # of mole names =          0
 
Read_Ctrl_Restraints> No restraint in the system

Read_Ctrl_Fitting_MD> Parameters of Fitting
  fitting method  =  TR+ROT   
  fitting atom    = group1
  mass_weight     =         no
 
[STEP2] Setup MPI
 
Setup_Mpi_Md> Summary of Setup MPI
  number of MPI processes   =        256
  number of OpenMP threads  =          5
  total number of CPU cores =       1280

[STEP3] Set Relevant Variables and Structures
 
Read_Grotop> Summary of Grotopfile
  num_moltypes    =          1
    pos100_cg             :
      num_atoms   =        100
      num_bonds   =         99
      num_angls   =          0
      num_dihes   =          0
      num_cmaps   =          0
      num_excls   =          0
      num_constrs =          0
      num_pairs   =          0
      num_vsites2 =          0
      num_vsites3 =          0
      num_vsites4 =          0
      num_vsitesn =          0
      num_posress =          0
      num_PWMcos  =          0
      num_PWMcosns=          0
      num_IDR_HPS =          1
      num_IDR_KH  =          0
    .. not used molecule types were hidden.

  num_molecules   =       5000
    pos100_cg             :  5000

  num_atomtypes   =         33  num_bondtypes   =          0
  num_angltypes   =          0  num_dihetypes   =          0
  num_flangltypes           20
  num_fldihetypes          400
  num_constrtypes =          0  num_cmaptypes   =          0
  num_nbonparms   =          0
  num_basestacktypes  =     16
  num_basepairtypes   =      4
  num_basecrosstypes  =     32
  num_cgdnaexvtypes   =      6
  num_cgelemolpairs   =      1
  num_cg_IDR_HPS_atomtypes  =     20
  num_cg_KH_atomtypes  =    20

  num_cg_pair_MJ_eps   =   400

Define_Molecule> Summary of molecules
  num_atoms       =     500000  num_bonds       =     495000
  num_angles      =          0  num_dihedrals   =          0
  num_impropers   =          0  num_cmap_terms  =          0
  num_residues    =     500000  num_molecules   =       5000
  num_segments    =          1  num_deg_freedom =    1500000
  total_charge    = 500000.000
 
Setup_Boundary_Cell> Set Variables for Boundary Condition
  domains (x,y,z) =         16         4         4
  ncells (x,y,z)  =        112        22        22
 
Define_Enefunc_Gromacs> Number of Interactions in Each Term
  bond_ene        =     495000  angle_ene       =          0
  torsion_ene     =          0
 restraint_groups =          0 restraint_funcs  =          0
 
Setup_Dynamics> Subtract 3 translational degrees of freedom
 
Update_Num_Deg_Freedom> Number of degrees of freedom was updated
  num_deg_freedom =    1499997 (After removing translation)
 
Random_Init> Initialize the random number
  seed            = 915995

Setup_Fitting_cgdyn> NO fitting is applied, skip
  fitting method  =  NO
 
[STEP4] Compute Single Point Energy for Molecules
 
            STEP          ENERGY            BOND  NATIVE_CONTACT NON-NATIVE_CONT           ELECT         IDR_HPS          CG_EXV
 --------------- --------------- --------------- --------------- ---------------
               0     853903.1900     170691.3764          0.0000          0.0000     681472.2486       1739.5649          0.0000

[STEP5] Perform Molecular Dynamics Simulation
 
Initial_Velocity> Generate initial velocities
  iseed           =     915995
  temperature     =    300.000
 
Random_Init_Velocity> Initialize the random number
  seed            = 915995

INFO:       STEP            TIME       TOTAL_ENE   POTENTIAL_ENE     KINETIC_ENE            RMSG            BOND         IDR_HPS  NATIVE_CONTACT          CG_EXV           ELECT     TEMPERATURE          VOLUME
 --------------- --------------- --------------- --------------- ---------------
INFO:          0          0.0000    1301504.8858     853903.1900     447601.6959         10.1780     170691.3764       1739.5649          0.0000          0.0000     681472.2486          0.0000 1352000000.0000

INFO:         20          0.2000    1296139.7063     842160.5030     453979.2033          9.8578     160830.3582        624.6945          0.0000          0.0000     680705.4502        307.8784 1352000000.0000

INFO:         40          0.4000    1290423.7665     835631.5297     454792.2368          9.7299     158068.4750      -1271.0702          0.0000          0.0000     678834.1249        308.7448 1352000000.0000

INFO:         60          0.6000    1285246.1237     829158.0573     456088.0664          9.6310     155445.8870      -2605.4672          0.0000          0.0000     676317.6375        309.4520 1352000000.0000

INFO:         80          0.8000    1279118.6755     823653.0407     455465.6348          9.5803     153900.8624      -3668.0461          0.0000          0.0000     673420.2245        308.9294 1352000000.0000

INFO:        100          1.0000    1273608.4574     818914.1330     454694.3244          9.5370     152965.6218      -4398.0944          0.0000          0.0000     670346.6055        308.2296 1352000000.0000

INFO:        120          1.2000    1268520.8374     814560.3595     453960.4779          9.5068     152150.8336      -4826.0005          0.0000          0.0000     667235.5264        307.8967 1352000000.0000

INFO:        140          1.4000    1263078.3072     810565.5781     452512.7291          9.4850     151377.0801      -4954.9153          0.0000          0.0000     664143.4133        307.0216 1352000000.0000

INFO:        160          1.6000    1259249.8329     806470.9770     452778.8559          9.4470     150533.3400      -5171.8861          0.0000          0.0000     661109.5231        306.9211 1352000000.0000

INFO:        180          1.8000    1255123.6318     803149.7525     451973.8793          9.4267     150267.6690      -5261.9815          0.0000          0.0000     658144.0650        306.5225 1352000000.0000

INFO:        200          2.0000    1250420.3843     799351.5097     451068.8746          9.4025     149255.6079      -5203.6266          0.0000          0.0000     655299.5284        305.8632 1352000000.0000

INFO:        220          2.2000    1246655.2593     796482.2633     450172.9960          9.3939     149095.9285      -5127.1657          0.0000          0.0000     652513.5005        305.3314 1352000000.0000

INFO:        240          2.4000    1243531.1352     793488.9897     450042.1455          9.3796     148724.8070      -5065.8186          0.0000          0.0000     649830.0013        305.1473 1352000000.0000

INFO:        260          2.6000    1239992.8226     790739.3851     449253.4375          9.3820     148734.4470      -5216.3645          0.0000          0.0000     647221.3025        304.7663 1352000000.0000

INFO:        280          2.8000    1237314.9492     788407.5560     448907.3932          9.3845     148991.0290      -5286.9845          0.0000          0.0000     644703.5115        304.3494 1352000000.0000

INFO:        300          3.0000    1234132.4811     786118.8612     448013.6200          9.3838     148852.3255      -5012.2683          0.0000          0.0000     642278.8040        303.8809 1352000000.0000

INFO:        320          3.2000    1232143.0067     784064.3798     448078.6269          9.3769     148809.1586      -4699.3876          0.0000          0.0000     639954.6088        303.9326 1352000000.0000

INFO:        340          3.4000    1229737.8697     781713.7934     448024.0763          9.3616     148522.9465      -4522.8360          0.0000          0.0000     637713.6829        303.8469 1352000000.0000

INFO:        360          3.6000    1228122.9705     779635.1189     448487.8516          9.3751     148590.6627      -4504.0089          0.0000          0.0000     635548.4651        304.1674 1352000000.0000

INFO:        380          3.8000    1225649.8271     777598.0361     448051.7910          9.3656     148586.3326      -4471.8130          0.0000          0.0000     633483.5165        303.9242 1352000000.0000

INFO:        400          4.0000    1224158.5115     775628.8203     448529.6912          9.3592     148505.1555      -4377.0102          0.0000          0.0000     631500.6750        304.0824 1352000000.0000

INFO:        420          4.2000    1222063.1119     773360.3253     448702.7866          9.3497     148107.4880      -4352.9546          0.0000          0.0000     629605.7919        304.2280 1352000000.0000

INFO:        440          4.4000    1219077.1778     772083.8789     446993.2989          9.3622     148707.6418      -4363.6628          0.0000          0.0000     627739.8999        303.1340 1352000000.0000

INFO:        460          4.6000    1216453.0991     769744.2301     446708.8690          9.3514     148121.7769      -4354.9350          0.0000          0.0000     625977.3882        302.9581 1352000000.0000

INFO:        480          4.8000    1214184.9271     767990.9944     446193.9327          9.3460     148112.1333      -4358.1187          0.0000          0.0000     624236.9798        302.6591 1352000000.0000

INFO:        500          5.0000    1212540.0565     766140.6204     446399.4362          9.3408     147849.9581      -4231.5356          0.0000          0.0000     622522.1978        302.5945 1352000000.0000

INFO:        520          5.2000    1210883.6524     764685.9334     446197.7189          9.3456     148062.5722      -4219.9139          0.0000          0.0000     620843.2752        302.5125 1352000000.0000

INFO:        540          5.4000    1208371.8170     762655.2866     445716.5304          9.3196     147457.7934      -4021.2715          0.0000          0.0000     619218.7647        302.3012 1352000000.0000

INFO:        560          5.6000    1207199.3878     761198.6963     446000.6915          9.3219     147513.2546      -3957.8051          0.0000          0.0000     617643.2468        302.5673 1352000000.0000

INFO:        580          5.8000    1205624.9549     760147.4644     445477.4906          9.3393     147918.3830      -3897.3762          0.0000          0.0000     616126.4576        302.0077 1352000000.0000

INFO:        600          6.0000    1203916.4576     758799.9915     445116.4661          9.3387     147865.7543      -3725.7825          0.0000          0.0000     614660.0197        301.8583 1352000000.0000

INFO:        620          6.2000    1203409.2440     757636.0244     445773.2196          9.3376     148057.5648      -3642.1172          0.0000          0.0000     613220.5768        302.3196 1352000000.0000

INFO:        640          6.4000    1202133.0724     756648.8637     445484.2087          9.3490     148249.7338      -3420.4155          0.0000          0.0000     611819.5455        302.2840 1352000000.0000

INFO:        660          6.6000    1200539.2122     755098.0525     445441.1597          9.3427     148013.8705      -3361.3549          0.0000          0.0000     610445.5369        302.0064 1352000000.0000

INFO:        680          6.8000    1199388.5058     753786.0849     445602.4210          9.3434     148010.1610      -3337.6284          0.0000          0.0000     609113.5522        302.2799 1352000000.0000

INFO:        700          7.0000    1198448.1251     752442.6712     446005.4539          9.3436     148034.3624      -3384.9068          0.0000          0.0000     607793.2156        302.4578 1352000000.0000

INFO:        720          7.2000    1196653.3746     751147.4286     445505.9460          9.3583     148197.9261      -3541.7531          0.0000          0.0000     606491.2556        301.9924 1352000000.0000

INFO:        740          7.4000    1195003.9021     749290.5924     445713.3097          9.3439     147691.4412      -3642.6699          0.0000          0.0000     605241.8211        302.3456 1352000000.0000

INFO:        760          7.6000    1193532.4787     748452.7147     445079.7640          9.3514     147979.8116      -3573.8876          0.0000          0.0000     604046.7907        301.7758 1352000000.0000

INFO:        780          7.8000    1191394.8949     747449.7743     443945.1207          9.3430     148026.5272      -3445.4792          0.0000          0.0000     602868.7263        301.1902 1352000000.0000

INFO:        800          8.0000    1190896.9177     746485.5775     444411.3402          9.3466     148148.5910      -3399.7474          0.0000          0.0000     601736.7339        301.5122 1352000000.0000

INFO:        820          8.2000    1190246.5078     745228.3176     445018.1902          9.3415     148079.2880      -3457.7395          0.0000          0.0000     600606.7691        301.7085 1352000000.0000

INFO:        840          8.4000    1189468.0130     744982.0523     444485.9607          9.3569     148763.2845      -3303.3609          0.0000          0.0000     599522.1287        301.3695 1352000000.0000

INFO:        860          8.6000    1188944.1053     743825.8056     445118.2997          9.3509     148542.4558      -3164.5400          0.0000          0.0000     598447.8899        301.8277 1352000000.0000

INFO:        880          8.8000    1187881.0627     742535.7407     445345.3220          9.3444     148267.6774      -3125.3761          0.0000          0.0000     597393.4395        301.9712 1352000000.0000

INFO:        900          9.0000    1186918.2077     741515.9766     445402.2311          9.3487     148294.2454      -3133.9485          0.0000          0.0000     596355.6797        302.0468 1352000000.0000

INFO:        920          9.2000    1185499.6668     740951.1336     444548.5333          9.3600     148709.9327      -3118.1596          0.0000          0.0000     595359.3605        301.6605 1352000000.0000

INFO:        940          9.4000    1184352.3291     739743.1904     444609.1387          9.3573     148348.7639      -2988.8095          0.0000          0.0000     594383.2360        301.7524 1352000000.0000

INFO:        960          9.6000    1183370.4874     739203.8720     444166.6154          9.3696     148656.4676      -2889.0497          0.0000          0.0000     593436.4541        301.3005 1352000000.0000

INFO:        980          9.8000    1182777.6637     737923.9570     444853.7067          9.3601     148262.9731      -2836.1135          0.0000          0.0000     592497.0973        301.7892 1352000000.0000

INFO:       1000         10.0000    1181746.0086     737081.3899     444664.6186          9.3558     148396.9173      -2869.6808          0.0000          0.0000     591554.1534        301.6856 1352000000.0000

INFO:       1020         10.2000    1181194.8939     736289.9304     444904.9635          9.3686     148505.9782      -2845.8594          0.0000          0.0000     590629.8116        301.8400 1352000000.0000

INFO:       1040         10.4000    1180387.0874     735826.1974     444560.8900          9.3745     149001.1660      -2915.8098          0.0000          0.0000     589740.8412        301.6838 1352000000.0000

INFO:       1060         10.6000    1179921.8019     734506.1070     445415.6949          9.3531     148439.4766      -2813.7138          0.0000          0.0000     588880.3442        302.1528 1352000000.0000

INFO:       1080         10.8000    1177527.8267     733424.4499     444103.3769          9.3483     148069.4150      -2686.8877          0.0000          0.0000     588041.9226        301.1061 1352000000.0000

INFO:       1100         11.0000    1176879.3741     733348.5876     443530.7865          9.3554     148587.8794      -2470.3038          0.0000          0.0000     587231.0119        300.7797 1352000000.0000

INFO:       1120         11.2000    1175829.1228     732434.2707     443394.8521          9.3576     148604.8406      -2584.6594          0.0000          0.0000     586414.0896        300.7444 1352000000.0000

INFO:       1140         11.4000    1175360.3719     731150.3984     444209.9735          9.3409     148092.3262      -2533.0267          0.0000          0.0000     585591.0990        301.2570 1352000000.0000

INFO:       1160         11.6000    1174753.3514     730734.1392     444019.2122          9.3437     148412.7469      -2430.5886          0.0000          0.0000     584751.9809        301.2513 1352000000.0000

INFO:       1180         11.8000    1174239.0002     730078.4893     444160.5109          9.3553     148556.8448      -2383.8468          0.0000          0.0000     583905.4913        301.4026 1352000000.0000

INFO:       1200         12.0000    1173039.5464     728807.7658     444231.7806          9.3486     148260.8908      -2529.4897          0.0000          0.0000     583076.3647        301.3597 1352000000.0000

INFO:       1220         12.2000    1172201.1063     727961.0648     444240.0415          9.3501     148249.3535      -2564.5433          0.0000          0.0000     582276.2546        301.3178 1352000000.0000

INFO:       1240         12.4000    1171322.6242     727704.4335     443618.1906          9.3649     148676.3864      -2478.3046          0.0000          0.0000     581506.3517        300.9117 1352000000.0000

INFO:       1260         12.6000    1170770.4764     726389.2572     444381.2192          9.3465     148190.9732      -2575.9050          0.0000          0.0000     580774.1890        301.4095 1352000000.0000

INFO:       1280         12.8000    1169113.5326     725438.6280     443674.9046          9.3445     147967.8592      -2592.3410          0.0000          0.0000     580063.1098        300.9746 1352000000.0000

INFO:       1300         13.0000    1168350.1679     724805.3689     443544.7990          9.3339     147905.8416      -2472.9327          0.0000          0.0000     579372.4599        300.8390 1352000000.0000

INFO:       1320         13.2000    1167889.9242     724812.5007     443077.4236          9.3610     148452.6907      -2346.5278          0.0000          0.0000     578706.3377        300.5051 1352000000.0000

INFO:       1340         13.4000    1167443.7226     723788.1044     443655.6182          9.3451     147991.1625      -2238.2803          0.0000          0.0000     578035.2223        300.9844 1352000000.0000

INFO:       1360         13.6000    1167057.0967     723133.3329     443923.7638          9.3411     147902.4369      -2143.6146          0.0000          0.0000     577374.5106        301.0673 1352000000.0000

INFO:       1380         13.8000    1166056.2749     722679.7199     443376.5551          9.3435     148053.8843      -2098.6714          0.0000          0.0000     576724.5069        300.7176 1352000000.0000

INFO:       1400         14.0000    1166396.2372     722676.8755     443719.3617          9.3596     148565.4552      -1967.9776          0.0000          0.0000     576079.3979        301.0679 1352000000.0000

INFO:       1420         14.2000    1165898.3773     721755.0368     444143.3405          9.3632     148434.9834      -2101.9258          0.0000          0.0000     575421.9792        301.3669 1352000000.0000

INFO:       1440         14.4000    1164723.4167     721088.5138     443634.9029          9.3617     148535.8053      -2213.7799          0.0000          0.0000     574766.4885        301.0461 1352000000.0000

INFO:       1460         14.6000    1164203.5838     720494.1688     443709.4150          9.3598     148503.5007      -2128.3198          0.0000          0.0000     574118.9879        301.0511 1352000000.0000

INFO:       1480         14.8000    1163904.4052     720239.2319     443665.1733          9.3729     148892.5701      -2131.6357          0.0000          0.0000     573478.2975        300.9090 1352000000.0000

INFO:       1500         15.0000    1163294.0311     719382.4543     443911.5768          9.3622     148729.6221      -2179.6257          0.0000          0.0000     572832.4578        301.1291 1352000000.0000

INFO:       1520         15.2000    1162119.8679     718237.5034     443882.3645          9.3469     148210.8081      -2157.1881          0.0000          0.0000     572183.8834        301.1150 1352000000.0000

INFO:       1540         15.4000    1162143.9249     717978.0354     444165.8895          9.3516     148593.2784      -2182.5008          0.0000          0.0000     571567.2578        301.2962 1352000000.0000

INFO:       1560         15.6000    1161389.5048     717208.8134     444180.6915          9.3528     148362.5597      -2122.2864          0.0000          0.0000     570968.5401        301.3761 1352000000.0000

INFO:       1580         15.8000    1160503.3862     716617.4346     443885.9515          9.3430     148089.8045      -1891.1440          0.0000          0.0000     570418.7741        301.0993 1352000000.0000

INFO:       1600         16.0000    1160279.9558     716258.2625     444021.6933          9.3425     148294.9637      -1874.8058          0.0000          0.0000     569838.1046        301.2666 1352000000.0000

INFO:       1620         16.2000    1158732.7232     715316.1995     443416.5237          9.3366     148030.8841      -1971.4479          0.0000          0.0000     569256.7632        300.8191 1352000000.0000

INFO:       1640         16.4000    1157907.0482     714620.8256     443286.2226          9.3316     148051.7861      -2071.9122          0.0000          0.0000     568640.9516        300.6998 1352000000.0000

INFO:       1660         16.6000    1158028.1597     714109.3267     443918.8330          9.3333     148219.9316      -2155.5598          0.0000          0.0000     568044.9550        301.1003 1352000000.0000

INFO:       1680         16.8000    1157169.0251     712825.8977     444343.1274          9.3254     147622.7907      -2256.7478          0.0000          0.0000     567459.8548        301.3895 1352000000.0000

INFO:       1700         17.0000    1156946.8284     712630.8705     444315.9580          9.3364     148016.5219      -2271.0512          0.0000          0.0000     566885.3997        301.3171 1352000000.0000

INFO:       1720         17.2000    1156103.6778     712500.3849     443603.2928          9.3446     148367.3471      -2220.1667          0.0000          0.0000     566353.2046        300.7945 1352000000.0000

INFO:       1740         17.4000    1155062.9290     712424.0717     442638.8572          9.3510     148568.5756      -1961.2993          0.0000          0.0000     565816.7955        300.3160 1352000000.0000

INFO:       1760         17.6000    1154866.2627     711799.4030     443066.8597          9.3484     148386.8752      -1877.9641          0.0000          0.0000     565290.4918        300.6182 1352000000.0000

INFO:       1780         17.8000    1154972.9177     711096.8174     443876.1003          9.3475     148298.8218      -1959.4299          0.0000          0.0000     564757.4256        301.1739 1352000000.0000

INFO:       1800         18.0000    1154678.5952     710712.0783     443966.5169          9.3421     148437.6438      -1981.0950          0.0000          0.0000     564255.5295        301.2720 1352000000.0000

INFO:       1820         18.2000    1154254.7693     710516.0068     443738.7625          9.3557     148556.4621      -1800.5327          0.0000          0.0000     563760.0774        300.9474 1352000000.0000

INFO:       1840         18.4000    1153110.5357     710241.7500     442868.7856          9.3598     148700.2171      -1727.5524          0.0000          0.0000     563269.0854        300.3923 1352000000.0000

INFO:       1860         18.6000    1153151.0487     709706.9819     443444.0668          9.3534     148551.9680      -1612.6461          0.0000          0.0000     562767.6600        300.6613 1352000000.0000

INFO:       1880         18.8000    1151978.3623     708633.0314     443345.3309          9.3401     147921.0823      -1546.5660          0.0000          0.0000     562258.5151        300.7377 1352000000.0000

INFO:       1900         19.0000    1151870.3646     708102.7181     443767.6466          9.3462     148042.6071      -1707.9944          0.0000          0.0000     561768.1053        301.0396 1352000000.0000

INFO:       1920         19.2000    1151321.4775     707511.6779     443809.7996          9.3384     148053.1566      -1825.5637          0.0000          0.0000     561284.0849        301.1108 1352000000.0000

INFO:       1940         19.4000    1150314.7011     707006.6272     443308.0738          9.3429     148034.9229      -1850.7910          0.0000          0.0000     560822.4953        300.7252 1352000000.0000

INFO:       1960         19.6000    1149477.5135     706824.5021     442653.0114          9.3496     148231.1235      -1759.5070          0.0000          0.0000     560352.8856        300.3840 1352000000.0000

INFO:       1980         19.8000    1149376.9594     706539.1351     442837.8243          9.3577     148441.5569      -1791.8026          0.0000          0.0000     559889.3809        300.3790 1352000000.0000

INFO:       2000         20.0000    1148712.7602     705465.2590     443247.5012          9.3406     147841.4343      -1784.0051          0.0000          0.0000     559407.8298        300.5689 1352000000.0000

 
[STEP6] Deallocate Arrays
 
Output_Time> Averaged timer profile (Min, Max)
  total time      =      14.290
    setup         =       3.383
    dynamics      =      10.907
      energy      =       9.023
      integrator  =       1.508
      migration   =       0.066
      pairlist    =       0.125 (       0.058,       0.202)
  energy           
    bond          =       0.069 (       0.033,       0.162)
    angle         =       0.011 (       0.010,       0.017)
    dihedral      =       0.010 (       0.010,       0.017)
    base stacking =       0.000 (       0.000,       0.000)
    nonbond       =       4.505 (       1.494,       8.047)
      CG exv      =       0.011 (       0.007,       0.017)
      CG DNA bp   =       0.000 (       0.000,       0.000)
      CG DNA exv  =       0.000 (       0.000,       0.000)
      CG ele      =       3.643 (       1.216,       6.448)
      CG PWMcos   =       0.000 (       0.000,       0.000)
      CG PWMcosns =       0.000 (       0.000,       0.000)
      CG IDR-HPS  =       0.846 (       0.266,       1.580)
      CG IDR-KH   =       0.000 (       0.000,       0.000)
      CG KH       =       0.000 (       0.000,       0.000)
      Contact     =       0.003 (       0.003,       0.005)
      pme real    =       0.000 (       0.000,       0.000)
      pme recip   =       0.000 (       0.000,       0.000)
    solvation     =       0.000 (       0.000,       0.000)
      polar       =       0.000 (       0.000,       0.000)
      non-polar   =       0.000 (       0.000,       0.000)
    restraint     =       0.000 (       0.000,       0.000)
    qmmm          =       0.000 (       0.000,       0.000)
    morph         =       0.000 (       0.000,       0.000)
  integrator       
    constraint    =       0.000 (       0.000,       0.000)
    update        =       0.000 (       0.000,       0.000)
    comm_coord    =       0.614 (       0.316,       1.039)
    comm_force    =       0.342 (       0.229,       0.432)
  migration       =       0.066 (       0.065,       0.066)
    comm_migrate  =       0.012 (       0.009,       0.015)
    ptl_migrate   =       0.003 (       0.002,       0.004)
    bond_migrate  =       0.001 (       0.000,       0.001)
    angl_migrate  =       0.001 (       0.000,       0.001)
    dihe_migrate  =       0.000 (       0.000,       0.001)
    contact_migr  =       0.000 (       0.000,       0.000)
    stack_migrate =       0.000 (       0.000,       0.000)
    pwmcos_migrate =       0.000 (       0.000,       0.000)
    pwmcosns_migr  =       0.000 (       0.000,       0.000)
    nonb_update    =       0.027 (       0.010,       0.051)

