****************************************************
*                                                  *
*                  GENESIS CGDYN                   *
*                                                  *
*        A Molecular Dynamics Simulator with       *
*           Spatial Decomposition Scheme           *
*                                                  *
*               Developed by RIKEN                 *
*                                                  *
****************************************************
 
[STEP0] Architecture and Compiler Information
 
GENESIS_Information> GENESIS Information
  version      = 2.0.0
  commit ID    = $GENESIS_VERSION$
  precision    = mixed 
  nonbonding   = CPU

Build_Information> Compiler Information
  build host   = jjwsmj@hokusai2
  fortran      = ifort (IFORT) 2021.7.1 20221019
  option       = 
  -axCORE-AVX512 -g -O3  -qmkl=parallel  -assume byterecl -qopenmp  
  C            = 
 icc: remark #10441: The Intel(R) C++ Compiler Classic (ICC) is deprecated and w
 ill be removed from product release in the second half of 2023. The Intel(R) on
 eAPI DPC++/C++ Compiler (ICX) is the recommended compiler moving forward. Pleas
 e transition to use this compiler. Use '-diag-disable=10441' to disable this me
 ssage.
  option       = -O3 -ip -axCORE-AVX2  -qopenmp 
  defined var. = 
  -DHAVE_MPI_GENESIS -DOMP -DIFORT19 -DFFTE -DLAPACK -DDSFMT_MEXP=19937 -DINTEL
  link option  = 
  -assume byterecl -lgfortran -qopenmp  -lmkl_intel_lp64 -lmkl_sequential -lmkl_
 core -lmkl_lapack95_lp64   
  MPI Compiler = Intel(R) MPI

Runtime_Information> Machine and Library Information
  date       = 2023/05/12 15:18:59
  cpu model    = Intel(R) Xeon(R) Gold 6148 CPU @ 2.40GHz
  exec. host   = jjwsmj@bwmpc0088
  LD library   = 
 /bwfefs/opt/x86_64/intel/oneapi/2022.3/mpi/2021.7.1/libfabric/lib:/bwfefs/opt/x
 86_64/intel/oneapi/2022.3/mpi/2021.7.1/lib/release:/bwfefs/opt/x86_64/intel/one
 api/2022.3/mpi/2021.7.1/lib:/bwfefs/opt/x86_64/intel/oneapi/2022.3/tbb/2021.7.1
 /lib/intel64/gcc4.8:/usr/lib64:/bwfefs/opt/x86_64/intel/oneapi/2022.3/vpl/2022.
 2.5/lib:/bwfefs/opt/x86_64/intel/oneapi/2022.3/mkl/latest/lib/intel64:/bwfefs/o
 pt/x86_64/intel/oneapi/2022.3/itac/2021.7.1/slib:/bwfefs/opt/x86_64/intel/oneap
 i/2022.3/ippcp/2021.6.2/lib/intel64:/bwfefs/opt/x86_64/intel/oneapi/2022.3/ipp/
 2021.6.2/lib/intel64:/bwfefs/opt/x86_64/intel/oneapi/2022.3/dnnl/2022.2.1/cpu_d
 pcpp_gpu_dpcpp/lib:/bwfefs/opt/x86_64/intel/oneapi/2022.3/dal/2021.7.1/lib/inte
 l64:/bwfefs/opt/x86_64/intel/oneapi/2022.3/compiler/2022.2.1/linux/compiler/lib
 :/bwfefs/opt/x86_64/intel/oneapi/2022.3/compiler/2022.2.1/linux/lib/oclfpga/hos
 t/linux64/lib:/bwfefs/opt/x86_64/intel/oneapi/2022.3/compiler/2022.2.1/linux/li
 b/oclfpga/linux64/lib:/bwfefs/opt/x86_64/intel/oneapi/2022.3/compiler/2022.2.1/
 linux/lib:/bwfefs/opt/x86_64/intel/oneapi/2022.3/compiler/2022.2.1/linux/lib/x6
 4:/bwfefs/opt/x86_64/intel/oneapi/2022.3/compiler/2022.2.1/linux/lib/emu:/bwfef
 s/opt/x86_64/intel/oneapi/2022.3/compiler/2022.2.1/linux/compiler/lib/intel64_l
 in:/bwfefs/opt/x86_64/intel/oneapi/2022.3/debugger/2021.7.1/dep/lib:/bwfefs/opt
 /x86_64/intel/oneapi/2022.3/debugger/2021.7.1/libipt/intel64/lib:/bwfefs/opt/x8
 6_64/intel/oneapi/2022.3/debugger/2021.7.1/gdb/intel64/lib:/bwfefs/opt/x86_64/
 MPI Runtime = Intel(R) MPI Library 2021.7 for Linux* OS


[STEP1] Read Control Parameters
 
Read_Ctrl_Input> Input Files
  grotopfile = pro.top
  grocrdfile = crd/pos_5000.gro
 
Read_Ctrl_Output> Output Files
 
Read_Ctrl_Energy> Parameters of Energy Calculations
  forcefield      =    RESIDCG
  output_style    =    GENESIS
 
Read_Ctrl_Dynamics> Parameters of MD simulation
  integrator      =       VVER  nsteps          =       2000
  timestep        =     0.0100  initial_time    =     0.0000
  eneout_period   =         20  rstout_period   =          0
  crdout_period   =          0  velout_period   =          0
  nbupdate_period =         20  stoptr_period   =         10
  lbupdate_period =          0
  iseed           =         -1
  annealing       =         no
  verbose         =         no
  target_md       =         no
  steered_md      =         no
 
Read_Ctrl_Ensemble> Parameters for Ensemble
  ensemble        =        NVT
  temperature     =    300.000
  tpcontrol       =   LANGEVIN
  gamma_t         =      1.000
 
Read_Ctrl_Boundary> Parameters of Boundary Condition
  type            =       PBC 
  box_size(x,y,z) =   3200.000   650.000   650.000
  min_domain_cell =          2
 
Read_Ctrl_Selection> Parameters of Selection
  # of groups     =          0
  # of mole names =          0
 
Read_Ctrl_Restraints> No restraint in the system

Read_Ctrl_Fitting_MD> Parameters of Fitting
  fitting method  =  TR+ROT   
  fitting atom    = group1
  mass_weight     =         no
 
[STEP2] Setup MPI
 
Setup_Mpi_Md> Summary of Setup MPI
  number of MPI processes   =        256
  number of OpenMP threads  =          5
  total number of CPU cores =       1280

[STEP3] Set Relevant Variables and Structures
 
Read_Grotop> Summary of Grotopfile
  num_moltypes    =          1
    pos100_cg             :
      num_atoms   =        100
      num_bonds   =         99
      num_angls   =          0
      num_dihes   =          0
      num_cmaps   =          0
      num_excls   =          0
      num_constrs =          0
      num_pairs   =          0
      num_vsites2 =          0
      num_vsites3 =          0
      num_vsites4 =          0
      num_vsitesn =          0
      num_posress =          0
      num_PWMcos  =          0
      num_PWMcosns=          0
      num_IDR_HPS =          1
      num_IDR_KH  =          0
    .. not used molecule types were hidden.

  num_molecules   =       5000
    pos100_cg             :  5000

  num_atomtypes   =         33  num_bondtypes   =          0
  num_angltypes   =          0  num_dihetypes   =          0
  num_flangltypes           20
  num_fldihetypes          400
  num_constrtypes =          0  num_cmaptypes   =          0
  num_nbonparms   =          0
  num_basestacktypes  =     16
  num_basepairtypes   =      4
  num_basecrosstypes  =     32
  num_cgdnaexvtypes   =      6
  num_cgelemolpairs   =      1
  num_cg_IDR_HPS_atomtypes  =     20
  num_cg_KH_atomtypes  =    20

  num_cg_pair_MJ_eps   =   400

Define_Molecule> Summary of molecules
  num_atoms       =     500000  num_bonds       =     495000
  num_angles      =          0  num_dihedrals   =          0
  num_impropers   =          0  num_cmap_terms  =          0
  num_residues    =     500000  num_molecules   =       5000
  num_segments    =          1  num_deg_freedom =    1500000
  total_charge    = 500000.000
 
Setup_Boundary_Cell> Set Variables for Boundary Condition
  domains (x,y,z) =         16         4         4
  ncells (x,y,z)  =        112        22        22
 
Define_Enefunc_Gromacs> Number of Interactions in Each Term
  bond_ene        =     495000  angle_ene       =          0
  torsion_ene     =          0
 restraint_groups =          0 restraint_funcs  =          0
 
Setup_Dynamics> Subtract 3 translational degrees of freedom
 
Update_Num_Deg_Freedom> Number of degrees of freedom was updated
  num_deg_freedom =    1499997 (After removing translation)
 
Random_Init> Initialize the random number
  seed            = 166405

Setup_Fitting_cgdyn> NO fitting is applied, skip
  fitting method  =  NO
 
[STEP4] Compute Single Point Energy for Molecules
 
            STEP          ENERGY            BOND  NATIVE_CONTACT NON-NATIVE_CONT           ELECT         IDR_HPS          CG_EXV
 --------------- --------------- --------------- --------------- ---------------
               0     853903.1900     170691.3764          0.0000          0.0000     681472.2486       1739.5649          0.0000

[STEP5] Perform Molecular Dynamics Simulation
 
Initial_Velocity> Generate initial velocities
  iseed           =     166405
  temperature     =    300.000
 
Random_Init_Velocity> Initialize the random number
  seed            = 166405

INFO:       STEP            TIME       TOTAL_ENE   POTENTIAL_ENE     KINETIC_ENE            RMSG            BOND         IDR_HPS  NATIVE_CONTACT          CG_EXV           ELECT     TEMPERATURE          VOLUME
 --------------- --------------- --------------- --------------- ---------------
INFO:          0          0.0000    1301589.9798     853903.1900     447686.7898         10.1780     170691.3764       1739.5649          0.0000          0.0000     681472.2486          0.0000 1352000000.0000

INFO:         20          0.2000    1295853.9118     842166.5397     453687.3722          9.8483     160837.4178        606.1841          0.0000          0.0000     680722.9378        307.7749 1352000000.0000

INFO:         40          0.4000    1290679.5535     836032.7776     454646.7760          9.7360     158232.5071      -1117.8425          0.0000          0.0000     678918.1130        308.6680 1352000000.0000

INFO:         60          0.6000    1285010.8144     830159.5165     454851.2979          9.6567     156129.5405      -2406.4290          0.0000          0.0000     676436.4050        308.6858 1352000000.0000

INFO:         80          0.8000    1279807.7600     824826.9113     454980.8487          9.6001     154735.3309      -3472.3562          0.0000          0.0000     673563.9365        308.6388 1352000000.0000

INFO:        100          1.0000    1274382.9990     819082.0646     455300.9345          9.5436     152945.6724      -4387.3124          0.0000          0.0000     670523.7046        308.8138 1352000000.0000

INFO:        120          1.2000    1268973.4317     815079.6743     453893.7574          9.5184     152447.6752      -4798.4050          0.0000          0.0000     667430.4042        307.8601 1352000000.0000

INFO:        140          1.4000    1264688.3647     810583.7766     454104.5881          9.4853     151342.3429      -5108.6147          0.0000          0.0000     664350.0484        307.9979 1352000000.0000

INFO:        160          1.6000    1260168.0366     807220.5499     452947.4868          9.4676     151149.4232      -5252.9026          0.0000          0.0000     661324.0293        307.1417 1352000000.0000

INFO:        180          1.8000    1256786.2643     803549.9209     453236.3434          9.4412     150391.4848      -5230.3396          0.0000          0.0000     658388.7757        307.4873 1352000000.0000

INFO:        200          2.0000    1252809.0155     800486.9948     452322.0207          9.4319     150172.2659      -5210.0954          0.0000          0.0000     655524.8243        306.7346 1352000000.0000

INFO:        220          2.2000    1248375.3532     797180.2892     451195.0640          9.4174     149836.1190      -5362.6130          0.0000          0.0000     652706.7832        305.9000 1352000000.0000

INFO:        240          2.4000    1244478.1367     794105.3225     450372.8142          9.3951     149423.2894      -5343.7076          0.0000          0.0000     650025.7407        305.4444 1352000000.0000

INFO:        260          2.6000    1240881.2515     791246.4341     449634.8174          9.3898     149075.8183      -5296.1999          0.0000          0.0000     647466.8158        304.9468 1352000000.0000

INFO:        280          2.8000    1237996.9440     789030.5048     448966.4392          9.3832     149145.9081      -5140.4435          0.0000          0.0000     645025.0402        304.5804 1352000000.0000

INFO:        300          3.0000    1236237.9495     786597.5612     449640.3884          9.3792     148816.6074      -4902.6140          0.0000          0.0000     642683.5677        304.9330 1352000000.0000

INFO:        320          3.2000    1233009.3548     784260.0149     448749.3399          9.3675     148755.1798      -4875.4839          0.0000          0.0000     640380.3190        304.2656 1352000000.0000

INFO:        340          3.4000    1230539.8275     781783.5473     448756.2802          9.3623     148392.9681      -4745.7861          0.0000          0.0000     638136.3653        304.4061 1352000000.0000

INFO:        360          3.6000    1228743.6506     780251.0566     448492.5939          9.3731     148919.7193      -4626.5718          0.0000          0.0000     635957.9091        303.8814 1352000000.0000

INFO:        380          3.8000    1225997.2287     777911.7770     448085.4517          9.3665     148799.8143      -4734.1752          0.0000          0.0000     633846.1379        303.8891 1352000000.0000

INFO:        400          4.0000    1223718.5483     775759.5255     447959.0229          9.3565     148531.4625      -4596.4005          0.0000          0.0000     631824.4635        303.7425 1352000000.0000

INFO:        420          4.2000    1221849.8569     773989.8453     447860.0115          9.3640     148545.0006      -4420.5650          0.0000          0.0000     629865.4098        303.7301 1352000000.0000

INFO:        440          4.4000    1219608.8522     771980.9670     447627.8852          9.3623     148396.7569      -4361.3331          0.0000          0.0000     627945.5432        303.5747 1352000000.0000

INFO:        460          4.6000    1217594.2336     770081.1889     447513.0447          9.3542     148342.5272      -4362.0802          0.0000          0.0000     626100.7418        303.5397 1352000000.0000

INFO:        480          4.8000    1216279.6460     768567.1462     447712.4998          9.3610     148496.3632      -4260.1085          0.0000          0.0000     624330.8915        303.6953 1352000000.0000

INFO:        500          5.0000    1213439.7064     767021.2047     446418.5017          9.3533     148446.1454      -4044.5484          0.0000          0.0000     622619.6077        302.9428 1352000000.0000

INFO:        520          5.2000    1211894.1858     765460.9485     446433.2374          9.3561     148460.0887      -3943.6351          0.0000          0.0000     620944.4948        302.8330 1352000000.0000

INFO:        540          5.4000    1211313.4731     764101.1747     447212.2984          9.3598     148564.7899      -3775.6555          0.0000          0.0000     619312.0403        303.3308 1352000000.0000

INFO:        560          5.6000    1209856.6338     762378.5682     447478.0656          9.3555     148430.4209      -3767.4719          0.0000          0.0000     617715.6193        303.4466 1352000000.0000

INFO:        580          5.8000    1208423.4831     761045.6192     447377.8640          9.3551     148460.1531      -3593.7901          0.0000          0.0000     616179.2561        303.3818 1352000000.0000

INFO:        600          6.0000    1206378.6401     759758.3925     446620.2476          9.3611     148562.9208      -3492.0405          0.0000          0.0000     614687.5123        302.9049 1352000000.0000

INFO:        620          6.2000    1204921.3685     758100.6424     446820.7260          9.3681     148448.9680      -3595.3862          0.0000          0.0000     613247.0607        303.0631 1352000000.0000

INFO:        640          6.4000    1203320.6080     756595.5647     446725.0433          9.3558     148464.6796      -3724.8659          0.0000          0.0000     611855.7511        303.0045 1352000000.0000

INFO:        660          6.6000    1201131.8591     754925.3879     446206.4713          9.3467     148208.4021      -3781.6112          0.0000          0.0000     610498.5970        302.6847 1352000000.0000

INFO:        680          6.8000    1200132.3534     753526.3634     446605.9899          9.3399     147905.9887      -3575.6683          0.0000          0.0000     609196.0431        302.9017 1352000000.0000

INFO:        700          7.0000    1199331.2291     753207.7347     446123.4945          9.3618     148585.1444      -3312.2434          0.0000          0.0000     607934.8337        302.4068 1352000000.0000

INFO:        720          7.2000    1197635.1003     752153.7065     445481.3938          9.3645     148777.6795      -3325.9842          0.0000          0.0000     606702.0113        302.1157 1352000000.0000

INFO:        740          7.4000    1196421.3761     750799.9675     445621.4086          9.3638     148735.7899      -3417.4412          0.0000          0.0000     605481.6187        302.2506 1352000000.0000

INFO:        760          7.6000    1195557.3890     749632.6449     445924.7441          9.3657     148881.8730      -3523.4255          0.0000          0.0000     604274.1974        302.4477 1352000000.0000

INFO:        780          7.8000    1193539.1711     748135.3687     445403.8025          9.3467     148301.7604      -3273.3777          0.0000          0.0000     603106.9860        302.1374 1352000000.0000

INFO:        800          8.0000    1191777.7000     747205.9617     444571.7383          9.3554     148450.5893      -3191.5438          0.0000          0.0000     601946.9162        301.5286 1352000000.0000

INFO:        820          8.2000    1190616.3736     746240.4875     444375.8862          9.3613     148694.7522      -3248.6732          0.0000          0.0000     600794.4085        301.4649 1352000000.0000

INFO:        840          8.4000    1189813.0694     745276.6283     444536.4411          9.3712     148768.0207      -3172.9895          0.0000          0.0000     599681.5971        301.5660 1352000000.0000

INFO:        860          8.6000    1188727.4154     744133.0315     444594.3838          9.3621     148750.1627      -3215.9628          0.0000          0.0000     598598.8317        301.5886 1352000000.0000

INFO:        880          8.8000    1187114.6191     742729.8716     444384.7475          9.3456     148343.4779      -3160.2888          0.0000          0.0000     597546.6824        301.4143 1352000000.0000

INFO:        900          9.0000    1186572.4177     741740.3854     444832.0323          9.3514     148307.2356      -3088.1340          0.0000          0.0000     596521.2839        301.7868 1352000000.0000

INFO:        920          9.2000    1186011.9149     740919.2470     445092.6679          9.3507     148427.3194      -3021.8623          0.0000          0.0000     595513.7900        301.8483 1352000000.0000

INFO:        940          9.4000    1184593.0411     739472.6922     445120.3489          9.3319     147721.8003      -2783.2338          0.0000          0.0000     594534.1256        301.8591 1352000000.0000

INFO:        960          9.6000    1183667.0033     738821.2533     444845.7500          9.3408     147997.1476      -2741.3412          0.0000          0.0000     593565.4469        301.5611 1352000000.0000

INFO:        980          9.8000    1182799.0621     738054.1641     444744.8980          9.3462     148179.7441      -2729.0208          0.0000          0.0000     592603.4408        301.7029 1352000000.0000

INFO:       1000         10.0000    1181218.9504     737097.1415     444121.8089          9.3447     148244.6418      -2825.7308          0.0000          0.0000     591678.2305        301.2424 1352000000.0000

INFO:       1020         10.2000    1180655.2981     736179.1186     444476.1795          9.3351     148129.7977      -2727.7240          0.0000          0.0000     590777.0448        301.5225 1352000000.0000

INFO:       1040         10.4000    1179663.1659     735167.3952     444495.7707          9.3342     147990.2123      -2723.8962          0.0000          0.0000     589901.0790        301.4997 1352000000.0000

INFO:       1060         10.6000    1179145.7357     734530.5749     444615.1608          9.3368     148236.7303      -2727.8834          0.0000          0.0000     589021.7280        301.5261 1352000000.0000

INFO:       1080         10.8000    1178002.6876     733524.6725     444478.0151          9.3328     147990.4135      -2628.6330          0.0000          0.0000     588162.8920        301.4311 1352000000.0000

INFO:       1100         11.0000    1177385.7920     732649.7124     444736.0796          9.3284     147916.7764      -2577.2046          0.0000          0.0000     587310.1406        301.6717 1352000000.0000

INFO:       1120         11.2000    1176520.7473     731646.1955     444874.5518          9.3292     147847.6835      -2683.7452          0.0000          0.0000     586482.2572        301.6519 1352000000.0000

INFO:       1140         11.4000    1175876.9827     731297.8011     444579.1816          9.3375     148235.2055      -2601.1392          0.0000          0.0000     585663.7348        301.6167 1352000000.0000

INFO:       1160         11.6000    1174891.4631     730641.9306     444249.5325          9.3426     148232.7433      -2459.7479          0.0000          0.0000     584868.9352        301.2283 1352000000.0000

INFO:       1180         11.8000    1174449.4348     729897.5778     444551.8570          9.3542     148366.5450      -2535.2003          0.0000          0.0000     584066.2330        301.5297 1352000000.0000

INFO:       1200         12.0000    1174025.8006     728832.5522     445193.2484          9.3523     148271.5029      -2713.2042          0.0000          0.0000     583274.2535        301.8011 1352000000.0000

INFO:       1220         12.2000    1173110.2619     728457.5392     444652.7226          9.3576     148570.7165      -2630.6296          0.0000          0.0000     582517.4523        301.4384 1352000000.0000

INFO:       1240         12.4000    1172231.8847     727988.1386     444243.7461          9.3587     148597.4833      -2389.5574          0.0000          0.0000     581780.2127        301.3717 1352000000.0000

INFO:       1260         12.6000    1172264.7529     728019.7075     444245.0454          9.3821     149394.9790      -2421.4046          0.0000          0.0000     581046.1330        301.4515 1352000000.0000

INFO:       1280         12.8000    1171221.7275     726329.8461     444891.8814          9.3550     148444.4633      -2424.9955          0.0000          0.0000     580310.3782        301.6656 1352000000.0000

INFO:       1300         13.0000    1170062.1985     725849.6937     444212.5047          9.3597     148577.7766      -2328.0359          0.0000          0.0000     579599.9531        301.3685 1352000000.0000

INFO:       1320         13.2000    1168983.3279     724939.1738     444044.1541          9.3558     148429.7111      -2366.0922          0.0000          0.0000     578875.5548        301.1136 1352000000.0000

INFO:       1340         13.4000    1168490.5718     724283.6598     444206.9120          9.3594     148508.6681      -2371.8853          0.0000          0.0000     578146.8770        301.3654 1352000000.0000

INFO:       1360         13.6000    1167712.1024     723753.8478     443958.2546          9.3688     148635.7624      -2290.0866          0.0000          0.0000     577408.1720        301.3140 1352000000.0000

INFO:       1380         13.8000    1167442.5016     722222.7974     445219.7042          9.3528     148010.3186      -2453.8788          0.0000          0.0000     576666.3577        302.0240 1352000000.0000

INFO:       1400         14.0000    1166366.7046     721814.4829     444552.2216          9.3524     148369.2301      -2506.0547          0.0000          0.0000     575951.3076        301.4730 1352000000.0000

INFO:       1420         14.2000    1165713.5194     720736.3592     444977.1602          9.3358     147959.1079      -2483.9160          0.0000          0.0000     575261.1673        301.8492 1352000000.0000

INFO:       1440         14.4000    1164691.7406     720510.6650     444181.0755          9.3434     148265.2658      -2369.0360          0.0000          0.0000     574614.4353        301.2630 1352000000.0000

INFO:       1460         14.6000    1164126.8208     720209.2480     443917.5728          9.3554     148382.6901      -2164.6304          0.0000          0.0000     573991.1883        301.1311 1352000000.0000

INFO:       1480         14.8000    1163055.1953     719443.2405     443611.9548          9.3487     148159.2658      -2086.8797          0.0000          0.0000     573370.8544        300.9004 1352000000.0000

INFO:       1500         15.0000    1162528.6418     719212.6573     443315.9845          9.3561     148498.2707      -2051.6535          0.0000          0.0000     572766.0401        300.6932 1352000000.0000

INFO:       1520         15.2000    1161718.6567     718467.5835     443251.0733          9.3470     148309.1299      -2025.4118          0.0000          0.0000     572183.8654        300.7605 1352000000.0000

INFO:       1540         15.4000    1161581.7560     717577.0442     444004.7118          9.3394     148089.2194      -2103.2500          0.0000          0.0000     571591.0748        301.0973 1352000000.0000

INFO:       1560         15.6000    1160747.2254     717246.2392     443500.9862          9.3387     148242.3405      -1996.8985          0.0000          0.0000     571000.7971        300.8412 1352000000.0000

INFO:       1580         15.8000    1160032.8910     716823.5688     443209.3221          9.3507     148418.5977      -1989.3404          0.0000          0.0000     570394.3115        300.5449 1352000000.0000

INFO:       1600         16.0000    1159247.7772     715986.8248     443260.9525          9.3440     148347.0761      -2153.0397          0.0000          0.0000     569792.7884        300.6998 1352000000.0000

INFO:       1620         16.2000    1158369.8398     715899.9951     442469.8447          9.3615     148525.2527      -1851.3354          0.0000          0.0000     569226.0778        300.1665 1352000000.0000

INFO:       1640         16.4000    1158132.5939     715146.1549     442986.4389          9.3552     148200.8161      -1716.7134          0.0000          0.0000     568662.0522        300.5336 1352000000.0000

INFO:       1660         16.6000    1157238.6041     714304.5643     442934.0398          9.3445     148089.9567      -1865.8041          0.0000          0.0000     568080.4117        300.5618 1352000000.0000

INFO:       1680         16.8000    1156945.4664     713617.2736     443328.1928          9.3421     148118.8752      -2001.2066          0.0000          0.0000     567499.6051        300.8618 1352000000.0000

INFO:       1700         17.0000    1155952.6045     713716.6422     442235.9623          9.3579     148681.8388      -1893.4407          0.0000          0.0000     566928.2441        299.8749 1352000000.0000

INFO:       1720         17.2000    1155578.3048     712939.1528     442639.1520          9.3457     148326.5173      -1768.7920          0.0000          0.0000     566381.4276        300.3383 1352000000.0000

INFO:       1740         17.4000    1154998.9246     712230.2496     442768.6751          9.3585     148251.8723      -1863.6219          0.0000          0.0000     565841.9992        300.3750 1352000000.0000

INFO:       1760         17.6000    1154385.0402     711945.6142     442439.4260          9.3584     148488.9879      -1840.1275          0.0000          0.0000     565296.7538        300.2330 1352000000.0000

INFO:       1780         17.8000    1155199.6368     711304.4751     443895.1617          9.3620     148518.4918      -1961.9080          0.0000          0.0000     564747.8912        301.0810 1352000000.0000

INFO:       1800         18.0000    1154324.8886     710483.5701     443841.3186          9.3503     148213.7069      -1943.9862          0.0000          0.0000     564213.8494        301.0538 1352000000.0000

INFO:       1820         18.2000    1153953.6459     709753.7238     444199.9221          9.3504     148027.4766      -1965.4227          0.0000          0.0000     563691.6699        301.2903 1352000000.0000

INFO:       1840         18.4000    1153591.0671     709828.1009     443762.9663          9.3630     148586.2609      -1952.8705          0.0000          0.0000     563194.7105        301.0293 1352000000.0000

INFO:       1860         18.6000    1153499.8719     709334.6282     444165.2437          9.3517     148309.4052      -1713.2367          0.0000          0.0000     562738.4597        301.3229 1352000000.0000

INFO:       1880         18.8000    1153109.7374     709354.8919     443754.8455          9.3606     148694.7044      -1605.3113          0.0000          0.0000     562265.4988        301.1694 1352000000.0000

INFO:       1900         19.0000    1152539.8836     708663.1276     443876.7560          9.3581     148416.8318      -1535.1214          0.0000          0.0000     561781.4172        301.0910 1352000000.0000

INFO:       1920         19.2000    1153091.1854     708161.4115     444929.7738          9.3603     148539.2552      -1655.6342          0.0000          0.0000     561277.7905        301.7384 1352000000.0000

INFO:       1940         19.4000    1152336.8891     707588.4198     444748.4693          9.3602     148500.5678      -1712.0442          0.0000          0.0000     560799.8962        301.7336 1352000000.0000

INFO:       1960         19.6000    1151967.1964     707012.2679     444954.9285          9.3578     148412.9023      -1731.7795          0.0000          0.0000     560331.1451        301.7767 1352000000.0000

INFO:       1980         19.8000    1150401.7426     707151.7680     443249.9746          9.3741     148880.3889      -1597.0037          0.0000          0.0000     559868.3827        300.7998 1352000000.0000

INFO:       2000         20.0000    1150178.3468     706100.5585     444077.7882          9.3571     148231.4823      -1530.1203          0.0000          0.0000     559399.1966        301.3256 1352000000.0000

 
[STEP6] Deallocate Arrays
 
Output_Time> Averaged timer profile (Min, Max)
  total time      =      14.424
    setup         =       3.001
    dynamics      =      11.422
      energy      =       9.508
      integrator  =       1.527
      migration   =       0.063
      pairlist    =       0.122 (       0.060,       0.196)
  energy           
    bond          =       0.069 (       0.034,       0.141)
    angle         =       0.012 (       0.010,       0.019)
    dihedral      =       0.011 (       0.010,       0.018)
    base stacking =       0.000 (       0.000,       0.000)
    nonbond       =       4.517 (       1.378,       8.565)
      CG exv      =       0.012 (       0.007,       0.025)
      CG DNA bp   =       0.000 (       0.000,       0.000)
      CG DNA exv  =       0.000 (       0.000,       0.000)
      CG ele      =       3.654 (       1.103,       6.893)
      CG PWMcos   =       0.000 (       0.000,       0.000)
      CG PWMcosns =       0.000 (       0.000,       0.000)
      CG IDR-HPS  =       0.847 (       0.263,       1.652)
      CG IDR-KH   =       0.000 (       0.000,       0.000)
      CG KH       =       0.000 (       0.000,       0.000)
      Contact     =       0.003 (       0.003,       0.006)
      pme real    =       0.000 (       0.000,       0.000)
      pme recip   =       0.000 (       0.000,       0.000)
    solvation     =       0.000 (       0.000,       0.000)
      polar       =       0.000 (       0.000,       0.000)
      non-polar   =       0.000 (       0.000,       0.000)
    restraint     =       0.000 (       0.000,       0.000)
    qmmm          =       0.000 (       0.000,       0.000)
    morph         =       0.000 (       0.000,       0.000)
  integrator       
    constraint    =       0.000 (       0.000,       0.000)
    update        =       0.000 (       0.000,       0.000)
    comm_coord    =       0.645 (       0.347,       1.003)
    comm_force    =       0.358 (       0.272,       0.445)
  migration       =       0.063 (       0.063,       0.063)
    comm_migrate  =       0.011 (       0.008,       0.015)
    ptl_migrate   =       0.003 (       0.002,       0.004)
    bond_migrate  =       0.001 (       0.000,       0.001)
    angl_migrate  =       0.001 (       0.000,       0.001)
    dihe_migrate  =       0.000 (       0.000,       0.001)
    contact_migr  =       0.000 (       0.000,       0.000)
    stack_migrate =       0.000 (       0.000,       0.000)
    pwmcos_migrate =       0.000 (       0.000,       0.000)
    pwmcosns_migr  =       0.000 (       0.000,       0.000)
    nonb_update    =       0.025 (       0.010,       0.050)

