****************************************************
*                                                  *
*                  GENESIS CGDYN                   *
*                                                  *
*        A Molecular Dynamics Simulator with       *
*           Spatial Decomposition Scheme           *
*                                                  *
*               Developed by RIKEN                 *
*                                                  *
****************************************************
 
[STEP0] Architecture and Compiler Information
 
GENESIS_Information> GENESIS Information
  version      = 2.0.0
  commit ID    = $GENESIS_VERSION$
  precision    = mixed 
  nonbonding   = CPU

Build_Information> Compiler Information
  build host   = jjwsmj@hokusai2
  fortran      = ifort (IFORT) 2021.7.1 20221019
  option       = 
  -axCORE-AVX512 -g -O3  -qmkl=parallel  -assume byterecl -qopenmp  
  C            = 
 icc: remark #10441: The Intel(R) C++ Compiler Classic (ICC) is deprecated and w
 ill be removed from product release in the second half of 2023. The Intel(R) on
 eAPI DPC++/C++ Compiler (ICX) is the recommended compiler moving forward. Pleas
 e transition to use this compiler. Use '-diag-disable=10441' to disable this me
 ssage.
  option       = -O3 -ip -axCORE-AVX2  -qopenmp 
  defined var. = 
  -DHAVE_MPI_GENESIS -DOMP -DIFORT19 -DFFTE -DLAPACK -DDSFMT_MEXP=19937 -DINTEL
  link option  = 
  -assume byterecl -lgfortran -qopenmp  -lmkl_intel_lp64 -lmkl_sequential -lmkl_
 core -lmkl_lapack95_lp64   
  MPI Compiler = Intel(R) MPI

Runtime_Information> Machine and Library Information
  date       = 2023/05/12 14:36:15
  cpu model    = Intel(R) Xeon(R) Gold 6148 CPU @ 2.40GHz
  exec. host   = jjwsmj@bwmpc0419
  LD library   = 
 /bwfefs/opt/x86_64/intel/oneapi/2022.3/mpi/2021.7.1/libfabric/lib:/bwfefs/opt/x
 86_64/intel/oneapi/2022.3/mpi/2021.7.1/lib/release:/bwfefs/opt/x86_64/intel/one
 api/2022.3/mpi/2021.7.1/lib:/bwfefs/opt/x86_64/intel/oneapi/2022.3/tbb/2021.7.1
 /lib/intel64/gcc4.8:/usr/lib64:/bwfefs/opt/x86_64/intel/oneapi/2022.3/vpl/2022.
 2.5/lib:/bwfefs/opt/x86_64/intel/oneapi/2022.3/mkl/latest/lib/intel64:/bwfefs/o
 pt/x86_64/intel/oneapi/2022.3/itac/2021.7.1/slib:/bwfefs/opt/x86_64/intel/oneap
 i/2022.3/ippcp/2021.6.2/lib/intel64:/bwfefs/opt/x86_64/intel/oneapi/2022.3/ipp/
 2021.6.2/lib/intel64:/bwfefs/opt/x86_64/intel/oneapi/2022.3/dnnl/2022.2.1/cpu_d
 pcpp_gpu_dpcpp/lib:/bwfefs/opt/x86_64/intel/oneapi/2022.3/dal/2021.7.1/lib/inte
 l64:/bwfefs/opt/x86_64/intel/oneapi/2022.3/compiler/2022.2.1/linux/compiler/lib
 :/bwfefs/opt/x86_64/intel/oneapi/2022.3/compiler/2022.2.1/linux/lib/oclfpga/hos
 t/linux64/lib:/bwfefs/opt/x86_64/intel/oneapi/2022.3/compiler/2022.2.1/linux/li
 b/oclfpga/linux64/lib:/bwfefs/opt/x86_64/intel/oneapi/2022.3/compiler/2022.2.1/
 linux/lib:/bwfefs/opt/x86_64/intel/oneapi/2022.3/compiler/2022.2.1/linux/lib/x6
 4:/bwfefs/opt/x86_64/intel/oneapi/2022.3/compiler/2022.2.1/linux/lib/emu:/bwfef
 s/opt/x86_64/intel/oneapi/2022.3/compiler/2022.2.1/linux/compiler/lib/intel64_l
 in:/bwfefs/opt/x86_64/intel/oneapi/2022.3/debugger/2021.7.1/dep/lib:/bwfefs/opt
 /x86_64/intel/oneapi/2022.3/debugger/2021.7.1/libipt/intel64/lib:/bwfefs/opt/x8
 6_64/intel/oneapi/2022.3/debugger/2021.7.1/gdb/intel64/lib:/bwfefs/opt/x86_64/
 MPI Runtime = Intel(R) MPI Library 2021.7 for Linux* OS


[STEP1] Read Control Parameters
 
Read_Ctrl_Input> Input Files
  grotopfile = pro.top
  grocrdfile = crd/pos_5000.gro
 
Read_Ctrl_Output> Output Files
 
Read_Ctrl_Energy> Parameters of Energy Calculations
  forcefield      =    RESIDCG
  output_style    =    GENESIS
 
Read_Ctrl_Dynamics> Parameters of MD simulation
  integrator      =       VVER  nsteps          =       2000
  timestep        =     0.0100  initial_time    =     0.0000
  eneout_period   =         20  rstout_period   =          0
  crdout_period   =          0  velout_period   =          0
  nbupdate_period =         20  stoptr_period   =         10
  lbupdate_period =          0
  iseed           =         -1
  annealing       =         no
  verbose         =         no
  target_md       =         no
  steered_md      =         no
 
Read_Ctrl_Ensemble> Parameters for Ensemble
  ensemble        =        NVT
  temperature     =    300.000
  tpcontrol       =   LANGEVIN
  gamma_t         =      1.000
 
Read_Ctrl_Boundary> Parameters of Boundary Condition
  type            =       PBC 
  box_size(x,y,z) =   3200.000   650.000   650.000
  min_domain_cell =          2
  domain (x,y,z)  =          8         2         2
 
Read_Ctrl_Selection> Parameters of Selection
  # of groups     =          0
  # of mole names =          0
 
Read_Ctrl_Restraints> No restraint in the system

Read_Ctrl_Fitting_MD> Parameters of Fitting
  fitting method  =  TR+ROT   
  fitting atom    = group1
  mass_weight     =         no
 
[STEP2] Setup MPI
 
Setup_Mpi_Md> Summary of Setup MPI
  number of MPI processes   =         32
  number of OpenMP threads  =          5
  total number of CPU cores =        160

[STEP3] Set Relevant Variables and Structures
 
Read_Grotop> Summary of Grotopfile
  num_moltypes    =          1
    pos100_cg             :
      num_atoms   =        100
      num_bonds   =         99
      num_angls   =          0
      num_dihes   =          0
      num_cmaps   =          0
      num_excls   =          0
      num_constrs =          0
      num_pairs   =          0
      num_vsites2 =          0
      num_vsites3 =          0
      num_vsites4 =          0
      num_vsitesn =          0
      num_posress =          0
      num_PWMcos  =          0
      num_PWMcosns=          0
      num_IDR_HPS =          1
      num_IDR_KH  =          0
    .. not used molecule types were hidden.

  num_molecules   =       5000
    pos100_cg             :  5000

  num_atomtypes   =         33  num_bondtypes   =          0
  num_angltypes   =          0  num_dihetypes   =          0
  num_flangltypes           20
  num_fldihetypes          400
  num_constrtypes =          0  num_cmaptypes   =          0
  num_nbonparms   =          0
  num_basestacktypes  =     16
  num_basepairtypes   =      4
  num_basecrosstypes  =     32
  num_cgdnaexvtypes   =      6
  num_cgelemolpairs   =      1
  num_cg_IDR_HPS_atomtypes  =     20
  num_cg_KH_atomtypes  =    20

  num_cg_pair_MJ_eps   =   400

Define_Molecule> Summary of molecules
  num_atoms       =     500000  num_bonds       =     495000
  num_angles      =          0  num_dihedrals   =          0
  num_impropers   =          0  num_cmap_terms  =          0
  num_residues    =     500000  num_molecules   =       5000
  num_segments    =          1  num_deg_freedom =    1500000
  total_charge    = 500000.000
 
Setup_Boundary_Cell> Set Variables for Boundary Condition
  domains (x,y,z) =          8         2         2
  ncells (x,y,z)  =        112        22        22
 
Define_Enefunc_Gromacs> Number of Interactions in Each Term
  bond_ene        =     495000  angle_ene       =          0
  torsion_ene     =          0
 restraint_groups =          0 restraint_funcs  =          0
 
Setup_Dynamics> Subtract 3 translational degrees of freedom
 
Update_Num_Deg_Freedom> Number of degrees of freedom was updated
  num_deg_freedom =    1499997 (After removing translation)
 
Random_Init> Initialize the random number
  seed            = 28174

Setup_Fitting_cgdyn> NO fitting is applied, skip
  fitting method  =  NO
 
[STEP4] Compute Single Point Energy for Molecules
 
            STEP          ENERGY            BOND  NATIVE_CONTACT NON-NATIVE_CONT           ELECT         IDR_HPS          CG_EXV
 --------------- --------------- --------------- --------------- ---------------
               0     853903.1828     170691.3693          0.0000          0.0000     681472.2486       1739.5649          0.0000

[STEP5] Perform Molecular Dynamics Simulation
 
Initial_Velocity> Generate initial velocities
  iseed           =      28174
  temperature     =    300.000
 
Random_Init_Velocity> Initialize the random number
  seed            = 28174

INFO:       STEP            TIME       TOTAL_ENE   POTENTIAL_ENE     KINETIC_ENE            RMSG            BOND         IDR_HPS  NATIVE_CONTACT          CG_EXV           ELECT     TEMPERATURE          VOLUME
 --------------- --------------- --------------- --------------- ---------------
INFO:          0          0.0000    1300926.2580     853903.1828     447023.0752         10.1780     170691.3693       1739.5649          0.0000          0.0000     681472.2486          0.0000 1352000000.0000

INFO:         20          0.2000    1295481.3437     842253.9472     453227.3964          9.8511     160758.8102        781.8875          0.0000          0.0000     680713.2495        307.4970 1352000000.0000

INFO:         40          0.4000    1290173.7284     835794.0787     454379.6497          9.7227     157838.3790       -910.2397          0.0000          0.0000     678865.9394        308.3390 1352000000.0000

INFO:         60          0.6000    1284783.8897     829443.1075     455340.7822          9.6278     155541.2527      -2442.7367          0.0000          0.0000     676344.5915        309.0469 1352000000.0000

INFO:         80          0.8000    1279609.4164     823773.4279     455835.9886          9.5749     153970.5977      -3613.1944          0.0000          0.0000     673416.0245        309.1580 1352000000.0000

INFO:        100          1.0000    1273887.7670     818713.7244     455174.0426          9.5286     152789.4157      -4407.8708          0.0000          0.0000     670332.1795        308.6723 1352000000.0000

INFO:        120          1.2000    1268997.8498     814196.6991     454801.1507          9.5003     151996.0274      -5016.4095          0.0000          0.0000     667217.0811        308.3666 1352000000.0000

INFO:        140          1.4000    1263881.2816     810130.2073     453751.0744          9.4718     151135.1738      -5124.4149          0.0000          0.0000     664119.4484        307.7334 1352000000.0000

INFO:        160          1.6000    1259957.4833     806403.6246     453553.8587          9.4531     150477.3401      -5145.6496          0.0000          0.0000     661071.9340        307.5731 1352000000.0000

INFO:        180          1.8000    1255593.9953     802849.3909     452744.6044          9.4326     149976.3215      -5214.5519          0.0000          0.0000     658087.6213        307.0064 1352000000.0000

INFO:        200          2.0000    1251145.4083     800015.1127     451130.2957          9.4120     149874.9591      -5063.4534          0.0000          0.0000     655203.6070        305.9200 1352000000.0000

INFO:        220          2.2000    1247174.5027     796649.8723     450524.6304          9.3992     149196.8781      -4972.4680          0.0000          0.0000     652425.4622        305.5464 1352000000.0000

INFO:        240          2.4000    1244113.5407     793712.4864     450401.0542          9.3860     148928.4273      -4968.0221          0.0000          0.0000     649752.0812        305.3329 1352000000.0000

INFO:        260          2.6000    1240490.0073     790732.0245     449757.9828          9.3776     148646.6708      -5100.2695          0.0000          0.0000     647185.6231        304.9109 1352000000.0000

INFO:        280          2.8000    1237393.8588     788438.2550     448955.6037          9.3695     148731.5582      -5044.5100          0.0000          0.0000     644751.2068        304.4726 1352000000.0000

INFO:        300          3.0000    1233978.9396     785855.2335     448123.7061          9.3583     148290.0698      -4837.2143          0.0000          0.0000     642402.3781        304.0540 1352000000.0000

INFO:        320          3.2000    1231545.1464     783604.0215     447941.1250          9.3624     148421.1989      -4934.5603          0.0000          0.0000     640117.3829        303.6873 1352000000.0000

INFO:        340          3.4000    1229088.4795     781286.6044     447801.8751          9.3569     148464.1996      -5069.4811          0.0000          0.0000     637891.8859        303.7624 1352000000.0000

INFO:        360          3.6000    1226917.8272     778808.3410     448109.4862          9.3503     148101.8568      -5016.2193          0.0000          0.0000     635722.7036        303.9110 1352000000.0000

INFO:        380          3.8000    1224784.4248     776760.3267     448024.0981          9.3393     147988.6414      -4866.2750          0.0000          0.0000     633637.9603        303.8587 1352000000.0000

INFO:        400          4.0000    1222803.9441     774836.8717     447967.0724          9.3365     147875.4604      -4685.4970          0.0000          0.0000     631646.9082        303.7377 1352000000.0000

INFO:        420          4.2000    1221305.8239     773078.1678     448227.6562          9.3355     147739.8404      -4392.9987          0.0000          0.0000     629731.3261        303.8383 1352000000.0000

INFO:        440          4.4000    1218505.6721     771265.8337     447239.8384          9.3266     147560.7134      -4153.6344          0.0000          0.0000     627858.7546        303.3303 1352000000.0000

INFO:        460          4.6000    1216940.8367     770271.9313     446668.9053          9.3513     148475.7714      -4240.9767          0.0000          0.0000     626037.1366        302.9396 1352000000.0000

INFO:        480          4.8000    1215085.7162     768143.7932     446941.9231          9.3395     148214.9306      -4300.2941          0.0000          0.0000     624229.1567        303.0716 1352000000.0000

INFO:        500          5.0000    1213712.9130     766883.8905     446829.0225          9.3564     148586.2100      -4153.4030          0.0000          0.0000     622451.0835        302.9722 1352000000.0000

INFO:        520          5.2000    1211679.8239     765227.2999     446452.5240          9.3596     148528.2660      -4061.1978          0.0000          0.0000     620760.2318        302.8717 1352000000.0000

INFO:        540          5.4000    1210376.9673     763388.7195     446988.2478          9.3559     148320.8335      -4055.6209          0.0000          0.0000     619123.5069        303.0967 1352000000.0000

INFO:        560          5.6000    1209048.9794     762555.4100     446493.5693          9.3723     148978.3275      -3975.4102          0.0000          0.0000     617552.4927        302.9403 1352000000.0000

INFO:        580          5.8000    1206974.6776     760593.8841     446380.7935          9.3531     148377.3708      -3797.9956          0.0000          0.0000     616014.5089        302.7412 1352000000.0000

INFO:        600          6.0000    1204934.5595     759109.8584     445824.7011          9.3400     148108.2440      -3519.4463          0.0000          0.0000     614521.0607        302.4789 1352000000.0000

INFO:        620          6.2000    1203398.8976     757806.8080     445592.0896          9.3476     148269.1292      -3533.0672          0.0000          0.0000     613070.7460        302.3745 1352000000.0000

INFO:        640          6.4000    1201985.0996     756714.2744     445270.8252          9.3450     148406.6978      -3374.9808          0.0000          0.0000     611682.5574        302.0116 1352000000.0000

INFO:        660          6.6000    1200669.5026     755199.5447     445469.9579          9.3492     148001.4227      -3121.0988          0.0000          0.0000     610319.2208        302.1598 1352000000.0000

INFO:        680          6.8000    1199055.5213     754123.4521     444932.0692          9.3579     148393.4662      -3228.4101          0.0000          0.0000     608958.3960        301.7532 1352000000.0000

INFO:        700          7.0000    1198073.9088     752425.4965     445648.4122          9.3504     148188.4567      -3404.8083          0.0000          0.0000     607641.8481        302.2928 1352000000.0000

INFO:        720          7.2000    1196638.7517     751080.1237     445558.6280          9.3526     148166.9067      -3474.8086          0.0000          0.0000     606388.0255        302.2059 1352000000.0000

INFO:        740          7.4000    1195438.4075     750251.3559     445187.0516          9.3533     148414.1298      -3321.1726          0.0000          0.0000     605158.3987        301.8868 1352000000.0000

INFO:        760          7.6000    1194028.3109     749092.7823     444935.5286          9.3564     148335.9607      -3181.9483          0.0000          0.0000     603938.7700        301.8216 1352000000.0000

INFO:        780          7.8000    1192862.8782     747650.7077     445212.1705          9.3521     148266.8532      -3355.6159          0.0000          0.0000     602739.4704        301.9021 1352000000.0000

INFO:        800          8.0000    1191984.6318     746438.4791     445546.1527          9.3433     148198.4861      -3317.9258          0.0000          0.0000     601557.9188        302.3178 1352000000.0000

INFO:        820          8.2000    1190375.5607     745052.6181     445322.9425          9.3392     147920.1741      -3299.4328          0.0000          0.0000     600431.8767        301.9663 1352000000.0000

INFO:        840          8.4000    1189804.2554     744656.9360     445147.3194          9.3519     148521.1326      -3192.2031          0.0000          0.0000     599328.0066        301.8614 1352000000.0000

INFO:        860          8.6000    1188502.0458     743361.5785     445140.4673          9.3434     148039.9515      -2946.6914          0.0000          0.0000     598268.3184        301.9720 1352000000.0000

INFO:        880          8.8000    1187290.4944     742708.1982     444582.2962          9.3567     148349.4710      -2862.5606          0.0000          0.0000     597221.2878        301.5057 1352000000.0000

INFO:        900          9.0000    1186333.8322     741937.0562     444396.7759          9.3633     148524.2757      -2767.1379          0.0000          0.0000     596179.9184        301.7045 1352000000.0000

INFO:        920          9.2000    1185773.7739     741312.7960     444460.9780          9.3703     148884.0431      -2736.1738          0.0000          0.0000     595164.9267        301.4100 1352000000.0000

INFO:        940          9.4000    1185083.3589     740380.3866     444702.9722          9.3628     148813.5738      -2598.4876          0.0000          0.0000     594165.3004        301.6233 1352000000.0000

INFO:        960          9.6000    1184549.1675     739059.1153     445490.0522          9.3604     148656.0215      -2762.3238          0.0000          0.0000     593165.4176        302.0858 1352000000.0000

INFO:        980          9.8000    1183329.6444     737984.5411     445345.1033          9.3543     148499.6416      -2697.5557          0.0000          0.0000     592182.4552        302.0798 1352000000.0000

INFO:       1000         10.0000    1182327.1937     737207.6566     445119.5371          9.3642     148646.6246      -2678.8316          0.0000          0.0000     591239.8636        301.8875 1352000000.0000

INFO:       1020         10.2000    1180737.0817     735928.4544     444808.6274          9.3510     148266.6146      -2657.7080          0.0000          0.0000     590319.5478        301.6977 1352000000.0000

INFO:       1040         10.4000    1179599.3821     734944.4451     444654.9370          9.3627     148449.7415      -2912.2963          0.0000          0.0000     589407.0000        301.6413 1352000000.0000

INFO:       1060         10.6000    1179043.9719     733825.6990     445218.2729          9.3530     148230.7917      -2906.9481          0.0000          0.0000     588501.8553        301.9150 1352000000.0000

INFO:       1080         10.8000    1178135.3488     733656.1383     444479.2105          9.3533     148603.6841      -2628.8049          0.0000          0.0000     587681.2591        301.4769 1352000000.0000

INFO:       1100         11.0000    1177300.0163     732746.3629     444553.6534          9.3533     148527.0963      -2626.1320          0.0000          0.0000     586845.3985        301.4568 1352000000.0000

INFO:       1120         11.2000    1176322.6812     731578.4624     444744.2187          9.3426     148244.3183      -2671.2499          0.0000          0.0000     586005.3940        301.9047 1352000000.0000

INFO:       1140         11.4000    1175587.2495     730856.0446     444731.2049          9.3419     148212.9863      -2543.4064          0.0000          0.0000     585186.4648        301.7627 1352000000.0000

INFO:       1160         11.6000    1175240.3588     730176.1169     445064.2419          9.3482     148383.8860      -2567.7842          0.0000          0.0000     584360.0151        301.8135 1352000000.0000

INFO:       1180         11.8000    1174575.1255     729279.6810     445295.4445          9.3525     148427.1045      -2691.5407          0.0000          0.0000     583544.1172        302.1784 1352000000.0000

INFO:       1200         12.0000    1173498.0752     728214.7400     445283.3352          9.3531     148175.0746      -2726.9999          0.0000          0.0000     582766.6653        302.0238 1352000000.0000

INFO:       1220         12.2000    1173106.4898     728098.8237     445007.6661          9.3633     148753.9672      -2653.7209          0.0000          0.0000     581998.5774        301.8896 1352000000.0000

INFO:       1240         12.4000    1171215.9155     726945.2518     444270.6637          9.3534     148360.7824      -2682.5068          0.0000          0.0000     581266.9762        301.2484 1352000000.0000

INFO:       1260         12.6000    1171202.1510     726868.7711     444333.3799          9.3619     148898.9984      -2569.1216          0.0000          0.0000     580538.8943        301.1847 1352000000.0000

INFO:       1280         12.8000    1170244.7138     725754.7187     444489.9951          9.3539     148396.3989      -2474.8225          0.0000          0.0000     579833.1423        301.4157 1352000000.0000

INFO:       1300         13.0000    1169090.9928     724982.1975     444108.7953          9.3641     148438.7249      -2586.7889          0.0000          0.0000     579130.2614        301.3973 1352000000.0000

INFO:       1320         13.2000    1168328.7842     724105.1566     444223.6277          9.3594     148431.8920      -2769.7524          0.0000          0.0000     578443.0170        301.2363 1352000000.0000

INFO:       1340         13.4000    1167076.0256     723637.5503     443438.4753          9.3656     148614.2200      -2746.7074          0.0000          0.0000     577770.0378        300.7396 1352000000.0000

INFO:       1360         13.6000    1166514.9826     722955.8454     443559.1373          9.3617     148369.5352      -2556.2644          0.0000          0.0000     577142.5746        300.7953 1352000000.0000

INFO:       1380         13.8000    1165180.1170     722307.5107     442872.6063          9.3467     148214.1235      -2416.1183          0.0000          0.0000     576509.5056        300.4950 1352000000.0000

INFO:       1400         14.0000    1165202.1301     721685.3161     443516.8141          9.3491     148137.0038      -2357.2080          0.0000          0.0000     575905.5202        300.8099 1352000000.0000

INFO:       1420         14.2000    1164403.7197     721029.6832     443374.0365          9.3420     147872.7556      -2137.5118          0.0000          0.0000     575294.4395        300.6257 1352000000.0000

INFO:       1440         14.4000    1164596.1873     720335.8017     444260.3856          9.3311     147602.5252      -1969.4957          0.0000          0.0000     574702.7722        301.4287 1352000000.0000

INFO:       1460         14.6000    1163933.3009     720052.5549     443880.7461          9.3455     148118.3170      -2141.7122          0.0000          0.0000     574075.9501        301.0722 1352000000.0000

INFO:       1480         14.8000    1163306.9600     719437.5674     443869.3926          9.3493     148254.9409      -2258.6301          0.0000          0.0000     573441.2566        301.0312 1352000000.0000

INFO:       1500         15.0000    1162373.4998     718745.3450     443628.1548          9.3463     148238.2242      -2290.1158          0.0000          0.0000     572797.2365        300.8890 1352000000.0000

INFO:       1520         15.2000    1161501.6670     718196.0775     443305.5895          9.3429     148199.3855      -2165.4635          0.0000          0.0000     572162.1555        300.8325 1352000000.0000

INFO:       1540         15.4000    1161259.6670     717231.3589     444028.3082          9.3375     147790.1854      -2083.5545          0.0000          0.0000     571524.7280        301.1134 1352000000.0000

INFO:       1560         15.6000    1160753.4622     717536.7427     443216.7195          9.3549     148836.8465      -2174.2924          0.0000          0.0000     570874.1886        300.7584 1352000000.0000

INFO:       1580         15.8000    1160170.1196     716747.0011     443423.1185          9.3633     148786.7449      -2273.2889          0.0000          0.0000     570233.5451        300.9043 1352000000.0000

INFO:       1600         16.0000    1159865.8648     716268.4178     443597.4471          9.3647     148892.0689      -2229.0836          0.0000          0.0000     569605.4325        300.9233 1352000000.0000

INFO:       1620         16.2000    1158981.0955     715450.7717     443530.3238          9.3509     148531.5755      -2084.8175          0.0000          0.0000     569004.0137        300.7646 1352000000.0000

INFO:       1640         16.4000    1158316.6026     715145.8649     443170.7377          9.3560     148655.0899      -1931.7787          0.0000          0.0000     568422.5537        300.5656 1352000000.0000

INFO:       1660         16.6000    1157924.7845     714152.5482     443772.2363          9.3419     148093.9635      -1790.9042          0.0000          0.0000     567849.4889        301.0067 1352000000.0000

INFO:       1680         16.8000    1157596.7152     714205.5516     443391.1636          9.3598     148686.0348      -1753.8735          0.0000          0.0000     567273.3903        300.6995 1352000000.0000

INFO:       1700         17.0000    1156968.1535     713201.5926     443766.5609          9.3527     148381.3423      -1863.9239          0.0000          0.0000     566684.1742        301.0470 1352000000.0000

INFO:       1720         17.2000    1155907.1530     712347.8229     443559.3301          9.3455     148187.5846      -1944.2894          0.0000          0.0000     566104.5277        300.7150 1352000000.0000

INFO:       1740         17.4000    1154963.2052     712466.6718     442496.5333          9.3629     148771.5662      -1829.6654          0.0000          0.0000     565524.7711        300.1065 1352000000.0000

INFO:       1760         17.6000    1154399.7668     711465.9522     442933.8145          9.3479     148111.8141      -1625.9056          0.0000          0.0000     564980.0437        300.5150 1352000000.0000

INFO:       1780         17.8000    1153761.6180     710874.6181     442886.9999          9.3494     148157.4420      -1714.7213          0.0000          0.0000     564431.8974        300.4941 1352000000.0000

INFO:       1800         18.0000    1153661.1764     709991.6100     443669.5664          9.3364     147876.1502      -1788.0267          0.0000          0.0000     563903.4864        301.0342 1352000000.0000

INFO:       1820         18.2000    1153662.1697     709815.1310     443847.0387          9.3462     148119.0956      -1670.8695          0.0000          0.0000     563366.9049        301.1361 1352000000.0000

INFO:       1840         18.4000    1152922.4577     709599.4614     443322.9963          9.3512     148386.5632      -1629.9358          0.0000          0.0000     562842.8340        300.6660 1352000000.0000

INFO:       1860         18.6000    1151775.4850     708441.7676     443333.7174          9.3414     147762.6224      -1650.0552          0.0000          0.0000     562329.2003        300.5323 1352000000.0000

INFO:       1880         18.8000    1150745.5974     708535.4182     442210.1792          9.3603     148474.4002      -1762.5564          0.0000          0.0000     561823.5744        300.1129 1352000000.0000

INFO:       1900         19.0000    1151141.4432     708181.4204     442960.0228          9.3617     148544.0253      -1702.3303          0.0000          0.0000     561339.7254        300.4378 1352000000.0000

INFO:       1920         19.2000    1150500.1355     707274.3475     443225.7880          9.3403     147957.3931      -1536.5094          0.0000          0.0000     560853.4638        300.7291 1352000000.0000

INFO:       1940         19.4000    1149674.9981     706762.1115     442912.8866          9.3423     147912.1884      -1515.1254          0.0000          0.0000     560365.0485        300.2806 1352000000.0000

INFO:       1960         19.6000    1149423.3477     706129.7281     443293.6196          9.3454     147953.7862      -1666.1753          0.0000          0.0000     559842.1172        300.7039 1352000000.0000

INFO:       1980         19.8000    1149124.7269     705903.6503     443221.0766          9.3573     148230.7766      -1667.3849          0.0000          0.0000     559340.2585        300.5968 1352000000.0000

INFO:       2000         20.0000    1148505.9444     705109.6074     443396.3369          9.3431     147906.7633      -1677.3766          0.0000          0.0000     558880.2208        300.6416 1352000000.0000

 
[STEP6] Deallocate Arrays
 
Output_Time> Averaged timer profile (Min, Max)
  total time      =      64.424
    setup         =       3.246
    dynamics      =      61.178
      energy      =      54.261
      integrator  =       5.823
      migration   =       0.206
      pairlist    =       0.846 (       0.610,       1.158)
  energy           
    bond          =       0.575 (       0.436,       0.802)
    angle         =       0.011 (       0.011,       0.018)
    dihedral      =       0.010 (       0.010,       0.011)
    base stacking =       0.000 (       0.000,       0.000)
    nonbond       =      36.048 (      25.732,      52.586)
      CG exv      =       0.060 (       0.046,       0.082)
      CG DNA bp   =       0.000 (       0.000,       0.000)
      CG DNA exv  =       0.000 (       0.000,       0.000)
      CG ele      =      29.231 (      20.877,      42.892)
      CG PWMcos   =       0.000 (       0.000,       0.000)
      CG PWMcosns =       0.000 (       0.000,       0.000)
      CG IDR-HPS  =       6.753 (       4.745,       9.614)
      CG IDR-KH   =       0.000 (       0.000,       0.000)
      CG KH       =       0.000 (       0.000,       0.000)
      Contact     =       0.003 (       0.003,       0.004)
      pme real    =       0.000 (       0.000,       0.000)
      pme recip   =       0.000 (       0.000,       0.000)
    solvation     =       0.000 (       0.000,       0.000)
      polar       =       0.000 (       0.000,       0.000)
      non-polar   =       0.000 (       0.000,       0.000)
    restraint     =       0.000 (       0.000,       0.000)
    qmmm          =       0.000 (       0.000,       0.000)
    morph         =       0.000 (       0.000,       0.000)
  integrator       
    constraint    =       0.000 (       0.000,       0.000)
    update        =       0.000 (       0.000,       0.000)
    comm_coord    =       1.690 (       0.371,       2.628)
    comm_force    =       0.410 (       0.381,       0.451)
  migration       =       0.206 (       0.206,       0.206)
    comm_migrate  =       0.014 (       0.006,       0.019)
    ptl_migrate   =       0.015 (       0.012,       0.020)
    bond_migrate  =       0.003 (       0.002,       0.003)
    angl_migrate  =       0.001 (       0.001,       0.001)
    dihe_migrate  =       0.001 (       0.000,       0.001)
    contact_migr  =       0.000 (       0.000,       0.000)
    stack_migrate =       0.000 (       0.000,       0.000)
    pwmcos_migrate =       0.000 (       0.000,       0.000)
    pwmcosns_migr  =       0.000 (       0.000,       0.000)
    nonb_update    =       0.233 (       0.187,       0.321)

