****************************************************
*                                                  *
*                  GENESIS CGDYN                   *
*                                                  *
*        A Molecular Dynamics Simulator with       *
*           Spatial Decomposition Scheme           *
*                                                  *
*               Developed by RIKEN                 *
*                                                  *
****************************************************
 
[STEP0] Architecture and Compiler Information
 
GENESIS_Information> GENESIS Information
  version      = 2.0.0
  commit ID    = $GENESIS_VERSION$
  precision    = mixed 
  nonbonding   = CPU

Build_Information> Compiler Information
  build host   = jjwsmj@hokusai2
  fortran      = ifort (IFORT) 2021.7.1 20221019
  option       = 
  -axCORE-AVX512 -g -O3  -qmkl=parallel  -assume byterecl -qopenmp  
  C            = 
 icc: remark #10441: The Intel(R) C++ Compiler Classic (ICC) is deprecated and w
 ill be removed from product release in the second half of 2023. The Intel(R) on
 eAPI DPC++/C++ Compiler (ICX) is the recommended compiler moving forward. Pleas
 e transition to use this compiler. Use '-diag-disable=10441' to disable this me
 ssage.
  option       = -O3 -ip -axCORE-AVX2  -qopenmp 
  defined var. = 
  -DHAVE_MPI_GENESIS -DOMP -DIFORT19 -DFFTE -DLAPACK -DDSFMT_MEXP=19937 -DINTEL
  link option  = 
  -assume byterecl -lgfortran -qopenmp  -lmkl_intel_lp64 -lmkl_sequential -lmkl_
 core -lmkl_lapack95_lp64   
  MPI Compiler = Intel(R) MPI

Runtime_Information> Machine and Library Information
  date       = 2023/05/12 14:36:16
  cpu model    = Intel(R) Xeon(R) Gold 6148 CPU @ 2.40GHz
  exec. host   = jjwsmj@bwmpc0427
  LD library   = 
 /bwfefs/opt/x86_64/intel/oneapi/2022.3/mpi/2021.7.1/libfabric/lib:/bwfefs/opt/x
 86_64/intel/oneapi/2022.3/mpi/2021.7.1/lib/release:/bwfefs/opt/x86_64/intel/one
 api/2022.3/mpi/2021.7.1/lib:/bwfefs/opt/x86_64/intel/oneapi/2022.3/tbb/2021.7.1
 /lib/intel64/gcc4.8:/usr/lib64:/bwfefs/opt/x86_64/intel/oneapi/2022.3/vpl/2022.
 2.5/lib:/bwfefs/opt/x86_64/intel/oneapi/2022.3/mkl/latest/lib/intel64:/bwfefs/o
 pt/x86_64/intel/oneapi/2022.3/itac/2021.7.1/slib:/bwfefs/opt/x86_64/intel/oneap
 i/2022.3/ippcp/2021.6.2/lib/intel64:/bwfefs/opt/x86_64/intel/oneapi/2022.3/ipp/
 2021.6.2/lib/intel64:/bwfefs/opt/x86_64/intel/oneapi/2022.3/dnnl/2022.2.1/cpu_d
 pcpp_gpu_dpcpp/lib:/bwfefs/opt/x86_64/intel/oneapi/2022.3/dal/2021.7.1/lib/inte
 l64:/bwfefs/opt/x86_64/intel/oneapi/2022.3/compiler/2022.2.1/linux/compiler/lib
 :/bwfefs/opt/x86_64/intel/oneapi/2022.3/compiler/2022.2.1/linux/lib/oclfpga/hos
 t/linux64/lib:/bwfefs/opt/x86_64/intel/oneapi/2022.3/compiler/2022.2.1/linux/li
 b/oclfpga/linux64/lib:/bwfefs/opt/x86_64/intel/oneapi/2022.3/compiler/2022.2.1/
 linux/lib:/bwfefs/opt/x86_64/intel/oneapi/2022.3/compiler/2022.2.1/linux/lib/x6
 4:/bwfefs/opt/x86_64/intel/oneapi/2022.3/compiler/2022.2.1/linux/lib/emu:/bwfef
 s/opt/x86_64/intel/oneapi/2022.3/compiler/2022.2.1/linux/compiler/lib/intel64_l
 in:/bwfefs/opt/x86_64/intel/oneapi/2022.3/debugger/2021.7.1/dep/lib:/bwfefs/opt
 /x86_64/intel/oneapi/2022.3/debugger/2021.7.1/libipt/intel64/lib:/bwfefs/opt/x8
 6_64/intel/oneapi/2022.3/debugger/2021.7.1/gdb/intel64/lib:/bwfefs/opt/x86_64/
 MPI Runtime = Intel(R) MPI Library 2021.7 for Linux* OS


[STEP1] Read Control Parameters
 
Read_Ctrl_Input> Input Files
  grotopfile = pro.top
  grocrdfile = crd/pos_5000.gro
 
Read_Ctrl_Output> Output Files
 
Read_Ctrl_Energy> Parameters of Energy Calculations
  forcefield      =    RESIDCG
  output_style    =    GENESIS
 
Read_Ctrl_Dynamics> Parameters of MD simulation
  integrator      =       VVER  nsteps          =       2000
  timestep        =     0.0100  initial_time    =     0.0000
  eneout_period   =         20  rstout_period   =          0
  crdout_period   =          0  velout_period   =          0
  nbupdate_period =         20  stoptr_period   =         10
  lbupdate_period =          0
  iseed           =         -1
  annealing       =         no
  verbose         =         no
  target_md       =         no
  steered_md      =         no
 
Read_Ctrl_Ensemble> Parameters for Ensemble
  ensemble        =        NVT
  temperature     =    300.000
  tpcontrol       =   LANGEVIN
  gamma_t         =      1.000
 
Read_Ctrl_Boundary> Parameters of Boundary Condition
  type            =       PBC 
  box_size(x,y,z) =   3200.000   650.000   650.000
  min_domain_cell =          2
  domain (x,y,z)  =          8         2         2
 
Read_Ctrl_Selection> Parameters of Selection
  # of groups     =          0
  # of mole names =          0
 
Read_Ctrl_Restraints> No restraint in the system

Read_Ctrl_Fitting_MD> Parameters of Fitting
  fitting method  =  TR+ROT   
  fitting atom    = group1
  mass_weight     =         no
 
[STEP2] Setup MPI
 
Setup_Mpi_Md> Summary of Setup MPI
  number of MPI processes   =         32
  number of OpenMP threads  =          5
  total number of CPU cores =        160

[STEP3] Set Relevant Variables and Structures
 
Read_Grotop> Summary of Grotopfile
  num_moltypes    =          1
    pos100_cg             :
      num_atoms   =        100
      num_bonds   =         99
      num_angls   =          0
      num_dihes   =          0
      num_cmaps   =          0
      num_excls   =          0
      num_constrs =          0
      num_pairs   =          0
      num_vsites2 =          0
      num_vsites3 =          0
      num_vsites4 =          0
      num_vsitesn =          0
      num_posress =          0
      num_PWMcos  =          0
      num_PWMcosns=          0
      num_IDR_HPS =          1
      num_IDR_KH  =          0
    .. not used molecule types were hidden.

  num_molecules   =       5000
    pos100_cg             :  5000

  num_atomtypes   =         33  num_bondtypes   =          0
  num_angltypes   =          0  num_dihetypes   =          0
  num_flangltypes           20
  num_fldihetypes          400
  num_constrtypes =          0  num_cmaptypes   =          0
  num_nbonparms   =          0
  num_basestacktypes  =     16
  num_basepairtypes   =      4
  num_basecrosstypes  =     32
  num_cgdnaexvtypes   =      6
  num_cgelemolpairs   =      1
  num_cg_IDR_HPS_atomtypes  =     20
  num_cg_KH_atomtypes  =    20

  num_cg_pair_MJ_eps   =   400

Define_Molecule> Summary of molecules
  num_atoms       =     500000  num_bonds       =     495000
  num_angles      =          0  num_dihedrals   =          0
  num_impropers   =          0  num_cmap_terms  =          0
  num_residues    =     500000  num_molecules   =       5000
  num_segments    =          1  num_deg_freedom =    1500000
  total_charge    = 500000.000
 
Setup_Boundary_Cell> Set Variables for Boundary Condition
  domains (x,y,z) =          8         2         2
  ncells (x,y,z)  =        112        22        22
 
Define_Enefunc_Gromacs> Number of Interactions in Each Term
  bond_ene        =     495000  angle_ene       =          0
  torsion_ene     =          0
 restraint_groups =          0 restraint_funcs  =          0
 
Setup_Dynamics> Subtract 3 translational degrees of freedom
 
Update_Num_Deg_Freedom> Number of degrees of freedom was updated
  num_deg_freedom =    1499997 (After removing translation)
 
Random_Init> Initialize the random number
  seed            = 306274

Setup_Fitting_cgdyn> NO fitting is applied, skip
  fitting method  =  NO
 
[STEP4] Compute Single Point Energy for Molecules
 
            STEP          ENERGY            BOND  NATIVE_CONTACT NON-NATIVE_CONT           ELECT         IDR_HPS          CG_EXV
 --------------- --------------- --------------- --------------- ---------------
               0     853903.1828     170691.3693          0.0000          0.0000     681472.2486       1739.5649          0.0000

[STEP5] Perform Molecular Dynamics Simulation
 
Initial_Velocity> Generate initial velocities
  iseed           =     306274
  temperature     =    300.000
 
Random_Init_Velocity> Initialize the random number
  seed            = 306274

INFO:       STEP            TIME       TOTAL_ENE   POTENTIAL_ENE     KINETIC_ENE            RMSG            BOND         IDR_HPS  NATIVE_CONTACT          CG_EXV           ELECT     TEMPERATURE          VOLUME
 --------------- --------------- --------------- --------------- ---------------
INFO:          0          0.0000    1301231.6519     853903.1828     447328.4691         10.1780     170691.3693       1739.5649          0.0000          0.0000     681472.2486          0.0000 1352000000.0000

INFO:         20          0.2000    1296109.7409     842268.8869     453840.8540          9.8505     160964.9285        606.2204          0.0000          0.0000     680697.7380        307.8677 1352000000.0000

INFO:         40          0.4000    1291109.1107     835649.9986     455459.1121          9.7187     157875.3397      -1097.9875          0.0000          0.0000     678872.6464        308.9384 1352000000.0000

INFO:         60          0.6000    1285815.3677     830397.8721     455417.4956          9.6578     156405.9778      -2377.7101          0.0000          0.0000     676369.6044        309.1665 1352000000.0000

INFO:         80          0.8000    1280271.2495     824292.2652     455978.9844          9.5993     154383.0209      -3535.2689          0.0000          0.0000     673444.5132        309.2772 1352000000.0000

INFO:        100          1.0000    1274612.0810     819204.8127     455407.2683          9.5568     153204.5298      -4336.9892          0.0000          0.0000     670337.2720        308.8700 1352000000.0000

INFO:        120          1.2000    1269510.4363     814531.0021     454979.4342          9.5111     152173.8052      -4841.0410          0.0000          0.0000     667198.2378        308.4901 1352000000.0000

INFO:        140          1.4000    1264202.9664     810241.7004     453961.2659          9.4903     151249.1254      -5116.9805          0.0000          0.0000     664109.5556        307.8933 1352000000.0000

INFO:        160          1.6000    1259568.6745     807037.3713     452531.3031          9.4693     151221.3773      -5239.8446          0.0000          0.0000     661055.8386        306.9440 1352000000.0000

INFO:        180          1.8000    1255594.8385     803304.2138     452290.6247          9.4416     150422.4021      -5189.3200          0.0000          0.0000     658071.1316        306.6014 1352000000.0000

INFO:        200          2.0000    1250906.6742     799769.2191     451137.4551          9.4179     149959.5591      -5341.5416          0.0000          0.0000     655151.2016        306.0907 1352000000.0000

INFO:        220          2.2000    1247470.6182     796429.9162     451040.7020          9.4031     149488.6338      -5396.0577          0.0000          0.0000     652337.3401        305.7850 1352000000.0000

INFO:        240          2.4000    1243745.4964     793690.7006     450054.7958          9.3932     149213.1211      -5146.9779          0.0000          0.0000     649624.5574        305.2207 1352000000.0000

INFO:        260          2.6000    1241433.2706     791296.9001     450136.3705          9.4032     149395.2371      -5099.3771          0.0000          0.0000     647001.0401        305.3385 1352000000.0000

INFO:        280          2.8000    1238773.0813     788252.8769     450520.2044          9.3803     148871.3458      -5120.6234          0.0000          0.0000     644502.1545        305.6434 1352000000.0000

INFO:        300          3.0000    1236753.5438     786207.3168     450546.2271          9.3889     149173.2892      -5070.7219          0.0000          0.0000     642104.7494        305.4306 1352000000.0000

INFO:        320          3.2000    1234075.7500     784345.6943     449730.0557          9.3920     149294.4832      -4762.8070          0.0000          0.0000     639814.0182        305.0075 1352000000.0000

INFO:        340          3.4000    1230877.0316     782000.1996     448876.8320          9.3912     149008.8057      -4616.6095          0.0000          0.0000     637608.0035        304.5069 1352000000.0000

INFO:        360          3.6000    1227450.9748     779779.5782     447671.3965          9.3854     148910.3157      -4598.9476          0.0000          0.0000     635468.2102        303.7011 1352000000.0000

INFO:        380          3.8000    1225545.7932     777641.7638     447904.0294          9.3857     148949.1710      -4707.4538          0.0000          0.0000     633400.0466        303.7443 1352000000.0000

INFO:        400          4.0000    1223118.9479     775422.7813     447696.1666          9.3693     148648.0521      -4616.9298          0.0000          0.0000     631391.6590        303.6471 1352000000.0000

INFO:        420          4.2000    1221064.8359     773442.4121     447622.4237          9.3657     148507.7921      -4502.3050          0.0000          0.0000     629436.9251        303.5436 1352000000.0000

INFO:        440          4.4000    1219238.2237     771844.1136     447394.1101          9.3770     148795.2564      -4509.6006          0.0000          0.0000     627558.4577        303.3756 1352000000.0000

INFO:        460          4.6000    1216735.9345     770168.6021     446567.3324          9.3755     148795.0986      -4389.1782          0.0000          0.0000     625762.6817        302.8113 1352000000.0000

INFO:        480          4.8000    1215248.6770     768637.7163     446610.9608          9.3786     148817.8773      -4212.9057          0.0000          0.0000     624032.7446        302.8436 1352000000.0000

INFO:        500          5.0000    1213190.0177     766882.8529     446307.1648          9.3688     148645.7294      -4124.1616          0.0000          0.0000     622361.2851        302.6773 1352000000.0000

INFO:        520          5.2000    1211261.2672     765380.5599     445880.7074          9.3702     148743.7224      -4107.3809          0.0000          0.0000     620744.2184        302.4017 1352000000.0000

INFO:        540          5.4000    1209399.3990     763280.1476     446119.2513          9.3526     148187.5876      -4076.6510          0.0000          0.0000     619169.2111        302.6081 1352000000.0000

INFO:        560          5.6000    1208602.3671     761856.1567     446746.2103          9.3590     148379.1509      -4151.4600          0.0000          0.0000     617628.4658        303.0685 1352000000.0000

INFO:        580          5.8000    1206653.5945     760427.9300     446225.6645          9.3514     148270.2379      -3979.8180          0.0000          0.0000     616137.5102        302.6505 1352000000.0000

INFO:        600          6.0000    1204800.6805     758816.0789     445984.6016          9.3365     147923.6610      -3779.8029          0.0000          0.0000     614672.2208        302.4055 1352000000.0000

INFO:        620          6.2000    1203277.0181     757770.4877     445506.5304          9.3466     148097.5297      -3580.2206          0.0000          0.0000     613253.1787        302.1626 1352000000.0000

INFO:        640          6.4000    1201963.0296     756523.4309     445439.5988          9.3428     148230.7488      -3573.2559          0.0000          0.0000     611865.9380        302.1771 1352000000.0000

INFO:        660          6.6000    1201140.9443     754948.1104     446192.8339          9.3391     147869.4509      -3425.1086          0.0000          0.0000     610503.7681        302.6851 1352000000.0000

INFO:        680          6.8000    1199684.9887     754052.3834     445632.6053          9.3530     148302.1514      -3407.4912          0.0000          0.0000     609157.7231        302.2349 1352000000.0000

INFO:        700          7.0000    1197952.3418     752694.7151     445257.6267          9.3503     148444.5717      -3559.3169          0.0000          0.0000     607809.4603        301.9229 1352000000.0000

INFO:        720          7.2000    1196599.2614     751457.9686     445141.2928          9.3564     148572.3806      -3612.8791          0.0000          0.0000     606498.4671        302.0177 1352000000.0000

INFO:        740          7.4000    1195801.5520     750111.5661     445689.9859          9.3579     148458.5609      -3589.2281          0.0000          0.0000     605242.2334        302.3867 1352000000.0000

INFO:        760          7.6000    1194134.0577     749163.1665     444970.8912          9.3615     148610.4985      -3470.1767          0.0000          0.0000     604022.8447        301.7803 1352000000.0000

INFO:        780          7.8000    1192841.7827     747783.7718     445058.0109          9.3520     148246.9489      -3293.6243          0.0000          0.0000     602830.4472        301.9400 1352000000.0000

INFO:        800          8.0000    1191634.6180     746989.6807     444644.9372          9.3620     148584.5184      -3263.4674          0.0000          0.0000     601668.6297        301.5839 1352000000.0000

INFO:        820          8.2000    1190729.6057     745880.7683     444848.8374          9.3630     148597.9887      -3245.9153          0.0000          0.0000     600528.6948        301.6895 1352000000.0000

INFO:        840          8.4000    1190202.6554     744948.0781     445254.5772          9.3520     148673.7601      -3142.5471          0.0000          0.0000     599416.8651        301.9477 1352000000.0000

INFO:        860          8.6000    1188218.8434     743676.1176     444542.7258          9.3422     148365.0484      -3048.1379          0.0000          0.0000     598359.2071        301.6506 1352000000.0000

INFO:        880          8.8000    1186798.2199     742375.1420     444423.0779          9.3425     148135.8911      -3078.7330          0.0000          0.0000     597317.9839        301.4390 1352000000.0000

INFO:        900          9.0000    1185291.5158     741231.2372     444060.2786          9.3403     148094.1178      -3142.4658          0.0000          0.0000     596279.5852        301.2082 1352000000.0000

INFO:        920          9.2000    1183808.6847     740037.9099     443770.7749          9.3355     148031.9375      -3233.4454          0.0000          0.0000     595239.4178        301.1420 1352000000.0000

INFO:        940          9.4000    1184511.8941     739135.5043     445376.3898          9.3439     148191.4436      -3279.8398          0.0000          0.0000     594223.9005        301.9898 1352000000.0000

INFO:        960          9.6000    1183605.0199     738488.6888     445116.3311          9.3472     148410.0870      -3172.4097          0.0000          0.0000     593251.0114        301.9165 1352000000.0000

INFO:        980          9.8000    1182260.4489     737694.2269     444566.2220          9.3588     148400.8796      -3036.0594          0.0000          0.0000     592329.4067        301.4960 1352000000.0000

INFO:       1000         10.0000    1181261.2845     736650.4069     444610.8776          9.3431     148222.9581      -2998.4807          0.0000          0.0000     591425.9295        301.6227 1352000000.0000

INFO:       1020         10.2000    1180401.4370     735578.8888     444822.5482          9.3367     147880.4969      -2844.3969          0.0000          0.0000     590542.7888        301.7835 1352000000.0000

INFO:       1040         10.4000    1178812.2874     735040.1806     443772.1068          9.3353     148206.3289      -2837.1926          0.0000          0.0000     589671.0442        300.9923 1352000000.0000

INFO:       1060         10.6000    1177748.2209     734044.0570     443704.1639          9.3415     148020.3326      -2793.4202          0.0000          0.0000     588817.1446        300.9776 1352000000.0000

INFO:       1080         10.8000    1177276.7929     733181.1460     444095.6469          9.3451     148127.7639      -2898.6454          0.0000          0.0000     587952.0274        301.4394 1352000000.0000

INFO:       1100         11.0000    1177128.0002     732495.3892     444632.6110          9.3521     148188.0408      -2795.3111          0.0000          0.0000     587102.6595        301.7143 1352000000.0000

INFO:       1120         11.2000    1176582.4260     731953.7780     444628.6480          9.3572     148341.8308      -2659.1758          0.0000          0.0000     586271.1229        301.4692 1352000000.0000

INFO:       1140         11.4000    1175338.8460     731456.8716     443881.9744          9.3553     148522.0008      -2527.9021          0.0000          0.0000     585462.7729        301.0995 1352000000.0000

INFO:       1160         11.6000    1174434.7496     730286.2786     444148.4709          9.3554     148281.4440      -2639.5274          0.0000          0.0000     584644.3621        301.3514 1352000000.0000

INFO:       1180         11.8000    1173774.2665     729196.0250     444578.2415          9.3502     147924.6871      -2561.1501          0.0000          0.0000     583832.4880        301.6078 1352000000.0000

INFO:       1200         12.0000    1172965.1852     728666.0915     444299.0936          9.3541     148209.6029      -2586.3499          0.0000          0.0000     583042.8385        301.5161 1352000000.0000

INFO:       1220         12.2000    1172260.8371     728018.6846     444242.1525          9.3564     148347.9421      -2597.1151          0.0000          0.0000     582267.8575        301.4804 1352000000.0000

INFO:       1240         12.4000    1171204.5195     727457.1742     443747.3452          9.3654     148408.4922      -2464.6974          0.0000          0.0000     581513.3794        300.9440 1352000000.0000

INFO:       1260         12.6000    1170785.9629     726829.5261     443956.4369          9.3612     148525.1791      -2462.1802          0.0000          0.0000     580766.5271        300.9874 1352000000.0000

INFO:       1280         12.8000    1169859.0232     725927.9319     443931.0913          9.3576     148449.8406      -2530.1274          0.0000          0.0000     580008.2187        301.1279 1352000000.0000

INFO:       1300         13.0000    1169438.1438     725127.3508     444310.7930          9.3512     148255.8978      -2406.6061          0.0000          0.0000     579278.0592        301.3798 1352000000.0000

INFO:       1320         13.2000    1168396.2559     724822.7373     443573.5185          9.3577     148660.4952      -2382.8342          0.0000          0.0000     578545.0763        300.8402 1352000000.0000

INFO:       1340         13.4000    1167991.2097     723970.3120     444020.8977          9.3513     148484.7970      -2349.4868          0.0000          0.0000     577835.0019        301.3070 1352000000.0000

INFO:       1360         13.6000    1167008.1396     723446.7050     443561.4346          9.3651     148557.3934      -2250.9643          0.0000          0.0000     577140.2759        300.8129 1352000000.0000

INFO:       1380         13.8000    1165745.4136     722274.2684     443471.1452          9.3464     148066.3958      -2232.9643          0.0000          0.0000     576440.8370        300.7930 1352000000.0000

INFO:       1400         14.0000    1165275.0220     721759.5418     443515.4802          9.3525     148292.4533      -2283.9372          0.0000          0.0000     575751.0257        300.8442 1352000000.0000

INFO:       1420         14.2000    1164652.9390     720681.0996     443971.8394          9.3472     148024.4858      -2401.7280          0.0000          0.0000     575058.3419        301.1619 1352000000.0000

INFO:       1440         14.4000    1164337.4064     720432.8452     443904.5613          9.3588     148469.2541      -2422.1315          0.0000          0.0000     574385.7226        301.0768 1352000000.0000

INFO:       1460         14.6000    1163269.0839     719797.9582     443471.1257          9.3572     148384.2841      -2312.2292          0.0000          0.0000     573725.9033        300.8810 1352000000.0000

INFO:       1480         14.8000    1162423.7988     718935.1964     443488.6024          9.3530     148158.4780      -2314.6146          0.0000          0.0000     573091.3330        300.6792 1352000000.0000

INFO:       1500         15.0000    1161838.0657     718333.5190     443504.5467          9.3554     148222.2324      -2345.1854          0.0000          0.0000     572456.4720        301.0171 1352000000.0000

INFO:       1520         15.2000    1161789.7637     717710.7287     444079.0350          9.3468     148102.8466      -2234.2130          0.0000          0.0000     571842.0951        301.3937 1352000000.0000

INFO:       1540         15.4000    1161588.8652     717667.4737     443921.3916          9.3600     148558.7592      -2143.0613          0.0000          0.0000     571251.7758        301.0377 1352000000.0000

INFO:       1560         15.6000    1159953.3602     716641.2382     443312.1220          9.3473     148053.5839      -2085.6432          0.0000          0.0000     570673.2974        300.8201 1352000000.0000

INFO:       1580         15.8000    1159165.0062     716452.6376     442712.3686          9.3569     148378.7651      -2017.9555          0.0000          0.0000     570091.8279        300.3988 1352000000.0000

INFO:       1600         16.0000    1159234.7090     715932.5666     443302.1424          9.3605     148401.6906      -1970.6719          0.0000          0.0000     569501.5479        300.7255 1352000000.0000

INFO:       1620         16.2000    1158922.8359     715574.2608     443348.5751          9.3527     148496.9882      -1853.1457          0.0000          0.0000     568930.4182        300.8006 1352000000.0000

INFO:       1640         16.4000    1158049.6849     714656.9958     443392.6891          9.3512     148156.7313      -1861.9298          0.0000          0.0000     568362.1943        300.7419 1352000000.0000

INFO:       1660         16.6000    1157127.3615     713863.7268     443263.6348          9.3452     148107.6937      -2021.9550          0.0000          0.0000     567777.9880        300.6991 1352000000.0000

INFO:       1680         16.8000    1157500.2166     713337.0010     444163.2156          9.3581     148272.9367      -2131.7582          0.0000          0.0000     567195.8225        301.3256 1352000000.0000

INFO:       1700         17.0000    1156470.8473     712865.0379     443605.8094          9.3517     148297.3910      -2066.7391          0.0000          0.0000     566634.3860        300.9293 1352000000.0000

INFO:       1720         17.2000    1155461.6632     712161.8585     443299.8047          9.3421     148138.2607      -2074.6330          0.0000          0.0000     566098.2308        300.6632 1352000000.0000

INFO:       1740         17.4000    1154844.1067     711653.1839     443190.9228          9.3421     148189.6395      -2107.6861          0.0000          0.0000     565571.2305        300.4609 1352000000.0000

INFO:       1760         17.6000    1154300.8693     711377.3826     442923.4867          9.3521     148488.0466      -2132.1726          0.0000          0.0000     565021.5085        300.5016 1352000000.0000

INFO:       1780         17.8000    1154118.1463     710973.8409     443144.3054          9.3566     148565.4955      -2074.2805          0.0000          0.0000     564482.6258        300.5563 1352000000.0000

INFO:       1800         18.0000    1153700.7761     710080.9611     443619.8150          9.3507     148158.7750      -2024.8514          0.0000          0.0000     563947.0375        300.9849 1352000000.0000

INFO:       1820         18.2000    1153280.3676     709663.7725     443616.5951          9.3587     148361.8658      -2120.3350          0.0000          0.0000     563422.2418        300.8979 1352000000.0000

INFO:       1840         18.4000    1152565.3995     709216.8315     443348.5680          9.3581     148453.6140      -2145.4002          0.0000          0.0000     562908.6177        300.6371 1352000000.0000

INFO:       1860         18.6000    1151751.7547     708837.6377     442914.1170          9.3576     148446.5201      -2035.6090          0.0000          0.0000     562426.7266        300.5968 1352000000.0000

INFO:       1880         18.8000    1151671.0268     708083.7331     443587.2937          9.3487     148084.2740      -1934.3238          0.0000          0.0000     561933.7828        301.0606 1352000000.0000

INFO:       1900         19.0000    1151489.5558     707748.2140     443741.3418          9.3447     148211.7421      -1897.2885          0.0000          0.0000     561433.7605        301.0025 1352000000.0000

INFO:       1920         19.2000    1150696.4939     707140.7845     443555.7095          9.3441     148022.6142      -1848.0770          0.0000          0.0000     560966.2473        300.8944 1352000000.0000

INFO:       1940         19.4000    1150725.5539     707026.4818     443699.0721          9.3545     148267.1936      -1726.0215          0.0000          0.0000     560485.3097        301.0242 1352000000.0000

INFO:       1960         19.6000    1149858.3862     706763.4049     443094.9813          9.3559     148369.5070      -1617.3122          0.0000          0.0000     560011.2101        300.5618 1352000000.0000

INFO:       1980         19.8000    1149698.4866     705859.0325     443839.4541          9.3337     147930.1302      -1614.7213          0.0000          0.0000     559543.6236        301.0757 1352000000.0000

INFO:       2000         20.0000    1149045.5980     705501.5650     443544.0330          9.3415     148129.1436      -1691.4389          0.0000          0.0000     559063.8603        300.8373 1352000000.0000

 
[STEP6] Deallocate Arrays
 
Output_Time> Averaged timer profile (Min, Max)
  total time      =      62.550
    setup         =       3.002
    dynamics      =      59.548
      energy      =      52.675
      integrator  =       5.777
      migration   =       0.208
      pairlist    =       0.839 (       0.592,       1.151)
  energy           
    bond          =       0.566 (       0.400,       0.780)
    angle         =       0.011 (       0.010,       0.017)
    dihedral      =       0.010 (       0.010,       0.011)
    base stacking =       0.000 (       0.000,       0.000)
    nonbond       =      35.647 (      24.473,      50.917)
      CG exv      =       0.060 (       0.045,       0.082)
      CG DNA bp   =       0.000 (       0.000,       0.000)
      CG DNA exv  =       0.000 (       0.000,       0.000)
      CG ele      =      28.830 (      19.819,      41.423)
      CG PWMcos   =       0.000 (       0.000,       0.000)
      CG PWMcosns =       0.000 (       0.000,       0.000)
      CG IDR-HPS  =       6.753 (       4.605,       9.410)
      CG IDR-KH   =       0.000 (       0.000,       0.000)
      CG KH       =       0.000 (       0.000,       0.000)
      Contact     =       0.003 (       0.003,       0.004)
      pme real    =       0.000 (       0.000,       0.000)
      pme recip   =       0.000 (       0.000,       0.000)
    solvation     =       0.000 (       0.000,       0.000)
      polar       =       0.000 (       0.000,       0.000)
      non-polar   =       0.000 (       0.000,       0.000)
    restraint     =       0.000 (       0.000,       0.000)
    qmmm          =       0.000 (       0.000,       0.000)
    morph         =       0.000 (       0.000,       0.000)
  integrator       
    constraint    =       0.000 (       0.000,       0.000)
    update        =       0.000 (       0.000,       0.000)
    comm_coord    =       1.644 (       0.373,       2.662)
    comm_force    =       0.411 (       0.391,       0.442)
  migration       =       0.208 (       0.207,       0.208)
    comm_migrate  =       0.014 (       0.006,       0.020)
    ptl_migrate   =       0.015 (       0.012,       0.020)
    bond_migrate  =       0.003 (       0.002,       0.003)
    angl_migrate  =       0.001 (       0.001,       0.001)
    dihe_migrate  =       0.000 (       0.000,       0.001)
    contact_migr  =       0.000 (       0.000,       0.000)
    stack_migrate =       0.000 (       0.000,       0.000)
    pwmcos_migrate =       0.000 (       0.000,       0.000)
    pwmcosns_migr  =       0.000 (       0.000,       0.000)
    nonb_update    =       0.233 (       0.188,       0.324)

