****************************************************
*                                                  *
*                  GENESIS CGDYN                   *
*                                                  *
*        A Molecular Dynamics Simulator with       *
*           Spatial Decomposition Scheme           *
*                                                  *
*               Developed by RIKEN                 *
*                                                  *
****************************************************
 
[STEP0] Architecture and Compiler Information
 
GENESIS_Information> GENESIS Information
  version      = 2.0.0
  commit ID    = $GENESIS_VERSION$
  precision    = mixed 
  nonbonding   = CPU

Build_Information> Compiler Information
  build host   = jjwsmj@hokusai2
  fortran      = ifort (IFORT) 2021.7.1 20221019
  option       = 
  -axCORE-AVX512 -g -O3  -qmkl=parallel  -assume byterecl -qopenmp  
  C            = 
 icc: remark #10441: The Intel(R) C++ Compiler Classic (ICC) is deprecated and w
 ill be removed from product release in the second half of 2023. The Intel(R) on
 eAPI DPC++/C++ Compiler (ICX) is the recommended compiler moving forward. Pleas
 e transition to use this compiler. Use '-diag-disable=10441' to disable this me
 ssage.
  option       = -O3 -ip -axCORE-AVX2  -qopenmp 
  defined var. = 
  -DHAVE_MPI_GENESIS -DOMP -DIFORT19 -DFFTE -DLAPACK -DDSFMT_MEXP=19937 -DINTEL
  link option  = 
  -assume byterecl -lgfortran -qopenmp  -lmkl_intel_lp64 -lmkl_sequential -lmkl_
 core -lmkl_lapack95_lp64   
  MPI Compiler = Intel(R) MPI

Runtime_Information> Machine and Library Information
  date       = 2023/05/12 14:36:12
  cpu model    = Intel(R) Xeon(R) Gold 6148 CPU @ 2.40GHz
  exec. host   = jjwsmj@bwmpc0414
  LD library   = 
 /bwfefs/opt/x86_64/intel/oneapi/2022.3/mpi/2021.7.1/libfabric/lib:/bwfefs/opt/x
 86_64/intel/oneapi/2022.3/mpi/2021.7.1/lib/release:/bwfefs/opt/x86_64/intel/one
 api/2022.3/mpi/2021.7.1/lib:/bwfefs/opt/x86_64/intel/oneapi/2022.3/tbb/2021.7.1
 /lib/intel64/gcc4.8:/usr/lib64:/bwfefs/opt/x86_64/intel/oneapi/2022.3/vpl/2022.
 2.5/lib:/bwfefs/opt/x86_64/intel/oneapi/2022.3/mkl/latest/lib/intel64:/bwfefs/o
 pt/x86_64/intel/oneapi/2022.3/itac/2021.7.1/slib:/bwfefs/opt/x86_64/intel/oneap
 i/2022.3/ippcp/2021.6.2/lib/intel64:/bwfefs/opt/x86_64/intel/oneapi/2022.3/ipp/
 2021.6.2/lib/intel64:/bwfefs/opt/x86_64/intel/oneapi/2022.3/dnnl/2022.2.1/cpu_d
 pcpp_gpu_dpcpp/lib:/bwfefs/opt/x86_64/intel/oneapi/2022.3/dal/2021.7.1/lib/inte
 l64:/bwfefs/opt/x86_64/intel/oneapi/2022.3/compiler/2022.2.1/linux/compiler/lib
 :/bwfefs/opt/x86_64/intel/oneapi/2022.3/compiler/2022.2.1/linux/lib/oclfpga/hos
 t/linux64/lib:/bwfefs/opt/x86_64/intel/oneapi/2022.3/compiler/2022.2.1/linux/li
 b/oclfpga/linux64/lib:/bwfefs/opt/x86_64/intel/oneapi/2022.3/compiler/2022.2.1/
 linux/lib:/bwfefs/opt/x86_64/intel/oneapi/2022.3/compiler/2022.2.1/linux/lib/x6
 4:/bwfefs/opt/x86_64/intel/oneapi/2022.3/compiler/2022.2.1/linux/lib/emu:/bwfef
 s/opt/x86_64/intel/oneapi/2022.3/compiler/2022.2.1/linux/compiler/lib/intel64_l
 in:/bwfefs/opt/x86_64/intel/oneapi/2022.3/debugger/2021.7.1/dep/lib:/bwfefs/opt
 /x86_64/intel/oneapi/2022.3/debugger/2021.7.1/libipt/intel64/lib:/bwfefs/opt/x8
 6_64/intel/oneapi/2022.3/debugger/2021.7.1/gdb/intel64/lib:/bwfefs/opt/x86_64/
 MPI Runtime = Intel(R) MPI Library 2021.7 for Linux* OS


[STEP1] Read Control Parameters
 
Read_Ctrl_Input> Input Files
  grotopfile = pro.top
  grocrdfile = crd/pos_5000.gro
 
Read_Ctrl_Output> Output Files
 
Read_Ctrl_Energy> Parameters of Energy Calculations
  forcefield      =    RESIDCG
  output_style    =    GENESIS
 
Read_Ctrl_Dynamics> Parameters of MD simulation
  integrator      =       VVER  nsteps          =       2000
  timestep        =     0.0100  initial_time    =     0.0000
  eneout_period   =         20  rstout_period   =          0
  crdout_period   =          0  velout_period   =          0
  nbupdate_period =         20  stoptr_period   =         10
  lbupdate_period =          0
  iseed           =         -1
  annealing       =         no
  verbose         =         no
  target_md       =         no
  steered_md      =         no
 
Read_Ctrl_Ensemble> Parameters for Ensemble
  ensemble        =        NVT
  temperature     =    300.000
  tpcontrol       =   LANGEVIN
  gamma_t         =      1.000
 
Read_Ctrl_Boundary> Parameters of Boundary Condition
  type            =       PBC 
  box_size(x,y,z) =   3200.000   650.000   650.000
  min_domain_cell =          2
  domain (x,y,z)  =          8         2         2
 
Read_Ctrl_Selection> Parameters of Selection
  # of groups     =          0
  # of mole names =          0
 
Read_Ctrl_Restraints> No restraint in the system

Read_Ctrl_Fitting_MD> Parameters of Fitting
  fitting method  =  TR+ROT   
  fitting atom    = group1
  mass_weight     =         no
 
[STEP2] Setup MPI
 
Setup_Mpi_Md> Summary of Setup MPI
  number of MPI processes   =         32
  number of OpenMP threads  =          5
  total number of CPU cores =        160

[STEP3] Set Relevant Variables and Structures
 
Read_Grotop> Summary of Grotopfile
  num_moltypes    =          1
    pos100_cg             :
      num_atoms   =        100
      num_bonds   =         99
      num_angls   =          0
      num_dihes   =          0
      num_cmaps   =          0
      num_excls   =          0
      num_constrs =          0
      num_pairs   =          0
      num_vsites2 =          0
      num_vsites3 =          0
      num_vsites4 =          0
      num_vsitesn =          0
      num_posress =          0
      num_PWMcos  =          0
      num_PWMcosns=          0
      num_IDR_HPS =          1
      num_IDR_KH  =          0
    .. not used molecule types were hidden.

  num_molecules   =       5000
    pos100_cg             :  5000

  num_atomtypes   =         33  num_bondtypes   =          0
  num_angltypes   =          0  num_dihetypes   =          0
  num_flangltypes           20
  num_fldihetypes          400
  num_constrtypes =          0  num_cmaptypes   =          0
  num_nbonparms   =          0
  num_basestacktypes  =     16
  num_basepairtypes   =      4
  num_basecrosstypes  =     32
  num_cgdnaexvtypes   =      6
  num_cgelemolpairs   =      1
  num_cg_IDR_HPS_atomtypes  =     20
  num_cg_KH_atomtypes  =    20

  num_cg_pair_MJ_eps   =   400

Define_Molecule> Summary of molecules
  num_atoms       =     500000  num_bonds       =     495000
  num_angles      =          0  num_dihedrals   =          0
  num_impropers   =          0  num_cmap_terms  =          0
  num_residues    =     500000  num_molecules   =       5000
  num_segments    =          1  num_deg_freedom =    1500000
  total_charge    = 500000.000
 
Setup_Boundary_Cell> Set Variables for Boundary Condition
  domains (x,y,z) =          8         2         2
  ncells (x,y,z)  =        112        22        22
 
Define_Enefunc_Gromacs> Number of Interactions in Each Term
  bond_ene        =     495000  angle_ene       =          0
  torsion_ene     =          0
 restraint_groups =          0 restraint_funcs  =          0
 
Setup_Dynamics> Subtract 3 translational degrees of freedom
 
Update_Num_Deg_Freedom> Number of degrees of freedom was updated
  num_deg_freedom =    1499997 (After removing translation)
 
Random_Init> Initialize the random number
  seed            = 283874

Setup_Fitting_cgdyn> NO fitting is applied, skip
  fitting method  =  NO
 
[STEP4] Compute Single Point Energy for Molecules
 
            STEP          ENERGY            BOND  NATIVE_CONTACT NON-NATIVE_CONT           ELECT         IDR_HPS          CG_EXV
 --------------- --------------- --------------- --------------- ---------------
               0     853903.1828     170691.3693          0.0000          0.0000     681472.2486       1739.5649          0.0000

[STEP5] Perform Molecular Dynamics Simulation
 
Initial_Velocity> Generate initial velocities
  iseed           =     283874
  temperature     =    300.000
 
Random_Init_Velocity> Initialize the random number
  seed            = 283874

INFO:       STEP            TIME       TOTAL_ENE   POTENTIAL_ENE     KINETIC_ENE            RMSG            BOND         IDR_HPS  NATIVE_CONTACT          CG_EXV           ELECT     TEMPERATURE          VOLUME
 --------------- --------------- --------------- --------------- ---------------
INFO:          0          0.0000    1302215.3397     853903.1828     448312.1569         10.1780     170691.3693       1739.5649          0.0000          0.0000     681472.2486          0.0000 1352000000.0000

INFO:         20          0.2000    1296533.8110     842180.5185     454353.2924          9.8507     160879.3398        646.3614          0.0000          0.0000     680654.8173        308.2397 1352000000.0000

INFO:         40          0.4000    1290728.4182     835896.4886     454831.9296          9.7369     158268.9023      -1141.2734          0.0000          0.0000     678768.8598        308.6633 1352000000.0000

INFO:         60          0.6000    1285009.7971     829436.8198     455572.9772          9.6424     155776.9321      -2547.4127          0.0000          0.0000     676207.3004        309.1408 1352000000.0000

INFO:         80          0.8000    1279173.6086     823614.1063     455559.5024          9.5807     154055.7460      -3718.1971          0.0000          0.0000     673276.5574        308.9370 1352000000.0000

INFO:        100          1.0000    1273840.3296     818917.8786     454922.4510          9.5393     153135.7656      -4420.3947          0.0000          0.0000     670202.5077        308.5258 1352000000.0000

INFO:        120          1.2000    1268855.2527     814345.3747     454509.8780          9.5042     152095.6226      -4847.0313          0.0000          0.0000     667096.7834        308.2471 1352000000.0000

INFO:        140          1.4000    1264492.4103     810340.3162     454152.0941          9.4782     151445.8851      -5120.9003          0.0000          0.0000     664015.3314        308.0620 1352000000.0000

INFO:        160          1.6000    1259766.2855     806385.1930     453381.0925          9.4476     150538.9466      -5144.6682          0.0000          0.0000     660990.9146        307.4447 1352000000.0000

INFO:        180          1.8000    1255572.3894     803686.2770     451886.1124          9.4498     150689.0568      -5059.6670          0.0000          0.0000     658056.8872        306.5762 1352000000.0000

INFO:        200          2.0000    1251474.4330     800067.3373     451407.0956          9.4219     149933.7240      -5059.8048          0.0000          0.0000     655193.4182        306.0853 1352000000.0000

INFO:        220          2.2000    1247865.9137     796756.3717     451109.5419          9.4116     149399.5654      -5076.5196          0.0000          0.0000     652433.3259        305.9888 1352000000.0000

INFO:        240          2.4000    1244391.1233     793804.9765     450586.1469          9.3951     149170.1653      -5104.0454          0.0000          0.0000     649738.8565        305.5856 1352000000.0000

INFO:        260          2.6000    1240764.3363     791224.5613     449539.7750          9.3940     149145.4974      -5074.5180          0.0000          0.0000     647153.5819        304.8186 1352000000.0000

INFO:        280          2.8000    1237576.5616     788272.7276     449303.8341          9.3800     148643.2231      -5045.5678          0.0000          0.0000     644675.0722        304.8180 1352000000.0000

INFO:        300          3.0000    1236013.8195     786141.5684     449872.2511          9.3790     148780.3458      -4928.6417          0.0000          0.0000     642289.8643        305.0257 1352000000.0000

INFO:        320          3.2000    1232933.4645     784115.0473     448818.4172          9.3791     148874.6279      -4770.2046          0.0000          0.0000     640010.6239        304.3701 1352000000.0000

INFO:        340          3.4000    1230301.0091     781289.4172     449011.5918          9.3633     148281.8002      -4781.6772          0.0000          0.0000     637789.2942        304.5689 1352000000.0000

INFO:        360          3.6000    1228423.0785     780033.2005     448389.8781          9.3806     149096.7229      -4704.0217          0.0000          0.0000     635640.4993        304.0825 1352000000.0000

INFO:        380          3.8000    1225862.0158     778051.6524     447810.3634          9.3835     148878.7218      -4415.1783          0.0000          0.0000     633588.1089        303.7279 1352000000.0000

INFO:        400          4.0000    1223156.7250     775643.8916     447512.8334          9.3658     148357.3984      -4279.0623          0.0000          0.0000     631565.5555        303.5076 1352000000.0000

INFO:        420          4.2000    1221490.7507     773566.9766     447923.7741          9.3591     148113.0041      -4162.8821          0.0000          0.0000     629616.8546        303.9333 1352000000.0000

INFO:        440          4.4000    1219589.2191     772201.7615     447387.4577          9.3623     148546.7426      -4084.7063          0.0000          0.0000     627739.7252        303.3358 1352000000.0000

INFO:        460          4.6000    1217528.5442     770380.4313     447148.1129          9.3627     148511.7609      -4047.9989          0.0000          0.0000     625916.6694        303.3403 1352000000.0000

INFO:        480          4.8000    1215748.7078     768519.6573     447229.0505          9.3628     148455.9541      -4066.9935          0.0000          0.0000     624130.6968        303.2928 1352000000.0000

INFO:        500          5.0000    1213656.2702     766171.4925     447484.7777          9.3409     147840.2990      -4076.5664          0.0000          0.0000     622407.7600        303.4649 1352000000.0000

INFO:        520          5.2000    1212497.6277     764978.4157     447519.2119          9.3512     148287.7466      -4060.6374          0.0000          0.0000     620751.3065        303.4609 1352000000.0000

INFO:        540          5.4000    1210410.8817     763607.9759     446802.9058          9.3526     148288.3453      -3817.8246          0.0000          0.0000     619137.4552        302.8636 1352000000.0000

INFO:        560          5.6000    1208314.0918     761908.9223     446405.1695          9.3453     148101.1525      -3746.2714          0.0000          0.0000     617554.0412        302.8028 1352000000.0000

INFO:        580          5.8000    1207096.2083     760133.1448     446963.0634          9.3375     147853.8090      -3737.6515          0.0000          0.0000     616016.9873        303.0383 1352000000.0000

INFO:        600          6.0000    1204827.0219     759042.9836     445784.0383          9.3545     148231.1033      -3714.8060          0.0000          0.0000     614526.6862        302.4672 1352000000.0000

INFO:        620          6.2000    1203318.7495     757625.2535     445693.4960          9.3518     148373.1904      -3846.2422          0.0000          0.0000     613098.3054        302.1725 1352000000.0000

INFO:        640          6.4000    1202545.1218     755973.6220     446571.4997          9.3407     148177.9985      -3910.9315          0.0000          0.0000     611706.5550        302.8095 1352000000.0000

INFO:        660          6.6000    1201414.7209     754744.9823     446669.7386          9.3427     148247.2908      -3872.7475          0.0000          0.0000     610370.4391        302.8904 1352000000.0000

INFO:        680          6.8000    1199396.5720     753890.7977     445505.7742          9.3471     148444.4293      -3657.2681          0.0000          0.0000     609103.6365        302.2356 1352000000.0000

INFO:        700          7.0000    1198371.3931     753210.5597     445160.8333          9.3681     148910.6709      -3561.8391          0.0000          0.0000     607861.7279        301.9625 1352000000.0000

INFO:        720          7.2000    1196999.5786     751862.3160     445137.2626          9.3697     148718.7007      -3491.6595          0.0000          0.0000     606635.2748        302.0452 1352000000.0000

INFO:        740          7.4000    1196273.5178     750842.5078     445431.0100          9.3682     148740.1840      -3317.5366          0.0000          0.0000     605419.8604        302.1634 1352000000.0000

INFO:        760          7.6000    1194824.6374     749254.4353     445570.2021          9.3507     148324.7854      -3320.2243          0.0000          0.0000     604249.8741        302.0988 1352000000.0000

INFO:        780          7.8000    1192968.9596     748210.5123     444758.4473          9.3549     148370.8596      -3256.1721          0.0000          0.0000     603095.8248        301.6371 1352000000.0000

INFO:        800          8.0000    1192555.0260     747451.9928     445103.0332          9.3654     148701.1910      -3170.1270          0.0000          0.0000     601920.9288        302.0383 1352000000.0000

INFO:        820          8.2000    1192080.5448     746507.3909     445573.1539          9.3693     148828.3616      -3096.9576          0.0000          0.0000     600775.9869        302.1747 1352000000.0000

INFO:        840          8.4000    1191472.8298     744691.6312     446781.1987          9.3524     148253.4850      -3194.9314          0.0000          0.0000     599633.0775        303.1380 1352000000.0000

INFO:        860          8.6000    1189705.3478     743695.3733     446009.9746          9.3502     148317.9739      -3154.6730          0.0000          0.0000     598532.0723        302.5717 1352000000.0000

INFO:        880          8.8000    1188347.8917     742658.8257     445689.0660          9.3520     148314.2743      -3128.9124          0.0000          0.0000     597473.4638        302.2753 1352000000.0000

INFO:        900          9.0000    1187483.4566     741705.8167     445777.6399          9.3533     148380.4452      -3113.1988          0.0000          0.0000     596438.5703        302.3949 1352000000.0000

INFO:        920          9.2000    1186698.3925     741075.4086     445622.9838          9.3558     148681.2572      -3048.1213          0.0000          0.0000     595442.2727        302.2856 1352000000.0000

INFO:        940          9.4000    1185628.1436     740088.0538     445540.0898          9.3511     148530.6693      -2912.0658          0.0000          0.0000     594469.4504        302.2301 1352000000.0000

INFO:        960          9.6000    1183811.1242     738791.8403     445019.2839          9.3464     148185.5909      -2890.9361          0.0000          0.0000     593497.1855        301.8162 1352000000.0000

INFO:        980          9.8000    1183470.4389     738164.3807     445306.0583          9.3561     148428.9728      -2806.9558          0.0000          0.0000     592542.3636        302.0824 1352000000.0000

INFO:       1000         10.0000    1182188.4892     737354.4388     444834.0504          9.3677     148750.1744      -2993.8210          0.0000          0.0000     591598.0853        301.8374 1352000000.0000

INFO:       1020         10.2000    1181523.8371     736672.2511     444851.5860          9.3724     148935.3403      -2944.9411          0.0000          0.0000     590681.8518        301.6748 1352000000.0000

INFO:       1040         10.4000    1180991.1119     735983.6760     445007.4359          9.3695     148794.3699      -2628.8738          0.0000          0.0000     589818.1799        301.8462 1352000000.0000

INFO:       1060         10.6000    1179648.6560     735007.7078     444640.9482          9.3521     148464.2062      -2427.6630          0.0000          0.0000     588971.1645        301.5623 1352000000.0000

INFO:       1080         10.8000    1177920.5264     734226.8859     443693.6405          9.3593     148571.2000      -2492.6702          0.0000          0.0000     588148.3561        300.9658 1352000000.0000

INFO:       1100         11.0000    1177178.9161     733292.2112     443886.7049          9.3575     148388.9561      -2396.2527          0.0000          0.0000     587299.5078        301.1334 1352000000.0000

INFO:       1120         11.2000    1176940.1097     732177.8944     444762.2152          9.3475     148200.3986      -2461.6219          0.0000          0.0000     586439.1178        301.6914 1352000000.0000

INFO:       1140         11.4000    1175880.6689     731396.2282     444484.4408          9.3505     148311.5939      -2502.8828          0.0000          0.0000     585587.5170        301.4676 1352000000.0000

INFO:       1160         11.6000    1174615.3632     730622.9912     443992.3721          9.3585     148385.6108      -2519.6127          0.0000          0.0000     584756.9930        301.2323 1352000000.0000

INFO:       1180         11.8000    1173650.8734     729778.3673     443872.5061          9.3545     148297.7632      -2476.5798          0.0000          0.0000     583957.1839        301.0967 1352000000.0000

INFO:       1200         12.0000    1173209.2961     729068.6393     444140.6568          9.3627     148637.4600      -2724.3219          0.0000          0.0000     583155.5012        301.2133 1352000000.0000

INFO:       1220         12.2000    1172428.2720     728214.4171     444213.8549          9.3572     148509.5173      -2686.8284          0.0000          0.0000     582391.7281        301.3060 1352000000.0000

INFO:       1240         12.4000    1171234.1814     726920.0156     444314.1658          9.3269     147862.5394      -2592.5047          0.0000          0.0000     581649.9809        301.2157 1352000000.0000

INFO:       1260         12.6000    1170477.6155     726361.5988     444116.0168          9.3479     148079.3092      -2643.9637          0.0000          0.0000     580926.2533        301.2799 1352000000.0000

INFO:       1280         12.8000    1170025.9395     726345.6099     443680.3296          9.3540     148489.0345      -2360.1614          0.0000          0.0000     580216.7368        300.9756 1352000000.0000

INFO:       1300         13.0000    1169384.9017     725377.4984     444007.4033          9.3349     148018.5970      -2156.6864          0.0000          0.0000     579515.5878        301.0971 1352000000.0000

INFO:       1320         13.2000    1168634.6598     724742.9039     443891.7559          9.3432     148144.7024      -2211.6426          0.0000          0.0000     578809.8441        301.0634 1352000000.0000

INFO:       1340         13.4000    1168357.5057     724270.0595     444087.4463          9.3597     148431.5129      -2251.4940          0.0000          0.0000     578090.0406        301.2148 1352000000.0000

INFO:       1360         13.6000    1167169.8624     723311.6056     443858.2568          9.3533     148197.5682      -2251.9603          0.0000          0.0000     577365.9976        301.0852 1352000000.0000

INFO:       1380         13.8000    1166351.6040     722548.1809     443803.4231          9.3498     148212.5301      -2323.5077          0.0000          0.0000     576659.1585        301.1009 1352000000.0000

INFO:       1400         14.0000    1165091.3197     721406.0652     443685.2545          9.3392     147833.9606      -2403.1446          0.0000          0.0000     575975.2493        301.0662 1352000000.0000

INFO:       1420         14.2000    1164687.0761     721584.3194     443102.7567          9.3602     148538.1141      -2268.3300          0.0000          0.0000     575314.5353        300.6338 1352000000.0000

INFO:       1440         14.4000    1164383.3068     720919.3234     443463.9834          9.3636     148473.0792      -2203.1518          0.0000          0.0000     574649.3960        300.8664 1352000000.0000

INFO:       1460         14.6000    1163959.0847     720377.6607     443581.4240          9.3652     148664.8988      -2258.5019          0.0000          0.0000     573971.2638        300.8318 1352000000.0000

INFO:       1480         14.8000    1163495.5684     719958.3313     443537.2372          9.3730     148836.1207      -2209.1396          0.0000          0.0000     573331.3502        300.9285 1352000000.0000

INFO:       1500         15.0000    1162720.0081     719121.4628     443598.5453          9.3604     148572.4586      -2137.2367          0.0000          0.0000     572686.2408        300.9477 1352000000.0000

INFO:       1520         15.2000    1161884.9837     718717.9456     443167.0380          9.3649     148837.3779      -2154.9233          0.0000          0.0000     572035.4911        300.7428 1352000000.0000

INFO:       1540         15.4000    1161185.6383     717815.2433     443370.3950          9.3547     148517.9550      -2083.1876          0.0000          0.0000     571380.4759        300.8164 1352000000.0000

INFO:       1560         15.6000    1160533.0408     716628.3297     443904.7111          9.3490     148171.9442      -2282.2866          0.0000          0.0000     570738.6721        301.1657 1352000000.0000

INFO:       1580         15.8000    1159651.4966     716338.1992     443313.2974          9.3604     148570.7176      -2375.7957          0.0000          0.0000     570143.2773        300.6573 1352000000.0000

INFO:       1600         16.0000    1159203.0462     715475.1683     443727.8779          9.3518     148250.9977      -2353.0394          0.0000          0.0000     569577.2099        301.0120 1352000000.0000

INFO:       1620         16.2000    1158572.1456     715102.8636     443469.2820          9.3531     148325.9819      -2235.2679          0.0000          0.0000     569012.1496        300.8394 1352000000.0000

INFO:       1640         16.4000    1158227.5473     715194.4247     443033.1226          9.3677     148887.0284      -2134.2523          0.0000          0.0000     568441.6486        300.5100 1352000000.0000

INFO:       1660         16.6000    1157302.9899     714352.1336     442950.8563          9.3708     148638.7300      -2161.3395          0.0000          0.0000     567874.7432        300.5701 1352000000.0000

INFO:       1680         16.8000    1157784.8974     713310.5828     444474.3146          9.3633     148305.9180      -2295.7922          0.0000          0.0000     567300.4570        301.4357 1352000000.0000

INFO:       1700         17.0000    1157062.0456     713158.9121     443903.1335          9.3666     148621.5361      -2188.1608          0.0000          0.0000     566725.5367        301.1144 1352000000.0000

INFO:       1720         17.2000    1156412.0689     712573.2340     443838.8349          9.3637     148536.5665      -2130.8685          0.0000          0.0000     566167.5361        301.1751 1352000000.0000

INFO:       1740         17.4000    1156291.8224     712380.6212     443911.2013          9.3785     148875.6158      -2094.2931          0.0000          0.0000     565599.2985        301.2396 1352000000.0000

INFO:       1760         17.6000    1155645.5416     711586.3076     444059.2340          9.3635     148556.9114      -2016.0973          0.0000          0.0000     565045.4936        301.2039 1352000000.0000

INFO:       1780         17.8000    1154924.7058     710780.3157     444144.3901          9.3538     148334.1911      -2062.4436          0.0000          0.0000     564508.5682        301.2540 1352000000.0000

INFO:       1800         18.0000    1153925.3792     710551.6111     443373.7681          9.3594     148571.2667      -2004.8118          0.0000          0.0000     563985.1562        300.8655 1352000000.0000

INFO:       1820         18.2000    1153597.9219     709902.8360     443695.0859          9.3538     148448.2084      -2001.2680          0.0000          0.0000     563455.8955        300.9807 1352000000.0000

INFO:       1840         18.4000    1153673.0709     709243.9428     444429.1281          9.3585     148520.6676      -2210.2208          0.0000          0.0000     562933.4960        301.3624 1352000000.0000

INFO:       1860         18.6000    1152586.6715     708633.4598     443953.2117          9.3549     148323.5941      -2129.2515          0.0000          0.0000     562439.1172        301.0333 1352000000.0000

INFO:       1880         18.8000    1151827.0752     708201.4526     443625.6227          9.3462     148093.0707      -1873.2435          0.0000          0.0000     561981.6254        300.9377 1352000000.0000

INFO:       1900         19.0000    1150909.2821     708053.4777     442855.8045          9.3471     148328.4371      -1790.8862          0.0000          0.0000     561515.9268        300.4689 1352000000.0000

INFO:       1920         19.2000    1150140.1713     707281.4936     442858.6777          9.3445     148037.6238      -1817.0518          0.0000          0.0000     561060.9216        300.3693 1352000000.0000

INFO:       1940         19.4000    1149943.2154     706852.5435     443090.6720          9.3508     148156.8994      -1901.0997          0.0000          0.0000     560596.7437        300.6105 1352000000.0000

INFO:       1960         19.6000    1149049.1394     706199.6439     442849.4955          9.3513     147997.1325      -1930.5652          0.0000          0.0000     560133.0766        300.4249 1352000000.0000

INFO:       1980         19.8000    1148587.6341     706029.7713     442557.8628          9.3510     148222.5534      -1851.2194          0.0000          0.0000     559658.4373        300.2027 1352000000.0000

INFO:       2000         20.0000    1148213.8908     705665.8757     442548.0150          9.3556     148280.4431      -1802.7245          0.0000          0.0000     559188.1571        300.2606 1352000000.0000

 
[STEP6] Deallocate Arrays
 
Output_Time> Averaged timer profile (Min, Max)
  total time      =      64.350
    setup         =       2.970
    dynamics      =      61.380
      energy      =      54.500
      integrator  =       5.795
      migration   =       0.207
      pairlist    =       0.828 (       0.592,       1.141)
  energy           
    bond          =       0.566 (       0.417,       0.779)
    angle         =       0.011 (       0.011,       0.013)
    dihedral      =       0.010 (       0.009,       0.011)
    base stacking =       0.000 (       0.000,       0.000)
    nonbond       =      35.828 (      24.869,      52.879)
      CG exv      =       0.060 (       0.047,       0.080)
      CG DNA bp   =       0.000 (       0.000,       0.000)
      CG DNA exv  =       0.000 (       0.000,       0.000)
      CG ele      =      29.031 (      20.145,      43.228)
      CG PWMcos   =       0.000 (       0.000,       0.000)
      CG PWMcosns =       0.000 (       0.000,       0.000)
      CG IDR-HPS  =       6.732 (       4.673,       9.568)
      CG IDR-KH   =       0.000 (       0.000,       0.000)
      CG KH       =       0.000 (       0.000,       0.000)
      Contact     =       0.004 (       0.003,       0.004)
      pme real    =       0.000 (       0.000,       0.000)
      pme recip   =       0.000 (       0.000,       0.000)
    solvation     =       0.000 (       0.000,       0.000)
      polar       =       0.000 (       0.000,       0.000)
      non-polar   =       0.000 (       0.000,       0.000)
    restraint     =       0.000 (       0.000,       0.000)
    qmmm          =       0.000 (       0.000,       0.000)
    morph         =       0.000 (       0.000,       0.000)
  integrator       
    constraint    =       0.000 (       0.000,       0.000)
    update        =       0.000 (       0.000,       0.000)
    comm_coord    =       1.685 (       0.370,       2.675)
    comm_force    =       0.412 (       0.387,       0.446)
  migration       =       0.207 (       0.207,       0.207)
    comm_migrate  =       0.015 (       0.005,       0.021)
    ptl_migrate   =       0.015 (       0.011,       0.021)
    bond_migrate  =       0.002 (       0.002,       0.003)
    angl_migrate  =       0.001 (       0.000,       0.001)
    dihe_migrate  =       0.000 (       0.000,       0.001)
    contact_migr  =       0.000 (       0.000,       0.000)
    stack_migrate =       0.000 (       0.000,       0.000)
    pwmcos_migrate =       0.000 (       0.000,       0.000)
    pwmcosns_migr  =       0.000 (       0.000,       0.000)
    nonb_update    =       0.234 (       0.190,       0.324)

