****************************************************
*                                                  *
*                  GENESIS CGDYN                   *
*                                                  *
*        A Molecular Dynamics Simulator with       *
*           Spatial Decomposition Scheme           *
*                                                  *
*               Developed by RIKEN                 *
*                                                  *
****************************************************
 
[STEP0] Architecture and Compiler Information
 
GENESIS_Information> GENESIS Information
  version      = 2.0.0
  commit ID    = $GENESIS_VERSION$
  precision    = mixed 
  nonbonding   = CPU

Build_Information> Compiler Information
  build host   = jjwsmj@hokusai2
  fortran      = ifort (IFORT) 2021.7.1 20221019
  option       = 
  -axCORE-AVX512 -g -O3  -qmkl=parallel  -assume byterecl -qopenmp  
  C            = 
 icc: remark #10441: The Intel(R) C++ Compiler Classic (ICC) is deprecated and w
 ill be removed from product release in the second half of 2023. The Intel(R) on
 eAPI DPC++/C++ Compiler (ICX) is the recommended compiler moving forward. Pleas
 e transition to use this compiler. Use '-diag-disable=10441' to disable this me
 ssage.
  option       = -O3 -ip -axCORE-AVX2  -qopenmp 
  defined var. = 
  -DHAVE_MPI_GENESIS -DOMP -DIFORT19 -DFFTE -DLAPACK -DDSFMT_MEXP=19937 -DINTEL
  link option  = 
  -assume byterecl -lgfortran -qopenmp  -lmkl_intel_lp64 -lmkl_sequential -lmkl_
 core -lmkl_lapack95_lp64   
  MPI Compiler = Intel(R) MPI

Runtime_Information> Machine and Library Information
  date       = 2023/05/12 14:36:17
  cpu model    = Intel(R) Xeon(R) Gold 6148 CPU @ 2.40GHz
  exec. host   = jjwsmj@bwmpc0431
  LD library   = 
 /bwfefs/opt/x86_64/intel/oneapi/2022.3/mpi/2021.7.1/libfabric/lib:/bwfefs/opt/x
 86_64/intel/oneapi/2022.3/mpi/2021.7.1/lib/release:/bwfefs/opt/x86_64/intel/one
 api/2022.3/mpi/2021.7.1/lib:/bwfefs/opt/x86_64/intel/oneapi/2022.3/tbb/2021.7.1
 /lib/intel64/gcc4.8:/usr/lib64:/bwfefs/opt/x86_64/intel/oneapi/2022.3/vpl/2022.
 2.5/lib:/bwfefs/opt/x86_64/intel/oneapi/2022.3/mkl/latest/lib/intel64:/bwfefs/o
 pt/x86_64/intel/oneapi/2022.3/itac/2021.7.1/slib:/bwfefs/opt/x86_64/intel/oneap
 i/2022.3/ippcp/2021.6.2/lib/intel64:/bwfefs/opt/x86_64/intel/oneapi/2022.3/ipp/
 2021.6.2/lib/intel64:/bwfefs/opt/x86_64/intel/oneapi/2022.3/dnnl/2022.2.1/cpu_d
 pcpp_gpu_dpcpp/lib:/bwfefs/opt/x86_64/intel/oneapi/2022.3/dal/2021.7.1/lib/inte
 l64:/bwfefs/opt/x86_64/intel/oneapi/2022.3/compiler/2022.2.1/linux/compiler/lib
 :/bwfefs/opt/x86_64/intel/oneapi/2022.3/compiler/2022.2.1/linux/lib/oclfpga/hos
 t/linux64/lib:/bwfefs/opt/x86_64/intel/oneapi/2022.3/compiler/2022.2.1/linux/li
 b/oclfpga/linux64/lib:/bwfefs/opt/x86_64/intel/oneapi/2022.3/compiler/2022.2.1/
 linux/lib:/bwfefs/opt/x86_64/intel/oneapi/2022.3/compiler/2022.2.1/linux/lib/x6
 4:/bwfefs/opt/x86_64/intel/oneapi/2022.3/compiler/2022.2.1/linux/lib/emu:/bwfef
 s/opt/x86_64/intel/oneapi/2022.3/compiler/2022.2.1/linux/compiler/lib/intel64_l
 in:/bwfefs/opt/x86_64/intel/oneapi/2022.3/debugger/2021.7.1/dep/lib:/bwfefs/opt
 /x86_64/intel/oneapi/2022.3/debugger/2021.7.1/libipt/intel64/lib:/bwfefs/opt/x8
 6_64/intel/oneapi/2022.3/debugger/2021.7.1/gdb/intel64/lib:/bwfefs/opt/x86_64/
 MPI Runtime = Intel(R) MPI Library 2021.7 for Linux* OS


[STEP1] Read Control Parameters
 
Read_Ctrl_Input> Input Files
  grotopfile = pro.top
  grocrdfile = crd/pos_5000.gro
 
Read_Ctrl_Output> Output Files
 
Read_Ctrl_Energy> Parameters of Energy Calculations
  forcefield      =    RESIDCG
  output_style    =    GENESIS
 
Read_Ctrl_Dynamics> Parameters of MD simulation
  integrator      =       VVER  nsteps          =       2000
  timestep        =     0.0100  initial_time    =     0.0000
  eneout_period   =         20  rstout_period   =          0
  crdout_period   =          0  velout_period   =          0
  nbupdate_period =         20  stoptr_period   =         10
  lbupdate_period =          0
  iseed           =         -1
  annealing       =         no
  verbose         =         no
  target_md       =         no
  steered_md      =         no
 
Read_Ctrl_Ensemble> Parameters for Ensemble
  ensemble        =        NVT
  temperature     =    300.000
  tpcontrol       =   LANGEVIN
  gamma_t         =      1.000
 
Read_Ctrl_Boundary> Parameters of Boundary Condition
  type            =       PBC 
  box_size(x,y,z) =   3200.000   650.000   650.000
  min_domain_cell =          2
  domain (x,y,z)  =          8         2         2
 
Read_Ctrl_Selection> Parameters of Selection
  # of groups     =          0
  # of mole names =          0
 
Read_Ctrl_Restraints> No restraint in the system

Read_Ctrl_Fitting_MD> Parameters of Fitting
  fitting method  =  TR+ROT   
  fitting atom    = group1
  mass_weight     =         no
 
[STEP2] Setup MPI
 
Setup_Mpi_Md> Summary of Setup MPI
  number of MPI processes   =         32
  number of OpenMP threads  =          5
  total number of CPU cores =        160

[STEP3] Set Relevant Variables and Structures
 
Read_Grotop> Summary of Grotopfile
  num_moltypes    =          1
    pos100_cg             :
      num_atoms   =        100
      num_bonds   =         99
      num_angls   =          0
      num_dihes   =          0
      num_cmaps   =          0
      num_excls   =          0
      num_constrs =          0
      num_pairs   =          0
      num_vsites2 =          0
      num_vsites3 =          0
      num_vsites4 =          0
      num_vsitesn =          0
      num_posress =          0
      num_PWMcos  =          0
      num_PWMcosns=          0
      num_IDR_HPS =          1
      num_IDR_KH  =          0
    .. not used molecule types were hidden.

  num_molecules   =       5000
    pos100_cg             :  5000

  num_atomtypes   =         33  num_bondtypes   =          0
  num_angltypes   =          0  num_dihetypes   =          0
  num_flangltypes           20
  num_fldihetypes          400
  num_constrtypes =          0  num_cmaptypes   =          0
  num_nbonparms   =          0
  num_basestacktypes  =     16
  num_basepairtypes   =      4
  num_basecrosstypes  =     32
  num_cgdnaexvtypes   =      6
  num_cgelemolpairs   =      1
  num_cg_IDR_HPS_atomtypes  =     20
  num_cg_KH_atomtypes  =    20

  num_cg_pair_MJ_eps   =   400

Define_Molecule> Summary of molecules
  num_atoms       =     500000  num_bonds       =     495000
  num_angles      =          0  num_dihedrals   =          0
  num_impropers   =          0  num_cmap_terms  =          0
  num_residues    =     500000  num_molecules   =       5000
  num_segments    =          1  num_deg_freedom =    1500000
  total_charge    = 500000.000
 
Setup_Boundary_Cell> Set Variables for Boundary Condition
  domains (x,y,z) =          8         2         2
  ncells (x,y,z)  =        112        22        22
 
Define_Enefunc_Gromacs> Number of Interactions in Each Term
  bond_ene        =     495000  angle_ene       =          0
  torsion_ene     =          0
 restraint_groups =          0 restraint_funcs  =          0
 
Setup_Dynamics> Subtract 3 translational degrees of freedom
 
Update_Num_Deg_Freedom> Number of degrees of freedom was updated
  num_deg_freedom =    1499997 (After removing translation)
 
Random_Init> Initialize the random number
  seed            = 781274

Setup_Fitting_cgdyn> NO fitting is applied, skip
  fitting method  =  NO
 
[STEP4] Compute Single Point Energy for Molecules
 
            STEP          ENERGY            BOND  NATIVE_CONTACT NON-NATIVE_CONT           ELECT         IDR_HPS          CG_EXV
 --------------- --------------- --------------- --------------- ---------------
               0     853903.1828     170691.3693          0.0000          0.0000     681472.2486       1739.5649          0.0000

[STEP5] Perform Molecular Dynamics Simulation
 
Initial_Velocity> Generate initial velocities
  iseed           =     781274
  temperature     =    300.000
 
Random_Init_Velocity> Initialize the random number
  seed            = 781274

INFO:       STEP            TIME       TOTAL_ENE   POTENTIAL_ENE     KINETIC_ENE            RMSG            BOND         IDR_HPS  NATIVE_CONTACT          CG_EXV           ELECT     TEMPERATURE          VOLUME
 --------------- --------------- --------------- --------------- ---------------
INFO:          0          0.0000    1300983.6614     853903.1828     447080.4787         10.1780     170691.3693       1739.5649          0.0000          0.0000     681472.2486          0.0000 1352000000.0000

INFO:         20          0.2000    1295589.1842     842337.8499     453251.3343          9.8529     161019.4682        678.1058          0.0000          0.0000     680640.2760        307.4165 1352000000.0000

INFO:         40          0.4000    1290683.8994     836080.6413     454603.2581          9.7418     158551.6259      -1203.7938          0.0000          0.0000     678732.8092        308.6063 1352000000.0000

INFO:         60          0.6000    1285086.4469     829594.9353     455491.5116          9.6432     156049.5602      -2636.3318          0.0000          0.0000     676181.7069        309.1344 1352000000.0000

INFO:         80          0.8000    1279723.3934     824018.7442     455704.6492          9.5939     154627.5058      -3848.0240          0.0000          0.0000     673239.2624        309.0391 1352000000.0000

INFO:        100          1.0000    1273887.1901     818909.6116     454977.5785          9.5463     153394.0309      -4617.6395          0.0000          0.0000     670133.2202        308.5958 1352000000.0000

INFO:        120          1.2000    1269289.2266     814668.2301     454620.9966          9.5231     152673.0342      -5019.5349          0.0000          0.0000     667014.7308        308.3190 1352000000.0000

INFO:        140          1.4000    1265245.7371     810888.4671     454357.2700          9.4964     152046.8461      -5101.5054          0.0000          0.0000     663943.1263        308.1490 1352000000.0000

INFO:        160          1.6000    1260737.1847     807239.6335     453497.5512          9.4802     151419.6212      -5088.3386          0.0000          0.0000     660908.3509        307.5267 1352000000.0000

INFO:        180          1.8000    1255405.9337     803237.3829     452168.5508          9.4428     150531.8273      -5256.9940          0.0000          0.0000     657962.5496        306.5717 1352000000.0000

INFO:        200          2.0000    1251561.8707     799715.9457     451845.9250          9.4221     150046.9890      -5410.9174          0.0000          0.0000     655079.8741        306.4094 1352000000.0000

INFO:        220          2.2000    1247688.5048     796718.2564     450970.2484          9.4144     149812.7713      -5371.2690          0.0000          0.0000     652276.7540        305.8057 1352000000.0000

INFO:        240          2.4000    1244281.0283     793826.3110     450454.7173          9.4079     149429.0322      -5217.5036          0.0000          0.0000     649614.7823        305.5783 1352000000.0000

INFO:        260          2.6000    1241396.8943     791366.8797     450030.0145          9.4056     149479.4614      -5157.1265          0.0000          0.0000     647044.5448        305.0319 1352000000.0000

INFO:        280          2.8000    1238221.3963     788766.0779     449455.3183          9.3894     149102.9329      -4930.1459          0.0000          0.0000     644593.2910        304.6721 1352000000.0000

INFO:        300          3.0000    1234820.6221     785932.7123     448887.9098          9.3732     148638.5337      -4905.7297          0.0000          0.0000     642199.9083        304.4309 1352000000.0000

INFO:        320          3.2000    1231913.9240     783599.4927     448314.4313          9.3570     148671.0768      -4959.5689          0.0000          0.0000     639887.9847        303.9216 1352000000.0000

INFO:        340          3.4000    1229399.8674     781221.8362     448178.0312          9.3643     148508.2465      -4980.6399          0.0000          0.0000     637694.2296        303.9016 1352000000.0000

INFO:        360          3.6000    1227107.7945     779529.8222     447577.9723          9.3676     148769.9526      -4813.7657          0.0000          0.0000     635573.6353        303.6228 1352000000.0000

INFO:        380          3.8000    1225422.8648     777007.0765     448415.7883          9.3512     148073.7786      -4588.0567          0.0000          0.0000     633521.3546        304.0014 1352000000.0000

INFO:        400          4.0000    1223339.9452     775747.8613     447592.0840          9.3667     148617.7894      -4387.2309          0.0000          0.0000     631517.3027        303.4465 1352000000.0000

INFO:        420          4.2000    1220784.6496     773674.4696     447110.1800          9.3658     148500.2531      -4410.2073          0.0000          0.0000     629584.4239        303.1558 1352000000.0000

INFO:        440          4.4000    1218854.1319     771999.2011     446854.9308          9.3672     148618.5611      -4313.8370          0.0000          0.0000     627694.4769        303.0536 1352000000.0000

INFO:        460          4.6000    1217417.9479     770050.9490     447366.9988          9.3540     148362.7386      -4205.5566          0.0000          0.0000     625893.7671        303.5370 1352000000.0000

INFO:        480          4.8000    1215775.2298     768526.7549     447248.4749          9.3566     148401.1165      -4040.5995          0.0000          0.0000     624166.2379        303.4150 1352000000.0000

INFO:        500          5.0000    1213222.1213     766592.9077     446629.2136          9.3435     148034.5807      -3965.2027          0.0000          0.0000     622523.5296        302.8652 1352000000.0000

INFO:        520          5.2000    1212088.6583     765621.4845     446467.1738          9.3599     148507.0450      -3791.2425          0.0000          0.0000     620905.6820        302.8019 1352000000.0000

INFO:        540          5.4000    1210557.7224     763762.1930     446795.5294          9.3523     148140.6404      -3698.2321          0.0000          0.0000     619319.7847        303.0146 1352000000.0000

INFO:        560          5.6000    1208956.5591     762059.5845     446896.9746          9.3577     148152.8679      -3849.2364          0.0000          0.0000     617755.9530        303.1804 1352000000.0000

INFO:        580          5.8000    1207455.8120     760519.3049     446936.5071          9.3533     148161.5205      -3879.1161          0.0000          0.0000     616236.9005        303.1196 1352000000.0000

INFO:        600          6.0000    1205645.9026     759676.7025     445969.2001          9.3649     148472.7015      -3566.3228          0.0000          0.0000     614770.3238        302.5612 1352000000.0000

INFO:        620          6.2000    1204366.5758     758239.1098     446127.4659          9.3624     148370.3838      -3492.9482          0.0000          0.0000     613361.6743        302.4673 1352000000.0000

INFO:        640          6.4000    1203696.8248     757341.4460     446355.3788          9.3832     148876.0723      -3491.7232          0.0000          0.0000     611957.0969        302.6394 1352000000.0000

INFO:        660          6.6000    1201336.3792     755667.6296     445668.7496          9.3708     148459.0931      -3381.9805          0.0000          0.0000     610590.5170        302.2356 1352000000.0000

INFO:        680          6.8000    1199688.7704     754020.6567     445668.1137          9.3594     148224.2945      -3427.7036          0.0000          0.0000     609224.0658        302.2674 1352000000.0000

INFO:        700          7.0000    1198166.6076     752659.6779     445506.9296          9.3608     148289.1818      -3514.1356          0.0000          0.0000     607884.6318        302.0607 1352000000.0000

INFO:        720          7.2000    1196823.3846     751476.8227     445346.5618          9.3602     148303.1136      -3431.4416          0.0000          0.0000     606605.1507        302.0444 1352000000.0000

INFO:        740          7.4000    1195692.2359     750378.4174     445313.8185          9.3600     148254.0607      -3236.7621          0.0000          0.0000     605361.1188        302.0855 1352000000.0000

INFO:        760          7.6000    1195220.6930     749350.7374     445869.9555          9.3590     148479.9360      -3274.7135          0.0000          0.0000     604145.5149        302.3700 1352000000.0000

INFO:        780          7.8000    1193687.4088     748092.9635     445594.4453          9.3618     148496.3730      -3372.5634          0.0000          0.0000     602969.1539        302.3092 1352000000.0000

INFO:        800          8.0000    1192624.5794     746700.5673     445924.0121          9.3589     148401.1974      -3518.5730          0.0000          0.0000     601817.9429        302.2617 1352000000.0000

INFO:        820          8.2000    1190764.2397     745546.4263     445217.8134          9.3578     148284.1118      -3443.3624          0.0000          0.0000     600705.6769        302.0409 1352000000.0000

INFO:        840          8.4000    1189949.1987     745290.0083     444659.1904          9.3691     148803.5772      -3162.8242          0.0000          0.0000     599649.2553        301.3582 1352000000.0000

INFO:        860          8.6000    1188988.8829     744092.6681     444896.2147          9.3696     148514.9510      -3029.2147          0.0000          0.0000     598606.9318        301.5235 1352000000.0000

INFO:        880          8.8000    1187924.7698     743332.1444     444592.6254          9.3748     148756.5673      -2980.1508          0.0000          0.0000     597555.7279        301.5927 1352000000.0000

INFO:        900          9.0000    1187455.9643     741864.6546     445591.3097          9.3595     148288.1422      -2957.8642          0.0000          0.0000     596534.3766        302.2537 1352000000.0000

INFO:        920          9.2000    1186548.7772     740945.7092     445603.0680          9.3622     148639.1837      -3162.4720          0.0000          0.0000     595468.9974        302.2513 1352000000.0000

INFO:        940          9.4000    1185305.8274     739787.2436     445518.5838          9.3657     148463.7686      -3145.2403          0.0000          0.0000     594468.7153        302.3059 1352000000.0000

INFO:        960          9.6000    1184435.2594     739011.3823     445423.8771          9.3576     148458.0563      -2930.2059          0.0000          0.0000     593483.5319        301.9986 1352000000.0000

INFO:        980          9.8000    1183142.5822     737584.6484     445557.9338          9.3411     147908.0778      -2845.4630          0.0000          0.0000     592522.0336        302.2028 1352000000.0000

INFO:       1000         10.0000    1182435.6539     736649.3850     445786.2689          9.3332     147876.0413      -2802.1288          0.0000          0.0000     591575.4725        302.3324 1352000000.0000

INFO:       1020         10.2000    1181653.8062     736141.7477     445512.0584          9.3524     148365.4868      -2870.0327          0.0000          0.0000     590646.2936        302.2954 1352000000.0000

INFO:       1040         10.4000    1180922.0084     735996.5947     444925.4138          9.3703     148966.7244      -2703.8493          0.0000          0.0000     589733.7195        301.8940 1352000000.0000

INFO:       1060         10.6000    1180385.4577     735160.6301     445224.8276          9.3734     148901.3766      -2590.9137          0.0000          0.0000     588850.1671        301.9110 1352000000.0000

INFO:       1080         10.8000    1179210.1407     734272.9581     444937.1826          9.3703     148867.7178      -2582.6308          0.0000          0.0000     587987.8710        302.0209 1352000000.0000

INFO:       1100         11.0000    1178550.3422     733482.2066     445068.1356          9.3728     148943.0144      -2619.4023          0.0000          0.0000     587158.5944        301.8234 1352000000.0000

INFO:       1120         11.2000    1177287.1460     732427.9795     444859.1665          9.3628     148457.1345      -2381.6080          0.0000          0.0000     586352.4529        301.7897 1352000000.0000

INFO:       1140         11.4000    1176479.6663     731622.9230     444856.7433          9.3611     148603.8708      -2498.5640          0.0000          0.0000     585517.6162        301.6885 1352000000.0000

INFO:       1160         11.6000    1175445.4033     730227.4771     445217.9262          9.3374     148089.7514      -2581.5179          0.0000          0.0000     584719.2436        302.0170 1352000000.0000

INFO:       1180         11.8000    1173666.4958     729739.5385     443926.9573          9.3553     148331.0378      -2527.1769          0.0000          0.0000     583935.6776        301.0819 1352000000.0000

INFO:       1200         12.0000    1173170.7014     728985.6617     444185.0398          9.3456     148239.6532      -2420.7727          0.0000          0.0000     583166.7812        301.3401 1352000000.0000

INFO:       1220         12.2000    1172384.9042     727966.6981     444418.2061          9.3490     148028.0580      -2469.1779          0.0000          0.0000     582407.8180        301.3050 1352000000.0000

INFO:       1240         12.4000    1171531.8941     727725.5605     443806.3335          9.3605     148556.6658      -2490.0344          0.0000          0.0000     581658.9291        300.9661 1352000000.0000

INFO:       1260         12.6000    1170847.7187     726929.6306     443918.0881          9.3570     148177.5940      -2174.1920          0.0000          0.0000     580926.2286        301.0323 1352000000.0000

INFO:       1280         12.8000    1170530.4702     726664.7547     443865.7154          9.3646     148513.6038      -2042.0573          0.0000          0.0000     580193.2082        301.1376 1352000000.0000

INFO:       1300         13.0000    1170716.6018     726264.3374     444452.2644          9.3697     148944.7585      -2134.8828          0.0000          0.0000     579454.4616        301.6043 1352000000.0000

INFO:       1320         13.2000    1169131.0520     724682.1953     444448.8567          9.3545     148046.0013      -2070.5351          0.0000          0.0000     578706.7292        301.5086 1352000000.0000

INFO:       1340         13.4000    1168174.1980     724148.0156     444026.1825          9.3510     148270.4722      -2068.8070          0.0000          0.0000     577946.3503        301.1726 1352000000.0000

INFO:       1360         13.6000    1167194.3248     722582.8895     444611.4353          9.3306     147689.4804      -2305.2323          0.0000          0.0000     577198.6414        301.4860 1352000000.0000

INFO:       1380         13.8000    1166093.1089     721649.4375     444443.6714          9.3296     147620.5502      -2432.3116          0.0000          0.0000     576461.1990        301.4838 1352000000.0000

INFO:       1400         14.0000    1165327.9365     721351.1044     443976.8321          9.3381     148145.5459      -2535.9114          0.0000          0.0000     575741.4699        301.1931 1352000000.0000

INFO:       1420         14.2000    1164398.4610     720359.1389     444039.3221          9.3395     147799.0257      -2521.8222          0.0000          0.0000     575081.9355        301.1466 1352000000.0000

INFO:       1440         14.4000    1163735.4419     720212.9254     443522.5165          9.3453     148049.6577      -2254.9920          0.0000          0.0000     574418.2597        300.7578 1352000000.0000

INFO:       1460         14.6000    1163129.3159     719611.6940     443517.6218          9.3498     147976.7526      -2152.2264          0.0000          0.0000     573787.1678        300.7317 1352000000.0000

INFO:       1480         14.8000    1162554.1117     719047.5425     443506.5692          9.3503     148075.6513      -2201.8315          0.0000          0.0000     573173.7227        300.9269 1352000000.0000

INFO:       1500         15.0000    1162428.8856     718795.8797     443633.0060          9.3534     148362.6218      -2117.9596          0.0000          0.0000     572551.2175        300.9191 1352000000.0000

INFO:       1520         15.2000    1162173.7363     718176.1314     443997.6049          9.3561     148212.4374      -1985.6409          0.0000          0.0000     571949.3349        301.2640 1352000000.0000

INFO:       1540         15.4000    1161535.3280     717556.4792     443978.8488          9.3539     148228.9106      -1992.0580          0.0000          0.0000     571319.6266        301.1511 1352000000.0000

INFO:       1560         15.6000    1160910.3517     717196.4503     443713.9014          9.3691     148460.1216      -1964.5614          0.0000          0.0000     570700.8901        301.1154 1352000000.0000

INFO:       1580         15.8000    1160712.5245     716404.0358     444308.4887          9.3643     148275.2251      -1945.9029          0.0000          0.0000     570074.7136        301.5146 1352000000.0000

INFO:       1600         16.0000    1160023.9446     715950.3918     444073.5528          9.3639     148497.4377      -2009.2020          0.0000          0.0000     569462.1560        301.1065 1352000000.0000

INFO:       1620         16.2000    1159172.8644     715260.5446     443912.3198          9.3489     148387.4357      -1999.1844          0.0000          0.0000     568872.2933        301.0986 1352000000.0000

INFO:       1640         16.4000    1158398.3395     714039.5655     444358.7740          9.3351     147728.1297      -2002.9564          0.0000          0.0000     568314.3922        301.4868 1352000000.0000

INFO:       1660         16.6000    1157393.9649     713917.4205     443476.5444          9.3415     147998.3847      -1831.8890          0.0000          0.0000     567750.9248        300.7276 1352000000.0000

INFO:       1680         16.8000    1157487.6600     713279.1906     444208.4694          9.3451     147816.1583      -1761.2264          0.0000          0.0000     567224.2587        301.2900 1352000000.0000

INFO:       1700         17.0000    1157308.2448     713319.1255     443989.1192          9.3541     148316.2808      -1659.1006          0.0000          0.0000     566661.9453        301.1513 1352000000.0000

INFO:       1720         17.2000    1156492.3864     712448.4468     444043.9396          9.3468     148092.2209      -1758.9102          0.0000          0.0000     566115.1360        301.3136 1352000000.0000

INFO:       1740         17.4000    1155833.8868     711664.5467     444169.3401          9.3476     147974.4652      -1880.3083          0.0000          0.0000     565570.3898        301.2431 1352000000.0000

INFO:       1760         17.6000    1155312.1061     711487.8456     443824.2604          9.3550     148224.5988      -1797.0894          0.0000          0.0000     565060.3363        300.9253 1352000000.0000

INFO:       1780         17.8000    1154110.0602     711349.2724     442760.7878          9.3579     148514.2520      -1721.1340          0.0000          0.0000     564556.1544        300.2214 1352000000.0000

INFO:       1800         18.0000    1152968.6875     710544.0941     442424.5934          9.3503     148176.8317      -1707.2800          0.0000          0.0000     564074.5424        300.1142 1352000000.0000

INFO:       1820         18.2000    1152953.9590     710336.8925     442617.0665          9.3589     148532.1859      -1768.7501          0.0000          0.0000     563573.4567        300.2896 1352000000.0000

INFO:       1840         18.4000    1152840.8703     709471.2951     443369.5752          9.3464     148205.0987      -1809.1057          0.0000          0.0000     563075.3021        300.7872 1352000000.0000

INFO:       1860         18.6000    1152189.9092     709028.2223     443161.6869          9.3530     148161.4770      -1727.3825          0.0000          0.0000     562594.1278        300.5467 1352000000.0000

INFO:       1880         18.8000    1151915.9719     708878.7764     443037.1955          9.3554     148366.7795      -1596.1487          0.0000          0.0000     562108.1456        300.5400 1352000000.0000

INFO:       1900         19.0000    1151354.7519     708434.5524     442920.1995          9.3524     148470.4285      -1647.9334          0.0000          0.0000     561612.0573        300.3378 1352000000.0000

INFO:       1920         19.2000    1151775.0252     707834.7216     443940.3036          9.3510     148325.8006      -1605.9058          0.0000          0.0000     561114.8268        301.1121 1352000000.0000

INFO:       1940         19.4000    1151260.4975     707623.3618     443637.1357          9.3511     148410.6113      -1417.8384          0.0000          0.0000     560630.5888        300.8441 1352000000.0000

INFO:       1960         19.6000    1151155.2103     707093.3030     444061.9074          9.3571     148459.0951      -1498.1353          0.0000          0.0000     560132.3432        301.3275 1352000000.0000

INFO:       1980         19.8000    1150834.8582     706751.4413     444083.4169          9.3657     148661.9127      -1549.8819          0.0000          0.0000     559639.4105        301.4267 1352000000.0000

INFO:       2000         20.0000    1150355.0616     706133.3109     444221.7506          9.3546     148473.1633      -1518.6985          0.0000          0.0000     559178.8461        301.4626 1352000000.0000

 
[STEP6] Deallocate Arrays
 
Output_Time> Averaged timer profile (Min, Max)
  total time      =      63.802
    setup         =       2.991
    dynamics      =      60.811
      energy      =      53.926
      integrator  =       5.802
      migration   =       0.207
      pairlist    =       0.832 (       0.598,       1.139)
  energy           
    bond          =       0.571 (       0.415,       0.852)
    angle         =       0.011 (       0.011,       0.014)
    dihedral      =       0.010 (       0.010,       0.011)
    base stacking =       0.000 (       0.000,       0.000)
    nonbond       =      35.950 (      23.901,      51.940)
      CG exv      =       0.060 (       0.048,       0.083)
      CG DNA bp   =       0.000 (       0.000,       0.000)
      CG DNA exv  =       0.000 (       0.000,       0.000)
      CG ele      =      29.150 (      19.237,      42.379)
      CG PWMcos   =       0.000 (       0.000,       0.000)
      CG PWMcosns =       0.000 (       0.000,       0.000)
      CG IDR-HPS  =       6.735 (       4.611,       9.474)
      CG IDR-KH   =       0.000 (       0.000,       0.000)
      CG KH       =       0.000 (       0.000,       0.000)
      Contact     =       0.004 (       0.003,       0.004)
      pme real    =       0.000 (       0.000,       0.000)
      pme recip   =       0.000 (       0.000,       0.000)
    solvation     =       0.000 (       0.000,       0.000)
      polar       =       0.000 (       0.000,       0.000)
      non-polar   =       0.000 (       0.000,       0.000)
    restraint     =       0.000 (       0.000,       0.000)
    qmmm          =       0.000 (       0.000,       0.000)
    morph         =       0.000 (       0.000,       0.000)
  integrator       
    constraint    =       0.000 (       0.000,       0.000)
    update        =       0.000 (       0.000,       0.000)
    comm_coord    =       1.690 (       0.385,       2.673)
    comm_force    =       0.415 (       0.391,       0.456)
  migration       =       0.207 (       0.207,       0.207)
    comm_migrate  =       0.015 (       0.006,       0.020)
    ptl_migrate   =       0.015 (       0.011,       0.020)
    bond_migrate  =       0.003 (       0.002,       0.003)
    angl_migrate  =       0.001 (       0.001,       0.001)
    dihe_migrate  =       0.001 (       0.000,       0.001)
    contact_migr  =       0.000 (       0.000,       0.000)
    stack_migrate =       0.000 (       0.000,       0.000)
    pwmcos_migrate =       0.000 (       0.000,       0.000)
    pwmcosns_migr  =       0.000 (       0.000,       0.000)
    nonb_update    =       0.234 (       0.190,       0.325)

