****************************************************
*                                                  *
*                  GENESIS CGDYN                   *
*                                                  *
*        A Molecular Dynamics Simulator with       *
*           Spatial Decomposition Scheme           *
*                                                  *
*               Developed by RIKEN                 *
*                                                  *
****************************************************
 
[STEP0] Architecture and Compiler Information
 
GENESIS_Information> GENESIS Information
  version      = 2.0.0
  commit ID    = $GENESIS_VERSION$
  precision    = mixed 
  nonbonding   = CPU

Build_Information> Compiler Information
  build host   = jjwsmj@hokusai2
  fortran      = ifort (IFORT) 2021.7.1 20221019
  option       = 
  -axCORE-AVX512 -g -O3  -qmkl=parallel  -assume byterecl -qopenmp  
  C            = 
 icc: remark #10441: The Intel(R) C++ Compiler Classic (ICC) is deprecated and w
 ill be removed from product release in the second half of 2023. The Intel(R) on
 eAPI DPC++/C++ Compiler (ICX) is the recommended compiler moving forward. Pleas
 e transition to use this compiler. Use '-diag-disable=10441' to disable this me
 ssage.
  option       = -O3 -ip -axCORE-AVX2  -qopenmp 
  defined var. = 
  -DHAVE_MPI_GENESIS -DOMP -DIFORT19 -DFFTE -DLAPACK -DDSFMT_MEXP=19937 -DINTEL
  link option  = 
  -assume byterecl -lgfortran -qopenmp  -lmkl_intel_lp64 -lmkl_sequential -lmkl_
 core -lmkl_lapack95_lp64   
  MPI Compiler = Intel(R) MPI

Runtime_Information> Machine and Library Information
  date       = 2023/05/12 14:36:15
  cpu model    = Intel(R) Xeon(R) Gold 6148 CPU @ 2.40GHz
  exec. host   = jjwsmj@bwmpc0423
  LD library   = 
 /bwfefs/opt/x86_64/intel/oneapi/2022.3/mpi/2021.7.1/libfabric/lib:/bwfefs/opt/x
 86_64/intel/oneapi/2022.3/mpi/2021.7.1/lib/release:/bwfefs/opt/x86_64/intel/one
 api/2022.3/mpi/2021.7.1/lib:/bwfefs/opt/x86_64/intel/oneapi/2022.3/tbb/2021.7.1
 /lib/intel64/gcc4.8:/usr/lib64:/bwfefs/opt/x86_64/intel/oneapi/2022.3/vpl/2022.
 2.5/lib:/bwfefs/opt/x86_64/intel/oneapi/2022.3/mkl/latest/lib/intel64:/bwfefs/o
 pt/x86_64/intel/oneapi/2022.3/itac/2021.7.1/slib:/bwfefs/opt/x86_64/intel/oneap
 i/2022.3/ippcp/2021.6.2/lib/intel64:/bwfefs/opt/x86_64/intel/oneapi/2022.3/ipp/
 2021.6.2/lib/intel64:/bwfefs/opt/x86_64/intel/oneapi/2022.3/dnnl/2022.2.1/cpu_d
 pcpp_gpu_dpcpp/lib:/bwfefs/opt/x86_64/intel/oneapi/2022.3/dal/2021.7.1/lib/inte
 l64:/bwfefs/opt/x86_64/intel/oneapi/2022.3/compiler/2022.2.1/linux/compiler/lib
 :/bwfefs/opt/x86_64/intel/oneapi/2022.3/compiler/2022.2.1/linux/lib/oclfpga/hos
 t/linux64/lib:/bwfefs/opt/x86_64/intel/oneapi/2022.3/compiler/2022.2.1/linux/li
 b/oclfpga/linux64/lib:/bwfefs/opt/x86_64/intel/oneapi/2022.3/compiler/2022.2.1/
 linux/lib:/bwfefs/opt/x86_64/intel/oneapi/2022.3/compiler/2022.2.1/linux/lib/x6
 4:/bwfefs/opt/x86_64/intel/oneapi/2022.3/compiler/2022.2.1/linux/lib/emu:/bwfef
 s/opt/x86_64/intel/oneapi/2022.3/compiler/2022.2.1/linux/compiler/lib/intel64_l
 in:/bwfefs/opt/x86_64/intel/oneapi/2022.3/debugger/2021.7.1/dep/lib:/bwfefs/opt
 /x86_64/intel/oneapi/2022.3/debugger/2021.7.1/libipt/intel64/lib:/bwfefs/opt/x8
 6_64/intel/oneapi/2022.3/debugger/2021.7.1/gdb/intel64/lib:/bwfefs/opt/x86_64/
 MPI Runtime = Intel(R) MPI Library 2021.7 for Linux* OS


[STEP1] Read Control Parameters
 
Read_Ctrl_Input> Input Files
  grotopfile = pro.top
  grocrdfile = crd/pos_5000.gro
 
Read_Ctrl_Output> Output Files
 
Read_Ctrl_Energy> Parameters of Energy Calculations
  forcefield      =    RESIDCG
  output_style    =    GENESIS
 
Read_Ctrl_Dynamics> Parameters of MD simulation
  integrator      =       VVER  nsteps          =       2000
  timestep        =     0.0100  initial_time    =     0.0000
  eneout_period   =         20  rstout_period   =          0
  crdout_period   =          0  velout_period   =          0
  nbupdate_period =         20  stoptr_period   =         10
  lbupdate_period =          0
  iseed           =         -1
  annealing       =         no
  verbose         =         no
  target_md       =         no
  steered_md      =         no
 
Read_Ctrl_Ensemble> Parameters for Ensemble
  ensemble        =        NVT
  temperature     =    300.000
  tpcontrol       =   LANGEVIN
  gamma_t         =      1.000
 
Read_Ctrl_Boundary> Parameters of Boundary Condition
  type            =       PBC 
  box_size(x,y,z) =   3200.000   650.000   650.000
  min_domain_cell =          2
  domain (x,y,z)  =          8         2         2
 
Read_Ctrl_Selection> Parameters of Selection
  # of groups     =          0
  # of mole names =          0
 
Read_Ctrl_Restraints> No restraint in the system

Read_Ctrl_Fitting_MD> Parameters of Fitting
  fitting method  =  TR+ROT   
  fitting atom    = group1
  mass_weight     =         no
 
[STEP2] Setup MPI
 
Setup_Mpi_Md> Summary of Setup MPI
  number of MPI processes   =         32
  number of OpenMP threads  =          5
  total number of CPU cores =        160

[STEP3] Set Relevant Variables and Structures
 
Read_Grotop> Summary of Grotopfile
  num_moltypes    =          1
    pos100_cg             :
      num_atoms   =        100
      num_bonds   =         99
      num_angls   =          0
      num_dihes   =          0
      num_cmaps   =          0
      num_excls   =          0
      num_constrs =          0
      num_pairs   =          0
      num_vsites2 =          0
      num_vsites3 =          0
      num_vsites4 =          0
      num_vsitesn =          0
      num_posress =          0
      num_PWMcos  =          0
      num_PWMcosns=          0
      num_IDR_HPS =          1
      num_IDR_KH  =          0
    .. not used molecule types were hidden.

  num_molecules   =       5000
    pos100_cg             :  5000

  num_atomtypes   =         33  num_bondtypes   =          0
  num_angltypes   =          0  num_dihetypes   =          0
  num_flangltypes           20
  num_fldihetypes          400
  num_constrtypes =          0  num_cmaptypes   =          0
  num_nbonparms   =          0
  num_basestacktypes  =     16
  num_basepairtypes   =      4
  num_basecrosstypes  =     32
  num_cgdnaexvtypes   =      6
  num_cgelemolpairs   =      1
  num_cg_IDR_HPS_atomtypes  =     20
  num_cg_KH_atomtypes  =    20

  num_cg_pair_MJ_eps   =   400

Define_Molecule> Summary of molecules
  num_atoms       =     500000  num_bonds       =     495000
  num_angles      =          0  num_dihedrals   =          0
  num_impropers   =          0  num_cmap_terms  =          0
  num_residues    =     500000  num_molecules   =       5000
  num_segments    =          1  num_deg_freedom =    1500000
  total_charge    = 500000.000
 
Setup_Boundary_Cell> Set Variables for Boundary Condition
  domains (x,y,z) =          8         2         2
  ncells (x,y,z)  =        112        22        22
 
Define_Enefunc_Gromacs> Number of Interactions in Each Term
  bond_ene        =     495000  angle_ene       =          0
  torsion_ene     =          0
 restraint_groups =          0 restraint_funcs  =          0
 
Setup_Dynamics> Subtract 3 translational degrees of freedom
 
Update_Num_Deg_Freedom> Number of degrees of freedom was updated
  num_deg_freedom =    1499997 (After removing translation)
 
Random_Init> Initialize the random number
  seed            = 91174

Setup_Fitting_cgdyn> NO fitting is applied, skip
  fitting method  =  NO
 
[STEP4] Compute Single Point Energy for Molecules
 
            STEP          ENERGY            BOND  NATIVE_CONTACT NON-NATIVE_CONT           ELECT         IDR_HPS          CG_EXV
 --------------- --------------- --------------- --------------- ---------------
               0     853903.1828     170691.3693          0.0000          0.0000     681472.2486       1739.5649          0.0000

[STEP5] Perform Molecular Dynamics Simulation
 
Initial_Velocity> Generate initial velocities
  iseed           =      91174
  temperature     =    300.000
 
Random_Init_Velocity> Initialize the random number
  seed            = 91174

INFO:       STEP            TIME       TOTAL_ENE   POTENTIAL_ENE     KINETIC_ENE            RMSG            BOND         IDR_HPS  NATIVE_CONTACT          CG_EXV           ELECT     TEMPERATURE          VOLUME
 --------------- --------------- --------------- --------------- ---------------
INFO:          0          0.0000    1301456.3222     853903.1828     447553.1394         10.1780     170691.3693       1739.5649          0.0000          0.0000     681472.2486          0.0000 1352000000.0000

INFO:         20          0.2000    1296160.7261     842057.7226     454103.0035          9.8496     160670.3046        660.8603          0.0000          0.0000     680726.5578        308.0099 1352000000.0000

INFO:         40          0.4000    1291508.9871     836117.9103     455391.0768          9.7373     158161.6191       -962.1321          0.0000          0.0000     678918.4233        309.0529 1352000000.0000

INFO:         60          0.6000    1285929.4719     829783.2885     456146.1834          9.6500     155894.9901      -2500.6858          0.0000          0.0000     676388.9841        309.6555 1352000000.0000

INFO:         80          0.8000    1280332.9553     824159.8101     456173.1452          9.5917     154316.5334      -3630.5412          0.0000          0.0000     673473.8179        309.4283 1352000000.0000

INFO:        100          1.0000    1274631.2638     819851.7794     454779.4844          9.5715     153938.5195      -4496.6827          0.0000          0.0000     670409.9426        308.5520 1352000000.0000

INFO:        120          1.2000    1269812.2440     814596.4307     455215.8132          9.5165     152208.8145      -4901.3033          0.0000          0.0000     667288.9196        308.7700 1352000000.0000

INFO:        140          1.4000    1265246.1091     811068.2949     454177.8142          9.5042     151947.3044      -5071.5315          0.0000          0.0000     664192.5220        308.0637 1352000000.0000

INFO:        160          1.6000    1260690.7491     806715.5823     453975.1668          9.4666     150931.3219      -5373.6297          0.0000          0.0000     661157.8901        307.7260 1352000000.0000

INFO:        180          1.8000    1256207.0239     803169.0102     453038.0137          9.4347     150402.9956      -5450.5540          0.0000          0.0000     658216.5686        307.0197 1352000000.0000

INFO:        200          2.0000    1252566.9392     800251.8797     452315.0595          9.4359     150223.7518      -5321.4514          0.0000          0.0000     655349.5793        306.7168 1352000000.0000

INFO:        220          2.2000    1248233.3268     797507.8239     450725.5029          9.4323     150063.4940      -5117.6049          0.0000          0.0000     652561.9348        305.7009 1352000000.0000

INFO:        240          2.4000    1244636.1485     794458.0586     450178.0899          9.4024     149552.1031      -4966.1930          0.0000          0.0000     649872.1484        305.2438 1352000000.0000

INFO:        260          2.6000    1241899.9712     791295.7690     450604.2022          9.3942     149125.9949      -5102.9617          0.0000          0.0000     647272.7358        305.5768 1352000000.0000

INFO:        280          2.8000    1238385.6819     789065.1944     449320.4875          9.3972     149290.9777      -4988.0339          0.0000          0.0000     644762.2507        304.5452 1352000000.0000

INFO:        300          3.0000    1235847.0830     786944.5308     448902.5522          9.3969     149350.5667      -4777.5795          0.0000          0.0000     642371.5435        304.3979 1352000000.0000

INFO:        320          3.2000    1233216.4360     784588.4606     448627.9753          9.3899     149178.4819      -4640.5119          0.0000          0.0000     640050.4907        304.4162 1352000000.0000

INFO:        340          3.4000    1230604.6166     782016.5744     448588.0422          9.3796     148928.5909      -4717.3500          0.0000          0.0000     637805.3335        304.3888 1352000000.0000

INFO:        360          3.6000    1228762.4838     779970.2445     448792.2393          9.3842     148975.1126      -4646.3489          0.0000          0.0000     635641.4808        304.3822 1352000000.0000

INFO:        380          3.8000    1226282.4580     777863.9622     448418.4957          9.3749     148746.5217      -4429.8343          0.0000          0.0000     633547.2748        304.1766 1352000000.0000

INFO:        400          4.0000    1223861.3932     775939.1909     447922.2023          9.3713     148677.7379      -4265.6093          0.0000          0.0000     631527.0624        303.8571 1352000000.0000

INFO:        420          4.2000    1220929.8612     773559.4119     447370.4493          9.3529     148363.1652      -4336.3606          0.0000          0.0000     629532.6073        303.5397 1352000000.0000

INFO:        440          4.4000    1219232.3279     772167.9086     447064.4194          9.3673     148856.0198      -4285.1883          0.0000          0.0000     627597.0770        303.1155 1352000000.0000

INFO:        460          4.6000    1216990.9562     769748.8617     447242.0945          9.3528     148381.3162      -4354.3207          0.0000          0.0000     625721.8662        303.3103 1352000000.0000

INFO:        480          4.8000    1215369.9297     768016.3879     447353.5419          9.3536     148510.5894      -4417.1677          0.0000          0.0000     623922.9662        303.4069 1352000000.0000

INFO:        500          5.0000    1213597.9446     766364.7929     447233.1518          9.3541     148415.3655      -4277.0925          0.0000          0.0000     622226.5199        303.3729 1352000000.0000

INFO:        520          5.2000    1211762.1042     764766.8971     446995.2071          9.3444     148158.7491      -3975.5631          0.0000          0.0000     620583.7111        303.2039 1352000000.0000

INFO:        540          5.4000    1209796.4025     763699.4088     446096.9937          9.3559     148418.8829      -3741.1122          0.0000          0.0000     619021.6380        302.4946 1352000000.0000

INFO:        560          5.6000    1208509.0290     761736.0757     446772.9533          9.3423     147923.7630      -3685.7067          0.0000          0.0000     617498.0193        302.9489 1352000000.0000

INFO:        580          5.8000    1206820.6415     760740.5372     446080.1043          9.3573     148582.8182      -3848.8713          0.0000          0.0000     616006.5903        302.6598 1352000000.0000

INFO:        600          6.0000    1205154.7781     759553.6860     445601.0921          9.3684     148733.4789      -3742.0794          0.0000          0.0000     614562.2865        302.2462 1352000000.0000

INFO:        620          6.2000    1203651.1012     757848.5043     445802.5969          9.3642     148394.2729      -3704.0929          0.0000          0.0000     613158.3243        302.4687 1352000000.0000

INFO:        640          6.4000    1201971.2786     756626.8689     445344.4097          9.3703     148483.1985      -3608.4294          0.0000          0.0000     611752.0998        302.0538 1352000000.0000

INFO:        660          6.6000    1200985.8663     755679.7044     445306.1618          9.3733     148834.1885      -3527.1323          0.0000          0.0000     610372.6482        302.1545 1352000000.0000

INFO:        680          6.8000    1199767.3314     753839.9073     445927.4241          9.3525     148397.7972      -3550.1965          0.0000          0.0000     608992.3066        302.2820 1352000000.0000

INFO:        700          7.0000    1198073.0349     752204.0013     445869.0335          9.3496     148087.4149      -3535.0404          0.0000          0.0000     607651.6268        302.2678 1352000000.0000

INFO:        720          7.2000    1196334.2401     751002.8550     445331.3851          9.3555     148210.8980      -3571.7736          0.0000          0.0000     606363.7306        302.0737 1352000000.0000

INFO:        740          7.4000    1195658.1267     750139.1467     445518.9801          9.3573     148468.5025      -3420.2806          0.0000          0.0000     605090.9247        302.2108 1352000000.0000

INFO:        760          7.6000    1194608.7272     749123.7718     445484.9554          9.3663     148680.5626      -3416.2534          0.0000          0.0000     603859.4626        302.2515 1352000000.0000

INFO:        780          7.8000    1193117.3337     747674.3309     445443.0028          9.3444     148293.1711      -3285.7616          0.0000          0.0000     602666.9214        302.1643 1352000000.0000

INFO:        800          8.0000    1191385.2523     746505.1696     444880.0827          9.3506     148310.4579      -3326.2104          0.0000          0.0000     601520.9220        301.7766 1352000000.0000

INFO:        820          8.2000    1191063.1718     745933.8007     445129.3711          9.3728     148997.4905      -3455.3649          0.0000          0.0000     600391.6751        301.9205 1352000000.0000

INFO:        840          8.4000    1190316.0178     744682.5076     445633.5102          9.3608     148751.0372      -3369.3803          0.0000          0.0000     599300.8506        302.1761 1352000000.0000

INFO:        860          8.6000    1189329.9427     743456.7904     445873.1523          9.3543     148412.5366      -3188.8407          0.0000          0.0000     598233.0945        302.4034 1352000000.0000

INFO:        880          8.8000    1188093.9729     742830.4851     445263.4878          9.3584     148762.0326      -3125.8642          0.0000          0.0000     597194.3167        301.9390 1352000000.0000

INFO:        900          9.0000    1186824.7860     741334.5720     445490.2140          9.3458     148143.7777      -2990.7157          0.0000          0.0000     596181.5100        302.1918 1352000000.0000

INFO:        920          9.2000    1185489.8711     740582.1304     444907.7406          9.3509     148392.9639      -2993.9119          0.0000          0.0000     595183.0784        301.8608 1352000000.0000

INFO:        940          9.4000    1184355.5137     739716.9877     444638.5260          9.3528     148299.6087      -2809.2675          0.0000          0.0000     594226.6465        301.4865 1352000000.0000

INFO:        960          9.6000    1183363.5608     738653.6723     444709.8886          9.3459     148177.3396      -2788.1804          0.0000          0.0000     593264.5131        301.5844 1352000000.0000

INFO:        980          9.8000    1182457.1456     738142.2284     444314.9173          9.3579     148447.2029      -2645.9427          0.0000          0.0000     592340.9681        301.4131 1352000000.0000

INFO:       1000         10.0000    1182280.8548     736956.4075     445324.4473          9.3428     148117.4636      -2580.8188          0.0000          0.0000     591419.7626        302.1002 1352000000.0000

INFO:       1020         10.2000    1180827.6885     736432.9260     444394.7625          9.3554     148609.9675      -2678.3376          0.0000          0.0000     590501.2961        301.5374 1352000000.0000

INFO:       1040         10.4000    1180310.3271     734690.4308     445619.8963          9.3441     147868.9086      -2778.7368          0.0000          0.0000     589600.2590        302.1311 1352000000.0000

INFO:       1060         10.6000    1178932.6929     734282.3895     444650.3034          9.3521     148160.4889      -2602.1348          0.0000          0.0000     588724.0354        301.7364 1352000000.0000

INFO:       1080         10.8000    1178492.2696     733393.0318     445099.2377          9.3497     148213.9333      -2688.9517          0.0000          0.0000     587868.0502        301.9749 1352000000.0000

INFO:       1100         11.0000    1177389.7976     732524.9669     444864.8307          9.3540     148290.5471      -2768.7420          0.0000          0.0000     587003.1618        301.7978 1352000000.0000

INFO:       1120         11.2000    1176214.9896     731526.8982     444688.0915          9.3520     148258.4347      -2869.6435          0.0000          0.0000     586138.1070        301.6148 1352000000.0000

INFO:       1140         11.4000    1175436.0974     730675.1845     444760.9129          9.3491     148099.4483      -2732.7991          0.0000          0.0000     585308.5353        301.8135 1352000000.0000

INFO:       1160         11.6000    1174724.4489     730322.8188     444401.6301          9.3546     148240.2522      -2423.4635          0.0000          0.0000     584506.0301        301.3600 1352000000.0000

INFO:       1180         11.8000    1173969.3451     730069.3963     443899.9487          9.3681     148700.3096      -2338.0523          0.0000          0.0000     583707.1391        301.0843 1352000000.0000

INFO:       1200         12.0000    1173694.3650     728762.5185     444931.8465          9.3667     148339.6935      -2499.8177          0.0000          0.0000     582922.6426        301.7167 1352000000.0000

INFO:       1220         12.2000    1172541.1265     728220.5339     444320.5927          9.3679     148574.6094      -2498.5386          0.0000          0.0000     582144.4631        301.4362 1352000000.0000

INFO:       1240         12.4000    1171417.9720     727108.3442     444309.6278          9.3535     148139.3406      -2400.4645          0.0000          0.0000     581369.4682        301.3668 1352000000.0000

INFO:       1260         12.6000    1170757.5342     726536.7462     444220.7879          9.3461     148317.7687      -2381.5279          0.0000          0.0000     580600.5054        301.4251 1352000000.0000

INFO:       1280         12.8000    1170989.3988     725949.2008     445040.1980          9.3640     148427.3655      -2308.4075          0.0000          0.0000     579830.2428        301.7861 1352000000.0000

INFO:       1300         13.0000    1169334.7847     725296.9129     444037.8718          9.3592     148412.1572      -2205.0620          0.0000          0.0000     579089.8176        301.2594 1352000000.0000

INFO:       1320         13.2000    1168890.0350     724179.8034     444710.2316          9.3480     148104.2319      -2256.6186          0.0000          0.0000     578332.1901        301.5932 1352000000.0000

INFO:       1340         13.4000    1167240.8624     723502.0851     443738.7773          9.3488     148160.9889      -2243.9781          0.0000          0.0000     577585.0743        301.0874 1352000000.0000

INFO:       1360         13.6000    1166771.4776     722608.6687     444162.8088          9.3464     148048.4724      -2289.4639          0.0000          0.0000     576849.6603        301.3067 1352000000.0000

INFO:       1380         13.8000    1166259.5028     722019.0871     444240.4157          9.3533     148234.0233      -2363.4644          0.0000          0.0000     576148.5282        301.4298 1352000000.0000

INFO:       1400         14.0000    1165607.7486     721832.9313     443774.8172          9.3583     148528.5895      -2166.2463          0.0000          0.0000     575470.5882        300.9531 1352000000.0000

INFO:       1420         14.2000    1164759.7442     721191.8940     443567.8502          9.3612     148447.7271      -2050.2800          0.0000          0.0000     574794.4470        300.8639 1352000000.0000

INFO:       1440         14.4000    1163742.1176     720178.2573     443563.8603          9.3565     148335.5853      -2266.8736          0.0000          0.0000     574109.5455        300.8886 1352000000.0000

INFO:       1460         14.6000    1163500.3918     719766.9081     443733.4837          9.3590     148563.8156      -2229.4203          0.0000          0.0000     573432.5128        300.9508 1352000000.0000

INFO:       1480         14.8000    1162776.9882     718867.1091     443909.8791          9.3538     148197.2192      -2094.1923          0.0000          0.0000     572764.0823        301.1173 1352000000.0000

INFO:       1500         15.0000    1162501.9577     718523.1231     443978.8346          9.3596     148531.6674      -2133.4787          0.0000          0.0000     572124.9343        301.1840 1352000000.0000

INFO:       1520         15.2000    1161707.0991     717930.1787     443776.9204          9.3609     148624.1725      -2190.1919          0.0000          0.0000     571496.1981        301.0377 1352000000.0000

INFO:       1540         15.4000    1161085.0377     717706.2556     443378.7821          9.3754     148909.9864      -2091.8402          0.0000          0.0000     570888.1094        300.8009 1352000000.0000

INFO:       1560         15.6000    1160473.4137     716393.0966     444080.3170          9.3589     148363.7247      -2252.4921          0.0000          0.0000     570281.8640        301.3160 1352000000.0000

INFO:       1580         15.8000    1159849.7703     716126.1908     443723.5794          9.3633     148620.9973      -2189.6069          0.0000          0.0000     569694.8005        300.8347 1352000000.0000

INFO:       1600         16.0000    1158959.5732     715073.5375     443886.0358          9.3431     148150.4633      -2182.4052          0.0000          0.0000     569105.4793        301.1493 1352000000.0000

INFO:       1620         16.2000    1158529.4836     714922.9183     443606.5653          9.3524     148371.9742      -1971.3585          0.0000          0.0000     568522.3026        300.7818 1352000000.0000

INFO:       1640         16.4000    1158173.2919     714454.6240     443718.6680          9.3544     148334.5764      -1816.6064          0.0000          0.0000     567936.6541        300.9841 1352000000.0000

INFO:       1660         16.6000    1156896.2607     713632.0939     443264.1668          9.3519     148163.9442      -1897.4810          0.0000          0.0000     567365.6308        300.6811 1352000000.0000

INFO:       1680         16.8000    1155771.2288     713275.7256     442495.5032          9.3586     148478.1301      -1995.3342          0.0000          0.0000     566792.9297        300.1739 1352000000.0000

INFO:       1700         17.0000    1154905.6356     712737.7948     442167.8408          9.3617     148540.7764      -2016.6948          0.0000          0.0000     566213.7133        299.9810 1352000000.0000

INFO:       1720         17.2000    1154284.5963     712126.6366     442157.9598          9.3647     148470.7034      -1995.3812          0.0000          0.0000     565651.3144        300.0697 1352000000.0000

INFO:       1740         17.4000    1153947.0612     711410.1846     442536.8766          9.3582     148348.4116      -2019.6995          0.0000          0.0000     565081.4726        300.2487 1352000000.0000

INFO:       1760         17.6000    1153692.9918     711046.1418     442646.8501          9.3595     148497.5702      -1978.3617          0.0000          0.0000     564526.9333        300.3877 1352000000.0000

INFO:       1780         17.8000    1153529.0262     710270.8638     443258.1625          9.3522     148284.9380      -1979.7668          0.0000          0.0000     563965.6926        300.7635 1352000000.0000

INFO:       1800         18.0000    1153386.0713     709806.8050     443579.2663          9.3559     148543.1769      -2169.1576          0.0000          0.0000     563432.7857        300.9025 1352000000.0000

INFO:       1820         18.2000    1152342.8418     708985.7789     443357.0629          9.3395     148080.8159      -2011.6345          0.0000          0.0000     562916.5974        300.7132 1352000000.0000

INFO:       1840         18.4000    1152367.3084     708904.8247     443462.4837          9.3535     148254.9826      -1802.1636          0.0000          0.0000     562452.0057        300.6753 1352000000.0000

INFO:       1860         18.6000    1151776.4816     708816.1914     442960.2902          9.3610     148594.1903      -1764.7810          0.0000          0.0000     561986.7821        300.4782 1352000000.0000

INFO:       1880         18.8000    1151486.5332     708181.2172     443305.3160          9.3564     148344.4211      -1694.1745          0.0000          0.0000     561530.9705        300.6941 1352000000.0000

INFO:       1900         19.0000    1150672.9870     707795.5860     442877.4011          9.3534     148369.4535      -1629.7810          0.0000          0.0000     561055.9135        300.4307 1352000000.0000

INFO:       1920         19.2000    1150501.0788     707313.6658     443187.4131          9.3599     148409.5912      -1681.1589          0.0000          0.0000     560585.2335        300.5911 1352000000.0000

INFO:       1940         19.4000    1150343.2673     706959.9747     443383.2925          9.3646     148620.1581      -1768.2339          0.0000          0.0000     560108.0505        300.8573 1352000000.0000

INFO:       1960         19.6000    1150311.8630     707123.5607     443188.3023          9.3735     149086.6807      -1603.3250          0.0000          0.0000     559640.2050        300.6057 1352000000.0000

INFO:       1980         19.8000    1150231.8217     706579.3483     443652.4734          9.3734     148996.0158      -1600.1868          0.0000          0.0000     559183.5193        300.9681 1352000000.0000

INFO:       2000         20.0000    1149294.3321     705796.3086     443498.0235          9.3666     148698.5842      -1640.3011          0.0000          0.0000     558738.0256        300.7766 1352000000.0000

 
[STEP6] Deallocate Arrays
 
Output_Time> Averaged timer profile (Min, Max)
  total time      =      64.506
    setup         =       2.950
    dynamics      =      61.556
      energy      =      54.533
      integrator  =       5.870
      migration   =       0.220
      pairlist    =       0.882 (       0.627,       1.219)
  energy           
    bond          =       0.570 (       0.440,       0.832)
    angle         =       0.011 (       0.010,       0.013)
    dihedral      =       0.010 (       0.009,       0.011)
    base stacking =       0.000 (       0.000,       0.000)
    nonbond       =      36.068 (      25.362,      52.956)
      CG exv      =       0.060 (       0.045,       0.084)
      CG DNA bp   =       0.000 (       0.000,       0.000)
      CG DNA exv  =       0.000 (       0.000,       0.000)
      CG ele      =      29.238 (      20.542,      43.274)
      CG PWMcos   =       0.000 (       0.000,       0.000)
      CG PWMcosns =       0.000 (       0.000,       0.000)
      CG IDR-HPS  =       6.766 (       4.771,       9.600)
      CG IDR-KH   =       0.000 (       0.000,       0.000)
      CG KH       =       0.000 (       0.000,       0.000)
      Contact     =       0.004 (       0.003,       0.004)
      pme real    =       0.000 (       0.000,       0.000)
      pme recip   =       0.000 (       0.000,       0.000)
    solvation     =       0.000 (       0.000,       0.000)
      polar       =       0.000 (       0.000,       0.000)
      non-polar   =       0.000 (       0.000,       0.000)
    restraint     =       0.000 (       0.000,       0.000)
    qmmm          =       0.000 (       0.000,       0.000)
    morph         =       0.000 (       0.000,       0.000)
  integrator       
    constraint    =       0.000 (       0.000,       0.000)
    update        =       0.000 (       0.000,       0.000)
    comm_coord    =       1.746 (       0.371,       2.826)
    comm_force    =       0.414 (       0.393,       0.449)
  migration       =       0.220 (       0.220,       0.220)
    comm_migrate  =       0.014 (       0.005,       0.021)
    ptl_migrate   =       0.016 (       0.012,       0.022)
    bond_migrate  =       0.003 (       0.002,       0.004)
    angl_migrate  =       0.001 (       0.001,       0.001)
    dihe_migrate  =       0.001 (       0.000,       0.001)
    contact_migr  =       0.000 (       0.000,       0.000)
    stack_migrate =       0.000 (       0.000,       0.000)
    pwmcos_migrate =       0.000 (       0.000,       0.000)
    pwmcosns_migr  =       0.000 (       0.000,       0.000)
    nonb_update    =       0.241 (       0.194,       0.335)

