****************************************************
*                                                  *
*                  GENESIS CGDYN                   *
*                                                  *
*        A Molecular Dynamics Simulator with       *
*           Spatial Decomposition Scheme           *
*                                                  *
*               Developed by RIKEN                 *
*                                                  *
****************************************************
 
[STEP0] Architecture and Compiler Information
 
GENESIS_Information> GENESIS Information
  version      = 2.0.0
  commit ID    = $GENESIS_VERSION$
  precision    = mixed 
  nonbonding   = CPU

Build_Information> Compiler Information
  build host   = jjwsmj@hokusai2
  fortran      = ifort (IFORT) 2021.7.1 20221019
  option       = 
  -axCORE-AVX512 -g -O3  -qmkl=parallel  -assume byterecl -qopenmp  
  C            = 
 icc: remark #10441: The Intel(R) C++ Compiler Classic (ICC) is deprecated and w
 ill be removed from product release in the second half of 2023. The Intel(R) on
 eAPI DPC++/C++ Compiler (ICX) is the recommended compiler moving forward. Pleas
 e transition to use this compiler. Use '-diag-disable=10441' to disable this me
 ssage.
  option       = -O3 -ip -axCORE-AVX2  -qopenmp 
  defined var. = 
  -DHAVE_MPI_GENESIS -DOMP -DIFORT19 -DFFTE -DLAPACK -DDSFMT_MEXP=19937 -DINTEL
  link option  = 
  -assume byterecl -lgfortran -qopenmp  -lmkl_intel_lp64 -lmkl_sequential -lmkl_
 core -lmkl_lapack95_lp64   
  MPI Compiler = Intel(R) MPI

Runtime_Information> Machine and Library Information
  date       = 2023/05/12 16:57:25
  cpu model    = Intel(R) Xeon(R) Gold 6148 CPU @ 2.40GHz
  exec. host   = jjwsmj@bwmpc0152
  LD library   = 
 /bwfefs/opt/x86_64/intel/oneapi/2022.3/mpi/2021.7.1/libfabric/lib:/bwfefs/opt/x
 86_64/intel/oneapi/2022.3/mpi/2021.7.1/lib/release:/bwfefs/opt/x86_64/intel/one
 api/2022.3/mpi/2021.7.1/lib:/bwfefs/opt/x86_64/intel/oneapi/2022.3/tbb/2021.7.1
 /lib/intel64/gcc4.8:/usr/lib64:/bwfefs/opt/x86_64/intel/oneapi/2022.3/vpl/2022.
 2.5/lib:/bwfefs/opt/x86_64/intel/oneapi/2022.3/mkl/latest/lib/intel64:/bwfefs/o
 pt/x86_64/intel/oneapi/2022.3/itac/2021.7.1/slib:/bwfefs/opt/x86_64/intel/oneap
 i/2022.3/ippcp/2021.6.2/lib/intel64:/bwfefs/opt/x86_64/intel/oneapi/2022.3/ipp/
 2021.6.2/lib/intel64:/bwfefs/opt/x86_64/intel/oneapi/2022.3/dnnl/2022.2.1/cpu_d
 pcpp_gpu_dpcpp/lib:/bwfefs/opt/x86_64/intel/oneapi/2022.3/dal/2021.7.1/lib/inte
 l64:/bwfefs/opt/x86_64/intel/oneapi/2022.3/compiler/2022.2.1/linux/compiler/lib
 :/bwfefs/opt/x86_64/intel/oneapi/2022.3/compiler/2022.2.1/linux/lib/oclfpga/hos
 t/linux64/lib:/bwfefs/opt/x86_64/intel/oneapi/2022.3/compiler/2022.2.1/linux/li
 b/oclfpga/linux64/lib:/bwfefs/opt/x86_64/intel/oneapi/2022.3/compiler/2022.2.1/
 linux/lib:/bwfefs/opt/x86_64/intel/oneapi/2022.3/compiler/2022.2.1/linux/lib/x6
 4:/bwfefs/opt/x86_64/intel/oneapi/2022.3/compiler/2022.2.1/linux/lib/emu:/bwfef
 s/opt/x86_64/intel/oneapi/2022.3/compiler/2022.2.1/linux/compiler/lib/intel64_l
 in:/bwfefs/opt/x86_64/intel/oneapi/2022.3/debugger/2021.7.1/dep/lib:/bwfefs/opt
 /x86_64/intel/oneapi/2022.3/debugger/2021.7.1/libipt/intel64/lib:/bwfefs/opt/x8
 6_64/intel/oneapi/2022.3/debugger/2021.7.1/gdb/intel64/lib:/bwfefs/opt/x86_64/
 MPI Runtime = Intel(R) MPI Library 2021.7 for Linux* OS


[STEP1] Read Control Parameters
 
Read_Ctrl_Input> Input Files
  grotopfile = pro.top
  grocrdfile = crd/pos_5000.gro
 
Read_Ctrl_Output> Output Files
 
Read_Ctrl_Energy> Parameters of Energy Calculations
  forcefield      =    RESIDCG
  output_style    =    GENESIS
 
Read_Ctrl_Dynamics> Parameters of MD simulation
  integrator      =       VVER  nsteps          =       2000
  timestep        =     0.0100  initial_time    =     0.0000
  eneout_period   =         20  rstout_period   =          0
  crdout_period   =          0  velout_period   =          0
  nbupdate_period =         20  stoptr_period   =         10
  lbupdate_period =          0
  iseed           =         -1
  annealing       =         no
  verbose         =         no
  target_md       =         no
  steered_md      =         no
 
Read_Ctrl_Ensemble> Parameters for Ensemble
  ensemble        =        NVT
  temperature     =    300.000
  tpcontrol       =   LANGEVIN
  gamma_t         =      1.000
 
Read_Ctrl_Boundary> Parameters of Boundary Condition
  type            =       PBC 
  box_size(x,y,z) =   3200.000   650.000   650.000
  min_domain_cell =          2
 
Read_Ctrl_Selection> Parameters of Selection
  # of groups     =          0
  # of mole names =          0
 
Read_Ctrl_Restraints> No restraint in the system

Read_Ctrl_Fitting_MD> Parameters of Fitting
  fitting method  =  TR+ROT   
  fitting atom    = group1
  mass_weight     =         no
 
[STEP2] Setup MPI
 
Setup_Mpi_Md> Summary of Setup MPI
  number of MPI processes   =        512
  number of OpenMP threads  =          5
  total number of CPU cores =       2560

[STEP3] Set Relevant Variables and Structures
 
Read_Grotop> Summary of Grotopfile
  num_moltypes    =          1
    pos100_cg             :
      num_atoms   =        100
      num_bonds   =         99
      num_angls   =          0
      num_dihes   =          0
      num_cmaps   =          0
      num_excls   =          0
      num_constrs =          0
      num_pairs   =          0
      num_vsites2 =          0
      num_vsites3 =          0
      num_vsites4 =          0
      num_vsitesn =          0
      num_posress =          0
      num_PWMcos  =          0
      num_PWMcosns=          0
      num_IDR_HPS =          1
      num_IDR_KH  =          0
    .. not used molecule types were hidden.

  num_molecules   =       5000
    pos100_cg             :  5000

  num_atomtypes   =         33  num_bondtypes   =          0
  num_angltypes   =          0  num_dihetypes   =          0
  num_flangltypes           20
  num_fldihetypes          400
  num_constrtypes =          0  num_cmaptypes   =          0
  num_nbonparms   =          0
  num_basestacktypes  =     16
  num_basepairtypes   =      4
  num_basecrosstypes  =     32
  num_cgdnaexvtypes   =      6
  num_cgelemolpairs   =      1
  num_cg_IDR_HPS_atomtypes  =     20
  num_cg_KH_atomtypes  =    20

  num_cg_pair_MJ_eps   =   400

Define_Molecule> Summary of molecules
  num_atoms       =     500000  num_bonds       =     495000
  num_angles      =          0  num_dihedrals   =          0
  num_impropers   =          0  num_cmap_terms  =          0
  num_residues    =     500000  num_molecules   =       5000
  num_segments    =          1  num_deg_freedom =    1500000
  total_charge    = 500000.000
 
Setup_Boundary_Cell> Set Variables for Boundary Condition
  domains (x,y,z) =         32         4         4
  ncells (x,y,z)  =        112        22        22
 
Define_Enefunc_Gromacs> Number of Interactions in Each Term
  bond_ene        =     495000  angle_ene       =          0
  torsion_ene     =          0
 restraint_groups =          0 restraint_funcs  =          0
 
Setup_Dynamics> Subtract 3 translational degrees of freedom
 
Update_Num_Deg_Freedom> Number of degrees of freedom was updated
  num_deg_freedom =    1499997 (After removing translation)
 
Random_Init> Initialize the random number
  seed            = 150486

Setup_Fitting_cgdyn> NO fitting is applied, skip
  fitting method  =  NO
 
[STEP4] Compute Single Point Energy for Molecules
 
            STEP          ENERGY            BOND  NATIVE_CONTACT NON-NATIVE_CONT           ELECT         IDR_HPS          CG_EXV
 --------------- --------------- --------------- --------------- ---------------
               0     853903.1942     170691.3807          0.0000          0.0000     681472.2486       1739.5649          0.0000

[STEP5] Perform Molecular Dynamics Simulation
 
Initial_Velocity> Generate initial velocities
  iseed           =     150486
  temperature     =    300.000
 
Random_Init_Velocity> Initialize the random number
  seed            = 150486

INFO:       STEP            TIME       TOTAL_ENE   POTENTIAL_ENE     KINETIC_ENE            RMSG            BOND         IDR_HPS  NATIVE_CONTACT          CG_EXV           ELECT     TEMPERATURE          VOLUME
 --------------- --------------- --------------- --------------- ---------------
INFO:          0          0.0000    1300466.7540     853903.1942     446563.5598         10.1780     170691.3807       1739.5649          0.0000          0.0000     681472.2486          0.0000 1352000000.0000

INFO:         20          0.2000    1294725.6979     842060.4802     452665.2176          9.8468     160692.2235        661.3062          0.0000          0.0000     680706.9505        307.2253 1352000000.0000

INFO:         40          0.4000    1289883.7296     835360.6360     454523.0936          9.7147     157826.9876      -1307.5204          0.0000          0.0000     678841.1688        308.4308 1352000000.0000

INFO:         60          0.6000    1284773.9498     828587.6395     456186.3104          9.6070     154857.1999      -2591.7733          0.0000          0.0000     676322.2129        309.5518 1352000000.0000

INFO:         80          0.8000    1279661.9109     823405.7876     456256.1233          9.5601     153558.7258      -3587.8490          0.0000          0.0000     673434.9108        309.3413 1352000000.0000

INFO:        100          1.0000    1274033.7623     818982.9013     455050.8610          9.5299     153034.5175      -4434.0655          0.0000          0.0000     670382.4493        308.6252 1352000000.0000

INFO:        120          1.2000    1269565.8733     814635.9185     454929.9549          9.5077     152195.3535      -4867.0647          0.0000          0.0000     667307.6297        308.4293 1352000000.0000

INFO:        140          1.4000    1265593.0874     810407.8818     455185.2056          9.4776     151325.6729      -5143.3009          0.0000          0.0000     664225.5098        308.6993 1352000000.0000

INFO:        160          1.6000    1260809.0557     807046.6292     453762.4265          9.4608     151009.4917      -5164.4495          0.0000          0.0000     661201.5870        307.8650 1352000000.0000

INFO:        180          1.8000    1257550.9816     803748.1056     453802.8761          9.4497     150641.7569      -5137.5827          0.0000          0.0000     658243.9313        307.6685 1352000000.0000

INFO:        200          2.0000    1253360.4868     800665.2617     452695.2251          9.4355     150335.8010      -5047.2333          0.0000          0.0000     655376.6940        306.9372 1352000000.0000

INFO:        220          2.2000    1248705.5207     797649.1704     451056.3503          9.4237     150117.2170      -5035.8895          0.0000          0.0000     652567.8430        305.8923 1352000000.0000

INFO:        240          2.4000    1245555.8994     794568.6542     450987.2452          9.4086     149711.7254      -5038.0798          0.0000          0.0000     649895.0087        305.8738 1352000000.0000

INFO:        260          2.6000    1241974.2812     791551.9325     450422.3487          9.3948     149222.0621      -4987.1476          0.0000          0.0000     647317.0180        305.4302 1352000000.0000

INFO:        280          2.8000    1238401.3342     789236.4664     449164.8677          9.3864     149245.5312      -4836.3162          0.0000          0.0000     644827.2514        304.5748 1352000000.0000

INFO:        300          3.0000    1235812.0204     786789.2607     449022.7597          9.3938     149322.7788      -4942.0249          0.0000          0.0000     642408.5069        304.5958 1352000000.0000

INFO:        320          3.2000    1233069.8545     784028.8979     449040.9566          9.3672     148898.0178      -4961.2687          0.0000          0.0000     640092.1488        304.5707 1352000000.0000

INFO:        340          3.4000    1230039.5761     781860.8315     448178.7446          9.3672     148745.0867      -4766.4092          0.0000          0.0000     637882.1540        303.9437 1352000000.0000

INFO:        360          3.6000    1228096.2064     780150.2178     447945.9886          9.3764     149028.0232      -4639.1489          0.0000          0.0000     635761.3435        303.7100 1352000000.0000

INFO:        380          3.8000    1225679.9137     777620.4653     448059.4484          9.3645     148488.5088      -4584.9443          0.0000          0.0000     633716.9007        303.9949 1352000000.0000

INFO:        400          4.0000    1223333.3013     775628.2803     447705.0209          9.3570     148343.9785      -4458.1418          0.0000          0.0000     631742.4436        303.5604 1352000000.0000

INFO:        420          4.2000    1221182.1291     773885.4701     447296.6590          9.3567     148425.2955      -4362.6017          0.0000          0.0000     629822.7762        303.3016 1352000000.0000

INFO:        440          4.4000    1219739.1537     772462.2446     447276.9091          9.3581     148598.0608      -4106.0810          0.0000          0.0000     627970.2649        303.3589 1352000000.0000

INFO:        460          4.6000    1217477.0118     770511.8270     446965.1848          9.3559     148268.4437      -3898.4408          0.0000          0.0000     626141.8240        303.1292 1352000000.0000

INFO:        480          4.8000    1216243.6111     769115.7795     447127.8316          9.3618     148693.9574      -3938.1939          0.0000          0.0000     624360.0160        303.3178 1352000000.0000

INFO:        500          5.0000    1214783.5436     767135.6607     447647.8828          9.3636     148523.4791      -4013.7530          0.0000          0.0000     622625.9347        303.5369 1352000000.0000

INFO:        520          5.2000    1212679.9473     765573.9477     447105.9996          9.3609     148604.2901      -3991.0842          0.0000          0.0000     620960.7418        303.3107 1352000000.0000

INFO:        540          5.4000    1210577.6387     764209.4250     446368.2137          9.3703     148791.9964      -3934.8567          0.0000          0.0000     619352.2853        302.8829 1352000000.0000

INFO:        560          5.6000    1208465.9474     762613.2888     445852.6586          9.3647     148759.1053      -3925.3929          0.0000          0.0000     617779.5764        302.3408 1352000000.0000

INFO:        580          5.8000    1206953.7174     760468.5445     446485.1729          9.3568     148256.6661      -4024.5922          0.0000          0.0000     616236.4706        302.7649 1352000000.0000

INFO:        600          6.0000    1206078.3352     759266.6078     446811.7275          9.3594     148526.7137      -3991.1624          0.0000          0.0000     614731.0564        302.9896 1352000000.0000

INFO:        620          6.2000    1204511.3292     757677.5655     446833.7637          9.3538     148255.0111      -3870.4311          0.0000          0.0000     613292.9855        303.0729 1352000000.0000

INFO:        640          6.4000    1203079.2587     756943.7269     446135.5318          9.3662     148766.0439      -3731.8455          0.0000          0.0000     611909.5285        302.6171 1352000000.0000

INFO:        660          6.6000    1201130.0971     755276.3643     445853.7329          9.3427     148028.4785      -3340.2075          0.0000          0.0000     610588.0933        302.3711 1352000000.0000

INFO:        680          6.8000    1199932.9353     754383.3958     445549.5395          9.3452     148479.6938      -3364.0238          0.0000          0.0000     609267.7257        302.0321 1352000000.0000

INFO:        700          7.0000    1198289.6066     752844.2533     445445.3533          9.3404     148232.0790      -3347.7452          0.0000          0.0000     607959.9195        302.2958 1352000000.0000

INFO:        720          7.2000    1197345.9849     751643.4454     445702.5395          9.3535     148293.1465      -3344.0436          0.0000          0.0000     606694.3425        302.3635 1352000000.0000

INFO:        740          7.4000    1196114.8580     750491.2875     445623.5705          9.3554     148388.9736      -3315.9777          0.0000          0.0000     605418.2917        302.3143 1352000000.0000

INFO:        760          7.6000    1194642.4638     748855.9253     445786.5385          9.3450     148123.7742      -3481.7730          0.0000          0.0000     604213.9240        302.4732 1352000000.0000

INFO:        780          7.8000    1193764.4487     748369.4397     445395.0091          9.3584     148679.6214      -3348.5256          0.0000          0.0000     603038.3439        302.0114 1352000000.0000

INFO:        800          8.0000    1192462.8131     746609.6651     445853.1479          9.3416     147784.4030      -3078.8386          0.0000          0.0000     601904.1007        302.6160 1352000000.0000

INFO:        820          8.2000    1191430.1643     745945.1721     445484.9923          9.3536     148255.5107      -3101.4390          0.0000          0.0000     600791.1005        302.2399 1352000000.0000

INFO:        840          8.4000    1189789.9866     744822.0090     444967.9776          9.3520     148156.4702      -3041.2880          0.0000          0.0000     599706.8268        301.7627 1352000000.0000

INFO:        860          8.6000    1188896.8849     743593.7636     445303.1213          9.3366     147820.3238      -2863.2189          0.0000          0.0000     598636.6587        302.0291 1352000000.0000

INFO:        880          8.8000    1188062.6871     743207.7881     444854.8990          9.3533     148336.5681      -2708.5570          0.0000          0.0000     597579.7770        301.8088 1352000000.0000

INFO:        900          9.0000    1187399.6673     742093.4509     445306.2165          9.3494     148367.4115      -2797.3002          0.0000          0.0000     596523.3395        302.2353 1352000000.0000

INFO:        920          9.2000    1186507.4867     740643.7284     445863.7583          9.3493     148100.1843      -2982.5864          0.0000          0.0000     595526.1305        302.5647 1352000000.0000

INFO:        940          9.4000    1185577.4451     740334.3782     445243.0669          9.3644     148662.8926      -2892.7443          0.0000          0.0000     594564.2300        301.9605 1352000000.0000

INFO:        960          9.6000    1184786.7616     739409.6255     445377.1360          9.3563     148494.6706      -2725.6045          0.0000          0.0000     593640.5595        302.0449 1352000000.0000

INFO:        980          9.8000    1183154.8454     738525.0582     444629.7872          9.3603     148509.8406      -2703.4507          0.0000          0.0000     592718.6682        301.5420 1352000000.0000

INFO:       1000         10.0000    1180972.3724     737294.8760     443677.4963          9.3539     148308.9926      -2827.2951          0.0000          0.0000     591813.1785        300.9976 1352000000.0000

INFO:       1020         10.2000    1180565.3931     736505.9148     444059.4783          9.3549     148436.0216      -2823.8988          0.0000          0.0000     590893.7920        301.2936 1352000000.0000

INFO:       1040         10.4000    1180206.3293     736134.1760     444072.1533          9.3696     148973.6099      -2826.8146          0.0000          0.0000     589987.3807        301.1620 1352000000.0000

INFO:       1060         10.6000    1179616.1242     734933.3284     444682.7957          9.3642     148612.8704      -2772.2389          0.0000          0.0000     589092.6970        301.5806 1352000000.0000

INFO:       1080         10.8000    1178998.7615     734219.4436     444779.3180          9.3644     148599.4117      -2592.1969          0.0000          0.0000     588212.2287        301.6700 1352000000.0000

INFO:       1100         11.0000    1177862.7051     733541.0125     444321.6926          9.3683     148771.5054      -2557.9736          0.0000          0.0000     587327.4807        301.2891 1352000000.0000

INFO:       1120         11.2000    1177127.3391     732593.9950     444533.3442          9.3757     148860.8821      -2724.6590          0.0000          0.0000     586457.7719        301.6237 1352000000.0000

INFO:       1140         11.4000    1176276.4434     731700.2414     444576.2020          9.3674     148953.4264      -2847.6420          0.0000          0.0000     585594.4570        301.5221 1352000000.0000

INFO:       1160         11.6000    1175647.3384     730479.4935     445167.8449          9.3605     148485.4437      -2781.3639          0.0000          0.0000     584775.4137        301.9668 1352000000.0000

INFO:       1180         11.8000    1174705.8212     730021.3324     444684.4888          9.3638     148758.8649      -2697.5516          0.0000          0.0000     583960.0191        301.5321 1352000000.0000

INFO:       1200         12.0000    1173823.9582     729009.9675     444813.9908          9.3533     148428.4093      -2563.7774          0.0000          0.0000     583145.3355        301.7491 1352000000.0000

INFO:       1220         12.2000    1172835.1878     728157.4434     444677.7444          9.3628     148378.5477      -2571.3788          0.0000          0.0000     582350.2745        301.7177 1352000000.0000

INFO:       1240         12.4000    1172355.7651     727755.3478     444600.4173          9.3703     148815.9078      -2612.9022          0.0000          0.0000     581552.3422        301.6438 1352000000.0000

INFO:       1260         12.6000    1171663.6541     726713.1326     444950.5216          9.3561     148594.1880      -2659.1468          0.0000          0.0000     580778.0914        301.8031 1352000000.0000

INFO:       1280         12.8000    1171099.5051     726111.2638     444988.2413          9.3563     148659.0321      -2587.1725          0.0000          0.0000     580039.4042        301.9051 1352000000.0000

INFO:       1300         13.0000    1169815.8001     724895.2805     444920.5196          9.3467     148081.8094      -2508.9084          0.0000          0.0000     579322.3795        301.7180 1352000000.0000

INFO:       1320         13.2000    1169017.4992     724491.5790     444525.9202          9.3523     148318.3264      -2434.3220          0.0000          0.0000     578607.5745        301.6121 1352000000.0000

INFO:       1340         13.4000    1167689.2366     723825.3795     443863.8571          9.3502     148228.3177      -2305.8913          0.0000          0.0000     577902.9531        301.2417 1352000000.0000

INFO:       1360         13.6000    1167276.9553     723308.6699     443968.2854          9.3526     148424.7887      -2323.7490          0.0000          0.0000     577207.6303        301.0519 1352000000.0000

INFO:       1380         13.8000    1166612.9209     722516.5110     444096.4098          9.3574     148288.7735      -2277.5405          0.0000          0.0000     576505.2781        301.1650 1352000000.0000

INFO:       1400         14.0000    1166224.4673     721922.9311     444301.5362          9.3618     148419.5239      -2327.0030          0.0000          0.0000     575830.4102        301.3761 1352000000.0000

INFO:       1420         14.2000    1165130.3564     721447.9376     443682.4188          9.3647     148514.8478      -2211.6791          0.0000          0.0000     575144.7689        301.0960 1352000000.0000

INFO:       1440         14.4000    1164847.7094     720992.0939     443855.6155          9.3734     148889.1070      -2371.8690          0.0000          0.0000     574474.8559        301.0476 1352000000.0000

INFO:       1460         14.6000    1164286.2433     720030.0816     444256.1617          9.3641     148497.2920      -2296.6148          0.0000          0.0000     573829.4043        301.2839 1352000000.0000

INFO:       1480         14.8000    1163818.9465     719502.2433     444316.7032          9.3588     148440.5880      -2122.5212          0.0000          0.0000     573184.1765        301.3060 1352000000.0000

INFO:       1500         15.0000    1162822.8485     718867.7516     443955.0969          9.3626     148520.8220      -2192.6740          0.0000          0.0000     572539.6036        301.0700 1352000000.0000

INFO:       1520         15.2000    1161717.6098     718314.5160     443403.0938          9.3601     148647.6873      -2249.6127          0.0000          0.0000     571916.4414        300.6412 1352000000.0000

INFO:       1540         15.4000    1160960.0559     717553.3183     443406.7376          9.3481     148482.3800      -2231.0798          0.0000          0.0000     571302.0180        300.6717 1352000000.0000

INFO:       1560         15.6000    1160413.3395     717346.7209     443066.6186          9.3598     148695.9777      -2066.5141          0.0000          0.0000     570717.2573        300.5702 1352000000.0000

INFO:       1580         15.8000    1160070.7705     716450.2472     443620.5233          9.3612     148386.9317      -2075.9249          0.0000          0.0000     570139.2404        300.8424 1352000000.0000

INFO:       1600         16.0000    1159968.4576     715578.6502     444389.8074          9.3497     148156.6910      -2139.0736          0.0000          0.0000     569561.0329        301.4572 1352000000.0000

INFO:       1620         16.2000    1160072.6100     715364.9697     444707.6404          9.3562     148478.2087      -2103.2174          0.0000          0.0000     568989.9784        301.5798 1352000000.0000

INFO:       1640         16.4000    1158404.8344     714904.0932     443500.7412          9.3442     148186.8698      -1727.0266          0.0000          0.0000     568444.2500        300.8992 1352000000.0000

INFO:       1660         16.6000    1158279.4008     714110.7688     444168.6320          9.3431     147912.2457      -1686.6702          0.0000          0.0000     567885.1933        301.3454 1352000000.0000

INFO:       1680         16.8000    1157728.6828     713521.8844     444206.7984          9.3507     148058.1942      -1868.5954          0.0000          0.0000     567332.2855        301.3440 1352000000.0000

INFO:       1700         17.0000    1157199.4567     713429.7278     443769.7289          9.3671     148582.2806      -1946.7744          0.0000          0.0000     566794.2216        301.1830 1352000000.0000

INFO:       1720         17.2000    1157154.3827     712271.0875     444883.2953          9.3440     147751.6371      -1762.8749          0.0000          0.0000     566282.3253        301.6840 1352000000.0000

INFO:       1740         17.4000    1156050.3566     711925.4657     444124.8909          9.3375     147809.9340      -1645.2133          0.0000          0.0000     565760.7450        301.2725 1352000000.0000

INFO:       1760         17.6000    1155576.8987     711152.3168     444424.5819          9.3292     147709.1935      -1796.6395          0.0000          0.0000     565239.7628        301.3880 1352000000.0000

INFO:       1780         17.8000    1154595.0613     710836.5610     443758.5004          9.3409     147943.8619      -1818.0361          0.0000          0.0000     564710.7352        300.9648 1352000000.0000

INFO:       1800         18.0000    1153440.9856     710620.1947     442820.7909          9.3434     148115.0681      -1698.9921          0.0000          0.0000     564204.1187        300.4101 1352000000.0000

INFO:       1820         18.2000    1153174.4387     710032.5244     443141.9143          9.3508     147976.7813      -1633.6212          0.0000          0.0000     563689.3644        300.6234 1352000000.0000

INFO:       1840         18.4000    1152976.6341     709014.5107     443962.1234          9.3381     147584.4942      -1721.3907          0.0000          0.0000     563151.4072        301.3076 1352000000.0000

INFO:       1860         18.6000    1152141.0440     708768.4344     443372.6096          9.3415     147962.3325      -1826.4691          0.0000          0.0000     562632.5710        300.6096 1352000000.0000

INFO:       1880         18.8000    1151717.8098     708858.7115     442859.0983          9.3532     148512.1857      -1778.6387          0.0000          0.0000     562125.1646        300.4145 1352000000.0000

INFO:       1900         19.0000    1150742.5527     708005.6389     442736.9138          9.3459     148123.8885      -1747.4925          0.0000          0.0000     561629.2429        300.1851 1352000000.0000

INFO:       1920         19.2000    1150359.0523     707877.0778     442481.9745          9.3507     148313.8975      -1584.8941          0.0000          0.0000     561148.0744        300.0947 1352000000.0000

INFO:       1940         19.4000    1150109.0887     707541.5509     442567.5378          9.3503     148412.9274      -1520.4778          0.0000          0.0000     560649.1012        300.2015 1352000000.0000

INFO:       1960         19.6000    1150096.6952     706551.1798     443545.5154          9.3469     148143.3072      -1755.4730          0.0000          0.0000     560163.3456        300.8444 1352000000.0000

INFO:       1980         19.8000    1149300.7104     706117.4111     443183.2993          9.3428     148146.6813      -1736.9006          0.0000          0.0000     559707.6303        300.4771 1352000000.0000

INFO:       2000         20.0000    1149488.1823     705538.0334     443950.1489          9.3402     148013.7694      -1726.0207          0.0000          0.0000     559250.2846        301.0424 1352000000.0000

 
[STEP6] Deallocate Arrays
 
Output_Time> Averaged timer profile (Min, Max)
  total time      =      11.277
    setup         =       3.462
    dynamics      =       7.815
      energy      =       6.484
      integrator  =       1.066
      migration   =       0.051
      pairlist    =       0.096 (       0.058,       0.171)
  energy           
    bond          =       0.037 (       0.016,       0.080)
    angle         =       0.011 (       0.010,       0.016)
    dihedral      =       0.010 (       0.010,       0.015)
    base stacking =       0.000 (       0.000,       0.000)
    nonbond       =       2.289 (       0.648,       5.715)
      CG exv      =       0.008 (       0.006,       0.013)
      CG DNA bp   =       0.000 (       0.000,       0.000)
      CG DNA exv  =       0.000 (       0.000,       0.000)
      CG ele      =       1.852 (       0.503,       4.615)
      CG PWMcos   =       0.000 (       0.000,       0.000)
      CG PWMcosns =       0.000 (       0.000,       0.000)
      CG IDR-HPS  =       0.426 (       0.128,       1.084)
      CG IDR-KH   =       0.000 (       0.000,       0.000)
      CG KH       =       0.000 (       0.000,       0.000)
      Contact     =       0.003 (       0.003,       0.005)
      pme real    =       0.000 (       0.000,       0.000)
      pme recip   =       0.000 (       0.000,       0.000)
    solvation     =       0.000 (       0.000,       0.000)
      polar       =       0.000 (       0.000,       0.000)
      non-polar   =       0.000 (       0.000,       0.000)
    restraint     =       0.000 (       0.000,       0.000)
    qmmm          =       0.000 (       0.000,       0.000)
    morph         =       0.000 (       0.000,       0.000)
  integrator       
    constraint    =       0.000 (       0.000,       0.000)
    update        =       0.000 (       0.000,       0.000)
    comm_coord    =       0.479 (       0.272,       0.768)
    comm_force    =       0.289 (       0.197,       0.361)
  migration       =       0.051 (       0.051,       0.052)
    comm_migrate  =       0.012 (       0.010,       0.014)
    ptl_migrate   =       0.002 (       0.001,       0.003)
    bond_migrate  =       0.000 (       0.000,       0.001)
    angl_migrate  =       0.001 (       0.000,       0.001)
    dihe_migrate  =       0.000 (       0.000,       0.001)
    contact_migr  =       0.000 (       0.000,       0.000)
    stack_migrate =       0.000 (       0.000,       0.000)
    pwmcos_migrate =       0.000 (       0.000,       0.000)
    pwmcosns_migr  =       0.000 (       0.000,       0.000)
    nonb_update    =       0.014 (       0.003,       0.034)

