****************************************************
*                                                  *
*                  GENESIS CGDYN                   *
*                                                  *
*        A Molecular Dynamics Simulator with       *
*           Spatial Decomposition Scheme           *
*                                                  *
*               Developed by RIKEN                 *
*                                                  *
****************************************************
 
[STEP0] Architecture and Compiler Information
 
GENESIS_Information> GENESIS Information
  version      = 2.0.0
  commit ID    = $GENESIS_VERSION$
  precision    = mixed 
  nonbonding   = CPU

Build_Information> Compiler Information
  build host   = jjwsmj@hokusai2
  fortran      = ifort (IFORT) 2021.7.1 20221019
  option       = 
  -axCORE-AVX512 -g -O3  -qmkl=parallel  -assume byterecl -qopenmp  
  C            = 
 icc: remark #10441: The Intel(R) C++ Compiler Classic (ICC) is deprecated and w
 ill be removed from product release in the second half of 2023. The Intel(R) on
 eAPI DPC++/C++ Compiler (ICX) is the recommended compiler moving forward. Pleas
 e transition to use this compiler. Use '-diag-disable=10441' to disable this me
 ssage.
  option       = -O3 -ip -axCORE-AVX2  -qopenmp 
  defined var. = 
  -DHAVE_MPI_GENESIS -DOMP -DIFORT19 -DFFTE -DLAPACK -DDSFMT_MEXP=19937 -DINTEL
  link option  = 
  -assume byterecl -lgfortran -qopenmp  -lmkl_intel_lp64 -lmkl_sequential -lmkl_
 core -lmkl_lapack95_lp64   
  MPI Compiler = Intel(R) MPI

Runtime_Information> Machine and Library Information
  date       = 2023/05/12 16:57:02
  cpu model    = Intel(R) Xeon(R) Gold 6148 CPU @ 2.40GHz
  exec. host   = jjwsmj@bwmpc0152
  LD library   = 
 /bwfefs/opt/x86_64/intel/oneapi/2022.3/mpi/2021.7.1/libfabric/lib:/bwfefs/opt/x
 86_64/intel/oneapi/2022.3/mpi/2021.7.1/lib/release:/bwfefs/opt/x86_64/intel/one
 api/2022.3/mpi/2021.7.1/lib:/bwfefs/opt/x86_64/intel/oneapi/2022.3/tbb/2021.7.1
 /lib/intel64/gcc4.8:/usr/lib64:/bwfefs/opt/x86_64/intel/oneapi/2022.3/vpl/2022.
 2.5/lib:/bwfefs/opt/x86_64/intel/oneapi/2022.3/mkl/latest/lib/intel64:/bwfefs/o
 pt/x86_64/intel/oneapi/2022.3/itac/2021.7.1/slib:/bwfefs/opt/x86_64/intel/oneap
 i/2022.3/ippcp/2021.6.2/lib/intel64:/bwfefs/opt/x86_64/intel/oneapi/2022.3/ipp/
 2021.6.2/lib/intel64:/bwfefs/opt/x86_64/intel/oneapi/2022.3/dnnl/2022.2.1/cpu_d
 pcpp_gpu_dpcpp/lib:/bwfefs/opt/x86_64/intel/oneapi/2022.3/dal/2021.7.1/lib/inte
 l64:/bwfefs/opt/x86_64/intel/oneapi/2022.3/compiler/2022.2.1/linux/compiler/lib
 :/bwfefs/opt/x86_64/intel/oneapi/2022.3/compiler/2022.2.1/linux/lib/oclfpga/hos
 t/linux64/lib:/bwfefs/opt/x86_64/intel/oneapi/2022.3/compiler/2022.2.1/linux/li
 b/oclfpga/linux64/lib:/bwfefs/opt/x86_64/intel/oneapi/2022.3/compiler/2022.2.1/
 linux/lib:/bwfefs/opt/x86_64/intel/oneapi/2022.3/compiler/2022.2.1/linux/lib/x6
 4:/bwfefs/opt/x86_64/intel/oneapi/2022.3/compiler/2022.2.1/linux/lib/emu:/bwfef
 s/opt/x86_64/intel/oneapi/2022.3/compiler/2022.2.1/linux/compiler/lib/intel64_l
 in:/bwfefs/opt/x86_64/intel/oneapi/2022.3/debugger/2021.7.1/dep/lib:/bwfefs/opt
 /x86_64/intel/oneapi/2022.3/debugger/2021.7.1/libipt/intel64/lib:/bwfefs/opt/x8
 6_64/intel/oneapi/2022.3/debugger/2021.7.1/gdb/intel64/lib:/bwfefs/opt/x86_64/
 MPI Runtime = Intel(R) MPI Library 2021.7 for Linux* OS


[STEP1] Read Control Parameters
 
Read_Ctrl_Input> Input Files
  grotopfile = pro.top
  grocrdfile = crd/pos_5000.gro
 
Read_Ctrl_Output> Output Files
 
Read_Ctrl_Energy> Parameters of Energy Calculations
  forcefield      =    RESIDCG
  output_style    =    GENESIS
 
Read_Ctrl_Dynamics> Parameters of MD simulation
  integrator      =       VVER  nsteps          =       2000
  timestep        =     0.0100  initial_time    =     0.0000
  eneout_period   =         20  rstout_period   =          0
  crdout_period   =          0  velout_period   =          0
  nbupdate_period =         20  stoptr_period   =         10
  lbupdate_period =          0
  iseed           =         -1
  annealing       =         no
  verbose         =         no
  target_md       =         no
  steered_md      =         no
 
Read_Ctrl_Ensemble> Parameters for Ensemble
  ensemble        =        NVT
  temperature     =    300.000
  tpcontrol       =   LANGEVIN
  gamma_t         =      1.000
 
Read_Ctrl_Boundary> Parameters of Boundary Condition
  type            =       PBC 
  box_size(x,y,z) =   3200.000   650.000   650.000
  min_domain_cell =          2
 
Read_Ctrl_Selection> Parameters of Selection
  # of groups     =          0
  # of mole names =          0
 
Read_Ctrl_Restraints> No restraint in the system

Read_Ctrl_Fitting_MD> Parameters of Fitting
  fitting method  =  TR+ROT   
  fitting atom    = group1
  mass_weight     =         no
 
[STEP2] Setup MPI
 
Setup_Mpi_Md> Summary of Setup MPI
  number of MPI processes   =        512
  number of OpenMP threads  =          5
  total number of CPU cores =       2560

[STEP3] Set Relevant Variables and Structures
 
Read_Grotop> Summary of Grotopfile
  num_moltypes    =          1
    pos100_cg             :
      num_atoms   =        100
      num_bonds   =         99
      num_angls   =          0
      num_dihes   =          0
      num_cmaps   =          0
      num_excls   =          0
      num_constrs =          0
      num_pairs   =          0
      num_vsites2 =          0
      num_vsites3 =          0
      num_vsites4 =          0
      num_vsitesn =          0
      num_posress =          0
      num_PWMcos  =          0
      num_PWMcosns=          0
      num_IDR_HPS =          1
      num_IDR_KH  =          0
    .. not used molecule types were hidden.

  num_molecules   =       5000
    pos100_cg             :  5000

  num_atomtypes   =         33  num_bondtypes   =          0
  num_angltypes   =          0  num_dihetypes   =          0
  num_flangltypes           20
  num_fldihetypes          400
  num_constrtypes =          0  num_cmaptypes   =          0
  num_nbonparms   =          0
  num_basestacktypes  =     16
  num_basepairtypes   =      4
  num_basecrosstypes  =     32
  num_cgdnaexvtypes   =      6
  num_cgelemolpairs   =      1
  num_cg_IDR_HPS_atomtypes  =     20
  num_cg_KH_atomtypes  =    20

  num_cg_pair_MJ_eps   =   400

Define_Molecule> Summary of molecules
  num_atoms       =     500000  num_bonds       =     495000
  num_angles      =          0  num_dihedrals   =          0
  num_impropers   =          0  num_cmap_terms  =          0
  num_residues    =     500000  num_molecules   =       5000
  num_segments    =          1  num_deg_freedom =    1500000
  total_charge    = 500000.000
 
Setup_Boundary_Cell> Set Variables for Boundary Condition
  domains (x,y,z) =         32         4         4
  ncells (x,y,z)  =        112        22        22
 
Define_Enefunc_Gromacs> Number of Interactions in Each Term
  bond_ene        =     495000  angle_ene       =          0
  torsion_ene     =          0
 restraint_groups =          0 restraint_funcs  =          0
 
Setup_Dynamics> Subtract 3 translational degrees of freedom
 
Update_Num_Deg_Freedom> Number of degrees of freedom was updated
  num_deg_freedom =    1499997 (After removing translation)
 
Random_Init> Initialize the random number
  seed            = 355186

Setup_Fitting_cgdyn> NO fitting is applied, skip
  fitting method  =  NO
 
[STEP4] Compute Single Point Energy for Molecules
 
            STEP          ENERGY            BOND  NATIVE_CONTACT NON-NATIVE_CONT           ELECT         IDR_HPS          CG_EXV
 --------------- --------------- --------------- --------------- ---------------
               0     853903.1942     170691.3807          0.0000          0.0000     681472.2486       1739.5649          0.0000

[STEP5] Perform Molecular Dynamics Simulation
 
Initial_Velocity> Generate initial velocities
  iseed           =     355186
  temperature     =    300.000
 
Random_Init_Velocity> Initialize the random number
  seed            = 355186

INFO:       STEP            TIME       TOTAL_ENE   POTENTIAL_ENE     KINETIC_ENE            RMSG            BOND         IDR_HPS  NATIVE_CONTACT          CG_EXV           ELECT     TEMPERATURE          VOLUME
 --------------- --------------- --------------- --------------- ---------------
INFO:          0          0.0000    1300183.1700     853903.1942     446279.9758         10.1780     170691.3807       1739.5649          0.0000          0.0000     681472.2486          0.0000 1352000000.0000

INFO:         20          0.2000    1295358.0609     841868.0230     453490.0378          9.8365     160504.3659        673.5468          0.0000          0.0000     680690.1104        307.5703 1352000000.0000

INFO:         40          0.4000    1290351.3984     835754.9261     454596.4723          9.7203     157934.7574      -1018.8826          0.0000          0.0000     678839.0513        308.4525 1352000000.0000

INFO:         60          0.6000    1284737.7191     829995.0738     454742.6454          9.6481     156033.7573      -2361.0226          0.0000          0.0000     676322.3390        308.4341 1352000000.0000

INFO:         80          0.8000    1278929.6437     823854.1251     455075.5186          9.5787     154066.5871      -3589.7626          0.0000          0.0000     673377.3006        308.6788 1352000000.0000

INFO:        100          1.0000    1273660.2450     818968.6789     454691.5660          9.5417     153131.4030      -4412.7518          0.0000          0.0000     670250.0277        308.3833 1352000000.0000

INFO:        120          1.2000    1268530.2619     814264.5310     454265.7309          9.5132     152233.4451      -5037.8998          0.0000          0.0000     667068.9857        308.1731 1352000000.0000

INFO:        140          1.4000    1264161.0814     810336.1017     453824.9797          9.4911     151787.7066      -5372.6105          0.0000          0.0000     663921.0056        307.6680 1352000000.0000

INFO:        160          1.6000    1259964.0329     806235.7307     453728.3022          9.4558     150842.8024      -5455.1077          0.0000          0.0000     660848.0360        307.7810 1352000000.0000

INFO:        180          1.8000    1255600.1864     802522.1468     453078.0396          9.4293     150103.7022      -5468.1647          0.0000          0.0000     657886.6093        307.3260 1352000000.0000

INFO:        200          2.0000    1251822.3577     799588.1055     452234.2521          9.4229     149958.6301      -5405.3770          0.0000          0.0000     655034.8525        306.7933 1352000000.0000

INFO:        220          2.2000    1247701.3956     796582.9011     451118.4945          9.4099     149545.5075      -5241.2789          0.0000          0.0000     652278.6724        306.1090 1352000000.0000

INFO:        240          2.4000    1244717.8219     794065.7890     450652.0329          9.4034     149506.1195      -5047.4834          0.0000          0.0000     649607.1529        305.8047 1352000000.0000

INFO:        260          2.6000    1241973.1597     791585.1555     450388.0041          9.4045     149715.0721      -5110.3701          0.0000          0.0000     646980.4535        305.4976 1352000000.0000

INFO:        280          2.8000    1238935.5450     788159.3958     450776.1493          9.3839     148971.2009      -5276.7075          0.0000          0.0000     644464.9023        305.5403 1352000000.0000

INFO:        300          3.0000    1234978.8229     785960.8144     449018.0085          9.3814     148998.8494      -5094.0924          0.0000          0.0000     642056.0574        304.4739 1352000000.0000

INFO:        320          3.2000    1232085.6268     783545.5827     448540.0441          9.3790     148766.5297      -4977.0647          0.0000          0.0000     639756.1177        304.4096 1352000000.0000

INFO:        340          3.4000    1229616.1907     781506.4075     448109.7832          9.3795     148820.7442      -4828.5276          0.0000          0.0000     637514.1910        303.9258 1352000000.0000

INFO:        360          3.6000    1227082.1619     779450.5251     447631.6367          9.3773     148792.8687      -4696.2023          0.0000          0.0000     635353.8587        303.6516 1352000000.0000

INFO:        380          3.8000    1224067.8326     776821.6663     447246.1663          9.3563     148394.4860      -4825.7427          0.0000          0.0000     633252.9230        303.1907 1352000000.0000

INFO:        400          4.0000    1222130.1823     775261.8583     446868.3240          9.3660     148528.2631      -4512.7444          0.0000          0.0000     631246.3396        303.1499 1352000000.0000

INFO:        420          4.2000    1220920.6818     773208.6719     447712.0099          9.3566     148232.4888      -4309.2569          0.0000          0.0000     629285.4400        303.6400 1352000000.0000

INFO:        440          4.4000    1217960.8095     771385.7645     446575.0450          9.3520     148336.5468      -4320.2721          0.0000          0.0000     627369.4898        302.8288 1352000000.0000

INFO:        460          4.6000    1215496.8824     769429.0299     446067.8525          9.3560     148260.9398      -4367.3666          0.0000          0.0000     625535.4568        302.6189 1352000000.0000

INFO:        480          4.8000    1212853.3612     767165.7252     445687.6359          9.3332     147700.7491      -4314.9422          0.0000          0.0000     623779.9183        302.3356 1352000000.0000

INFO:        500          5.0000    1211490.5433     765761.0943     445729.4489          9.3492     147978.6952      -4300.6488          0.0000          0.0000     622083.0479        302.4619 1352000000.0000

INFO:        520          5.2000    1210241.0056     764507.5369     445733.4687          9.3541     148133.0079      -4077.0134          0.0000          0.0000     620451.5423        302.3040 1352000000.0000

INFO:        540          5.4000    1208924.0212     763165.1870     445758.8342          9.3618     148333.8639      -4049.5922          0.0000          0.0000     618880.9153        302.4088 1352000000.0000

INFO:        560          5.6000    1208226.6712     761746.7625     446479.9087          9.3565     148318.2136      -3922.6495          0.0000          0.0000     617351.1985        302.6489 1352000000.0000

INFO:        580          5.8000    1205806.4643     760161.1219     445645.3423          9.3499     148157.4432      -3840.4385          0.0000          0.0000     615844.1172        302.3377 1352000000.0000

INFO:        600          6.0000    1204898.5287     759341.5112     445557.0175          9.3668     148634.0445      -3689.3081          0.0000          0.0000     614396.7748        302.2368 1352000000.0000

INFO:        620          6.2000    1203276.3398     758014.3495     445261.9903          9.3640     148576.9575      -3558.9982          0.0000          0.0000     612996.3901        302.0082 1352000000.0000

INFO:        640          6.4000    1202278.2040     756509.6742     445768.5297          9.3626     148532.3319      -3628.1802          0.0000          0.0000     611605.5226        302.3032 1352000000.0000

INFO:        660          6.6000    1201506.4591     755258.1380     446248.3210          9.3698     148470.2160      -3466.6983          0.0000          0.0000     610254.6203        302.6513 1352000000.0000

INFO:        680          6.8000    1200198.2051     753886.0253     446312.1799          9.3608     148309.3715      -3339.1316          0.0000          0.0000     608915.7854        302.5928 1352000000.0000

INFO:        700          7.0000    1197983.4773     752246.4301     445737.0473          9.3509     148074.1218      -3447.2763          0.0000          0.0000     607619.5846        302.2619 1352000000.0000

INFO:        720          7.2000    1196265.0529     751351.2924     444913.7605          9.3598     148305.4177      -3329.8973          0.0000          0.0000     606375.7720        301.6807 1352000000.0000

INFO:        740          7.4000    1195017.3880     749962.3747     445055.0133          9.3527     147990.6886      -3189.7726          0.0000          0.0000     605161.4587        301.9564 1352000000.0000

INFO:        760          7.6000    1193521.9572     749088.7444     444433.2128          9.3493     148179.7226      -3074.8766          0.0000          0.0000     603983.8984        301.6031 1352000000.0000

INFO:        780          7.8000    1193263.4525     748208.9024     445054.5501          9.3522     148429.6790      -3027.8723          0.0000          0.0000     602807.0958        302.0271 1352000000.0000

INFO:        800          8.0000    1191971.6793     747114.4317     444857.2476          9.3626     148555.0262      -3089.6295          0.0000          0.0000     601649.0350        301.6276 1352000000.0000

INFO:        820          8.2000    1190749.3867     745717.3446     445032.0421          9.3559     148450.4923      -3268.9494          0.0000          0.0000     600535.8017        301.8518 1352000000.0000

INFO:        840          8.4000    1189011.8398     744084.1470     444927.6928          9.3424     147935.7465      -3284.3816          0.0000          0.0000     599432.7822        301.8472 1352000000.0000

INFO:        860          8.6000    1188174.4710     743402.2986     444772.1724          9.3497     148239.3657      -3192.7279          0.0000          0.0000     598355.6607        301.7525 1352000000.0000

INFO:        880          8.8000    1187492.6643     742168.1782     445324.4861          9.3448     148027.1539      -3147.0378          0.0000          0.0000     597288.0622        302.0492 1352000000.0000

INFO:        900          9.0000    1186341.5989     740879.7701     445461.8289          9.3388     147796.6571      -3157.7754          0.0000          0.0000     596240.8883        302.0998 1352000000.0000

INFO:        920          9.2000    1185834.4067     740715.7692     445118.6375          9.3611     148458.1403      -2971.6355          0.0000          0.0000     595229.2644        302.0107 1352000000.0000

INFO:        940          9.4000    1183944.5116     739596.3796     444348.1320          9.3624     148416.6754      -3059.6319          0.0000          0.0000     594239.3361        301.4076 1352000000.0000

INFO:        960          9.6000    1183379.2661     738218.8206     445160.4456          9.3427     148042.2918      -3103.8820          0.0000          0.0000     593280.4107        302.0476 1352000000.0000

INFO:        980          9.8000    1181960.3370     737445.7100     444514.6270          9.3397     147985.9696      -2899.6167          0.0000          0.0000     592359.3571        301.4544 1352000000.0000

INFO:       1000         10.0000    1181052.3154     736802.8655     444249.4499          9.3416     148190.0959      -2841.0739          0.0000          0.0000     591453.8434        301.3942 1352000000.0000

INFO:       1020         10.2000    1179658.6092     735753.1907     443905.4184          9.3415     147936.0131      -2745.8777          0.0000          0.0000     590563.0553        301.1135 1352000000.0000

INFO:       1040         10.4000    1178911.5808     735115.4236     443796.1572          9.3480     148267.8181      -2815.5525          0.0000          0.0000     589663.1580        300.8829 1352000000.0000

INFO:       1060         10.6000    1177665.2334     734185.8471     443479.3864          9.3501     148409.5280      -3018.4392          0.0000          0.0000     588794.7583        300.8020 1352000000.0000

INFO:       1080         10.8000    1176892.6667     733186.2395     443706.4272          9.3451     148220.3648      -2974.9876          0.0000          0.0000     587940.8623        300.8930 1352000000.0000

INFO:       1100         11.0000    1176286.5435     732261.2244     444025.3191          9.3409     147958.3670      -2819.5821          0.0000          0.0000     587122.4395        301.0469 1352000000.0000

INFO:       1120         11.2000    1175236.2243     731577.1171     443659.1073          9.3433     147983.2454      -2694.2788          0.0000          0.0000     586288.1505        301.0551 1352000000.0000

INFO:       1140         11.4000    1175074.3672     730821.0625     444253.3047          9.3392     147882.8684      -2520.6402          0.0000          0.0000     585458.8342        301.3293 1352000000.0000

INFO:       1160         11.6000    1174564.3483     730608.3466     443956.0017          9.3623     148414.8164      -2437.7937          0.0000          0.0000     584631.3240        301.2503 1352000000.0000

INFO:       1180         11.8000    1174090.5435     729832.1832     444258.3603          9.3576     148381.4514      -2351.2797          0.0000          0.0000     583802.0116        301.3887 1352000000.0000

INFO:       1200         12.0000    1172898.4954     729068.3639     443830.1316          9.3567     148416.9344      -2344.2525          0.0000          0.0000     582995.6819        301.2877 1352000000.0000

INFO:       1220         12.2000    1172095.9842     728128.6380     443967.3462          9.3498     148419.5488      -2490.4033          0.0000          0.0000     582199.4925        301.0983 1352000000.0000

INFO:       1240         12.4000    1171058.2524     727157.0707     443901.1817          9.3458     148282.1021      -2560.9045          0.0000          0.0000     581435.8731        301.1384 1352000000.0000

INFO:       1260         12.6000    1170043.6037     726356.2487     443687.3550          9.3395     147994.3802      -2334.6377          0.0000          0.0000     580696.5061        300.9285 1352000000.0000

INFO:       1280         12.8000    1169272.7165     725752.7549     443519.9616          9.3338     147965.5796      -2158.0097          0.0000          0.0000     579945.1851        300.8282 1352000000.0000

INFO:       1300         13.0000    1168179.5808     724944.5264     443235.0544          9.3383     148017.6976      -2276.7833          0.0000          0.0000     579203.6121        300.7118 1352000000.0000

INFO:       1320         13.2000    1167802.0902     724559.2273     443242.8629          9.3438     148238.4823      -2145.1476          0.0000          0.0000     578465.8925        300.7099 1352000000.0000

INFO:       1340         13.4000    1167422.3368     723480.3748     443941.9620          9.3362     147967.1687      -2231.9253          0.0000          0.0000     577745.1313        301.1871 1352000000.0000

INFO:       1360         13.6000    1166287.0021     723088.3249     443198.6772          9.3422     148223.9203      -2172.6195          0.0000          0.0000     577037.0242        300.7467 1352000000.0000

INFO:       1380         13.8000    1166603.1900     722412.9560     444190.2341          9.3464     148326.3430      -2244.5806          0.0000          0.0000     576331.1936        301.2443 1352000000.0000

INFO:       1400         14.0000    1166823.0686     721671.7460     445151.3226          9.3407     148271.1079      -2233.5236          0.0000          0.0000     575634.1618        302.0201 1352000000.0000

INFO:       1420         14.2000    1165788.5184     721217.0320     444571.4865          9.3509     148493.4484      -2215.1618          0.0000          0.0000     574938.7454        301.5961 1352000000.0000

INFO:       1440         14.4000    1164640.1710     720204.0219     444436.1491          9.3445     148206.1029      -2242.8456          0.0000          0.0000     574240.7646        301.3930 1352000000.0000

INFO:       1460         14.6000    1164186.4620     719678.9175     444507.5445          9.3421     148308.3189      -2188.6410          0.0000          0.0000     573559.2396        301.5246 1352000000.0000

INFO:       1480         14.8000    1163358.7400     718645.2440     444713.4960          9.3406     148108.2881      -2353.6504          0.0000          0.0000     572890.6063        301.7544 1352000000.0000

INFO:       1500         15.0000    1162608.8684     718184.5254     444424.3430          9.3530     148261.9885      -2345.1178          0.0000          0.0000     572267.6547        301.4834 1352000000.0000

INFO:       1520         15.2000    1161578.7369     717958.0114     443620.7254          9.3605     148557.2424      -2273.6316          0.0000          0.0000     571674.4006        300.8788 1352000000.0000

INFO:       1540         15.4000    1160880.6136     717007.5678     443873.0458          9.3510     148218.8820      -2290.0811          0.0000          0.0000     571078.7669        301.1092 1352000000.0000

INFO:       1560         15.6000    1160887.0970     716760.4661     444126.6309          9.3591     148381.7223      -2145.9768          0.0000          0.0000     570524.7207        301.2953 1352000000.0000

INFO:       1580         15.8000    1159828.6742     715971.3205     443857.3536          9.3498     148189.4788      -2169.6154          0.0000          0.0000     569951.4571        301.0470 1352000000.0000

INFO:       1600         16.0000    1158551.1537     715350.6944     443200.4593          9.3548     148215.8288      -2254.7960          0.0000          0.0000     569389.6616        300.7815 1352000000.0000

INFO:       1620         16.2000    1158282.4709     715309.7070     442972.7639          9.3663     148550.9447      -2085.3983          0.0000          0.0000     568844.1606        300.5098 1352000000.0000

INFO:       1640         16.4000    1157326.9960     714553.2045     442773.7915          9.3504     148228.6063      -1963.0240          0.0000          0.0000     568287.6223        300.2569 1352000000.0000

INFO:       1660         16.6000    1156742.5413     713749.8986     442992.6428          9.3494     148087.2733      -2059.2102          0.0000          0.0000     567721.8354        300.4769 1352000000.0000

INFO:       1680         16.8000    1156275.1588     713283.0488     442992.1100          9.3460     148379.5729      -2233.2121          0.0000          0.0000     567136.6880        300.4056 1352000000.0000

INFO:       1700         17.0000    1155512.8137     712735.3213     442777.4925          9.3445     148340.6632      -2174.3193          0.0000          0.0000     566568.9774        300.3904 1352000000.0000

INFO:       1720         17.2000    1155270.5198     711929.3402     443341.1796          9.3387     148046.9634      -2129.2405          0.0000          0.0000     566011.6174        300.7013 1352000000.0000

INFO:       1740         17.4000    1155155.0242     712101.3553     443053.6689          9.3551     148718.1290      -2092.8681          0.0000          0.0000     565476.0943        300.5774 1352000000.0000

INFO:       1760         17.6000    1154751.5924     711349.0788     443402.5136          9.3679     148534.0059      -2149.7715          0.0000          0.0000     564964.8444        300.7229 1352000000.0000

INFO:       1780         17.8000    1153140.3104     710513.8404     442626.4701          9.3541     148431.1892      -2362.6496          0.0000          0.0000     564445.3008        300.3221 1352000000.0000

INFO:       1800         18.0000    1153170.0925     710076.2273     443093.8652          9.3536     148365.7785      -2268.5730          0.0000          0.0000     563979.0218        300.7043 1352000000.0000

INFO:       1820         18.2000    1152999.8290     709547.2748     443452.5543          9.3449     147987.0394      -1968.6597          0.0000          0.0000     563528.8950        300.7505 1352000000.0000

INFO:       1840         18.4000    1152296.9557     709199.4257     443097.5301          9.3442     148146.1686      -2003.4089          0.0000          0.0000     563056.6660        300.6439 1352000000.0000

INFO:       1860         18.6000    1151793.8823     709243.0935     442550.7888          9.3683     148749.3321      -2078.6990          0.0000          0.0000     562572.4604        300.2670 1352000000.0000

INFO:       1880         18.8000    1150917.7432     708392.8863     442524.8570          9.3567     148264.1566      -1970.9780          0.0000          0.0000     562099.7077        300.2212 1352000000.0000

INFO:       1900         19.0000    1150552.8011     707934.6756     442618.1254          9.3530     148160.2211      -1852.4156          0.0000          0.0000     561626.8700        300.2652 1352000000.0000

INFO:       1920         19.2000    1150988.4285     707669.5005     443318.9281          9.3548     148499.3279      -1967.4726          0.0000          0.0000     561137.6451        300.5956 1352000000.0000

INFO:       1940         19.4000    1150246.2645     707335.6180     442910.6465          9.3600     148683.7556      -1984.0232          0.0000          0.0000     560635.8856        300.4049 1352000000.0000

INFO:       1960         19.6000    1149662.5487     707114.3862     442548.1624          9.3606     148832.1590      -1861.5546          0.0000          0.0000     560143.7818        300.3490 1352000000.0000

INFO:       1980         19.8000    1149538.1761     706100.2232     443437.9529          9.3528     148296.3733      -1850.3231          0.0000          0.0000     559654.1729        300.9460 1352000000.0000

INFO:       2000         20.0000    1149411.9351     705695.0768     443716.8583          9.3530     148487.2162      -1954.6672          0.0000          0.0000     559162.5277        300.9704 1352000000.0000

 
[STEP6] Deallocate Arrays
 
Output_Time> Averaged timer profile (Min, Max)
  total time      =      11.911
    setup         =       3.961
    dynamics      =       7.951
      energy      =       6.553
      integrator  =       1.101
      migration   =       0.051
      pairlist    =       0.080 (       0.037,       0.151)
  energy           
    bond          =       0.037 (       0.015,       0.084)
    angle         =       0.011 (       0.010,       0.022)
    dihedral      =       0.010 (       0.010,       0.021)
    base stacking =       0.000 (       0.000,       0.000)
    nonbond       =       2.290 (       0.563,       5.590)
      CG exv      =       0.008 (       0.006,       0.014)
      CG DNA bp   =       0.000 (       0.000,       0.000)
      CG DNA exv  =       0.000 (       0.000,       0.000)
      CG ele      =       1.852 (       0.426,       4.479)
      CG PWMcos   =       0.000 (       0.000,       0.000)
      CG PWMcosns =       0.000 (       0.000,       0.000)
      CG IDR-HPS  =       0.426 (       0.120,       1.097)
      CG IDR-KH   =       0.000 (       0.000,       0.000)
      CG KH       =       0.000 (       0.000,       0.000)
      Contact     =       0.003 (       0.003,       0.007)
      pme real    =       0.000 (       0.000,       0.000)
      pme recip   =       0.000 (       0.000,       0.000)
    solvation     =       0.000 (       0.000,       0.000)
      polar       =       0.000 (       0.000,       0.000)
      non-polar   =       0.000 (       0.000,       0.000)
    restraint     =       0.000 (       0.000,       0.000)
    qmmm          =       0.000 (       0.000,       0.000)
    morph         =       0.000 (       0.000,       0.000)
  integrator       
    constraint    =       0.000 (       0.000,       0.000)
    update        =       0.000 (       0.000,       0.000)
    comm_coord    =       0.488 (       0.252,       0.802)
    comm_force    =       0.293 (       0.207,       0.408)
  migration       =       0.051 (       0.051,       0.052)
    comm_migrate  =       0.012 (       0.009,       0.014)
    ptl_migrate   =       0.002 (       0.001,       0.003)
    bond_migrate  =       0.000 (       0.000,       0.001)
    angl_migrate  =       0.000 (       0.000,       0.001)
    dihe_migrate  =       0.000 (       0.000,       0.001)
    contact_migr  =       0.000 (       0.000,       0.000)
    stack_migrate =       0.000 (       0.000,       0.000)
    pwmcos_migrate =       0.000 (       0.000,       0.000)
    pwmcosns_migr  =       0.000 (       0.000,       0.000)
    nonb_update    =       0.014 (       0.003,       0.035)

