****************************************************
*                                                  *
*                  GENESIS CGDYN                   *
*                                                  *
*        A Molecular Dynamics Simulator with       *
*           Spatial Decomposition Scheme           *
*                                                  *
*               Developed by RIKEN                 *
*                                                  *
****************************************************
 
[STEP0] Architecture and Compiler Information
 
GENESIS_Information> GENESIS Information
  version      = 2.0.0
  commit ID    = $GENESIS_VERSION$
  precision    = mixed 
  nonbonding   = CPU

Build_Information> Compiler Information
  build host   = jjwsmj@hokusai2
  fortran      = ifort (IFORT) 2021.7.1 20221019
  option       = 
  -axCORE-AVX512 -g -O3  -qmkl=parallel  -assume byterecl -qopenmp  
  C            = 
 icc: remark #10441: The Intel(R) C++ Compiler Classic (ICC) is deprecated and w
 ill be removed from product release in the second half of 2023. The Intel(R) on
 eAPI DPC++/C++ Compiler (ICX) is the recommended compiler moving forward. Pleas
 e transition to use this compiler. Use '-diag-disable=10441' to disable this me
 ssage.
  option       = -O3 -ip -axCORE-AVX2  -qopenmp 
  defined var. = 
  -DHAVE_MPI_GENESIS -DOMP -DIFORT19 -DFFTE -DLAPACK -DDSFMT_MEXP=19937 -DINTEL
  link option  = 
  -assume byterecl -lgfortran -qopenmp  -lmkl_intel_lp64 -lmkl_sequential -lmkl_
 core -lmkl_lapack95_lp64   
  MPI Compiler = Intel(R) MPI

Runtime_Information> Machine and Library Information
  date       = 2023/05/12 16:57:08
  cpu model    = Intel(R) Xeon(R) Gold 6148 CPU @ 2.40GHz
  exec. host   = jjwsmj@bwmpc0466
  LD library   = 
 /bwfefs/opt/x86_64/intel/oneapi/2022.3/mpi/2021.7.1/libfabric/lib:/bwfefs/opt/x
 86_64/intel/oneapi/2022.3/mpi/2021.7.1/lib/release:/bwfefs/opt/x86_64/intel/one
 api/2022.3/mpi/2021.7.1/lib:/bwfefs/opt/x86_64/intel/oneapi/2022.3/tbb/2021.7.1
 /lib/intel64/gcc4.8:/usr/lib64:/bwfefs/opt/x86_64/intel/oneapi/2022.3/vpl/2022.
 2.5/lib:/bwfefs/opt/x86_64/intel/oneapi/2022.3/mkl/latest/lib/intel64:/bwfefs/o
 pt/x86_64/intel/oneapi/2022.3/itac/2021.7.1/slib:/bwfefs/opt/x86_64/intel/oneap
 i/2022.3/ippcp/2021.6.2/lib/intel64:/bwfefs/opt/x86_64/intel/oneapi/2022.3/ipp/
 2021.6.2/lib/intel64:/bwfefs/opt/x86_64/intel/oneapi/2022.3/dnnl/2022.2.1/cpu_d
 pcpp_gpu_dpcpp/lib:/bwfefs/opt/x86_64/intel/oneapi/2022.3/dal/2021.7.1/lib/inte
 l64:/bwfefs/opt/x86_64/intel/oneapi/2022.3/compiler/2022.2.1/linux/compiler/lib
 :/bwfefs/opt/x86_64/intel/oneapi/2022.3/compiler/2022.2.1/linux/lib/oclfpga/hos
 t/linux64/lib:/bwfefs/opt/x86_64/intel/oneapi/2022.3/compiler/2022.2.1/linux/li
 b/oclfpga/linux64/lib:/bwfefs/opt/x86_64/intel/oneapi/2022.3/compiler/2022.2.1/
 linux/lib:/bwfefs/opt/x86_64/intel/oneapi/2022.3/compiler/2022.2.1/linux/lib/x6
 4:/bwfefs/opt/x86_64/intel/oneapi/2022.3/compiler/2022.2.1/linux/lib/emu:/bwfef
 s/opt/x86_64/intel/oneapi/2022.3/compiler/2022.2.1/linux/compiler/lib/intel64_l
 in:/bwfefs/opt/x86_64/intel/oneapi/2022.3/debugger/2021.7.1/dep/lib:/bwfefs/opt
 /x86_64/intel/oneapi/2022.3/debugger/2021.7.1/libipt/intel64/lib:/bwfefs/opt/x8
 6_64/intel/oneapi/2022.3/debugger/2021.7.1/gdb/intel64/lib:/bwfefs/opt/x86_64/
 MPI Runtime = Intel(R) MPI Library 2021.7 for Linux* OS


[STEP1] Read Control Parameters
 
Read_Ctrl_Input> Input Files
  grotopfile = pro.top
  grocrdfile = crd/pos_5000.gro
 
Read_Ctrl_Output> Output Files
 
Read_Ctrl_Energy> Parameters of Energy Calculations
  forcefield      =    RESIDCG
  output_style    =    GENESIS
 
Read_Ctrl_Dynamics> Parameters of MD simulation
  integrator      =       VVER  nsteps          =       2000
  timestep        =     0.0100  initial_time    =     0.0000
  eneout_period   =         20  rstout_period   =          0
  crdout_period   =          0  velout_period   =          0
  nbupdate_period =         20  stoptr_period   =         10
  lbupdate_period =          0
  iseed           =         -1
  annealing       =         no
  verbose         =         no
  target_md       =         no
  steered_md      =         no
 
Read_Ctrl_Ensemble> Parameters for Ensemble
  ensemble        =        NVT
  temperature     =    300.000
  tpcontrol       =   LANGEVIN
  gamma_t         =      1.000
 
Read_Ctrl_Boundary> Parameters of Boundary Condition
  type            =       PBC 
  box_size(x,y,z) =   3200.000   650.000   650.000
  min_domain_cell =          2
 
Read_Ctrl_Selection> Parameters of Selection
  # of groups     =          0
  # of mole names =          0
 
Read_Ctrl_Restraints> No restraint in the system

Read_Ctrl_Fitting_MD> Parameters of Fitting
  fitting method  =  TR+ROT   
  fitting atom    = group1
  mass_weight     =         no
 
[STEP2] Setup MPI
 
Setup_Mpi_Md> Summary of Setup MPI
  number of MPI processes   =        512
  number of OpenMP threads  =          5
  total number of CPU cores =       2560

[STEP3] Set Relevant Variables and Structures
 
Read_Grotop> Summary of Grotopfile
  num_moltypes    =          1
    pos100_cg             :
      num_atoms   =        100
      num_bonds   =         99
      num_angls   =          0
      num_dihes   =          0
      num_cmaps   =          0
      num_excls   =          0
      num_constrs =          0
      num_pairs   =          0
      num_vsites2 =          0
      num_vsites3 =          0
      num_vsites4 =          0
      num_vsitesn =          0
      num_posress =          0
      num_PWMcos  =          0
      num_PWMcosns=          0
      num_IDR_HPS =          1
      num_IDR_KH  =          0
    .. not used molecule types were hidden.

  num_molecules   =       5000
    pos100_cg             :  5000

  num_atomtypes   =         33  num_bondtypes   =          0
  num_angltypes   =          0  num_dihetypes   =          0
  num_flangltypes           20
  num_fldihetypes          400
  num_constrtypes =          0  num_cmaptypes   =          0
  num_nbonparms   =          0
  num_basestacktypes  =     16
  num_basepairtypes   =      4
  num_basecrosstypes  =     32
  num_cgdnaexvtypes   =      6
  num_cgelemolpairs   =      1
  num_cg_IDR_HPS_atomtypes  =     20
  num_cg_KH_atomtypes  =    20

  num_cg_pair_MJ_eps   =   400

Define_Molecule> Summary of molecules
  num_atoms       =     500000  num_bonds       =     495000
  num_angles      =          0  num_dihedrals   =          0
  num_impropers   =          0  num_cmap_terms  =          0
  num_residues    =     500000  num_molecules   =       5000
  num_segments    =          1  num_deg_freedom =    1500000
  total_charge    = 500000.000
 
Setup_Boundary_Cell> Set Variables for Boundary Condition
  domains (x,y,z) =         32         4         4
  ncells (x,y,z)  =        112        22        22
 
Define_Enefunc_Gromacs> Number of Interactions in Each Term
  bond_ene        =     495000  angle_ene       =          0
  torsion_ene     =          0
 restraint_groups =          0 restraint_funcs  =          0
 
Setup_Dynamics> Subtract 3 translational degrees of freedom
 
Update_Num_Deg_Freedom> Number of degrees of freedom was updated
  num_deg_freedom =    1499997 (After removing translation)
 
Random_Init> Initialize the random number
  seed            = 737786

Setup_Fitting_cgdyn> NO fitting is applied, skip
  fitting method  =  NO
 
[STEP4] Compute Single Point Energy for Molecules
 
            STEP          ENERGY            BOND  NATIVE_CONTACT NON-NATIVE_CONT           ELECT         IDR_HPS          CG_EXV
 --------------- --------------- --------------- --------------- ---------------
               0     853903.1942     170691.3807          0.0000          0.0000     681472.2486       1739.5649          0.0000

[STEP5] Perform Molecular Dynamics Simulation
 
Initial_Velocity> Generate initial velocities
  iseed           =     737786
  temperature     =    300.000
 
Random_Init_Velocity> Initialize the random number
  seed            = 737786

INFO:       STEP            TIME       TOTAL_ENE   POTENTIAL_ENE     KINETIC_ENE            RMSG            BOND         IDR_HPS  NATIVE_CONTACT          CG_EXV           ELECT     TEMPERATURE          VOLUME
 --------------- --------------- --------------- --------------- ---------------
INFO:          0          0.0000    1301461.1225     853903.1942     447557.9283         10.1780     170691.3807       1739.5649          0.0000          0.0000     681472.2486          0.0000 1352000000.0000

INFO:         20          0.2000    1295874.9713     842136.5403     453738.4310          9.8357     160480.8278        927.9911          0.0000          0.0000     680727.7214        307.7432 1352000000.0000

INFO:         40          0.4000    1290971.2836     835652.3444     455318.9393          9.7185     157764.9529       -974.8074          0.0000          0.0000     678862.1989        309.1107 1352000000.0000

INFO:         60          0.6000    1285430.5223     829223.4176     456207.1047          9.6304     155493.8969      -2572.7727          0.0000          0.0000     676302.2934        309.6331 1352000000.0000

INFO:         80          0.8000    1279357.5296     823825.2157     455532.3139          9.5828     154029.9489      -3563.9750          0.0000          0.0000     673359.2418        309.0770 1352000000.0000

INFO:        100          1.0000    1273274.2877     818520.8955     454753.3922          9.5265     152470.7191      -4224.9168          0.0000          0.0000     670275.0932        308.4390 1352000000.0000

INFO:        120          1.2000    1268212.5664     814098.7081     454113.8583          9.4956     151657.5906      -4696.7861          0.0000          0.0000     667137.9037        308.0502 1352000000.0000

INFO:        140          1.4000    1262907.0931     809827.0981     453079.9950          9.4681     150776.9702      -4982.3230          0.0000          0.0000     664032.4509        307.3054 1352000000.0000

INFO:        160          1.6000    1258731.2897     806759.4342     451971.8555          9.4706     151021.5594      -5223.3693          0.0000          0.0000     660961.2441        306.4266 1352000000.0000

INFO:        180          1.8000    1255248.5047     802820.3989     452428.1058          9.4358     150136.1311      -5294.6744          0.0000          0.0000     657978.9422        306.8092 1352000000.0000

INFO:        200          2.0000    1250793.5954     799360.5468     451433.0485          9.4099     149608.2040      -5333.0479          0.0000          0.0000     655085.3907        306.1179 1352000000.0000

INFO:        220          2.2000    1247503.7108     796075.6610     451428.0498          9.3859     148929.7430      -5170.8761          0.0000          0.0000     652316.7941        306.0463 1352000000.0000

INFO:        240          2.4000    1244271.7138     793418.1075     450853.6063          9.3811     148866.2406      -5050.1148          0.0000          0.0000     649601.9818        305.8071 1352000000.0000

INFO:        260          2.6000    1241264.7007     791036.7164     450227.9844          9.3870     149156.2988      -5102.8744          0.0000          0.0000     646983.2920        305.3827 1352000000.0000

INFO:        280          2.8000    1238335.8993     788071.3783     450264.5210          9.3714     148719.7885      -5099.3336          0.0000          0.0000     644450.9234        305.4347 1352000000.0000

INFO:        300          3.0000    1235947.3595     785874.4704     450072.8891          9.3745     148779.4406      -4924.7004          0.0000          0.0000     642019.7302        305.2300 1352000000.0000

INFO:        320          3.2000    1232831.9411     783612.8856     449219.0555          9.3701     148530.7852      -4641.1214          0.0000          0.0000     639723.2217        304.6120 1352000000.0000

INFO:        340          3.4000    1229819.0660     781722.7317     448096.3343          9.3795     148858.2019      -4636.9920          0.0000          0.0000     637501.5218        303.9439 1352000000.0000

INFO:        360          3.6000    1227630.5864     778968.8662     448661.7202          9.3641     148356.2040      -4721.8540          0.0000          0.0000     635334.5161        304.2576 1352000000.0000

INFO:        380          3.8000    1225887.1494     776626.4075     449260.7419          9.3540     148115.7224      -4727.5215          0.0000          0.0000     633238.2065        304.7819 1352000000.0000

INFO:        400          4.0000    1223574.2161     774824.8488     448749.3673          9.3484     148122.7305      -4529.0212          0.0000          0.0000     631231.1395        304.2725 1352000000.0000

INFO:        420          4.2000    1220274.0012     773651.8373     446622.1638          9.3594     148488.9440      -4162.5336          0.0000          0.0000     629325.4270        303.0005 1352000000.0000

INFO:        440          4.4000    1218255.8788     772029.4786     446226.4002          9.3678     148662.3204      -4105.1210          0.0000          0.0000     627472.2792        302.7851 1352000000.0000

INFO:        460          4.6000    1217399.6361     770207.5580     447192.0781          9.3708     148678.1532      -4137.6786          0.0000          0.0000     625667.0834        303.3560 1352000000.0000

INFO:        480          4.8000    1215627.7740     767805.2494     447822.5246          9.3418     147906.3718      -3984.3502          0.0000          0.0000     623883.2277        303.7752 1352000000.0000

INFO:        500          5.0000    1214367.5151     766508.4786     447859.0366          9.3516     148273.0251      -3921.8161          0.0000          0.0000     622157.2696        303.7528 1352000000.0000

INFO:        520          5.2000    1211881.4619     764769.6356     447111.8263          9.3493     148214.7795      -3922.2264          0.0000          0.0000     620477.0825        303.2246 1352000000.0000

INFO:        540          5.4000    1210774.5004     763662.8851     447111.6153          9.3615     148608.9249      -3820.5906          0.0000          0.0000     618874.5509        303.2330 1352000000.0000

INFO:        560          5.6000    1208626.5687     762459.0144     446167.5543          9.3711     148850.9278      -3701.9091          0.0000          0.0000     617309.9957        302.4235 1352000000.0000

INFO:        580          5.8000    1207080.0021     760961.0109     446118.9912          9.3724     149007.2063      -3804.7167          0.0000          0.0000     615758.5213        302.6398 1352000000.0000

INFO:        600          6.0000    1205406.4807     758568.2707     446838.2100          9.3510     148289.4585      -4022.9582          0.0000          0.0000     614301.7703        303.0599 1352000000.0000

INFO:        620          6.2000    1203320.9044     757806.4083     445514.4961          9.3680     148830.5868      -3905.1791          0.0000          0.0000     612881.0006        302.2110 1352000000.0000

INFO:        640          6.4000    1201784.9569     755896.8652     445888.0917          9.3414     147971.9325      -3586.1801          0.0000          0.0000     611511.1128        302.3510 1352000000.0000

INFO:        660          6.6000    1201148.8151     754733.4102     446415.4049          9.3364     148130.6766      -3554.0878          0.0000          0.0000     610156.8213        302.6975 1352000000.0000

INFO:        680          6.8000    1199903.5479     753510.2307     446393.3172          9.3383     148083.1155      -3408.8477          0.0000          0.0000     608835.9629        302.6763 1352000000.0000

INFO:        700          7.0000    1198312.6216     752342.4478     445970.1737          9.3398     148135.5390      -3333.7266          0.0000          0.0000     607540.6354        302.4222 1352000000.0000

INFO:        720          7.2000    1197612.7292     750917.9399     446694.7893          9.3428     148147.2316      -3482.5049          0.0000          0.0000     606253.2132        303.0227 1352000000.0000

INFO:        740          7.4000    1196085.6958     750013.5787     446072.1171          9.3545     148554.2995      -3533.5156          0.0000          0.0000     604992.7947        302.6469 1352000000.0000

INFO:        760          7.6000    1194465.9524     748640.8053     445825.1472          9.3408     148399.9593      -3521.6450          0.0000          0.0000     603762.4910        302.4089 1352000000.0000

INFO:        780          7.8000    1193179.2787     747371.8046     445807.4742          9.3412     148086.8066      -3290.5528          0.0000          0.0000     602575.5508        302.3868 1352000000.0000

INFO:        800          8.0000    1191588.5703     747008.9544     444579.6159          9.3535     148701.5166      -3138.0036          0.0000          0.0000     601445.4414        301.5474 1352000000.0000

INFO:        820          8.2000    1190083.5347     745375.7130     444707.8216          9.3399     148179.0085      -3131.7552          0.0000          0.0000     600328.4597        301.6203 1352000000.0000

INFO:        840          8.4000    1189274.2552     744265.9924     445008.2628          9.3355     148087.9217      -3059.8353          0.0000          0.0000     599237.9060        301.7845 1352000000.0000

INFO:        860          8.6000    1188319.0167     743506.8961     444812.1207          9.3408     148281.8569      -2943.3762          0.0000          0.0000     598168.4154        301.6566 1352000000.0000

INFO:        880          8.8000    1186990.6194     742268.8077     444721.8116          9.3364     148026.6308      -2879.5788          0.0000          0.0000     597121.7557        301.5702 1352000000.0000

INFO:        900          9.0000    1186626.4768     741767.2171     444859.2597          9.3571     148639.2843      -2960.4064          0.0000          0.0000     596088.3392        301.7003 1352000000.0000

INFO:        920          9.2000    1186107.6320     740590.6993     445516.9327          9.3501     148482.9457      -2982.9912          0.0000          0.0000     595090.7448        302.2221 1352000000.0000

INFO:        940          9.4000    1184502.0240     739527.3617     444974.6622          9.3459     148349.4899      -2933.0056          0.0000          0.0000     594110.8775        301.9122 1352000000.0000

INFO:        960          9.6000    1183222.0359     738168.1117     445053.9242          9.3378     147946.2032      -2932.4088          0.0000          0.0000     593154.3173        301.9011 1352000000.0000

INFO:        980          9.8000    1181759.2597     737921.3825     443837.8772          9.3449     148589.4551      -2879.4500          0.0000          0.0000     592211.3774        301.1114 1352000000.0000

INFO:       1000         10.0000    1180466.3078     736645.5994     443820.7084          9.3434     148240.9724      -2880.7224          0.0000          0.0000     591285.3494        301.0591 1352000000.0000

INFO:       1020         10.2000    1179987.1325     736192.2094     443794.9232          9.3578     148613.5651      -2786.9624          0.0000          0.0000     590365.6066        301.0546 1352000000.0000

INFO:       1040         10.4000    1178952.7219     734786.7574     444165.9644          9.3376     147994.5614      -2687.8583          0.0000          0.0000     589480.0544        301.4093 1352000000.0000

INFO:       1060         10.6000    1178595.9591     734199.5577     444396.4014          9.3399     148175.6334      -2586.0932          0.0000          0.0000     588610.0175        301.4074 1352000000.0000

INFO:       1080         10.8000    1177103.7229     733366.5089     443737.2140          9.3486     148247.2770      -2636.6483          0.0000          0.0000     587755.8801        300.9871 1352000000.0000

INFO:       1100         11.0000    1176280.0169     732464.0535     443815.9634          9.3398     148155.8089      -2608.1355          0.0000          0.0000     586916.3801        300.9643 1352000000.0000

INFO:       1120         11.2000    1175644.3808     731323.7746     444320.6062          9.3337     147751.5400      -2519.0065          0.0000          0.0000     586091.2411        301.5121 1352000000.0000

INFO:       1140         11.4000    1175522.4062     730783.5709     444738.8353          9.3402     148010.8162      -2491.4328          0.0000          0.0000     585264.1874        301.7213 1352000000.0000

INFO:       1160         11.6000    1173911.3392     729760.0030     444151.3363          9.3371     147945.0760      -2642.5659          0.0000          0.0000     584457.4929        301.3874 1352000000.0000

INFO:       1180         11.8000    1173237.6643     729114.1067     444123.5576          9.3439     148033.8703      -2592.8925          0.0000          0.0000     583673.1290        301.2428 1352000000.0000

INFO:       1200         12.0000    1172925.8262     728572.4950     444353.3311          9.3504     148284.0738      -2617.8528          0.0000          0.0000     582906.2740        301.5165 1352000000.0000

INFO:       1220         12.2000    1172593.7048     727951.5546     444642.1502          9.3531     148320.3145      -2531.1864          0.0000          0.0000     582162.4264        301.8224 1352000000.0000

INFO:       1240         12.4000    1171566.6657     727393.7995     444172.8662          9.3434     148358.1720      -2377.1592          0.0000          0.0000     581412.7866        301.4020 1352000000.0000

INFO:       1260         12.6000    1171231.8618     726711.2683     444520.5935          9.3473     148412.4031      -2370.9747          0.0000          0.0000     580669.8399        301.5574 1352000000.0000

INFO:       1280         12.8000    1170173.4479     725919.5825     444253.8654          9.3493     148416.5862      -2426.8668          0.0000          0.0000     579929.8631        301.3250 1352000000.0000

INFO:       1300         13.0000    1169765.4646     725636.9975     444128.4671          9.3651     148851.7608      -2418.2613          0.0000          0.0000     579203.4980        301.2645 1352000000.0000

INFO:       1320         13.2000    1169153.6535     725225.0837     443928.5698          9.3819     149189.1299      -2435.5941          0.0000          0.0000     578471.5479        301.1873 1352000000.0000

INFO:       1340         13.4000    1167491.8788     724171.6131     443320.2656          9.3761     148944.0139      -2511.1746          0.0000          0.0000     577738.7738        300.6599 1352000000.0000

INFO:       1360         13.6000    1166619.3017     723149.4684     443469.8333          9.3585     148474.1862      -2347.4762          0.0000          0.0000     577022.7584        300.9608 1352000000.0000

INFO:       1380         13.8000    1165774.7548     722394.8168     443379.9380          9.3531     148481.3535      -2397.6616          0.0000          0.0000     576311.1250        300.7259 1352000000.0000

INFO:       1400         14.0000    1164875.6389     721465.0114     443410.6275          9.3516     148324.8159      -2487.3452          0.0000          0.0000     575627.5407        300.8146 1352000000.0000

INFO:       1420         14.2000    1164609.5952     720990.7809     443618.8143          9.3580     148427.8994      -2425.4158          0.0000          0.0000     574988.2974        301.0086 1352000000.0000

INFO:       1440         14.4000    1163784.8587     720518.7720     443266.0867          9.3604     148296.3243      -2150.4224          0.0000          0.0000     574372.8701        300.6911 1352000000.0000

INFO:       1460         14.6000    1163230.1894     719547.5285     443682.6609          9.3361     147784.5247      -1993.7761          0.0000          0.0000     573756.7799        300.9721 1352000000.0000

INFO:       1480         14.8000    1162903.8481     719605.2999     443298.5481          9.3548     148609.6091      -2122.0188          0.0000          0.0000     573117.7096        300.7388 1352000000.0000

INFO:       1500         15.0000    1162382.2252     718602.1241     443780.1010          9.3440     148094.2484      -1984.6659          0.0000          0.0000     572492.5416        301.1381 1352000000.0000

INFO:       1520         15.2000    1161467.2698     718240.9071     443226.3628          9.3619     148348.4092      -1972.0081          0.0000          0.0000     571864.5060        300.6166 1352000000.0000

INFO:       1540         15.4000    1160533.0595     717427.0031     443106.0564          9.3490     148254.7099      -2052.0149          0.0000          0.0000     571224.3081        300.7107 1352000000.0000

INFO:       1560         15.6000    1160344.8361     716792.2854     443552.5507          9.3519     148293.6210      -2092.7362          0.0000          0.0000     570591.4006        300.7623 1352000000.0000

INFO:       1580         15.8000    1159382.0826     715827.1634     443554.9192          9.3407     147932.1709      -2063.5580          0.0000          0.0000     569958.5505        300.8817 1352000000.0000

INFO:       1600         16.0000    1158899.4186     714993.3572     443906.0614          9.3297     147824.4356      -2163.0599          0.0000          0.0000     569331.9815        301.0385 1352000000.0000

INFO:       1620         16.2000    1157972.8772     714573.5482     443399.3290          9.3381     148005.1367      -2180.1333          0.0000          0.0000     568748.5448        300.7774 1352000000.0000

INFO:       1640         16.4000    1158036.1985     714260.0961     443776.1024          9.3498     148236.6608      -2149.6530          0.0000          0.0000     568173.0883        300.9119 1352000000.0000

INFO:       1660         16.6000    1157739.7023     714055.7599     443683.9424          9.3468     148346.6824      -1895.3022          0.0000          0.0000     567604.3797        300.9418 1352000000.0000

INFO:       1680         16.8000    1157305.2900     713689.2797     443616.0103          9.3563     148277.4159      -1642.8479          0.0000          0.0000     567054.7117        300.8844 1352000000.0000

INFO:       1700         17.0000    1156732.3160     712933.4193     443798.8967          9.3562     148274.0588      -1816.6681          0.0000          0.0000     566476.0286        301.1597 1352000000.0000

INFO:       1720         17.2000    1156137.0009     712798.6371     443338.3638          9.3768     148875.3193      -1995.4181          0.0000          0.0000     565918.7359        300.8790 1352000000.0000

INFO:       1740         17.4000    1155641.2772     712042.9259     443598.3513          9.3654     148690.6621      -2025.6410          0.0000          0.0000     565377.9048        300.9598 1352000000.0000

INFO:       1760         17.6000    1155010.8634     711049.8726     443960.9908          9.3516     148149.5029      -1949.5683          0.0000          0.0000     564849.9380        301.2368 1352000000.0000

INFO:       1780         17.8000    1154173.6899     710714.1850     443459.5049          9.3475     148258.8541      -1865.7247          0.0000          0.0000     564321.0556        300.6629 1352000000.0000

INFO:       1800         18.0000    1153055.7441     709509.4365     443546.3076          9.3256     147494.5801      -1774.6535          0.0000          0.0000     563789.5099        300.9112 1352000000.0000

INFO:       1820         18.2000    1152439.1118     709605.2821     442833.8297          9.3417     148153.8793      -1823.8419          0.0000          0.0000     563275.2447        300.3060 1352000000.0000

INFO:       1840         18.4000    1152726.9277     708877.1094     443849.8183          9.3416     147999.0718      -1887.7754          0.0000          0.0000     562765.8130        301.1398 1352000000.0000

INFO:       1860         18.6000    1152049.1306     709116.0296     442933.1010          9.3596     148617.0320      -1788.5608          0.0000          0.0000     562287.5583        300.5934 1352000000.0000

INFO:       1880         18.8000    1151320.7069     708289.8462     443030.8606          9.3508     148120.0329      -1628.9355          0.0000          0.0000     561798.7488        300.5254 1352000000.0000

INFO:       1900         19.0000    1151140.2395     708168.7945     442971.4450          9.3568     148606.8526      -1735.5699          0.0000          0.0000     561297.5118        300.4917 1352000000.0000

INFO:       1920         19.2000    1150894.7016     707728.8957     443165.8059          9.3636     148689.7063      -1748.1701          0.0000          0.0000     560787.3595        300.6723 1352000000.0000

INFO:       1940         19.4000    1150716.2023     706584.5011     444131.7012          9.3443     148094.0421      -1787.8929          0.0000          0.0000     560278.3518        301.3396 1352000000.0000

INFO:       1960         19.6000    1150180.3196     706106.4166     444073.9030          9.3455     148177.0108      -1848.5264          0.0000          0.0000     559777.9322        301.2834 1352000000.0000

INFO:       1980         19.8000    1149444.9750     705926.7170     443518.2580          9.3646     148611.5525      -1974.7943          0.0000          0.0000     559289.9588        300.8882 1352000000.0000

INFO:       2000         20.0000    1148728.9223     705625.4336     443103.4887          9.3702     148774.1293      -1963.5778          0.0000          0.0000     558814.8821        300.5155 1352000000.0000

 
[STEP6] Deallocate Arrays
 
Output_Time> Averaged timer profile (Min, Max)
  total time      =      12.824
    setup         =       4.251
    dynamics      =       8.573
      energy      =       7.157
      integrator  =       1.103
      migration   =       0.057
      pairlist    =       0.090 (       0.048,       0.171)
  energy           
    bond          =       0.037 (       0.017,       0.086)
    angle         =       0.011 (       0.010,       0.022)
    dihedral      =       0.010 (       0.010,       0.021)
    base stacking =       0.000 (       0.000,       0.000)
    nonbond       =       2.293 (       0.593,       6.244)
      CG exv      =       0.008 (       0.006,       0.019)
      CG DNA bp   =       0.000 (       0.000,       0.000)
      CG DNA exv  =       0.000 (       0.000,       0.000)
      CG ele      =       1.856 (       0.451,       5.094)
      CG PWMcos   =       0.000 (       0.000,       0.000)
      CG PWMcosns =       0.000 (       0.000,       0.000)
      CG IDR-HPS  =       0.426 (       0.125,       1.135)
      CG IDR-KH   =       0.000 (       0.000,       0.000)
      CG KH       =       0.000 (       0.000,       0.000)
      Contact     =       0.003 (       0.003,       0.007)
      pme real    =       0.000 (       0.000,       0.000)
      pme recip   =       0.000 (       0.000,       0.000)
    solvation     =       0.000 (       0.000,       0.000)
      polar       =       0.000 (       0.000,       0.000)
      non-polar   =       0.000 (       0.000,       0.000)
    restraint     =       0.000 (       0.000,       0.000)
    qmmm          =       0.000 (       0.000,       0.000)
    morph         =       0.000 (       0.000,       0.000)
  integrator       
    constraint    =       0.000 (       0.000,       0.000)
    update        =       0.000 (       0.000,       0.000)
    comm_coord    =       0.495 (       0.258,       0.838)
    comm_force    =       0.297 (       0.197,       0.445)
  migration       =       0.057 (       0.057,       0.057)
    comm_migrate  =       0.014 (       0.009,       0.017)
    ptl_migrate   =       0.002 (       0.001,       0.003)
    bond_migrate  =       0.000 (       0.000,       0.001)
    angl_migrate  =       0.000 (       0.000,       0.001)
    dihe_migrate  =       0.000 (       0.000,       0.001)
    contact_migr  =       0.000 (       0.000,       0.000)
    stack_migrate =       0.000 (       0.000,       0.000)
    pwmcos_migrate =       0.000 (       0.000,       0.000)
    pwmcosns_migr  =       0.000 (       0.000,       0.000)
    nonb_update    =       0.015 (       0.004,       0.037)

