****************************************************
*                                                  *
*                  GENESIS CGDYN                   *
*                                                  *
*        A Molecular Dynamics Simulator with       *
*           Spatial Decomposition Scheme           *
*                                                  *
*               Developed by RIKEN                 *
*                                                  *
****************************************************
 
[STEP0] Architecture and Compiler Information
 
GENESIS_Information> GENESIS Information
  version      = 2.0.0
  commit ID    = $GENESIS_VERSION$
  precision    = mixed 
  nonbonding   = CPU

Build_Information> Compiler Information
  build host   = jjwsmj@hokusai2
  fortran      = ifort (IFORT) 2021.7.1 20221019
  option       = 
  -axCORE-AVX512 -g -O3  -qmkl=parallel  -assume byterecl -qopenmp  
  C            = 
 icc: remark #10441: The Intel(R) C++ Compiler Classic (ICC) is deprecated and w
 ill be removed from product release in the second half of 2023. The Intel(R) on
 eAPI DPC++/C++ Compiler (ICX) is the recommended compiler moving forward. Pleas
 e transition to use this compiler. Use '-diag-disable=10441' to disable this me
 ssage.
  option       = -O3 -ip -axCORE-AVX2  -qopenmp 
  defined var. = 
  -DHAVE_MPI_GENESIS -DOMP -DIFORT19 -DFFTE -DLAPACK -DDSFMT_MEXP=19937 -DINTEL
  link option  = 
  -assume byterecl -lgfortran -qopenmp  -lmkl_intel_lp64 -lmkl_sequential -lmkl_
 core -lmkl_lapack95_lp64   
  MPI Compiler = Intel(R) MPI

Runtime_Information> Machine and Library Information
  date       = 2023/05/12 16:56:42
  cpu model    = Intel(R) Xeon(R) Gold 6148 CPU @ 2.40GHz
  exec. host   = jjwsmj@bwmpc0466
  LD library   = 
 /bwfefs/opt/x86_64/intel/oneapi/2022.3/mpi/2021.7.1/libfabric/lib:/bwfefs/opt/x
 86_64/intel/oneapi/2022.3/mpi/2021.7.1/lib/release:/bwfefs/opt/x86_64/intel/one
 api/2022.3/mpi/2021.7.1/lib:/bwfefs/opt/x86_64/intel/oneapi/2022.3/tbb/2021.7.1
 /lib/intel64/gcc4.8:/usr/lib64:/bwfefs/opt/x86_64/intel/oneapi/2022.3/vpl/2022.
 2.5/lib:/bwfefs/opt/x86_64/intel/oneapi/2022.3/mkl/latest/lib/intel64:/bwfefs/o
 pt/x86_64/intel/oneapi/2022.3/itac/2021.7.1/slib:/bwfefs/opt/x86_64/intel/oneap
 i/2022.3/ippcp/2021.6.2/lib/intel64:/bwfefs/opt/x86_64/intel/oneapi/2022.3/ipp/
 2021.6.2/lib/intel64:/bwfefs/opt/x86_64/intel/oneapi/2022.3/dnnl/2022.2.1/cpu_d
 pcpp_gpu_dpcpp/lib:/bwfefs/opt/x86_64/intel/oneapi/2022.3/dal/2021.7.1/lib/inte
 l64:/bwfefs/opt/x86_64/intel/oneapi/2022.3/compiler/2022.2.1/linux/compiler/lib
 :/bwfefs/opt/x86_64/intel/oneapi/2022.3/compiler/2022.2.1/linux/lib/oclfpga/hos
 t/linux64/lib:/bwfefs/opt/x86_64/intel/oneapi/2022.3/compiler/2022.2.1/linux/li
 b/oclfpga/linux64/lib:/bwfefs/opt/x86_64/intel/oneapi/2022.3/compiler/2022.2.1/
 linux/lib:/bwfefs/opt/x86_64/intel/oneapi/2022.3/compiler/2022.2.1/linux/lib/x6
 4:/bwfefs/opt/x86_64/intel/oneapi/2022.3/compiler/2022.2.1/linux/lib/emu:/bwfef
 s/opt/x86_64/intel/oneapi/2022.3/compiler/2022.2.1/linux/compiler/lib/intel64_l
 in:/bwfefs/opt/x86_64/intel/oneapi/2022.3/debugger/2021.7.1/dep/lib:/bwfefs/opt
 /x86_64/intel/oneapi/2022.3/debugger/2021.7.1/libipt/intel64/lib:/bwfefs/opt/x8
 6_64/intel/oneapi/2022.3/debugger/2021.7.1/gdb/intel64/lib:/bwfefs/opt/x86_64/
 MPI Runtime = Intel(R) MPI Library 2021.7 for Linux* OS


[STEP1] Read Control Parameters
 
Read_Ctrl_Input> Input Files
  grotopfile = pro.top
  grocrdfile = crd/pos_5000.gro
 
Read_Ctrl_Output> Output Files
 
Read_Ctrl_Energy> Parameters of Energy Calculations
  forcefield      =    RESIDCG
  output_style    =    GENESIS
 
Read_Ctrl_Dynamics> Parameters of MD simulation
  integrator      =       VVER  nsteps          =       2000
  timestep        =     0.0100  initial_time    =     0.0000
  eneout_period   =         20  rstout_period   =          0
  crdout_period   =          0  velout_period   =          0
  nbupdate_period =         20  stoptr_period   =         10
  lbupdate_period =          0
  iseed           =         -1
  annealing       =         no
  verbose         =         no
  target_md       =         no
  steered_md      =         no
 
Read_Ctrl_Ensemble> Parameters for Ensemble
  ensemble        =        NVT
  temperature     =    300.000
  tpcontrol       =   LANGEVIN
  gamma_t         =      1.000
 
Read_Ctrl_Boundary> Parameters of Boundary Condition
  type            =       PBC 
  box_size(x,y,z) =   3200.000   650.000   650.000
  min_domain_cell =          2
 
Read_Ctrl_Selection> Parameters of Selection
  # of groups     =          0
  # of mole names =          0
 
Read_Ctrl_Restraints> No restraint in the system

Read_Ctrl_Fitting_MD> Parameters of Fitting
  fitting method  =  TR+ROT   
  fitting atom    = group1
  mass_weight     =         no
 
[STEP2] Setup MPI
 
Setup_Mpi_Md> Summary of Setup MPI
  number of MPI processes   =        512
  number of OpenMP threads  =          5
  total number of CPU cores =       2560

[STEP3] Set Relevant Variables and Structures
 
Read_Grotop> Summary of Grotopfile
  num_moltypes    =          1
    pos100_cg             :
      num_atoms   =        100
      num_bonds   =         99
      num_angls   =          0
      num_dihes   =          0
      num_cmaps   =          0
      num_excls   =          0
      num_constrs =          0
      num_pairs   =          0
      num_vsites2 =          0
      num_vsites3 =          0
      num_vsites4 =          0
      num_vsitesn =          0
      num_posress =          0
      num_PWMcos  =          0
      num_PWMcosns=          0
      num_IDR_HPS =          1
      num_IDR_KH  =          0
    .. not used molecule types were hidden.

  num_molecules   =       5000
    pos100_cg             :  5000

  num_atomtypes   =         33  num_bondtypes   =          0
  num_angltypes   =          0  num_dihetypes   =          0
  num_flangltypes           20
  num_fldihetypes          400
  num_constrtypes =          0  num_cmaptypes   =          0
  num_nbonparms   =          0
  num_basestacktypes  =     16
  num_basepairtypes   =      4
  num_basecrosstypes  =     32
  num_cgdnaexvtypes   =      6
  num_cgelemolpairs   =      1
  num_cg_IDR_HPS_atomtypes  =     20
  num_cg_KH_atomtypes  =    20

  num_cg_pair_MJ_eps   =   400

Define_Molecule> Summary of molecules
  num_atoms       =     500000  num_bonds       =     495000
  num_angles      =          0  num_dihedrals   =          0
  num_impropers   =          0  num_cmap_terms  =          0
  num_residues    =     500000  num_molecules   =       5000
  num_segments    =          1  num_deg_freedom =    1500000
  total_charge    = 500000.000
 
Setup_Boundary_Cell> Set Variables for Boundary Condition
  domains (x,y,z) =         32         4         4
  ncells (x,y,z)  =        112        22        22
 
Define_Enefunc_Gromacs> Number of Interactions in Each Term
  bond_ene        =     495000  angle_ene       =          0
  torsion_ene     =          0
 restraint_groups =          0 restraint_funcs  =          0
 
Setup_Dynamics> Subtract 3 translational degrees of freedom
 
Update_Num_Deg_Freedom> Number of degrees of freedom was updated
  num_deg_freedom =    1499997 (After removing translation)
 
Random_Init> Initialize the random number
  seed            = 254176

Setup_Fitting_cgdyn> NO fitting is applied, skip
  fitting method  =  NO
 
[STEP4] Compute Single Point Energy for Molecules
 
            STEP          ENERGY            BOND  NATIVE_CONTACT NON-NATIVE_CONT           ELECT         IDR_HPS          CG_EXV
 --------------- --------------- --------------- --------------- ---------------
               0     853903.1942     170691.3807          0.0000          0.0000     681472.2486       1739.5649          0.0000

[STEP5] Perform Molecular Dynamics Simulation
 
Initial_Velocity> Generate initial velocities
  iseed           =     254176
  temperature     =    300.000
 
Random_Init_Velocity> Initialize the random number
  seed            = 254176

INFO:       STEP            TIME       TOTAL_ENE   POTENTIAL_ENE     KINETIC_ENE            RMSG            BOND         IDR_HPS  NATIVE_CONTACT          CG_EXV           ELECT     TEMPERATURE          VOLUME
 --------------- --------------- --------------- --------------- ---------------
INFO:          0          0.0000    1301302.6752     853903.1942     447399.4810         10.1780     170691.3807       1739.5649          0.0000          0.0000     681472.2486          0.0000 1352000000.0000

INFO:         20          0.2000    1295228.4461     841942.6206     453285.8255          9.8380     160405.0307        804.4223          0.0000          0.0000     680733.1676        307.3396 1352000000.0000

INFO:         40          0.4000    1290582.1052     835742.4704     454839.6347          9.7293     157857.7761      -1003.9603          0.0000          0.0000     678888.6546        308.7103 1352000000.0000

INFO:         60          0.6000    1285314.2871     829744.5092     455569.7779          9.6555     156025.1524      -2626.9088          0.0000          0.0000     676346.2656        309.1796 1352000000.0000

INFO:         80          0.8000    1280236.9521     824141.7116     456095.2405          9.5959     154394.3293      -3672.5519          0.0000          0.0000     673419.9342        309.3892 1352000000.0000

INFO:        100          1.0000    1274593.1786     819086.0457     455507.1328          9.5445     153178.9262      -4434.3142          0.0000          0.0000     670341.4337        309.0108 1352000000.0000

INFO:        120          1.2000    1269726.6346     814585.6999     455140.9347          9.5115     152227.2647      -4861.1063          0.0000          0.0000     667219.5415        308.7264 1352000000.0000

INFO:        140          1.4000    1264777.1089     810603.3633     454173.7457          9.4874     151754.6760      -5253.1880          0.0000          0.0000     664101.8753        307.9804 1352000000.0000

INFO:        160          1.6000    1259373.5366     806417.9119     452955.6247          9.4566     150746.1694      -5366.3395          0.0000          0.0000     661038.0820        307.3257 1352000000.0000

INFO:        180          1.8000    1255670.6628     803060.5603     452610.1026          9.4414     150283.9714      -5281.5502          0.0000          0.0000     658058.1390        307.0477 1352000000.0000

INFO:        200          2.0000    1251527.1268     799915.2668     451611.8600          9.4303     149964.2844      -5219.0993          0.0000          0.0000     655170.0818        306.1588 1352000000.0000

INFO:        220          2.2000    1248007.8512     796921.1920     451086.6592          9.4176     149741.3059      -5185.5597          0.0000          0.0000     652365.4458        305.8824 1352000000.0000

INFO:        240          2.4000    1244436.4394     793797.9909     450638.4484          9.3992     149284.6628      -5153.5837          0.0000          0.0000     649666.9118        305.4690 1352000000.0000

INFO:        260          2.6000    1240520.0777     791226.0299     449294.0478          9.3865     149175.9422      -5030.1830          0.0000          0.0000     647080.2707        304.8886 1352000000.0000

INFO:        280          2.8000    1237695.4330     788416.4783     449278.9547          9.3866     149019.6428      -5194.4953          0.0000          0.0000     644591.3308        304.6265 1352000000.0000

INFO:        300          3.0000    1234638.0645     786187.6298     448450.4347          9.3918     149161.5342      -5172.3865          0.0000          0.0000     642198.4821        304.2692 1352000000.0000

INFO:        320          3.2000    1232002.5849     783206.5611     448796.0238          9.3640     148386.0769      -5083.9931          0.0000          0.0000     639904.4773        304.3212 1352000000.0000

INFO:        340          3.4000    1230350.3483     781124.9595     449225.3888          9.3692     148499.6819      -5056.2030          0.0000          0.0000     637681.4806        304.6549 1352000000.0000

INFO:        360          3.6000    1228164.9720     779406.3323     448758.6396          9.3693     148680.1422      -4813.3472          0.0000          0.0000     635539.5373        304.3311 1352000000.0000

INFO:        380          3.8000    1226051.7638     777479.9307     448571.8331          9.3679     148651.9041      -4622.6016          0.0000          0.0000     633450.6282        304.1977 1352000000.0000

INFO:        400          4.0000    1223365.0448     775428.1147     447936.9301          9.3574     148470.5801      -4460.5098          0.0000          0.0000     631418.0444        303.8258 1352000000.0000

INFO:        420          4.2000    1221158.7341     773785.1865     447373.5477          9.3697     148756.5189      -4427.3136          0.0000          0.0000     629455.9812        303.5119 1352000000.0000

INFO:        440          4.4000    1219312.7350     771687.1950     447625.5400          9.3667     148606.7366      -4481.0655          0.0000          0.0000     627561.5238        303.6112 1352000000.0000

INFO:        460          4.6000    1217011.5605     769759.5910     447251.9695          9.3635     148342.3277      -4313.0890          0.0000          0.0000     625730.3523        303.3646 1352000000.0000

INFO:        480          4.8000    1214946.5730     768178.0938     446768.4792          9.3639     148340.5853      -4106.3642          0.0000          0.0000     623943.8727        302.9907 1352000000.0000

INFO:        500          5.0000    1212696.5425     766392.1498     446304.3927          9.3618     148362.6322      -4168.3119          0.0000          0.0000     622197.8295        302.6780 1352000000.0000

INFO:        520          5.2000    1211246.0186     764869.4331     446376.5854          9.3622     148517.0566      -4169.4560          0.0000          0.0000     620521.8325        302.7005 1352000000.0000

INFO:        540          5.4000    1209412.0707     763427.9271     445984.1435          9.3666     148606.1253      -4083.9771          0.0000          0.0000     618905.7790        302.4476 1352000000.0000

INFO:        560          5.6000    1207834.2708     761578.1504     446256.1203          9.3486     148157.1268      -3889.3827          0.0000          0.0000     617310.4064        302.8042 1352000000.0000

INFO:        580          5.8000    1206410.8709     760032.1054     446378.7655          9.3507     148145.3253      -3881.8877          0.0000          0.0000     615768.6678        302.6584 1352000000.0000

INFO:        600          6.0000    1205331.3180     758654.7598     446676.5582          9.3558     148493.7596      -4082.7413          0.0000          0.0000     614243.7415        302.7591 1352000000.0000

INFO:        620          6.2000    1203321.5879     757498.3804     445823.2074          9.3690     148779.4097      -4062.2887          0.0000          0.0000     612781.2595        302.2895 1352000000.0000

INFO:        640          6.4000    1201593.4911     756327.0450     445266.4461          9.3675     148877.1851      -3927.8868          0.0000          0.0000     611377.7468        301.9177 1352000000.0000

INFO:        660          6.6000    1200070.0253     754698.0241     445372.0012          9.3555     148457.7210      -3770.0030          0.0000          0.0000     610010.3061        302.0770 1352000000.0000

INFO:        680          6.8000    1198920.6036     753428.6433     445491.9603          9.3443     148294.0535      -3557.8684          0.0000          0.0000     608692.4581        301.9601 1352000000.0000

INFO:        700          7.0000    1198200.5535     752283.7548     445916.7986          9.3523     148406.2652      -3524.1201          0.0000          0.0000     607401.6098        302.4737 1352000000.0000

INFO:        720          7.2000    1196635.5326     750725.8408     445909.6919          9.3393     148067.3462      -3507.1534          0.0000          0.0000     606165.6480        302.4680 1352000000.0000

INFO:        740          7.4000    1195366.1794     749906.5055     445459.6739          9.3559     148311.0734      -3373.8295          0.0000          0.0000     604969.2616        302.0426 1352000000.0000

INFO:        760          7.6000    1194636.1029     748861.5208     445774.5821          9.3559     148410.8507      -3349.4388          0.0000          0.0000     603800.1089        302.2347 1352000000.0000

INFO:        780          7.8000    1193018.9879     747271.9204     445747.0675          9.3477     148092.5907      -3452.7818          0.0000          0.0000     602632.1115        302.3909 1352000000.0000

INFO:        800          8.0000    1191744.2186     746578.8966     445165.3219          9.3524     148278.3355      -3216.5246          0.0000          0.0000     601517.0857        301.8973 1352000000.0000

INFO:        820          8.2000    1191193.0317     745603.4844     445589.5473          9.3596     148351.6241      -3171.3423          0.0000          0.0000     600423.2026        302.2801 1352000000.0000

INFO:        840          8.4000    1189577.8193     744635.6107     444942.2086          9.3523     148361.5368      -3087.5735          0.0000          0.0000     599361.6474        301.8693 1352000000.0000

INFO:        860          8.6000    1188849.9157     744007.1821     444842.7336          9.3637     148710.3748      -3035.6158          0.0000          0.0000     598332.4231        301.7242 1352000000.0000

INFO:        880          8.8000    1187708.9699     743071.9979     444636.9720          9.3570     148798.5850      -3018.9991          0.0000          0.0000     597292.4119        301.6145 1352000000.0000

INFO:        900          9.0000    1187070.9800     742179.8901     444891.0899          9.3682     148893.2678      -2986.8874          0.0000          0.0000     596273.5096        301.6205 1352000000.0000

INFO:        920          9.2000    1186136.0518     741456.5198     444679.5320          9.3738     149143.5533      -2936.7871          0.0000          0.0000     595249.7536        301.6106 1352000000.0000

INFO:        940          9.4000    1184707.0139     739825.7705     444881.2434          9.3587     148537.1630      -2958.4138          0.0000          0.0000     594247.0213        301.9173 1352000000.0000

INFO:        960          9.6000    1183900.8802     738691.3702     445209.5100          9.3633     148387.7964      -2968.3307          0.0000          0.0000     593271.9045        302.0891 1352000000.0000

INFO:        980          9.8000    1182819.7177     738326.9977     444492.7200          9.3714     149033.4533      -3021.7600          0.0000          0.0000     592315.3044        301.5306 1352000000.0000

INFO:       1000         10.0000    1181706.9553     736963.6988     444743.2565          9.3608     148477.9922      -2929.5692          0.0000          0.0000     591415.2758        301.7352 1352000000.0000

INFO:       1020         10.2000    1179903.6465     735785.0784     444118.5681          9.3537     148266.5979      -2999.3666          0.0000          0.0000     590517.8470        301.2211 1352000000.0000

INFO:       1040         10.4000    1178672.1097     734500.0322     444172.0775          9.3419     147964.3128      -3097.1201          0.0000          0.0000     589632.8394        301.2192 1352000000.0000

INFO:       1060         10.6000    1178158.2092     734148.7983     444009.4110          9.3499     148254.9377      -2881.9032          0.0000          0.0000     588775.7637        301.1814 1352000000.0000

INFO:       1080         10.8000    1177592.0741     733340.3051     444251.7690          9.3468     148219.8285      -2800.9336          0.0000          0.0000     587921.4102        301.3872 1352000000.0000

INFO:       1100         11.0000    1176942.5574     732644.1356     444298.4218          9.3547     148269.7617      -2693.8980          0.0000          0.0000     587068.2719        301.4173 1352000000.0000

INFO:       1120         11.2000    1176030.8053     731795.1924     444235.6129          9.3437     148259.3376      -2692.4236          0.0000          0.0000     586228.2784        301.3485 1352000000.0000

INFO:       1140         11.4000    1175082.8480     730644.0740     444438.7741          9.3343     147891.2567      -2655.6429          0.0000          0.0000     585408.4602        301.4781 1352000000.0000

INFO:       1160         11.6000    1173958.2929     730064.5721     443893.7208          9.3418     148058.7346      -2604.6412          0.0000          0.0000     584610.4787        301.0732 1352000000.0000

INFO:       1180         11.8000    1173561.2743     729368.8063     444192.4680          9.3374     148130.9903      -2592.3234          0.0000          0.0000     583830.1394        301.3780 1352000000.0000

INFO:       1200         12.0000    1172981.4405     728508.2783     444473.1622          9.3312     147921.1889      -2496.0055          0.0000          0.0000     583083.0949        301.5359 1352000000.0000

INFO:       1220         12.2000    1172466.8251     728798.0033     443668.8218          9.3633     148869.7053      -2399.0533          0.0000          0.0000     582327.3513        300.9064 1352000000.0000

INFO:       1240         12.4000    1172092.1779     727904.5111     444187.6667          9.3609     148667.0146      -2349.2655          0.0000          0.0000     581586.7620        301.3773 1352000000.0000

INFO:       1260         12.6000    1171314.4361     727036.6458     444277.7903          9.3522     148434.8919      -2234.5305          0.0000          0.0000     580836.2845        301.3458 1352000000.0000

INFO:       1280         12.8000    1171286.0824     726693.9488     444592.1335          9.3630     148790.3683      -2190.5693          0.0000          0.0000     580094.1498        301.4524 1352000000.0000

INFO:       1300         13.0000    1170705.1652     725969.7384     444735.4268          9.3523     148822.6617      -2200.0466          0.0000          0.0000     579347.1234        301.4661 1352000000.0000

INFO:       1320         13.2000    1169639.6962     724731.1137     444908.5825          9.3499     148424.7786      -2307.3160          0.0000          0.0000     578613.6511        301.9359 1352000000.0000

INFO:       1340         13.4000    1169106.2462     724201.6667     444904.5795          9.3547     148635.9331      -2331.9927          0.0000          0.0000     577897.7263        301.7196 1352000000.0000

INFO:       1360         13.6000    1168044.7071     723260.9475     444783.7597          9.3483     148353.5856      -2295.6678          0.0000          0.0000     577203.0296        301.7381 1352000000.0000

INFO:       1380         13.8000    1167291.8062     722616.1045     444675.7018          9.3415     148341.1952      -2228.5726          0.0000          0.0000     576503.4818        301.5966 1352000000.0000

INFO:       1400         14.0000    1166511.2748     722064.3239     444446.9508          9.3502     148426.9168      -2183.6983          0.0000          0.0000     575821.1054        301.5148 1352000000.0000

INFO:       1420         14.2000    1166354.2147     721370.4560     444983.7587          9.3467     148362.7840      -2123.3406          0.0000          0.0000     575131.0126        301.7573 1352000000.0000

INFO:       1440         14.4000    1165601.6388     720277.0157     445324.6231          9.3308     147937.8186      -2111.4474          0.0000          0.0000     574450.6445        301.9766 1352000000.0000

INFO:       1460         14.6000    1164321.3322     720077.2318     444244.1004          9.3419     148376.3529      -2067.0037          0.0000          0.0000     573767.8826        301.3376 1352000000.0000

INFO:       1480         14.8000    1163727.8510     719210.8504     444517.0006          9.3501     148358.6726      -2265.5374          0.0000          0.0000     573117.7152        301.5038 1352000000.0000

INFO:       1500         15.0000    1162854.3263     718594.1790     444260.1473          9.3505     148441.4444      -2338.3774          0.0000          0.0000     572491.1120        301.3692 1352000000.0000

INFO:       1520         15.2000    1162203.9926     717724.3756     444479.6170          9.3429     148052.2101      -2223.1139          0.0000          0.0000     571895.2794        301.3948 1352000000.0000

INFO:       1540         15.4000    1161257.5203     717811.9519     443445.5684          9.3529     148535.8431      -2039.9755          0.0000          0.0000     571316.0843        300.9867 1352000000.0000

INFO:       1560         15.6000    1161163.0931     716995.6662     444167.4270          9.3460     148188.1863      -1951.7930          0.0000          0.0000     570759.2729        301.2137 1352000000.0000

INFO:       1580         15.8000    1160620.5610     716566.4584     444054.1026          9.3481     148308.9533      -1918.3964          0.0000          0.0000     570175.9016        301.2983 1352000000.0000

INFO:       1600         16.0000    1160324.7042     715640.9930     444683.7112          9.3456     148093.3875      -2040.4801          0.0000          0.0000     569588.0856        301.6219 1352000000.0000

INFO:       1620         16.2000    1159275.4623     715162.0948     444113.3675          9.3484     148114.1383      -1939.4578          0.0000          0.0000     568987.4143        301.2917 1352000000.0000

INFO:       1640         16.4000    1158218.1707     714320.9349     443897.2357          9.3330     147825.0581      -1918.2588          0.0000          0.0000     568414.1357        301.2979 1352000000.0000

INFO:       1660         16.6000    1158092.5749     713836.0123     444256.5626          9.3356     147793.1596      -1819.6736          0.0000          0.0000     567862.5263        301.2620 1352000000.0000

INFO:       1680         16.8000    1157257.3115     713914.4760     443342.8356          9.3519     148204.7161      -1605.4567          0.0000          0.0000     567315.2166        300.8721 1352000000.0000

INFO:       1700         17.0000    1156990.3856     713018.1404     443972.2453          9.3492     148023.0565      -1759.6654          0.0000          0.0000     566754.7492        301.2053 1352000000.0000

INFO:       1720         17.2000    1156620.1735     712335.3449     444284.8286          9.3341     147771.8048      -1626.2580          0.0000          0.0000     566189.7980        301.3642 1352000000.0000

INFO:       1740         17.4000    1155703.5426     712016.6325     443686.9100          9.3450     148061.3750      -1683.4899          0.0000          0.0000     565638.7474        300.9821 1352000000.0000

INFO:       1760         17.6000    1154637.2281     711488.4966     443148.7315          9.3511     148223.6070      -1802.4039          0.0000          0.0000     565067.2936        300.6297 1352000000.0000

INFO:       1780         17.8000    1153868.1763     710668.8991     443199.2772          9.3493     148094.5995      -1933.9164          0.0000          0.0000     564508.2161        300.6145 1352000000.0000

INFO:       1800         18.0000    1153142.3150     710495.8232     442646.4918          9.3590     148417.7597      -1866.7138          0.0000          0.0000     563944.7772        300.1665 1352000000.0000

INFO:       1820         18.2000    1152635.9350     710016.2918     442619.6433          9.3495     148428.2554      -1820.9465          0.0000          0.0000     563408.9828        300.1378 1352000000.0000

INFO:       1840         18.4000    1152307.3516     709213.1644     443094.1873          9.3494     148260.8049      -1924.2683          0.0000          0.0000     562876.6278        300.5960 1352000000.0000

INFO:       1860         18.6000    1152135.6809     708761.4565     443374.2244          9.3487     148348.3718      -1943.9759          0.0000          0.0000     562357.0606        300.7667 1352000000.0000

INFO:       1880         18.8000    1151195.6283     708130.0296     443065.5987          9.3445     148308.8386      -2021.0496          0.0000          0.0000     561842.2405        300.7803 1352000000.0000

INFO:       1900         19.0000    1150474.3564     707751.8974     442722.4591          9.3514     148327.0635      -1939.8815          0.0000          0.0000     561364.7154        300.2474 1352000000.0000

INFO:       1920         19.2000    1149888.7015     707159.4682     442729.2333          9.3435     148207.0257      -1915.3189          0.0000          0.0000     560867.7614        300.4822 1352000000.0000

INFO:       1940         19.4000    1149355.4097     706597.7820     442757.6276          9.3406     147956.8086      -1742.8406          0.0000          0.0000     560383.8140        300.3340 1352000000.0000

INFO:       1960         19.6000    1149039.4405     706101.2181     442938.2224          9.3398     147934.3254      -1734.5306          0.0000          0.0000     559901.4233        300.5455 1352000000.0000

INFO:       1980         19.8000    1148453.5604     705253.3221     443200.2383          9.3372     147669.4112      -1839.2981          0.0000          0.0000     559423.2090        300.7200 1352000000.0000

INFO:       2000         20.0000    1148267.1389     704707.4202     443559.7187          9.3345     147708.0904      -1954.6715          0.0000          0.0000     558954.0013        300.8372 1352000000.0000

 
[STEP6] Deallocate Arrays
 
Output_Time> Averaged timer profile (Min, Max)
  total time      =      12.105
    setup         =       4.225
    dynamics      =       7.880
      energy      =       6.499
      integrator  =       1.087
      migration   =       0.056
      pairlist    =       0.085 (       0.036,       0.161)
  energy           
    bond          =       0.037 (       0.016,       0.087)
    angle         =       0.011 (       0.010,       0.016)
    dihedral      =       0.011 (       0.010,       0.014)
    base stacking =       0.000 (       0.000,       0.000)
    nonbond       =       2.299 (       0.605,       5.694)
      CG exv      =       0.008 (       0.006,       0.015)
      CG DNA bp   =       0.000 (       0.000,       0.000)
      CG DNA exv  =       0.000 (       0.000,       0.000)
      CG ele      =       1.861 (       0.459,       4.580)
      CG PWMcos   =       0.000 (       0.000,       0.000)
      CG PWMcosns =       0.000 (       0.000,       0.000)
      CG IDR-HPS  =       0.426 (       0.128,       1.099)
      CG IDR-KH   =       0.000 (       0.000,       0.000)
      CG KH       =       0.000 (       0.000,       0.000)
      Contact     =       0.003 (       0.003,       0.004)
      pme real    =       0.000 (       0.000,       0.000)
      pme recip   =       0.000 (       0.000,       0.000)
    solvation     =       0.000 (       0.000,       0.000)
      polar       =       0.000 (       0.000,       0.000)
      non-polar   =       0.000 (       0.000,       0.000)
    restraint     =       0.000 (       0.000,       0.000)
    qmmm          =       0.000 (       0.000,       0.000)
    morph         =       0.000 (       0.000,       0.000)
  integrator       
    constraint    =       0.000 (       0.000,       0.000)
    update        =       0.000 (       0.000,       0.000)
    comm_coord    =       0.481 (       0.261,       0.780)
    comm_force    =       0.293 (       0.202,       0.373)
  migration       =       0.056 (       0.056,       0.056)
    comm_migrate  =       0.014 (       0.010,       0.017)
    ptl_migrate   =       0.002 (       0.001,       0.003)
    bond_migrate  =       0.000 (       0.000,       0.001)
    angl_migrate  =       0.000 (       0.000,       0.001)
    dihe_migrate  =       0.000 (       0.000,       0.001)
    contact_migr  =       0.000 (       0.000,       0.000)
    stack_migrate =       0.000 (       0.000,       0.000)
    pwmcos_migrate =       0.000 (       0.000,       0.000)
    pwmcosns_migr  =       0.000 (       0.000,       0.000)
    nonb_update    =       0.015 (       0.003,       0.037)

