****************************************************
*                                                  *
*                  GENESIS CGDYN                   *
*                                                  *
*        A Molecular Dynamics Simulator with       *
*           Spatial Decomposition Scheme           *
*                                                  *
*               Developed by RIKEN                 *
*                                                  *
****************************************************
 
[STEP0] Architecture and Compiler Information
 
GENESIS_Information> GENESIS Information
  version      = 2.0.0
  commit ID    = $GENESIS_VERSION$
  precision    = mixed 
  nonbonding   = CPU

Build_Information> Compiler Information
  build host   = jjwsmj@hokusai2
  fortran      = ifort (IFORT) 2021.7.1 20221019
  option       = 
  -axCORE-AVX512 -g -O3  -qmkl=parallel  -assume byterecl -qopenmp  
  C            = 
 icc: remark #10441: The Intel(R) C++ Compiler Classic (ICC) is deprecated and w
 ill be removed from product release in the second half of 2023. The Intel(R) on
 eAPI DPC++/C++ Compiler (ICX) is the recommended compiler moving forward. Pleas
 e transition to use this compiler. Use '-diag-disable=10441' to disable this me
 ssage.
  option       = -O3 -ip -axCORE-AVX2  -qopenmp 
  defined var. = 
  -DHAVE_MPI_GENESIS -DOMP -DIFORT19 -DFFTE -DLAPACK -DDSFMT_MEXP=19937 -DINTEL
  link option  = 
  -assume byterecl -lgfortran -qopenmp  -lmkl_intel_lp64 -lmkl_sequential -lmkl_
 core -lmkl_lapack95_lp64   
  MPI Compiler = Intel(R) MPI

Runtime_Information> Machine and Library Information
  date       = 2023/05/12 16:56:37
  cpu model    = Intel(R) Xeon(R) Gold 6148 CPU @ 2.40GHz
  exec. host   = jjwsmj@bwmpc0152
  LD library   = 
 /bwfefs/opt/x86_64/intel/oneapi/2022.3/mpi/2021.7.1/libfabric/lib:/bwfefs/opt/x
 86_64/intel/oneapi/2022.3/mpi/2021.7.1/lib/release:/bwfefs/opt/x86_64/intel/one
 api/2022.3/mpi/2021.7.1/lib:/bwfefs/opt/x86_64/intel/oneapi/2022.3/tbb/2021.7.1
 /lib/intel64/gcc4.8:/usr/lib64:/bwfefs/opt/x86_64/intel/oneapi/2022.3/vpl/2022.
 2.5/lib:/bwfefs/opt/x86_64/intel/oneapi/2022.3/mkl/latest/lib/intel64:/bwfefs/o
 pt/x86_64/intel/oneapi/2022.3/itac/2021.7.1/slib:/bwfefs/opt/x86_64/intel/oneap
 i/2022.3/ippcp/2021.6.2/lib/intel64:/bwfefs/opt/x86_64/intel/oneapi/2022.3/ipp/
 2021.6.2/lib/intel64:/bwfefs/opt/x86_64/intel/oneapi/2022.3/dnnl/2022.2.1/cpu_d
 pcpp_gpu_dpcpp/lib:/bwfefs/opt/x86_64/intel/oneapi/2022.3/dal/2021.7.1/lib/inte
 l64:/bwfefs/opt/x86_64/intel/oneapi/2022.3/compiler/2022.2.1/linux/compiler/lib
 :/bwfefs/opt/x86_64/intel/oneapi/2022.3/compiler/2022.2.1/linux/lib/oclfpga/hos
 t/linux64/lib:/bwfefs/opt/x86_64/intel/oneapi/2022.3/compiler/2022.2.1/linux/li
 b/oclfpga/linux64/lib:/bwfefs/opt/x86_64/intel/oneapi/2022.3/compiler/2022.2.1/
 linux/lib:/bwfefs/opt/x86_64/intel/oneapi/2022.3/compiler/2022.2.1/linux/lib/x6
 4:/bwfefs/opt/x86_64/intel/oneapi/2022.3/compiler/2022.2.1/linux/lib/emu:/bwfef
 s/opt/x86_64/intel/oneapi/2022.3/compiler/2022.2.1/linux/compiler/lib/intel64_l
 in:/bwfefs/opt/x86_64/intel/oneapi/2022.3/debugger/2021.7.1/dep/lib:/bwfefs/opt
 /x86_64/intel/oneapi/2022.3/debugger/2021.7.1/libipt/intel64/lib:/bwfefs/opt/x8
 6_64/intel/oneapi/2022.3/debugger/2021.7.1/gdb/intel64/lib:/bwfefs/opt/x86_64/
 MPI Runtime = Intel(R) MPI Library 2021.7 for Linux* OS


[STEP1] Read Control Parameters
 
Read_Ctrl_Input> Input Files
  grotopfile = pro.top
  grocrdfile = crd/pos_5000.gro
 
Read_Ctrl_Output> Output Files
 
Read_Ctrl_Energy> Parameters of Energy Calculations
  forcefield      =    RESIDCG
  output_style    =    GENESIS
 
Read_Ctrl_Dynamics> Parameters of MD simulation
  integrator      =       VVER  nsteps          =       2000
  timestep        =     0.0100  initial_time    =     0.0000
  eneout_period   =         20  rstout_period   =          0
  crdout_period   =          0  velout_period   =          0
  nbupdate_period =         20  stoptr_period   =         10
  lbupdate_period =          0
  iseed           =         -1
  annealing       =         no
  verbose         =         no
  target_md       =         no
  steered_md      =         no
 
Read_Ctrl_Ensemble> Parameters for Ensemble
  ensemble        =        NVT
  temperature     =    300.000
  tpcontrol       =   LANGEVIN
  gamma_t         =      1.000
 
Read_Ctrl_Boundary> Parameters of Boundary Condition
  type            =       PBC 
  box_size(x,y,z) =   3200.000   650.000   650.000
  min_domain_cell =          2
 
Read_Ctrl_Selection> Parameters of Selection
  # of groups     =          0
  # of mole names =          0
 
Read_Ctrl_Restraints> No restraint in the system

Read_Ctrl_Fitting_MD> Parameters of Fitting
  fitting method  =  TR+ROT   
  fitting atom    = group1
  mass_weight     =         no
 
[STEP2] Setup MPI
 
Setup_Mpi_Md> Summary of Setup MPI
  number of MPI processes   =        512
  number of OpenMP threads  =          5
  total number of CPU cores =       2560

[STEP3] Set Relevant Variables and Structures
 
Read_Grotop> Summary of Grotopfile
  num_moltypes    =          1
    pos100_cg             :
      num_atoms   =        100
      num_bonds   =         99
      num_angls   =          0
      num_dihes   =          0
      num_cmaps   =          0
      num_excls   =          0
      num_constrs =          0
      num_pairs   =          0
      num_vsites2 =          0
      num_vsites3 =          0
      num_vsites4 =          0
      num_vsitesn =          0
      num_posress =          0
      num_PWMcos  =          0
      num_PWMcosns=          0
      num_IDR_HPS =          1
      num_IDR_KH  =          0
    .. not used molecule types were hidden.

  num_molecules   =       5000
    pos100_cg             :  5000

  num_atomtypes   =         33  num_bondtypes   =          0
  num_angltypes   =          0  num_dihetypes   =          0
  num_flangltypes           20
  num_fldihetypes          400
  num_constrtypes =          0  num_cmaptypes   =          0
  num_nbonparms   =          0
  num_basestacktypes  =     16
  num_basepairtypes   =      4
  num_basecrosstypes  =     32
  num_cgdnaexvtypes   =      6
  num_cgelemolpairs   =      1
  num_cg_IDR_HPS_atomtypes  =     20
  num_cg_KH_atomtypes  =    20

  num_cg_pair_MJ_eps   =   400

Define_Molecule> Summary of molecules
  num_atoms       =     500000  num_bonds       =     495000
  num_angles      =          0  num_dihedrals   =          0
  num_impropers   =          0  num_cmap_terms  =          0
  num_residues    =     500000  num_molecules   =       5000
  num_segments    =          1  num_deg_freedom =    1500000
  total_charge    = 500000.000
 
Setup_Boundary_Cell> Set Variables for Boundary Condition
  domains (x,y,z) =         32         4         4
  ncells (x,y,z)  =        112        22        22
 
Define_Enefunc_Gromacs> Number of Interactions in Each Term
  bond_ene        =     495000  angle_ene       =          0
  torsion_ene     =          0
 restraint_groups =          0 restraint_funcs  =          0
 
Setup_Dynamics> Subtract 3 translational degrees of freedom
 
Update_Num_Deg_Freedom> Number of degrees of freedom was updated
  num_deg_freedom =    1499997 (After removing translation)
 
Random_Init> Initialize the random number
  seed            = 335676

Setup_Fitting_cgdyn> NO fitting is applied, skip
  fitting method  =  NO
 
[STEP4] Compute Single Point Energy for Molecules
 
            STEP          ENERGY            BOND  NATIVE_CONTACT NON-NATIVE_CONT           ELECT         IDR_HPS          CG_EXV
 --------------- --------------- --------------- --------------- ---------------
               0     853903.1942     170691.3807          0.0000          0.0000     681472.2486       1739.5649          0.0000

[STEP5] Perform Molecular Dynamics Simulation
 
Initial_Velocity> Generate initial velocities
  iseed           =     335676
  temperature     =    300.000
 
Random_Init_Velocity> Initialize the random number
  seed            = 335676

INFO:       STEP            TIME       TOTAL_ENE   POTENTIAL_ENE     KINETIC_ENE            RMSG            BOND         IDR_HPS  NATIVE_CONTACT          CG_EXV           ELECT     TEMPERATURE          VOLUME
 --------------- --------------- --------------- --------------- ---------------
INFO:          0          0.0000    1301179.3627     853903.1942     447276.1685         10.1780     170691.3807       1739.5649          0.0000          0.0000     681472.2486          0.0000 1352000000.0000

INFO:         20          0.2000    1295404.7594     842437.2554     452967.5041          9.8558     161060.2262        648.1430          0.0000          0.0000     680728.8861        307.2537 1352000000.0000

INFO:         40          0.4000    1289927.6034     835408.7152     454518.8882          9.7116     157488.0743       -977.3916          0.0000          0.0000     678898.0325        308.4769 1352000000.0000

INFO:         60          0.6000    1284839.6350     829246.4103     455593.2247          9.6302     155272.5986      -2386.3479          0.0000          0.0000     676360.1595        309.1299 1352000000.0000

INFO:         80          0.8000    1280226.6528     824117.0786     456109.5742          9.5846     154301.5014      -3597.2407          0.0000          0.0000     673412.8179        309.3759 1352000000.0000

INFO:        100          1.0000    1275242.6072     818758.0526     456484.5546          9.5336     152818.1997      -4407.8949          0.0000          0.0000     670347.7477        309.6188 1352000000.0000

INFO:        120          1.2000    1270451.2861     814764.6135     455686.6726          9.5129     152145.0541      -4646.3602          0.0000          0.0000     667265.9196        309.0015 1352000000.0000

INFO:        140          1.4000    1265820.2538     811360.9081     454459.3457          9.4933     151810.8987      -4657.5280          0.0000          0.0000     664207.5374        308.2080 1352000000.0000

INFO:        160          1.6000    1261717.2807     807516.1657     454201.1150          9.4738     151268.3679      -4927.6983          0.0000          0.0000     661175.4961        307.9179 1352000000.0000

INFO:        180          1.8000    1256899.8051     804034.2076     452865.5974          9.4635     150937.7327      -5116.1851          0.0000          0.0000     658212.6600        307.1802 1352000000.0000

INFO:        200          2.0000    1253316.8703     800608.5400     452708.3303          9.4408     150428.1323      -5138.1087          0.0000          0.0000     655318.5164        307.0115 1352000000.0000

INFO:        220          2.2000    1249532.4252     797473.2489     452059.1763          9.4201     149965.1853      -5032.3473          0.0000          0.0000     652540.4108        306.7241 1352000000.0000

INFO:        240          2.4000    1245437.8300     794246.2436     451191.5864          9.3989     149461.0013      -5073.7120          0.0000          0.0000     649858.9542        306.0267 1352000000.0000

INFO:        260          2.6000    1241704.4505     791797.0522     449907.3983          9.3997     149573.6072      -5045.7414          0.0000          0.0000     647269.1864        305.1499 1352000000.0000

INFO:        280          2.8000    1238470.6207     788764.6673     449705.9534          9.3925     149235.3128      -5228.4747          0.0000          0.0000     644757.8291        305.0612 1352000000.0000

INFO:        300          3.0000    1235873.4297     786560.1124     449313.3173          9.3893     149372.0050      -5173.4524          0.0000          0.0000     642361.5599        304.6904 1352000000.0000

INFO:        320          3.2000    1232523.1495     784364.0627     448159.0868          9.3907     149205.3014      -4935.3761          0.0000          0.0000     640094.1375        303.9070 1352000000.0000

INFO:        340          3.4000    1230449.1333     782320.9611     448128.1721          9.3802     149099.0071      -4682.1537          0.0000          0.0000     637904.1078        304.0578 1352000000.0000

INFO:        360          3.6000    1227978.0317     779850.2927     448127.7390          9.3638     148427.9719      -4367.8228          0.0000          0.0000     635790.1435        303.8000 1352000000.0000

INFO:        380          3.8000    1225111.8276     777843.1945     447268.6330          9.3592     148420.4998      -4270.3775          0.0000          0.0000     633693.0722        303.3760 1352000000.0000

INFO:        400          4.0000    1223060.7033     775834.9426     447225.7608          9.3675     148638.5891      -4468.2549          0.0000          0.0000     631664.6084        303.3279 1352000000.0000

INFO:        420          4.2000    1221028.6345     773372.5182     447656.1163          9.3543     148222.8370      -4527.8487          0.0000          0.0000     629677.5299        303.4102 1352000000.0000

INFO:        440          4.4000    1218310.0422     771299.1832     447010.8590          9.3467     147976.1392      -4460.3002          0.0000          0.0000     627783.3442        303.0255 1352000000.0000

INFO:        460          4.6000    1216125.7080     769754.5549     446371.1531          9.3541     148129.6811      -4317.8963          0.0000          0.0000     625942.7700        302.8338 1352000000.0000

INFO:        480          4.8000    1214960.4084     768276.8316     446683.5768          9.3559     148260.2682      -4175.3869          0.0000          0.0000     624191.9503        302.9207 1352000000.0000

INFO:        500          5.0000    1213074.6017     766911.3074     446163.2943          9.3635     148471.9950      -4048.7847          0.0000          0.0000     622488.0972        302.6274 1352000000.0000

INFO:        520          5.2000    1211780.5553     765258.0206     446522.5347          9.3558     148479.7736      -4038.7273          0.0000          0.0000     620816.9743        302.7783 1352000000.0000

INFO:        540          5.4000    1209767.5354     763364.0337     446403.5017          9.3510     148124.8000      -3986.2596          0.0000          0.0000     619225.4933        302.7931 1352000000.0000

INFO:        560          5.6000    1208335.6736     761820.4008     446515.2727          9.3497     148192.3966      -4028.3118          0.0000          0.0000     617656.3160        302.9637 1352000000.0000

INFO:        580          5.8000    1207064.7698     760463.8937     446600.8761          9.3531     148217.0095      -3920.1978          0.0000          0.0000     616167.0820        302.8189 1352000000.0000

INFO:        600          6.0000    1205340.6769     759289.7477     446050.9292          9.3497     148413.8725      -3849.0250          0.0000          0.0000     614724.9003        302.5555 1352000000.0000

INFO:        620          6.2000    1203946.3134     758189.3520     445756.9614          9.3545     148579.3607      -3698.5459          0.0000          0.0000     613308.5372        302.2065 1352000000.0000

INFO:        640          6.4000    1202107.7423     757238.4123     444869.3301          9.3762     148918.6788      -3611.6010          0.0000          0.0000     611931.3345        301.8586 1352000000.0000

INFO:        660          6.6000    1200986.7423     755185.7263     445801.0160          9.3415     148006.9569      -3404.2177          0.0000          0.0000     610582.9872        302.1526 1352000000.0000

INFO:        680          6.8000    1199527.3938     754407.0589     445120.3349          9.3507     148610.1149      -3455.5642          0.0000          0.0000     609252.5081        301.7306 1352000000.0000

INFO:        700          7.0000    1198237.8455     752400.8854     445836.9601          9.3383     147943.0815      -3512.8882          0.0000          0.0000     607970.6920        302.3583 1352000000.0000

INFO:        720          7.2000    1197047.1665     751575.7370     445471.4294          9.3502     148254.9329      -3395.0400          0.0000          0.0000     606715.8441        302.2228 1352000000.0000

INFO:        740          7.4000    1195334.4621     750386.0821     444948.3800          9.3468     148222.1606      -3324.0557          0.0000          0.0000     605487.9772        301.6980 1352000000.0000

INFO:        760          7.6000    1193411.6851     749113.9133     444297.7718          9.3444     148173.3646      -3356.6210          0.0000          0.0000     604297.1698        301.3973 1352000000.0000

INFO:        780          7.8000    1192121.3992     748188.6568     443932.7423          9.3468     148381.2213      -3336.4229          0.0000          0.0000     603143.8585        301.0695 1352000000.0000

INFO:        800          8.0000    1191801.2889     746587.1193     445214.1696          9.3403     147749.9870      -3180.0830          0.0000          0.0000     602017.2153        301.9470 1352000000.0000

INFO:        820          8.2000    1191033.6391     745828.7051     445204.9340          9.3377     148044.3933      -3124.3638          0.0000          0.0000     600908.6757        301.9398 1352000000.0000

INFO:        840          8.4000    1190026.6248     744999.4473     445027.1774          9.3493     148257.7943      -3084.3893          0.0000          0.0000     599826.0424        301.9298 1352000000.0000

INFO:        860          8.6000    1189129.9121     744302.2416     444827.6706          9.3690     148551.6871      -3019.5518          0.0000          0.0000     598770.1063        301.6808 1352000000.0000

INFO:        880          8.8000    1187860.5199     743080.5869     444779.9330          9.3561     148271.1577      -2925.3387          0.0000          0.0000     597734.7678        301.6302 1352000000.0000

INFO:        900          9.0000    1186319.8401     741646.0081     444673.8319          9.3481     147902.2110      -2981.9455          0.0000          0.0000     596725.7427        301.5570 1352000000.0000

INFO:        920          9.2000    1185190.3757     740330.0502     444860.3255          9.3364     147586.7307      -2974.3264          0.0000          0.0000     595717.6458        301.8222 1352000000.0000

INFO:        940          9.4000    1184364.9729     740397.4833     443967.4897          9.3615     148623.4407      -2954.4221          0.0000          0.0000     594728.4647        301.0775 1352000000.0000

INFO:        960          9.6000    1184170.0190     739114.8188     445055.2003          9.3586     148274.6778      -2910.9689          0.0000          0.0000     593751.1098        301.8645 1352000000.0000

INFO:        980          9.8000    1182689.5727     738043.5754     444645.9973          9.3447     147949.3258      -2705.9912          0.0000          0.0000     592800.2408        301.5701 1352000000.0000

INFO:       1000         10.0000    1182159.1173     737827.9280     444331.1893          9.3641     148784.3304      -2819.0221          0.0000          0.0000     591862.6197        301.4252 1352000000.0000

INFO:       1020         10.2000    1181212.0946     736510.3125     444701.7821          9.3625     148419.0941      -2830.2925          0.0000          0.0000     590921.5110        301.5570 1352000000.0000

INFO:       1040         10.4000    1180245.4908     735932.3628     444313.1281          9.3614     148624.9731      -2691.1882          0.0000          0.0000     589998.5779        301.2970 1352000000.0000

INFO:       1060         10.6000    1178985.4310     734266.4502     444718.9808          9.3408     147767.6728      -2584.5822          0.0000          0.0000     589083.3597        301.6744 1352000000.0000

INFO:       1080         10.8000    1178512.3893     734250.1829     444262.2064          9.3694     148729.7845      -2678.0351          0.0000          0.0000     588198.4335        301.4257 1352000000.0000

INFO:       1100         11.0000    1177973.6958     733577.6987     444395.9971          9.3722     148717.7353      -2478.9620          0.0000          0.0000     587338.9254        301.4633 1352000000.0000

INFO:       1120         11.2000    1177330.7687     732424.1372     444906.6315          9.3547     148395.9767      -2470.6858          0.0000          0.0000     586498.8463        301.8368 1352000000.0000

INFO:       1140         11.4000    1175713.8767     731524.0883     444189.7884          9.3563     148449.6569      -2590.1828          0.0000          0.0000     585664.6142        301.2314 1352000000.0000

INFO:       1160         11.6000    1174861.4412     730869.3344     443992.1068          9.3693     148492.2901      -2500.4582          0.0000          0.0000     584877.5024        301.1457 1352000000.0000

INFO:       1180         11.8000    1174054.7057     729985.1645     444069.5412          9.3652     148425.7186      -2526.2992          0.0000          0.0000     584085.7452        301.2493 1352000000.0000

INFO:       1200         12.0000    1173283.3321     729181.8748     444101.4573          9.3563     148300.3644      -2416.3228          0.0000          0.0000     583297.8333        301.1605 1352000000.0000

INFO:       1220         12.2000    1172766.8067     728409.1552     444357.6514          9.3450     148144.8780      -2274.5825          0.0000          0.0000     582538.8598        301.3367 1352000000.0000

INFO:       1240         12.4000    1172100.3172     727809.1977     444291.1195          9.3426     148245.5617      -2211.1864          0.0000          0.0000     581774.8224        301.2916 1352000000.0000

INFO:       1260         12.6000    1171046.0682     727001.4886     444044.5796          9.3478     148311.1451      -2317.1179          0.0000          0.0000     581007.4615        301.1774 1352000000.0000

INFO:       1280         12.8000    1170091.4619     726450.8992     443640.5627          9.3608     148474.2573      -2264.0305          0.0000          0.0000     580240.6724        300.9874 1352000000.0000

INFO:       1300         13.0000    1169927.1360     725529.6595     444397.4764          9.3565     148357.8272      -2328.0226          0.0000          0.0000     579499.8550        301.4432 1352000000.0000

INFO:       1320         13.2000    1169790.1102     724951.9706     444838.1396          9.3639     148674.4766      -2500.4188          0.0000          0.0000     578777.9127        301.8500 1352000000.0000

INFO:       1340         13.4000    1168979.4259     723800.9433     445178.4825          9.3506     148321.7075      -2564.8150          0.0000          0.0000     578044.0509        301.9899 1352000000.0000

INFO:       1360         13.6000    1167600.5777     723226.6775     444373.9003          9.3465     148285.0540      -2416.8769          0.0000          0.0000     577358.5004        301.4717 1352000000.0000

INFO:       1380         13.8000    1166712.2429     722878.6050     443833.6378          9.3560     148574.3673      -2352.2688          0.0000          0.0000     576656.5065        301.1325 1352000000.0000

INFO:       1400         14.0000    1165574.2614     721745.8950     443828.3664          9.3419     148140.9801      -2359.8737          0.0000          0.0000     575964.7886        301.0813 1352000000.0000

INFO:       1420         14.2000    1165285.3884     721416.8689     443868.5194          9.3505     148213.1096      -2072.6488          0.0000          0.0000     575276.4082        301.0507 1352000000.0000

INFO:       1440         14.4000    1164173.5749     720682.9263     443490.6486          9.3462     148035.0585      -1945.7024          0.0000          0.0000     574593.5702        300.7704 1352000000.0000

INFO:       1460         14.6000    1163897.0796     720282.0416     443615.0380          9.3551     148501.6983      -2118.6924          0.0000          0.0000     573899.0357        300.8412 1352000000.0000

INFO:       1480         14.8000    1162861.3329     718729.2137     444132.1192          9.3371     147773.2178      -2260.7392          0.0000          0.0000     573216.7350        301.2064 1352000000.0000

INFO:       1500         15.0000    1162513.1214     718522.3854     443990.7359          9.3478     148212.3175      -2269.4163          0.0000          0.0000     572579.4842        301.0081 1352000000.0000

INFO:       1520         15.2000    1162396.9056     718014.4030     444382.5026          9.3486     148282.7283      -2218.0251          0.0000          0.0000     571949.6998        301.4834 1352000000.0000

INFO:       1540         15.4000    1162337.4295     717901.8424     444435.5871          9.3697     148796.6279      -2215.0517          0.0000          0.0000     571320.2662        301.5617 1352000000.0000

INFO:       1560         15.6000    1162013.0853     717523.3480     444489.7373          9.3733     148891.9765      -2087.8328          0.0000          0.0000     570719.2043        301.4657 1352000000.0000

INFO:       1580         15.8000    1161669.6546     716724.4776     444945.1770          9.3652     148770.2738      -2173.2323          0.0000          0.0000     570127.4360        301.6553 1352000000.0000

INFO:       1600         16.0000    1160417.1322     715888.5487     444528.5835          9.3594     148578.9080      -2223.3426          0.0000          0.0000     569532.9833        301.6948 1352000000.0000

INFO:       1620         16.2000    1160269.7030     715752.2335     444517.4695          9.3726     148674.4475      -1903.3986          0.0000          0.0000     568981.1846        301.4102 1352000000.0000

INFO:       1640         16.4000    1159437.2109     715146.6753     444290.5355          9.3613     148570.7650      -1847.5611          0.0000          0.0000     568423.4714        301.3040 1352000000.0000

INFO:       1660         16.6000    1158412.2446     714425.1597     443987.0849          9.3702     148658.0799      -2096.3164          0.0000          0.0000     567863.3962        301.1808 1352000000.0000

INFO:       1680         16.8000    1157230.4066     713856.4293     443373.9773          9.3628     148557.7867      -2016.8096          0.0000          0.0000     567315.4522        300.7447 1352000000.0000

INFO:       1700         17.0000    1157129.0523     713354.1721     443774.8801          9.3586     148550.5807      -1993.4100          0.0000          0.0000     566797.0014        301.0543 1352000000.0000

INFO:       1720         17.2000    1156821.3123     713216.1665     443605.1458          9.3746     148748.7187      -1819.2180          0.0000          0.0000     566286.6658        301.1306 1352000000.0000

INFO:       1740         17.4000    1156218.9480     712702.0306     443516.9174          9.3634     148664.7771      -1742.8864          0.0000          0.0000     565780.1400        300.9899 1352000000.0000

INFO:       1760         17.6000    1155901.9054     711830.7439     444071.1614          9.3461     148326.5226      -1764.4549          0.0000          0.0000     565268.6762        301.2370 1352000000.0000

INFO:       1780         17.8000    1155138.9402     711627.2306     443511.7097          9.3538     148506.4847      -1636.3084          0.0000          0.0000     564757.0542        300.7330 1352000000.0000

INFO:       1800         18.0000    1154739.8535     710837.4900     443902.3635          9.3464     148249.2335      -1638.6209          0.0000          0.0000     564226.8774        301.1491 1352000000.0000

INFO:       1820         18.2000    1154214.3497     710256.5967     443957.7530          9.3519     148361.2480      -1809.5321          0.0000          0.0000     563704.8808        301.2399 1352000000.0000

INFO:       1840         18.4000    1152881.9167     709137.3693     443744.5474          9.3417     147781.4369      -1850.2131          0.0000          0.0000     563206.1455        300.9812 1352000000.0000

INFO:       1860         18.6000    1152223.9694     708809.1854     443414.7840          9.3401     147898.4904      -1824.2649          0.0000          0.0000     562734.9599        300.8444 1352000000.0000

INFO:       1880         18.8000    1151722.0903     708457.6497     443264.4406          9.3364     147949.0775      -1759.2353          0.0000          0.0000     562267.8074        300.7843 1352000000.0000

INFO:       1900         19.0000    1151818.8907     708208.1440     443610.7467          9.3426     148050.9414      -1630.6701          0.0000          0.0000     561787.8727        300.8854 1352000000.0000

INFO:       1920         19.2000    1151417.4661     707612.8152     443804.6509          9.3461     148088.9032      -1785.8894          0.0000          0.0000     561309.8014        300.9182 1352000000.0000

INFO:       1940         19.4000    1150870.3952     707673.0202     443197.3751          9.3656     148624.1756      -1792.3316          0.0000          0.0000     560841.1762        300.5336 1352000000.0000

INFO:       1960         19.6000    1150850.6582     706585.9468     444264.7114          9.3433     147963.6863      -1750.7343          0.0000          0.0000     560372.9948        301.4432 1352000000.0000

INFO:       1980         19.8000    1150795.9499     707181.8082     443614.1418          9.3758     148925.7922      -1633.5470          0.0000          0.0000     559889.5629        301.0196 1352000000.0000

INFO:       2000         20.0000    1150289.2407     706645.8095     443643.4312          9.3697     148705.8290      -1457.8477          0.0000          0.0000     559397.8282        300.8711 1352000000.0000

 
[STEP6] Deallocate Arrays
 
Output_Time> Averaged timer profile (Min, Max)
  total time      =      12.751
    setup         =       4.633
    dynamics      =       8.118
      energy      =       6.718
      integrator  =       1.067
      migration   =       0.060
      pairlist    =       0.097 (       0.056,       0.163)
  energy           
    bond          =       0.037 (       0.017,       0.084)
    angle         =       0.011 (       0.010,       0.019)
    dihedral      =       0.011 (       0.010,       0.019)
    base stacking =       0.000 (       0.000,       0.000)
    nonbond       =       2.285 (       0.588,       5.779)
      CG exv      =       0.008 (       0.006,       0.015)
      CG DNA bp   =       0.000 (       0.000,       0.000)
      CG DNA exv  =       0.000 (       0.000,       0.000)
      CG ele      =       1.848 (       0.447,       4.663)
      CG PWMcos   =       0.000 (       0.000,       0.000)
      CG PWMcosns =       0.000 (       0.000,       0.000)
      CG IDR-HPS  =       0.426 (       0.124,       1.101)
      CG IDR-KH   =       0.000 (       0.000,       0.000)
      CG KH       =       0.000 (       0.000,       0.000)
      Contact     =       0.003 (       0.003,       0.006)
      pme real    =       0.000 (       0.000,       0.000)
      pme recip   =       0.000 (       0.000,       0.000)
    solvation     =       0.000 (       0.000,       0.000)
      polar       =       0.000 (       0.000,       0.000)
      non-polar   =       0.000 (       0.000,       0.000)
    restraint     =       0.000 (       0.000,       0.000)
    qmmm          =       0.000 (       0.000,       0.000)
    morph         =       0.000 (       0.000,       0.000)
  integrator       
    constraint    =       0.000 (       0.000,       0.000)
    update        =       0.000 (       0.000,       0.000)
    comm_coord    =       0.479 (       0.274,       0.832)
    comm_force    =       0.288 (       0.203,       0.404)
  migration       =       0.060 (       0.060,       0.061)
    comm_migrate  =       0.019 (       0.011,       0.023)
    ptl_migrate   =       0.002 (       0.001,       0.008)
    bond_migrate  =       0.000 (       0.000,       0.001)
    angl_migrate  =       0.000 (       0.000,       0.001)
    dihe_migrate  =       0.000 (       0.000,       0.001)
    contact_migr  =       0.000 (       0.000,       0.000)
    stack_migrate =       0.000 (       0.000,       0.000)
    pwmcos_migrate =       0.000 (       0.000,       0.000)
    pwmcosns_migr  =       0.000 (       0.000,       0.000)
    nonb_update    =       0.014 (       0.003,       0.036)

