****************************************************
*                                                  *
*                  GENESIS CGDYN                   *
*                                                  *
*        A Molecular Dynamics Simulator with       *
*           Spatial Decomposition Scheme           *
*                                                  *
*               Developed by RIKEN                 *
*                                                  *
****************************************************
 
[STEP0] Architecture and Compiler Information
 
GENESIS_Information> GENESIS Information
  version      = 2.0.0
  commit ID    = $GENESIS_VERSION$
  precision    = mixed 
  nonbonding   = CPU

Build_Information> Compiler Information
  build host   = jjwsmj@hokusai2
  fortran      = ifort (IFORT) 2021.7.1 20221019
  option       = 
  -axCORE-AVX512 -g -O3  -qmkl=parallel  -assume byterecl -qopenmp  
  C            = 
 icc: remark #10441: The Intel(R) C++ Compiler Classic (ICC) is deprecated and w
 ill be removed from product release in the second half of 2023. The Intel(R) on
 eAPI DPC++/C++ Compiler (ICX) is the recommended compiler moving forward. Pleas
 e transition to use this compiler. Use '-diag-disable=10441' to disable this me
 ssage.
  option       = -O3 -ip -axCORE-AVX2  -qopenmp 
  defined var. = 
  -DHAVE_MPI_GENESIS -DOMP -DIFORT19 -DFFTE -DLAPACK -DDSFMT_MEXP=19937 -DINTEL
  link option  = 
  -assume byterecl -lgfortran -qopenmp  -lmkl_intel_lp64 -lmkl_sequential -lmkl_
 core -lmkl_lapack95_lp64   
  MPI Compiler = Intel(R) MPI

Runtime_Information> Machine and Library Information
  date       = 2023/05/12 14:36:18
  cpu model    = Intel(R) Xeon(R) Gold 6148 CPU @ 2.40GHz
  exec. host   = jjwsmj@bwmpc0447
  LD library   = 
 /bwfefs/opt/x86_64/intel/oneapi/2022.3/mpi/2021.7.1/libfabric/lib:/bwfefs/opt/x
 86_64/intel/oneapi/2022.3/mpi/2021.7.1/lib/release:/bwfefs/opt/x86_64/intel/one
 api/2022.3/mpi/2021.7.1/lib:/bwfefs/opt/x86_64/intel/oneapi/2022.3/tbb/2021.7.1
 /lib/intel64/gcc4.8:/usr/lib64:/bwfefs/opt/x86_64/intel/oneapi/2022.3/vpl/2022.
 2.5/lib:/bwfefs/opt/x86_64/intel/oneapi/2022.3/mkl/latest/lib/intel64:/bwfefs/o
 pt/x86_64/intel/oneapi/2022.3/itac/2021.7.1/slib:/bwfefs/opt/x86_64/intel/oneap
 i/2022.3/ippcp/2021.6.2/lib/intel64:/bwfefs/opt/x86_64/intel/oneapi/2022.3/ipp/
 2021.6.2/lib/intel64:/bwfefs/opt/x86_64/intel/oneapi/2022.3/dnnl/2022.2.1/cpu_d
 pcpp_gpu_dpcpp/lib:/bwfefs/opt/x86_64/intel/oneapi/2022.3/dal/2021.7.1/lib/inte
 l64:/bwfefs/opt/x86_64/intel/oneapi/2022.3/compiler/2022.2.1/linux/compiler/lib
 :/bwfefs/opt/x86_64/intel/oneapi/2022.3/compiler/2022.2.1/linux/lib/oclfpga/hos
 t/linux64/lib:/bwfefs/opt/x86_64/intel/oneapi/2022.3/compiler/2022.2.1/linux/li
 b/oclfpga/linux64/lib:/bwfefs/opt/x86_64/intel/oneapi/2022.3/compiler/2022.2.1/
 linux/lib:/bwfefs/opt/x86_64/intel/oneapi/2022.3/compiler/2022.2.1/linux/lib/x6
 4:/bwfefs/opt/x86_64/intel/oneapi/2022.3/compiler/2022.2.1/linux/lib/emu:/bwfef
 s/opt/x86_64/intel/oneapi/2022.3/compiler/2022.2.1/linux/compiler/lib/intel64_l
 in:/bwfefs/opt/x86_64/intel/oneapi/2022.3/debugger/2021.7.1/dep/lib:/bwfefs/opt
 /x86_64/intel/oneapi/2022.3/debugger/2021.7.1/libipt/intel64/lib:/bwfefs/opt/x8
 6_64/intel/oneapi/2022.3/debugger/2021.7.1/gdb/intel64/lib:/bwfefs/opt/x86_64/
 MPI Runtime = Intel(R) MPI Library 2021.7 for Linux* OS


[STEP1] Read Control Parameters
 
Read_Ctrl_Input> Input Files
  grotopfile = pro.top
  grocrdfile = crd/pos_5000.gro
 
Read_Ctrl_Output> Output Files
 
Read_Ctrl_Energy> Parameters of Energy Calculations
  forcefield      =    RESIDCG
  output_style    =    GENESIS
 
Read_Ctrl_Dynamics> Parameters of MD simulation
  integrator      =       VVER  nsteps          =       2000
  timestep        =     0.0100  initial_time    =     0.0000
  eneout_period   =         20  rstout_period   =          0
  crdout_period   =          0  velout_period   =          0
  nbupdate_period =         20  stoptr_period   =         10
  lbupdate_period =          0
  iseed           =         -1
  annealing       =         no
  verbose         =         no
  target_md       =         no
  steered_md      =         no
 
Read_Ctrl_Ensemble> Parameters for Ensemble
  ensemble        =        NVT
  temperature     =    300.000
  tpcontrol       =   LANGEVIN
  gamma_t         =      1.000
 
Read_Ctrl_Boundary> Parameters of Boundary Condition
  type            =       PBC 
  box_size(x,y,z) =   3200.000   650.000   650.000
  min_domain_cell =          2
  domain (x,y,z)  =          8         4         2
 
Read_Ctrl_Selection> Parameters of Selection
  # of groups     =          0
  # of mole names =          0
 
Read_Ctrl_Restraints> No restraint in the system

Read_Ctrl_Fitting_MD> Parameters of Fitting
  fitting method  =  TR+ROT   
  fitting atom    = group1
  mass_weight     =         no
 
[STEP2] Setup MPI
 
Setup_Mpi_Md> Summary of Setup MPI
  number of MPI processes   =         64
  number of OpenMP threads  =          5
  total number of CPU cores =        320

[STEP3] Set Relevant Variables and Structures
 
Read_Grotop> Summary of Grotopfile
  num_moltypes    =          1
    pos100_cg             :
      num_atoms   =        100
      num_bonds   =         99
      num_angls   =          0
      num_dihes   =          0
      num_cmaps   =          0
      num_excls   =          0
      num_constrs =          0
      num_pairs   =          0
      num_vsites2 =          0
      num_vsites3 =          0
      num_vsites4 =          0
      num_vsitesn =          0
      num_posress =          0
      num_PWMcos  =          0
      num_PWMcosns=          0
      num_IDR_HPS =          1
      num_IDR_KH  =          0
    .. not used molecule types were hidden.

  num_molecules   =       5000
    pos100_cg             :  5000

  num_atomtypes   =         33  num_bondtypes   =          0
  num_angltypes   =          0  num_dihetypes   =          0
  num_flangltypes           20
  num_fldihetypes          400
  num_constrtypes =          0  num_cmaptypes   =          0
  num_nbonparms   =          0
  num_basestacktypes  =     16
  num_basepairtypes   =      4
  num_basecrosstypes  =     32
  num_cgdnaexvtypes   =      6
  num_cgelemolpairs   =      1
  num_cg_IDR_HPS_atomtypes  =     20
  num_cg_KH_atomtypes  =    20

  num_cg_pair_MJ_eps   =   400

Define_Molecule> Summary of molecules
  num_atoms       =     500000  num_bonds       =     495000
  num_angles      =          0  num_dihedrals   =          0
  num_impropers   =          0  num_cmap_terms  =          0
  num_residues    =     500000  num_molecules   =       5000
  num_segments    =          1  num_deg_freedom =    1500000
  total_charge    = 500000.000
 
Setup_Boundary_Cell> Set Variables for Boundary Condition
  domains (x,y,z) =          8         4         2
  ncells (x,y,z)  =        112        22        22
 
Define_Enefunc_Gromacs> Number of Interactions in Each Term
  bond_ene        =     495000  angle_ene       =          0
  torsion_ene     =          0
 restraint_groups =          0 restraint_funcs  =          0
 
Setup_Dynamics> Subtract 3 translational degrees of freedom
 
Update_Num_Deg_Freedom> Number of degrees of freedom was updated
  num_deg_freedom =    1499997 (After removing translation)
 
Random_Init> Initialize the random number
  seed            = 112474

Setup_Fitting_cgdyn> NO fitting is applied, skip
  fitting method  =  NO
 
[STEP4] Compute Single Point Energy for Molecules
 
            STEP          ENERGY            BOND  NATIVE_CONTACT NON-NATIVE_CONT           ELECT         IDR_HPS          CG_EXV
 --------------- --------------- --------------- --------------- ---------------
               0     853903.1851     170691.3716          0.0000          0.0000     681472.2486       1739.5649          0.0000

[STEP5] Perform Molecular Dynamics Simulation
 
Initial_Velocity> Generate initial velocities
  iseed           =     112474
  temperature     =    300.000
 
Random_Init_Velocity> Initialize the random number
  seed            = 112474

INFO:       STEP            TIME       TOTAL_ENE   POTENTIAL_ENE     KINETIC_ENE            RMSG            BOND         IDR_HPS  NATIVE_CONTACT          CG_EXV           ELECT     TEMPERATURE          VOLUME
 --------------- --------------- --------------- --------------- ---------------
INFO:          0          0.0000    1301569.2357     853903.1851     447666.0506         10.1780     170691.3716       1739.5649          0.0000          0.0000     681472.2486          0.0000 1352000000.0000

INFO:         20          0.2000    1296292.2447     842612.3813     453679.8634          9.8674     161229.8851        641.6725          0.0000          0.0000     680740.8238        307.6668 1352000000.0000

INFO:         40          0.4000    1291096.8844     835833.8166     455263.0677          9.7260     157938.0695      -1055.2007          0.0000          0.0000     678950.9479        308.9422 1352000000.0000

INFO:         60          0.6000    1285828.4014     829800.8833     456027.5181          9.6373     155598.4287      -2268.8423          0.0000          0.0000     676471.2969        309.4366 1352000000.0000

INFO:         80          0.8000    1281040.2905     824920.6503     456119.6402          9.5965     154673.8133      -3320.7292          0.0000          0.0000     673567.5661        309.4755 1352000000.0000

INFO:        100          1.0000    1275516.0770     819602.8082     455913.2688          9.5473     153338.0070      -4223.8596          0.0000          0.0000     670488.6609        309.2241 1352000000.0000

INFO:        120          1.2000    1269762.7322     814944.2697     454818.4625          9.5090     152362.5771      -4773.3217          0.0000          0.0000     667355.0143        308.5618 1352000000.0000

INFO:        140          1.4000    1264751.1915     810774.3246     453976.8669          9.4840     151577.3585      -5064.3112          0.0000          0.0000     664261.2774        307.7625 1352000000.0000

INFO:        160          1.6000    1260491.8424     806721.5370     453770.3053          9.4580     150759.4445      -5246.0764          0.0000          0.0000     661208.1690        307.7762 1352000000.0000

INFO:        180          1.8000    1256371.3914     803341.6538     453029.7376          9.4382     150271.0907      -5166.2524          0.0000          0.0000     658236.8155        307.1657 1352000000.0000

INFO:        200          2.0000    1252478.6162     799999.1189     452479.4972          9.4160     149574.2394      -4943.2754          0.0000          0.0000     655368.1549        306.9077 1352000000.0000

INFO:        220          2.2000    1248571.7073     797206.3843     451365.3230          9.4130     149699.7660      -5042.3709          0.0000          0.0000     652548.9891        306.0265 1352000000.0000

INFO:        240          2.4000    1244452.1802     794124.7452     450327.4351          9.3976     149341.5970      -5075.8319          0.0000          0.0000     649858.9801        305.3856 1352000000.0000

INFO:        260          2.6000    1241441.8302     790702.6745     450739.1557          9.3746     148349.5734      -4914.4550          0.0000          0.0000     647267.5560        305.6276 1352000000.0000

INFO:        280          2.8000    1238460.1834     788421.4336     450038.7498          9.3796     148450.7899      -4805.1851          0.0000          0.0000     644775.8288        305.2306 1352000000.0000

INFO:        300          3.0000    1235426.8215     786138.7418     449288.0797          9.3758     148537.0983      -4766.7584          0.0000          0.0000     642368.4019        304.6460 1352000000.0000

INFO:        320          3.2000    1232721.3113     783454.0366     449267.2747          9.3573     148248.9454      -4847.0922          0.0000          0.0000     640052.1834        304.6667 1352000000.0000

INFO:        340          3.4000    1230049.9155     781202.9541     448846.9614          9.3626     148296.6140      -4915.5843          0.0000          0.0000     637821.9243        304.3576 1352000000.0000

INFO:        360          3.6000    1226842.6897     779550.2004     447292.4893          9.3668     148530.0374      -4662.7660          0.0000          0.0000     635682.9289        303.4966 1352000000.0000

INFO:        380          3.8000    1225844.7866     777669.8392     448174.9473          9.3673     148676.1362      -4611.0868          0.0000          0.0000     633604.7899        303.9370 1352000000.0000

INFO:        400          4.0000    1223404.0155     775914.1207     447489.8949          9.3756     148834.8268      -4536.5801          0.0000          0.0000     631615.8740        303.5452 1352000000.0000

INFO:        420          4.2000    1221345.0797     774338.6095     447006.4702          9.3829     149139.9557      -4497.6152          0.0000          0.0000     629696.2690        303.0195 1352000000.0000

INFO:        440          4.4000    1219427.6166     772181.8081     447245.8086          9.3646     148628.4555      -4303.3395          0.0000          0.0000     627856.6920        303.4551 1352000000.0000

INFO:        460          4.6000    1217745.3316     770787.3906     446957.9410          9.3730     148747.7292      -4037.9979          0.0000          0.0000     626077.6592        303.2398 1352000000.0000

INFO:        480          4.8000    1216554.0457     769035.7315     447518.3142          9.3615     148417.8878      -3728.1954          0.0000          0.0000     624346.0391        303.6207 1352000000.0000

INFO:        500          5.0000    1214378.3846     767605.7441     446772.6405          9.3740     148782.3038      -3793.3245          0.0000          0.0000     622616.7648        303.2084 1352000000.0000

INFO:        520          5.2000    1212712.2663     765321.5487     447390.7176          9.3601     148308.8802      -3936.2961          0.0000          0.0000     620948.9646        303.4396 1352000000.0000

INFO:        540          5.4000    1210612.0889     763927.0345     446685.0544          9.3606     148330.0368      -3727.3093          0.0000          0.0000     619324.3069        302.8876 1352000000.0000

INFO:        560          5.6000    1208847.3516     762209.0185     446638.3331          9.3557     148054.9251      -3591.3194          0.0000          0.0000     617745.4128        302.9264 1352000000.0000

INFO:        580          5.8000    1207362.5225     761172.0476     446190.4750          9.3676     148515.3862      -3559.9629          0.0000          0.0000     616216.6243        302.5130 1352000000.0000

INFO:        600          6.0000    1204913.1178     759305.9513     445607.1665          9.3561     148055.9253      -3492.5773          0.0000          0.0000     614742.6033        302.2348 1352000000.0000

INFO:        620          6.2000    1204042.4836     757719.4344     446323.0492          9.3479     147979.5346      -3558.9546          0.0000          0.0000     613298.8544        302.5834 1352000000.0000

INFO:        640          6.4000    1202539.8218     756856.3763     445683.4455          9.3583     148538.0326      -3578.6733          0.0000          0.0000     611897.0169        302.1938 1352000000.0000

INFO:        660          6.6000    1201058.5686     755342.5760     445715.9926          9.3565     148480.3114      -3678.1879          0.0000          0.0000     610540.4525        302.3553 1352000000.0000

INFO:        680          6.8000    1199355.3540     753837.8986     445517.4555          9.3465     148245.0788      -3619.6337          0.0000          0.0000     609212.4534        302.0903 1352000000.0000

INFO:        700          7.0000    1198100.4411     752052.0115     446048.4296          9.3373     147660.3376      -3553.0686          0.0000          0.0000     607944.7425        302.4511 1352000000.0000

INFO:        720          7.2000    1195984.4594     751164.0815     444820.3780          9.3319     147792.3585      -3338.1359          0.0000          0.0000     606709.8589        301.6826 1352000000.0000

INFO:        740          7.4000    1194811.9941     750566.5793     444245.4149          9.3601     148343.6956      -3268.4339          0.0000          0.0000     605491.3176        301.2275 1352000000.0000

INFO:        760          7.6000    1194020.8170     748447.2926     445573.5244          9.3276     147563.1813      -3398.4648          0.0000          0.0000     604282.5761        302.1107 1352000000.0000

INFO:        780          7.8000    1192239.1678     747811.3047     444427.8631          9.3471     148073.9555      -3374.0904          0.0000          0.0000     603111.4396        301.3364 1352000000.0000

INFO:        800          8.0000    1191640.0347     746844.4833     444795.5514          9.3493     148209.1120      -3332.8323          0.0000          0.0000     601968.2037        301.6597 1352000000.0000

INFO:        820          8.2000    1190807.4133     746016.0193     444791.3940          9.3522     148190.7007      -3024.7116          0.0000          0.0000     600850.0302        301.6115 1352000000.0000

INFO:        840          8.4000    1189477.7808     745276.2649     444201.5159          9.3664     148568.7381      -3035.5284          0.0000          0.0000     599743.0552        301.2674 1352000000.0000

INFO:        860          8.6000    1189369.7127     744274.5868     445095.1259          9.3698     148673.5226      -3054.7755          0.0000          0.0000     598655.8397        301.9725 1352000000.0000

INFO:        880          8.8000    1188170.7817     743322.9359     444847.8459          9.3704     148656.4341      -2927.0333          0.0000          0.0000     597593.5351        301.7769 1352000000.0000

INFO:        900          9.0000    1187226.9474     742016.6498     445210.2976          9.3626     148461.5628      -2966.7874          0.0000          0.0000     596521.8745        302.0895 1352000000.0000

INFO:        920          9.2000    1185954.4965     740758.6294     445195.8671          9.3519     148230.2433      -2962.7097          0.0000          0.0000     595491.0958        302.0682 1352000000.0000

INFO:        940          9.4000    1184696.8224     739903.5947     444793.2277          9.3557     148355.5320      -2945.3321          0.0000          0.0000     594493.3948        301.5855 1352000000.0000

INFO:        960          9.6000    1182842.1069     739290.3321     443551.7748          9.3627     148638.3248      -2860.8255          0.0000          0.0000     593512.8328        300.9574 1352000000.0000

INFO:        980          9.8000    1182197.1709     737853.0298     444344.1411          9.3519     148056.8629      -2733.7871          0.0000          0.0000     592529.9540        301.4079 1352000000.0000

INFO:       1000         10.0000    1180768.6775     736462.4855     444306.1920          9.3324     147631.9438      -2729.7682          0.0000          0.0000     591560.3098        301.4527 1352000000.0000

INFO:       1020         10.2000    1180146.0772     736093.7497     444052.3275          9.3579     148326.5598      -2845.0283          0.0000          0.0000     590612.2182        301.2090 1352000000.0000

INFO:       1040         10.4000    1179584.3897     735216.0328     444368.3569          9.3500     148330.2794      -2795.4924          0.0000          0.0000     589681.2458        301.3326 1352000000.0000

INFO:       1060         10.6000    1179218.3838     734576.1785     444642.2052          9.3522     148409.5149      -2638.5755          0.0000          0.0000     588805.2391        301.7220 1352000000.0000

INFO:       1080         10.8000    1177562.5966     733139.5962     444423.0004          9.3438     147874.1317      -2683.4048          0.0000          0.0000     587948.8694        301.5450 1352000000.0000

INFO:       1100         11.0000    1177233.7432     732982.1106     444251.6326          9.3542     148663.6135      -2786.5096          0.0000          0.0000     587105.0067        301.4122 1352000000.0000

INFO:       1120         11.2000    1176748.9618     731894.5007     444854.4611          9.3488     148282.6903      -2663.3774          0.0000          0.0000     586275.1878        301.8405 1352000000.0000

INFO:       1140         11.4000    1175368.3185     731162.6773     444205.6412          9.3488     148205.4173      -2496.7811          0.0000          0.0000     585454.0411        301.3315 1352000000.0000

INFO:       1160         11.6000    1174827.2111     730413.3925     444413.8186          9.3444     148064.4692      -2306.0119          0.0000          0.0000     584654.9351        301.4509 1352000000.0000

INFO:       1180         11.8000    1174180.8561     729559.2308     444621.6253          9.3461     148051.7698      -2358.1467          0.0000          0.0000     583865.6077        301.5550 1352000000.0000

INFO:       1200         12.0000    1173169.8751     729281.3230     443888.5521          9.3580     148313.6505      -2103.8875          0.0000          0.0000     583071.5600        301.1962 1352000000.0000

INFO:       1220         12.2000    1172747.5823     728661.9372     444085.6451          9.3621     148463.1701      -2115.2919          0.0000          0.0000     582314.0590        301.1373 1352000000.0000

INFO:       1240         12.4000    1171934.0641     727152.7587     444781.3055          9.3389     147878.0136      -2263.3639          0.0000          0.0000     581538.1089        301.6684 1352000000.0000

INFO:       1260         12.6000    1171014.0211     726302.3784     444711.6427          9.3425     147897.9315      -2383.8950          0.0000          0.0000     580788.3418        301.5106 1352000000.0000

INFO:       1280         12.8000    1169540.8725     725756.1565     443784.7161          9.3401     147919.5885      -2229.6310          0.0000          0.0000     580066.1990        301.0999 1352000000.0000

INFO:       1300         13.0000    1169829.8970     725419.8971     444409.9999          9.3491     148197.6329      -2106.2341          0.0000          0.0000     579328.4982        301.4053 1352000000.0000

INFO:       1320         13.2000    1168793.5835     724607.9114     444185.6721          9.3436     148244.9544      -2227.0432          0.0000          0.0000     578590.0002        301.2311 1352000000.0000

INFO:       1340         13.4000    1167968.7924     723502.3925     444466.3999          9.3310     147869.7970      -2235.8401          0.0000          0.0000     577868.4356        301.5400 1352000000.0000

INFO:       1360         13.6000    1167006.4796     722853.0939     444153.3857          9.3363     147972.0085      -2292.6821          0.0000          0.0000     577173.7676        301.2638 1352000000.0000

INFO:       1380         13.8000    1166246.2032     722121.3108     444124.8924          9.3456     147950.2057      -2322.4618          0.0000          0.0000     576493.5668        301.1383 1352000000.0000

INFO:       1400         14.0000    1165538.6676     721991.3410     443547.3267          9.3603     148401.8658      -2223.3236          0.0000          0.0000     575812.7988        300.7776 1352000000.0000

INFO:       1420         14.2000    1165062.9488     720883.8715     444179.0774          9.3399     148117.2634      -2360.8828          0.0000          0.0000     575127.4909        301.2890 1352000000.0000

INFO:       1440         14.4000    1164144.3861     720219.9383     443924.4479          9.3445     148251.8884      -2493.3088          0.0000          0.0000     574461.3587        301.0747 1352000000.0000

INFO:       1460         14.6000    1162836.4709     719646.8020     443189.6689          9.3429     148118.2042      -2285.9512          0.0000          0.0000     573814.5490        300.6000 1352000000.0000

INFO:       1480         14.8000    1162520.6981     719061.3306     443459.3675          9.3386     148004.1863      -2126.9528          0.0000          0.0000     573184.0971        300.7907 1352000000.0000

INFO:       1500         15.0000    1162179.8698     718758.4270     443421.4428          9.3476     148210.7625      -1994.1055          0.0000          0.0000     572541.7701        300.6266 1352000000.0000

INFO:       1520         15.2000    1161841.8675     717753.4500     444088.4175          9.3446     148022.7490      -2169.0289          0.0000          0.0000     571899.7299        301.2491 1352000000.0000

INFO:       1540         15.4000    1161543.3321     717214.7827     444328.5494          9.3486     148206.9707      -2255.4820          0.0000          0.0000     571263.2940        301.3854 1352000000.0000

INFO:       1560         15.6000    1160876.7040     716522.0623     444354.6417          9.3497     148193.9849      -2328.6881          0.0000          0.0000     570656.7655        301.3920 1352000000.0000

INFO:       1580         15.8000    1160077.1861     716619.2348     443457.9513          9.3629     148851.0193      -2283.3654          0.0000          0.0000     570051.5809        300.9737 1352000000.0000

INFO:       1600         16.0000    1159450.8969     715406.5326     444044.3643          9.3471     148081.6010      -2145.1104          0.0000          0.0000     569470.0419        301.1134 1352000000.0000

INFO:       1620         16.2000    1159249.4338     715379.9730     443869.4608          9.3648     148814.6460      -2301.2683          0.0000          0.0000     568866.5953        301.1367 1352000000.0000

INFO:       1640         16.4000    1158934.0338     714888.6139     444045.4199          9.3628     148775.8689      -2168.7659          0.0000          0.0000     568281.5110        301.1927 1352000000.0000

INFO:       1660         16.6000    1157805.3159     714197.8232     443607.4927          9.3557     148619.9197      -2128.2493          0.0000          0.0000     567706.1527        301.0611 1352000000.0000

INFO:       1680         16.8000    1157887.7286     713382.7118     444505.0168          9.3418     148182.0775      -1949.6482          0.0000          0.0000     567150.2825        301.5388 1352000000.0000

INFO:       1700         17.0000    1156754.3380     712714.4869     444039.8510          9.3390     148024.9902      -1919.6248          0.0000          0.0000     566609.1215        301.0716 1352000000.0000

INFO:       1720         17.2000    1156172.8409     712110.6537     444062.1872          9.3464     148036.5926      -1980.6752          0.0000          0.0000     566054.7363        301.1811 1352000000.0000

INFO:       1740         17.4000    1155872.1048     711942.0779     443930.0270          9.3535     148352.1283      -1904.2081          0.0000          0.0000     565494.1577        301.1687 1352000000.0000

INFO:       1760         17.6000    1155608.9276     711484.0955     444124.8321          9.3601     148376.1536      -1841.4592          0.0000          0.0000     564949.4011        301.1518 1352000000.0000

INFO:       1780         17.8000    1154938.3724     710948.7968     443989.5757          9.3539     148236.9210      -1691.7899          0.0000          0.0000     564403.6657        301.1298 1352000000.0000

INFO:       1800         18.0000    1154478.6832     710080.0933     444398.5899          9.3440     148057.2711      -1840.6315          0.0000          0.0000     563863.4537        301.2281 1352000000.0000

INFO:       1820         18.2000    1153835.7962     709280.3739     444555.4222          9.3348     147906.8569      -1943.6416          0.0000          0.0000     563317.1586        301.5807 1352000000.0000

INFO:       1840         18.4000    1153146.7724     709434.1990     443712.5734          9.3606     148501.8682      -1875.3185          0.0000          0.0000     562807.6493        301.0128 1352000000.0000

INFO:       1860         18.6000    1152275.4684     708840.2014     443435.2670          9.3606     148482.5536      -1971.0782          0.0000          0.0000     562328.7259        300.6967 1352000000.0000

INFO:       1880         18.8000    1151377.2347     708691.2465     442685.9882          9.3767     148791.9070      -1963.8466          0.0000          0.0000     561863.1861        300.2426 1352000000.0000

INFO:       1900         19.0000    1151036.3643     708329.8521     442706.5122          9.3766     148711.9917      -1777.6110          0.0000          0.0000     561395.4715        300.3217 1352000000.0000

INFO:       1920         19.2000    1150705.8470     707546.2602     443159.5867          9.3676     148433.1961      -1821.9162          0.0000          0.0000     560934.9803        300.7361 1352000000.0000

INFO:       1940         19.4000    1150601.6575     706767.4155     443834.2419          9.3548     148213.0955      -1910.8933          0.0000          0.0000     560465.2134        300.9997 1352000000.0000

INFO:       1960         19.6000    1149562.0848     706127.1247     443434.9601          9.3453     147922.7333      -1802.4065          0.0000          0.0000     560006.7978        300.6677 1352000000.0000

INFO:       1980         19.8000    1148992.7289     706152.8214     442839.9076          9.3496     148266.8827      -1674.9285          0.0000          0.0000     559560.8671        300.4281 1352000000.0000

INFO:       2000         20.0000    1149105.1400     705836.5878     443268.5521          9.3630     148410.7586      -1686.6578          0.0000          0.0000     559112.4870        300.6923 1352000000.0000

 
[STEP6] Deallocate Arrays
 
Output_Time> Averaged timer profile (Min, Max)
  total time      =      34.471
    setup         =       2.784
    dynamics      =      31.687
      energy      =      27.563
      integrator  =       3.464
      migration   =       0.130
      pairlist    =       0.429 (       0.231,       0.619)
  energy           
    bond          =       0.266 (       0.164,       0.407)
    angle         =       0.011 (       0.010,       0.013)
    dihedral      =       0.010 (       0.009,       0.011)
    base stacking =       0.000 (       0.000,       0.000)
    nonbond       =      17.811 (       9.001,      26.225)
      CG exv      =       0.033 (       0.020,       0.046)
      CG DNA bp   =       0.000 (       0.000,       0.000)
      CG DNA exv  =       0.000 (       0.000,       0.000)
      CG ele      =      14.402 (       7.184,      21.115)
      CG PWMcos   =       0.000 (       0.000,       0.000)
      CG PWMcosns =       0.000 (       0.000,       0.000)
      CG IDR-HPS  =       3.371 (       1.793,       5.065)
      CG IDR-KH   =       0.000 (       0.000,       0.000)
      CG KH       =       0.000 (       0.000,       0.000)
      Contact     =       0.003 (       0.003,       0.004)
      pme real    =       0.000 (       0.000,       0.000)
      pme recip   =       0.000 (       0.000,       0.000)
    solvation     =       0.000 (       0.000,       0.000)
      polar       =       0.000 (       0.000,       0.000)
      non-polar   =       0.000 (       0.000,       0.000)
    restraint     =       0.000 (       0.000,       0.000)
    qmmm          =       0.000 (       0.000,       0.000)
    morph         =       0.000 (       0.000,       0.000)
  integrator       
    constraint    =       0.000 (       0.000,       0.000)
    update        =       0.000 (       0.000,       0.000)
    comm_coord    =       1.147 (       0.337,       2.095)
    comm_force    =       0.433 (       0.409,       0.470)
  migration       =       0.130 (       0.130,       0.130)
    comm_migrate  =       0.014 (       0.009,       0.020)
    ptl_migrate   =       0.008 (       0.005,       0.012)
    bond_migrate  =       0.001 (       0.001,       0.002)
    angl_migrate  =       0.001 (       0.001,       0.001)
    dihe_migrate  =       0.001 (       0.000,       0.001)
    contact_migr  =       0.000 (       0.000,       0.000)
    stack_migrate =       0.000 (       0.000,       0.000)
    pwmcos_migrate =       0.000 (       0.000,       0.000)
    pwmcosns_migr  =       0.000 (       0.000,       0.000)
    nonb_update    =       0.108 (       0.056,       0.154)

