****************************************************
*                                                  *
*                  GENESIS CGDYN                   *
*                                                  *
*        A Molecular Dynamics Simulator with       *
*           Spatial Decomposition Scheme           *
*                                                  *
*               Developed by RIKEN                 *
*                                                  *
****************************************************
 
[STEP0] Architecture and Compiler Information
 
GENESIS_Information> GENESIS Information
  version      = 2.0.0
  commit ID    = $GENESIS_VERSION$
  precision    = mixed 
  nonbonding   = CPU

Build_Information> Compiler Information
  build host   = jjwsmj@hokusai2
  fortran      = ifort (IFORT) 2021.7.1 20221019
  option       = 
  -axCORE-AVX512 -g -O3  -qmkl=parallel  -assume byterecl -qopenmp  
  C            = 
 icc: remark #10441: The Intel(R) C++ Compiler Classic (ICC) is deprecated and w
 ill be removed from product release in the second half of 2023. The Intel(R) on
 eAPI DPC++/C++ Compiler (ICX) is the recommended compiler moving forward. Pleas
 e transition to use this compiler. Use '-diag-disable=10441' to disable this me
 ssage.
  option       = -O3 -ip -axCORE-AVX2  -qopenmp 
  defined var. = 
  -DHAVE_MPI_GENESIS -DOMP -DIFORT19 -DFFTE -DLAPACK -DDSFMT_MEXP=19937 -DINTEL
  link option  = 
  -assume byterecl -lgfortran -qopenmp  -lmkl_intel_lp64 -lmkl_sequential -lmkl_
 core -lmkl_lapack95_lp64   
  MPI Compiler = Intel(R) MPI

Runtime_Information> Machine and Library Information
  date       = 2023/05/12 14:36:19
  cpu model    = Intel(R) Xeon(R) Gold 6148 CPU @ 2.40GHz
  exec. host   = jjwsmj@bwmpc0455
  LD library   = 
 /bwfefs/opt/x86_64/intel/oneapi/2022.3/mpi/2021.7.1/libfabric/lib:/bwfefs/opt/x
 86_64/intel/oneapi/2022.3/mpi/2021.7.1/lib/release:/bwfefs/opt/x86_64/intel/one
 api/2022.3/mpi/2021.7.1/lib:/bwfefs/opt/x86_64/intel/oneapi/2022.3/tbb/2021.7.1
 /lib/intel64/gcc4.8:/usr/lib64:/bwfefs/opt/x86_64/intel/oneapi/2022.3/vpl/2022.
 2.5/lib:/bwfefs/opt/x86_64/intel/oneapi/2022.3/mkl/latest/lib/intel64:/bwfefs/o
 pt/x86_64/intel/oneapi/2022.3/itac/2021.7.1/slib:/bwfefs/opt/x86_64/intel/oneap
 i/2022.3/ippcp/2021.6.2/lib/intel64:/bwfefs/opt/x86_64/intel/oneapi/2022.3/ipp/
 2021.6.2/lib/intel64:/bwfefs/opt/x86_64/intel/oneapi/2022.3/dnnl/2022.2.1/cpu_d
 pcpp_gpu_dpcpp/lib:/bwfefs/opt/x86_64/intel/oneapi/2022.3/dal/2021.7.1/lib/inte
 l64:/bwfefs/opt/x86_64/intel/oneapi/2022.3/compiler/2022.2.1/linux/compiler/lib
 :/bwfefs/opt/x86_64/intel/oneapi/2022.3/compiler/2022.2.1/linux/lib/oclfpga/hos
 t/linux64/lib:/bwfefs/opt/x86_64/intel/oneapi/2022.3/compiler/2022.2.1/linux/li
 b/oclfpga/linux64/lib:/bwfefs/opt/x86_64/intel/oneapi/2022.3/compiler/2022.2.1/
 linux/lib:/bwfefs/opt/x86_64/intel/oneapi/2022.3/compiler/2022.2.1/linux/lib/x6
 4:/bwfefs/opt/x86_64/intel/oneapi/2022.3/compiler/2022.2.1/linux/lib/emu:/bwfef
 s/opt/x86_64/intel/oneapi/2022.3/compiler/2022.2.1/linux/compiler/lib/intel64_l
 in:/bwfefs/opt/x86_64/intel/oneapi/2022.3/debugger/2021.7.1/dep/lib:/bwfefs/opt
 /x86_64/intel/oneapi/2022.3/debugger/2021.7.1/libipt/intel64/lib:/bwfefs/opt/x8
 6_64/intel/oneapi/2022.3/debugger/2021.7.1/gdb/intel64/lib:/bwfefs/opt/x86_64/
 MPI Runtime = Intel(R) MPI Library 2021.7 for Linux* OS


[STEP1] Read Control Parameters
 
Read_Ctrl_Input> Input Files
  grotopfile = pro.top
  grocrdfile = crd/pos_5000.gro
 
Read_Ctrl_Output> Output Files
 
Read_Ctrl_Energy> Parameters of Energy Calculations
  forcefield      =    RESIDCG
  output_style    =    GENESIS
 
Read_Ctrl_Dynamics> Parameters of MD simulation
  integrator      =       VVER  nsteps          =       2000
  timestep        =     0.0100  initial_time    =     0.0000
  eneout_period   =         20  rstout_period   =          0
  crdout_period   =          0  velout_period   =          0
  nbupdate_period =         20  stoptr_period   =         10
  lbupdate_period =          0
  iseed           =         -1
  annealing       =         no
  verbose         =         no
  target_md       =         no
  steered_md      =         no
 
Read_Ctrl_Ensemble> Parameters for Ensemble
  ensemble        =        NVT
  temperature     =    300.000
  tpcontrol       =   LANGEVIN
  gamma_t         =      1.000
 
Read_Ctrl_Boundary> Parameters of Boundary Condition
  type            =       PBC 
  box_size(x,y,z) =   3200.000   650.000   650.000
  min_domain_cell =          2
  domain (x,y,z)  =          8         4         2
 
Read_Ctrl_Selection> Parameters of Selection
  # of groups     =          0
  # of mole names =          0
 
Read_Ctrl_Restraints> No restraint in the system

Read_Ctrl_Fitting_MD> Parameters of Fitting
  fitting method  =  TR+ROT   
  fitting atom    = group1
  mass_weight     =         no
 
[STEP2] Setup MPI
 
Setup_Mpi_Md> Summary of Setup MPI
  number of MPI processes   =         64
  number of OpenMP threads  =          5
  total number of CPU cores =        320

[STEP3] Set Relevant Variables and Structures
 
Read_Grotop> Summary of Grotopfile
  num_moltypes    =          1
    pos100_cg             :
      num_atoms   =        100
      num_bonds   =         99
      num_angls   =          0
      num_dihes   =          0
      num_cmaps   =          0
      num_excls   =          0
      num_constrs =          0
      num_pairs   =          0
      num_vsites2 =          0
      num_vsites3 =          0
      num_vsites4 =          0
      num_vsitesn =          0
      num_posress =          0
      num_PWMcos  =          0
      num_PWMcosns=          0
      num_IDR_HPS =          1
      num_IDR_KH  =          0
    .. not used molecule types were hidden.

  num_molecules   =       5000
    pos100_cg             :  5000

  num_atomtypes   =         33  num_bondtypes   =          0
  num_angltypes   =          0  num_dihetypes   =          0
  num_flangltypes           20
  num_fldihetypes          400
  num_constrtypes =          0  num_cmaptypes   =          0
  num_nbonparms   =          0
  num_basestacktypes  =     16
  num_basepairtypes   =      4
  num_basecrosstypes  =     32
  num_cgdnaexvtypes   =      6
  num_cgelemolpairs   =      1
  num_cg_IDR_HPS_atomtypes  =     20
  num_cg_KH_atomtypes  =    20

  num_cg_pair_MJ_eps   =   400

Define_Molecule> Summary of molecules
  num_atoms       =     500000  num_bonds       =     495000
  num_angles      =          0  num_dihedrals   =          0
  num_impropers   =          0  num_cmap_terms  =          0
  num_residues    =     500000  num_molecules   =       5000
  num_segments    =          1  num_deg_freedom =    1500000
  total_charge    = 500000.000
 
Setup_Boundary_Cell> Set Variables for Boundary Condition
  domains (x,y,z) =          8         4         2
  ncells (x,y,z)  =        112        22        22
 
Define_Enefunc_Gromacs> Number of Interactions in Each Term
  bond_ene        =     495000  angle_ene       =          0
  torsion_ene     =          0
 restraint_groups =          0 restraint_funcs  =          0
 
Setup_Dynamics> Subtract 3 translational degrees of freedom
 
Update_Num_Deg_Freedom> Number of degrees of freedom was updated
  num_deg_freedom =    1499997 (After removing translation)
 
Random_Init> Initialize the random number
  seed            = 748474

Setup_Fitting_cgdyn> NO fitting is applied, skip
  fitting method  =  NO
 
[STEP4] Compute Single Point Energy for Molecules
 
            STEP          ENERGY            BOND  NATIVE_CONTACT NON-NATIVE_CONT           ELECT         IDR_HPS          CG_EXV
 --------------- --------------- --------------- --------------- ---------------
               0     853903.1851     170691.3716          0.0000          0.0000     681472.2486       1739.5649          0.0000

[STEP5] Perform Molecular Dynamics Simulation
 
Initial_Velocity> Generate initial velocities
  iseed           =     748474
  temperature     =    300.000
 
Random_Init_Velocity> Initialize the random number
  seed            = 748474

INFO:       STEP            TIME       TOTAL_ENE   POTENTIAL_ENE     KINETIC_ENE            RMSG            BOND         IDR_HPS  NATIVE_CONTACT          CG_EXV           ELECT     TEMPERATURE          VOLUME
 --------------- --------------- --------------- --------------- ---------------
INFO:          0          0.0000    1301315.6878     853903.1851     447412.5027         10.1780     170691.3716       1739.5649          0.0000          0.0000     681472.2486          0.0000 1352000000.0000

INFO:         20          0.2000    1295450.2749     842417.7480     453032.5269          9.8614     161090.2282        658.7605          0.0000          0.0000     680668.7593        307.2997 1352000000.0000

INFO:         40          0.4000    1290511.0589     835912.0490     454599.0099          9.7386     158277.5987      -1143.2658          0.0000          0.0000     678777.7162        308.5973 1352000000.0000

INFO:         60          0.6000    1284966.8408     829856.2779     455110.5629          9.6602     156262.5283      -2626.1143          0.0000          0.0000     676219.8640        308.7200 1352000000.0000

INFO:         80          0.8000    1279425.3961     824042.1018     455383.2943          9.5968     154556.2382      -3810.6389          0.0000          0.0000     673296.5025        308.9774 1352000000.0000

INFO:        100          1.0000    1274023.8272     818826.8145     455197.0128          9.5354     153106.8436      -4491.7009          0.0000          0.0000     670211.6717        308.6048 1352000000.0000

INFO:        120          1.2000    1268637.6468     814198.9135     454438.7334          9.5030     152130.1560      -5014.6380          0.0000          0.0000     667083.3955        307.9763 1352000000.0000

INFO:        140          1.4000    1263786.2496     810037.9941     453748.2555          9.4737     151303.5354      -5254.2171          0.0000          0.0000     663988.6758        307.6799 1352000000.0000

INFO:        160          1.6000    1259289.7038     806581.7920     452707.9117          9.4594     150901.6445      -5276.7662          0.0000          0.0000     660956.9137        307.0752 1352000000.0000

INFO:        180          1.8000    1255377.9342     803276.4229     452101.5113          9.4406     150528.8688      -5279.8221          0.0000          0.0000     658027.3762        306.5340 1352000000.0000

INFO:        200          2.0000    1251685.3771     799611.3766     452074.0006          9.4142     149723.2704      -5303.4461          0.0000          0.0000     655191.5522        306.4218 1352000000.0000

INFO:        220          2.2000    1246963.1788     796619.9315     450343.2473          9.4092     149570.1565      -5382.4778          0.0000          0.0000     652432.2528        305.4702 1352000000.0000

INFO:        240          2.4000    1244124.3599     794091.2592     450033.1008          9.4069     149670.7169      -5348.6768          0.0000          0.0000     649769.2191        305.2096 1352000000.0000

INFO:        260          2.6000    1241164.3332     791179.0064     449985.3268          9.3874     149257.9234      -5254.3007          0.0000          0.0000     647175.3837        305.1185 1352000000.0000

INFO:        280          2.8000    1237804.5279     788163.2600     449641.2679          9.3694     148605.4721      -5128.2442          0.0000          0.0000     644686.0321        304.9530 1352000000.0000

INFO:        300          3.0000    1235124.6314     785977.3351     449147.2963          9.3708     148582.9656      -4922.7262          0.0000          0.0000     642317.0956        304.4605 1352000000.0000

INFO:        320          3.2000    1232437.2305     784591.5100     447845.7205          9.3830     149239.1670      -4687.2879          0.0000          0.0000     640039.6309        303.6947 1352000000.0000

INFO:        340          3.4000    1230124.1924     781936.9519     448187.2406          9.3757     148815.8604      -4705.8363          0.0000          0.0000     637826.9278        303.8209 1352000000.0000

INFO:        360          3.6000    1227379.8446     779275.9387     448103.9059          9.3565     148380.7432      -4778.9510          0.0000          0.0000     635674.1465        303.8031 1352000000.0000

INFO:        380          3.8000    1224649.3095     777501.8420     447147.4675          9.3628     148509.7419      -4626.3611          0.0000          0.0000     633618.4612        303.1970 1352000000.0000

INFO:        400          4.0000    1222820.5957     775484.6755     447335.9201          9.3514     148326.2310      -4458.1216          0.0000          0.0000     631616.5661        303.3001 1352000000.0000

INFO:        420          4.2000    1220754.9007     773134.3286     447620.5721          9.3446     147841.5815      -4370.6727          0.0000          0.0000     629663.4198        303.5488 1352000000.0000

INFO:        440          4.4000    1218776.6374     771405.7068     447370.9306          9.3501     148041.4311      -4380.4677          0.0000          0.0000     627744.7433        303.2996 1352000000.0000

INFO:        460          4.6000    1216498.5455     769825.2843     446673.2612          9.3602     148398.1549      -4474.8893          0.0000          0.0000     625902.0187        302.8534 1352000000.0000

INFO:        480          4.8000    1214710.4496     768058.9742     446651.4753          9.3522     148145.4207      -4241.3089          0.0000          0.0000     624154.8625        302.9487 1352000000.0000

INFO:        500          5.0000    1212691.2056     766638.0689     446053.1367          9.3505     148250.0279      -4077.9422          0.0000          0.0000     622465.9833        302.7090 1352000000.0000

INFO:        520          5.2000    1211366.9108     765024.6775     446342.2333          9.3519     148251.5494      -4044.9703          0.0000          0.0000     620818.0985        302.9861 1352000000.0000

INFO:        540          5.4000    1210244.5496     763303.5076     446941.0420          9.3384     147944.1617      -3876.7209          0.0000          0.0000     619236.0668        303.1247 1352000000.0000

INFO:        560          5.6000    1208452.0993     762084.9146     446367.1848          9.3452     148256.0573      -3860.5312          0.0000          0.0000     617689.3885        302.6594 1352000000.0000

INFO:        580          5.8000    1206563.2231     760317.9098     446245.3133          9.3407     148039.8396      -3923.0384          0.0000          0.0000     616201.1086        302.5884 1352000000.0000

INFO:        600          6.0000    1205481.2392     759139.2794     446341.9599          9.3452     148184.4405      -3783.7642          0.0000          0.0000     614738.6031        302.5320 1352000000.0000

INFO:        620          6.2000    1202864.5323     757606.9407     445257.5916          9.3392     148031.8793      -3734.3751          0.0000          0.0000     613309.4364        302.1062 1352000000.0000

INFO:        640          6.4000    1201807.9550     756237.2343     445570.7207          9.3367     147982.9113      -3650.7128          0.0000          0.0000     611905.0358        302.2012 1352000000.0000

INFO:        660          6.6000    1200699.4270     755113.7362     445585.6907          9.3352     148145.9582      -3574.9307          0.0000          0.0000     610542.7087        302.1814 1352000000.0000

INFO:        680          6.8000    1199023.2640     753025.4324     445997.8316          9.3166     147370.0163      -3572.4978          0.0000          0.0000     609227.9139        302.4665 1352000000.0000

INFO:        700          7.0000    1197134.4135     752112.7249     445021.6885          9.3244     147741.9736      -3565.5760          0.0000          0.0000     607936.3273        301.9941 1352000000.0000

INFO:        720          7.2000    1196261.6998     750709.6884     445552.0114          9.3212     147581.5618      -3542.6818          0.0000          0.0000     606670.8084        302.1396 1352000000.0000

INFO:        740          7.4000    1195207.9451     749913.8787     445294.0664          9.3309     147915.1579      -3440.0307          0.0000          0.0000     605438.7515        301.7826 1352000000.0000

INFO:        760          7.6000    1193680.1520     749313.8331     444366.3189          9.3456     148348.3342      -3280.2452          0.0000          0.0000     604245.7441        301.5432 1352000000.0000

INFO:        780          7.8000    1192354.4586     748450.8400     443903.6186          9.3507     148554.7863      -3194.2992          0.0000          0.0000     603090.3529        301.0716 1352000000.0000

INFO:        800          8.0000    1191262.5555     747058.3765     444204.1790          9.3475     148224.7573      -3140.6389          0.0000          0.0000     601974.2581        301.2413 1352000000.0000

INFO:        820          8.2000    1189735.9456     745744.1792     443991.7664          9.3402     148037.7868      -3144.4686          0.0000          0.0000     600850.8610        301.2199 1352000000.0000

INFO:        840          8.4000    1189072.3508     744685.6576     444386.6933          9.3457     148134.3150      -3184.9895          0.0000          0.0000     599736.3321        301.4089 1352000000.0000

INFO:        860          8.6000    1188398.1934     743631.9958     444766.1976          9.3423     148116.3604      -3138.5414          0.0000          0.0000     598654.1768        301.4625 1352000000.0000

INFO:        880          8.8000    1187615.9608     742620.7623     444995.1985          9.3472     148189.6086      -3177.9375          0.0000          0.0000     597609.0913        301.7132 1352000000.0000

INFO:        900          9.0000    1186484.0806     741998.5978     444485.4828          9.3535     148440.7116      -3038.1575          0.0000          0.0000     596596.0438        301.4533 1352000000.0000

INFO:        920          9.2000    1185560.1442     741486.2460     444073.8983          9.3680     148843.7144      -2963.4535          0.0000          0.0000     595605.9851        301.2865 1352000000.0000

INFO:        940          9.4000    1184904.9991     740668.4187     444236.5804          9.3649     148863.4278      -2803.1891          0.0000          0.0000     594608.1800        301.4957 1352000000.0000

INFO:        960          9.6000    1184524.7210     739598.5050     444926.2160          9.3631     148632.8060      -2665.9930          0.0000          0.0000     593631.6921        301.8050 1352000000.0000

INFO:        980          9.8000    1183851.5095     738838.6542     445012.8554          9.3602     148778.5555      -2617.6741          0.0000          0.0000     592677.7727        301.7685 1352000000.0000

INFO:       1000         10.0000    1183360.4516     737787.8323     445572.6193          9.3635     148634.3178      -2586.3248          0.0000          0.0000     591739.8393        302.2842 1352000000.0000

INFO:       1020         10.2000    1181974.5986     736632.3606     445342.2380          9.3493     148434.1508      -2609.4942          0.0000          0.0000     590807.7040        302.1726 1352000000.0000

INFO:       1040         10.4000    1180398.7581     735460.3016     444938.4565          9.3516     148318.2033      -2750.7731          0.0000          0.0000     589892.8714        301.8580 1352000000.0000

INFO:       1060         10.6000    1178787.5726     734475.7618     444311.8108          9.3443     148250.5352      -2769.0741          0.0000          0.0000     588994.3007        301.5187 1352000000.0000

INFO:       1080         10.8000    1178284.0005     733990.0665     444293.9341          9.3553     148458.2451      -2586.4153          0.0000          0.0000     588118.2367        301.4405 1352000000.0000

INFO:       1100         11.0000    1177452.8187     733039.2311     444413.5876          9.3525     148289.3445      -2491.6305          0.0000          0.0000     587241.5171        301.3947 1352000000.0000

INFO:       1120         11.2000    1177361.8828     732198.6730     445163.2098          9.3501     148420.3879      -2599.0946          0.0000          0.0000     586377.3798        301.9371 1352000000.0000

INFO:       1140         11.4000    1176854.7965     731704.7464     445150.0501          9.3619     148685.7692      -2532.7994          0.0000          0.0000     585551.7765        301.9638 1352000000.0000

INFO:       1160         11.6000    1175728.6031     730559.1917     445169.4114          9.3512     148259.1779      -2459.1360          0.0000          0.0000     584759.1498        301.9486 1352000000.0000

INFO:       1180         11.8000    1174734.9351     730090.5422     444644.3929          9.3542     148592.3144      -2484.9933          0.0000          0.0000     583983.2211        301.7205 1352000000.0000

INFO:       1200         12.0000    1173393.7977     729505.9486     443887.8491          9.3629     148763.4317      -2457.1739          0.0000          0.0000     583199.6907        301.0454 1352000000.0000

INFO:       1220         12.2000    1173217.8604     728851.6424     444366.2180          9.3670     148731.5321      -2304.6161          0.0000          0.0000     582424.7264        301.3837 1352000000.0000

INFO:       1240         12.4000    1172443.4406     727925.5557     444517.8848          9.3535     148416.2767      -2174.0936          0.0000          0.0000     581683.3727        301.5449 1352000000.0000

INFO:       1260         12.6000    1171495.0495     726821.8936     444673.1559          9.3415     148070.1636      -2198.3560          0.0000          0.0000     580950.0860        301.6612 1352000000.0000

INFO:       1280         12.8000    1170501.9342     726249.4641     444252.4702          9.3459     148263.6279      -2252.4594          0.0000          0.0000     580238.2956        301.4112 1352000000.0000

INFO:       1300         13.0000    1169787.4074     725597.0079     444190.3995          9.3560     148346.0171      -2253.6174          0.0000          0.0000     579504.6083        301.3852 1352000000.0000

INFO:       1320         13.2000    1168909.9603     725344.9156     443565.0447          9.3631     148786.6118      -2218.0801          0.0000          0.0000     578776.3839        300.9860 1352000000.0000

INFO:       1340         13.4000    1168334.5670     724101.8976     444232.6694          9.3445     148235.7322      -2183.3839          0.0000          0.0000     578049.5493        301.2394 1352000000.0000

INFO:       1360         13.6000    1167566.0595     723633.6961     443932.3634          9.3580     148528.1536      -2230.7253          0.0000          0.0000     577336.2678        301.0946 1352000000.0000

INFO:       1380         13.8000    1167700.9126     723198.5307     444502.3819          9.3715     148929.9415      -2355.4509          0.0000          0.0000     576624.0401        301.5475 1352000000.0000

INFO:       1400         14.0000    1166288.1198     722325.1440     443962.9758          9.3603     148708.2103      -2324.9629          0.0000          0.0000     575941.8967        301.0835 1352000000.0000

INFO:       1420         14.2000    1165560.9623     721570.2969     443990.6654          9.3598     148644.9123      -2358.1227          0.0000          0.0000     575283.5074        301.0801 1352000000.0000

INFO:       1440         14.4000    1165018.4085     720685.6309     444332.7776          9.3493     148312.0189      -2256.6394          0.0000          0.0000     574630.2514        301.4771 1352000000.0000

INFO:       1460         14.6000    1164598.5235     719779.1361     444819.3875          9.3356     147938.2856      -2165.4812          0.0000          0.0000     574006.3317        301.6973 1352000000.0000

INFO:       1480         14.8000    1163792.8609     719231.0801     444561.7808          9.3449     148027.4146      -2163.6275          0.0000          0.0000     573367.2930        301.4827 1352000000.0000

INFO:       1500         15.0000    1163158.8927     719168.3090     443990.5836          9.3669     148486.3430      -2067.0301          0.0000          0.0000     572748.9962        301.0075 1352000000.0000

INFO:       1520         15.2000    1162268.0947     718855.9272     443412.1675          9.3722     148781.7733      -2067.0958          0.0000          0.0000     572141.2497        300.7907 1352000000.0000

INFO:       1540         15.4000    1161904.4069     718104.9471     443799.4597          9.3686     148530.3335      -1976.8366          0.0000          0.0000     571551.4502        301.0619 1352000000.0000

INFO:       1560         15.6000    1161615.7318     717224.9897     444390.7421          9.3604     148247.5394      -1979.5857          0.0000          0.0000     570957.0360        301.4066 1352000000.0000

INFO:       1580         15.8000    1160907.3607     716913.1290     443994.2318          9.3639     148482.5057      -1914.0556          0.0000          0.0000     570344.6788        301.2527 1352000000.0000

INFO:       1600         16.0000    1160480.5308     716580.8236     443899.7073          9.3815     148906.2791      -2084.4136          0.0000          0.0000     569758.9581        301.0916 1352000000.0000

INFO:       1620         16.2000    1160428.1074     715709.6064     444718.5010          9.3609     148605.8831      -2075.8581          0.0000          0.0000     569179.5813        301.7479 1352000000.0000

INFO:       1640         16.4000    1159292.8259     715216.2350     444076.5909          9.3584     148426.7584      -1823.7259          0.0000          0.0000     568613.2025        301.1806 1352000000.0000

INFO:       1660         16.6000    1158735.8404     714905.0042     443830.8362          9.3575     148645.4980      -1786.6840          0.0000          0.0000     568046.1902        301.0064 1352000000.0000

INFO:       1680         16.8000    1158318.9363     714288.0160     444030.9203          9.3583     148580.9475      -1765.8238          0.0000          0.0000     567472.8923        301.2225 1352000000.0000

INFO:       1700         17.0000    1158122.3986     713770.0999     444352.2987          9.3673     148729.6350      -1861.7050          0.0000          0.0000     566902.1699        301.2659 1352000000.0000

INFO:       1720         17.2000    1156731.3776     713123.0238     443608.3539          9.3621     148754.5255      -1959.7285          0.0000          0.0000     566328.2268        300.9735 1352000000.0000

INFO:       1740         17.4000    1156522.1834     712197.4840     444324.6995          9.3524     148406.9966      -1982.6043          0.0000          0.0000     565773.0916        301.5253 1352000000.0000

INFO:       1760         17.6000    1156841.6973     712020.7284     444820.9689          9.3558     148670.8432      -1878.7558          0.0000          0.0000     565228.6409        301.7201 1352000000.0000

INFO:       1780         17.8000    1156048.9443     711428.0314     444620.9129          9.3509     148539.1292      -1785.7624          0.0000          0.0000     564674.6646        301.5182 1352000000.0000

INFO:       1800         18.0000    1155247.0619     710871.6029     444375.4590          9.3535     148558.0591      -1820.9429          0.0000          0.0000     564134.4867        301.4766 1352000000.0000

INFO:       1820         18.2000    1154672.1929     710770.9381     443901.2548          9.3731     148964.0720      -1791.5272          0.0000          0.0000     563598.3934        301.1218 1352000000.0000

INFO:       1840         18.4000    1154054.3334     709927.1178     444127.2156          9.3605     148614.9321      -1746.6318          0.0000          0.0000     563058.8176        301.2234 1352000000.0000

INFO:       1860         18.6000    1153921.3868     709198.5911     444722.7957          9.3491     148480.8329      -1802.9008          0.0000          0.0000     562520.6590        301.7428 1352000000.0000

INFO:       1880         18.8000    1153211.3592     708989.0208     444222.3384          9.3625     148788.6149      -1802.1830          0.0000          0.0000     562002.5890        301.3393 1352000000.0000

INFO:       1900         19.0000    1152741.7524     708548.3337     444193.4188          9.3647     148827.2578      -1775.9098          0.0000          0.0000     561496.9857        301.2433 1352000000.0000

INFO:       1920         19.2000    1152096.6401     707782.6240     444314.0162          9.3556     148565.1229      -1797.4384          0.0000          0.0000     561014.9394        301.3911 1352000000.0000

INFO:       1940         19.4000    1151068.2134     707426.1784     443642.0350          9.3455     148579.4568      -1712.2020          0.0000          0.0000     560558.9236        300.9762 1352000000.0000

INFO:       1960         19.6000    1150466.4901     706621.0591     443845.4310          9.3438     148343.5366      -1791.4428          0.0000          0.0000     560068.9653        300.9815 1352000000.0000

INFO:       1980         19.8000    1150021.1141     706501.8397     443519.2743          9.3602     148672.6518      -1761.7048          0.0000          0.0000     559590.8927        300.8627 1352000000.0000

INFO:       2000         20.0000    1150243.5121     706480.1735     443763.3386          9.3660     149057.7817      -1688.8533          0.0000          0.0000     559111.2450        301.0227 1352000000.0000

 
[STEP6] Deallocate Arrays
 
Output_Time> Averaged timer profile (Min, Max)
  total time      =      36.564
    setup         =       2.814
    dynamics      =      33.749
      energy      =      29.617
      integrator  =       3.475
      migration   =       0.129
      pairlist    =       0.437 (       0.237,       0.632)
  energy           
    bond          =       0.275 (       0.162,       0.450)
    angle         =       0.011 (       0.010,       0.013)
    dihedral      =       0.010 (       0.009,       0.012)
    base stacking =       0.000 (       0.000,       0.000)
    nonbond       =      17.944 (       9.263,      28.258)
      CG exv      =       0.033 (       0.021,       0.045)
      CG DNA bp   =       0.000 (       0.000,       0.000)
      CG DNA exv  =       0.000 (       0.000,       0.000)
      CG ele      =      14.510 (       7.416,      23.020)
      CG PWMcos   =       0.000 (       0.000,       0.000)
      CG PWMcosns =       0.000 (       0.000,       0.000)
      CG IDR-HPS  =       3.396 (       1.818,       5.191)
      CG IDR-KH   =       0.000 (       0.000,       0.000)
      CG KH       =       0.000 (       0.000,       0.000)
      Contact     =       0.003 (       0.003,       0.004)
      pme real    =       0.000 (       0.000,       0.000)
      pme recip   =       0.000 (       0.000,       0.000)
    solvation     =       0.000 (       0.000,       0.000)
      polar       =       0.000 (       0.000,       0.000)
      non-polar   =       0.000 (       0.000,       0.000)
    restraint     =       0.000 (       0.000,       0.000)
    qmmm          =       0.000 (       0.000,       0.000)
    morph         =       0.000 (       0.000,       0.000)
  integrator       
    constraint    =       0.000 (       0.000,       0.000)
    update        =       0.000 (       0.000,       0.000)
    comm_coord    =       1.160 (       0.341,       2.137)
    comm_force    =       0.433 (       0.402,       0.470)
  migration       =       0.129 (       0.129,       0.129)
    comm_migrate  =       0.014 (       0.009,       0.020)
    ptl_migrate   =       0.008 (       0.005,       0.012)
    bond_migrate  =       0.002 (       0.001,       0.002)
    angl_migrate  =       0.001 (       0.001,       0.001)
    dihe_migrate  =       0.001 (       0.000,       0.001)
    contact_migr  =       0.000 (       0.000,       0.000)
    stack_migrate =       0.000 (       0.000,       0.000)
    pwmcos_migrate =       0.000 (       0.000,       0.000)
    pwmcosns_migr  =       0.000 (       0.000,       0.000)
    nonb_update    =       0.108 (       0.056,       0.153)

