****************************************************
*                                                  *
*                  GENESIS CGDYN                   *
*                                                  *
*        A Molecular Dynamics Simulator with       *
*           Spatial Decomposition Scheme           *
*                                                  *
*               Developed by RIKEN                 *
*                                                  *
****************************************************
 
[STEP0] Architecture and Compiler Information
 
GENESIS_Information> GENESIS Information
  version      = 2.0.0
  commit ID    = $GENESIS_VERSION$
  precision    = mixed 
  nonbonding   = CPU

Build_Information> Compiler Information
  build host   = jjwsmj@hokusai2
  fortran      = ifort (IFORT) 2021.7.1 20221019
  option       = 
  -axCORE-AVX512 -g -O3  -qmkl=parallel  -assume byterecl -qopenmp  
  C            = 
 icc: remark #10441: The Intel(R) C++ Compiler Classic (ICC) is deprecated and w
 ill be removed from product release in the second half of 2023. The Intel(R) on
 eAPI DPC++/C++ Compiler (ICX) is the recommended compiler moving forward. Pleas
 e transition to use this compiler. Use '-diag-disable=10441' to disable this me
 ssage.
  option       = -O3 -ip -axCORE-AVX2  -qopenmp 
  defined var. = 
  -DHAVE_MPI_GENESIS -DOMP -DIFORT19 -DFFTE -DLAPACK -DDSFMT_MEXP=19937 -DINTEL
  link option  = 
  -assume byterecl -lgfortran -qopenmp  -lmkl_intel_lp64 -lmkl_sequential -lmkl_
 core -lmkl_lapack95_lp64   
  MPI Compiler = Intel(R) MPI

Runtime_Information> Machine and Library Information
  date       = 2023/05/12 14:36:20
  cpu model    = Intel(R) Xeon(R) Gold 6148 CPU @ 2.40GHz
  exec. host   = jjwsmj@bwmpc0468
  LD library   = 
 /bwfefs/opt/x86_64/intel/oneapi/2022.3/mpi/2021.7.1/libfabric/lib:/bwfefs/opt/x
 86_64/intel/oneapi/2022.3/mpi/2021.7.1/lib/release:/bwfefs/opt/x86_64/intel/one
 api/2022.3/mpi/2021.7.1/lib:/bwfefs/opt/x86_64/intel/oneapi/2022.3/tbb/2021.7.1
 /lib/intel64/gcc4.8:/usr/lib64:/bwfefs/opt/x86_64/intel/oneapi/2022.3/vpl/2022.
 2.5/lib:/bwfefs/opt/x86_64/intel/oneapi/2022.3/mkl/latest/lib/intel64:/bwfefs/o
 pt/x86_64/intel/oneapi/2022.3/itac/2021.7.1/slib:/bwfefs/opt/x86_64/intel/oneap
 i/2022.3/ippcp/2021.6.2/lib/intel64:/bwfefs/opt/x86_64/intel/oneapi/2022.3/ipp/
 2021.6.2/lib/intel64:/bwfefs/opt/x86_64/intel/oneapi/2022.3/dnnl/2022.2.1/cpu_d
 pcpp_gpu_dpcpp/lib:/bwfefs/opt/x86_64/intel/oneapi/2022.3/dal/2021.7.1/lib/inte
 l64:/bwfefs/opt/x86_64/intel/oneapi/2022.3/compiler/2022.2.1/linux/compiler/lib
 :/bwfefs/opt/x86_64/intel/oneapi/2022.3/compiler/2022.2.1/linux/lib/oclfpga/hos
 t/linux64/lib:/bwfefs/opt/x86_64/intel/oneapi/2022.3/compiler/2022.2.1/linux/li
 b/oclfpga/linux64/lib:/bwfefs/opt/x86_64/intel/oneapi/2022.3/compiler/2022.2.1/
 linux/lib:/bwfefs/opt/x86_64/intel/oneapi/2022.3/compiler/2022.2.1/linux/lib/x6
 4:/bwfefs/opt/x86_64/intel/oneapi/2022.3/compiler/2022.2.1/linux/lib/emu:/bwfef
 s/opt/x86_64/intel/oneapi/2022.3/compiler/2022.2.1/linux/compiler/lib/intel64_l
 in:/bwfefs/opt/x86_64/intel/oneapi/2022.3/debugger/2021.7.1/dep/lib:/bwfefs/opt
 /x86_64/intel/oneapi/2022.3/debugger/2021.7.1/libipt/intel64/lib:/bwfefs/opt/x8
 6_64/intel/oneapi/2022.3/debugger/2021.7.1/gdb/intel64/lib:/bwfefs/opt/x86_64/
 MPI Runtime = Intel(R) MPI Library 2021.7 for Linux* OS


[STEP1] Read Control Parameters
 
Read_Ctrl_Input> Input Files
  grotopfile = pro.top
  grocrdfile = crd/pos_5000.gro
 
Read_Ctrl_Output> Output Files
 
Read_Ctrl_Energy> Parameters of Energy Calculations
  forcefield      =    RESIDCG
  output_style    =    GENESIS
 
Read_Ctrl_Dynamics> Parameters of MD simulation
  integrator      =       VVER  nsteps          =       2000
  timestep        =     0.0100  initial_time    =     0.0000
  eneout_period   =         20  rstout_period   =          0
  crdout_period   =          0  velout_period   =          0
  nbupdate_period =         20  stoptr_period   =         10
  lbupdate_period =          0
  iseed           =         -1
  annealing       =         no
  verbose         =         no
  target_md       =         no
  steered_md      =         no
 
Read_Ctrl_Ensemble> Parameters for Ensemble
  ensemble        =        NVT
  temperature     =    300.000
  tpcontrol       =   LANGEVIN
  gamma_t         =      1.000
 
Read_Ctrl_Boundary> Parameters of Boundary Condition
  type            =       PBC 
  box_size(x,y,z) =   3200.000   650.000   650.000
  min_domain_cell =          2
  domain (x,y,z)  =          8         4         2
 
Read_Ctrl_Selection> Parameters of Selection
  # of groups     =          0
  # of mole names =          0
 
Read_Ctrl_Restraints> No restraint in the system

Read_Ctrl_Fitting_MD> Parameters of Fitting
  fitting method  =  TR+ROT   
  fitting atom    = group1
  mass_weight     =         no
 
[STEP2] Setup MPI
 
Setup_Mpi_Md> Summary of Setup MPI
  number of MPI processes   =         64
  number of OpenMP threads  =          5
  total number of CPU cores =        320

[STEP3] Set Relevant Variables and Structures
 
Read_Grotop> Summary of Grotopfile
  num_moltypes    =          1
    pos100_cg             :
      num_atoms   =        100
      num_bonds   =         99
      num_angls   =          0
      num_dihes   =          0
      num_cmaps   =          0
      num_excls   =          0
      num_constrs =          0
      num_pairs   =          0
      num_vsites2 =          0
      num_vsites3 =          0
      num_vsites4 =          0
      num_vsitesn =          0
      num_posress =          0
      num_PWMcos  =          0
      num_PWMcosns=          0
      num_IDR_HPS =          1
      num_IDR_KH  =          0
    .. not used molecule types were hidden.

  num_molecules   =       5000
    pos100_cg             :  5000

  num_atomtypes   =         33  num_bondtypes   =          0
  num_angltypes   =          0  num_dihetypes   =          0
  num_flangltypes           20
  num_fldihetypes          400
  num_constrtypes =          0  num_cmaptypes   =          0
  num_nbonparms   =          0
  num_basestacktypes  =     16
  num_basepairtypes   =      4
  num_basecrosstypes  =     32
  num_cgdnaexvtypes   =      6
  num_cgelemolpairs   =      1
  num_cg_IDR_HPS_atomtypes  =     20
  num_cg_KH_atomtypes  =    20

  num_cg_pair_MJ_eps   =   400

Define_Molecule> Summary of molecules
  num_atoms       =     500000  num_bonds       =     495000
  num_angles      =          0  num_dihedrals   =          0
  num_impropers   =          0  num_cmap_terms  =          0
  num_residues    =     500000  num_molecules   =       5000
  num_segments    =          1  num_deg_freedom =    1500000
  total_charge    = 500000.000
 
Setup_Boundary_Cell> Set Variables for Boundary Condition
  domains (x,y,z) =          8         4         2
  ncells (x,y,z)  =        112        22        22
 
Define_Enefunc_Gromacs> Number of Interactions in Each Term
  bond_ene        =     495000  angle_ene       =          0
  torsion_ene     =          0
 restraint_groups =          0 restraint_funcs  =          0
 
Setup_Dynamics> Subtract 3 translational degrees of freedom
 
Update_Num_Deg_Freedom> Number of degrees of freedom was updated
  num_deg_freedom =    1499997 (After removing translation)
 
Random_Init> Initialize the random number
  seed            = 491674

Setup_Fitting_cgdyn> NO fitting is applied, skip
  fitting method  =  NO
 
[STEP4] Compute Single Point Energy for Molecules
 
            STEP          ENERGY            BOND  NATIVE_CONTACT NON-NATIVE_CONT           ELECT         IDR_HPS          CG_EXV
 --------------- --------------- --------------- --------------- ---------------
               0     853903.1851     170691.3716          0.0000          0.0000     681472.2486       1739.5649          0.0000

[STEP5] Perform Molecular Dynamics Simulation
 
Initial_Velocity> Generate initial velocities
  iseed           =     491674
  temperature     =    300.000
 
Random_Init_Velocity> Initialize the random number
  seed            = 491674

INFO:       STEP            TIME       TOTAL_ENE   POTENTIAL_ENE     KINETIC_ENE            RMSG            BOND         IDR_HPS  NATIVE_CONTACT          CG_EXV           ELECT     TEMPERATURE          VOLUME
 --------------- --------------- --------------- --------------- ---------------
INFO:          0          0.0000    1301423.1687     853903.1851     447519.9836         10.1780     170691.3716       1739.5649          0.0000          0.0000     681472.2486          0.0000 1352000000.0000

INFO:         20          0.2000    1296216.2122     842225.3272     453990.8850          9.8468     160911.9657        590.7085          0.0000          0.0000     680722.6530        307.9251 1352000000.0000

INFO:         40          0.4000    1290836.9936     836206.5276     454630.4661          9.7278     158094.5244       -797.8323          0.0000          0.0000     678909.8354        308.4796 1352000000.0000

INFO:         60          0.6000    1285419.6150     830295.3904     455124.2245          9.6530     156199.5135      -2313.2943          0.0000          0.0000     676409.1712        308.9289 1352000000.0000

INFO:         80          0.8000    1280033.7376     824143.6402     455890.0974          9.5872     154245.6744      -3604.0543          0.0000          0.0000     673502.0201        309.1296 1352000000.0000

INFO:        100          1.0000    1273763.2449     819129.7580     454633.4869          9.5431     152942.6040      -4241.2811          0.0000          0.0000     670428.4351        308.2973 1352000000.0000

INFO:        120          1.2000    1268560.5186     814936.9687     453623.5499          9.5127     152286.4195      -4663.2140          0.0000          0.0000     667313.7633        307.7646 1352000000.0000

INFO:        140          1.4000    1264477.4242     810741.5581     453735.8661          9.4848     151515.4889      -4991.9684          0.0000          0.0000     664218.0377        307.6344 1352000000.0000

INFO:        160          1.6000    1259761.0246     806952.7567     452808.2679          9.4653     150974.1660      -5184.7446          0.0000          0.0000     661163.3354        306.9708 1352000000.0000

INFO:        180          1.8000    1255887.2193     803427.6052     452459.6141          9.4453     150487.2151      -5248.4045          0.0000          0.0000     658188.7945        306.7776 1352000000.0000

INFO:        200          2.0000    1252212.0057     800341.3507     451870.6551          9.4427     150376.4214      -5323.6738          0.0000          0.0000     655288.6031        306.6294 1352000000.0000

INFO:        220          2.2000    1247801.6043     797187.6775     450613.9268          9.4276     150175.8016      -5465.1966          0.0000          0.0000     652477.0725        305.7133 1352000000.0000

INFO:        240          2.4000    1244310.3491     794051.2140     450259.1351          9.4186     149776.4698      -5466.9855          0.0000          0.0000     649741.7297        305.1795 1352000000.0000

INFO:        260          2.6000    1240855.0808     790840.3596     450014.7213          9.3910     149108.3436      -5393.1603          0.0000          0.0000     647125.1763        305.1828 1352000000.0000

INFO:        280          2.8000    1238079.9188     788293.3924     449786.5264          9.3817     149046.3040      -5386.4504          0.0000          0.0000     644633.5388        304.9814 1352000000.0000

INFO:        300          3.0000    1235177.7078     786359.7432     448817.9646          9.3809     149212.2323      -5077.7282          0.0000          0.0000     642225.2391        304.3370 1352000000.0000

INFO:        320          3.2000    1231873.0240     783531.6650     448341.3590          9.3707     148596.8597      -4961.7219          0.0000          0.0000     639896.5272        304.0586 1352000000.0000

INFO:        340          3.4000    1230015.0411     782033.1340     447981.9071          9.3885     149208.0237      -4807.9779          0.0000          0.0000     637633.0882        303.9026 1352000000.0000

INFO:        360          3.6000    1227235.1564     779214.0934     448021.0630          9.3673     148501.1284      -4722.7103          0.0000          0.0000     635435.6753        303.7798 1352000000.0000

INFO:        380          3.8000    1225224.2607     777661.1548     447563.1058          9.3882     149157.6886      -4793.3494          0.0000          0.0000     633296.8156        303.5295 1352000000.0000

INFO:        400          4.0000    1223016.2433     774626.6517     448389.5915          9.3566     148030.8362      -4659.5646          0.0000          0.0000     631255.3802        303.9836 1352000000.0000

INFO:        420          4.2000    1220404.6635     773501.9859     446902.6776          9.3751     148694.1499      -4490.9295          0.0000          0.0000     629298.7655        303.2613 1352000000.0000

INFO:        440          4.4000    1219344.1187     771607.8699     447736.2489          9.3602     148518.7830      -4321.3582          0.0000          0.0000     627410.4451        303.7153 1352000000.0000

INFO:        460          4.6000    1217689.5069     770206.4904     447483.0165          9.3791     148924.4906      -4302.8718          0.0000          0.0000     625584.8715        303.4356 1352000000.0000

INFO:        480          4.8000    1215788.9505     767955.5247     447833.4258          9.3564     148331.1725      -4207.2352          0.0000          0.0000     623831.5875        303.7130 1352000000.0000

INFO:        500          5.0000    1213679.8342     766663.1737     447016.6606          9.3555     148576.9916      -4047.1813          0.0000          0.0000     622133.3633        303.1989 1352000000.0000

INFO:        520          5.2000    1211424.7270     764561.8826     446862.8444          9.3390     147851.2641      -3802.7319          0.0000          0.0000     620513.3504        302.9778 1352000000.0000

INFO:        540          5.4000    1209815.0948     763442.1563     446372.9385          9.3489     148143.5725      -3621.7581          0.0000          0.0000     618920.3419        302.8499 1352000000.0000

INFO:        560          5.6000    1207900.9928     761990.8278     445910.1650          9.3450     148237.7444      -3601.4546          0.0000          0.0000     617354.5379        302.3930 1352000000.0000

INFO:        580          5.8000    1206710.8232     760147.4758     446563.3474          9.3428     148045.8434      -3726.9146          0.0000          0.0000     615828.5470        302.8454 1352000000.0000

INFO:        600          6.0000    1205022.1728     758898.5439     446123.6289          9.3579     148574.9193      -3999.0988          0.0000          0.0000     614322.7234        302.6589 1352000000.0000

INFO:        620          6.2000    1203988.1716     757064.1112     446924.0605          9.3486     148058.8899      -3906.6792          0.0000          0.0000     612911.9005        303.1257 1352000000.0000

INFO:        640          6.4000    1203244.8947     756847.8141     446397.0806          9.3693     148857.4358      -3532.3086          0.0000          0.0000     611522.6869        302.7058 1352000000.0000

INFO:        660          6.6000    1201704.8513     755237.6748     446467.1765          9.3542     148319.5321      -3270.5293          0.0000          0.0000     610188.6720        302.7826 1352000000.0000

INFO:        680          6.8000    1200637.0537     754096.2908     446540.7629          9.3551     148425.0839      -3186.5941          0.0000          0.0000     608857.8010        302.8870 1352000000.0000

INFO:        700          7.0000    1198621.8241     752894.3221     445727.5021          9.3527     148418.2074      -3080.9845          0.0000          0.0000     607557.0992        302.3375 1352000000.0000

INFO:        720          7.2000    1197670.8745     752146.7459     445524.1285          9.3651     148950.9018      -3094.4588          0.0000          0.0000     606290.3030        302.0964 1352000000.0000

INFO:        740          7.4000    1195518.4577     749916.5209     445601.9368          9.3494     148086.1643      -3227.6595          0.0000          0.0000     605058.0161        302.2593 1352000000.0000

INFO:        760          7.6000    1193888.7640     748558.1610     445330.6030          9.3421     148053.1195      -3328.7275          0.0000          0.0000     603833.7690        302.2699 1352000000.0000

INFO:        780          7.8000    1193707.4055     748123.2952     445584.1103          9.3650     148700.0586      -3228.4669          0.0000          0.0000     602651.7035        302.3109 1352000000.0000

INFO:        800          8.0000    1191702.1994     746828.8190     444873.3804          9.3602     148458.4501      -3111.9603          0.0000          0.0000     601482.3291        301.6739 1352000000.0000

INFO:        820          8.2000    1190876.1577     745333.6152     445542.5426          9.3540     148114.1949      -3151.4363          0.0000          0.0000     600370.8565        302.2707 1352000000.0000

INFO:        840          8.4000    1189721.9511     744759.3957     444962.5554          9.3689     148677.5375      -3209.9028          0.0000          0.0000     599291.7611        301.9280 1352000000.0000

INFO:        860          8.6000    1188764.6762     743657.9707     445106.7055          9.3659     148501.7376      -3085.5197          0.0000          0.0000     598241.7528        301.9411 1352000000.0000

INFO:        880          8.8000    1188099.8575     743003.3017     445096.5558          9.3784     148919.7075      -3116.9802          0.0000          0.0000     597200.5744        301.9026 1352000000.0000

INFO:        900          9.0000    1186593.8748     741443.8219     445150.0529          9.3469     148199.4548      -2967.8575          0.0000          0.0000     596212.2246        301.8733 1352000000.0000

INFO:        920          9.2000    1185220.3120     740421.0213     444799.2907          9.3463     148061.9854      -2876.0742          0.0000          0.0000     595235.1100        301.8082 1352000000.0000

INFO:        940          9.4000    1183514.5007     739603.8193     443910.6813          9.3508     148155.0771      -2818.4195          0.0000          0.0000     594267.1618        300.9789 1352000000.0000

INFO:        960          9.6000    1182425.8100     738632.8827     443792.9273          9.3508     148095.9543      -2753.0976          0.0000          0.0000     593290.0260        300.9160 1352000000.0000

INFO:        980          9.8000    1181596.8105     737956.7618     443640.0488          9.3551     148244.0693      -2592.0523          0.0000          0.0000     592304.7448        300.9224 1352000000.0000

INFO:       1000         10.0000    1180587.3799     736434.3483     444153.0317          9.3448     147770.3149      -2656.0685          0.0000          0.0000     591320.1018        301.2676 1352000000.0000

INFO:       1020         10.2000    1180086.7464     735335.8227     444750.9236          9.3346     147698.2410      -2700.4105          0.0000          0.0000     590337.9922        301.8003 1352000000.0000

INFO:       1040         10.4000    1178642.5092     734391.7613     444250.7479          9.3488     147899.6937      -2902.7065          0.0000          0.0000     589394.7740        301.4589 1352000000.0000

INFO:       1060         10.6000    1177849.6220     733515.1651     444334.4569          9.3470     148083.1644      -3036.1723          0.0000          0.0000     588468.1730        301.2837 1352000000.0000

INFO:       1080         10.8000    1177365.5087     733273.7783     444091.7303          9.3615     148500.3918      -2804.5058          0.0000          0.0000     587577.8923        301.1514 1352000000.0000

INFO:       1100         11.0000    1175887.1712     732233.9746     443653.1965          9.3597     148210.9390      -2714.3778          0.0000          0.0000     586737.4134        300.9832 1352000000.0000

INFO:       1120         11.2000    1175902.8769     731462.8747     444440.0023          9.3558     148199.6591      -2642.4393          0.0000          0.0000     585905.6549        301.5897 1352000000.0000

INFO:       1140         11.4000    1175572.5320     730889.7014     444682.8306          9.3577     148398.9299      -2595.9120          0.0000          0.0000     585086.6835        301.5401 1352000000.0000

INFO:       1160         11.6000    1173996.7308     730174.8131     443821.9177          9.3590     148395.4026      -2525.5424          0.0000          0.0000     584304.9528        300.9498 1352000000.0000

INFO:       1180         11.8000    1174174.0902     729435.0718     444739.0184          9.3547     148479.9271      -2562.9264          0.0000          0.0000     583518.0711        301.5374 1352000000.0000

INFO:       1200         12.0000    1172592.9598     728555.4406     444037.5191          9.3439     148244.8002      -2450.1775          0.0000          0.0000     582760.8180        301.1673 1352000000.0000

INFO:       1220         12.2000    1171533.8430     727459.5439     444074.2991          9.3417     147952.8956      -2503.6835          0.0000          0.0000     582010.3318        301.0309 1352000000.0000

INFO:       1240         12.4000    1171120.1902     727222.7790     443897.4112          9.3530     148423.6034      -2455.9483          0.0000          0.0000     581255.1240        300.9170 1352000000.0000

INFO:       1260         12.6000    1170029.8018     725894.1562     444135.6456          9.3375     147694.0742      -2314.5009          0.0000          0.0000     580514.5830        301.2174 1352000000.0000

INFO:       1280         12.8000    1169399.3911     725693.7080     443705.6832          9.3423     148084.9503      -2157.8473          0.0000          0.0000     579766.6050        301.0454 1352000000.0000

INFO:       1300         13.0000    1168635.8250     724397.6430     444238.1820          9.3289     147661.0413      -2308.6862          0.0000          0.0000     579045.2879        301.4263 1352000000.0000

INFO:       1320         13.2000    1167782.5413     724191.5191     443591.0222          9.3503     148195.4204      -2326.6938          0.0000          0.0000     578322.7925        300.9156 1352000000.0000

INFO:       1340         13.4000    1166890.8595     723517.9054     443372.9541          9.3588     148319.2029      -2405.7833          0.0000          0.0000     577604.4857        300.7750 1352000000.0000

INFO:       1360         13.6000    1166845.9192     723235.1696     443610.7496          9.3620     148551.4980      -2237.0568          0.0000          0.0000     576920.7283        300.9019 1352000000.0000

INFO:       1380         13.8000    1166124.5257     722273.2598     443851.2659          9.3575     148305.6591      -2294.6927          0.0000          0.0000     576262.2935        301.0863 1352000000.0000

INFO:       1400         14.0000    1165488.4463     721869.4905     443618.9558          9.3618     148528.7955      -2295.0721          0.0000          0.0000     575635.7671        300.9088 1352000000.0000

INFO:       1420         14.2000    1164952.9789     721134.7324     443818.2465          9.3482     148160.7155      -2064.5092          0.0000          0.0000     575038.5262        301.2124 1352000000.0000

INFO:       1440         14.4000    1165169.0740     721184.6223     443984.4517          9.3651     148740.8540      -1981.0994          0.0000          0.0000     574424.8676        301.0667 1352000000.0000

INFO:       1460         14.6000    1164378.3121     719661.1479     444717.1643          9.3386     148019.4333      -2139.9545          0.0000          0.0000     573781.6691        301.6890 1352000000.0000

INFO:       1480         14.8000    1163954.6294     719173.0358     444781.5936          9.3500     148299.6110      -2243.3326          0.0000          0.0000     573116.7574        301.7390 1352000000.0000

INFO:       1500         15.0000    1162795.2972     718645.6522     444149.6450          9.3526     148330.4498      -2167.4307          0.0000          0.0000     572482.6331        301.2341 1352000000.0000

INFO:       1520         15.2000    1161850.0626     717836.9029     444013.1597          9.3517     148112.8246      -2152.0373          0.0000          0.0000     571876.1155        301.0970 1352000000.0000

INFO:       1540         15.4000    1161326.0346     717748.2337     443577.8009          9.3642     148617.8772      -2153.4088          0.0000          0.0000     571283.7654        301.0229 1352000000.0000

INFO:       1560         15.6000    1160616.3396     717236.1649     443380.1747          9.3620     148697.5005      -2163.2990          0.0000          0.0000     570701.9634        300.8320 1352000000.0000

INFO:       1580         15.8000    1160288.2596     716372.4311     443915.8285          9.3471     148232.3356      -1996.8187          0.0000          0.0000     570136.9142        301.2995 1352000000.0000

INFO:       1600         16.0000    1159550.0889     716536.9302     443013.1587          9.3628     148737.4296      -1768.0847          0.0000          0.0000     569567.5853        300.5675 1352000000.0000

INFO:       1620         16.2000    1159461.7739     715748.4792     443713.2947          9.3597     148478.7427      -1720.1123          0.0000          0.0000     568989.8488        301.0276 1352000000.0000

INFO:       1640         16.4000    1158878.8681     714815.6409     444063.2272          9.3565     148438.5443      -2001.7636          0.0000          0.0000     568378.8603        301.3080 1352000000.0000

INFO:       1660         16.6000    1157576.0120     713845.2851     443730.7268          9.3455     148057.1191      -2011.2280          0.0000          0.0000     567799.3940        301.0279 1352000000.0000

INFO:       1680         16.8000    1157137.9006     713258.5496     443879.3510          9.3404     147861.6504      -1839.8919          0.0000          0.0000     567236.7911        301.0910 1352000000.0000

INFO:       1700         17.0000    1156342.1243     712640.3684     443701.7559          9.3349     147709.7177      -1762.1139          0.0000          0.0000     566692.7647        300.9345 1352000000.0000

INFO:       1720         17.2000    1155735.8606     712279.5455     443456.3152          9.3400     147985.8904      -1861.2138          0.0000          0.0000     566154.8689        300.8644 1352000000.0000

INFO:       1740         17.4000    1155623.4397     711835.8723     443787.5674          9.3478     148055.2187      -1833.7604          0.0000          0.0000     565614.4140        301.0632 1352000000.0000

INFO:       1760         17.6000    1154978.5389     711789.8681     443188.6709          9.3500     148562.7345      -1846.4414          0.0000          0.0000     565073.5750        300.6131 1352000000.0000

INFO:       1780         17.8000    1154357.9144     710933.4026     443424.5118          9.3416     148198.3080      -1801.9809          0.0000          0.0000     564537.0755        300.6859 1352000000.0000

INFO:       1800         18.0000    1153634.9363     710364.2245     443270.7117          9.3374     148257.6259      -1887.8538          0.0000          0.0000     563994.4523        300.6959 1352000000.0000

INFO:       1820         18.2000    1153504.8908     709820.8506     443684.0402          9.3351     148190.0690      -1832.4372          0.0000          0.0000     563463.2188        300.9872 1352000000.0000

INFO:       1840         18.4000    1153513.2129     709644.2673     443868.9455          9.3455     148525.3360      -1809.6856          0.0000          0.0000     562928.6169        301.0927 1352000000.0000

INFO:       1860         18.6000    1152814.2832     708985.5627     443828.7206          9.3430     148562.3378      -1975.8706          0.0000          0.0000     562399.0955        301.1310 1352000000.0000

INFO:       1880         18.8000    1152323.9393     707864.7062     444459.2331          9.3385     148029.2838      -2048.9408          0.0000          0.0000     561884.3632        301.5152 1352000000.0000

INFO:       1900         19.0000    1151951.3116     707821.2043     444130.1074          9.3476     148494.5820      -2049.5662          0.0000          0.0000     561376.1885        301.1676 1352000000.0000

INFO:       1920         19.2000    1151547.6073     707650.0905     443897.5167          9.3514     148631.6131      -1895.5268          0.0000          0.0000     560914.0043        301.1303 1352000000.0000

INFO:       1940         19.4000    1150450.6030     707209.3762     443241.2268          9.3458     148518.6614      -1771.7892          0.0000          0.0000     560462.5039        300.7906 1352000000.0000

INFO:       1960         19.6000    1149729.8300     706662.4184     443067.4116          9.3387     148423.3958      -1768.7798          0.0000          0.0000     560007.8023        300.6040 1352000000.0000

INFO:       1980         19.8000    1149107.8299     706101.5209     443006.3090          9.3444     148285.4202      -1731.7782          0.0000          0.0000     559547.8789        300.5766 1352000000.0000

INFO:       2000         20.0000    1148877.4372     705673.9292     443203.5080          9.3498     148440.7086      -1858.7188          0.0000          0.0000     559091.9393        300.7010 1352000000.0000

 
[STEP6] Deallocate Arrays
 
Output_Time> Averaged timer profile (Min, Max)
  total time      =      36.307
    setup         =       2.881
    dynamics      =      33.426
      energy      =      29.238
      integrator  =       3.496
      migration   =       0.139
      pairlist    =       0.457 (       0.246,       0.657)
  energy           
    bond          =       0.271 (       0.165,       0.452)
    angle         =       0.011 (       0.010,       0.014)
    dihedral      =       0.010 (       0.009,       0.013)
    base stacking =       0.000 (       0.000,       0.000)
    nonbond       =      18.096 (       9.387,      27.870)
      CG exv      =       0.033 (       0.021,       0.045)
      CG DNA bp   =       0.000 (       0.000,       0.000)
      CG DNA exv  =       0.000 (       0.000,       0.000)
      CG ele      =      14.670 (       7.512,      22.744)
      CG PWMcos   =       0.000 (       0.000,       0.000)
      CG PWMcosns =       0.000 (       0.000,       0.000)
      CG IDR-HPS  =       3.389 (       1.840,       5.079)
      CG IDR-KH   =       0.000 (       0.000,       0.000)
      CG KH       =       0.000 (       0.000,       0.000)
      Contact     =       0.003 (       0.003,       0.004)
      pme real    =       0.000 (       0.000,       0.000)
      pme recip   =       0.000 (       0.000,       0.000)
    solvation     =       0.000 (       0.000,       0.000)
      polar       =       0.000 (       0.000,       0.000)
      non-polar   =       0.000 (       0.000,       0.000)
    restraint     =       0.000 (       0.000,       0.000)
    qmmm          =       0.000 (       0.000,       0.000)
    morph         =       0.000 (       0.000,       0.000)
  integrator       
    constraint    =       0.000 (       0.000,       0.000)
    update        =       0.000 (       0.000,       0.000)
    comm_coord    =       1.173 (       0.350,       2.136)
    comm_force    =       0.441 (       0.407,       0.477)
  migration       =       0.139 (       0.139,       0.139)
    comm_migrate  =       0.015 (       0.009,       0.020)
    ptl_migrate   =       0.009 (       0.006,       0.013)
    bond_migrate  =       0.002 (       0.001,       0.002)
    angl_migrate  =       0.001 (       0.001,       0.001)
    dihe_migrate  =       0.001 (       0.000,       0.001)
    contact_migr  =       0.000 (       0.000,       0.000)
    stack_migrate =       0.000 (       0.000,       0.000)
    pwmcos_migrate =       0.000 (       0.000,       0.000)
    pwmcosns_migr  =       0.000 (       0.000,       0.000)
    nonb_update    =       0.113 (       0.059,       0.159)

