****************************************************
*                                                  *
*                  GENESIS CGDYN                   *
*                                                  *
*        A Molecular Dynamics Simulator with       *
*           Spatial Decomposition Scheme           *
*                                                  *
*               Developed by RIKEN                 *
*                                                  *
****************************************************
 
[STEP0] Architecture and Compiler Information
 
GENESIS_Information> GENESIS Information
  version      = 2.0.0
  commit ID    = $GENESIS_VERSION$
  precision    = mixed 
  nonbonding   = CPU

Build_Information> Compiler Information
  build host   = jjwsmj@hokusai2
  fortran      = ifort (IFORT) 2021.7.1 20221019
  option       = 
  -axCORE-AVX512 -g -O3  -qmkl=parallel  -assume byterecl -qopenmp  
  C            = 
 icc: remark #10441: The Intel(R) C++ Compiler Classic (ICC) is deprecated and w
 ill be removed from product release in the second half of 2023. The Intel(R) on
 eAPI DPC++/C++ Compiler (ICX) is the recommended compiler moving forward. Pleas
 e transition to use this compiler. Use '-diag-disable=10441' to disable this me
 ssage.
  option       = -O3 -ip -axCORE-AVX2  -qopenmp 
  defined var. = 
  -DHAVE_MPI_GENESIS -DOMP -DIFORT19 -DFFTE -DLAPACK -DDSFMT_MEXP=19937 -DINTEL
  link option  = 
  -assume byterecl -lgfortran -qopenmp  -lmkl_intel_lp64 -lmkl_sequential -lmkl_
 core -lmkl_lapack95_lp64   
  MPI Compiler = Intel(R) MPI

Runtime_Information> Machine and Library Information
  date       = 2023/05/12 14:36:20
  cpu model    = Intel(R) Xeon(R) Gold 6148 CPU @ 2.40GHz
  exec. host   = jjwsmj@bwmpc0480
  LD library   = 
 /bwfefs/opt/x86_64/intel/oneapi/2022.3/mpi/2021.7.1/libfabric/lib:/bwfefs/opt/x
 86_64/intel/oneapi/2022.3/mpi/2021.7.1/lib/release:/bwfefs/opt/x86_64/intel/one
 api/2022.3/mpi/2021.7.1/lib:/bwfefs/opt/x86_64/intel/oneapi/2022.3/tbb/2021.7.1
 /lib/intel64/gcc4.8:/usr/lib64:/bwfefs/opt/x86_64/intel/oneapi/2022.3/vpl/2022.
 2.5/lib:/bwfefs/opt/x86_64/intel/oneapi/2022.3/mkl/latest/lib/intel64:/bwfefs/o
 pt/x86_64/intel/oneapi/2022.3/itac/2021.7.1/slib:/bwfefs/opt/x86_64/intel/oneap
 i/2022.3/ippcp/2021.6.2/lib/intel64:/bwfefs/opt/x86_64/intel/oneapi/2022.3/ipp/
 2021.6.2/lib/intel64:/bwfefs/opt/x86_64/intel/oneapi/2022.3/dnnl/2022.2.1/cpu_d
 pcpp_gpu_dpcpp/lib:/bwfefs/opt/x86_64/intel/oneapi/2022.3/dal/2021.7.1/lib/inte
 l64:/bwfefs/opt/x86_64/intel/oneapi/2022.3/compiler/2022.2.1/linux/compiler/lib
 :/bwfefs/opt/x86_64/intel/oneapi/2022.3/compiler/2022.2.1/linux/lib/oclfpga/hos
 t/linux64/lib:/bwfefs/opt/x86_64/intel/oneapi/2022.3/compiler/2022.2.1/linux/li
 b/oclfpga/linux64/lib:/bwfefs/opt/x86_64/intel/oneapi/2022.3/compiler/2022.2.1/
 linux/lib:/bwfefs/opt/x86_64/intel/oneapi/2022.3/compiler/2022.2.1/linux/lib/x6
 4:/bwfefs/opt/x86_64/intel/oneapi/2022.3/compiler/2022.2.1/linux/lib/emu:/bwfef
 s/opt/x86_64/intel/oneapi/2022.3/compiler/2022.2.1/linux/compiler/lib/intel64_l
 in:/bwfefs/opt/x86_64/intel/oneapi/2022.3/debugger/2021.7.1/dep/lib:/bwfefs/opt
 /x86_64/intel/oneapi/2022.3/debugger/2021.7.1/libipt/intel64/lib:/bwfefs/opt/x8
 6_64/intel/oneapi/2022.3/debugger/2021.7.1/gdb/intel64/lib:/bwfefs/opt/x86_64/
 MPI Runtime = Intel(R) MPI Library 2021.7 for Linux* OS


[STEP1] Read Control Parameters
 
Read_Ctrl_Input> Input Files
  grotopfile = pro.top
  grocrdfile = crd/pos_5000.gro
 
Read_Ctrl_Output> Output Files
 
Read_Ctrl_Energy> Parameters of Energy Calculations
  forcefield      =    RESIDCG
  output_style    =    GENESIS
 
Read_Ctrl_Dynamics> Parameters of MD simulation
  integrator      =       VVER  nsteps          =       2000
  timestep        =     0.0100  initial_time    =     0.0000
  eneout_period   =         20  rstout_period   =          0
  crdout_period   =          0  velout_period   =          0
  nbupdate_period =         20  stoptr_period   =         10
  lbupdate_period =          0
  iseed           =         -1
  annealing       =         no
  verbose         =         no
  target_md       =         no
  steered_md      =         no
 
Read_Ctrl_Ensemble> Parameters for Ensemble
  ensemble        =        NVT
  temperature     =    300.000
  tpcontrol       =   LANGEVIN
  gamma_t         =      1.000
 
Read_Ctrl_Boundary> Parameters of Boundary Condition
  type            =       PBC 
  box_size(x,y,z) =   3200.000   650.000   650.000
  min_domain_cell =          2
  domain (x,y,z)  =          8         4         2
 
Read_Ctrl_Selection> Parameters of Selection
  # of groups     =          0
  # of mole names =          0
 
Read_Ctrl_Restraints> No restraint in the system

Read_Ctrl_Fitting_MD> Parameters of Fitting
  fitting method  =  TR+ROT   
  fitting atom    = group1
  mass_weight     =         no
 
[STEP2] Setup MPI
 
Setup_Mpi_Md> Summary of Setup MPI
  number of MPI processes   =         64
  number of OpenMP threads  =          5
  total number of CPU cores =        320

[STEP3] Set Relevant Variables and Structures
 
Read_Grotop> Summary of Grotopfile
  num_moltypes    =          1
    pos100_cg             :
      num_atoms   =        100
      num_bonds   =         99
      num_angls   =          0
      num_dihes   =          0
      num_cmaps   =          0
      num_excls   =          0
      num_constrs =          0
      num_pairs   =          0
      num_vsites2 =          0
      num_vsites3 =          0
      num_vsites4 =          0
      num_vsitesn =          0
      num_posress =          0
      num_PWMcos  =          0
      num_PWMcosns=          0
      num_IDR_HPS =          1
      num_IDR_KH  =          0
    .. not used molecule types were hidden.

  num_molecules   =       5000
    pos100_cg             :  5000

  num_atomtypes   =         33  num_bondtypes   =          0
  num_angltypes   =          0  num_dihetypes   =          0
  num_flangltypes           20
  num_fldihetypes          400
  num_constrtypes =          0  num_cmaptypes   =          0
  num_nbonparms   =          0
  num_basestacktypes  =     16
  num_basepairtypes   =      4
  num_basecrosstypes  =     32
  num_cgdnaexvtypes   =      6
  num_cgelemolpairs   =      1
  num_cg_IDR_HPS_atomtypes  =     20
  num_cg_KH_atomtypes  =    20

  num_cg_pair_MJ_eps   =   400

Define_Molecule> Summary of molecules
  num_atoms       =     500000  num_bonds       =     495000
  num_angles      =          0  num_dihedrals   =          0
  num_impropers   =          0  num_cmap_terms  =          0
  num_residues    =     500000  num_molecules   =       5000
  num_segments    =          1  num_deg_freedom =    1500000
  total_charge    = 500000.000
 
Setup_Boundary_Cell> Set Variables for Boundary Condition
  domains (x,y,z) =          8         4         2
  ncells (x,y,z)  =        112        22        22
 
Define_Enefunc_Gromacs> Number of Interactions in Each Term
  bond_ene        =     495000  angle_ene       =          0
  torsion_ene     =          0
 restraint_groups =          0 restraint_funcs  =          0
 
Setup_Dynamics> Subtract 3 translational degrees of freedom
 
Update_Num_Deg_Freedom> Number of degrees of freedom was updated
  num_deg_freedom =    1499997 (After removing translation)
 
Random_Init> Initialize the random number
  seed            = 876674

Setup_Fitting_cgdyn> NO fitting is applied, skip
  fitting method  =  NO
 
[STEP4] Compute Single Point Energy for Molecules
 
            STEP          ENERGY            BOND  NATIVE_CONTACT NON-NATIVE_CONT           ELECT         IDR_HPS          CG_EXV
 --------------- --------------- --------------- --------------- ---------------
               0     853903.1851     170691.3716          0.0000          0.0000     681472.2486       1739.5649          0.0000

[STEP5] Perform Molecular Dynamics Simulation
 
Initial_Velocity> Generate initial velocities
  iseed           =     876674
  temperature     =    300.000
 
Random_Init_Velocity> Initialize the random number
  seed            = 876674

INFO:       STEP            TIME       TOTAL_ENE   POTENTIAL_ENE     KINETIC_ENE            RMSG            BOND         IDR_HPS  NATIVE_CONTACT          CG_EXV           ELECT     TEMPERATURE          VOLUME
 --------------- --------------- --------------- --------------- ---------------
INFO:          0          0.0000    1300945.3164     853903.1851     447042.1313         10.1780     170691.3716       1739.5649          0.0000          0.0000     681472.2486          0.0000 1352000000.0000

INFO:         20          0.2000    1295420.7371     841950.9727     453469.7644          9.8516     160687.0322        605.2123          0.0000          0.0000     680658.7282        307.5268 1352000000.0000

INFO:         40          0.4000    1289766.7666     835491.8964     454274.8701          9.7297     158100.8478      -1370.6779          0.0000          0.0000     678761.7265        308.4330 1352000000.0000

INFO:         60          0.6000    1284567.3895     829111.7887     455455.6009          9.6356     155684.8805      -2785.8412          0.0000          0.0000     676212.7494        309.1030 1352000000.0000

INFO:         80          0.8000    1279012.9022     823875.4960     455137.4062          9.5897     154180.6086      -3621.1200          0.0000          0.0000     673316.0075        308.8084 1352000000.0000

INFO:        100          1.0000    1273488.5955     818870.5306     454618.0650          9.5324     152858.8931      -4248.3859          0.0000          0.0000     670260.0234        308.3071 1352000000.0000

INFO:        120          1.2000    1268328.2452     814626.8330     453701.4122          9.5018     152072.8215      -4607.2613          0.0000          0.0000     667161.2728        307.8444 1352000000.0000

INFO:        140          1.4000    1263804.7546     810144.0727     453660.6819          9.4666     151004.3983      -4917.9354          0.0000          0.0000     664057.6098        307.5696 1352000000.0000

INFO:        160          1.6000    1259706.7692     806653.1365     453053.6327          9.4519     150624.9590      -4955.1696          0.0000          0.0000     660983.3472        307.2610 1352000000.0000

INFO:        180          1.8000    1255527.2784     803281.1784     452246.1000          9.4456     150371.7045      -5113.6740          0.0000          0.0000     658023.1479        306.7024 1352000000.0000

INFO:        200          2.0000    1251524.7437     799999.9417     451524.8020          9.4356     150030.3474      -5164.2905          0.0000          0.0000     655133.8848        306.2027 1352000000.0000

INFO:        220          2.2000    1247752.3481     797373.5960     450378.7520          9.4299     150023.7680      -4999.2667          0.0000          0.0000     652349.0947        305.4095 1352000000.0000

INFO:        240          2.4000    1244103.8004     794203.9833     449899.8171          9.4050     149605.4794      -5070.0267          0.0000          0.0000     649668.5306        305.1685 1352000000.0000

INFO:        260          2.6000    1241539.1514     791061.2185     450477.9330          9.3931     149107.7410      -5124.4404          0.0000          0.0000     647077.9178        305.5743 1352000000.0000

INFO:        280          2.8000    1238657.3700     788420.5178     450236.8522          9.3817     148873.8115      -5020.8693          0.0000          0.0000     644567.5756        305.2874 1352000000.0000

INFO:        300          3.0000    1235512.6936     785921.3290     449591.3646          9.3778     148797.0642      -5035.7669          0.0000          0.0000     642160.0317        304.8592 1352000000.0000

INFO:        320          3.2000    1233135.7460     783857.5105     449278.2355          9.3803     149013.9700      -5001.4777          0.0000          0.0000     639845.0182        304.7751 1352000000.0000

INFO:        340          3.4000    1229661.0367     781659.0680     448001.9687          9.3720     148705.8142      -4690.2103          0.0000          0.0000     637643.4641        303.8676 1352000000.0000

INFO:        360          3.6000    1227428.8579     779808.7838     447620.0741          9.3768     148830.7440      -4552.5865          0.0000          0.0000     635530.6263        303.5095 1352000000.0000

INFO:        380          3.8000    1224923.1418     777603.6170     447319.5248          9.3626     148579.9578      -4457.4750          0.0000          0.0000     633481.1342        303.4548 1352000000.0000

INFO:        400          4.0000    1222384.6686     775258.4538     447126.2148          9.3566     148312.9618      -4536.8336          0.0000          0.0000     631482.3255        303.2981 1352000000.0000

INFO:        420          4.2000    1220303.7282     773710.6349     446593.0934          9.3649     148720.3068      -4586.5468          0.0000          0.0000     629576.8748        303.0382 1352000000.0000

INFO:        440          4.4000    1218183.7227     771317.6314     446866.0913          9.3466     148007.6000      -4421.7714          0.0000          0.0000     627731.8028        303.1464 1352000000.0000

INFO:        460          4.6000    1216843.1747     770400.9555     446442.2191          9.3677     148696.0332      -4226.7728          0.0000          0.0000     625931.6952        302.8355 1352000000.0000

INFO:        480          4.8000    1216169.4093     768366.3068     447803.1025          9.3542     148335.9405      -4162.3751          0.0000          0.0000     624192.7414        303.5071 1352000000.0000

INFO:        500          5.0000    1214336.4088     767047.4038     447289.0050          9.3558     148462.4599      -3938.0738          0.0000          0.0000     622523.0178        303.3855 1352000000.0000

INFO:        520          5.2000    1212435.9332     765530.1002     446905.8330          9.3601     148458.8860      -3842.5020          0.0000          0.0000     620913.7162        303.0058 1352000000.0000

INFO:        540          5.4000    1210480.4801     763900.6639     446579.8162          9.3534     148253.5007      -3710.3302          0.0000          0.0000     619357.4934        302.8370 1352000000.0000

INFO:        560          5.6000    1208349.0482     762069.0378     446280.0104          9.3453     147919.9011      -3669.7243          0.0000          0.0000     617818.8610        302.6401 1352000000.0000

INFO:        580          5.8000    1207014.3711     761225.5173     445788.8539          9.3569     148435.7197      -3523.7756          0.0000          0.0000     616313.5732        302.2685 1352000000.0000

INFO:        600          6.0000    1205536.6703     759732.5015     445804.1688          9.3490     148372.2928      -3464.8504          0.0000          0.0000     614825.0592        302.1688 1352000000.0000

INFO:        620          6.2000    1203995.2973     757738.2734     446257.0239          9.3442     147909.1170      -3566.7418          0.0000          0.0000     613395.8981        302.6151 1352000000.0000

INFO:        640          6.4000    1202727.1333     756662.9269     446064.2064          9.3447     148167.2282      -3498.8149          0.0000          0.0000     611994.5136        302.4655 1352000000.0000

INFO:        660          6.6000    1201134.0366     755744.7816     445389.2550          9.3516     148447.5204      -3342.8131          0.0000          0.0000     610640.0743        301.9874 1352000000.0000

INFO:        680          6.8000    1200258.8329     754066.9991     446191.8338          9.3381     148101.2903      -3353.6627          0.0000          0.0000     609319.3715        302.5705 1352000000.0000

INFO:        700          7.0000    1199469.9065     753253.1542     446216.7524          9.3529     148417.2009      -3184.3162          0.0000          0.0000     608020.2694        302.6056 1352000000.0000

INFO:        720          7.2000    1197703.7800     751813.9892     445889.7908          9.3610     148463.3091      -3388.7648          0.0000          0.0000     606739.4449        302.3453 1352000000.0000

INFO:        740          7.4000    1196145.3240     750330.1524     445815.1716          9.3455     148258.5852      -3418.0721          0.0000          0.0000     605489.6393        302.3503 1352000000.0000

INFO:        760          7.6000    1194750.2881     749551.7650     445198.5231          9.3498     148462.9978      -3189.4981          0.0000          0.0000     604278.2653        301.9896 1352000000.0000

INFO:        780          7.8000    1193341.1465     748227.6122     445113.5343          9.3472     148383.7194      -3249.7012          0.0000          0.0000     603093.5940        301.8897 1352000000.0000

INFO:        800          8.0000    1192091.0085     746849.6601     445241.3484          9.3457     148294.7281      -3374.5654          0.0000          0.0000     601929.4974        302.0272 1352000000.0000

INFO:        820          8.2000    1191846.3878     745689.8199     446156.5680          9.3437     148102.6262      -3224.1201          0.0000          0.0000     600811.3137        302.7012 1352000000.0000

INFO:        840          8.4000    1190127.0386     745385.9658     444741.0727          9.3645     148678.0215      -3015.5765          0.0000          0.0000     599723.5209        301.7661 1352000000.0000

INFO:        860          8.6000    1189153.4331     743846.7754     445306.6577          9.3492     148210.3864      -3010.8574          0.0000          0.0000     598647.2465        302.1398 1352000000.0000

INFO:        880          8.8000    1187515.2060     742948.6692     444566.5368          9.3549     148346.3080      -2990.6616          0.0000          0.0000     597593.0228        301.6637 1352000000.0000

INFO:        900          9.0000    1186271.1834     741874.6480     444396.5354          9.3508     148274.2739      -2926.5109          0.0000          0.0000     596526.8850        301.5307 1352000000.0000

INFO:        920          9.2000    1185335.5510     740532.3833     444803.1677          9.3476     147953.6360      -2886.8741          0.0000          0.0000     595465.6215        301.7091 1352000000.0000

INFO:        940          9.4000    1184906.9570     740001.1485     444905.8085          9.3553     148296.4719      -2739.7813          0.0000          0.0000     594444.4579        301.6995 1352000000.0000

INFO:        960          9.6000    1183738.6293     739014.9495     444723.6797          9.3562     148315.2777      -2749.6046          0.0000          0.0000     593449.2764        301.6911 1352000000.0000

INFO:        980          9.8000    1182916.9620     738540.0317     444376.9303          9.3716     148696.2843      -2624.3954          0.0000          0.0000     592468.1427        301.4049 1352000000.0000

INFO:       1000         10.0000    1182157.0166     737259.5367     444897.4799          9.3528     148337.3076      -2575.9219          0.0000          0.0000     591498.1511        301.7158 1352000000.0000

INFO:       1020         10.2000    1181228.9791     736059.5578     445169.4213          9.3508     148071.7540      -2572.9999          0.0000          0.0000     590560.8037        301.8290 1352000000.0000

INFO:       1040         10.4000    1180417.5063     735096.4297     445321.0766          9.3463     148139.6093      -2684.5785          0.0000          0.0000     589641.3989        302.0487 1352000000.0000

INFO:       1060         10.6000    1178703.3337     734324.4553     444378.8784          9.3511     148303.6308      -2749.6316          0.0000          0.0000     588770.4560        301.3972 1352000000.0000

INFO:       1080         10.8000    1177834.7893     733696.9409     444137.8484          9.3547     148351.6594      -2618.0872          0.0000          0.0000     587963.3687        301.3921 1352000000.0000

INFO:       1100         11.0000    1176966.8046     732731.2160     444235.5887          9.3519     148189.2710      -2618.3517          0.0000          0.0000     587160.2966        301.3102 1352000000.0000

INFO:       1120         11.2000    1176191.2096     731672.7424     444518.4672          9.3358     147841.3014      -2519.4668          0.0000          0.0000     586350.9079        301.5473 1352000000.0000

INFO:       1140         11.4000    1175475.2234     731335.2224     444140.0010          9.3561     148277.6009      -2495.7963          0.0000          0.0000     585553.4178        301.2425 1352000000.0000

INFO:       1160         11.6000    1174417.3488     730262.4000     444154.9488          9.3391     148021.0067      -2525.3899          0.0000          0.0000     584766.7833        301.1874 1352000000.0000

INFO:       1180         11.8000    1173650.6067     729596.8941     444053.7126          9.3353     148006.0539      -2402.1706          0.0000          0.0000     583993.0108        301.2297 1352000000.0000

INFO:       1200         12.0000    1172924.1778     728514.0797     444410.0981          9.3343     147785.7400      -2507.0455          0.0000          0.0000     583235.3852        301.4969 1352000000.0000

INFO:       1220         12.2000    1171830.4534     727674.8121     444155.6413          9.3341     147732.4089      -2518.4279          0.0000          0.0000     582460.8311        301.3508 1352000000.0000

INFO:       1240         12.4000    1171367.7373     727302.2033     444065.5340          9.3368     147908.1422      -2308.1844          0.0000          0.0000     581702.2455        301.1422 1352000000.0000

INFO:       1260         12.6000    1169978.5436     725907.5774     444070.9662          9.3204     147295.7476      -2326.7563          0.0000          0.0000     580938.5860        301.2143 1352000000.0000

INFO:       1280         12.8000    1168879.7603     725515.8484     443363.9119          9.3378     147759.1455      -2417.8410          0.0000          0.0000     580174.5439        300.6938 1352000000.0000

INFO:       1300         13.0000    1167898.6230     724718.0808     443180.5422          9.3373     147800.7793      -2505.9593          0.0000          0.0000     579423.2608        300.5795 1352000000.0000

INFO:       1320         13.2000    1168189.2968     724904.8258     443284.4709          9.3565     148561.8116      -2353.8905          0.0000          0.0000     578696.9048        300.6503 1352000000.0000

INFO:       1340         13.4000    1167933.3603     723992.5638     443940.7965          9.3495     148264.0007      -2255.7195          0.0000          0.0000     577984.2827        301.1131 1352000000.0000

INFO:       1360         13.6000    1167726.3104     723515.5615     444210.7489          9.3629     148387.2010      -2168.5959          0.0000          0.0000     577296.9564        301.3390 1352000000.0000

INFO:       1380         13.8000    1167339.0618     722634.8542     444704.2076          9.3513     148293.3689      -2254.7509          0.0000          0.0000     576596.2362        301.8122 1352000000.0000

INFO:       1400         14.0000    1165799.7777     721821.1609     443978.6168          9.3495     148117.4265      -2196.2229          0.0000          0.0000     575899.9573        301.2408 1352000000.0000

INFO:       1420         14.2000    1164756.2238     720888.6467     443867.5771          9.3346     147900.5815      -2235.5976          0.0000          0.0000     575223.6628        301.1269 1352000000.0000

INFO:       1440         14.4000    1164476.0705     720316.9199     444159.1506          9.3471     148120.3344      -2371.4817          0.0000          0.0000     574568.0672        301.2091 1352000000.0000

INFO:       1460         14.6000    1164090.7883     720082.1394     444008.6489          9.3587     148337.3246      -2186.2598          0.0000          0.0000     573931.0747        301.1542 1352000000.0000

INFO:       1480         14.8000    1163176.0116     719657.4638     443518.5478          9.3640     148330.2635      -1970.6506          0.0000          0.0000     573297.8508        301.0556 1352000000.0000

INFO:       1500         15.0000    1163450.2537     718847.4338     444602.8200          9.3566     148287.6835      -2105.4806          0.0000          0.0000     572665.2309        301.4974 1352000000.0000

INFO:       1520         15.2000    1162986.7134     718284.5621     444702.1512          9.3568     148326.2447      -2074.2556          0.0000          0.0000     572032.5730        301.7013 1352000000.0000

INFO:       1540         15.4000    1161232.5242     717826.2187     443406.3055          9.3564     148391.8597      -1984.8647          0.0000          0.0000     571419.2237        300.7158 1352000000.0000

INFO:       1560         15.6000    1160260.4079     717111.3965     443149.0114          9.3520     148400.0837      -2094.8209          0.0000          0.0000     570806.1337        300.5920 1352000000.0000

INFO:       1580         15.8000    1159438.0216     716088.0458     443349.9758          9.3504     148036.0077      -2165.8012          0.0000          0.0000     570217.8394        300.6313 1352000000.0000

INFO:       1600         16.0000    1159230.9581     715871.4328     443359.5252          9.3573     148368.2665      -2120.1583          0.0000          0.0000     569623.3246        300.7257 1352000000.0000

INFO:       1620         16.2000    1159034.5630     715332.4189     443702.1441          9.3516     148153.8779      -1890.4458          0.0000          0.0000     569068.9867        300.9245 1352000000.0000

INFO:       1640         16.4000    1158543.0721     715039.4629     443503.6092          9.3536     148387.2588      -1846.2717          0.0000          0.0000     568498.4757        300.8637 1352000000.0000

INFO:       1660         16.6000    1158006.6806     714091.6617     443915.0189          9.3425     148033.5246      -1877.9460          0.0000          0.0000     567936.0831        301.1639 1352000000.0000

INFO:       1680         16.8000    1157490.8265     713687.0098     443803.8167          9.3487     148124.4696      -1826.8524          0.0000          0.0000     567389.3927        301.1259 1352000000.0000

INFO:       1700         17.0000    1156767.2882     713501.3264     443265.9618          9.3501     148338.6225      -1682.5621          0.0000          0.0000     566845.2660        300.5387 1352000000.0000

INFO:       1720         17.2000    1156005.6743     712715.8257     443289.8486          9.3479     148054.7124      -1661.6143          0.0000          0.0000     566322.7276        300.7242 1352000000.0000

INFO:       1740         17.4000    1154817.7111     711787.8094     443029.9017          9.3309     147757.1234      -1746.8175          0.0000          0.0000     565777.5035        300.6114 1352000000.0000

INFO:       1760         17.6000    1154991.0724     710653.6611     444337.4113          9.3249     147135.0966      -1738.5742          0.0000          0.0000     565257.1387        301.3404 1352000000.0000

INFO:       1780         17.8000    1154686.6152     711094.0530     443592.5622          9.3450     148031.9335      -1663.3706          0.0000          0.0000     564725.4901        300.8535 1352000000.0000

INFO:       1800         18.0000    1153892.7040     710429.1935     443463.5105          9.3424     147881.9253      -1656.2781          0.0000          0.0000     564203.5463        300.9002 1352000000.0000

INFO:       1820         18.2000    1153827.8441     710087.3977     443740.4464          9.3408     148066.6319      -1650.2381          0.0000          0.0000     563671.0038        301.0027 1352000000.0000

INFO:       1840         18.4000    1153481.6434     709728.3776     443753.2658          9.3494     148199.3599      -1605.0163          0.0000          0.0000     563134.0340        300.9746 1352000000.0000

INFO:       1860         18.6000    1153825.3873     709063.7371     444761.6502          9.3536     148188.0097      -1702.1480          0.0000          0.0000     562577.8754        301.5526 1352000000.0000

INFO:       1880         18.8000    1153273.5035     708464.7223     444808.7812          9.3599     148333.9273      -1906.7989          0.0000          0.0000     562037.5940        301.7910 1352000000.0000

INFO:       1900         19.0000    1152504.1574     708164.4821     444339.6752          9.3609     148413.2852      -1779.6935          0.0000          0.0000     561530.8904        301.3876 1352000000.0000

INFO:       1920         19.2000    1150984.8896     707422.0020     443562.8876          9.3469     148065.4634      -1692.2392          0.0000          0.0000     561048.7777        300.9792 1352000000.0000

INFO:       1940         19.4000    1150630.0580     707383.1171     443246.9409          9.3529     148538.0849      -1724.7743          0.0000          0.0000     560569.8065        300.4979 1352000000.0000

INFO:       1960         19.6000    1150084.8167     706593.8908     443490.9259          9.3387     148208.6490      -1716.2909          0.0000          0.0000     560101.5327        300.8452 1352000000.0000

INFO:       1980         19.8000    1149841.0943     705996.4415     443844.6528          9.3447     147986.0850      -1617.1521          0.0000          0.0000     559627.5086        300.9650 1352000000.0000

INFO:       2000         20.0000    1149903.2970     705720.2836     444183.0134          9.3494     148274.9248      -1688.2284          0.0000          0.0000     559133.5871        301.3276 1352000000.0000

 
[STEP6] Deallocate Arrays
 
Output_Time> Averaged timer profile (Min, Max)
  total time      =      36.549
    setup         =       2.994
    dynamics      =      33.556
      energy      =      29.401
      integrator  =       3.487
      migration   =       0.150
      pairlist    =       0.429 (       0.235,       0.617)
  energy           
    bond          =       0.273 (       0.167,       0.458)
    angle         =       0.011 (       0.010,       0.013)
    dihedral      =       0.010 (       0.010,       0.012)
    base stacking =       0.000 (       0.000,       0.000)
    nonbond       =      18.020 (       9.357,      27.971)
      CG exv      =       0.034 (       0.021,       0.057)
      CG DNA bp   =       0.000 (       0.000,       0.000)
      CG DNA exv  =       0.000 (       0.000,       0.000)
      CG ele      =      14.589 (       7.520,      22.664)
      CG PWMcos   =       0.000 (       0.000,       0.000)
      CG PWMcosns =       0.000 (       0.000,       0.000)
      CG IDR-HPS  =       3.392 (       1.812,       5.260)
      CG IDR-KH   =       0.000 (       0.000,       0.000)
      CG KH       =       0.000 (       0.000,       0.000)
      Contact     =       0.003 (       0.003,       0.004)
      pme real    =       0.000 (       0.000,       0.000)
      pme recip   =       0.000 (       0.000,       0.000)
    solvation     =       0.000 (       0.000,       0.000)
      polar       =       0.000 (       0.000,       0.000)
      non-polar   =       0.000 (       0.000,       0.000)
    restraint     =       0.000 (       0.000,       0.000)
    qmmm          =       0.000 (       0.000,       0.000)
    morph         =       0.000 (       0.000,       0.000)
  integrator       
    constraint    =       0.000 (       0.000,       0.000)
    update        =       0.000 (       0.000,       0.000)
    comm_coord    =       1.160 (       0.355,       2.120)
    comm_force    =       0.439 (       0.408,       0.482)
  migration       =       0.150 (       0.150,       0.150)
    comm_migrate  =       0.033 (       0.011,       0.041)
    ptl_migrate   =       0.008 (       0.005,       0.012)
    bond_migrate  =       0.001 (       0.001,       0.002)
    angl_migrate  =       0.001 (       0.001,       0.001)
    dihe_migrate  =       0.000 (       0.000,       0.001)
    contact_migr  =       0.000 (       0.000,       0.000)
    stack_migrate =       0.000 (       0.000,       0.000)
    pwmcos_migrate =       0.000 (       0.000,       0.000)
    pwmcosns_migr  =       0.000 (       0.000,       0.000)
    nonb_update    =       0.108 (       0.056,       0.154)

