****************************************************
*                                                  *
*                  GENESIS CGDYN                   *
*                                                  *
*        A Molecular Dynamics Simulator with       *
*           Spatial Decomposition Scheme           *
*                                                  *
*               Developed by RIKEN                 *
*                                                  *
****************************************************
 
[STEP0] Architecture and Compiler Information
 
GENESIS_Information> GENESIS Information
  version      = 2.0.0
  commit ID    = $GENESIS_VERSION$
  precision    = mixed 
  nonbonding   = CPU

Build_Information> Compiler Information
  build host   = jjwsmj@hokusai2
  fortran      = ifort (IFORT) 2021.7.1 20221019
  option       = 
  -axCORE-AVX512 -g -O3  -qmkl=parallel  -assume byterecl -qopenmp  
  C            = 
 icc: remark #10441: The Intel(R) C++ Compiler Classic (ICC) is deprecated and w
 ill be removed from product release in the second half of 2023. The Intel(R) on
 eAPI DPC++/C++ Compiler (ICX) is the recommended compiler moving forward. Pleas
 e transition to use this compiler. Use '-diag-disable=10441' to disable this me
 ssage.
  option       = -O3 -ip -axCORE-AVX2  -qopenmp 
  defined var. = 
  -DHAVE_MPI_GENESIS -DOMP -DIFORT19 -DFFTE -DLAPACK -DDSFMT_MEXP=19937 -DINTEL
  link option  = 
  -assume byterecl -lgfortran -qopenmp  -lmkl_intel_lp64 -lmkl_sequential -lmkl_
 core -lmkl_lapack95_lp64   
  MPI Compiler = Intel(R) MPI

Runtime_Information> Machine and Library Information
  date       = 2023/05/12 14:36:18
  cpu model    = Intel(R) Xeon(R) Gold 6148 CPU @ 2.40GHz
  exec. host   = jjwsmj@bwmpc0438
  LD library   = 
 /bwfefs/opt/x86_64/intel/oneapi/2022.3/mpi/2021.7.1/libfabric/lib:/bwfefs/opt/x
 86_64/intel/oneapi/2022.3/mpi/2021.7.1/lib/release:/bwfefs/opt/x86_64/intel/one
 api/2022.3/mpi/2021.7.1/lib:/bwfefs/opt/x86_64/intel/oneapi/2022.3/tbb/2021.7.1
 /lib/intel64/gcc4.8:/usr/lib64:/bwfefs/opt/x86_64/intel/oneapi/2022.3/vpl/2022.
 2.5/lib:/bwfefs/opt/x86_64/intel/oneapi/2022.3/mkl/latest/lib/intel64:/bwfefs/o
 pt/x86_64/intel/oneapi/2022.3/itac/2021.7.1/slib:/bwfefs/opt/x86_64/intel/oneap
 i/2022.3/ippcp/2021.6.2/lib/intel64:/bwfefs/opt/x86_64/intel/oneapi/2022.3/ipp/
 2021.6.2/lib/intel64:/bwfefs/opt/x86_64/intel/oneapi/2022.3/dnnl/2022.2.1/cpu_d
 pcpp_gpu_dpcpp/lib:/bwfefs/opt/x86_64/intel/oneapi/2022.3/dal/2021.7.1/lib/inte
 l64:/bwfefs/opt/x86_64/intel/oneapi/2022.3/compiler/2022.2.1/linux/compiler/lib
 :/bwfefs/opt/x86_64/intel/oneapi/2022.3/compiler/2022.2.1/linux/lib/oclfpga/hos
 t/linux64/lib:/bwfefs/opt/x86_64/intel/oneapi/2022.3/compiler/2022.2.1/linux/li
 b/oclfpga/linux64/lib:/bwfefs/opt/x86_64/intel/oneapi/2022.3/compiler/2022.2.1/
 linux/lib:/bwfefs/opt/x86_64/intel/oneapi/2022.3/compiler/2022.2.1/linux/lib/x6
 4:/bwfefs/opt/x86_64/intel/oneapi/2022.3/compiler/2022.2.1/linux/lib/emu:/bwfef
 s/opt/x86_64/intel/oneapi/2022.3/compiler/2022.2.1/linux/compiler/lib/intel64_l
 in:/bwfefs/opt/x86_64/intel/oneapi/2022.3/debugger/2021.7.1/dep/lib:/bwfefs/opt
 /x86_64/intel/oneapi/2022.3/debugger/2021.7.1/libipt/intel64/lib:/bwfefs/opt/x8
 6_64/intel/oneapi/2022.3/debugger/2021.7.1/gdb/intel64/lib:/bwfefs/opt/x86_64/
 MPI Runtime = Intel(R) MPI Library 2021.7 for Linux* OS


[STEP1] Read Control Parameters
 
Read_Ctrl_Input> Input Files
  grotopfile = pro.top
  grocrdfile = crd/pos_5000.gro
 
Read_Ctrl_Output> Output Files
 
Read_Ctrl_Energy> Parameters of Energy Calculations
  forcefield      =    RESIDCG
  output_style    =    GENESIS
 
Read_Ctrl_Dynamics> Parameters of MD simulation
  integrator      =       VVER  nsteps          =       2000
  timestep        =     0.0100  initial_time    =     0.0000
  eneout_period   =         20  rstout_period   =          0
  crdout_period   =          0  velout_period   =          0
  nbupdate_period =         20  stoptr_period   =         10
  lbupdate_period =          0
  iseed           =         -1
  annealing       =         no
  verbose         =         no
  target_md       =         no
  steered_md      =         no
 
Read_Ctrl_Ensemble> Parameters for Ensemble
  ensemble        =        NVT
  temperature     =    300.000
  tpcontrol       =   LANGEVIN
  gamma_t         =      1.000
 
Read_Ctrl_Boundary> Parameters of Boundary Condition
  type            =       PBC 
  box_size(x,y,z) =   3200.000   650.000   650.000
  min_domain_cell =          2
  domain (x,y,z)  =          8         4         2
 
Read_Ctrl_Selection> Parameters of Selection
  # of groups     =          0
  # of mole names =          0
 
Read_Ctrl_Restraints> No restraint in the system

Read_Ctrl_Fitting_MD> Parameters of Fitting
  fitting method  =  TR+ROT   
  fitting atom    = group1
  mass_weight     =         no
 
[STEP2] Setup MPI
 
Setup_Mpi_Md> Summary of Setup MPI
  number of MPI processes   =         64
  number of OpenMP threads  =          5
  total number of CPU cores =        320

[STEP3] Set Relevant Variables and Structures
 
Read_Grotop> Summary of Grotopfile
  num_moltypes    =          1
    pos100_cg             :
      num_atoms   =        100
      num_bonds   =         99
      num_angls   =          0
      num_dihes   =          0
      num_cmaps   =          0
      num_excls   =          0
      num_constrs =          0
      num_pairs   =          0
      num_vsites2 =          0
      num_vsites3 =          0
      num_vsites4 =          0
      num_vsitesn =          0
      num_posress =          0
      num_PWMcos  =          0
      num_PWMcosns=          0
      num_IDR_HPS =          1
      num_IDR_KH  =          0
    .. not used molecule types were hidden.

  num_molecules   =       5000
    pos100_cg             :  5000

  num_atomtypes   =         33  num_bondtypes   =          0
  num_angltypes   =          0  num_dihetypes   =          0
  num_flangltypes           20
  num_fldihetypes          400
  num_constrtypes =          0  num_cmaptypes   =          0
  num_nbonparms   =          0
  num_basestacktypes  =     16
  num_basepairtypes   =      4
  num_basecrosstypes  =     32
  num_cgdnaexvtypes   =      6
  num_cgelemolpairs   =      1
  num_cg_IDR_HPS_atomtypes  =     20
  num_cg_KH_atomtypes  =    20

  num_cg_pair_MJ_eps   =   400

Define_Molecule> Summary of molecules
  num_atoms       =     500000  num_bonds       =     495000
  num_angles      =          0  num_dihedrals   =          0
  num_impropers   =          0  num_cmap_terms  =          0
  num_residues    =     500000  num_molecules   =       5000
  num_segments    =          1  num_deg_freedom =    1500000
  total_charge    = 500000.000
 
Setup_Boundary_Cell> Set Variables for Boundary Condition
  domains (x,y,z) =          8         4         2
  ncells (x,y,z)  =        112        22        22
 
Define_Enefunc_Gromacs> Number of Interactions in Each Term
  bond_ene        =     495000  angle_ene       =          0
  torsion_ene     =          0
 restraint_groups =          0 restraint_funcs  =          0
 
Setup_Dynamics> Subtract 3 translational degrees of freedom
 
Update_Num_Deg_Freedom> Number of degrees of freedom was updated
  num_deg_freedom =    1499997 (After removing translation)
 
Random_Init> Initialize the random number
  seed            = 66474

Setup_Fitting_cgdyn> NO fitting is applied, skip
  fitting method  =  NO
 
[STEP4] Compute Single Point Energy for Molecules
 
            STEP          ENERGY            BOND  NATIVE_CONTACT NON-NATIVE_CONT           ELECT         IDR_HPS          CG_EXV
 --------------- --------------- --------------- --------------- ---------------
               0     853903.1851     170691.3716          0.0000          0.0000     681472.2486       1739.5649          0.0000

[STEP5] Perform Molecular Dynamics Simulation
 
Initial_Velocity> Generate initial velocities
  iseed           =      66474
  temperature     =    300.000
 
Random_Init_Velocity> Initialize the random number
  seed            = 66474

INFO:       STEP            TIME       TOTAL_ENE   POTENTIAL_ENE     KINETIC_ENE            RMSG            BOND         IDR_HPS  NATIVE_CONTACT          CG_EXV           ELECT     TEMPERATURE          VOLUME
 --------------- --------------- --------------- --------------- ---------------
INFO:          0          0.0000    1301030.0993     853903.1851     447126.9142         10.1780     170691.3716       1739.5649          0.0000          0.0000     681472.2486          0.0000 1352000000.0000

INFO:         20          0.2000    1295747.7791     842109.1272     453638.6519          9.8440     160626.4272        745.1989          0.0000          0.0000     680737.5012        307.5223 1352000000.0000

INFO:         40          0.4000    1290909.0992     835953.9817     454955.1175          9.7225     158101.6887      -1063.7841          0.0000          0.0000     678916.0772        308.6315 1352000000.0000

INFO:         60          0.6000    1285531.8313     829610.2613     455921.5700          9.6347     155576.6876      -2388.3114          0.0000          0.0000     676421.8851        309.3167 1352000000.0000

INFO:         80          0.8000    1279365.9774     824298.9578     455067.0196          9.5837     154210.3263      -3440.7707          0.0000          0.0000     673529.4022        308.7017 1352000000.0000

INFO:        100          1.0000    1274043.4058     819009.7981     455033.6078          9.5365     152866.2983      -4333.6565          0.0000          0.0000     670477.1563        308.5947 1352000000.0000

INFO:        120          1.2000    1268893.2928     814845.5912     454047.7016          9.5127     152269.5343      -4783.0313          0.0000          0.0000     667359.0883        308.0221 1352000000.0000

INFO:        140          1.4000    1264922.3862     810729.5215     454192.8647          9.4831     151391.6868      -4917.2484          0.0000          0.0000     664255.0831        307.9265 1352000000.0000

INFO:        160          1.6000    1260040.1144     807340.5571     452699.5572          9.4706     151198.8869      -5058.8510          0.0000          0.0000     661200.5212        306.9946 1352000000.0000

INFO:        180          1.8000    1255893.1217     803506.3713     452386.7504          9.4454     150466.9031      -5171.9254          0.0000          0.0000     658211.3936        306.8868 1352000000.0000

INFO:        200          2.0000    1252348.4134     800437.0447     451911.3687          9.4355     150326.4420      -5193.4131          0.0000          0.0000     655304.0159        306.5558 1352000000.0000

INFO:        220          2.2000    1248392.9624     797111.4691     451281.4933          9.4183     149829.3840      -5201.4547          0.0000          0.0000     652483.5399        306.0701 1352000000.0000

INFO:        240          2.4000    1244860.6272     794438.0092     450422.6179          9.4140     149663.1922      -5014.0640          0.0000          0.0000     649788.8811        305.4699 1352000000.0000

INFO:        260          2.6000    1241742.2245     791360.0101     450382.2144          9.3835     149109.5324      -4950.9623          0.0000          0.0000     647201.4400        305.3958 1352000000.0000

INFO:        280          2.8000    1239107.7300     788560.3561     450547.3739          9.3801     148971.5439      -5111.3315          0.0000          0.0000     644700.1438        305.5530 1352000000.0000

INFO:        300          3.0000    1235588.4418     786339.8390     449248.6029          9.3786     149006.0345      -4994.8084          0.0000          0.0000     642328.6129        304.7942 1352000000.0000

INFO:        320          3.2000    1233161.0951     783953.9203     449207.1747          9.3744     148746.1375      -4841.7661          0.0000          0.0000     640049.5489        304.4821 1352000000.0000

INFO:        340          3.4000    1231277.6101     781775.5257     449502.0844          9.3659     148670.3864      -4726.2067          0.0000          0.0000     637831.3460        304.7834 1352000000.0000

INFO:        360          3.6000    1228752.1367     779840.5588     448911.5779          9.3711     148828.1422      -4669.6686          0.0000          0.0000     635682.0853        304.4728 1352000000.0000

INFO:        380          3.8000    1226070.1127     777954.2222     448115.8905          9.3705     148834.4881      -4486.1829          0.0000          0.0000     633605.9170        303.9230 1352000000.0000

INFO:        400          4.0000    1223892.5507     775930.5584     447961.9923          9.3687     148765.3706      -4427.9544          0.0000          0.0000     631593.1422        303.9217 1352000000.0000

INFO:        420          4.2000    1221807.2787     773728.4924     448078.7863          9.3598     148474.8889      -4398.7327          0.0000          0.0000     629652.3362        303.9127 1352000000.0000

INFO:        440          4.4000    1220008.8537     772309.8382     447699.0155          9.3717     148870.2202      -4322.5119          0.0000          0.0000     627762.1299        303.6495 1352000000.0000

INFO:        460          4.6000    1217037.3529     770144.0378     446893.3151          9.3654     148486.5441      -4305.1042          0.0000          0.0000     625962.5979        303.0852 1352000000.0000

INFO:        480          4.8000    1215122.7684     768651.5952     446471.1732          9.3741     148771.0100      -4318.4558          0.0000          0.0000     624199.0410        302.7041 1352000000.0000

INFO:        500          5.0000    1212937.4445     766530.6152     446406.8292          9.3608     148346.4626      -4305.0581          0.0000          0.0000     622489.2108        302.7395 1352000000.0000

INFO:        520          5.2000    1210786.6796     765263.8613     445522.8183          9.3595     148497.2380      -4051.1295          0.0000          0.0000     620817.7527        302.2021 1352000000.0000

INFO:        540          5.4000    1208877.2786     762969.4459     445907.8326          9.3422     147895.2238      -4109.9752          0.0000          0.0000     619184.1973        302.3736 1352000000.0000

INFO:        560          5.6000    1207655.2208     761790.2656     445864.9552          9.3507     148314.4355      -4123.8534          0.0000          0.0000     617599.6834        302.4832 1352000000.0000

INFO:        580          5.8000    1205666.5775     760362.4784     445304.0991          9.3548     148295.8061      -4026.0694          0.0000          0.0000     616092.7417        302.0887 1352000000.0000

INFO:        600          6.0000    1203876.5449     758879.0003     444997.5447          9.3434     148098.3870      -3855.3371          0.0000          0.0000     614635.9504        301.8045 1352000000.0000

INFO:        620          6.2000    1202732.2014     757810.5878     444921.6136          9.3571     148361.3217      -3769.7791          0.0000          0.0000     613219.0452        301.9415 1352000000.0000

INFO:        640          6.4000    1201365.7168     756258.0591     445107.6577          9.3442     148262.0401      -3799.0639          0.0000          0.0000     611795.0830        301.8541 1352000000.0000

INFO:        660          6.6000    1200306.4576     755025.5230     445280.9347          9.3457     148337.3963      -3732.2129          0.0000          0.0000     610420.3396        302.0687 1352000000.0000

INFO:        680          6.8000    1198599.9734     753701.8685     444898.1049          9.3463     148179.5658      -3590.2470          0.0000          0.0000     609112.5498        301.7475 1352000000.0000

INFO:        700          7.0000    1197672.1753     752656.9229     445015.2525          9.3487     148393.5150      -3563.0400          0.0000          0.0000     607826.4478        301.7165 1352000000.0000

INFO:        720          7.2000    1196156.9347     750950.5043     445206.4303          9.3330     147729.7399      -3363.8111          0.0000          0.0000     606584.5755        302.1325 1352000000.0000

INFO:        740          7.4000    1195839.9574     750216.6320     445623.3254          9.3489     148226.2870      -3366.3799          0.0000          0.0000     605356.7248        302.3185 1352000000.0000

INFO:        760          7.6000    1194359.1580     748742.4818     445616.6762          9.3383     148009.4939      -3432.1250          0.0000          0.0000     604165.1129        302.2844 1352000000.0000

INFO:        780          7.8000    1192576.6218     748058.7143     444517.9075          9.3476     148271.4557      -3197.1530          0.0000          0.0000     602984.4116        301.5214 1352000000.0000

INFO:        800          8.0000    1191776.0517     747107.3956     444668.6561          9.3550     148316.8987      -3060.0592          0.0000          0.0000     601850.5560        301.5505 1352000000.0000

INFO:        820          8.2000    1190905.0618     746317.2130     444587.8488          9.3657     148816.5878      -3209.5436          0.0000          0.0000     600710.1688        301.5739 1352000000.0000

INFO:        840          8.4000    1190111.5192     744587.9542     445523.5651          9.3454     148123.5369      -3144.6424          0.0000          0.0000     599609.0597        302.1543 1352000000.0000

INFO:        860          8.6000    1189073.5283     743718.0064     445355.5219          9.3605     148441.0395      -3235.3569          0.0000          0.0000     598512.3237        301.9744 1352000000.0000

INFO:        880          8.8000    1186812.4281     742389.0866     444423.3415          9.3521     148170.5161      -3227.3021          0.0000          0.0000     597445.8726        301.4233 1352000000.0000

INFO:        900          9.0000    1186021.3746     741884.0211     444137.3535          9.3647     148555.0244      -3097.0107          0.0000          0.0000     596426.0074        301.2902 1352000000.0000

INFO:        920          9.2000    1184459.7785     740807.2895     443652.4890          9.3682     148550.2508      -3147.5164          0.0000          0.0000     595404.5552        300.9571 1352000000.0000

INFO:        940          9.4000    1184295.0489     739129.5889     445165.4600          9.3413     147906.5819      -3193.6516          0.0000          0.0000     594416.6585        301.9867 1352000000.0000

INFO:        960          9.6000    1183373.8382     738552.9932     444820.8450          9.3462     148296.1183      -3189.2130          0.0000          0.0000     593446.0880        301.7462 1352000000.0000

INFO:        980          9.8000    1182998.9219     737707.6977     445291.2242          9.3544     148232.7276      -3055.0722          0.0000          0.0000     592530.0423        302.0464 1352000000.0000

INFO:       1000         10.0000    1182864.4955     737185.0803     445679.4153          9.3548     148399.6851      -2857.5240          0.0000          0.0000     591642.9192        302.2633 1352000000.0000

INFO:       1020         10.2000    1182512.4842     736784.6834     445727.8008          9.3640     148717.5446      -2713.0422          0.0000          0.0000     590780.1811        302.2579 1352000000.0000

INFO:       1040         10.4000    1181420.5742     735825.7352     445594.8390          9.3678     148670.9708      -2762.4201          0.0000          0.0000     589917.1845        302.2102 1352000000.0000

INFO:       1060         10.6000    1180075.8633     735603.0107     444472.8526          9.3838     149161.8261      -2632.8583          0.0000          0.0000     589074.0429        301.4353 1352000000.0000

INFO:       1080         10.8000    1179173.6627     734387.8942     444785.7685          9.3650     148661.8834      -2520.9121          0.0000          0.0000     588246.9229        301.5750 1352000000.0000

INFO:       1100         11.0000    1178262.3812     733084.6908     445177.6903          9.3504     148215.2356      -2554.0458          0.0000          0.0000     587423.5010        301.9255 1352000000.0000

INFO:       1120         11.2000    1177458.4288     732128.8521     445329.5767          9.3479     148171.3348      -2645.9173          0.0000          0.0000     586603.4346        302.1269 1352000000.0000

INFO:       1140         11.4000    1176822.6290     731562.8710     445259.7580          9.3514     148524.7540      -2735.6046          0.0000          0.0000     585773.7216        302.0204 1352000000.0000

INFO:       1160         11.6000    1175265.4791     730809.9691     444455.5101          9.3492     148502.5246      -2636.3500          0.0000          0.0000     584943.7944        301.3958 1352000000.0000

INFO:       1180         11.8000    1174236.3006     730243.3058     443992.9948          9.3647     148723.1763      -2605.8296          0.0000          0.0000     584125.9590        301.2665 1352000000.0000

INFO:       1200         12.0000    1173802.7464     729732.1166     444070.6298          9.3737     149017.4233      -2617.8214          0.0000          0.0000     583332.5147        301.2504 1352000000.0000

INFO:       1220         12.2000    1173118.8158     728461.6256     444657.1902          9.3647     148653.8661      -2735.0130          0.0000          0.0000     582542.7725        301.5260 1352000000.0000

INFO:       1240         12.4000    1172093.4034     727825.5816     444267.8218          9.3620     148555.5350      -2530.6862          0.0000          0.0000     581800.7328        301.3033 1352000000.0000

INFO:       1260         12.6000    1171143.7839     727139.3164     444004.4676          9.3545     148331.0617      -2266.8109          0.0000          0.0000     581075.0656        301.0687 1352000000.0000

INFO:       1280         12.8000    1170996.7443     726595.7377     444401.0065          9.3608     148373.8617      -2143.4048          0.0000          0.0000     580365.2809        301.4908 1352000000.0000

INFO:       1300         13.0000    1170668.1999     726025.8502     444642.3497          9.3570     148464.4141      -2080.1533          0.0000          0.0000     579641.5894        301.5793 1352000000.0000

INFO:       1320         13.2000    1169918.3011     724924.3608     444993.9403          9.3372     148040.3816      -2024.2139          0.0000          0.0000     578908.1931        301.8196 1352000000.0000

INFO:       1340         13.4000    1168902.4462     724776.1861     444126.2601          9.3591     148586.9377      -1986.9466          0.0000          0.0000     578176.1950        301.3057 1352000000.0000

INFO:       1360         13.6000    1167759.8310     723652.9715     444106.8595          9.3527     148365.3764      -2143.1108          0.0000          0.0000     577430.7058        301.1655 1352000000.0000

INFO:       1380         13.8000    1166252.4326     722670.2035     443582.2291          9.3428     148197.9071      -2245.4987          0.0000          0.0000     576717.7951        300.9206 1352000000.0000

INFO:       1400         14.0000    1164976.0370     721976.6898     442999.3473          9.3365     148236.5260      -2281.9524          0.0000          0.0000     576022.1162        300.4467 1352000000.0000

INFO:       1420         14.2000    1164359.3158     720690.1750     443669.1408          9.3213     147682.8354      -2332.3535          0.0000          0.0000     575339.6931        301.1128 1352000000.0000

INFO:       1440         14.4000    1164200.0642     720335.6112     443864.4530          9.3337     147923.8802      -2264.3635          0.0000          0.0000     574676.0945        301.1481 1352000000.0000

INFO:       1460         14.6000    1163361.8731     720007.5344     443354.3386          9.3451     148235.4814      -2240.6290          0.0000          0.0000     574012.6820        300.8132 1352000000.0000

INFO:       1480         14.8000    1163013.1855     719283.5916     443729.5939          9.3492     148179.7153      -2232.7903          0.0000          0.0000     573336.6666        300.9248 1352000000.0000

INFO:       1500         15.0000    1162130.6709     718617.4903     443513.1806          9.3475     148007.5746      -2072.4756          0.0000          0.0000     572682.3914        300.9005 1352000000.0000

INFO:       1520         15.2000    1162097.6812     718261.2689     443836.4123          9.3559     148437.6974      -2226.9329          0.0000          0.0000     572050.5044        301.0647 1352000000.0000

INFO:       1540         15.4000    1160706.6062     717005.1747     443701.4315          9.3392     147920.8202      -2330.9666          0.0000          0.0000     571415.3211        300.8831 1352000000.0000

INFO:       1560         15.6000    1160000.3837     716637.9641     443362.4196          9.3531     148112.2343      -2286.0405          0.0000          0.0000     570811.7703        300.6895 1352000000.0000

INFO:       1580         15.8000    1159846.4605     716269.8151     443576.6454          9.3468     148254.1749      -2192.9577          0.0000          0.0000     570208.5980        300.7111 1352000000.0000

INFO:       1600         16.0000    1159108.9578     716069.7772     443039.1805          9.3516     148470.1711      -2023.7441          0.0000          0.0000     569623.3502        300.6457 1352000000.0000

INFO:       1620         16.2000    1158488.2155     715504.4128     442983.8027          9.3516     148441.2265      -1989.3595          0.0000          0.0000     569052.5459        300.5370 1352000000.0000

INFO:       1640         16.4000    1158285.8601     714504.8284     443781.0317          9.3425     148180.4316      -2155.1626          0.0000          0.0000     568479.5594        301.0919 1352000000.0000

INFO:       1660         16.6000    1157546.7053     714107.8755     443438.8298          9.3447     148299.2091      -2107.1599          0.0000          0.0000     567915.8262        300.7829 1352000000.0000

INFO:       1680         16.8000    1156430.5665     713615.5048     442815.0617          9.3440     148318.0411      -2064.6356          0.0000          0.0000     567362.0992        300.2280 1352000000.0000

INFO:       1700         17.0000    1155501.6307     713123.9989     442377.6317          9.3466     148278.1094      -1979.0400          0.0000          0.0000     566824.9295        300.2233 1352000000.0000

INFO:       1720         17.2000    1155691.2682     712547.4431     443143.8251          9.3514     148183.2883      -1934.9941          0.0000          0.0000     566299.1489        300.4752 1352000000.0000

INFO:       1740         17.4000    1155028.3366     711920.5909     443107.7457          9.3384     148071.3482      -1927.8632          0.0000          0.0000     565777.1059        300.6033 1352000000.0000

INFO:       1760         17.6000    1154890.5113     711584.2548     443306.2566          9.3424     148134.0827      -1803.9288          0.0000          0.0000     565254.1008        300.6740 1352000000.0000

INFO:       1780         17.8000    1154205.0532     711027.3247     443177.7285          9.3338     148103.7841      -1802.9512          0.0000          0.0000     564726.4918        300.7596 1352000000.0000

INFO:       1800         18.0000    1154312.1326     711160.4709     443151.6617          9.3628     148800.8327      -1814.0085          0.0000          0.0000     564173.6467        300.4884 1352000000.0000

INFO:       1820         18.2000    1153401.9212     710348.9872     443052.9340          9.3606     148557.9243      -1830.1608          0.0000          0.0000     563621.2237        300.5561 1352000000.0000

INFO:       1840         18.4000    1153006.3970     709618.4137     443387.9833          9.3568     148237.6245      -1712.7150          0.0000          0.0000     563093.5042        300.7852 1352000000.0000

INFO:       1860         18.6000    1152742.1762     709709.4613     443032.7150          9.3672     148802.8402      -1669.5269          0.0000          0.0000     562576.1479        300.6010 1352000000.0000

INFO:       1880         18.8000    1152203.5277     709192.7412     443010.7865          9.3678     148965.4337      -1830.3584          0.0000          0.0000     562057.6658        300.4657 1352000000.0000

INFO:       1900         19.0000    1151462.6211     708553.9496     442908.6715          9.3718     148834.0829      -1834.6038          0.0000          0.0000     561554.4705        300.4718 1352000000.0000

INFO:       1920         19.2000    1151650.6188     708114.5396     443536.0792          9.3782     148910.1135      -1860.7953          0.0000          0.0000     561065.2214        300.8992 1352000000.0000

INFO:       1940         19.4000    1150886.8366     707434.4518     443452.3848          9.3593     148717.2501      -1869.7754          0.0000          0.0000     560586.9771        300.7970 1352000000.0000

INFO:       1960         19.6000    1150164.4619     706388.0888     443776.3731          9.3443     148043.3762      -1761.0419          0.0000          0.0000     560105.7545        301.1052 1352000000.0000

INFO:       1980         19.8000    1149411.6614     706554.8476     442856.8138          9.3628     148702.9848      -1779.7569          0.0000          0.0000     559631.6197        300.3566 1352000000.0000

INFO:       2000         20.0000    1149064.8743     705580.4863     443484.3880          9.3544     148232.2142      -1813.4453          0.0000          0.0000     559161.7174        300.7815 1352000000.0000

 
[STEP6] Deallocate Arrays
 
Output_Time> Averaged timer profile (Min, Max)
  total time      =      36.533
    setup         =       2.873
    dynamics      =      33.660
      energy      =      29.473
      integrator  =       3.523
      migration   =       0.133
      pairlist    =       0.451 (       0.254,       0.643)
  energy           
    bond          =       0.269 (       0.154,       0.435)
    angle         =       0.011 (       0.010,       0.015)
    dihedral      =       0.010 (       0.009,       0.014)
    base stacking =       0.000 (       0.000,       0.000)
    nonbond       =      18.004 (       8.907,      27.958)
      CG exv      =       0.033 (       0.021,       0.052)
      CG DNA bp   =       0.000 (       0.000,       0.000)
      CG DNA exv  =       0.000 (       0.000,       0.000)
      CG ele      =      14.572 (       7.117,      22.733)
      CG PWMcos   =       0.000 (       0.000,       0.000)
      CG PWMcosns =       0.000 (       0.000,       0.000)
      CG IDR-HPS  =       3.395 (       1.766,       5.178)
      CG IDR-KH   =       0.000 (       0.000,       0.000)
      CG KH       =       0.000 (       0.000,       0.000)
      Contact     =       0.003 (       0.003,       0.005)
      pme real    =       0.000 (       0.000,       0.000)
      pme recip   =       0.000 (       0.000,       0.000)
    solvation     =       0.000 (       0.000,       0.000)
      polar       =       0.000 (       0.000,       0.000)
      non-polar   =       0.000 (       0.000,       0.000)
    restraint     =       0.000 (       0.000,       0.000)
    qmmm          =       0.000 (       0.000,       0.000)
    morph         =       0.000 (       0.000,       0.000)
  integrator       
    constraint    =       0.000 (       0.000,       0.000)
    update        =       0.000 (       0.000,       0.000)
    comm_coord    =       1.186 (       0.361,       2.119)
    comm_force    =       0.445 (       0.399,       0.513)
  migration       =       0.133 (       0.132,       0.133)
    comm_migrate  =       0.017 (       0.010,       0.022)
    ptl_migrate   =       0.008 (       0.005,       0.013)
    bond_migrate  =       0.002 (       0.001,       0.002)
    angl_migrate  =       0.001 (       0.001,       0.001)
    dihe_migrate  =       0.001 (       0.000,       0.001)
    contact_migr  =       0.000 (       0.000,       0.000)
    stack_migrate =       0.000 (       0.000,       0.000)
    pwmcos_migrate =       0.000 (       0.000,       0.000)
    pwmcosns_migr  =       0.000 (       0.000,       0.000)
    nonb_update    =       0.108 (       0.055,       0.152)

