****************************************************
*                                                  *
*                  GENESIS CGDYN                   *
*                                                  *
*        A Molecular Dynamics Simulator with       *
*           Spatial Decomposition Scheme           *
*                                                  *
*               Developed by RIKEN                 *
*                                                  *
****************************************************
 
[STEP0] Architecture and Compiler Information
 
GENESIS_Information> GENESIS Information
  version      = 2.0.0
  commit ID    = $GENESIS_VERSION$
  precision    = mixed 
  nonbonding   = CPU

Build_Information> Compiler Information
  build host   = jjwsmj@hokusai2
  fortran      = ifort (IFORT) 2021.7.1 20221019
  option       = 
  -axCORE-AVX512 -g -O3  -qmkl=parallel  -assume byterecl -qopenmp  
  C            = 
 icc: remark #10441: The Intel(R) C++ Compiler Classic (ICC) is deprecated and w
 ill be removed from product release in the second half of 2023. The Intel(R) on
 eAPI DPC++/C++ Compiler (ICX) is the recommended compiler moving forward. Pleas
 e transition to use this compiler. Use '-diag-disable=10441' to disable this me
 ssage.
  option       = -O3 -ip -axCORE-AVX2  -qopenmp 
  defined var. = 
  -DHAVE_MPI_GENESIS -DOMP -DIFORT19 -DFFTE -DLAPACK -DDSFMT_MEXP=19937 -DINTEL
  link option  = 
  -assume byterecl -lgfortran -qopenmp  -lmkl_intel_lp64 -lmkl_sequential -lmkl_
 core -lmkl_lapack95_lp64   
  MPI Compiler = Intel(R) MPI

Runtime_Information> Machine and Library Information
  date       = 2023/05/12 17:25:05
  cpu model    = Intel(R) Xeon(R) Gold 6148 CPU @ 2.40GHz
  exec. host   = jjwsmj@bwmpc0268
  LD library   = 
 /bwfefs/opt/x86_64/intel/oneapi/2022.3/mpi/2021.7.1/libfabric/lib:/bwfefs/opt/x
 86_64/intel/oneapi/2022.3/mpi/2021.7.1/lib/release:/bwfefs/opt/x86_64/intel/one
 api/2022.3/mpi/2021.7.1/lib:/bwfefs/opt/x86_64/intel/oneapi/2022.3/tbb/2021.7.1
 /lib/intel64/gcc4.8:/usr/lib64:/bwfefs/opt/x86_64/intel/oneapi/2022.3/vpl/2022.
 2.5/lib:/bwfefs/opt/x86_64/intel/oneapi/2022.3/mkl/latest/lib/intel64:/bwfefs/o
 pt/x86_64/intel/oneapi/2022.3/itac/2021.7.1/slib:/bwfefs/opt/x86_64/intel/oneap
 i/2022.3/ippcp/2021.6.2/lib/intel64:/bwfefs/opt/x86_64/intel/oneapi/2022.3/ipp/
 2021.6.2/lib/intel64:/bwfefs/opt/x86_64/intel/oneapi/2022.3/dnnl/2022.2.1/cpu_d
 pcpp_gpu_dpcpp/lib:/bwfefs/opt/x86_64/intel/oneapi/2022.3/dal/2021.7.1/lib/inte
 l64:/bwfefs/opt/x86_64/intel/oneapi/2022.3/compiler/2022.2.1/linux/compiler/lib
 :/bwfefs/opt/x86_64/intel/oneapi/2022.3/compiler/2022.2.1/linux/lib/oclfpga/hos
 t/linux64/lib:/bwfefs/opt/x86_64/intel/oneapi/2022.3/compiler/2022.2.1/linux/li
 b/oclfpga/linux64/lib:/bwfefs/opt/x86_64/intel/oneapi/2022.3/compiler/2022.2.1/
 linux/lib:/bwfefs/opt/x86_64/intel/oneapi/2022.3/compiler/2022.2.1/linux/lib/x6
 4:/bwfefs/opt/x86_64/intel/oneapi/2022.3/compiler/2022.2.1/linux/lib/emu:/bwfef
 s/opt/x86_64/intel/oneapi/2022.3/compiler/2022.2.1/linux/compiler/lib/intel64_l
 in:/bwfefs/opt/x86_64/intel/oneapi/2022.3/debugger/2021.7.1/dep/lib:/bwfefs/opt
 /x86_64/intel/oneapi/2022.3/debugger/2021.7.1/libipt/intel64/lib:/bwfefs/opt/x8
 6_64/intel/oneapi/2022.3/debugger/2021.7.1/gdb/intel64/lib:/bwfefs/opt/x86_64/
 MPI Runtime = Intel(R) MPI Library 2021.7 for Linux* OS


[STEP1] Read Control Parameters
 
Read_Ctrl_Input> Input Files
  grotopfile = nuc.top
  grocrdfile = crd/nuc.gro
 
Read_Ctrl_Output> Output Files
 
Read_Ctrl_Energy> Parameters of Energy Calculations
  forcefield      =    RESIDCG
  output_style    =    GENESIS
 
Read_Ctrl_Dynamics> Parameters of MD simulation
  integrator      =       VVER  nsteps          =        200
  timestep        =     0.0200  initial_time    =     0.0000
  eneout_period   =         20  rstout_period   =          0
  crdout_period   =          0  velout_period   =          0
  nbupdate_period =         20  stoptr_period   =         10
  lbupdate_period =          0
  iseed           =         -1
  annealing       =         no
  verbose         =         no
  target_md       =         no
  steered_md      =         no
 
Read_Ctrl_Ensemble> Parameters for Ensemble
  ensemble        =        NVT
  temperature     =    300.000
  tpcontrol       =   LANGEVIN
  gamma_t         =      0.010
 
Read_Ctrl_Boundary> Parameters of Boundary Condition
  type            =       PBC 
  box_size(x,y,z) =   1450.000  1450.000  1450.000
  min_domain_cell =          2
 
Read_Ctrl_Selection> Parameters of Selection
  # of groups     =          0
  # of mole names =          0
 
Read_Ctrl_Restraints> No restraint in the system

Read_Ctrl_Fitting_MD> Parameters of Fitting
  fitting method  =  TR+ROT   
  fitting atom    = group1
  mass_weight     =         no
 
[STEP2] Setup MPI
 
Setup_Mpi_Md> Summary of Setup MPI
  number of MPI processes   =        128
  number of OpenMP threads  =          5
  total number of CPU cores =        640

[STEP3] Set Relevant Variables and Structures
 
Read_Grotop> Summary of Grotopfile
  num_moltypes    =          1
    nucleosome            :
      num_atoms   =       2040
      num_bonds   =       2030
      num_angls   =       3128
      num_dihes   =       3810
      num_cmaps   =          0
      num_excls   =          0
      num_constrs =          0
      num_pairs   =       3885
      num_vsites2 =          0
      num_vsites3 =          0
      num_vsites4 =          0
      num_vsitesn =          0
      num_posress =          0
      num_PWMcos  =          0
      num_PWMcosns=         78
      num_IDR_HPS =          0
      num_IDR_KH  =          0
    .. not used molecule types were hidden.

  num_molecules   =        512
    nucleosome            :  512

  num_atomtypes   =         33  num_bondtypes   =          0
  num_angltypes   =          0  num_dihetypes   =          0
  num_flangltypes           20
  num_fldihetypes          400
  num_constrtypes =          0  num_cmaptypes   =          0
  num_nbonparms   =          0
  num_basestacktypes  =     16
  num_basepairtypes   =      4
  num_basecrosstypes  =     32
  num_cgdnaexvtypes   =      6
  num_cgelemolpairs   =      1
  num_pwmcosnsmolpairs       1
  num_cg_IDR_HPS_atomtypes  =     20
  num_cg_KH_atomtypes  =    20

  num_cg_pair_MJ_eps   =   400

Define_Molecule> Summary of molecules
  num_atoms       =    1044480  num_bonds       =    1039360
  num_angles      =    1601536  num_dihedrals   =    1950720
  num_impropers   =          0  num_cmap_terms  =          0
  num_residues    =     683008  num_molecules   =       5120
  num_segments    =          1  num_deg_freedom =    3133440
  total_charge    = -33388.547
 
Setup_Boundary_Cell> Set Variables for Boundary Condition
  domains (x,y,z) =          8         4         4
  ncells (x,y,z)  =         50        50        50
 
Define_Enefunc_Gromacs> Number of Interactions in Each Term
  bond_ene        =     497664  angle_ene       =    1107968
  bond_ene_cgDNA  =     541696
  flex_angle_ene  =     493568
  torsion_ene     =    1601536
 restraint_groups =          0 restraint_funcs  =          0
 
Setup_Dynamics> Subtract 3 translational degrees of freedom
 
Update_Num_Deg_Freedom> Number of degrees of freedom was updated
  num_deg_freedom =    3133437 (After removing translation)
 
Random_Init> Initialize the random number
  seed            = 303367

Setup_Fitting_cgdyn> NO fitting is applied, skip
  fitting method  =  NO
 
[STEP4] Compute Single Point Energy for Molecules
 
            STEP          ENERGY            BOND           ANGLE        DIHEDRAL   BASE STACKING  NATIVE_CONTACT NON-NATIVE_CONT           ELECT    BASE_PAIRING         DNA_exv        PWMcosns          CG_EXV
 --------------- --------------- --------------- --------------- ---------------
               0   -3392162.2982     332553.0952    -657939.9632   -1270178.5995    -493431.5624    -826438.5703          0.0000     -94653.0866    -372126.5896       1332.9481     -22014.5967      10734.6268

[STEP5] Perform Molecular Dynamics Simulation
 
Initial_Velocity> Generate initial velocities
  iseed           =     303367
  temperature     =    300.000
 
Random_Init_Velocity> Initialize the random number
  seed            = 303367

INFO:       STEP            TIME       TOTAL_ENE   POTENTIAL_ENE     KINETIC_ENE            RMSG            BOND           ANGLE        DIHEDRAL      BASE_STACK       BASE_PAIR         DNA_exv        PWMcosns  NATIVE_CONTACT          CG_EXV           ELECT     TEMPERATURE          VOLUME
 --------------- --------------- --------------- --------------- ---------------
INFO:          0          0.0000   -2457143.4654   -3392162.2982     935018.8328         10.8044     332553.0952    -657939.9632   -1270178.5995    -493431.5624    -372126.5896       1332.9481     -22014.5967    -826438.5703      10734.6268     -94653.0866          0.0000 3048625000.0000

INFO:         20          0.4000   -2469056.1091   -3474768.3181    1005712.2090         10.0532     294275.9558    -666859.7219   -1276792.2187    -491713.3643    -369543.6823       1214.3121     -21836.2799    -858626.7158      10017.4970     -94904.1001        337.3273 3048625000.0000

INFO:         40          0.8000   -2471200.3430   -3489905.1219    1018704.7790          9.8436     283585.1489    -673011.6739   -1276404.0097    -491144.2769    -368332.9160       1174.2671     -22890.1580    -856267.9160       9705.9532     -96319.5407        347.6441 3048625000.0000

INFO:         60          1.2000   -2469862.5779   -3477061.9718    1007199.3939          9.9483     290552.8075    -669792.0251   -1274927.8452    -491899.6088    -368191.4452       1298.1204     -23195.1317    -853551.9246      10180.8089     -97535.7279        343.7655 3048625000.0000

INFO:         80          1.6000   -2470660.0359   -3481851.5009    1011191.4650          9.9381     289558.8695    -670577.0798   -1278651.9748    -490092.7352    -367064.4822       1343.7695     -23301.0417    -854218.5269       9905.8159     -98754.1152        345.3950 3048625000.0000

INFO:        100          2.0000   -2471439.6827   -3476315.2377    1004875.5550          9.8882     285841.0988    -667092.7594   -1274307.6613    -491086.9817    -366086.1855       1328.1640     -23276.9387    -852037.2395      10384.5627     -99981.2970        343.2828 3048625000.0000

INFO:        120          2.4000   -2472300.1377   -3485049.9664    1012749.8288          9.8408     284625.4734    -670912.0608   -1275891.5022    -490264.5247    -365851.2765       1331.0774     -23034.9107    -854672.1161      10790.0225    -101170.1487        345.3022 3048625000.0000

INFO:        140          2.8000   -2472943.4491   -3483393.2688    1010449.8197          9.8379     284051.9646    -669263.1693   -1274698.7352    -489547.7715    -366251.3370       1178.5854     -23792.7374    -854315.9269       9979.0172    -100733.1586        344.9617 3048625000.0000

INFO:        160          3.2000   -2473315.1771   -3483455.4876    1010140.3105          9.8478     285040.7848    -671262.9978   -1275100.2014    -489336.9237    -366304.2147       1241.1509     -23404.1456    -853580.7597       9592.4039    -100340.5842        344.4072 3048625000.0000

INFO:        180          3.6000   -2474170.3534   -3487885.5573    1013715.2039          9.8312     283199.0654    -671427.2517   -1275303.9048    -488975.1564    -366786.6080       1134.8901     -23084.6747    -856100.8691       9956.0367    -100497.0848        345.4694 3048625000.0000

INFO:        200          4.0000   -2474861.6342   -3484657.3645    1009795.7303          9.8337     283280.1573    -671095.3355   -1274711.9338    -489129.9580    -366184.5035       1175.4249     -22777.6441    -854448.2038      10369.4251    -101134.7932        344.5025 3048625000.0000

 
[STEP6] Deallocate Arrays
 
Output_Time> Averaged timer profile (Min, Max)
  total time      =       9.834
    setup         =       6.040
    dynamics      =       3.794
      energy      =       2.791
      integrator  =       0.535
      migration   =       0.194
      pairlist    =       0.259 (       0.195,       0.348)
  energy           
    bond          =       0.030 (       0.015,       0.054)
    angle         =       0.124 (       0.063,       0.208)
    dihedral      =       0.195 (       0.098,       0.335)
    base stacking =       0.010 (       0.005,       0.018)
    nonbond       =       1.081 (       0.515,       1.950)
      CG exv      =       0.049 (       0.023,       0.089)
      CG DNA bp   =       0.127 (       0.039,       0.292)
      CG DNA exv  =       0.023 (       0.012,       0.040)
      CG ele      =       0.815 (       0.396,       1.474)
      CG PWMcos   =       0.000 (       0.000,       0.000)
      CG PWMcosns =       0.018 (       0.007,       0.035)
      CG IDR-HPS  =       0.000 (       0.000,       0.000)
      CG IDR-KH   =       0.000 (       0.000,       0.000)
      CG KH       =       0.000 (       0.000,       0.000)
      Contact     =       0.049 (       0.021,       0.087)
      pme real    =       0.000 (       0.000,       0.000)
      pme recip   =       0.000 (       0.000,       0.000)
    solvation     =       0.000 (       0.000,       0.000)
      polar       =       0.000 (       0.000,       0.000)
      non-polar   =       0.000 (       0.000,       0.000)
    restraint     =       0.000 (       0.000,       0.000)
    qmmm          =       0.000 (       0.000,       0.000)
    morph         =       0.000 (       0.000,       0.000)
  integrator       
    constraint    =       0.000 (       0.000,       0.000)
    update        =       0.000 (       0.000,       0.000)
    comm_coord    =       0.236 (       0.075,       0.451)
    comm_force    =       0.089 (       0.067,       0.122)
  migration       =       0.194 (       0.194,       0.194)
    comm_migrate  =       0.131 (       0.022,       0.138)
    ptl_migrate   =       0.003 (       0.002,       0.005)
    bond_migrate  =       0.001 (       0.000,       0.001)
    angl_migrate  =       0.001 (       0.001,       0.001)
    dihe_migrate  =       0.001 (       0.001,       0.002)
    contact_migr  =       0.002 (       0.001,       0.003)
    stack_migrate =       0.000 (       0.000,       0.000)
    pwmcos_migrate =       0.000 (       0.000,       0.000)
    pwmcosns_migr  =       0.000 (       0.000,       0.000)
    nonb_update    =       0.120 (       0.081,       0.167)

