****************************************************
*                                                  *
*                  GENESIS CGDYN                   *
*                                                  *
*        A Molecular Dynamics Simulator with       *
*           Spatial Decomposition Scheme           *
*                                                  *
*               Developed by RIKEN                 *
*                                                  *
****************************************************
 
[STEP0] Architecture and Compiler Information
 
GENESIS_Information> GENESIS Information
  version      = 2.0.0
  commit ID    = $GENESIS_VERSION$
  precision    = mixed 
  nonbonding   = CPU

Build_Information> Compiler Information
  build host   = jjwsmj@hokusai2
  fortran      = ifort (IFORT) 2021.7.1 20221019
  option       = 
  -axCORE-AVX512 -g -O3  -qmkl=parallel  -assume byterecl -qopenmp  
  C            = 
 icc: remark #10441: The Intel(R) C++ Compiler Classic (ICC) is deprecated and w
 ill be removed from product release in the second half of 2023. The Intel(R) on
 eAPI DPC++/C++ Compiler (ICX) is the recommended compiler moving forward. Pleas
 e transition to use this compiler. Use '-diag-disable=10441' to disable this me
 ssage.
  option       = -O3 -ip -axCORE-AVX2  -qopenmp 
  defined var. = 
  -DHAVE_MPI_GENESIS -DOMP -DIFORT19 -DFFTE -DLAPACK -DDSFMT_MEXP=19937 -DINTEL
  link option  = 
  -assume byterecl -lgfortran -qopenmp  -lmkl_intel_lp64 -lmkl_sequential -lmkl_
 core -lmkl_lapack95_lp64   
  MPI Compiler = Intel(R) MPI

Runtime_Information> Machine and Library Information
  date       = 2023/05/12 14:06:35
  cpu model    = Intel(R) Xeon(R) Gold 6148 CPU @ 2.40GHz
  exec. host   = jjwsmj@bwmpc0108
  LD library   = 
 /bwfefs/opt/x86_64/intel/oneapi/2022.3/mpi/2021.7.1/libfabric/lib:/bwfefs/opt/x
 86_64/intel/oneapi/2022.3/mpi/2021.7.1/lib/release:/bwfefs/opt/x86_64/intel/one
 api/2022.3/mpi/2021.7.1/lib:/bwfefs/opt/x86_64/intel/oneapi/2022.3/tbb/2021.7.1
 /lib/intel64/gcc4.8:/usr/lib64:/bwfefs/opt/x86_64/intel/oneapi/2022.3/vpl/2022.
 2.5/lib:/bwfefs/opt/x86_64/intel/oneapi/2022.3/mkl/latest/lib/intel64:/bwfefs/o
 pt/x86_64/intel/oneapi/2022.3/itac/2021.7.1/slib:/bwfefs/opt/x86_64/intel/oneap
 i/2022.3/ippcp/2021.6.2/lib/intel64:/bwfefs/opt/x86_64/intel/oneapi/2022.3/ipp/
 2021.6.2/lib/intel64:/bwfefs/opt/x86_64/intel/oneapi/2022.3/dnnl/2022.2.1/cpu_d
 pcpp_gpu_dpcpp/lib:/bwfefs/opt/x86_64/intel/oneapi/2022.3/dal/2021.7.1/lib/inte
 l64:/bwfefs/opt/x86_64/intel/oneapi/2022.3/compiler/2022.2.1/linux/compiler/lib
 :/bwfefs/opt/x86_64/intel/oneapi/2022.3/compiler/2022.2.1/linux/lib/oclfpga/hos
 t/linux64/lib:/bwfefs/opt/x86_64/intel/oneapi/2022.3/compiler/2022.2.1/linux/li
 b/oclfpga/linux64/lib:/bwfefs/opt/x86_64/intel/oneapi/2022.3/compiler/2022.2.1/
 linux/lib:/bwfefs/opt/x86_64/intel/oneapi/2022.3/compiler/2022.2.1/linux/lib/x6
 4:/bwfefs/opt/x86_64/intel/oneapi/2022.3/compiler/2022.2.1/linux/lib/emu:/bwfef
 s/opt/x86_64/intel/oneapi/2022.3/compiler/2022.2.1/linux/compiler/lib/intel64_l
 in:/bwfefs/opt/x86_64/intel/oneapi/2022.3/debugger/2021.7.1/dep/lib:/bwfefs/opt
 /x86_64/intel/oneapi/2022.3/debugger/2021.7.1/libipt/intel64/lib:/bwfefs/opt/x8
 6_64/intel/oneapi/2022.3/debugger/2021.7.1/gdb/intel64/lib:/bwfefs/opt/x86_64/
 MPI Runtime = Intel(R) MPI Library 2021.7 for Linux* OS


[STEP1] Read Control Parameters
 
Read_Ctrl_Input> Input Files
  grotopfile = nuc.top
  grocrdfile = crd/nuc.gro
 
Read_Ctrl_Output> Output Files
 
Read_Ctrl_Energy> Parameters of Energy Calculations
  forcefield      =    RESIDCG
  output_style    =    GENESIS
 
Read_Ctrl_Dynamics> Parameters of MD simulation
  integrator      =       VVER  nsteps          =        200
  timestep        =     0.0200  initial_time    =     0.0000
  eneout_period   =         20  rstout_period   =          0
  crdout_period   =          0  velout_period   =          0
  nbupdate_period =         20  stoptr_period   =         10
  lbupdate_period =          0
  iseed           =         -1
  annealing       =         no
  verbose         =         no
  target_md       =         no
  steered_md      =         no
 
Read_Ctrl_Ensemble> Parameters for Ensemble
  ensemble        =        NVT
  temperature     =    300.000
  tpcontrol       =   LANGEVIN
  gamma_t         =      0.010
 
Read_Ctrl_Boundary> Parameters of Boundary Condition
  type            =       PBC 
  box_size(x,y,z) =   1450.000  1450.000  1450.000
  min_domain_cell =          2
 
Read_Ctrl_Selection> Parameters of Selection
  # of groups     =          0
  # of mole names =          0
 
Read_Ctrl_Restraints> No restraint in the system

Read_Ctrl_Fitting_MD> Parameters of Fitting
  fitting method  =  TR+ROT   
  fitting atom    = group1
  mass_weight     =         no
 
[STEP2] Setup MPI
 
Setup_Mpi_Md> Summary of Setup MPI
  number of MPI processes   =        256
  number of OpenMP threads  =          5
  total number of CPU cores =       1280

[STEP3] Set Relevant Variables and Structures
 
Read_Grotop> Summary of Grotopfile
  num_moltypes    =          1
    nucleosome            :
      num_atoms   =       2040
      num_bonds   =       2030
      num_angls   =       3128
      num_dihes   =       3810
      num_cmaps   =          0
      num_excls   =          0
      num_constrs =          0
      num_pairs   =       3885
      num_vsites2 =          0
      num_vsites3 =          0
      num_vsites4 =          0
      num_vsitesn =          0
      num_posress =          0
      num_PWMcos  =          0
      num_PWMcosns=         78
      num_IDR_HPS =          0
      num_IDR_KH  =          0
    .. not used molecule types were hidden.

  num_molecules   =        512
    nucleosome            :  512

  num_atomtypes   =         33  num_bondtypes   =          0
  num_angltypes   =          0  num_dihetypes   =          0
  num_flangltypes           20
  num_fldihetypes          400
  num_constrtypes =          0  num_cmaptypes   =          0
  num_nbonparms   =          0
  num_basestacktypes  =     16
  num_basepairtypes   =      4
  num_basecrosstypes  =     32
  num_cgdnaexvtypes   =      6
  num_cgelemolpairs   =      1
  num_pwmcosnsmolpairs       1
  num_cg_IDR_HPS_atomtypes  =     20
  num_cg_KH_atomtypes  =    20

  num_cg_pair_MJ_eps   =   400

Define_Molecule> Summary of molecules
  num_atoms       =    1044480  num_bonds       =    1039360
  num_angles      =    1601536  num_dihedrals   =    1950720
  num_impropers   =          0  num_cmap_terms  =          0
  num_residues    =     683008  num_molecules   =       5120
  num_segments    =          1  num_deg_freedom =    3133440
  total_charge    = -33388.547
 
Setup_Boundary_Cell> Set Variables for Boundary Condition
  domains (x,y,z) =          8         8         4
  ncells (x,y,z)  =         50        50        50
 
Define_Enefunc_Gromacs> Number of Interactions in Each Term
  bond_ene        =     497664  angle_ene       =    1107968
  bond_ene_cgDNA  =     541696
  flex_angle_ene  =     493568
  torsion_ene     =    1601536
 restraint_groups =          0 restraint_funcs  =          0
 
Setup_Dynamics> Subtract 3 translational degrees of freedom
 
Update_Num_Deg_Freedom> Number of degrees of freedom was updated
  num_deg_freedom =    3133437 (After removing translation)
 
Random_Init> Initialize the random number
  seed            = 412174

Setup_Fitting_cgdyn> NO fitting is applied, skip
  fitting method  =  NO
 
[STEP4] Compute Single Point Energy for Molecules
 
            STEP          ENERGY            BOND           ANGLE        DIHEDRAL   BASE STACKING  NATIVE_CONTACT NON-NATIVE_CONT           ELECT    BASE_PAIRING         DNA_exv        PWMcosns          CG_EXV
 --------------- --------------- --------------- --------------- ---------------
               0   -3392162.3246     332553.1170    -657939.9483   -1270178.6171    -493431.5618    -826438.6165          0.0000     -94653.0866    -372126.5896       1332.9481     -22014.5967      10734.6268

[STEP5] Perform Molecular Dynamics Simulation
 
Initial_Velocity> Generate initial velocities
  iseed           =     412174
  temperature     =    300.000
 
Random_Init_Velocity> Initialize the random number
  seed            = 412174

INFO:       STEP            TIME       TOTAL_ENE   POTENTIAL_ENE     KINETIC_ENE            RMSG            BOND           ANGLE        DIHEDRAL      BASE_STACK       BASE_PAIR         DNA_exv        PWMcosns  NATIVE_CONTACT          CG_EXV           ELECT     TEMPERATURE          VOLUME
 --------------- --------------- --------------- --------------- ---------------
INFO:          0          0.0000   -2458089.9537   -3392162.3246     934072.3709         10.8044     332553.1170    -657939.9483   -1270178.6171    -493431.5618    -372126.5896       1332.9481     -22014.5967    -826438.6165      10734.6268     -94653.0866          0.0000 3048625000.0000

INFO:         20          0.4000   -2470131.3023   -3474597.3449    1004466.0426         10.0614     294415.5361    -667014.8444   -1276574.4255    -491736.9320    -369367.0228       1233.5652     -21862.7534    -858813.1162      10038.2983     -94915.6500        337.1275 3048625000.0000

INFO:         40          0.8000   -2471966.1681   -3490420.0358    1018453.8677          9.8569     284078.1090    -673127.5439   -1276587.1832    -490972.7950    -368396.9467       1160.5526     -23083.2833    -856863.6057       9736.8580     -96364.1976        347.5754 3048625000.0000

INFO:         60          1.2000   -2471004.1844   -3478858.8514    1007854.6670          9.9361     289087.2711    -669703.2090   -1275006.3389    -491597.8349    -368543.0284       1308.3833     -23354.9152    -853601.9945      10128.1964     -97575.3814        344.1038 3048625000.0000

INFO:         80          1.6000   -2471625.5266   -3482773.0886    1011147.5620          9.9367     289193.9525    -670857.8700   -1278700.9204    -490140.3260    -367160.5895       1321.6805     -23358.0637    -854272.8997       9951.0916     -98749.1438        345.7376 3048625000.0000

INFO:        100          2.0000   -2472428.5562   -3477434.9593    1005006.4031          9.8838     286359.0827    -668219.1384   -1274529.5691    -491046.5792    -366217.5770       1335.4628     -23216.8403    -852243.9632      10405.6126    -100061.4502        343.3567 3048625000.0000

INFO:        120          2.4000   -2473287.5903   -3484317.1561    1011029.5658          9.8573     286085.4311    -671634.4843   -1275839.9144    -490254.8883    -365939.9177       1354.1364     -23088.2720    -854498.3266      10781.3816    -101282.3017        344.7162 3048625000.0000

INFO:        140          2.8000   -2474008.9848   -3483864.8552    1009855.8704          9.8353     283762.6901    -669539.0528   -1274766.1511    -489597.4707    -365992.9820       1184.0265     -23818.8077    -854169.6615      10019.4619    -100946.9079        344.8405 3048625000.0000

INFO:        160          3.2000   -2474504.4405   -3484122.6609    1009618.2204          9.8271     284062.7034    -670672.9536   -1274850.6719    -489527.2183    -366468.8328       1267.4454     -23464.6389    -853564.1881       9755.9273    -100660.2335        344.2206 3048625000.0000

INFO:        180          3.6000   -2475434.3999   -3490321.1804    1014886.7805          9.8155     282263.0142    -672197.4977   -1275213.6974    -489137.4973    -367320.6715       1124.7850     -22896.1044    -856229.8459      10051.7215    -100765.3869        346.0019 3048625000.0000

INFO:        200          4.0000   -2476006.3632   -3486661.1555    1010654.7923          9.8237     283549.9013    -672396.9140   -1274729.9639    -489140.4328    -366677.5190       1197.5401     -22702.8826    -854755.5698      10290.9292    -101296.2440        344.7576 3048625000.0000

 
[STEP6] Deallocate Arrays
 
Output_Time> Averaged timer profile (Min, Max)
  total time      =       8.683
    setup         =       6.385
    dynamics      =       2.298
      energy      =       1.575
      integrator  =       0.328
      migration   =       0.063
      pairlist    =       0.148 (       0.108,       0.212)
  energy           
    bond          =       0.015 (       0.006,       0.029)
    angle         =       0.070 (       0.026,       0.136)
    dihedral      =       0.100 (       0.043,       0.202)
    base stacking =       0.005 (       0.002,       0.011)
    nonbond       =       0.541 (       0.212,       1.068)
      CG exv      =       0.023 (       0.008,       0.050)
      CG DNA bp   =       0.063 (       0.019,       0.159)
      CG DNA exv  =       0.010 (       0.004,       0.023)
      CG ele      =       0.411 (       0.150,       0.852)
      CG PWMcos   =       0.000 (       0.000,       0.000)
      CG PWMcosns =       0.009 (       0.002,       0.020)
      CG IDR-HPS  =       0.000 (       0.000,       0.000)
      CG IDR-KH   =       0.000 (       0.000,       0.000)
      CG KH       =       0.000 (       0.000,       0.000)
      Contact     =       0.025 (       0.009,       0.047)
      pme real    =       0.000 (       0.000,       0.000)
      pme recip   =       0.000 (       0.000,       0.000)
    solvation     =       0.000 (       0.000,       0.000)
      polar       =       0.000 (       0.000,       0.000)
      non-polar   =       0.000 (       0.000,       0.000)
    restraint     =       0.000 (       0.000,       0.000)
    qmmm          =       0.000 (       0.000,       0.000)
    morph         =       0.000 (       0.000,       0.000)
  integrator       
    constraint    =       0.000 (       0.000,       0.000)
    update        =       0.000 (       0.000,       0.000)
    comm_coord    =       0.145 (       0.045,       0.292)
    comm_force    =       0.060 (       0.046,       0.087)
  migration       =       0.063 (       0.063,       0.063)
    comm_migrate  =       0.025 (       0.022,       0.028)
    ptl_migrate   =       0.002 (       0.001,       0.003)
    bond_migrate  =       0.000 (       0.000,       0.001)
    angl_migrate  =       0.001 (       0.000,       0.001)
    dihe_migrate  =       0.001 (       0.001,       0.001)
    contact_migr  =       0.001 (       0.001,       0.002)
    stack_migrate =       0.000 (       0.000,       0.000)
    pwmcos_migrate =       0.000 (       0.000,       0.000)
    pwmcosns_migr  =       0.000 (       0.000,       0.000)
    nonb_update    =       0.052 (       0.026,       0.077)

