****************************************************
*                                                  *
*                  GENESIS CGDYN                   *
*                                                  *
*        A Molecular Dynamics Simulator with       *
*           Spatial Decomposition Scheme           *
*                                                  *
*               Developed by RIKEN                 *
*                                                  *
****************************************************
 
[STEP0] Architecture and Compiler Information
 
GENESIS_Information> GENESIS Information
  version      = 2.0.0
  commit ID    = $GENESIS_VERSION$
  precision    = mixed 
  nonbonding   = CPU

Build_Information> Compiler Information
  build host   = jjwsmj@hokusai2
  fortran      = ifort (IFORT) 2021.7.1 20221019
  option       = 
  -axCORE-AVX512 -g -O3  -qmkl=parallel  -assume byterecl -qopenmp  
  C            = 
 icc: remark #10441: The Intel(R) C++ Compiler Classic (ICC) is deprecated and w
 ill be removed from product release in the second half of 2023. The Intel(R) on
 eAPI DPC++/C++ Compiler (ICX) is the recommended compiler moving forward. Pleas
 e transition to use this compiler. Use '-diag-disable=10441' to disable this me
 ssage.
  option       = -O3 -ip -axCORE-AVX2  -qopenmp 
  defined var. = 
  -DHAVE_MPI_GENESIS -DOMP -DIFORT19 -DFFTE -DLAPACK -DDSFMT_MEXP=19937 -DINTEL
  link option  = 
  -assume byterecl -lgfortran -qopenmp  -lmkl_intel_lp64 -lmkl_sequential -lmkl_
 core -lmkl_lapack95_lp64   
  MPI Compiler = Intel(R) MPI

Runtime_Information> Machine and Library Information
  date       = 2023/05/12 15:39:56
  cpu model    = Intel(R) Xeon(R) Gold 6148 CPU @ 2.40GHz
  exec. host   = jjwsmj@bwmpc0208
  LD library   = 
 /bwfefs/opt/x86_64/intel/oneapi/2022.3/mpi/2021.7.1/libfabric/lib:/bwfefs/opt/x
 86_64/intel/oneapi/2022.3/mpi/2021.7.1/lib/release:/bwfefs/opt/x86_64/intel/one
 api/2022.3/mpi/2021.7.1/lib:/bwfefs/opt/x86_64/intel/oneapi/2022.3/tbb/2021.7.1
 /lib/intel64/gcc4.8:/usr/lib64:/bwfefs/opt/x86_64/intel/oneapi/2022.3/vpl/2022.
 2.5/lib:/bwfefs/opt/x86_64/intel/oneapi/2022.3/mkl/latest/lib/intel64:/bwfefs/o
 pt/x86_64/intel/oneapi/2022.3/itac/2021.7.1/slib:/bwfefs/opt/x86_64/intel/oneap
 i/2022.3/ippcp/2021.6.2/lib/intel64:/bwfefs/opt/x86_64/intel/oneapi/2022.3/ipp/
 2021.6.2/lib/intel64:/bwfefs/opt/x86_64/intel/oneapi/2022.3/dnnl/2022.2.1/cpu_d
 pcpp_gpu_dpcpp/lib:/bwfefs/opt/x86_64/intel/oneapi/2022.3/dal/2021.7.1/lib/inte
 l64:/bwfefs/opt/x86_64/intel/oneapi/2022.3/compiler/2022.2.1/linux/compiler/lib
 :/bwfefs/opt/x86_64/intel/oneapi/2022.3/compiler/2022.2.1/linux/lib/oclfpga/hos
 t/linux64/lib:/bwfefs/opt/x86_64/intel/oneapi/2022.3/compiler/2022.2.1/linux/li
 b/oclfpga/linux64/lib:/bwfefs/opt/x86_64/intel/oneapi/2022.3/compiler/2022.2.1/
 linux/lib:/bwfefs/opt/x86_64/intel/oneapi/2022.3/compiler/2022.2.1/linux/lib/x6
 4:/bwfefs/opt/x86_64/intel/oneapi/2022.3/compiler/2022.2.1/linux/lib/emu:/bwfef
 s/opt/x86_64/intel/oneapi/2022.3/compiler/2022.2.1/linux/compiler/lib/intel64_l
 in:/bwfefs/opt/x86_64/intel/oneapi/2022.3/debugger/2021.7.1/dep/lib:/bwfefs/opt
 /x86_64/intel/oneapi/2022.3/debugger/2021.7.1/libipt/intel64/lib:/bwfefs/opt/x8
 6_64/intel/oneapi/2022.3/debugger/2021.7.1/gdb/intel64/lib:/bwfefs/opt/x86_64/
 MPI Runtime = Intel(R) MPI Library 2021.7 for Linux* OS


[STEP1] Read Control Parameters
 
Read_Ctrl_Input> Input Files
  grotopfile = nuc.top
  grocrdfile = crd/nuc.gro
 
Read_Ctrl_Output> Output Files
 
Read_Ctrl_Energy> Parameters of Energy Calculations
  forcefield      =    RESIDCG
  output_style    =    GENESIS
 
Read_Ctrl_Dynamics> Parameters of MD simulation
  integrator      =       VVER  nsteps          =        200
  timestep        =     0.0200  initial_time    =     0.0000
  eneout_period   =         20  rstout_period   =          0
  crdout_period   =          0  velout_period   =          0
  nbupdate_period =         20  stoptr_period   =         10
  lbupdate_period =          0
  iseed           =         -1
  annealing       =         no
  verbose         =         no
  target_md       =         no
  steered_md      =         no
 
Read_Ctrl_Ensemble> Parameters for Ensemble
  ensemble        =        NVT
  temperature     =    300.000
  tpcontrol       =   LANGEVIN
  gamma_t         =      0.010
 
Read_Ctrl_Boundary> Parameters of Boundary Condition
  type            =       PBC 
  box_size(x,y,z) =   1450.000  1450.000  1450.000
  min_domain_cell =          2
 
Read_Ctrl_Selection> Parameters of Selection
  # of groups     =          0
  # of mole names =          0
 
Read_Ctrl_Restraints> No restraint in the system

Read_Ctrl_Fitting_MD> Parameters of Fitting
  fitting method  =  TR+ROT   
  fitting atom    = group1
  mass_weight     =         no
 
[STEP2] Setup MPI
 
Setup_Mpi_Md> Summary of Setup MPI
  number of MPI processes   =        512
  number of OpenMP threads  =          5
  total number of CPU cores =       2560

[STEP3] Set Relevant Variables and Structures
 
Read_Grotop> Summary of Grotopfile
  num_moltypes    =          1
    nucleosome            :
      num_atoms   =       2040
      num_bonds   =       2030
      num_angls   =       3128
      num_dihes   =       3810
      num_cmaps   =          0
      num_excls   =          0
      num_constrs =          0
      num_pairs   =       3885
      num_vsites2 =          0
      num_vsites3 =          0
      num_vsites4 =          0
      num_vsitesn =          0
      num_posress =          0
      num_PWMcos  =          0
      num_PWMcosns=         78
      num_IDR_HPS =          0
      num_IDR_KH  =          0
    .. not used molecule types were hidden.

  num_molecules   =        512
    nucleosome            :  512

  num_atomtypes   =         33  num_bondtypes   =          0
  num_angltypes   =          0  num_dihetypes   =          0
  num_flangltypes           20
  num_fldihetypes          400
  num_constrtypes =          0  num_cmaptypes   =          0
  num_nbonparms   =          0
  num_basestacktypes  =     16
  num_basepairtypes   =      4
  num_basecrosstypes  =     32
  num_cgdnaexvtypes   =      6
  num_cgelemolpairs   =      1
  num_pwmcosnsmolpairs       1
  num_cg_IDR_HPS_atomtypes  =     20
  num_cg_KH_atomtypes  =    20

  num_cg_pair_MJ_eps   =   400

Define_Molecule> Summary of molecules
  num_atoms       =    1044480  num_bonds       =    1039360
  num_angles      =    1601536  num_dihedrals   =    1950720
  num_impropers   =          0  num_cmap_terms  =          0
  num_residues    =     683008  num_molecules   =       5120
  num_segments    =          1  num_deg_freedom =    3133440
  total_charge    = -33388.547
 
Setup_Boundary_Cell> Set Variables for Boundary Condition
  domains (x,y,z) =          8         8         8
  ncells (x,y,z)  =         50        50        50
 
Define_Enefunc_Gromacs> Number of Interactions in Each Term
  bond_ene        =     497664  angle_ene       =    1107968
  bond_ene_cgDNA  =     541696
  flex_angle_ene  =     493568
  torsion_ene     =    1601536
 restraint_groups =          0 restraint_funcs  =          0
 
Setup_Dynamics> Subtract 3 translational degrees of freedom
 
Update_Num_Deg_Freedom> Number of degrees of freedom was updated
  num_deg_freedom =    3133437 (After removing translation)
 
Random_Init> Initialize the random number
  seed            = 363615

Setup_Fitting_cgdyn> NO fitting is applied, skip
  fitting method  =  NO
 
[STEP4] Compute Single Point Energy for Molecules
 
            STEP          ENERGY            BOND           ANGLE        DIHEDRAL   BASE STACKING  NATIVE_CONTACT NON-NATIVE_CONT           ELECT    BASE_PAIRING         DNA_exv        PWMcosns          CG_EXV
 --------------- --------------- --------------- --------------- ---------------
               0   -3392162.4171     332553.1032    -657939.9380   -1270178.6256    -493431.5579    -826438.7007          0.0000     -94653.0866    -372126.5896       1332.9481     -22014.5967      10734.6268

[STEP5] Perform Molecular Dynamics Simulation
 
Initial_Velocity> Generate initial velocities
  iseed           =     363615
  temperature     =    300.000
 
Random_Init_Velocity> Initialize the random number
  seed            = 363615

INFO:       STEP            TIME       TOTAL_ENE   POTENTIAL_ENE     KINETIC_ENE            RMSG            BOND           ANGLE        DIHEDRAL      BASE_STACK       BASE_PAIR         DNA_exv        PWMcosns  NATIVE_CONTACT          CG_EXV           ELECT     TEMPERATURE          VOLUME
 --------------- --------------- --------------- --------------- ---------------
INFO:          0          0.0000   -2459110.3533   -3392162.4171     933052.0638         10.8044     332553.1032    -657939.9380   -1270178.6256    -493431.5579    -372126.5896       1332.9481     -22014.5967    -826438.7007      10734.6268     -94653.0866          0.0000 3048625000.0000

INFO:         20          0.4000   -2471294.8392   -3476507.8015    1005212.9624         10.0494     293563.4424    -667473.5299   -1276872.3203    -491908.4036    -369574.5487       1216.5263     -21864.8695    -858694.2352       9988.1497     -94888.0128        337.3974 3048625000.0000

INFO:         40          0.8000   -2473317.5293   -3492470.4785    1019152.9492          9.8351     282769.3483    -673280.3908   -1276980.1106    -490938.3569    -368804.0743       1185.0778     -23023.8699    -856744.9781       9727.1409     -96380.2649        347.8299 3048625000.0000

INFO:         60          1.2000   -2471749.3643   -3478552.4463    1006803.0820          9.9680     291122.3406    -670933.8799   -1275389.7323    -491784.6603    -368289.1206       1279.4254     -23350.9754    -853696.5660      10120.7119     -97629.9898        343.6609 3048625000.0000

INFO:         80          1.6000   -2472769.3523   -3483495.8224    1010726.4702          9.9390     289501.4284    -672101.6532   -1278291.1193    -490033.1964    -367434.7095       1313.4016     -23331.7603    -854271.6734       9956.0150     -98802.5552        345.0895 3048625000.0000

INFO:        100          2.0000   -2473699.1459   -3477874.3515    1004175.2056          9.8857     286064.7901    -667787.2643   -1274816.4421    -490988.2334    -366468.3597       1327.8470     -23202.7710    -852334.3491      10354.4398    -100024.0088        343.1446 3048625000.0000

INFO:        120          2.4000   -2474522.5506   -3484954.2976    1010431.7470          9.8569     285477.0014    -672258.1665   -1275823.4241    -490118.7844    -365809.9723       1338.4347     -22997.1921    -854294.9020      10659.8845    -101127.1768        344.4363 3048625000.0000

INFO:        140          2.8000   -2475256.4421   -3484505.1022    1009248.6602          9.8576     285207.5888    -670611.4353   -1274972.2555    -489652.4711    -366588.7487       1186.4867     -23810.9310    -854376.9977       9974.2709    -100860.6094        344.5141 3048625000.0000

INFO:        160          3.2000   -2476084.2762   -3484992.4201    1008908.1438          9.8309     284665.7160    -672111.0908   -1274784.0527    -489592.5171    -366690.9483       1284.0189     -23421.6817    -853482.5302       9730.8065    -100590.1407        343.9292 3048625000.0000

INFO:        180          3.6000   -2477004.4122   -3490357.3297    1013352.9175          9.8229     282711.3755    -672230.8409   -1275893.0562    -489465.3246    -367330.2480       1096.9633     -22863.3238    -855713.9711      10054.1065    -100723.0104        345.2337 3048625000.0000

INFO:        200          4.0000   -2477872.3503   -3486663.7057    1008791.3555          9.8161     283004.4944    -671897.2903   -1275263.5731    -489030.2746    -366645.4302       1147.4384     -22665.4935    -854426.8740      10404.1897    -101290.8925        344.3129 3048625000.0000

 
[STEP6] Deallocate Arrays
 
Output_Time> Averaged timer profile (Min, Max)
  total time      =       8.148
    setup         =       6.140
    dynamics      =       2.007
      energy      =       1.398
      integrator  =       0.292
      migration   =       0.070
      pairlist    =       0.094 (       0.059,       0.159)
  energy           
    bond          =       0.008 (       0.003,       0.022)
    angle         =       0.042 (       0.014,       0.091)
    dihedral      =       0.053 (       0.017,       0.124)
    base stacking =       0.003 (       0.001,       0.007)
    nonbond       =       0.268 (       0.065,       0.735)
      CG exv      =       0.010 (       0.003,       0.025)
      CG DNA bp   =       0.030 (       0.006,       0.114)
      CG DNA exv  =       0.004 (       0.002,       0.012)
      CG ele      =       0.207 (       0.046,       0.541)
      CG PWMcos   =       0.000 (       0.000,       0.000)
      CG PWMcosns =       0.004 (       0.001,       0.012)
      CG IDR-HPS  =       0.000 (       0.000,       0.000)
      CG IDR-KH   =       0.000 (       0.000,       0.000)
      CG KH       =       0.000 (       0.000,       0.000)
      Contact     =       0.012 (       0.002,       0.035)
      pme real    =       0.000 (       0.000,       0.000)
      pme recip   =       0.000 (       0.000,       0.000)
    solvation     =       0.000 (       0.000,       0.000)
      polar       =       0.000 (       0.000,       0.000)
      non-polar   =       0.000 (       0.000,       0.000)
    restraint     =       0.000 (       0.000,       0.000)
    qmmm          =       0.000 (       0.000,       0.000)
    morph         =       0.000 (       0.000,       0.000)
  integrator       
    constraint    =       0.000 (       0.000,       0.000)
    update        =       0.000 (       0.000,       0.000)
    comm_coord    =       0.136 (       0.041,       0.329)
    comm_force    =       0.054 (       0.035,       0.202)
  migration       =       0.070 (       0.070,       0.071)
    comm_migrate  =       0.038 (       0.034,       0.040)
    ptl_migrate   =       0.001 (       0.001,       0.003)
    bond_migrate  =       0.000 (       0.000,       0.002)
    angl_migrate  =       0.001 (       0.000,       0.002)
    dihe_migrate  =       0.001 (       0.000,       0.001)
    contact_migr  =       0.001 (       0.000,       0.002)
    stack_migrate =       0.000 (       0.000,       0.000)
    pwmcos_migrate =       0.000 (       0.000,       0.000)
    pwmcosns_migr  =       0.000 (       0.000,       0.000)
    nonb_update    =       0.026 (       0.013,       0.048)

