****************************************************
*                                                  *
*                  GENESIS CGDYN                   *
*                                                  *
*        A Molecular Dynamics Simulator with       *
*           Spatial Decomposition Scheme           *
*                                                  *
*               Developed by RIKEN                 *
*                                                  *
****************************************************
 
[STEP0] Architecture and Compiler Information
 
GENESIS_Information> GENESIS Information
  version      = 2.0.0
  commit ID    = $GENESIS_VERSION$
  precision    = mixed 
  nonbonding   = CPU

Build_Information> Compiler Information
  build host   = jjwsmj@hokusai2
  fortran      = ifort (IFORT) 2021.7.1 20221019
  option       = 
  -axCORE-AVX512 -g -O3  -qmkl=parallel  -assume byterecl -qopenmp  
  C            = 
 icc: remark #10441: The Intel(R) C++ Compiler Classic (ICC) is deprecated and w
 ill be removed from product release in the second half of 2023. The Intel(R) on
 eAPI DPC++/C++ Compiler (ICX) is the recommended compiler moving forward. Pleas
 e transition to use this compiler. Use '-diag-disable=10441' to disable this me
 ssage.
  option       = -O3 -ip -axCORE-AVX2  -qopenmp 
  defined var. = 
  -DHAVE_MPI_GENESIS -DOMP -DIFORT19 -DFFTE -DLAPACK -DDSFMT_MEXP=19937 -DINTEL
  link option  = 
  -assume byterecl -lgfortran -qopenmp  -lmkl_intel_lp64 -lmkl_sequential -lmkl_
 core -lmkl_lapack95_lp64   
  MPI Compiler = Intel(R) MPI

Runtime_Information> Machine and Library Information
  date       = 2023/05/12 15:39:54
  cpu model    = Intel(R) Xeon(R) Gold 6148 CPU @ 2.40GHz
  exec. host   = jjwsmj@bwmpc0058
  LD library   = 
 /bwfefs/opt/x86_64/intel/oneapi/2022.3/mpi/2021.7.1/libfabric/lib:/bwfefs/opt/x
 86_64/intel/oneapi/2022.3/mpi/2021.7.1/lib/release:/bwfefs/opt/x86_64/intel/one
 api/2022.3/mpi/2021.7.1/lib:/bwfefs/opt/x86_64/intel/oneapi/2022.3/tbb/2021.7.1
 /lib/intel64/gcc4.8:/usr/lib64:/bwfefs/opt/x86_64/intel/oneapi/2022.3/vpl/2022.
 2.5/lib:/bwfefs/opt/x86_64/intel/oneapi/2022.3/mkl/latest/lib/intel64:/bwfefs/o
 pt/x86_64/intel/oneapi/2022.3/itac/2021.7.1/slib:/bwfefs/opt/x86_64/intel/oneap
 i/2022.3/ippcp/2021.6.2/lib/intel64:/bwfefs/opt/x86_64/intel/oneapi/2022.3/ipp/
 2021.6.2/lib/intel64:/bwfefs/opt/x86_64/intel/oneapi/2022.3/dnnl/2022.2.1/cpu_d
 pcpp_gpu_dpcpp/lib:/bwfefs/opt/x86_64/intel/oneapi/2022.3/dal/2021.7.1/lib/inte
 l64:/bwfefs/opt/x86_64/intel/oneapi/2022.3/compiler/2022.2.1/linux/compiler/lib
 :/bwfefs/opt/x86_64/intel/oneapi/2022.3/compiler/2022.2.1/linux/lib/oclfpga/hos
 t/linux64/lib:/bwfefs/opt/x86_64/intel/oneapi/2022.3/compiler/2022.2.1/linux/li
 b/oclfpga/linux64/lib:/bwfefs/opt/x86_64/intel/oneapi/2022.3/compiler/2022.2.1/
 linux/lib:/bwfefs/opt/x86_64/intel/oneapi/2022.3/compiler/2022.2.1/linux/lib/x6
 4:/bwfefs/opt/x86_64/intel/oneapi/2022.3/compiler/2022.2.1/linux/lib/emu:/bwfef
 s/opt/x86_64/intel/oneapi/2022.3/compiler/2022.2.1/linux/compiler/lib/intel64_l
 in:/bwfefs/opt/x86_64/intel/oneapi/2022.3/debugger/2021.7.1/dep/lib:/bwfefs/opt
 /x86_64/intel/oneapi/2022.3/debugger/2021.7.1/libipt/intel64/lib:/bwfefs/opt/x8
 6_64/intel/oneapi/2022.3/debugger/2021.7.1/gdb/intel64/lib:/bwfefs/opt/x86_64/
 MPI Runtime = Intel(R) MPI Library 2021.7 for Linux* OS


[STEP1] Read Control Parameters
 
Read_Ctrl_Input> Input Files
  grotopfile = nuc.top
  grocrdfile = crd/nuc.gro
 
Read_Ctrl_Output> Output Files
 
Read_Ctrl_Energy> Parameters of Energy Calculations
  forcefield      =    RESIDCG
  output_style    =    GENESIS
 
Read_Ctrl_Dynamics> Parameters of MD simulation
  integrator      =       VVER  nsteps          =        200
  timestep        =     0.0200  initial_time    =     0.0000
  eneout_period   =         20  rstout_period   =          0
  crdout_period   =          0  velout_period   =          0
  nbupdate_period =         20  stoptr_period   =         10
  lbupdate_period =          0
  iseed           =         -1
  annealing       =         no
  verbose         =         no
  target_md       =         no
  steered_md      =         no
 
Read_Ctrl_Ensemble> Parameters for Ensemble
  ensemble        =        NVT
  temperature     =    300.000
  tpcontrol       =   LANGEVIN
  gamma_t         =      0.010
 
Read_Ctrl_Boundary> Parameters of Boundary Condition
  type            =       PBC 
  box_size(x,y,z) =   1450.000  1450.000  1450.000
  min_domain_cell =          2
 
Read_Ctrl_Selection> Parameters of Selection
  # of groups     =          0
  # of mole names =          0
 
Read_Ctrl_Restraints> No restraint in the system

Read_Ctrl_Fitting_MD> Parameters of Fitting
  fitting method  =  TR+ROT   
  fitting atom    = group1
  mass_weight     =         no
 
[STEP2] Setup MPI
 
Setup_Mpi_Md> Summary of Setup MPI
  number of MPI processes   =        512
  number of OpenMP threads  =          5
  total number of CPU cores =       2560

[STEP3] Set Relevant Variables and Structures
 
Read_Grotop> Summary of Grotopfile
  num_moltypes    =          1
    nucleosome            :
      num_atoms   =       2040
      num_bonds   =       2030
      num_angls   =       3128
      num_dihes   =       3810
      num_cmaps   =          0
      num_excls   =          0
      num_constrs =          0
      num_pairs   =       3885
      num_vsites2 =          0
      num_vsites3 =          0
      num_vsites4 =          0
      num_vsitesn =          0
      num_posress =          0
      num_PWMcos  =          0
      num_PWMcosns=         78
      num_IDR_HPS =          0
      num_IDR_KH  =          0
    .. not used molecule types were hidden.

  num_molecules   =        512
    nucleosome            :  512

  num_atomtypes   =         33  num_bondtypes   =          0
  num_angltypes   =          0  num_dihetypes   =          0
  num_flangltypes           20
  num_fldihetypes          400
  num_constrtypes =          0  num_cmaptypes   =          0
  num_nbonparms   =          0
  num_basestacktypes  =     16
  num_basepairtypes   =      4
  num_basecrosstypes  =     32
  num_cgdnaexvtypes   =      6
  num_cgelemolpairs   =      1
  num_pwmcosnsmolpairs       1
  num_cg_IDR_HPS_atomtypes  =     20
  num_cg_KH_atomtypes  =    20

  num_cg_pair_MJ_eps   =   400

Define_Molecule> Summary of molecules
  num_atoms       =    1044480  num_bonds       =    1039360
  num_angles      =    1601536  num_dihedrals   =    1950720
  num_impropers   =          0  num_cmap_terms  =          0
  num_residues    =     683008  num_molecules   =       5120
  num_segments    =          1  num_deg_freedom =    3133440
  total_charge    = -33388.547
 
Setup_Boundary_Cell> Set Variables for Boundary Condition
  domains (x,y,z) =          8         8         8
  ncells (x,y,z)  =         50        50        50
 
Define_Enefunc_Gromacs> Number of Interactions in Each Term
  bond_ene        =     497664  angle_ene       =    1107968
  bond_ene_cgDNA  =     541696
  flex_angle_ene  =     493568
  torsion_ene     =    1601536
 restraint_groups =          0 restraint_funcs  =          0
 
Setup_Dynamics> Subtract 3 translational degrees of freedom
 
Update_Num_Deg_Freedom> Number of degrees of freedom was updated
  num_deg_freedom =    3133437 (After removing translation)
 
Random_Init> Initialize the random number
  seed            = 979415

Setup_Fitting_cgdyn> NO fitting is applied, skip
  fitting method  =  NO
 
[STEP4] Compute Single Point Energy for Molecules
 
            STEP          ENERGY            BOND           ANGLE        DIHEDRAL   BASE STACKING  NATIVE_CONTACT NON-NATIVE_CONT           ELECT    BASE_PAIRING         DNA_exv        PWMcosns          CG_EXV
 --------------- --------------- --------------- --------------- ---------------
               0   -3392162.4171     332553.1032    -657939.9380   -1270178.6256    -493431.5579    -826438.7007          0.0000     -94653.0866    -372126.5896       1332.9481     -22014.5967      10734.6268

[STEP5] Perform Molecular Dynamics Simulation
 
Initial_Velocity> Generate initial velocities
  iseed           =     979415
  temperature     =    300.000
 
Random_Init_Velocity> Initialize the random number
  seed            = 979415

INFO:       STEP            TIME       TOTAL_ENE   POTENTIAL_ENE     KINETIC_ENE            RMSG            BOND           ANGLE        DIHEDRAL      BASE_STACK       BASE_PAIR         DNA_exv        PWMcosns  NATIVE_CONTACT          CG_EXV           ELECT     TEMPERATURE          VOLUME
 --------------- --------------- --------------- --------------- ---------------
INFO:          0          0.0000   -2458861.0464   -3392162.4171     933301.3707         10.8044     332553.1032    -657939.9380   -1270178.6256    -493431.5579    -372126.5896       1332.9481     -22014.5967    -826438.7007      10734.6268     -94653.0866          0.0000 3048625000.0000

INFO:         20          0.4000   -2470884.1673   -3474312.0420    1003427.8747         10.0698     294974.4064    -667232.0440   -1276468.7707    -491677.1521    -369442.6319       1230.2237     -21835.1782    -859002.1553      10056.7608     -94915.5007        336.7896 3048625000.0000

INFO:         40          0.8000   -2472685.2835   -3489584.5785    1016899.2950          9.8729     285288.2039    -673210.2988   -1277225.0961    -490900.4181    -368381.7708       1161.1038     -22960.5503    -856740.3054       9723.6297     -96339.0765        346.9307 3048625000.0000

INFO:         60          1.2000   -2471774.5128   -3477270.9730    1005496.4602          9.9642     290887.5556    -669746.0818   -1275517.0590    -491471.6607    -368146.1961       1313.3146     -23179.1810    -853942.1413      10137.4442     -97606.9673        343.1349 3048625000.0000

INFO:         80          1.6000   -2472698.3397   -3484257.5223    1011559.1826          9.9350     288490.5621    -671402.8384   -1279107.2666    -489998.5485    -366904.9803       1325.9122     -23357.9775    -854496.9522       9944.4073     -98749.8405        345.8708 3048625000.0000

INFO:        100          2.0000   -2473395.2611   -3477735.0415    1004339.7804          9.8892     285697.5354    -667862.7378   -1274364.4115    -490941.3035    -365942.4164       1341.4810     -23379.6328    -852533.6715      10264.5426    -100014.4269        343.2771 3048625000.0000

INFO:        120          2.4000   -2474282.7938   -3484788.9749    1010506.1811          9.8596     285157.1174    -671271.4529   -1275645.8127    -490465.7662    -365691.4701       1367.4339     -23122.0503    -854721.8898      10764.9173    -101160.0015        344.8411 3048625000.0000

INFO:        140          2.8000   -2475021.1397   -3484873.6671    1009852.5274          9.8529     284787.9486    -670629.3026   -1274965.4898    -489909.9576    -366245.0414       1169.0290     -23888.5341    -854420.7396      10062.2751    -100833.8546        344.7037 3048625000.0000

INFO:        160          3.2000   -2475674.3174   -3485427.3061    1009752.9887          9.8537     285537.5072    -671897.4772   -1275425.2162    -489765.9113    -366949.1847       1260.9718     -23421.8310    -853886.8090       9600.8275    -100480.1831        344.4972 3048625000.0000

INFO:        180          3.6000   -2476677.1107   -3489527.3471    1012850.2364          9.8384     283536.7113    -672414.8133   -1275767.7982    -489188.2076    -367142.6976       1120.9444     -22845.0511    -856163.7718       9969.5796    -100632.2427        345.2810 3048625000.0000

INFO:        200          4.0000   -2477483.3579   -3487167.8539    1009684.4959          9.8212     283480.5016    -672051.5835   -1275457.8657    -489194.3117    -366432.2679       1177.4429     -22691.8873    -855001.5023      10263.8595    -101260.2392        344.3143 3048625000.0000

 
[STEP6] Deallocate Arrays
 
Output_Time> Averaged timer profile (Min, Max)
  total time      =       8.435
    setup         =       6.694
    dynamics      =       1.740
      energy      =       1.176
      integrator  =       0.287
      migration   =       0.068
      pairlist    =       0.098 (       0.074,       0.151)
  energy           
    bond          =       0.008 (       0.003,       0.018)
    angle         =       0.033 (       0.010,       0.079)
    dihedral      =       0.051 (       0.017,       0.126)
    base stacking =       0.003 (       0.001,       0.006)
    nonbond       =       0.268 (       0.060,       0.669)
      CG exv      =       0.010 (       0.003,       0.024)
      CG DNA bp   =       0.032 (       0.006,       0.112)
      CG DNA exv  =       0.004 (       0.002,       0.013)
      CG ele      =       0.205 (       0.041,       0.547)
      CG PWMcos   =       0.000 (       0.000,       0.000)
      CG PWMcosns =       0.004 (       0.001,       0.014)
      CG IDR-HPS  =       0.000 (       0.000,       0.000)
      CG IDR-KH   =       0.000 (       0.000,       0.000)
      CG KH       =       0.000 (       0.000,       0.000)
      Contact     =       0.013 (       0.002,       0.032)
      pme real    =       0.000 (       0.000,       0.000)
      pme recip   =       0.000 (       0.000,       0.000)
    solvation     =       0.000 (       0.000,       0.000)
      polar       =       0.000 (       0.000,       0.000)
      non-polar   =       0.000 (       0.000,       0.000)
    restraint     =       0.000 (       0.000,       0.000)
    qmmm          =       0.000 (       0.000,       0.000)
    morph         =       0.000 (       0.000,       0.000)
  integrator       
    constraint    =       0.000 (       0.000,       0.000)
    update        =       0.000 (       0.000,       0.000)
    comm_coord    =       0.129 (       0.042,       0.216)
    comm_force    =       0.051 (       0.034,       0.096)
  migration       =       0.068 (       0.068,       0.069)
    comm_migrate  =       0.037 (       0.034,       0.039)
    ptl_migrate   =       0.001 (       0.001,       0.002)
    bond_migrate  =       0.000 (       0.000,       0.001)
    angl_migrate  =       0.001 (       0.000,       0.001)
    dihe_migrate  =       0.001 (       0.000,       0.001)
    contact_migr  =       0.001 (       0.000,       0.002)
    stack_migrate =       0.000 (       0.000,       0.002)
    pwmcos_migrate =       0.000 (       0.000,       0.000)
    pwmcosns_migr  =       0.000 (       0.000,       0.000)
    nonb_update    =       0.026 (       0.013,       0.048)

