****************************************************
*                                                  *
*                  GENESIS CGDYN                   *
*                                                  *
*        A Molecular Dynamics Simulator with       *
*           Spatial Decomposition Scheme           *
*                                                  *
*               Developed by RIKEN                 *
*                                                  *
****************************************************
 
[STEP0] Architecture and Compiler Information
 
GENESIS_Information> GENESIS Information
  version      = 2.0.0
  commit ID    = $GENESIS_VERSION$
  precision    = mixed 
  nonbonding   = CPU

Build_Information> Compiler Information
  build host   = jjwsmj@hokusai2
  fortran      = ifort (IFORT) 2021.7.1 20221019
  option       = 
  -axCORE-AVX512 -g -O3  -qmkl=parallel  -assume byterecl -qopenmp  
  C            = 
 icc: remark #10441: The Intel(R) C++ Compiler Classic (ICC) is deprecated and w
 ill be removed from product release in the second half of 2023. The Intel(R) on
 eAPI DPC++/C++ Compiler (ICX) is the recommended compiler moving forward. Pleas
 e transition to use this compiler. Use '-diag-disable=10441' to disable this me
 ssage.
  option       = -O3 -ip -axCORE-AVX2  -qopenmp 
  defined var. = 
  -DHAVE_MPI_GENESIS -DOMP -DIFORT19 -DFFTE -DLAPACK -DDSFMT_MEXP=19937 -DINTEL
  link option  = 
  -assume byterecl -lgfortran -qopenmp  -lmkl_intel_lp64 -lmkl_sequential -lmkl_
 core -lmkl_lapack95_lp64   
  MPI Compiler = Intel(R) MPI

Runtime_Information> Machine and Library Information
  date       = 2023/05/12 15:39:34
  cpu model    = Intel(R) Xeon(R) Gold 6148 CPU @ 2.40GHz
  exec. host   = jjwsmj@bwmpc0208
  LD library   = 
 /bwfefs/opt/x86_64/intel/oneapi/2022.3/mpi/2021.7.1/libfabric/lib:/bwfefs/opt/x
 86_64/intel/oneapi/2022.3/mpi/2021.7.1/lib/release:/bwfefs/opt/x86_64/intel/one
 api/2022.3/mpi/2021.7.1/lib:/bwfefs/opt/x86_64/intel/oneapi/2022.3/tbb/2021.7.1
 /lib/intel64/gcc4.8:/usr/lib64:/bwfefs/opt/x86_64/intel/oneapi/2022.3/vpl/2022.
 2.5/lib:/bwfefs/opt/x86_64/intel/oneapi/2022.3/mkl/latest/lib/intel64:/bwfefs/o
 pt/x86_64/intel/oneapi/2022.3/itac/2021.7.1/slib:/bwfefs/opt/x86_64/intel/oneap
 i/2022.3/ippcp/2021.6.2/lib/intel64:/bwfefs/opt/x86_64/intel/oneapi/2022.3/ipp/
 2021.6.2/lib/intel64:/bwfefs/opt/x86_64/intel/oneapi/2022.3/dnnl/2022.2.1/cpu_d
 pcpp_gpu_dpcpp/lib:/bwfefs/opt/x86_64/intel/oneapi/2022.3/dal/2021.7.1/lib/inte
 l64:/bwfefs/opt/x86_64/intel/oneapi/2022.3/compiler/2022.2.1/linux/compiler/lib
 :/bwfefs/opt/x86_64/intel/oneapi/2022.3/compiler/2022.2.1/linux/lib/oclfpga/hos
 t/linux64/lib:/bwfefs/opt/x86_64/intel/oneapi/2022.3/compiler/2022.2.1/linux/li
 b/oclfpga/linux64/lib:/bwfefs/opt/x86_64/intel/oneapi/2022.3/compiler/2022.2.1/
 linux/lib:/bwfefs/opt/x86_64/intel/oneapi/2022.3/compiler/2022.2.1/linux/lib/x6
 4:/bwfefs/opt/x86_64/intel/oneapi/2022.3/compiler/2022.2.1/linux/lib/emu:/bwfef
 s/opt/x86_64/intel/oneapi/2022.3/compiler/2022.2.1/linux/compiler/lib/intel64_l
 in:/bwfefs/opt/x86_64/intel/oneapi/2022.3/debugger/2021.7.1/dep/lib:/bwfefs/opt
 /x86_64/intel/oneapi/2022.3/debugger/2021.7.1/libipt/intel64/lib:/bwfefs/opt/x8
 6_64/intel/oneapi/2022.3/debugger/2021.7.1/gdb/intel64/lib:/bwfefs/opt/x86_64/
 MPI Runtime = Intel(R) MPI Library 2021.7 for Linux* OS


[STEP1] Read Control Parameters
 
Read_Ctrl_Input> Input Files
  grotopfile = nuc.top
  grocrdfile = crd/nuc.gro
 
Read_Ctrl_Output> Output Files
 
Read_Ctrl_Energy> Parameters of Energy Calculations
  forcefield      =    RESIDCG
  output_style    =    GENESIS
 
Read_Ctrl_Dynamics> Parameters of MD simulation
  integrator      =       VVER  nsteps          =        200
  timestep        =     0.0200  initial_time    =     0.0000
  eneout_period   =         20  rstout_period   =          0
  crdout_period   =          0  velout_period   =          0
  nbupdate_period =         20  stoptr_period   =         10
  lbupdate_period =          0
  iseed           =         -1
  annealing       =         no
  verbose         =         no
  target_md       =         no
  steered_md      =         no
 
Read_Ctrl_Ensemble> Parameters for Ensemble
  ensemble        =        NVT
  temperature     =    300.000
  tpcontrol       =   LANGEVIN
  gamma_t         =      0.010
 
Read_Ctrl_Boundary> Parameters of Boundary Condition
  type            =       PBC 
  box_size(x,y,z) =   1450.000  1450.000  1450.000
  min_domain_cell =          2
 
Read_Ctrl_Selection> Parameters of Selection
  # of groups     =          0
  # of mole names =          0
 
Read_Ctrl_Restraints> No restraint in the system

Read_Ctrl_Fitting_MD> Parameters of Fitting
  fitting method  =  TR+ROT   
  fitting atom    = group1
  mass_weight     =         no
 
[STEP2] Setup MPI
 
Setup_Mpi_Md> Summary of Setup MPI
  number of MPI processes   =        512
  number of OpenMP threads  =          5
  total number of CPU cores =       2560

[STEP3] Set Relevant Variables and Structures
 
Read_Grotop> Summary of Grotopfile
  num_moltypes    =          1
    nucleosome            :
      num_atoms   =       2040
      num_bonds   =       2030
      num_angls   =       3128
      num_dihes   =       3810
      num_cmaps   =          0
      num_excls   =          0
      num_constrs =          0
      num_pairs   =       3885
      num_vsites2 =          0
      num_vsites3 =          0
      num_vsites4 =          0
      num_vsitesn =          0
      num_posress =          0
      num_PWMcos  =          0
      num_PWMcosns=         78
      num_IDR_HPS =          0
      num_IDR_KH  =          0
    .. not used molecule types were hidden.

  num_molecules   =        512
    nucleosome            :  512

  num_atomtypes   =         33  num_bondtypes   =          0
  num_angltypes   =          0  num_dihetypes   =          0
  num_flangltypes           20
  num_fldihetypes          400
  num_constrtypes =          0  num_cmaptypes   =          0
  num_nbonparms   =          0
  num_basestacktypes  =     16
  num_basepairtypes   =      4
  num_basecrosstypes  =     32
  num_cgdnaexvtypes   =      6
  num_cgelemolpairs   =      1
  num_pwmcosnsmolpairs       1
  num_cg_IDR_HPS_atomtypes  =     20
  num_cg_KH_atomtypes  =    20

  num_cg_pair_MJ_eps   =   400

Define_Molecule> Summary of molecules
  num_atoms       =    1044480  num_bonds       =    1039360
  num_angles      =    1601536  num_dihedrals   =    1950720
  num_impropers   =          0  num_cmap_terms  =          0
  num_residues    =     683008  num_molecules   =       5120
  num_segments    =          1  num_deg_freedom =    3133440
  total_charge    = -33388.547
 
Setup_Boundary_Cell> Set Variables for Boundary Condition
  domains (x,y,z) =          8         8         8
  ncells (x,y,z)  =         50        50        50
 
Define_Enefunc_Gromacs> Number of Interactions in Each Term
  bond_ene        =     497664  angle_ene       =    1107968
  bond_ene_cgDNA  =     541696
  flex_angle_ene  =     493568
  torsion_ene     =    1601536
 restraint_groups =          0 restraint_funcs  =          0
 
Setup_Dynamics> Subtract 3 translational degrees of freedom
 
Update_Num_Deg_Freedom> Number of degrees of freedom was updated
  num_deg_freedom =    3133437 (After removing translation)
 
Random_Init> Initialize the random number
  seed            = 807405

Setup_Fitting_cgdyn> NO fitting is applied, skip
  fitting method  =  NO
 
[STEP4] Compute Single Point Energy for Molecules
 
            STEP          ENERGY            BOND           ANGLE        DIHEDRAL   BASE STACKING  NATIVE_CONTACT NON-NATIVE_CONT           ELECT    BASE_PAIRING         DNA_exv        PWMcosns          CG_EXV
 --------------- --------------- --------------- --------------- ---------------
               0   -3392162.4171     332553.1032    -657939.9380   -1270178.6256    -493431.5579    -826438.7007          0.0000     -94653.0866    -372126.5896       1332.9481     -22014.5967      10734.6268

[STEP5] Perform Molecular Dynamics Simulation
 
Initial_Velocity> Generate initial velocities
  iseed           =     807405
  temperature     =    300.000
 
Random_Init_Velocity> Initialize the random number
  seed            = 807405

INFO:       STEP            TIME       TOTAL_ENE   POTENTIAL_ENE     KINETIC_ENE            RMSG            BOND           ANGLE        DIHEDRAL      BASE_STACK       BASE_PAIR         DNA_exv        PWMcosns  NATIVE_CONTACT          CG_EXV           ELECT     TEMPERATURE          VOLUME
 --------------- --------------- --------------- --------------- ---------------
INFO:          0          0.0000   -2458467.0010   -3392162.4171     933695.4161         10.8044     332553.1032    -657939.9380   -1270178.6256    -493431.5579    -372126.5896       1332.9481     -22014.5967    -826438.7007      10734.6268     -94653.0866          0.0000 3048625000.0000

INFO:         20          0.4000   -2470464.1416   -3475442.9917    1004978.8501         10.0555     294904.7038    -667640.1883   -1277144.5823    -491739.1000    -369559.2586       1202.0664     -21962.5364    -858569.9678       9956.8480     -94890.9765        337.0753 3048625000.0000

INFO:         40          0.8000   -2472295.3021   -3490584.4875    1018289.1855          9.8572     283947.1738    -673236.8926   -1276742.5318    -491359.4310    -368368.5509       1170.5889     -23016.4869    -856337.4692       9743.4484     -96384.3363        347.5545 3048625000.0000

INFO:         60          1.2000   -2471289.9816   -3479540.0763    1008250.0947          9.9390     289331.4602    -670426.5442   -1275113.8861    -491839.4866    -368332.5197       1308.4342     -23201.0104    -853819.2988      10183.6396     -97630.8645        343.9344 3048625000.0000

INFO:         80          1.6000   -2471789.5643   -3482342.9193    1010553.3550          9.9333     289351.6239    -670740.7740   -1278544.6163    -490256.2104    -366997.9310       1338.4458     -23339.7026    -854296.0884       9931.9695     -98789.6358        345.0303 3048625000.0000

INFO:        100          2.0000   -2472681.2271   -3477106.6446    1004425.4175          9.8904     286388.1978    -667648.5294   -1274694.8530    -490955.7322    -366334.0134       1377.8054     -23182.0423    -852319.1450      10309.7004    -100048.0330        343.0059 3048625000.0000

INFO:        120          2.4000   -2473723.2297   -3486223.5210    1012500.2913          9.8472     284548.9456    -672107.1730   -1275552.1906    -490240.8031    -366292.1871       1341.7951     -23039.9354    -854496.4759      10823.7040    -101209.2006        345.2388 3048625000.0000

INFO:        140          2.8000   -2474341.6481   -3483731.7846    1009390.1366          9.8439     283776.3869    -669245.1540   -1274566.6343    -489557.9892    -366545.8760       1174.2989     -23713.8767    -854211.6618      10047.3395    -100888.6179        344.6667 3048625000.0000

INFO:        160          3.2000   -2474954.1211   -3484260.7245    1009306.6034          9.8393     284166.2699    -670889.0537   -1275151.2636    -489587.1083    -366508.7193       1280.5450     -23307.6235    -853317.5664       9579.4066    -100525.6113        344.3415 3048625000.0000

INFO:        180          3.6000   -2475966.3908   -3488722.9401    1012756.5493          9.8257     282739.3855    -670812.9195   -1275940.8082    -489474.3400    -367202.2653       1141.0407     -22653.2180    -855920.8153      10088.6303    -100687.6303        345.1151 3048625000.0000

INFO:        200          4.0000   -2476400.8166   -3485897.0326    1009496.2160          9.8398     283878.5259    -671217.3032   -1275519.2482    -489248.4650    -366946.9510       1164.3703     -22623.0703    -854446.7808      10257.0546    -101195.1650        344.3367 3048625000.0000

 
[STEP6] Deallocate Arrays
 
Output_Time> Averaged timer profile (Min, Max)
  total time      =       8.037
    setup         =       6.274
    dynamics      =       1.763
      energy      =       1.218
      integrator  =       0.254
      migration   =       0.094
      pairlist    =       0.090 (       0.058,       0.136)
  energy           
    bond          =       0.008 (       0.003,       0.018)
    angle         =       0.044 (       0.013,       0.107)
    dihedral      =       0.052 (       0.018,       0.131)
    base stacking =       0.003 (       0.001,       0.007)
    nonbond       =       0.267 (       0.064,       0.696)
      CG exv      =       0.010 (       0.003,       0.026)
      CG DNA bp   =       0.030 (       0.007,       0.098)
      CG DNA exv  =       0.004 (       0.002,       0.012)
      CG ele      =       0.206 (       0.046,       0.577)
      CG PWMcos   =       0.000 (       0.000,       0.000)
      CG PWMcosns =       0.004 (       0.001,       0.017)
      CG IDR-HPS  =       0.000 (       0.000,       0.000)
      CG IDR-KH   =       0.000 (       0.000,       0.000)
      CG KH       =       0.000 (       0.000,       0.000)
      Contact     =       0.012 (       0.002,       0.032)
      pme real    =       0.000 (       0.000,       0.000)
      pme recip   =       0.000 (       0.000,       0.000)
    solvation     =       0.000 (       0.000,       0.000)
      polar       =       0.000 (       0.000,       0.000)
      non-polar   =       0.000 (       0.000,       0.000)
    restraint     =       0.000 (       0.000,       0.000)
    qmmm          =       0.000 (       0.000,       0.000)
    morph         =       0.000 (       0.000,       0.000)
  integrator       
    constraint    =       0.000 (       0.000,       0.000)
    update        =       0.000 (       0.000,       0.000)
    comm_coord    =       0.124 (       0.042,       0.284)
    comm_force    =       0.052 (       0.035,       0.124)
  migration       =       0.094 (       0.093,       0.094)
    comm_migrate  =       0.059 (       0.050,       0.064)
    ptl_migrate   =       0.001 (       0.001,       0.002)
    bond_migrate  =       0.000 (       0.000,       0.001)
    angl_migrate  =       0.001 (       0.000,       0.001)
    dihe_migrate  =       0.001 (       0.000,       0.001)
    contact_migr  =       0.001 (       0.000,       0.002)
    stack_migrate =       0.000 (       0.000,       0.000)
    pwmcos_migrate =       0.000 (       0.000,       0.000)
    pwmcosns_migr  =       0.000 (       0.000,       0.000)
    nonb_update    =       0.026 (       0.013,       0.048)

