****************************************************
*                                                  *
*                  GENESIS ATDYN                   *
*                                                  *
*        A Molecular Dynamics Simulator with       *
*            Atomic Decomposition Scheme           *
*                                                  *
*               Developed by RIKEN                 *
*                                                  *
****************************************************
 
[STEP0] Architecture and Compiler Information
 
GENESIS_Information> GENESIS Information
  version      = 1.5.0
  commit ID    = 39fce84 [2021-02-27 10:39:18 +0900]
  precision    = double
  nonbonding   = CPU

Build_Information> Compiler Information
  build host   = ctan@hokusai2
  fortran      = ifort (IFORT) 19.0.5.281 20190815
  option       = -xHost -O3 -ip -mkl=parallel  -assume byterecl -qopenmp  
  C            = icc (ICC) 19.0.5.281 20190815
  option       = -O3 -ip -axCORE-AVX2  -qopenmp 
  defined var. = 
  -DMPI -DOMP -DIFORT19 -DFFTE -DLAPACK -DDSFMT_MEXP=19937 -DINTEL
  link option  = 
  -assume byterecl -lgfortran -qopenmp  -lmkl_intel_lp64 -lmkl_sequential -lmkl_
 core -lmkl_lapack95_lp64  

Runtime_Information> Machine and Library Information
  date       = 2021/02/27 11:55:30
  cpu model    = Intel(R) Xeon(R) Gold 6148 CPU @ 2.40GHz
  exec. host   = ctan@bwmpc0260
  LD library   = 
 /bwfefs/opt/x86_64/intel/impi/2019.5.281/intel64/lib/release:/bwfefs/opt/x86_64
 /intel/impi/2019.5.281/intel64/lib:/bwfefs/opt/x86_64/intel/impi/2019.5.281/int
 el64/libfabric/lib:/bwfefs/opt/x86_64/intel/parallel_studio_xe_2019.5.075/compi
 lers_and_libraries_2019//linux/compiler/lib/intel64:/bwfefs/opt/x86_64/intel/pa
 rallel_studio_xe_2019.5.075/compilers_and_libraries_2019//linux/compiler/lib/in
 tel64_lin:/bwfefs/opt/x86_64/intel/parallel_studio_xe_2019.5.075/compilers_and_
 libraries_2019//linux/mpi/intel64/lib:/bwfefs/opt/x86_64/intel/parallel_studio_
 xe_2019.5.075/compilers_and_libraries_2019//linux/mpi/intel64/libfabric/lib:/bw
 fefs/opt/x86_64/intel/parallel_studio_xe_2019.5.075/compilers_and_libraries_201
 9//linux/ipp/lib/intel64:/bwfefs/opt/x86_64/intel/parallel_studio_xe_2019.5.075
 /compilers_and_libraries_2019//linux/compiler/lib/intel64:/bwfefs/opt/x86_64/in
 tel/parallel_studio_xe_2019.5.075/compilers_and_libraries_2019//linux/mkl/lib/i
 ntel64:/bwfefs/opt/x86_64/intel/parallel_studio_xe_2019.5.075/compilers_and_lib
 raries_2019//linux/tbb/lib/intel64/gcc4.7:/bwfefs/opt/x86_64/intel/debugger_201
 9/iga/lib:/bwfefs/opt/x86_64/intel/debugger_2019/libipt/intel64/lib:/bwfefs/opt
 /x86_64/intel/parallel_studio_xe_2019.5.075/compilers_and_libraries_2019//linux
 /daal/lib/intel64_lin:/bwfefs/opt/x86_64/intel/parallel_studio_xe_2019.5.075/co
 mpilers_and_libraries_2019//linux/daal/../tbb/lib/intel64_lin/gcc4.7

[STEP1] Read Control Parameters
 
Read_Ctrl_Input> Input Files
  grotopfile = nuc.top
  grocrdfile = crd/nuc.gro
 
Read_Ctrl_Output> Output Files
 
Read_Ctrl_Energy>  WARNING: water_model is not available
Read_Ctrl_Energy> Parameters of Energy Calculations
  forcefield      =     AICG2P
  switchdist      =     10.000  cutoffdist      =     12.000
  pairlistdist    =     13.500  dielec_const    =      1.000
  debye           =     10.000
 vdW force_switch =         no
  electrostatic   =  CUTOFF
  implicit_solvent=       none
  table           =         no
  water_model     =       NONE
  output_style    =    GENESIS
  dispersion_corr =       none
  nonb_limiter    =      no
  user def. table =     no
 
Read_Ctrl_Dynamics> Parameters of MD simulation
  integrator      =    VVER_CG  nsteps          =        200
  timestep        =     0.0200  initial_time    =     0.0000
  eneout_period   =         20  rstout_period   =          0
  crdout_period   =          0  velout_period   =          0
  nbupdate_period =         20  stoptr_period   =         10
  iseed           =         -1
  annealing       =         no
  verbose         =         no
  target_md       =         no
  steered_md      =         no
  shrink_box      =         no
 
Read_Ctrl_Constraints> Parameters for Constraints
  rigid_bond      =         no
 
Read_Ctrl_Ensemble> Parameters for Ensemble
  ensemble        =        NVT
  temperature     =    300.000
  tpcontrol       =   LANGEVIN
  gamma_t         =      0.010
 
Read_Ctrl_Boundary> Parameters of Boundary Condition
  type            =     PBC   
  box_size(x,y,z) =   1450.000  1450.000  1450.000
  pairlist_grid   =      3.000
 
Read_Ctrl_Selection> Parameters of Selection
  # of groups     =          0
  # of mole names =          0
 
Read_Ctrl_Restraints> No restraint in the system

Read_Ctrl_Fitting_MD> Parameters of Fitting
  fitting method  =  TR+ROT   
  fitting atom    = group1
  mass_weight     =         no
 
[STEP2] Setup MPI
 
Setup_Mpi_Md> Summary of Setup MPI
  number of MPI processes   =         64
  number of OpenMP threads  =          5
  total number of CPU cores =        320

[STEP3] Set Relevant Variables and Structures
 
Read_Grotop> Summary of Grotopfile
  num_moltypes    =          1
    nucleosome            :
      num_atoms   =       2040
      num_bonds   =       2030
      num_angls   =       3128
      num_dihes   =       3810
      num_cmaps   =          0
      num_excls   =          0
      num_constrs =          0
      num_pairs   =       3885
      num_vsites2 =          0
      num_vsites3 =          0
      num_vsites4 =          0
      num_vsitesn =          0
      num_posress =          0
      num_PWMcos  =          0
      num_PWMcosns=         78
      num_IDR_HPS =          0
      num_IDR_KH  =          0
    .. not used molecule types were hidden.

  num_molecules   =        512
    nucleosome            :  512

  num_atomtypes   =         33  num_bondtypes   =          0
  num_angltypes   =          0  num_dihetypes   =          0
  num_flangltypes           20
  num_fldihetypes          400
  num_constrtypes =          0  num_cmaptypes   =          0
  num_nbonparms   =          0
  num_basestacktypes  =     16
  num_basepairtypes   =      4
  num_basecrosstypes  =     32
  num_cgdnaexvtypes   =      6
  num_cgelemolpairs   =      1
  num_pwmcosnsmolpairs       1
  num_cg_IDR_HPS_atomtypes  =     20
  num_cg_KH_atomtypes  =    20

  num_cg_pair_MJ_eps   =   400

Define_Molecule> Summary of molecules
  num_atoms       =    1044480  num_bonds       =    1039360
  num_angles      =    1601536  num_dihedrals   =    1950720
  num_impropers   =          0  num_cmap_terms  =          0
  num_residues    =     683008  num_molecules   =       5120
  num_segments    =          1  num_deg_freedom =    3133440
  total_charge    = -33388.544
 
Update_Num_Deg_Freedom> Number of degrees of freedom was updated
  num_deg_freedom =    3133437 (After removing translation)
 
Setup_Boundary> Setup Variables for Boundary Condition
  box_size(x,y,z) =   1450.000  1450.000  1450.000
  origin(x,y,z)   =      0.000     0.000     0.000
 
 
Define_Enefunc_Gromacs> Number of Interactions in Each Term
  bond_ene        =     497664  angle_ene       =    1107968
  bond_ene_cgDNA  =     541696
  flex_angle_ene  =     493568
  torsion_ene     =    1461248  rb_torsion_ene  =          0
  flex_dihed_ene  =     489472
  base_stack_ene  =     180224
  improper_ene    =          0
  nb_exclusions   =    5630464  nb14_calc       =          0
  contact_ene     =    1989120
  vsite2_ene      =          0  vsite3_ene      =          0
  vsite3fd_ene    =          0  vsite3fad_ene   =          0
  vsite3out_ene   =          0  vsite4fdn_ene   =          0
  vsiten_ene      =          0
 restraint_groups =          0 restraint_funcs  =          0
 
Get_Morph_in> Morphing check
  morphing_bb =           0  morphing_sc =           0
Setup_Fitting_Atdyn> NO fitting is applied, skip
  fitting method  =  NO
 
[STEP4] Compute Single Point Energy for Molecules
 
            STEP          ENERGY            BOND           ANGLE        DIHEDRAL   BASE_STACKING  NATIVE_CONTACT NON-NATIVE_CONT           ELECT    BASE_PAIRING         DNA_exv        PWMcosns          CG_EXV
 --------------- --------------- --------------- --------------- ---------------
               0   -3392162.2435     332553.4127    -657940.1022   -1270178.7506    -493431.5865    -826438.5943          0.0000     -94653.0970    -372126.5145       1332.9505     -22014.6031      10734.6415

[STEP5] Perform Molecular Dynamics Simulation
 
Generate_Velocity> Generate initial velocities
  iseed           =     394161
  temperature     =    300.000
 
Random_Init_Velocity> Initialize the random number
  seed            = 394161

INFO:       STEP            TIME       TOTAL_ENE   POTENTIAL_ENE     KINETIC_ENE            RMSG            BOND           ANGLE        DIHEDRAL      BASE_STACK       BASE_PAIR         DNA_exv        PWMcosns  NATIVE_CONTACT          CG_EXV           ELECT     TEMPERATURE          VOLUME
 --------------- --------------- --------------- --------------- ---------------
INFO:          0          0.0000   -2458242.6420   -3392162.2435     933919.6015         10.8044     332553.4127    -657940.1022   -1270178.7506    -493431.5865    -372126.5145       1332.9505     -22014.6031    -826438.5943      10734.6415     -94653.0970        299.9707 3048625000.0000

Random_Init> Initialize the random number
  seed            = 1452636052

INFO:         20          0.4000   -2470166.7744   -3475457.7169    1005290.9426         10.0430     294117.7948    -667395.4370   -1276822.1599    -491600.5702    -369523.6578       1217.1349     -21857.0629    -858704.1811      10006.4174     -94895.9951        322.8949 3048625000.0000

INFO:         40          0.8000   -2471343.5825   -3489550.7809    1018207.1984          9.8620     284641.8090    -672889.1271   -1276309.7921    -491283.6766    -368437.5129       1177.5808     -23031.2314    -856683.4056       9614.4097     -96349.8345        327.0435 3048625000.0000

INFO:         60          1.2000   -2470009.1929   -3478428.1585    1008418.9656          9.9397     289832.6571    -670242.6871   -1274992.9624    -491753.3430    -368196.8225       1286.3334     -23210.0511    -853579.3097      10068.6342     -97640.6074        323.8996 3048625000.0000

INFO:         80          1.6000   -2470453.2046   -3483463.2474    1013010.0429          9.9302     288733.8448    -670836.9464   -1278790.7651    -490237.6339    -367487.7557       1330.2971     -23227.2491    -854028.8813       9915.8250     -98833.9830        325.3742 3048625000.0000

INFO:        100          2.0000   -2470790.0345   -3475932.5977    1005142.5632          9.9039     286697.8003    -667236.1296   -1274779.3138    -490772.4000    -366101.8207       1345.6182     -23054.4465    -852284.0152      10388.4484    -100136.3388        322.8472 3048625000.0000

INFO:        120          2.4000   -2471183.1545   -3482101.4494    1010918.2949          9.8870     286939.7687    -670210.0262   -1275762.2773    -490079.9418    -366061.0144       1344.5363     -22924.0757    -854881.9307      10832.4056    -101298.8939        324.7024 3048625000.0000

INFO:        140          2.8000   -2471483.4775   -3481121.9174    1009638.4398          9.8737     286026.0960    -669046.6838   -1274457.5191    -489574.7719    -366364.5219       1173.8339     -23639.4532    -854318.7434      10033.3351    -100953.4891        324.2913 3048625000.0000

INFO:        160          3.2000   -2472004.0675   -3483649.2021    1011645.1346          9.8541     285479.5256    -670971.4697   -1275162.1859    -489555.6972    -366571.4057       1253.4271     -23220.4640    -853896.7632       9571.3517    -100575.5207        324.9358 3048625000.0000

INFO:        180          3.6000   -2472409.6425   -3486634.3202    1014224.6777          9.8504     284212.4270    -671208.8878   -1275254.9147    -488881.8459    -366925.6749       1122.2994     -22880.5433    -856042.5873       9929.2551    -100703.8477        325.7644 3048625000.0000

INFO:        200          4.0000   -2473011.7748   -3484468.1818    1011456.4070          9.8487     284447.6936    -671621.3269   -1274565.0984    -488868.4099    -366709.2383       1166.6252     -22618.7148    -854637.7021      10231.5918    -101293.6019        324.8752 3048625000.0000

 
[STEP6] Deallocate Arrays
 
Output_Time> Averaged timer profile (Min, Max)
  total time      =      36.937
    setup         =       9.990
    dynamics      =      26.947
      energy      =      17.188
      integrator  =       8.071
      pairlist    =       1.347 (       1.314,       1.390)
  energy           
    bond          =       0.050 (       0.044,       0.053)
    angle         =       0.153 (       0.149,       0.157)
    dihedral      =       0.233 (       0.226,       0.243)
    base stacking =       0.018 (       0.017,       0.021)
    nonbond       =       4.519 (       4.361,       6.096)
      CG exv      =       0.573 (       0.511,       0.723)
      CG DNA bp   =       0.209 (       0.206,       0.214)
      CG DNA exv  =       0.311 (       0.299,       0.316)
      CG ele      =       3.337 (       3.230,       4.766)
      CG PWMcos   =       0.000 (       0.000,       0.000)
      CG PWMcosns =       0.057 (       0.047,       0.072)
      CG IDR-HPS  =       0.000 (       0.000,       0.000)
      CG IDR-KH   =       0.000 (       0.000,       0.000)
      CG KH       =       0.000 (       0.000,       0.000)
      Contact     =       0.031 (       0.030,       0.033)
      pme real    =       0.000 (       0.000,       0.000)
      pme recip   =       0.000 (       0.000,       0.000)
    solvation     =       0.000 (       0.000,       0.000)
      polar       =       0.000 (       0.000,       0.000)
      non-polar   =       0.000 (       0.000,       0.000)
    restraint     =       0.000 (       0.000,       0.000)
    qmmm          =       0.000 (       0.000,       0.000)
    morph         =       0.000 (       0.000,       0.000)
  integrator       
    constraint    =       0.000 (       0.000,       0.000)
    update        =       0.000 (       0.000,       0.000)
    comm_coord    =       0.000 (       0.000,       0.000)
    comm_force    =       0.000 (       0.000,       0.000)
    comm_migrate  =       0.000 (       0.000,       0.000)

