****************************************************
*                                                  *
*                  GENESIS ATDYN                   *
*                                                  *
*        A Molecular Dynamics Simulator with       *
*            Atomic Decomposition Scheme           *
*                                                  *
*               Developed by RIKEN                 *
*                                                  *
****************************************************
 
[STEP0] Architecture and Compiler Information
 
GENESIS_Information> GENESIS Information
  version      = 1.5.0
  commit ID    = 39fce84 [2021-02-27 10:39:18 +0900]
  precision    = double
  nonbonding   = CPU

Build_Information> Compiler Information
  build host   = ctan@hokusai2
  fortran      = ifort (IFORT) 19.0.5.281 20190815
  option       = -xHost -O3 -ip -mkl=parallel  -assume byterecl -qopenmp  
  C            = icc (ICC) 19.0.5.281 20190815
  option       = -O3 -ip -axCORE-AVX2  -qopenmp 
  defined var. = 
  -DMPI -DOMP -DIFORT19 -DFFTE -DLAPACK -DDSFMT_MEXP=19937 -DINTEL
  link option  = 
  -assume byterecl -lgfortran -qopenmp  -lmkl_intel_lp64 -lmkl_sequential -lmkl_
 core -lmkl_lapack95_lp64  

Runtime_Information> Machine and Library Information
  date       = 2021/02/27 11:56:40
  cpu model    = Intel(R) Xeon(R) Gold 6148 CPU @ 2.40GHz
  exec. host   = ctan@bwmpc0185
  LD library   = 
 /bwfefs/opt/x86_64/intel/impi/2019.5.281/intel64/lib/release:/bwfefs/opt/x86_64
 /intel/impi/2019.5.281/intel64/lib:/bwfefs/opt/x86_64/intel/impi/2019.5.281/int
 el64/libfabric/lib:/bwfefs/opt/x86_64/intel/parallel_studio_xe_2019.5.075/compi
 lers_and_libraries_2019//linux/compiler/lib/intel64:/bwfefs/opt/x86_64/intel/pa
 rallel_studio_xe_2019.5.075/compilers_and_libraries_2019//linux/compiler/lib/in
 tel64_lin:/bwfefs/opt/x86_64/intel/parallel_studio_xe_2019.5.075/compilers_and_
 libraries_2019//linux/mpi/intel64/lib:/bwfefs/opt/x86_64/intel/parallel_studio_
 xe_2019.5.075/compilers_and_libraries_2019//linux/mpi/intel64/libfabric/lib:/bw
 fefs/opt/x86_64/intel/parallel_studio_xe_2019.5.075/compilers_and_libraries_201
 9//linux/ipp/lib/intel64:/bwfefs/opt/x86_64/intel/parallel_studio_xe_2019.5.075
 /compilers_and_libraries_2019//linux/compiler/lib/intel64:/bwfefs/opt/x86_64/in
 tel/parallel_studio_xe_2019.5.075/compilers_and_libraries_2019//linux/mkl/lib/i
 ntel64:/bwfefs/opt/x86_64/intel/parallel_studio_xe_2019.5.075/compilers_and_lib
 raries_2019//linux/tbb/lib/intel64/gcc4.7:/bwfefs/opt/x86_64/intel/debugger_201
 9/iga/lib:/bwfefs/opt/x86_64/intel/debugger_2019/libipt/intel64/lib:/bwfefs/opt
 /x86_64/intel/parallel_studio_xe_2019.5.075/compilers_and_libraries_2019//linux
 /daal/lib/intel64_lin:/bwfefs/opt/x86_64/intel/parallel_studio_xe_2019.5.075/co
 mpilers_and_libraries_2019//linux/daal/../tbb/lib/intel64_lin/gcc4.7

[STEP1] Read Control Parameters
 
Read_Ctrl_Input> Input Files
  grotopfile = nuc.top
  grocrdfile = crd/nuc.gro
 
Read_Ctrl_Output> Output Files
 
Read_Ctrl_Energy>  WARNING: water_model is not available
Read_Ctrl_Energy> Parameters of Energy Calculations
  forcefield      =     AICG2P
  switchdist      =     10.000  cutoffdist      =     12.000
  pairlistdist    =     13.500  dielec_const    =      1.000
  debye           =     10.000
 vdW force_switch =         no
  electrostatic   =  CUTOFF
  implicit_solvent=       none
  table           =         no
  water_model     =       NONE
  output_style    =    GENESIS
  dispersion_corr =       none
  nonb_limiter    =      no
  user def. table =     no
 
Read_Ctrl_Dynamics> Parameters of MD simulation
  integrator      =    VVER_CG  nsteps          =        200
  timestep        =     0.0200  initial_time    =     0.0000
  eneout_period   =         20  rstout_period   =          0
  crdout_period   =          0  velout_period   =          0
  nbupdate_period =         20  stoptr_period   =         10
  iseed           =         -1
  annealing       =         no
  verbose         =         no
  target_md       =         no
  steered_md      =         no
  shrink_box      =         no
 
Read_Ctrl_Constraints> Parameters for Constraints
  rigid_bond      =         no
 
Read_Ctrl_Ensemble> Parameters for Ensemble
  ensemble        =        NVT
  temperature     =    300.000
  tpcontrol       =   LANGEVIN
  gamma_t         =      0.010
 
Read_Ctrl_Boundary> Parameters of Boundary Condition
  type            =     PBC   
  box_size(x,y,z) =   1450.000  1450.000  1450.000
  pairlist_grid   =      3.000
 
Read_Ctrl_Selection> Parameters of Selection
  # of groups     =          0
  # of mole names =          0
 
Read_Ctrl_Restraints> No restraint in the system

Read_Ctrl_Fitting_MD> Parameters of Fitting
  fitting method  =  TR+ROT   
  fitting atom    = group1
  mass_weight     =         no
 
[STEP2] Setup MPI
 
Setup_Mpi_Md> Summary of Setup MPI
  number of MPI processes   =         64
  number of OpenMP threads  =          5
  total number of CPU cores =        320

[STEP3] Set Relevant Variables and Structures
 
Read_Grotop> Summary of Grotopfile
  num_moltypes    =          1
    nucleosome            :
      num_atoms   =       2040
      num_bonds   =       2030
      num_angls   =       3128
      num_dihes   =       3810
      num_cmaps   =          0
      num_excls   =          0
      num_constrs =          0
      num_pairs   =       3885
      num_vsites2 =          0
      num_vsites3 =          0
      num_vsites4 =          0
      num_vsitesn =          0
      num_posress =          0
      num_PWMcos  =          0
      num_PWMcosns=         78
      num_IDR_HPS =          0
      num_IDR_KH  =          0
    .. not used molecule types were hidden.

  num_molecules   =        512
    nucleosome            :  512

  num_atomtypes   =         33  num_bondtypes   =          0
  num_angltypes   =          0  num_dihetypes   =          0
  num_flangltypes           20
  num_fldihetypes          400
  num_constrtypes =          0  num_cmaptypes   =          0
  num_nbonparms   =          0
  num_basestacktypes  =     16
  num_basepairtypes   =      4
  num_basecrosstypes  =     32
  num_cgdnaexvtypes   =      6
  num_cgelemolpairs   =      1
  num_pwmcosnsmolpairs       1
  num_cg_IDR_HPS_atomtypes  =     20
  num_cg_KH_atomtypes  =    20

  num_cg_pair_MJ_eps   =   400

Define_Molecule> Summary of molecules
  num_atoms       =    1044480  num_bonds       =    1039360
  num_angles      =    1601536  num_dihedrals   =    1950720
  num_impropers   =          0  num_cmap_terms  =          0
  num_residues    =     683008  num_molecules   =       5120
  num_segments    =          1  num_deg_freedom =    3133440
  total_charge    = -33388.544
 
Update_Num_Deg_Freedom> Number of degrees of freedom was updated
  num_deg_freedom =    3133437 (After removing translation)
 
Setup_Boundary> Setup Variables for Boundary Condition
  box_size(x,y,z) =   1450.000  1450.000  1450.000
  origin(x,y,z)   =      0.000     0.000     0.000
 
 
Define_Enefunc_Gromacs> Number of Interactions in Each Term
  bond_ene        =     497664  angle_ene       =    1107968
  bond_ene_cgDNA  =     541696
  flex_angle_ene  =     493568
  torsion_ene     =    1461248  rb_torsion_ene  =          0
  flex_dihed_ene  =     489472
  base_stack_ene  =     180224
  improper_ene    =          0
  nb_exclusions   =    5630464  nb14_calc       =          0
  contact_ene     =    1989120
  vsite2_ene      =          0  vsite3_ene      =          0
  vsite3fd_ene    =          0  vsite3fad_ene   =          0
  vsite3out_ene   =          0  vsite4fdn_ene   =          0
  vsiten_ene      =          0
 restraint_groups =          0 restraint_funcs  =          0
 
Get_Morph_in> Morphing check
  morphing_bb =           0  morphing_sc =           0
Setup_Fitting_Atdyn> NO fitting is applied, skip
  fitting method  =  NO
 
[STEP4] Compute Single Point Energy for Molecules
 
            STEP          ENERGY            BOND           ANGLE        DIHEDRAL   BASE_STACKING  NATIVE_CONTACT NON-NATIVE_CONT           ELECT    BASE_PAIRING         DNA_exv        PWMcosns          CG_EXV
 --------------- --------------- --------------- --------------- ---------------
               0   -3392162.2435     332553.4127    -657940.1022   -1270178.7506    -493431.5865    -826438.5943          0.0000     -94653.0970    -372126.5145       1332.9505     -22014.6031      10734.6415

[STEP5] Perform Molecular Dynamics Simulation
 
Generate_Velocity> Generate initial velocities
  iseed           =     340071
  temperature     =    300.000
 
Random_Init_Velocity> Initialize the random number
  seed            = 340071

INFO:       STEP            TIME       TOTAL_ENE   POTENTIAL_ENE     KINETIC_ENE            RMSG            BOND           ANGLE        DIHEDRAL      BASE_STACK       BASE_PAIR         DNA_exv        PWMcosns  NATIVE_CONTACT          CG_EXV           ELECT     TEMPERATURE          VOLUME
 --------------- --------------- --------------- --------------- ---------------
INFO:          0          0.0000   -2457100.7394   -3392162.2435     935061.5041         10.8044     332553.4127    -657940.1022   -1270178.7506    -493431.5865    -372126.5145       1332.9505     -22014.6031    -826438.5943      10734.6415     -94653.0970        300.3375 3048625000.0000

Random_Init> Initialize the random number
  seed            = 145072429

INFO:         20          0.4000   -2468802.7277   -3474720.0659    1005917.3381         10.0504     294403.8684    -666774.3256   -1276590.1322    -491748.0739    -369759.2274       1206.1623     -21818.7017    -858626.9216       9884.7425     -94897.4566        323.0961 3048625000.0000

INFO:         40          0.8000   -2470116.7927   -3489573.8835    1019457.0908          9.8709     284668.2683    -674014.3403   -1276286.7720    -490807.6944    -368363.0578       1169.6485     -23040.2550    -856214.3870       9662.6255     -96347.9193        327.4450 3048625000.0000

INFO:         60          1.2000   -2468662.0436   -3476259.9585    1007597.9149          9.9623     290887.2926    -669291.9910   -1275228.1677    -491608.6329    -368337.2980       1297.1168     -23207.7684    -853209.4379      10032.3462     -97593.4182        323.6359 3048625000.0000

INFO:         80          1.6000   -2468980.0732   -3480362.6846    1011382.6114          9.9463     290106.9538    -669968.0176   -1278546.9415    -490308.6424    -366845.1053       1298.1813     -23351.4121    -853874.4220       9958.3305     -98831.6093        324.8515 3048625000.0000

INFO:        100          2.0000   -2469243.4576   -3475027.6233    1005784.1657          9.9087     287696.9916    -667531.1995   -1274218.7193    -490873.7375    -366290.9054       1342.8433     -23192.9344    -852132.2570      10277.0909    -100104.7961        323.0533 3048625000.0000

INFO:        120          2.4000   -2469389.5325   -3482350.3534    1012960.8209          9.8824     287421.7319    -670851.7095   -1276178.4596    -490162.4423    -365765.4033       1353.7194     -23017.8361    -854586.3373      10664.0394    -101227.6561        325.3584 3048625000.0000

INFO:        140          2.8000   -2469825.5186   -3481686.8070    1011861.2885          9.8654     285436.4202    -668754.2172   -1274813.4645    -489371.6367    -366612.1717       1172.0237     -23648.2648    -854195.3048      10015.9672    -100916.1584        325.0053 3048625000.0000

INFO:        160          3.2000   -2470257.4600   -3482360.3339    1012102.8738          9.8501     285381.4245    -670328.4103   -1274963.7149    -489436.7449    -366461.4676       1271.5475     -23395.2030    -853485.0269       9669.8567    -100612.5950        325.0829 3048625000.0000

INFO:        180          3.6000   -2470745.9768   -3487571.0512    1016825.0744          9.8383     283576.4171    -671249.0607   -1275718.2061    -489210.2322    -367041.0813       1133.1486     -22859.4595    -855523.8817      10059.5748    -100738.2703        326.5996 3048625000.0000

INFO:        200          4.0000   -2470767.4834   -3482648.6927    1011881.2093          9.8598     285716.6204    -671759.5293   -1274737.0665    -488783.5724    -366420.3188       1170.0237     -22653.9145    -854206.0316      10332.0617    -101306.9654        325.0117 3048625000.0000

 
[STEP6] Deallocate Arrays
 
Output_Time> Averaged timer profile (Min, Max)
  total time      =      35.182
    setup         =       8.897
    dynamics      =      26.285
      energy      =      16.533
      integrator  =       8.089
      pairlist    =       1.351 (       1.326,       1.406)
  energy           
    bond          =       0.051 (       0.043,       0.055)
    angle         =       0.153 (       0.150,       0.159)
    dihedral      =       0.233 (       0.227,       0.243)
    base stacking =       0.019 (       0.017,       0.021)
    nonbond       =       4.468 (       4.413,       4.540)
      CG exv      =       0.573 (       0.549,       0.612)
      CG DNA bp   =       0.211 (       0.206,       0.217)
      CG DNA exv  =       0.311 (       0.304,       0.316)
      CG ele      =       3.283 (       3.237,       3.329)
      CG PWMcos   =       0.000 (       0.000,       0.000)
      CG PWMcosns =       0.058 (       0.051,       0.074)
      CG IDR-HPS  =       0.000 (       0.000,       0.000)
      CG IDR-KH   =       0.000 (       0.000,       0.000)
      CG KH       =       0.000 (       0.000,       0.000)
      Contact     =       0.032 (       0.030,       0.033)
      pme real    =       0.000 (       0.000,       0.000)
      pme recip   =       0.000 (       0.000,       0.000)
    solvation     =       0.000 (       0.000,       0.000)
      polar       =       0.000 (       0.000,       0.000)
      non-polar   =       0.000 (       0.000,       0.000)
    restraint     =       0.000 (       0.000,       0.000)
    qmmm          =       0.000 (       0.000,       0.000)
    morph         =       0.000 (       0.000,       0.000)
  integrator       
    constraint    =       0.000 (       0.000,       0.000)
    update        =       0.000 (       0.000,       0.000)
    comm_coord    =       0.000 (       0.000,       0.000)
    comm_force    =       0.000 (       0.000,       0.000)
    comm_migrate  =       0.000 (       0.000,       0.000)

