****************************************************
*                                                  *
*                  GENESIS ATDYN                   *
*                                                  *
*        A Molecular Dynamics Simulator with       *
*            Atomic Decomposition Scheme           *
*                                                  *
*               Developed by RIKEN                 *
*                                                  *
****************************************************
 
[STEP0] Architecture and Compiler Information
 
GENESIS_Information> GENESIS Information
  version      = 1.5.0
  commit ID    = 39fce84 [2021-02-27 10:39:18 +0900]
  precision    = double
  nonbonding   = CPU

Build_Information> Compiler Information
  build host   = ctan@hokusai2
  fortran      = ifort (IFORT) 19.0.5.281 20190815
  option       = -xHost -O3 -ip -mkl=parallel  -assume byterecl -qopenmp  
  C            = icc (ICC) 19.0.5.281 20190815
  option       = -O3 -ip -axCORE-AVX2  -qopenmp 
  defined var. = 
  -DMPI -DOMP -DIFORT19 -DFFTE -DLAPACK -DDSFMT_MEXP=19937 -DINTEL
  link option  = 
  -assume byterecl -lgfortran -qopenmp  -lmkl_intel_lp64 -lmkl_sequential -lmkl_
 core -lmkl_lapack95_lp64  

Runtime_Information> Machine and Library Information
  date       = 2021/02/27 11:55:30
  cpu model    = Intel(R) Xeon(R) Gold 6148 CPU @ 2.40GHz
  exec. host   = ctan@bwmpc0244
  LD library   = 
 /bwfefs/opt/x86_64/intel/impi/2019.5.281/intel64/lib/release:/bwfefs/opt/x86_64
 /intel/impi/2019.5.281/intel64/lib:/bwfefs/opt/x86_64/intel/impi/2019.5.281/int
 el64/libfabric/lib:/bwfefs/opt/x86_64/intel/parallel_studio_xe_2019.5.075/compi
 lers_and_libraries_2019//linux/compiler/lib/intel64:/bwfefs/opt/x86_64/intel/pa
 rallel_studio_xe_2019.5.075/compilers_and_libraries_2019//linux/compiler/lib/in
 tel64_lin:/bwfefs/opt/x86_64/intel/parallel_studio_xe_2019.5.075/compilers_and_
 libraries_2019//linux/mpi/intel64/lib:/bwfefs/opt/x86_64/intel/parallel_studio_
 xe_2019.5.075/compilers_and_libraries_2019//linux/mpi/intel64/libfabric/lib:/bw
 fefs/opt/x86_64/intel/parallel_studio_xe_2019.5.075/compilers_and_libraries_201
 9//linux/ipp/lib/intel64:/bwfefs/opt/x86_64/intel/parallel_studio_xe_2019.5.075
 /compilers_and_libraries_2019//linux/compiler/lib/intel64:/bwfefs/opt/x86_64/in
 tel/parallel_studio_xe_2019.5.075/compilers_and_libraries_2019//linux/mkl/lib/i
 ntel64:/bwfefs/opt/x86_64/intel/parallel_studio_xe_2019.5.075/compilers_and_lib
 raries_2019//linux/tbb/lib/intel64/gcc4.7:/bwfefs/opt/x86_64/intel/debugger_201
 9/iga/lib:/bwfefs/opt/x86_64/intel/debugger_2019/libipt/intel64/lib:/bwfefs/opt
 /x86_64/intel/parallel_studio_xe_2019.5.075/compilers_and_libraries_2019//linux
 /daal/lib/intel64_lin:/bwfefs/opt/x86_64/intel/parallel_studio_xe_2019.5.075/co
 mpilers_and_libraries_2019//linux/daal/../tbb/lib/intel64_lin/gcc4.7

[STEP1] Read Control Parameters
 
Read_Ctrl_Input> Input Files
  grotopfile = nuc.top
  grocrdfile = crd/nuc.gro
 
Read_Ctrl_Output> Output Files
 
Read_Ctrl_Energy>  WARNING: water_model is not available
Read_Ctrl_Energy> Parameters of Energy Calculations
  forcefield      =     AICG2P
  switchdist      =     10.000  cutoffdist      =     12.000
  pairlistdist    =     13.500  dielec_const    =      1.000
  debye           =     10.000
 vdW force_switch =         no
  electrostatic   =  CUTOFF
  implicit_solvent=       none
  table           =         no
  water_model     =       NONE
  output_style    =    GENESIS
  dispersion_corr =       none
  nonb_limiter    =      no
  user def. table =     no
 
Read_Ctrl_Dynamics> Parameters of MD simulation
  integrator      =    VVER_CG  nsteps          =        200
  timestep        =     0.0200  initial_time    =     0.0000
  eneout_period   =         20  rstout_period   =          0
  crdout_period   =          0  velout_period   =          0
  nbupdate_period =         20  stoptr_period   =         10
  iseed           =         -1
  annealing       =         no
  verbose         =         no
  target_md       =         no
  steered_md      =         no
  shrink_box      =         no
 
Read_Ctrl_Constraints> Parameters for Constraints
  rigid_bond      =         no
 
Read_Ctrl_Ensemble> Parameters for Ensemble
  ensemble        =        NVT
  temperature     =    300.000
  tpcontrol       =   LANGEVIN
  gamma_t         =      0.010
 
Read_Ctrl_Boundary> Parameters of Boundary Condition
  type            =     PBC   
  box_size(x,y,z) =   1450.000  1450.000  1450.000
  pairlist_grid   =      3.000
 
Read_Ctrl_Selection> Parameters of Selection
  # of groups     =          0
  # of mole names =          0
 
Read_Ctrl_Restraints> No restraint in the system

Read_Ctrl_Fitting_MD> Parameters of Fitting
  fitting method  =  TR+ROT   
  fitting atom    = group1
  mass_weight     =         no
 
[STEP2] Setup MPI
 
Setup_Mpi_Md> Summary of Setup MPI
  number of MPI processes   =         64
  number of OpenMP threads  =          5
  total number of CPU cores =        320

[STEP3] Set Relevant Variables and Structures
 
Read_Grotop> Summary of Grotopfile
  num_moltypes    =          1
    nucleosome            :
      num_atoms   =       2040
      num_bonds   =       2030
      num_angls   =       3128
      num_dihes   =       3810
      num_cmaps   =          0
      num_excls   =          0
      num_constrs =          0
      num_pairs   =       3885
      num_vsites2 =          0
      num_vsites3 =          0
      num_vsites4 =          0
      num_vsitesn =          0
      num_posress =          0
      num_PWMcos  =          0
      num_PWMcosns=         78
      num_IDR_HPS =          0
      num_IDR_KH  =          0
    .. not used molecule types were hidden.

  num_molecules   =        512
    nucleosome            :  512

  num_atomtypes   =         33  num_bondtypes   =          0
  num_angltypes   =          0  num_dihetypes   =          0
  num_flangltypes           20
  num_fldihetypes          400
  num_constrtypes =          0  num_cmaptypes   =          0
  num_nbonparms   =          0
  num_basestacktypes  =     16
  num_basepairtypes   =      4
  num_basecrosstypes  =     32
  num_cgdnaexvtypes   =      6
  num_cgelemolpairs   =      1
  num_pwmcosnsmolpairs       1
  num_cg_IDR_HPS_atomtypes  =     20
  num_cg_KH_atomtypes  =    20

  num_cg_pair_MJ_eps   =   400

Define_Molecule> Summary of molecules
  num_atoms       =    1044480  num_bonds       =    1039360
  num_angles      =    1601536  num_dihedrals   =    1950720
  num_impropers   =          0  num_cmap_terms  =          0
  num_residues    =     683008  num_molecules   =       5120
  num_segments    =          1  num_deg_freedom =    3133440
  total_charge    = -33388.544
 
Update_Num_Deg_Freedom> Number of degrees of freedom was updated
  num_deg_freedom =    3133437 (After removing translation)
 
Setup_Boundary> Setup Variables for Boundary Condition
  box_size(x,y,z) =   1450.000  1450.000  1450.000
  origin(x,y,z)   =      0.000     0.000     0.000
 
 
Define_Enefunc_Gromacs> Number of Interactions in Each Term
  bond_ene        =     497664  angle_ene       =    1107968
  bond_ene_cgDNA  =     541696
  flex_angle_ene  =     493568
  torsion_ene     =    1461248  rb_torsion_ene  =          0
  flex_dihed_ene  =     489472
  base_stack_ene  =     180224
  improper_ene    =          0
  nb_exclusions   =    5630464  nb14_calc       =          0
  contact_ene     =    1989120
  vsite2_ene      =          0  vsite3_ene      =          0
  vsite3fd_ene    =          0  vsite3fad_ene   =          0
  vsite3out_ene   =          0  vsite4fdn_ene   =          0
  vsiten_ene      =          0
 restraint_groups =          0 restraint_funcs  =          0
 
Get_Morph_in> Morphing check
  morphing_bb =           0  morphing_sc =           0
Setup_Fitting_Atdyn> NO fitting is applied, skip
  fitting method  =  NO
 
[STEP4] Compute Single Point Energy for Molecules
 
            STEP          ENERGY            BOND           ANGLE        DIHEDRAL   BASE_STACKING  NATIVE_CONTACT NON-NATIVE_CONT           ELECT    BASE_PAIRING         DNA_exv        PWMcosns          CG_EXV
 --------------- --------------- --------------- --------------- ---------------
               0   -3392162.2435     332553.4127    -657940.1022   -1270178.7506    -493431.5865    -826438.5943          0.0000     -94653.0970    -372126.5145       1332.9505     -22014.6031      10734.6415

[STEP5] Perform Molecular Dynamics Simulation
 
Generate_Velocity> Generate initial velocities
  iseed           =     317161
  temperature     =    300.000
 
Random_Init_Velocity> Initialize the random number
  seed            = 317161

INFO:       STEP            TIME       TOTAL_ENE   POTENTIAL_ENE     KINETIC_ENE            RMSG            BOND           ANGLE        DIHEDRAL      BASE_STACK       BASE_PAIR         DNA_exv        PWMcosns  NATIVE_CONTACT          CG_EXV           ELECT     TEMPERATURE          VOLUME
 --------------- --------------- --------------- --------------- ---------------
INFO:          0          0.0000   -2459329.5801   -3392162.2435     932832.6634         10.8044     332553.4127    -657940.1022   -1270178.7506    -493431.5865    -372126.5145       1332.9505     -22014.6031    -826438.5943      10734.6415     -94653.0970        299.6216 3048625000.0000

Random_Init> Initialize the random number
  seed            = 2110344287

INFO:         20          0.4000   -2470827.5826   -3474451.7989    1003624.2164         10.0633     295089.9001    -667132.5471   -1276879.1695    -491717.6115    -369634.8661       1203.1549     -21876.0745    -858546.8056       9976.3514     -94934.1310        322.3596 3048625000.0000

INFO:         40          0.8000   -2471964.8914   -3489636.5051    1017671.6137          9.8677     285158.5665    -673277.8877   -1276641.0688    -491106.7186    -368513.9119       1161.7991     -23053.0174    -856561.6232       9678.1472     -96480.7903        326.8715 3048625000.0000

INFO:         60          1.2000   -2470766.5307   -3477545.5587    1006779.0281          9.9663     291135.0974    -670330.5394   -1275162.4012    -491810.8665    -368437.0619       1301.3175     -23250.1428    -853418.2025      10138.0466     -97710.8059        323.3729 3048625000.0000

INFO:         80          1.6000   -2471448.7376   -3482363.0709    1010914.3332          9.9397     288973.5320    -670147.0989   -1278392.9810    -490152.1363    -367360.9179       1316.4621     -23373.4109    -854247.2046       9913.9653     -98893.2808        324.7011 3048625000.0000

INFO:        100          2.0000   -2471635.9558   -3474662.6807    1003026.7250          9.9110     287118.4270    -665875.0794   -1274631.6774    -490929.4103    -366283.3936       1307.1154     -23197.8388    -852340.5285      10279.0022    -100109.2974        322.1676 3048625000.0000

INFO:        120          2.4000   -2472092.3485   -3483950.3611    1011858.0126          9.8803     286590.4273    -671215.0855   -1275724.1332    -490546.4440    -366333.2164       1334.6100     -23101.0075    -854512.2472      10815.7926    -101259.0573        325.0042 3048625000.0000

INFO:        140          2.8000   -2472679.6656   -3483953.0545    1011273.3889          9.8595     284723.0046    -670091.0971   -1274520.7979    -489561.4940    -366404.8387       1212.1496     -23851.7528    -854525.6150      10065.0249    -100997.6381        324.8164 3048625000.0000

INFO:        160          3.2000   -2472800.5567   -3482905.0747    1010104.5179          9.8605     285738.1338    -670988.0130   -1274798.6658    -489450.9598    -366526.9320       1270.8957     -23431.5671    -853630.6261       9651.3942    -100738.7346        324.4410 3048625000.0000

INFO:        180          3.6000   -2472946.3559   -3487367.9292    1014421.5733          9.8596     284998.4566    -671452.9101   -1275706.3445    -489130.3977    -367128.6747       1139.4083     -22973.2738    -856279.9844       9984.8828    -100819.0916        325.8276 3048625000.0000

INFO:        200          4.0000   -2473499.6954   -3483779.8151    1010280.1197          9.8494     284906.8766    -671188.1269   -1274737.4008    -488872.2543    -366975.5920       1173.7528     -22691.9032    -854308.7769      10359.5138    -101445.9042        324.4974 3048625000.0000

 
[STEP6] Deallocate Arrays
 
Output_Time> Averaged timer profile (Min, Max)
  total time      =      36.442
    setup         =      10.147
    dynamics      =      26.295
      energy      =      16.542
      integrator  =       8.079
      pairlist    =       1.347 (       1.312,       1.406)
  energy           
    bond          =       0.050 (       0.043,       0.054)
    angle         =       0.152 (       0.150,       0.157)
    dihedral      =       0.232 (       0.226,       0.253)
    base stacking =       0.018 (       0.017,       0.020)
    nonbond       =       4.464 (       4.401,       4.589)
      CG exv      =       0.572 (       0.545,       0.646)
      CG DNA bp   =       0.209 (       0.206,       0.214)
      CG DNA exv  =       0.311 (       0.303,       0.315)
      CG ele      =       3.281 (       3.237,       3.345)
      CG PWMcos   =       0.000 (       0.000,       0.000)
      CG PWMcosns =       0.058 (       0.050,       0.075)
      CG IDR-HPS  =       0.000 (       0.000,       0.000)
      CG IDR-KH   =       0.000 (       0.000,       0.000)
      CG KH       =       0.000 (       0.000,       0.000)
      Contact     =       0.032 (       0.030,       0.033)
      pme real    =       0.000 (       0.000,       0.000)
      pme recip   =       0.000 (       0.000,       0.000)
    solvation     =       0.000 (       0.000,       0.000)
      polar       =       0.000 (       0.000,       0.000)
      non-polar   =       0.000 (       0.000,       0.000)
    restraint     =       0.000 (       0.000,       0.000)
    qmmm          =       0.000 (       0.000,       0.000)
    morph         =       0.000 (       0.000,       0.000)
  integrator       
    constraint    =       0.000 (       0.000,       0.000)
    update        =       0.000 (       0.000,       0.000)
    comm_coord    =       0.000 (       0.000,       0.000)
    comm_force    =       0.000 (       0.000,       0.000)
    comm_migrate  =       0.000 (       0.000,       0.000)

