****************************************************
*                                                  *
*                  GENESIS CGDYN                   *
*                                                  *
*        A Molecular Dynamics Simulator with       *
*           Spatial Decomposition Scheme           *
*                                                  *
*               Developed by RIKEN                 *
*                                                  *
****************************************************
 
[STEP0] Architecture and Compiler Information
 
GENESIS_Information> GENESIS Information
  version      = 2.0.0
  commit ID    = $GENESIS_VERSION$
  precision    = mixed 
  nonbonding   = CPU

Build_Information> Compiler Information
  build host   = jjwsmj@hokusai2
  fortran      = ifort (IFORT) 2021.7.1 20221019
  option       = 
  -axCORE-AVX512 -g -O3  -qmkl=parallel  -assume byterecl -qopenmp  
  C            = 
 icc: remark #10441: The Intel(R) C++ Compiler Classic (ICC) is deprecated and w
 ill be removed from product release in the second half of 2023. The Intel(R) on
 eAPI DPC++/C++ Compiler (ICX) is the recommended compiler moving forward. Pleas
 e transition to use this compiler. Use '-diag-disable=10441' to disable this me
 ssage.
  option       = -O3 -ip -axCORE-AVX2  -qopenmp 
  defined var. = 
  -DHAVE_MPI_GENESIS -DOMP -DIFORT19 -DFFTE -DLAPACK -DDSFMT_MEXP=19937 -DINTEL
  link option  = 
  -assume byterecl -lgfortran -qopenmp  -lmkl_intel_lp64 -lmkl_sequential -lmkl_
 core -lmkl_lapack95_lp64   
  MPI Compiler = Intel(R) MPI

Runtime_Information> Machine and Library Information
  date       = 2023/05/12 14:24:01
  cpu model    = Intel(R) Xeon(R) Gold 6148 CPU @ 2.40GHz
  exec. host   = jjwsmj@bwmpc0142
  LD library   = 
 /bwfefs/opt/x86_64/intel/oneapi/2022.3/mpi/2021.7.1/libfabric/lib:/bwfefs/opt/x
 86_64/intel/oneapi/2022.3/mpi/2021.7.1/lib/release:/bwfefs/opt/x86_64/intel/one
 api/2022.3/mpi/2021.7.1/lib:/bwfefs/opt/x86_64/intel/oneapi/2022.3/tbb/2021.7.1
 /lib/intel64/gcc4.8:/usr/lib64:/bwfefs/opt/x86_64/intel/oneapi/2022.3/vpl/2022.
 2.5/lib:/bwfefs/opt/x86_64/intel/oneapi/2022.3/mkl/latest/lib/intel64:/bwfefs/o
 pt/x86_64/intel/oneapi/2022.3/itac/2021.7.1/slib:/bwfefs/opt/x86_64/intel/oneap
 i/2022.3/ippcp/2021.6.2/lib/intel64:/bwfefs/opt/x86_64/intel/oneapi/2022.3/ipp/
 2021.6.2/lib/intel64:/bwfefs/opt/x86_64/intel/oneapi/2022.3/dnnl/2022.2.1/cpu_d
 pcpp_gpu_dpcpp/lib:/bwfefs/opt/x86_64/intel/oneapi/2022.3/dal/2021.7.1/lib/inte
 l64:/bwfefs/opt/x86_64/intel/oneapi/2022.3/compiler/2022.2.1/linux/compiler/lib
 :/bwfefs/opt/x86_64/intel/oneapi/2022.3/compiler/2022.2.1/linux/lib/oclfpga/hos
 t/linux64/lib:/bwfefs/opt/x86_64/intel/oneapi/2022.3/compiler/2022.2.1/linux/li
 b/oclfpga/linux64/lib:/bwfefs/opt/x86_64/intel/oneapi/2022.3/compiler/2022.2.1/
 linux/lib:/bwfefs/opt/x86_64/intel/oneapi/2022.3/compiler/2022.2.1/linux/lib/x6
 4:/bwfefs/opt/x86_64/intel/oneapi/2022.3/compiler/2022.2.1/linux/lib/emu:/bwfef
 s/opt/x86_64/intel/oneapi/2022.3/compiler/2022.2.1/linux/compiler/lib/intel64_l
 in:/bwfefs/opt/x86_64/intel/oneapi/2022.3/debugger/2021.7.1/dep/lib:/bwfefs/opt
 /x86_64/intel/oneapi/2022.3/debugger/2021.7.1/libipt/intel64/lib:/bwfefs/opt/x8
 6_64/intel/oneapi/2022.3/debugger/2021.7.1/gdb/intel64/lib:/bwfefs/opt/x86_64/
 MPI Runtime = Intel(R) MPI Library 2021.7 for Linux* OS


[STEP1] Read Control Parameters
 
Read_Ctrl_Input> Input Files
  grotopfile = dps_120.top
  grocrdfile = crd/dps_mul_4_5_6.gro
 
Read_Ctrl_Output> Output Files
 
Read_Ctrl_Energy> Parameters of Energy Calculations
  forcefield      =    RESIDCG
  output_style    =    GENESIS
 
Read_Ctrl_Dynamics> Parameters of MD simulation
  integrator      =       VVER  nsteps          =       2000
  timestep        =     0.0200  initial_time    =     0.0000
  eneout_period   =        100  rstout_period   =          0
  crdout_period   =          0  velout_period   =          0
  nbupdate_period =         20  stoptr_period   =         10
  lbupdate_period =          0
  iseed           =         -1
  annealing       =         no
  verbose         =         no
  target_md       =         no
  steered_md      =         no
 
Read_Ctrl_Ensemble> Parameters for Ensemble
  ensemble        =        NVT
  temperature     =    300.000
  tpcontrol       =   LANGEVIN
  gamma_t         =      1.000
 
Read_Ctrl_Boundary> Parameters of Boundary Condition
  type            =       PBC 
  box_size(x,y,z) =    450.000   550.000   650.000
  min_domain_cell =          2
 
Read_Ctrl_Selection> Parameters of Selection
  # of groups     =          0
  # of mole names =          0
 
Read_Ctrl_Restraints> No restraint in the system

Read_Ctrl_Fitting_MD> Parameters of Fitting
  fitting method  =  TR+ROT   
  fitting atom    = group1
  mass_weight     =         no
 
[STEP2] Setup MPI
 
Setup_Mpi_Md> Summary of Setup MPI
  number of MPI processes   =          8
  number of OpenMP threads  =          5
  total number of CPU cores =         40

[STEP3] Set Relevant Variables and Structures
 
Read_Grotop> Summary of Grotopfile
  num_moltypes    =          1
    dps_cg                :
      num_atoms   =       1853
      num_bonds   =       1841
      num_angls   =       3658
      num_dihes   =       3634
      num_cmaps   =          0
      num_excls   =      10717
      num_constrs =          0
      num_pairs   =      10717
      num_vsites2 =          0
      num_vsites3 =          0
      num_vsites4 =          0
      num_vsitesn =          0
      num_posress =          0
      num_PWMcos  =          0
      num_PWMcosns=          0
      num_IDR_HPS =          0
      num_IDR_KH  =          0
    .. not used molecule types were hidden.

  num_molecules   =        120
    dps_cg                :  120

  num_atomtypes   =         33  num_bondtypes   =          0
  num_angltypes   =          0  num_dihetypes   =          0
  num_flangltypes           20
  num_fldihetypes          400
  num_constrtypes =          0  num_cmaptypes   =          0
  num_nbonparms   =          0
  num_basestacktypes  =     16
  num_basepairtypes   =      4
  num_basecrosstypes  =     32
  num_cgdnaexvtypes   =      6
  num_cgelemolpairs   =      1
  num_cg_IDR_HPS_atomtypes  =     20
  num_cg_KH_atomtypes  =    20

  num_cg_pair_MJ_eps   =   400

Define_Molecule> Summary of molecules
  num_atoms       =     222360  num_bonds       =     220920
  num_angles      =     438960  num_dihedrals   =     436080
  num_impropers   =          0  num_cmap_terms  =          0
  num_residues    =     222360  num_molecules   =       1440
  num_segments    =          1  num_deg_freedom =     667080
  total_charge    = -10080.000
 
Setup_Boundary_Cell> Set Variables for Boundary Condition
  domains (x,y,z) =          2         2         2
  ncells (x,y,z)  =         15        19        22
 
Define_Enefunc_Gromacs> Number of Interactions in Each Term
  bond_ene        =     220920  angle_ene       =     219480
  flex_angle_ene  =     219480
  torsion_ene     =     438960
 restraint_groups =          0 restraint_funcs  =          0
 
Setup_Dynamics> Subtract 3 translational degrees of freedom
 
Update_Num_Deg_Freedom> Number of degrees of freedom was updated
  num_deg_freedom =     667077 (After removing translation)
 
Random_Init> Initialize the random number
  seed            = 224654

Setup_Fitting_cgdyn> NO fitting is applied, skip
  fitting method  =  NO
 
[STEP4] Compute Single Point Energy for Molecules
 
            STEP          ENERGY            BOND           ANGLE        DIHEDRAL  NATIVE_CONTACT NON-NATIVE_CONT           ELECT          CG_EXV
 --------------- --------------- --------------- --------------- ---------------
               0   -1763100.2397          0.0286    -615192.1405    -528952.6545    -621669.8115          0.0000       2708.5290          5.8093

[STEP5] Perform Molecular Dynamics Simulation
 
Initial_Velocity> Generate initial velocities
  iseed           =     224654
  temperature     =    300.000
 
Random_Init_Velocity> Initialize the random number
  seed            = 224654

INFO:       STEP            TIME       TOTAL_ENE   POTENTIAL_ENE     KINETIC_ENE            RMSG            BOND           ANGLE        DIHEDRAL  NATIVE_CONTACT          CG_EXV           ELECT     TEMPERATURE          VOLUME
 --------------- --------------- --------------- --------------- ---------------
INFO:          0          0.0000   -1564410.8069   -1763100.2397     198689.4329          0.7029          0.0286    -615192.1405    -528952.6545    -621669.8115          5.8093       2708.5290          0.0000  160875000.0000

INFO:        100          2.0000   -1395089.6739   -1561533.6162     166443.9423         11.3469      59442.4805    -547731.0253    -496567.9718    -579354.7920          6.4713       2671.2211        277.5115  160875000.0000

INFO:        200          4.0000   -1365403.1698   -1543915.9529     178512.7831         11.5801      62414.4254    -541052.3270    -493387.6451    -574541.6631          6.4922       2644.7647        296.4361  160875000.0000

INFO:        300          6.0000   -1359389.2342   -1539364.9635     179975.7293         11.6466      63382.0696    -539562.3431    -492824.9899    -573004.6289          6.4780       2638.4509        298.5383  160875000.0000

INFO:        400          8.0000   -1357165.6250   -1537921.1903     180755.5653         11.6805      63702.1974    -538954.1913    -492700.8735    -572617.7480          6.5183       2642.9068        299.7972  160875000.0000

INFO:        500         10.0000   -1357342.9470   -1538004.0120     180661.0650         11.6533      63173.1426    -538974.2250    -492227.9050    -572625.5762          6.7004       2643.8513        299.7184  160875000.0000

INFO:        600         12.0000   -1356576.0226   -1537565.9150     180989.8924         11.6549      63167.6262    -538640.5334    -492508.2593    -572237.4990          7.0802       2645.6704        299.9297  160875000.0000

INFO:        700         14.0000   -1356402.2713   -1537761.3042     181359.0329         11.6740      63362.8892    -538907.7413    -492438.7002    -572423.9287          6.7906       2639.3863        300.7378  160875000.0000

INFO:        800         16.0000   -1357091.0236   -1537756.7655     180665.7419         11.6726      63556.3295    -539095.8616    -492329.2437    -572531.8770          7.1390       2636.7482        299.7355  160875000.0000

INFO:        900         18.0000   -1357369.7316   -1537800.5476     180430.8160         11.6622      63294.4890    -538674.9040    -492470.2837    -572598.0547          7.4665       2640.7392        299.2105  160875000.0000

INFO:       1000         20.0000   -1356551.9310   -1537834.0442     181282.1132         11.6503      63323.2451    -538617.4862    -492445.1569    -572749.8643          7.4297       2647.7883        300.6527  160875000.0000

INFO:       1100         22.0000   -1355857.6539   -1536963.2766     181105.6227         11.6643      63374.4983    -538182.3428    -492346.2218    -572461.5850          6.9187       2645.4560        300.3050  160875000.0000

INFO:       1200         24.0000   -1357168.0492   -1538216.1657     181048.1165         11.6411      63031.9358    -538756.4691    -492433.6478    -572703.2822          6.9109       2638.3868        300.0382  160875000.0000

INFO:       1300         26.0000   -1356898.8369   -1537746.5623     180847.7254         11.6599      63465.5879    -539069.5466    -492401.0854    -572394.8340          7.0871       2646.2287        299.8235  160875000.0000

INFO:       1400         28.0000   -1356500.1673   -1537251.4300     180751.2627         11.6551      63142.5811    -538462.6995    -492376.0026    -572214.9727          7.7971       2651.8667        299.6319  160875000.0000

INFO:       1500         30.0000   -1357116.7288   -1538174.4116     181057.6829         11.6541      63210.7625    -538960.8204    -492563.1646    -572510.3350          7.9450       2641.2008        299.8455  160875000.0000

INFO:       1600         32.0000   -1356431.3136   -1537460.1212     181028.8075         11.6494      63106.0356    -538778.4594    -492170.5200    -572270.7139          7.5020       2646.0345        299.8995  160875000.0000

INFO:       1700         34.0000   -1356373.9951   -1537626.7300     181252.7349         11.6656      63304.8472    -538739.5922    -492307.3615    -572534.5684          6.9493       2642.9955        300.2196  160875000.0000

INFO:       1800         36.0000   -1355910.9010   -1537171.8092     181260.9081         11.6765      63704.8292    -538931.3524    -492355.9580    -572237.1650          8.9529       2638.8842        300.3626  160875000.0000

INFO:       1900         38.0000   -1357082.5986   -1538097.2805     181014.6818         11.6442      63115.0876    -538942.5372    -492468.8490    -572457.2646          7.2166       2649.0662        300.5160  160875000.0000

INFO:       2000         40.0000   -1356504.7881   -1537461.4684     180956.6803         11.6495      63192.7280    -538689.9677    -492451.9260    -572164.5312          7.4069       2644.8217        299.7455  160875000.0000

 
[STEP6] Deallocate Arrays
 
Output_Time> Averaged timer profile (Min, Max)
  total time      =      63.309
    setup         =       3.612
    dynamics      =      59.697
      energy      =      43.938
      integrator  =      10.646
      migration   =       1.230
      pairlist    =       4.020 (       3.419,       5.421)
  energy           
    bond          =       1.095 (       0.943,       1.471)
    angle         =       5.793 (       3.700,       7.559)
    dihedral      =       6.748 (       5.379,       8.771)
    base stacking =       0.000 (       0.000,       0.000)
    nonbond       =      18.214 (      15.878,      24.947)
      CG exv      =       1.945 (       1.740,       2.422)
      CG DNA bp   =       0.000 (       0.000,       0.000)
      CG DNA exv  =       0.000 (       0.000,       0.000)
      CG ele      =      11.209 (       9.724,      15.442)
      CG PWMcos   =       0.000 (       0.000,       0.000)
      CG PWMcosns =       0.000 (       0.000,       0.000)
      CG IDR-HPS  =       0.000 (       0.000,       0.000)
      CG IDR-KH   =       0.000 (       0.000,       0.000)
      CG KH       =       0.000 (       0.000,       0.000)
      Contact     =       5.059 (       4.372,       7.082)
      pme real    =       0.000 (       0.000,       0.000)
      pme recip   =       0.000 (       0.000,       0.000)
    solvation     =       0.000 (       0.000,       0.000)
      polar       =       0.000 (       0.000,       0.000)
      non-polar   =       0.000 (       0.000,       0.000)
    restraint     =       0.000 (       0.000,       0.000)
    qmmm          =       0.000 (       0.000,       0.000)
    morph         =       0.000 (       0.000,       0.000)
  integrator       
    constraint    =       0.000 (       0.000,       0.000)
    update        =       0.000 (       0.000,       0.000)
    comm_coord    =       3.473 (       0.622,       4.638)
    comm_force    =       0.724 (       0.646,       0.880)
  migration       =       1.230 (       1.230,       1.230)
    comm_migrate  =       0.159 (       0.123,       0.173)
    ptl_migrate   =       0.038 (       0.034,       0.047)
    bond_migrate  =       0.007 (       0.006,       0.009)
    angl_migrate  =       0.013 (       0.012,       0.016)
    dihe_migrate  =       0.014 (       0.013,       0.018)
    contact_migr  =       0.074 (       0.067,       0.090)
    stack_migrate =       0.000 (       0.000,       0.000)
    pwmcos_migrate =       0.000 (       0.000,       0.000)
    pwmcosns_migr  =       0.000 (       0.000,       0.000)
    nonb_update    =       1.179 (       1.016,       1.501)

