****************************************************
*                                                  *
*                  GENESIS CGDYN                   *
*                                                  *
*        A Molecular Dynamics Simulator with       *
*           Spatial Decomposition Scheme           *
*                                                  *
*               Developed by RIKEN                 *
*                                                  *
****************************************************
 
[STEP0] Architecture and Compiler Information
 
GENESIS_Information> GENESIS Information
  version      = 2.0.0
  commit ID    = $GENESIS_VERSION$
  precision    = mixed 
  nonbonding   = CPU

Build_Information> Compiler Information
  build host   = jjwsmj@hokusai2
  fortran      = ifort (IFORT) 2021.7.1 20221019
  option       = 
  -axCORE-AVX512 -g -O3  -qmkl=parallel  -assume byterecl -qopenmp  
  C            = 
 icc: remark #10441: The Intel(R) C++ Compiler Classic (ICC) is deprecated and w
 ill be removed from product release in the second half of 2023. The Intel(R) on
 eAPI DPC++/C++ Compiler (ICX) is the recommended compiler moving forward. Pleas
 e transition to use this compiler. Use '-diag-disable=10441' to disable this me
 ssage.
  option       = -O3 -ip -axCORE-AVX2  -qopenmp 
  defined var. = 
  -DHAVE_MPI_GENESIS -DOMP -DIFORT19 -DFFTE -DLAPACK -DDSFMT_MEXP=19937 -DINTEL
  link option  = 
  -assume byterecl -lgfortran -qopenmp  -lmkl_intel_lp64 -lmkl_sequential -lmkl_
 core -lmkl_lapack95_lp64   
  MPI Compiler = Intel(R) MPI

Runtime_Information> Machine and Library Information
  date       = 2023/05/12 14:24:00
  cpu model    = Intel(R) Xeon(R) Gold 6148 CPU @ 2.40GHz
  exec. host   = jjwsmj@bwmpc0139
  LD library   = 
 /bwfefs/opt/x86_64/intel/oneapi/2022.3/mpi/2021.7.1/libfabric/lib:/bwfefs/opt/x
 86_64/intel/oneapi/2022.3/mpi/2021.7.1/lib/release:/bwfefs/opt/x86_64/intel/one
 api/2022.3/mpi/2021.7.1/lib:/bwfefs/opt/x86_64/intel/oneapi/2022.3/tbb/2021.7.1
 /lib/intel64/gcc4.8:/usr/lib64:/bwfefs/opt/x86_64/intel/oneapi/2022.3/vpl/2022.
 2.5/lib:/bwfefs/opt/x86_64/intel/oneapi/2022.3/mkl/latest/lib/intel64:/bwfefs/o
 pt/x86_64/intel/oneapi/2022.3/itac/2021.7.1/slib:/bwfefs/opt/x86_64/intel/oneap
 i/2022.3/ippcp/2021.6.2/lib/intel64:/bwfefs/opt/x86_64/intel/oneapi/2022.3/ipp/
 2021.6.2/lib/intel64:/bwfefs/opt/x86_64/intel/oneapi/2022.3/dnnl/2022.2.1/cpu_d
 pcpp_gpu_dpcpp/lib:/bwfefs/opt/x86_64/intel/oneapi/2022.3/dal/2021.7.1/lib/inte
 l64:/bwfefs/opt/x86_64/intel/oneapi/2022.3/compiler/2022.2.1/linux/compiler/lib
 :/bwfefs/opt/x86_64/intel/oneapi/2022.3/compiler/2022.2.1/linux/lib/oclfpga/hos
 t/linux64/lib:/bwfefs/opt/x86_64/intel/oneapi/2022.3/compiler/2022.2.1/linux/li
 b/oclfpga/linux64/lib:/bwfefs/opt/x86_64/intel/oneapi/2022.3/compiler/2022.2.1/
 linux/lib:/bwfefs/opt/x86_64/intel/oneapi/2022.3/compiler/2022.2.1/linux/lib/x6
 4:/bwfefs/opt/x86_64/intel/oneapi/2022.3/compiler/2022.2.1/linux/lib/emu:/bwfef
 s/opt/x86_64/intel/oneapi/2022.3/compiler/2022.2.1/linux/compiler/lib/intel64_l
 in:/bwfefs/opt/x86_64/intel/oneapi/2022.3/debugger/2021.7.1/dep/lib:/bwfefs/opt
 /x86_64/intel/oneapi/2022.3/debugger/2021.7.1/libipt/intel64/lib:/bwfefs/opt/x8
 6_64/intel/oneapi/2022.3/debugger/2021.7.1/gdb/intel64/lib:/bwfefs/opt/x86_64/
 MPI Runtime = Intel(R) MPI Library 2021.7 for Linux* OS


[STEP1] Read Control Parameters
 
Read_Ctrl_Input> Input Files
  grotopfile = dps_120.top
  grocrdfile = crd/dps_mul_4_5_6.gro
 
Read_Ctrl_Output> Output Files
 
Read_Ctrl_Energy> Parameters of Energy Calculations
  forcefield      =    RESIDCG
  output_style    =    GENESIS
 
Read_Ctrl_Dynamics> Parameters of MD simulation
  integrator      =       VVER  nsteps          =       2000
  timestep        =     0.0200  initial_time    =     0.0000
  eneout_period   =        100  rstout_period   =          0
  crdout_period   =          0  velout_period   =          0
  nbupdate_period =         20  stoptr_period   =         10
  lbupdate_period =          0
  iseed           =         -1
  annealing       =         no
  verbose         =         no
  target_md       =         no
  steered_md      =         no
 
Read_Ctrl_Ensemble> Parameters for Ensemble
  ensemble        =        NVT
  temperature     =    300.000
  tpcontrol       =   LANGEVIN
  gamma_t         =      1.000
 
Read_Ctrl_Boundary> Parameters of Boundary Condition
  type            =       PBC 
  box_size(x,y,z) =    450.000   550.000   650.000
  min_domain_cell =          2
 
Read_Ctrl_Selection> Parameters of Selection
  # of groups     =          0
  # of mole names =          0
 
Read_Ctrl_Restraints> No restraint in the system

Read_Ctrl_Fitting_MD> Parameters of Fitting
  fitting method  =  TR+ROT   
  fitting atom    = group1
  mass_weight     =         no
 
[STEP2] Setup MPI
 
Setup_Mpi_Md> Summary of Setup MPI
  number of MPI processes   =          8
  number of OpenMP threads  =          5
  total number of CPU cores =         40

[STEP3] Set Relevant Variables and Structures
 
Read_Grotop> Summary of Grotopfile
  num_moltypes    =          1
    dps_cg                :
      num_atoms   =       1853
      num_bonds   =       1841
      num_angls   =       3658
      num_dihes   =       3634
      num_cmaps   =          0
      num_excls   =      10717
      num_constrs =          0
      num_pairs   =      10717
      num_vsites2 =          0
      num_vsites3 =          0
      num_vsites4 =          0
      num_vsitesn =          0
      num_posress =          0
      num_PWMcos  =          0
      num_PWMcosns=          0
      num_IDR_HPS =          0
      num_IDR_KH  =          0
    .. not used molecule types were hidden.

  num_molecules   =        120
    dps_cg                :  120

  num_atomtypes   =         33  num_bondtypes   =          0
  num_angltypes   =          0  num_dihetypes   =          0
  num_flangltypes           20
  num_fldihetypes          400
  num_constrtypes =          0  num_cmaptypes   =          0
  num_nbonparms   =          0
  num_basestacktypes  =     16
  num_basepairtypes   =      4
  num_basecrosstypes  =     32
  num_cgdnaexvtypes   =      6
  num_cgelemolpairs   =      1
  num_cg_IDR_HPS_atomtypes  =     20
  num_cg_KH_atomtypes  =    20

  num_cg_pair_MJ_eps   =   400

Define_Molecule> Summary of molecules
  num_atoms       =     222360  num_bonds       =     220920
  num_angles      =     438960  num_dihedrals   =     436080
  num_impropers   =          0  num_cmap_terms  =          0
  num_residues    =     222360  num_molecules   =       1440
  num_segments    =          1  num_deg_freedom =     667080
  total_charge    = -10080.000
 
Setup_Boundary_Cell> Set Variables for Boundary Condition
  domains (x,y,z) =          2         2         2
  ncells (x,y,z)  =         15        19        22
 
Define_Enefunc_Gromacs> Number of Interactions in Each Term
  bond_ene        =     220920  angle_ene       =     219480
  flex_angle_ene  =     219480
  torsion_ene     =     438960
 restraint_groups =          0 restraint_funcs  =          0
 
Setup_Dynamics> Subtract 3 translational degrees of freedom
 
Update_Num_Deg_Freedom> Number of degrees of freedom was updated
  num_deg_freedom =     667077 (After removing translation)
 
Random_Init> Initialize the random number
  seed            = 29554

Setup_Fitting_cgdyn> NO fitting is applied, skip
  fitting method  =  NO
 
[STEP4] Compute Single Point Energy for Molecules
 
            STEP          ENERGY            BOND           ANGLE        DIHEDRAL  NATIVE_CONTACT NON-NATIVE_CONT           ELECT          CG_EXV
 --------------- --------------- --------------- --------------- ---------------
               0   -1763100.2397          0.0286    -615192.1405    -528952.6545    -621669.8115          0.0000       2708.5290          5.8093

[STEP5] Perform Molecular Dynamics Simulation
 
Initial_Velocity> Generate initial velocities
  iseed           =      29554
  temperature     =    300.000
 
Random_Init_Velocity> Initialize the random number
  seed            = 29554

INFO:       STEP            TIME       TOTAL_ENE   POTENTIAL_ENE     KINETIC_ENE            RMSG            BOND           ANGLE        DIHEDRAL  NATIVE_CONTACT          CG_EXV           ELECT     TEMPERATURE          VOLUME
 --------------- --------------- --------------- --------------- ---------------
INFO:          0          0.0000   -1564694.2384   -1763100.2397     198406.0013          0.7029          0.0286    -615192.1405    -528952.6545    -621669.8115          5.8093       2708.5290          0.0000  160875000.0000

INFO:        100          2.0000   -1394947.1955   -1561649.5374     166702.3419         11.3408      59176.0681    -547748.6592    -496505.6296    -579249.4160          6.4230       2671.6763        277.7133  160875000.0000

INFO:        200          4.0000   -1365168.4640   -1543413.9450     178245.4810         11.5921      62477.4261    -540872.8556    -493277.5032    -574401.8369          6.4096       2654.4149        295.7839  160875000.0000

INFO:        300          6.0000   -1357396.0784   -1538141.5272     180745.4488         11.6720      63345.7003    -538762.3764    -492580.2148    -572795.2627          6.5577       2644.0687        299.6967  160875000.0000

INFO:        400          8.0000   -1356697.0249   -1537930.4196     181233.3947         11.6460      63220.4308    -539003.9666    -492411.0778    -572388.0625          6.5390       2645.7175        300.3680  160875000.0000

INFO:        500         10.0000   -1356549.6541   -1537431.4973     180881.8432         11.6712      63495.7137    -538602.5120    -492583.9130    -572393.1191          6.6562       2645.6769        299.9718  160875000.0000

INFO:        600         12.0000   -1356461.7690   -1537784.4648     181322.6958         11.6782      63589.0956    -539015.0875    -492684.5059    -572319.8799          6.8107       2639.1021        300.4797  160875000.0000

INFO:        700         14.0000   -1356111.5028   -1537230.2270     181118.7242         11.6576      63464.6542    -538742.8201    -492355.6212    -572243.7979          6.8293       2640.5287        300.3086  160875000.0000

INFO:        800         16.0000   -1356268.3297   -1537425.0327     181156.7030         11.6856      63728.3387    -539050.9850    -492389.1239    -572362.4863          7.0433       2642.1804        300.5537  160875000.0000

INFO:        900         18.0000   -1356409.1271   -1537113.6722     180704.5451         11.6635      63464.4880    -538946.9932    -492178.3978    -572102.5771          6.8721       2642.9358        299.4748  160875000.0000

INFO:       1000         20.0000   -1357055.7446   -1538038.6030     180982.8584         11.6494      63182.5283    -539010.2721    -492516.5332    -572341.4609          7.2838       2639.8511        300.1110  160875000.0000

INFO:       1100         22.0000   -1356430.6500   -1537275.4958     180844.8458         11.6491      63174.7891    -538499.1591    -492282.9729    -572326.8154          9.7009       2648.9616        299.4107  160875000.0000

INFO:       1200         24.0000   -1356786.7995   -1537632.0222     180845.2227         11.6543      63213.6663    -538774.8369    -492312.1356    -572412.5107          7.3397       2646.4552        299.8869  160875000.0000

INFO:       1300         26.0000   -1356505.2549   -1537439.0166     180933.7617         11.6673      63453.8242    -538851.4354    -492317.0043    -572374.9365          7.6723       2642.8631        300.0092  160875000.0000

INFO:       1400         28.0000   -1356194.3411   -1537539.0003     181344.6592         11.6543      63421.6372    -538691.3696    -492523.0769    -572395.1543          7.1785       2641.7848        300.4775  160875000.0000

INFO:       1500         30.0000   -1355975.4160   -1537710.9063     181735.4903         11.6657      63315.7756    -538699.4567    -492441.2615    -572530.8311          7.2605       2637.6068        301.0097  160875000.0000

INFO:       1600         32.0000   -1356160.0566   -1537293.4467     181133.3902         11.6770      63529.3915    -538570.1800    -492513.6453    -572393.5273          7.7323       2646.7820        300.1407  160875000.0000

INFO:       1700         34.0000   -1355912.9945   -1536527.6160     180614.6216         11.7076      63863.3359    -538565.7431    -492399.8948    -572073.9473          7.0826       2641.5506        299.5780  160875000.0000

INFO:       1800         36.0000   -1356346.2229   -1537726.0008     181379.7780         11.6569      63378.5365    -539049.4860    -492360.4806    -572343.7256          7.4564       2641.6984        300.5443  160875000.0000

INFO:       1900         38.0000   -1356180.0780   -1537470.1476     181290.0696         11.6664      63267.8542    -538652.8138    -492401.0577    -572336.4248          8.4983       2643.7962        300.3612  160875000.0000

INFO:       2000         40.0000   -1357167.7578   -1537889.5393     180721.7814         11.6605      63240.8402    -538850.2355    -492486.5896    -572443.5303          7.3564       2642.6194        299.3934  160875000.0000

 
[STEP6] Deallocate Arrays
 
Output_Time> Averaged timer profile (Min, Max)
  total time      =      60.819
    setup         =       3.578
    dynamics      =      57.241
      energy      =      41.872
      integrator  =      10.479
      migration   =       1.170
      pairlist    =       3.856 (       3.288,       5.109)
  energy           
    bond          =       1.081 (       0.946,       1.347)
    angle         =       5.320 (       4.505,       6.794)
    dihedral      =       6.363 (       5.598,       8.277)
    base stacking =       0.000 (       0.000,       0.000)
    nonbond       =      17.945 (      15.129,      23.562)
      CG exv      =       1.929 (       1.720,       2.393)
      CG DNA bp   =       0.000 (       0.000,       0.000)
      CG DNA exv  =       0.000 (       0.000,       0.000)
      CG ele      =      10.873 (       9.139,      14.266)
      CG PWMcos   =       0.000 (       0.000,       0.000)
      CG PWMcosns =       0.000 (       0.000,       0.000)
      CG IDR-HPS  =       0.000 (       0.000,       0.000)
      CG IDR-KH   =       0.000 (       0.000,       0.000)
      CG KH       =       0.000 (       0.000,       0.000)
      Contact     =       5.142 (       4.243,       6.902)
      pme real    =       0.000 (       0.000,       0.000)
      pme recip   =       0.000 (       0.000,       0.000)
    solvation     =       0.000 (       0.000,       0.000)
      polar       =       0.000 (       0.000,       0.000)
      non-polar   =       0.000 (       0.000,       0.000)
    restraint     =       0.000 (       0.000,       0.000)
    qmmm          =       0.000 (       0.000,       0.000)
    morph         =       0.000 (       0.000,       0.000)
  integrator       
    constraint    =       0.000 (       0.000,       0.000)
    update        =       0.000 (       0.000,       0.000)
    comm_coord    =       3.325 (       0.598,       4.438)
    comm_force    =       0.726 (       0.648,       0.892)
  migration       =       1.170 (       1.170,       1.170)
    comm_migrate  =       0.151 (       0.115,       0.168)
    ptl_migrate   =       0.036 (       0.032,       0.045)
    bond_migrate  =       0.007 (       0.006,       0.009)
    angl_migrate  =       0.013 (       0.011,       0.015)
    dihe_migrate  =       0.014 (       0.012,       0.017)
    contact_migr  =       0.071 (       0.065,       0.087)
    stack_migrate =       0.000 (       0.000,       0.000)
    pwmcos_migrate =       0.000 (       0.000,       0.000)
    pwmcosns_migr  =       0.000 (       0.000,       0.000)
    nonb_update    =       1.144 (       0.979,       1.460)

