****************************************************
*                                                  *
*                  GENESIS CGDYN                   *
*                                                  *
*        A Molecular Dynamics Simulator with       *
*           Spatial Decomposition Scheme           *
*                                                  *
*               Developed by RIKEN                 *
*                                                  *
****************************************************
 
[STEP0] Architecture and Compiler Information
 
GENESIS_Information> GENESIS Information
  version      = 2.0.0
  commit ID    = $GENESIS_VERSION$
  precision    = mixed 
  nonbonding   = CPU

Build_Information> Compiler Information
  build host   = jjwsmj@hokusai2
  fortran      = ifort (IFORT) 2021.7.1 20221019
  option       = 
  -axCORE-AVX512 -g -O3  -qmkl=parallel  -assume byterecl -qopenmp  
  C            = 
 icc: remark #10441: The Intel(R) C++ Compiler Classic (ICC) is deprecated and w
 ill be removed from product release in the second half of 2023. The Intel(R) on
 eAPI DPC++/C++ Compiler (ICX) is the recommended compiler moving forward. Pleas
 e transition to use this compiler. Use '-diag-disable=10441' to disable this me
 ssage.
  option       = -O3 -ip -axCORE-AVX2  -qopenmp 
  defined var. = 
  -DHAVE_MPI_GENESIS -DOMP -DIFORT19 -DFFTE -DLAPACK -DDSFMT_MEXP=19937 -DINTEL
  link option  = 
  -assume byterecl -lgfortran -qopenmp  -lmkl_intel_lp64 -lmkl_sequential -lmkl_
 core -lmkl_lapack95_lp64   
  MPI Compiler = Intel(R) MPI

Runtime_Information> Machine and Library Information
  date       = 2023/05/12 14:23:58
  cpu model    = Intel(R) Xeon(R) Gold 6148 CPU @ 2.40GHz
  exec. host   = jjwsmj@bwmpc0114
  LD library   = 
 /bwfefs/opt/x86_64/intel/oneapi/2022.3/mpi/2021.7.1/libfabric/lib:/bwfefs/opt/x
 86_64/intel/oneapi/2022.3/mpi/2021.7.1/lib/release:/bwfefs/opt/x86_64/intel/one
 api/2022.3/mpi/2021.7.1/lib:/bwfefs/opt/x86_64/intel/oneapi/2022.3/tbb/2021.7.1
 /lib/intel64/gcc4.8:/usr/lib64:/bwfefs/opt/x86_64/intel/oneapi/2022.3/vpl/2022.
 2.5/lib:/bwfefs/opt/x86_64/intel/oneapi/2022.3/mkl/latest/lib/intel64:/bwfefs/o
 pt/x86_64/intel/oneapi/2022.3/itac/2021.7.1/slib:/bwfefs/opt/x86_64/intel/oneap
 i/2022.3/ippcp/2021.6.2/lib/intel64:/bwfefs/opt/x86_64/intel/oneapi/2022.3/ipp/
 2021.6.2/lib/intel64:/bwfefs/opt/x86_64/intel/oneapi/2022.3/dnnl/2022.2.1/cpu_d
 pcpp_gpu_dpcpp/lib:/bwfefs/opt/x86_64/intel/oneapi/2022.3/dal/2021.7.1/lib/inte
 l64:/bwfefs/opt/x86_64/intel/oneapi/2022.3/compiler/2022.2.1/linux/compiler/lib
 :/bwfefs/opt/x86_64/intel/oneapi/2022.3/compiler/2022.2.1/linux/lib/oclfpga/hos
 t/linux64/lib:/bwfefs/opt/x86_64/intel/oneapi/2022.3/compiler/2022.2.1/linux/li
 b/oclfpga/linux64/lib:/bwfefs/opt/x86_64/intel/oneapi/2022.3/compiler/2022.2.1/
 linux/lib:/bwfefs/opt/x86_64/intel/oneapi/2022.3/compiler/2022.2.1/linux/lib/x6
 4:/bwfefs/opt/x86_64/intel/oneapi/2022.3/compiler/2022.2.1/linux/lib/emu:/bwfef
 s/opt/x86_64/intel/oneapi/2022.3/compiler/2022.2.1/linux/compiler/lib/intel64_l
 in:/bwfefs/opt/x86_64/intel/oneapi/2022.3/debugger/2021.7.1/dep/lib:/bwfefs/opt
 /x86_64/intel/oneapi/2022.3/debugger/2021.7.1/libipt/intel64/lib:/bwfefs/opt/x8
 6_64/intel/oneapi/2022.3/debugger/2021.7.1/gdb/intel64/lib:/bwfefs/opt/x86_64/
 MPI Runtime = Intel(R) MPI Library 2021.7 for Linux* OS


[STEP1] Read Control Parameters
 
Read_Ctrl_Input> Input Files
  grotopfile = dps_120.top
  grocrdfile = crd/dps_mul_4_5_6.gro
 
Read_Ctrl_Output> Output Files
 
Read_Ctrl_Energy> Parameters of Energy Calculations
  forcefield      =    RESIDCG
  output_style    =    GENESIS
 
Read_Ctrl_Dynamics> Parameters of MD simulation
  integrator      =       VVER  nsteps          =       2000
  timestep        =     0.0200  initial_time    =     0.0000
  eneout_period   =        100  rstout_period   =          0
  crdout_period   =          0  velout_period   =          0
  nbupdate_period =         20  stoptr_period   =         10
  lbupdate_period =          0
  iseed           =         -1
  annealing       =         no
  verbose         =         no
  target_md       =         no
  steered_md      =         no
 
Read_Ctrl_Ensemble> Parameters for Ensemble
  ensemble        =        NVT
  temperature     =    300.000
  tpcontrol       =   LANGEVIN
  gamma_t         =      1.000
 
Read_Ctrl_Boundary> Parameters of Boundary Condition
  type            =       PBC 
  box_size(x,y,z) =    450.000   550.000   650.000
  min_domain_cell =          2
 
Read_Ctrl_Selection> Parameters of Selection
  # of groups     =          0
  # of mole names =          0
 
Read_Ctrl_Restraints> No restraint in the system

Read_Ctrl_Fitting_MD> Parameters of Fitting
  fitting method  =  TR+ROT   
  fitting atom    = group1
  mass_weight     =         no
 
[STEP2] Setup MPI
 
Setup_Mpi_Md> Summary of Setup MPI
  number of MPI processes   =          8
  number of OpenMP threads  =          5
  total number of CPU cores =         40

[STEP3] Set Relevant Variables and Structures
 
Read_Grotop> Summary of Grotopfile
  num_moltypes    =          1
    dps_cg                :
      num_atoms   =       1853
      num_bonds   =       1841
      num_angls   =       3658
      num_dihes   =       3634
      num_cmaps   =          0
      num_excls   =      10717
      num_constrs =          0
      num_pairs   =      10717
      num_vsites2 =          0
      num_vsites3 =          0
      num_vsites4 =          0
      num_vsitesn =          0
      num_posress =          0
      num_PWMcos  =          0
      num_PWMcosns=          0
      num_IDR_HPS =          0
      num_IDR_KH  =          0
    .. not used molecule types were hidden.

  num_molecules   =        120
    dps_cg                :  120

  num_atomtypes   =         33  num_bondtypes   =          0
  num_angltypes   =          0  num_dihetypes   =          0
  num_flangltypes           20
  num_fldihetypes          400
  num_constrtypes =          0  num_cmaptypes   =          0
  num_nbonparms   =          0
  num_basestacktypes  =     16
  num_basepairtypes   =      4
  num_basecrosstypes  =     32
  num_cgdnaexvtypes   =      6
  num_cgelemolpairs   =      1
  num_cg_IDR_HPS_atomtypes  =     20
  num_cg_KH_atomtypes  =    20

  num_cg_pair_MJ_eps   =   400

Define_Molecule> Summary of molecules
  num_atoms       =     222360  num_bonds       =     220920
  num_angles      =     438960  num_dihedrals   =     436080
  num_impropers   =          0  num_cmap_terms  =          0
  num_residues    =     222360  num_molecules   =       1440
  num_segments    =          1  num_deg_freedom =     667080
  total_charge    = -10080.000
 
Setup_Boundary_Cell> Set Variables for Boundary Condition
  domains (x,y,z) =          2         2         2
  ncells (x,y,z)  =         15        19        22
 
Define_Enefunc_Gromacs> Number of Interactions in Each Term
  bond_ene        =     220920  angle_ene       =     219480
  flex_angle_ene  =     219480
  torsion_ene     =     438960
 restraint_groups =          0 restraint_funcs  =          0
 
Setup_Dynamics> Subtract 3 translational degrees of freedom
 
Update_Num_Deg_Freedom> Number of degrees of freedom was updated
  num_deg_freedom =     667077 (After removing translation)
 
Random_Init> Initialize the random number
  seed            = 144354

Setup_Fitting_cgdyn> NO fitting is applied, skip
  fitting method  =  NO
 
[STEP4] Compute Single Point Energy for Molecules
 
            STEP          ENERGY            BOND           ANGLE        DIHEDRAL  NATIVE_CONTACT NON-NATIVE_CONT           ELECT          CG_EXV
 --------------- --------------- --------------- --------------- ---------------
               0   -1763100.2397          0.0286    -615192.1405    -528952.6545    -621669.8115          0.0000       2708.5290          5.8093

[STEP5] Perform Molecular Dynamics Simulation
 
Initial_Velocity> Generate initial velocities
  iseed           =     144354
  temperature     =    300.000
 
Random_Init_Velocity> Initialize the random number
  seed            = 144354

INFO:       STEP            TIME       TOTAL_ENE   POTENTIAL_ENE     KINETIC_ENE            RMSG            BOND           ANGLE        DIHEDRAL  NATIVE_CONTACT          CG_EXV           ELECT     TEMPERATURE          VOLUME
 --------------- --------------- --------------- --------------- ---------------
INFO:          0          0.0000   -1564709.6248   -1763100.2397     198390.6150          0.7029          0.0286    -615192.1405    -528952.6545    -621669.8115          5.8093       2708.5290          0.0000  160875000.0000

INFO:        100          2.0000   -1394542.4692   -1561217.4386     166674.9694         11.3521      59603.1335    -548098.9106    -496326.2841    -579072.8135          6.4475       2670.9885        277.9456  160875000.0000

INFO:        200          4.0000   -1365015.9319   -1543133.2773     178117.3453         11.6318      62937.6018    -540975.9266    -493281.8722    -574470.5000          6.5076       2650.9121        295.3058  160875000.0000

INFO:        300          6.0000   -1358092.0754   -1538700.9286     180608.8532         11.6688      63528.7056    -539280.9769    -492578.0037    -573024.3828          6.5772       2647.1519        299.1297  160875000.0000

INFO:        400          8.0000   -1357312.3857   -1537816.6590     180504.2733         11.6712      63442.6278    -538739.0045    -492380.0109    -572794.9014          6.5230       2648.1069        299.5103  160875000.0000

INFO:        500         10.0000   -1356559.2399   -1537451.4223     180892.1824         11.6714      63703.3271    -538784.2002    -492470.3154    -572553.4707          6.6083       2646.6285        300.0340  160875000.0000

INFO:        600         12.0000   -1356627.5100   -1537935.1209     181307.6109         11.6723      63427.1755    -538836.8563    -492410.5262    -572766.9688          6.5977       2645.4571        300.4862  160875000.0000

INFO:        700         14.0000   -1356273.8934   -1537319.3853     181045.4919         11.6971      63833.4738    -538869.7955    -492474.4806    -572455.3613          6.9293       2639.8490        299.7844  160875000.0000

INFO:        800         16.0000   -1356689.3370   -1537541.3997     180852.0627         11.6600      63473.0283    -538708.2686    -492620.5063    -572335.3340          7.3662       2642.3146        299.7172  160875000.0000

INFO:        900         18.0000   -1356404.8182   -1537538.3404     181133.5222         11.6602      63369.4659    -538593.9436    -492537.8744    -572431.4668          7.4452       2648.0332        299.6451  160875000.0000

INFO:       1000         20.0000   -1356975.9281   -1537982.6160     181006.6879         11.6426      63039.6934    -538853.7889    -492343.6938    -572474.7510          7.5052       2642.4192        299.6563  160875000.0000

INFO:       1100         22.0000   -1355824.4380   -1537033.1226     181208.6846         11.6678      63372.5933    -538666.6819    -492238.5902    -572151.3760          6.9657       2643.9666        300.3039  160875000.0000

INFO:       1200         24.0000   -1357025.4719   -1537652.0557     180626.5838         11.6444      63285.1674    -538785.1858    -492507.8467    -572300.9141          7.6250       2649.0985        299.6144  160875000.0000

INFO:       1300         26.0000   -1356884.6920   -1538078.0873     181193.3954         11.6599      63324.7039    -539290.1672    -492311.2528    -572458.3184          7.1537       2649.7935        300.4325  160875000.0000

INFO:       1400         28.0000   -1355646.2705   -1537163.9110     181517.6404         11.6690      63506.8949    -538775.2174    -492296.0406    -572249.1006          7.3919       2642.1608        300.8469  160875000.0000

INFO:       1500         30.0000   -1355790.4715   -1537050.5253     181260.0538         11.6770      63737.9987    -538634.4663    -492584.9337    -572222.8877          7.3543       2646.4094        300.8479  160875000.0000

INFO:       1600         32.0000   -1355447.4544   -1536852.0122     181404.5578         11.6697      63360.7633    -538342.2136    -492205.9307    -572313.9004          7.4814       2641.7876        300.0567  160875000.0000

INFO:       1700         34.0000   -1356303.6856   -1537334.1882     181030.5026         11.6579      63394.4784    -538570.4471    -492312.4406    -572498.8613          7.2254       2645.8570        300.1728  160875000.0000

INFO:       1800         36.0000   -1357337.2512   -1537801.2295     180463.9783         11.6368      62902.9058    -538705.3727    -492344.2548    -572302.9893          8.0988       2640.3826        299.1637  160875000.0000

INFO:       1900         38.0000   -1356587.0859   -1537659.7319     181072.6461         11.6649      63408.0328    -538976.7483    -492461.3116    -572280.3877          8.0905       2642.5924        300.0219  160875000.0000

INFO:       2000         40.0000   -1357025.1624   -1537959.4251     180934.2627         11.6352      63100.4493    -538728.8279    -492479.2428    -572504.1055          7.5163       2644.7854        299.7729  160875000.0000

 
[STEP6] Deallocate Arrays
 
Output_Time> Averaged timer profile (Min, Max)
  total time      =      63.776
    setup         =       3.558
    dynamics      =      60.219
      energy      =      44.792
      integrator  =      10.558
      migration   =       1.164
      pairlist    =       3.839 (       3.260,       5.107)
  energy           
    bond          =       1.077 (       0.956,       1.333)
    angle         =       5.972 (       4.725,       9.055)
    dihedral      =       6.715 (       5.593,       9.458)
    base stacking =       0.000 (       0.000,       0.000)
    nonbond       =      17.819 (      14.979,      23.006)
      CG exv      =       1.955 (       1.714,       2.606)
      CG DNA bp   =       0.000 (       0.000,       0.000)
      CG DNA exv  =       0.000 (       0.000,       0.000)
      CG ele      =      10.885 (       9.015,      14.496)
      CG PWMcos   =       0.000 (       0.000,       0.000)
      CG PWMcosns =       0.000 (       0.000,       0.000)
      CG IDR-HPS  =       0.000 (       0.000,       0.000)
      CG IDR-KH   =       0.000 (       0.000,       0.000)
      CG KH       =       0.000 (       0.000,       0.000)
      Contact     =       4.978 (       4.249,       6.423)
      pme real    =       0.000 (       0.000,       0.000)
      pme recip   =       0.000 (       0.000,       0.000)
    solvation     =       0.000 (       0.000,       0.000)
      polar       =       0.000 (       0.000,       0.000)
      non-polar   =       0.000 (       0.000,       0.000)
    restraint     =       0.000 (       0.000,       0.000)
    qmmm          =       0.000 (       0.000,       0.000)
    morph         =       0.000 (       0.000,       0.000)
  integrator       
    constraint    =       0.000 (       0.000,       0.000)
    update        =       0.000 (       0.000,       0.000)
    comm_coord    =       3.352 (       0.600,       4.504)
    comm_force    =       0.743 (       0.669,       0.918)
  migration       =       1.164 (       1.164,       1.164)
    comm_migrate  =       0.147 (       0.113,       0.164)
    ptl_migrate   =       0.036 (       0.033,       0.045)
    bond_migrate  =       0.007 (       0.006,       0.008)
    angl_migrate  =       0.012 (       0.011,       0.015)
    dihe_migrate  =       0.014 (       0.012,       0.017)
    contact_migr  =       0.070 (       0.065,       0.084)
    stack_migrate =       0.000 (       0.000,       0.000)
    pwmcos_migrate =       0.000 (       0.000,       0.000)
    pwmcosns_migr  =       0.000 (       0.000,       0.000)
    nonb_update    =       1.146 (       0.989,       1.457)

