****************************************************
*                                                  *
*                  GENESIS CGDYN                   *
*                                                  *
*        A Molecular Dynamics Simulator with       *
*           Spatial Decomposition Scheme           *
*                                                  *
*               Developed by RIKEN                 *
*                                                  *
****************************************************
 
[STEP0] Architecture and Compiler Information
 
GENESIS_Information> GENESIS Information
  version      = 2.0.0
  commit ID    = $GENESIS_VERSION$
  precision    = mixed 
  nonbonding   = CPU

Build_Information> Compiler Information
  build host   = jjwsmj@hokusai2
  fortran      = ifort (IFORT) 2021.7.1 20221019
  option       = 
  -axCORE-AVX512 -g -O3  -qmkl=parallel  -assume byterecl -qopenmp  
  C            = 
 icc: remark #10441: The Intel(R) C++ Compiler Classic (ICC) is deprecated and w
 ill be removed from product release in the second half of 2023. The Intel(R) on
 eAPI DPC++/C++ Compiler (ICX) is the recommended compiler moving forward. Pleas
 e transition to use this compiler. Use '-diag-disable=10441' to disable this me
 ssage.
  option       = -O3 -ip -axCORE-AVX2  -qopenmp 
  defined var. = 
  -DHAVE_MPI_GENESIS -DOMP -DIFORT19 -DFFTE -DLAPACK -DDSFMT_MEXP=19937 -DINTEL
  link option  = 
  -assume byterecl -lgfortran -qopenmp  -lmkl_intel_lp64 -lmkl_sequential -lmkl_
 core -lmkl_lapack95_lp64   
  MPI Compiler = Intel(R) MPI

Runtime_Information> Machine and Library Information
  date       = 2023/05/12 14:23:59
  cpu model    = Intel(R) Xeon(R) Gold 6148 CPU @ 2.40GHz
  exec. host   = jjwsmj@bwmpc0138
  LD library   = 
 /bwfefs/opt/x86_64/intel/oneapi/2022.3/mpi/2021.7.1/libfabric/lib:/bwfefs/opt/x
 86_64/intel/oneapi/2022.3/mpi/2021.7.1/lib/release:/bwfefs/opt/x86_64/intel/one
 api/2022.3/mpi/2021.7.1/lib:/bwfefs/opt/x86_64/intel/oneapi/2022.3/tbb/2021.7.1
 /lib/intel64/gcc4.8:/usr/lib64:/bwfefs/opt/x86_64/intel/oneapi/2022.3/vpl/2022.
 2.5/lib:/bwfefs/opt/x86_64/intel/oneapi/2022.3/mkl/latest/lib/intel64:/bwfefs/o
 pt/x86_64/intel/oneapi/2022.3/itac/2021.7.1/slib:/bwfefs/opt/x86_64/intel/oneap
 i/2022.3/ippcp/2021.6.2/lib/intel64:/bwfefs/opt/x86_64/intel/oneapi/2022.3/ipp/
 2021.6.2/lib/intel64:/bwfefs/opt/x86_64/intel/oneapi/2022.3/dnnl/2022.2.1/cpu_d
 pcpp_gpu_dpcpp/lib:/bwfefs/opt/x86_64/intel/oneapi/2022.3/dal/2021.7.1/lib/inte
 l64:/bwfefs/opt/x86_64/intel/oneapi/2022.3/compiler/2022.2.1/linux/compiler/lib
 :/bwfefs/opt/x86_64/intel/oneapi/2022.3/compiler/2022.2.1/linux/lib/oclfpga/hos
 t/linux64/lib:/bwfefs/opt/x86_64/intel/oneapi/2022.3/compiler/2022.2.1/linux/li
 b/oclfpga/linux64/lib:/bwfefs/opt/x86_64/intel/oneapi/2022.3/compiler/2022.2.1/
 linux/lib:/bwfefs/opt/x86_64/intel/oneapi/2022.3/compiler/2022.2.1/linux/lib/x6
 4:/bwfefs/opt/x86_64/intel/oneapi/2022.3/compiler/2022.2.1/linux/lib/emu:/bwfef
 s/opt/x86_64/intel/oneapi/2022.3/compiler/2022.2.1/linux/compiler/lib/intel64_l
 in:/bwfefs/opt/x86_64/intel/oneapi/2022.3/debugger/2021.7.1/dep/lib:/bwfefs/opt
 /x86_64/intel/oneapi/2022.3/debugger/2021.7.1/libipt/intel64/lib:/bwfefs/opt/x8
 6_64/intel/oneapi/2022.3/debugger/2021.7.1/gdb/intel64/lib:/bwfefs/opt/x86_64/
 MPI Runtime = Intel(R) MPI Library 2021.7 for Linux* OS


[STEP1] Read Control Parameters
 
Read_Ctrl_Input> Input Files
  grotopfile = dps_120.top
  grocrdfile = crd/dps_mul_4_5_6.gro
 
Read_Ctrl_Output> Output Files
 
Read_Ctrl_Energy> Parameters of Energy Calculations
  forcefield      =    RESIDCG
  output_style    =    GENESIS
 
Read_Ctrl_Dynamics> Parameters of MD simulation
  integrator      =       VVER  nsteps          =       2000
  timestep        =     0.0200  initial_time    =     0.0000
  eneout_period   =        100  rstout_period   =          0
  crdout_period   =          0  velout_period   =          0
  nbupdate_period =         20  stoptr_period   =         10
  lbupdate_period =          0
  iseed           =         -1
  annealing       =         no
  verbose         =         no
  target_md       =         no
  steered_md      =         no
 
Read_Ctrl_Ensemble> Parameters for Ensemble
  ensemble        =        NVT
  temperature     =    300.000
  tpcontrol       =   LANGEVIN
  gamma_t         =      1.000
 
Read_Ctrl_Boundary> Parameters of Boundary Condition
  type            =       PBC 
  box_size(x,y,z) =    450.000   550.000   650.000
  min_domain_cell =          2
 
Read_Ctrl_Selection> Parameters of Selection
  # of groups     =          0
  # of mole names =          0
 
Read_Ctrl_Restraints> No restraint in the system

Read_Ctrl_Fitting_MD> Parameters of Fitting
  fitting method  =  TR+ROT   
  fitting atom    = group1
  mass_weight     =         no
 
[STEP2] Setup MPI
 
Setup_Mpi_Md> Summary of Setup MPI
  number of MPI processes   =          8
  number of OpenMP threads  =          5
  total number of CPU cores =         40

[STEP3] Set Relevant Variables and Structures
 
Read_Grotop> Summary of Grotopfile
  num_moltypes    =          1
    dps_cg                :
      num_atoms   =       1853
      num_bonds   =       1841
      num_angls   =       3658
      num_dihes   =       3634
      num_cmaps   =          0
      num_excls   =      10717
      num_constrs =          0
      num_pairs   =      10717
      num_vsites2 =          0
      num_vsites3 =          0
      num_vsites4 =          0
      num_vsitesn =          0
      num_posress =          0
      num_PWMcos  =          0
      num_PWMcosns=          0
      num_IDR_HPS =          0
      num_IDR_KH  =          0
    .. not used molecule types were hidden.

  num_molecules   =        120
    dps_cg                :  120

  num_atomtypes   =         33  num_bondtypes   =          0
  num_angltypes   =          0  num_dihetypes   =          0
  num_flangltypes           20
  num_fldihetypes          400
  num_constrtypes =          0  num_cmaptypes   =          0
  num_nbonparms   =          0
  num_basestacktypes  =     16
  num_basepairtypes   =      4
  num_basecrosstypes  =     32
  num_cgdnaexvtypes   =      6
  num_cgelemolpairs   =      1
  num_cg_IDR_HPS_atomtypes  =     20
  num_cg_KH_atomtypes  =    20

  num_cg_pair_MJ_eps   =   400

Define_Molecule> Summary of molecules
  num_atoms       =     222360  num_bonds       =     220920
  num_angles      =     438960  num_dihedrals   =     436080
  num_impropers   =          0  num_cmap_terms  =          0
  num_residues    =     222360  num_molecules   =       1440
  num_segments    =          1  num_deg_freedom =     667080
  total_charge    = -10080.000
 
Setup_Boundary_Cell> Set Variables for Boundary Condition
  domains (x,y,z) =          2         2         2
  ncells (x,y,z)  =         15        19        22
 
Define_Enefunc_Gromacs> Number of Interactions in Each Term
  bond_ene        =     220920  angle_ene       =     219480
  flex_angle_ene  =     219480
  torsion_ene     =     438960
 restraint_groups =          0 restraint_funcs  =          0
 
Setup_Dynamics> Subtract 3 translational degrees of freedom
 
Update_Num_Deg_Freedom> Number of degrees of freedom was updated
  num_deg_freedom =     667077 (After removing translation)
 
Random_Init> Initialize the random number
  seed            = 928454

Setup_Fitting_cgdyn> NO fitting is applied, skip
  fitting method  =  NO
 
[STEP4] Compute Single Point Energy for Molecules
 
            STEP          ENERGY            BOND           ANGLE        DIHEDRAL  NATIVE_CONTACT NON-NATIVE_CONT           ELECT          CG_EXV
 --------------- --------------- --------------- --------------- ---------------
               0   -1763100.2397          0.0286    -615192.1405    -528952.6545    -621669.8115          0.0000       2708.5290          5.8093

[STEP5] Perform Molecular Dynamics Simulation
 
Initial_Velocity> Generate initial velocities
  iseed           =     928454
  temperature     =    300.000
 
Random_Init_Velocity> Initialize the random number
  seed            = 928454

INFO:       STEP            TIME       TOTAL_ENE   POTENTIAL_ENE     KINETIC_ENE            RMSG            BOND           ANGLE        DIHEDRAL  NATIVE_CONTACT          CG_EXV           ELECT     TEMPERATURE          VOLUME
 --------------- --------------- --------------- --------------- ---------------
INFO:          0          0.0000   -1564300.8506   -1763100.2397     198799.3891          0.7029          0.0286    -615192.1405    -528952.6545    -621669.8115          5.8093       2708.5290          0.0000  160875000.0000

INFO:        100          2.0000   -1395095.9150   -1561759.5147     166663.5996         11.3385      59361.6232    -547845.2692    -496562.5674    -579392.6289          6.5292       2672.7984        277.7892  160875000.0000

INFO:        200          4.0000   -1365571.1210   -1543345.7657     177774.6447         11.5884      62489.0355    -541044.7362    -493272.3030    -574171.1230          6.4263       2646.9347        295.0688  160875000.0000

INFO:        300          6.0000   -1357576.5557   -1538345.0044     180768.4487         11.6375      63007.8232    -538726.1422    -492583.8691    -572696.9639          6.5867       2647.5609        299.4262  160875000.0000

INFO:        400          8.0000   -1358607.8481   -1539008.9771     180401.1290         11.6400      63106.3602    -539216.5385    -492717.0471    -572831.5449          6.4423       2643.3509        299.1774  160875000.0000

INFO:        500         10.0000   -1357241.8675   -1537774.6843     180532.8168         11.6596      63370.1063    -538907.6000    -492393.9652    -572489.9424          6.8592       2639.8578        299.5933  160875000.0000

INFO:        600         12.0000   -1356817.4099   -1538094.9021     181277.4923         11.6413      63348.3060    -538994.0244    -492622.0936    -572467.4707          6.6914       2633.6891        300.4948  160875000.0000

INFO:        700         14.0000   -1356474.9015   -1537916.1676     181441.2661         11.6473      63191.1945    -538845.0718    -492434.2604    -572476.0156          6.6348       2641.3509        300.7269  160875000.0000

INFO:        800         16.0000   -1355947.5281   -1537351.2064     181403.6782         11.6406      63139.5553    -538604.7896    -492359.7804    -572170.6348          6.9174       2637.5256        300.2353  160875000.0000

INFO:        900         18.0000   -1356637.2433   -1537159.1268     180521.8835         11.6543      63216.9692    -538751.5502    -492073.2711    -572204.1943          6.9876       2645.9320        299.4771  160875000.0000

INFO:       1000         20.0000   -1356149.8965   -1537469.5051     181319.6086         11.6466      63295.0276    -538651.5388    -492485.6591    -572274.1865          6.9268       2639.9249        300.3870  160875000.0000

INFO:       1100         22.0000   -1356385.0251   -1537651.8021     181266.7770         11.6487      63162.4130    -538726.5301    -492325.6178    -572410.5967          6.7784       2641.7511        300.4946  160875000.0000

INFO:       1200         24.0000   -1356523.6200   -1537242.5829     180718.9629         11.6614      63454.7518    -538749.3201    -492373.9176    -572225.2949          7.3599       2643.8381        299.9674  160875000.0000

INFO:       1300         26.0000   -1357219.3527   -1538174.4623     180955.1097         11.6481      63293.4385    -539047.2795    -492478.9418    -572595.0410          6.9677       2646.3938        300.1033  160875000.0000

INFO:       1400         28.0000   -1356803.2763   -1537383.7929     180580.5166         11.6551      63294.5588    -538623.6393    -492242.4799    -572467.9277          7.8644       2647.8308        299.5382  160875000.0000

INFO:       1500         30.0000   -1357531.3024   -1538287.5613     180756.2589         11.6287      63094.8755    -539014.3739    -492522.7230    -572497.5117          7.9220       2644.2499        299.4628  160875000.0000

INFO:       1600         32.0000   -1355934.1423   -1536871.8915     180937.7492         11.6634      63470.1244    -538571.1381    -492332.4492    -572091.9951          7.7668       2645.7997        300.3518  160875000.0000

INFO:       1700         34.0000   -1356010.5688   -1537234.2499     181223.6811         11.6517      63433.5995    -538863.5421    -492275.0885    -572184.2520          8.8755       2646.1577        300.6239  160875000.0000

INFO:       1800         36.0000   -1355225.0319   -1537300.3416     182075.3096         11.6819      63520.2119    -538741.6518    -492289.2911    -572441.5527          7.2200       2644.7222        301.9277  160875000.0000

INFO:       1900         38.0000   -1356209.1323   -1537206.2506     180997.1183         11.6626      63501.7047    -538718.8313    -492376.7670    -572258.6094          7.5683       2638.6840        299.8061  160875000.0000

INFO:       2000         40.0000   -1357005.3471   -1538572.5384     181567.1913         11.6270      62843.0880    -539129.8357    -492501.5212    -572442.9766          8.3573       2650.3496        301.1946  160875000.0000

 
[STEP6] Deallocate Arrays
 
Output_Time> Averaged timer profile (Min, Max)
  total time      =      62.058
    setup         =       4.654
    dynamics      =      57.404
      energy      =      41.866
      integrator  =      10.473
      migration   =       1.348
      pairlist    =       3.856 (       3.303,       5.115)
  energy           
    bond          =       1.087 (       0.953,       1.356)
    angle         =       5.464 (       3.696,       7.465)
    dihedral      =       6.531 (       5.407,       8.553)
    base stacking =       0.000 (       0.000,       0.000)
    nonbond       =      18.267 (      15.379,      23.613)
      CG exv      =       1.971 (       1.736,       2.512)
      CG DNA bp   =       0.000 (       0.000,       0.000)
      CG DNA exv  =       0.000 (       0.000,       0.000)
      CG ele      =      11.175 (       9.199,      14.613)
      CG PWMcos   =       0.000 (       0.000,       0.000)
      CG PWMcosns =       0.000 (       0.000,       0.000)
      CG IDR-HPS  =       0.000 (       0.000,       0.000)
      CG IDR-KH   =       0.000 (       0.000,       0.000)
      CG KH       =       0.000 (       0.000,       0.000)
      Contact     =       5.120 (       4.402,       6.487)
      pme real    =       0.000 (       0.000,       0.000)
      pme recip   =       0.000 (       0.000,       0.000)
    solvation     =       0.000 (       0.000,       0.000)
      polar       =       0.000 (       0.000,       0.000)
      non-polar   =       0.000 (       0.000,       0.000)
    restraint     =       0.000 (       0.000,       0.000)
    qmmm          =       0.000 (       0.000,       0.000)
    morph         =       0.000 (       0.000,       0.000)
  integrator       
    constraint    =       0.000 (       0.000,       0.000)
    update        =       0.000 (       0.000,       0.000)
    comm_coord    =       3.302 (       0.595,       4.322)
    comm_force    =       0.723 (       0.654,       0.885)
  migration       =       1.348 (       1.348,       1.348)
    comm_migrate  =       0.151 (       0.116,       0.168)
    ptl_migrate   =       0.036 (       0.032,       0.046)
    bond_migrate  =       0.007 (       0.006,       0.008)
    angl_migrate  =       0.012 (       0.011,       0.015)
    dihe_migrate  =       0.014 (       0.012,       0.017)
    contact_migr  =       0.071 (       0.064,       0.085)
    stack_migrate =       0.000 (       0.000,       0.000)
    pwmcos_migrate =       0.000 (       0.000,       0.000)
    pwmcosns_migr  =       0.000 (       0.000,       0.000)
    nonb_update    =       1.716 (       1.343,       2.527)

