****************************************************
*                                                  *
*                  GENESIS CGDYN                   *
*                                                  *
*        A Molecular Dynamics Simulator with       *
*           Spatial Decomposition Scheme           *
*                                                  *
*               Developed by RIKEN                 *
*                                                  *
****************************************************
 
[STEP0] Architecture and Compiler Information
 
GENESIS_Information> GENESIS Information
  version      = 2.0.0
  commit ID    = $GENESIS_VERSION$
  precision    = mixed 
  nonbonding   = CPU

Build_Information> Compiler Information
  build host   = jjwsmj@hokusai2
  fortran      = ifort (IFORT) 2021.7.1 20221019
  option       = 
  -axCORE-AVX512 -g -O3  -qmkl=parallel  -assume byterecl -qopenmp  
  C            = 
 icc: remark #10441: The Intel(R) C++ Compiler Classic (ICC) is deprecated and w
 ill be removed from product release in the second half of 2023. The Intel(R) on
 eAPI DPC++/C++ Compiler (ICX) is the recommended compiler moving forward. Pleas
 e transition to use this compiler. Use '-diag-disable=10441' to disable this me
 ssage.
  option       = -O3 -ip -axCORE-AVX2  -qopenmp 
  defined var. = 
  -DHAVE_MPI_GENESIS -DOMP -DIFORT19 -DFFTE -DLAPACK -DDSFMT_MEXP=19937 -DINTEL
  link option  = 
  -assume byterecl -lgfortran -qopenmp  -lmkl_intel_lp64 -lmkl_sequential -lmkl_
 core -lmkl_lapack95_lp64   
  MPI Compiler = Intel(R) MPI

Runtime_Information> Machine and Library Information
  date       = 2023/05/12 14:23:58
  cpu model    = Intel(R) Xeon(R) Gold 6148 CPU @ 2.40GHz
  exec. host   = jjwsmj@bwmpc0135
  LD library   = 
 /bwfefs/opt/x86_64/intel/oneapi/2022.3/mpi/2021.7.1/libfabric/lib:/bwfefs/opt/x
 86_64/intel/oneapi/2022.3/mpi/2021.7.1/lib/release:/bwfefs/opt/x86_64/intel/one
 api/2022.3/mpi/2021.7.1/lib:/bwfefs/opt/x86_64/intel/oneapi/2022.3/tbb/2021.7.1
 /lib/intel64/gcc4.8:/usr/lib64:/bwfefs/opt/x86_64/intel/oneapi/2022.3/vpl/2022.
 2.5/lib:/bwfefs/opt/x86_64/intel/oneapi/2022.3/mkl/latest/lib/intel64:/bwfefs/o
 pt/x86_64/intel/oneapi/2022.3/itac/2021.7.1/slib:/bwfefs/opt/x86_64/intel/oneap
 i/2022.3/ippcp/2021.6.2/lib/intel64:/bwfefs/opt/x86_64/intel/oneapi/2022.3/ipp/
 2021.6.2/lib/intel64:/bwfefs/opt/x86_64/intel/oneapi/2022.3/dnnl/2022.2.1/cpu_d
 pcpp_gpu_dpcpp/lib:/bwfefs/opt/x86_64/intel/oneapi/2022.3/dal/2021.7.1/lib/inte
 l64:/bwfefs/opt/x86_64/intel/oneapi/2022.3/compiler/2022.2.1/linux/compiler/lib
 :/bwfefs/opt/x86_64/intel/oneapi/2022.3/compiler/2022.2.1/linux/lib/oclfpga/hos
 t/linux64/lib:/bwfefs/opt/x86_64/intel/oneapi/2022.3/compiler/2022.2.1/linux/li
 b/oclfpga/linux64/lib:/bwfefs/opt/x86_64/intel/oneapi/2022.3/compiler/2022.2.1/
 linux/lib:/bwfefs/opt/x86_64/intel/oneapi/2022.3/compiler/2022.2.1/linux/lib/x6
 4:/bwfefs/opt/x86_64/intel/oneapi/2022.3/compiler/2022.2.1/linux/lib/emu:/bwfef
 s/opt/x86_64/intel/oneapi/2022.3/compiler/2022.2.1/linux/compiler/lib/intel64_l
 in:/bwfefs/opt/x86_64/intel/oneapi/2022.3/debugger/2021.7.1/dep/lib:/bwfefs/opt
 /x86_64/intel/oneapi/2022.3/debugger/2021.7.1/libipt/intel64/lib:/bwfefs/opt/x8
 6_64/intel/oneapi/2022.3/debugger/2021.7.1/gdb/intel64/lib:/bwfefs/opt/x86_64/
 MPI Runtime = Intel(R) MPI Library 2021.7 for Linux* OS


[STEP1] Read Control Parameters
 
Read_Ctrl_Input> Input Files
  grotopfile = dps_120.top
  grocrdfile = crd/dps_mul_4_5_6.gro
 
Read_Ctrl_Output> Output Files
 
Read_Ctrl_Energy> Parameters of Energy Calculations
  forcefield      =    RESIDCG
  output_style    =    GENESIS
 
Read_Ctrl_Dynamics> Parameters of MD simulation
  integrator      =       VVER  nsteps          =       2000
  timestep        =     0.0200  initial_time    =     0.0000
  eneout_period   =        100  rstout_period   =          0
  crdout_period   =          0  velout_period   =          0
  nbupdate_period =         20  stoptr_period   =         10
  lbupdate_period =          0
  iseed           =         -1
  annealing       =         no
  verbose         =         no
  target_md       =         no
  steered_md      =         no
 
Read_Ctrl_Ensemble> Parameters for Ensemble
  ensemble        =        NVT
  temperature     =    300.000
  tpcontrol       =   LANGEVIN
  gamma_t         =      1.000
 
Read_Ctrl_Boundary> Parameters of Boundary Condition
  type            =       PBC 
  box_size(x,y,z) =    450.000   550.000   650.000
  min_domain_cell =          2
 
Read_Ctrl_Selection> Parameters of Selection
  # of groups     =          0
  # of mole names =          0
 
Read_Ctrl_Restraints> No restraint in the system

Read_Ctrl_Fitting_MD> Parameters of Fitting
  fitting method  =  TR+ROT   
  fitting atom    = group1
  mass_weight     =         no
 
[STEP2] Setup MPI
 
Setup_Mpi_Md> Summary of Setup MPI
  number of MPI processes   =          8
  number of OpenMP threads  =          5
  total number of CPU cores =         40

[STEP3] Set Relevant Variables and Structures
 
Read_Grotop> Summary of Grotopfile
  num_moltypes    =          1
    dps_cg                :
      num_atoms   =       1853
      num_bonds   =       1841
      num_angls   =       3658
      num_dihes   =       3634
      num_cmaps   =          0
      num_excls   =      10717
      num_constrs =          0
      num_pairs   =      10717
      num_vsites2 =          0
      num_vsites3 =          0
      num_vsites4 =          0
      num_vsitesn =          0
      num_posress =          0
      num_PWMcos  =          0
      num_PWMcosns=          0
      num_IDR_HPS =          0
      num_IDR_KH  =          0
    .. not used molecule types were hidden.

  num_molecules   =        120
    dps_cg                :  120

  num_atomtypes   =         33  num_bondtypes   =          0
  num_angltypes   =          0  num_dihetypes   =          0
  num_flangltypes           20
  num_fldihetypes          400
  num_constrtypes =          0  num_cmaptypes   =          0
  num_nbonparms   =          0
  num_basestacktypes  =     16
  num_basepairtypes   =      4
  num_basecrosstypes  =     32
  num_cgdnaexvtypes   =      6
  num_cgelemolpairs   =      1
  num_cg_IDR_HPS_atomtypes  =     20
  num_cg_KH_atomtypes  =    20

  num_cg_pair_MJ_eps   =   400

Define_Molecule> Summary of molecules
  num_atoms       =     222360  num_bonds       =     220920
  num_angles      =     438960  num_dihedrals   =     436080
  num_impropers   =          0  num_cmap_terms  =          0
  num_residues    =     222360  num_molecules   =       1440
  num_segments    =          1  num_deg_freedom =     667080
  total_charge    = -10080.000
 
Setup_Boundary_Cell> Set Variables for Boundary Condition
  domains (x,y,z) =          2         2         2
  ncells (x,y,z)  =         15        19        22
 
Define_Enefunc_Gromacs> Number of Interactions in Each Term
  bond_ene        =     220920  angle_ene       =     219480
  flex_angle_ene  =     219480
  torsion_ene     =     438960
 restraint_groups =          0 restraint_funcs  =          0
 
Setup_Dynamics> Subtract 3 translational degrees of freedom
 
Update_Num_Deg_Freedom> Number of degrees of freedom was updated
  num_deg_freedom =     667077 (After removing translation)
 
Random_Init> Initialize the random number
  seed            = 210354

Setup_Fitting_cgdyn> NO fitting is applied, skip
  fitting method  =  NO
 
[STEP4] Compute Single Point Energy for Molecules
 
            STEP          ENERGY            BOND           ANGLE        DIHEDRAL  NATIVE_CONTACT NON-NATIVE_CONT           ELECT          CG_EXV
 --------------- --------------- --------------- --------------- ---------------
               0   -1763100.2397          0.0286    -615192.1405    -528952.6545    -621669.8115          0.0000       2708.5290          5.8093

[STEP5] Perform Molecular Dynamics Simulation
 
Initial_Velocity> Generate initial velocities
  iseed           =     210354
  temperature     =    300.000
 
Random_Init_Velocity> Initialize the random number
  seed            = 210354

INFO:       STEP            TIME       TOTAL_ENE   POTENTIAL_ENE     KINETIC_ENE            RMSG            BOND           ANGLE        DIHEDRAL  NATIVE_CONTACT          CG_EXV           ELECT     TEMPERATURE          VOLUME
 --------------- --------------- --------------- --------------- ---------------
INFO:          0          0.0000   -1564632.7947   -1763100.2397     198467.4450          0.7029          0.0286    -615192.1405    -528952.6545    -621669.8115          5.8093       2708.5290          0.0000  160875000.0000

INFO:        100          2.0000   -1393797.4969   -1560770.5061     166973.0092         11.3586      59708.2198    -547435.8856    -496457.8610    -579259.0996          6.6762       2667.4441        278.2147  160875000.0000

INFO:        200          4.0000   -1364756.0899   -1542988.2499     178232.1600         11.6065      62433.9634    -540526.0792    -493280.9171    -574267.1836          6.4270       2645.5397        295.8566  160875000.0000

INFO:        300          6.0000   -1358843.3926   -1539378.2598     180534.8672         11.6270      62930.1891    -539231.1146    -492831.0741    -572895.5850          7.1885       2642.1363        299.4060  160875000.0000

INFO:        400          8.0000   -1356666.7239   -1537429.9784     180763.2545         11.6492      63125.8979    -538377.4476    -492417.1897    -572412.5488          6.5533       2644.7564        299.6988  160875000.0000

INFO:        500         10.0000   -1357209.9227   -1538294.4894     181084.5668         11.6285      62839.9247    -538668.0699    -492475.1017    -572646.1191          6.7087       2648.1680        299.7375  160875000.0000

INFO:        600         12.0000   -1356768.6498   -1537888.9787     181120.3289         11.6712      63368.6067    -538724.7107    -492454.0680    -572731.9131          6.5689       2646.5375        300.2146  160875000.0000

INFO:        700         14.0000   -1356452.3952   -1537603.3241     181150.9289         11.6458      63526.3274    -539019.5209    -492423.2135    -572334.1768          6.9193       2640.3403        300.1707  160875000.0000

INFO:        800         16.0000   -1356897.7215   -1538043.6701     181145.9486         11.6649      63405.7444    -539207.9050    -492383.0336    -572510.9658          6.9443       2645.5456        300.3222  160875000.0000

INFO:        900         18.0000   -1356948.8933   -1537737.4578     180788.5646         11.6717      63440.2799    -538799.1595    -492466.3363    -572558.8115          6.7412       2639.8284        299.7246  160875000.0000

INFO:       1000         20.0000   -1356002.5144   -1537607.8480     181605.3337         11.6584      63208.0992    -538689.7133    -492329.2953    -572447.8965          7.6525       2643.3053        301.0021  160875000.0000

INFO:       1100         22.0000   -1355689.1044   -1537301.0021     181611.8977         11.6712      63434.7699    -538445.8444    -492530.9192    -572415.3184          6.9633       2649.3466        300.9134  160875000.0000

INFO:       1200         24.0000   -1356624.7719   -1537836.3843     181211.6125         11.6388      63214.7733    -539214.5209    -492095.9868    -572390.2852          6.8622       2642.7730        299.9520  160875000.0000

INFO:       1300         26.0000   -1356410.2497   -1537758.3920     181348.1423         11.6475      63223.8477    -538452.4250    -492683.7432    -572496.9062          7.0213       2643.8135        300.1278  160875000.0000

INFO:       1400         28.0000   -1357048.5183   -1537752.4379     180703.9196         11.6544      63295.0406    -538618.3262    -492520.0126    -572566.3896          7.0881       2650.1618        299.3063  160875000.0000

INFO:       1500         30.0000   -1357300.4876   -1538148.6974     180848.2098         11.6555      63253.3494    -539002.5026    -492747.1277    -572306.2617          7.3862       2646.4591        299.9388  160875000.0000

INFO:       1600         32.0000   -1356954.2233   -1538253.1409     181298.9176         11.6390      63144.5101    -538885.0122    -492628.6149    -572533.6035          7.1039       2642.4757        300.2295  160875000.0000

INFO:       1700         34.0000   -1355513.7397   -1536752.8131     181239.0734         11.6975      63714.3358    -538488.0933    -492361.6448    -572268.3262          7.0142       2643.9012        300.2754  160875000.0000

INFO:       1800         36.0000   -1355911.7035   -1537174.1753     181262.4718         11.6587      63366.4246    -538420.0581    -492414.1279    -572355.7783          7.2895       2642.0749        300.3214  160875000.0000

INFO:       1900         38.0000   -1356457.0500   -1537370.0107     180912.9606         11.6698      63479.5288    -538688.5161    -492409.9666    -572399.5029          7.6399       2640.8063        299.8483  160875000.0000

INFO:       2000         40.0000   -1355923.6100   -1537561.9667     181638.3566         11.6734      63440.5165    -538747.0563    -492380.0475    -572526.5049          7.3243       2643.8013        301.2655  160875000.0000

 
[STEP6] Deallocate Arrays
 
Output_Time> Averaged timer profile (Min, Max)
  total time      =      63.027
    setup         =       3.585
    dynamics      =      59.442
      energy      =      43.759
      integrator  =      10.574
      migration   =       1.224
      pairlist    =       4.024 (       3.421,       5.392)
  energy           
    bond          =       1.082 (       0.943,       1.444)
    angle         =       6.134 (       4.754,       8.239)
    dihedral      =       7.017 (       6.053,       9.221)
    base stacking =       0.000 (       0.000,       0.000)
    nonbond       =      18.021 (      15.347,      24.248)
      CG exv      =       1.927 (       1.727,       2.415)
      CG DNA bp   =       0.000 (       0.000,       0.000)
      CG DNA exv  =       0.000 (       0.000,       0.000)
      CG ele      =      11.037 (       9.336,      14.808)
      CG PWMcos   =       0.000 (       0.000,       0.000)
      CG PWMcosns =       0.000 (       0.000,       0.000)
      CG IDR-HPS  =       0.000 (       0.000,       0.000)
      CG IDR-KH   =       0.000 (       0.000,       0.000)
      CG KH       =       0.000 (       0.000,       0.000)
      Contact     =       5.056 (       4.283,       7.025)
      pme real    =       0.000 (       0.000,       0.000)
      pme recip   =       0.000 (       0.000,       0.000)
    solvation     =       0.000 (       0.000,       0.000)
      polar       =       0.000 (       0.000,       0.000)
      non-polar   =       0.000 (       0.000,       0.000)
    restraint     =       0.000 (       0.000,       0.000)
    qmmm          =       0.000 (       0.000,       0.000)
    morph         =       0.000 (       0.000,       0.000)
  integrator       
    constraint    =       0.000 (       0.000,       0.000)
    update        =       0.000 (       0.000,       0.000)
    comm_coord    =       3.416 (       0.584,       4.564)
    comm_force    =       0.716 (       0.652,       0.865)
  migration       =       1.224 (       1.224,       1.224)
    comm_migrate  =       0.159 (       0.122,       0.177)
    ptl_migrate   =       0.038 (       0.034,       0.047)
    bond_migrate  =       0.007 (       0.006,       0.009)
    angl_migrate  =       0.013 (       0.012,       0.016)
    dihe_migrate  =       0.014 (       0.013,       0.018)
    contact_migr  =       0.074 (       0.068,       0.090)
    stack_migrate =       0.000 (       0.000,       0.000)
    pwmcos_migrate =       0.000 (       0.000,       0.000)
    pwmcosns_migr  =       0.000 (       0.000,       0.000)
    nonb_update    =       1.176 (       1.008,       1.494)

