****************************************************
*                                                  *
*                  GENESIS CGDYN                   *
*                                                  *
*        A Molecular Dynamics Simulator with       *
*           Spatial Decomposition Scheme           *
*                                                  *
*               Developed by RIKEN                 *
*                                                  *
****************************************************
 
[STEP0] Architecture and Compiler Information
 
GENESIS_Information> GENESIS Information
  version      = 2.0.0
  commit ID    = $GENESIS_VERSION$
  precision    = mixed 
  nonbonding   = CPU

Build_Information> Compiler Information
  build host   = jjwsmj@hokusai2
  fortran      = ifort (IFORT) 2021.7.1 20221019
  option       = 
  -axCORE-AVX512 -g -O3  -qmkl=parallel  -assume byterecl -qopenmp  
  C            = 
 icc: remark #10441: The Intel(R) C++ Compiler Classic (ICC) is deprecated and w
 ill be removed from product release in the second half of 2023. The Intel(R) on
 eAPI DPC++/C++ Compiler (ICX) is the recommended compiler moving forward. Pleas
 e transition to use this compiler. Use '-diag-disable=10441' to disable this me
 ssage.
  option       = -O3 -ip -axCORE-AVX2  -qopenmp 
  defined var. = 
  -DHAVE_MPI_GENESIS -DOMP -DIFORT19 -DFFTE -DLAPACK -DDSFMT_MEXP=19937 -DINTEL
  link option  = 
  -assume byterecl -lgfortran -qopenmp  -lmkl_intel_lp64 -lmkl_sequential -lmkl_
 core -lmkl_lapack95_lp64   
  MPI Compiler = Intel(R) MPI

Runtime_Information> Machine and Library Information
  date       = 2023/05/12 17:03:54
  cpu model    = Intel(R) Xeon(R) Gold 6148 CPU @ 2.40GHz
  exec. host   = jjwsmj@bwmpc0428
  LD library   = 
 /bwfefs/opt/x86_64/intel/oneapi/2022.3/mpi/2021.7.1/libfabric/lib:/bwfefs/opt/x
 86_64/intel/oneapi/2022.3/mpi/2021.7.1/lib/release:/bwfefs/opt/x86_64/intel/one
 api/2022.3/mpi/2021.7.1/lib:/bwfefs/opt/x86_64/intel/oneapi/2022.3/tbb/2021.7.1
 /lib/intel64/gcc4.8:/usr/lib64:/bwfefs/opt/x86_64/intel/oneapi/2022.3/vpl/2022.
 2.5/lib:/bwfefs/opt/x86_64/intel/oneapi/2022.3/mkl/latest/lib/intel64:/bwfefs/o
 pt/x86_64/intel/oneapi/2022.3/itac/2021.7.1/slib:/bwfefs/opt/x86_64/intel/oneap
 i/2022.3/ippcp/2021.6.2/lib/intel64:/bwfefs/opt/x86_64/intel/oneapi/2022.3/ipp/
 2021.6.2/lib/intel64:/bwfefs/opt/x86_64/intel/oneapi/2022.3/dnnl/2022.2.1/cpu_d
 pcpp_gpu_dpcpp/lib:/bwfefs/opt/x86_64/intel/oneapi/2022.3/dal/2021.7.1/lib/inte
 l64:/bwfefs/opt/x86_64/intel/oneapi/2022.3/compiler/2022.2.1/linux/compiler/lib
 :/bwfefs/opt/x86_64/intel/oneapi/2022.3/compiler/2022.2.1/linux/lib/oclfpga/hos
 t/linux64/lib:/bwfefs/opt/x86_64/intel/oneapi/2022.3/compiler/2022.2.1/linux/li
 b/oclfpga/linux64/lib:/bwfefs/opt/x86_64/intel/oneapi/2022.3/compiler/2022.2.1/
 linux/lib:/bwfefs/opt/x86_64/intel/oneapi/2022.3/compiler/2022.2.1/linux/lib/x6
 4:/bwfefs/opt/x86_64/intel/oneapi/2022.3/compiler/2022.2.1/linux/lib/emu:/bwfef
 s/opt/x86_64/intel/oneapi/2022.3/compiler/2022.2.1/linux/compiler/lib/intel64_l
 in:/bwfefs/opt/x86_64/intel/oneapi/2022.3/debugger/2021.7.1/dep/lib:/bwfefs/opt
 /x86_64/intel/oneapi/2022.3/debugger/2021.7.1/libipt/intel64/lib:/bwfefs/opt/x8
 6_64/intel/oneapi/2022.3/debugger/2021.7.1/gdb/intel64/lib:/bwfefs/opt/x86_64/
 MPI Runtime = Intel(R) MPI Library 2021.7 for Linux* OS


[STEP1] Read Control Parameters
 
Read_Ctrl_Input> Input Files
  grotopfile = dps_120.top
  grocrdfile = crd/dps_mul_4_5_6.gro
 
Read_Ctrl_Output> Output Files
 
Read_Ctrl_Energy> Parameters of Energy Calculations
  forcefield      =    RESIDCG
  output_style    =    GENESIS
 
Read_Ctrl_Dynamics> Parameters of MD simulation
  integrator      =       VVER  nsteps          =       2000
  timestep        =     0.0200  initial_time    =     0.0000
  eneout_period   =        100  rstout_period   =          0
  crdout_period   =          0  velout_period   =          0
  nbupdate_period =         20  stoptr_period   =         10
  lbupdate_period =          0
  iseed           =         -1
  annealing       =         no
  verbose         =         no
  target_md       =         no
  steered_md      =         no
 
Read_Ctrl_Ensemble> Parameters for Ensemble
  ensemble        =        NVT
  temperature     =    300.000
  tpcontrol       =   LANGEVIN
  gamma_t         =      1.000
 
Read_Ctrl_Boundary> Parameters of Boundary Condition
  type            =       PBC 
  box_size(x,y,z) =    450.000   550.000   650.000
  min_domain_cell =          2
 
Read_Ctrl_Selection> Parameters of Selection
  # of groups     =          0
  # of mole names =          0
 
Read_Ctrl_Restraints> No restraint in the system

Read_Ctrl_Fitting_MD> Parameters of Fitting
  fitting method  =  TR+ROT   
  fitting atom    = group1
  mass_weight     =         no
 
[STEP2] Setup MPI
 
Setup_Mpi_Md> Summary of Setup MPI
  number of MPI processes   =        128
  number of OpenMP threads  =          5
  total number of CPU cores =        640

[STEP3] Set Relevant Variables and Structures
 
Read_Grotop> Summary of Grotopfile
  num_moltypes    =          1
    dps_cg                :
      num_atoms   =       1853
      num_bonds   =       1841
      num_angls   =       3658
      num_dihes   =       3634
      num_cmaps   =          0
      num_excls   =      10717
      num_constrs =          0
      num_pairs   =      10717
      num_vsites2 =          0
      num_vsites3 =          0
      num_vsites4 =          0
      num_vsitesn =          0
      num_posress =          0
      num_PWMcos  =          0
      num_PWMcosns=          0
      num_IDR_HPS =          0
      num_IDR_KH  =          0
    .. not used molecule types were hidden.

  num_molecules   =        120
    dps_cg                :  120

  num_atomtypes   =         33  num_bondtypes   =          0
  num_angltypes   =          0  num_dihetypes   =          0
  num_flangltypes           20
  num_fldihetypes          400
  num_constrtypes =          0  num_cmaptypes   =          0
  num_nbonparms   =          0
  num_basestacktypes  =     16
  num_basepairtypes   =      4
  num_basecrosstypes  =     32
  num_cgdnaexvtypes   =      6
  num_cgelemolpairs   =      1
  num_cg_IDR_HPS_atomtypes  =     20
  num_cg_KH_atomtypes  =    20

  num_cg_pair_MJ_eps   =   400

Define_Molecule> Summary of molecules
  num_atoms       =     222360  num_bonds       =     220920
  num_angles      =     438960  num_dihedrals   =     436080
  num_impropers   =          0  num_cmap_terms  =          0
  num_residues    =     222360  num_molecules   =       1440
  num_segments    =          1  num_deg_freedom =     667080
  total_charge    = -10080.000
 
Setup_Boundary_Cell> Set Variables for Boundary Condition
  domains (x,y,z) =          4         8         4
  ncells (x,y,z)  =         15        19        22
 
Define_Enefunc_Gromacs> Number of Interactions in Each Term
  bond_ene        =     220920  angle_ene       =     219480
  flex_angle_ene  =     219480
  torsion_ene     =     438960
 restraint_groups =          0 restraint_funcs  =          0
 
Setup_Dynamics> Subtract 3 translational degrees of freedom
 
Update_Num_Deg_Freedom> Number of degrees of freedom was updated
  num_deg_freedom =     667077 (After removing translation)
 
Random_Init> Initialize the random number
  seed            = 178747

Setup_Fitting_cgdyn> NO fitting is applied, skip
  fitting method  =  NO
 
[STEP4] Compute Single Point Energy for Molecules
 
            STEP          ENERGY            BOND           ANGLE        DIHEDRAL  NATIVE_CONTACT NON-NATIVE_CONT           ELECT          CG_EXV
 --------------- --------------- --------------- --------------- ---------------
               0   -1763059.4577          0.0286    -615195.4559    -528961.9196    -621616.4490          0.0000       2708.5290          5.8093

[STEP5] Perform Molecular Dynamics Simulation
 
Initial_Velocity> Generate initial velocities
  iseed           =     178747
  temperature     =    300.000
 
Random_Init_Velocity> Initialize the random number
  seed            = 178747

INFO:       STEP            TIME       TOTAL_ENE   POTENTIAL_ENE     KINETIC_ENE            RMSG            BOND           ANGLE        DIHEDRAL  NATIVE_CONTACT          CG_EXV           ELECT     TEMPERATURE          VOLUME
 --------------- --------------- --------------- --------------- ---------------
INFO:          0          0.0000   -1564362.9421   -1763059.4577     198696.5155          0.7029          0.0286    -615195.4559    -528961.9196    -621616.4490          5.8093       2708.5290          0.0000  160875000.0000

INFO:        100          2.0000   -1394294.4096   -1561509.4992     167215.0896         11.3176      59038.6482    -547439.1582    -496490.2010    -579290.7534          6.4905       2665.4746        278.3046  160875000.0000

INFO:        200          4.0000   -1365850.7850   -1543639.1229     177788.3379         11.5962      62528.4358    -541173.9527    -493563.8156    -574083.7719          6.5918       2647.3897        294.8315  160875000.0000

INFO:        300          6.0000   -1359130.4164   -1539305.8460     180175.4296         11.6530      63290.5365    -539484.3500    -492784.8973    -572977.3425          6.5740       2643.6334        298.8077  160875000.0000

INFO:        400          8.0000   -1356856.6444   -1538432.7912     181576.1467         11.6531      63261.3731    -539351.2804    -492502.0914    -572490.5590          6.4664       2643.3002        300.6981  160875000.0000

INFO:        500         10.0000   -1357590.3833   -1538147.3550     180556.9717         11.6600      63286.5814    -539272.1732    -492462.9455    -572349.9651          6.6719       2644.4754        299.0931  160875000.0000

INFO:        600         12.0000   -1357329.3356   -1537862.0805     180532.7449         11.6622      63310.6307    -538619.9553    -492533.7769    -572668.3543          6.7623       2642.6130        299.7351  160875000.0000

INFO:        700         14.0000   -1355749.4291   -1537660.3064     181910.8773         11.6596      63679.8006    -539522.7569    -492264.3408    -572203.0817          7.0432       2643.0293        301.2477  160875000.0000

INFO:        800         16.0000   -1356240.3050   -1537585.6788     181345.3738         11.6783      63535.7455    -538889.0888    -492481.6159    -572402.6317          7.5399       2644.3723        300.0576  160875000.0000

INFO:        900         18.0000   -1355882.3510   -1537480.1784     181597.8274         11.6607      63539.8503    -538902.4337    -492415.1371    -572352.1719          7.8180       2641.8960        300.9383  160875000.0000

INFO:       1000         20.0000   -1356556.8698   -1537708.2154     181151.3456         11.6540      63212.6901    -538952.7856    -492314.1499    -572307.3727          7.0905       2646.3123        299.8759  160875000.0000

INFO:       1100         22.0000   -1356153.9173   -1537163.5713     181009.6540         11.6770      63593.4714    -538678.2070    -492335.2446    -572391.9736          8.3909       2639.9916        300.3700  160875000.0000

INFO:       1200         24.0000   -1355357.4549   -1536888.5896     181531.1347         11.6639      63457.8429    -538516.7633    -492310.4731    -572168.6631          8.4112       2641.0558        300.4258  160875000.0000

INFO:       1300         26.0000   -1356236.8439   -1537326.0911     181089.2472         11.6694      63297.2002    -538572.5457    -492369.5566    -572329.6360          7.2910       2641.1560        299.5217  160875000.0000

INFO:       1400         28.0000   -1356555.7676   -1537560.8536     181005.0860         11.6711      63486.9414    -539033.2745    -492466.2971    -572205.8567          7.1230       2650.5103        299.8667  160875000.0000

INFO:       1500         30.0000   -1356086.3455   -1536824.2364     180737.8909         11.6758      63555.5087    -538563.9200    -492326.4051    -572140.2930          7.1382       2643.7348        299.4126  160875000.0000

INFO:       1600         32.0000   -1356354.3841   -1537648.2000     181293.8159         11.6678      63438.6773    -539061.0882    -492424.5273    -572251.3865          7.8701       2642.2546        300.1205  160875000.0000

INFO:       1700         34.0000   -1356429.3565   -1537515.3403     181085.9838         11.6572      63305.8025    -538663.3167    -492440.4325    -572365.3532          8.6056       2639.3540        300.1080  160875000.0000

INFO:       1800         36.0000   -1356393.0740   -1537383.2146     180990.1406         11.6532      63328.2779    -538820.7633    -492413.5283    -572121.4410          7.2243       2637.0159        300.4719  160875000.0000

INFO:       1900         38.0000   -1356264.5774   -1537397.0640     181132.4866         11.6566      63233.4972    -538676.8000    -492426.9001    -572173.7824          7.5358       2639.3854        300.1558  160875000.0000

INFO:       2000         40.0000   -1356135.1107   -1536946.0191     180810.9084         11.6875      63568.0826    -538501.7520    -492346.4496    -572316.6737          8.1621       2642.6116        299.9516  160875000.0000

 
[STEP6] Deallocate Arrays
 
Output_Time> Averaged timer profile (Min, Max)
  total time      =      10.310
    setup         =       2.630
    dynamics      =       7.681
      energy      =       5.235
      integrator  =       1.850
      migration   =       0.253
      pairlist    =       0.281 (       0.092,       0.547)
  energy           
    bond          =       0.062 (       0.014,       0.117)
    angle         =       0.364 (       0.064,       0.832)
    dihedral      =       0.440 (       0.083,       0.898)
    base stacking =       0.000 (       0.000,       0.000)
    nonbond       =       1.116 (       0.224,       2.252)
      CG exv      =       0.081 (       0.021,       0.158)
      CG DNA bp   =       0.000 (       0.000,       0.000)
      CG DNA exv  =       0.000 (       0.000,       0.000)
      CG ele      =       0.719 (       0.143,       1.507)
      CG PWMcos   =       0.000 (       0.000,       0.000)
      CG PWMcosns =       0.000 (       0.000,       0.000)
      CG IDR-HPS  =       0.000 (       0.000,       0.000)
      CG IDR-KH   =       0.000 (       0.000,       0.000)
      CG KH       =       0.000 (       0.000,       0.000)
      Contact     =       0.316 (       0.056,       0.590)
      pme real    =       0.000 (       0.000,       0.000)
      pme recip   =       0.000 (       0.000,       0.000)
    solvation     =       0.000 (       0.000,       0.000)
      polar       =       0.000 (       0.000,       0.000)
      non-polar   =       0.000 (       0.000,       0.000)
    restraint     =       0.000 (       0.000,       0.000)
    qmmm          =       0.000 (       0.000,       0.000)
    morph         =       0.000 (       0.000,       0.000)
  integrator       
    constraint    =       0.000 (       0.000,       0.000)
    update        =       0.000 (       0.000,       0.000)
    comm_coord    =       0.922 (       0.495,       1.379)
    comm_force    =       0.495 (       0.399,       0.605)
  migration       =       0.253 (       0.252,       0.253)
    comm_migrate  =       0.075 (       0.058,       0.090)
    ptl_migrate   =       0.003 (       0.001,       0.005)
    bond_migrate  =       0.001 (       0.000,       0.001)
    angl_migrate  =       0.002 (       0.001,       0.007)
    dihe_migrate  =       0.002 (       0.001,       0.003)
    contact_migr  =       0.011 (       0.004,       0.019)
    stack_migrate =       0.000 (       0.000,       0.000)
    pwmcos_migrate =       0.000 (       0.000,       0.000)
    pwmcosns_migr  =       0.000 (       0.000,       0.000)
    nonb_update    =       0.088 (       0.025,       0.161)

