****************************************************
*                                                  *
*                  GENESIS CGDYN                   *
*                                                  *
*        A Molecular Dynamics Simulator with       *
*           Spatial Decomposition Scheme           *
*                                                  *
*               Developed by RIKEN                 *
*                                                  *
****************************************************
 
[STEP0] Architecture and Compiler Information
 
GENESIS_Information> GENESIS Information
  version      = 2.0.0
  commit ID    = $GENESIS_VERSION$
  precision    = mixed 
  nonbonding   = CPU

Build_Information> Compiler Information
  build host   = jjwsmj@hokusai2
  fortran      = ifort (IFORT) 2021.7.1 20221019
  option       = 
  -axCORE-AVX512 -g -O3  -qmkl=parallel  -assume byterecl -qopenmp  
  C            = 
 icc: remark #10441: The Intel(R) C++ Compiler Classic (ICC) is deprecated and w
 ill be removed from product release in the second half of 2023. The Intel(R) on
 eAPI DPC++/C++ Compiler (ICX) is the recommended compiler moving forward. Pleas
 e transition to use this compiler. Use '-diag-disable=10441' to disable this me
 ssage.
  option       = -O3 -ip -axCORE-AVX2  -qopenmp 
  defined var. = 
  -DHAVE_MPI_GENESIS -DOMP -DIFORT19 -DFFTE -DLAPACK -DDSFMT_MEXP=19937 -DINTEL
  link option  = 
  -assume byterecl -lgfortran -qopenmp  -lmkl_intel_lp64 -lmkl_sequential -lmkl_
 core -lmkl_lapack95_lp64   
  MPI Compiler = Intel(R) MPI

Runtime_Information> Machine and Library Information
  date       = 2023/05/12 17:03:48
  cpu model    = Intel(R) Xeon(R) Gold 6148 CPU @ 2.40GHz
  exec. host   = jjwsmj@bwmpc0257
  LD library   = 
 /bwfefs/opt/x86_64/intel/oneapi/2022.3/mpi/2021.7.1/libfabric/lib:/bwfefs/opt/x
 86_64/intel/oneapi/2022.3/mpi/2021.7.1/lib/release:/bwfefs/opt/x86_64/intel/one
 api/2022.3/mpi/2021.7.1/lib:/bwfefs/opt/x86_64/intel/oneapi/2022.3/tbb/2021.7.1
 /lib/intel64/gcc4.8:/usr/lib64:/bwfefs/opt/x86_64/intel/oneapi/2022.3/vpl/2022.
 2.5/lib:/bwfefs/opt/x86_64/intel/oneapi/2022.3/mkl/latest/lib/intel64:/bwfefs/o
 pt/x86_64/intel/oneapi/2022.3/itac/2021.7.1/slib:/bwfefs/opt/x86_64/intel/oneap
 i/2022.3/ippcp/2021.6.2/lib/intel64:/bwfefs/opt/x86_64/intel/oneapi/2022.3/ipp/
 2021.6.2/lib/intel64:/bwfefs/opt/x86_64/intel/oneapi/2022.3/dnnl/2022.2.1/cpu_d
 pcpp_gpu_dpcpp/lib:/bwfefs/opt/x86_64/intel/oneapi/2022.3/dal/2021.7.1/lib/inte
 l64:/bwfefs/opt/x86_64/intel/oneapi/2022.3/compiler/2022.2.1/linux/compiler/lib
 :/bwfefs/opt/x86_64/intel/oneapi/2022.3/compiler/2022.2.1/linux/lib/oclfpga/hos
 t/linux64/lib:/bwfefs/opt/x86_64/intel/oneapi/2022.3/compiler/2022.2.1/linux/li
 b/oclfpga/linux64/lib:/bwfefs/opt/x86_64/intel/oneapi/2022.3/compiler/2022.2.1/
 linux/lib:/bwfefs/opt/x86_64/intel/oneapi/2022.3/compiler/2022.2.1/linux/lib/x6
 4:/bwfefs/opt/x86_64/intel/oneapi/2022.3/compiler/2022.2.1/linux/lib/emu:/bwfef
 s/opt/x86_64/intel/oneapi/2022.3/compiler/2022.2.1/linux/compiler/lib/intel64_l
 in:/bwfefs/opt/x86_64/intel/oneapi/2022.3/debugger/2021.7.1/dep/lib:/bwfefs/opt
 /x86_64/intel/oneapi/2022.3/debugger/2021.7.1/libipt/intel64/lib:/bwfefs/opt/x8
 6_64/intel/oneapi/2022.3/debugger/2021.7.1/gdb/intel64/lib:/bwfefs/opt/x86_64/
 MPI Runtime = Intel(R) MPI Library 2021.7 for Linux* OS


[STEP1] Read Control Parameters
 
Read_Ctrl_Input> Input Files
  grotopfile = dps_120.top
  grocrdfile = crd/dps_mul_4_5_6.gro
 
Read_Ctrl_Output> Output Files
 
Read_Ctrl_Energy> Parameters of Energy Calculations
  forcefield      =    RESIDCG
  output_style    =    GENESIS
 
Read_Ctrl_Dynamics> Parameters of MD simulation
  integrator      =       VVER  nsteps          =       2000
  timestep        =     0.0200  initial_time    =     0.0000
  eneout_period   =        100  rstout_period   =          0
  crdout_period   =          0  velout_period   =          0
  nbupdate_period =         20  stoptr_period   =         10
  lbupdate_period =          0
  iseed           =         -1
  annealing       =         no
  verbose         =         no
  target_md       =         no
  steered_md      =         no
 
Read_Ctrl_Ensemble> Parameters for Ensemble
  ensemble        =        NVT
  temperature     =    300.000
  tpcontrol       =   LANGEVIN
  gamma_t         =      1.000
 
Read_Ctrl_Boundary> Parameters of Boundary Condition
  type            =       PBC 
  box_size(x,y,z) =    450.000   550.000   650.000
  min_domain_cell =          2
 
Read_Ctrl_Selection> Parameters of Selection
  # of groups     =          0
  # of mole names =          0
 
Read_Ctrl_Restraints> No restraint in the system

Read_Ctrl_Fitting_MD> Parameters of Fitting
  fitting method  =  TR+ROT   
  fitting atom    = group1
  mass_weight     =         no
 
[STEP2] Setup MPI
 
Setup_Mpi_Md> Summary of Setup MPI
  number of MPI processes   =        128
  number of OpenMP threads  =          5
  total number of CPU cores =        640

[STEP3] Set Relevant Variables and Structures
 
Read_Grotop> Summary of Grotopfile
  num_moltypes    =          1
    dps_cg                :
      num_atoms   =       1853
      num_bonds   =       1841
      num_angls   =       3658
      num_dihes   =       3634
      num_cmaps   =          0
      num_excls   =      10717
      num_constrs =          0
      num_pairs   =      10717
      num_vsites2 =          0
      num_vsites3 =          0
      num_vsites4 =          0
      num_vsitesn =          0
      num_posress =          0
      num_PWMcos  =          0
      num_PWMcosns=          0
      num_IDR_HPS =          0
      num_IDR_KH  =          0
    .. not used molecule types were hidden.

  num_molecules   =        120
    dps_cg                :  120

  num_atomtypes   =         33  num_bondtypes   =          0
  num_angltypes   =          0  num_dihetypes   =          0
  num_flangltypes           20
  num_fldihetypes          400
  num_constrtypes =          0  num_cmaptypes   =          0
  num_nbonparms   =          0
  num_basestacktypes  =     16
  num_basepairtypes   =      4
  num_basecrosstypes  =     32
  num_cgdnaexvtypes   =      6
  num_cgelemolpairs   =      1
  num_cg_IDR_HPS_atomtypes  =     20
  num_cg_KH_atomtypes  =    20

  num_cg_pair_MJ_eps   =   400

Define_Molecule> Summary of molecules
  num_atoms       =     222360  num_bonds       =     220920
  num_angles      =     438960  num_dihedrals   =     436080
  num_impropers   =          0  num_cmap_terms  =          0
  num_residues    =     222360  num_molecules   =       1440
  num_segments    =          1  num_deg_freedom =     667080
  total_charge    = -10080.000
 
Setup_Boundary_Cell> Set Variables for Boundary Condition
  domains (x,y,z) =          4         8         4
  ncells (x,y,z)  =         15        19        22
 
Define_Enefunc_Gromacs> Number of Interactions in Each Term
  bond_ene        =     220920  angle_ene       =     219480
  flex_angle_ene  =     219480
  torsion_ene     =     438960
 restraint_groups =          0 restraint_funcs  =          0
 
Setup_Dynamics> Subtract 3 translational degrees of freedom
 
Update_Num_Deg_Freedom> Number of degrees of freedom was updated
  num_deg_freedom =     667077 (After removing translation)
 
Random_Init> Initialize the random number
  seed            = 340147

Setup_Fitting_cgdyn> NO fitting is applied, skip
  fitting method  =  NO
 
[STEP4] Compute Single Point Energy for Molecules
 
            STEP          ENERGY            BOND           ANGLE        DIHEDRAL  NATIVE_CONTACT NON-NATIVE_CONT           ELECT          CG_EXV
 --------------- --------------- --------------- --------------- ---------------
               0   -1763059.4577          0.0286    -615195.4559    -528961.9196    -621616.4490          0.0000       2708.5290          5.8093

[STEP5] Perform Molecular Dynamics Simulation
 
Initial_Velocity> Generate initial velocities
  iseed           =     340147
  temperature     =    300.000
 
Random_Init_Velocity> Initialize the random number
  seed            = 340147

INFO:       STEP            TIME       TOTAL_ENE   POTENTIAL_ENE     KINETIC_ENE            RMSG            BOND           ANGLE        DIHEDRAL  NATIVE_CONTACT          CG_EXV           ELECT     TEMPERATURE          VOLUME
 --------------- --------------- --------------- --------------- ---------------
INFO:          0          0.0000   -1564339.8337   -1763059.4577     198719.6240          0.7029          0.0286    -615195.4559    -528961.9196    -621616.4490          5.8093       2708.5290          0.0000  160875000.0000

INFO:        100          2.0000   -1394265.1841   -1561013.0028     166747.8187         11.3483      59473.8383    -547638.0705    -496377.6248    -579144.6912          6.5667       2666.9787        278.1176  160875000.0000

INFO:        200          4.0000   -1364818.6621   -1543119.0113     178300.3492         11.6134      62819.8751    -540993.5491    -493358.8884    -574238.8589          6.5700       2645.8400        295.8539  160875000.0000

INFO:        300          6.0000   -1357815.0120   -1538286.5295     180471.5175         11.6605      63337.4254    -539040.5023    -492521.3045    -572713.0674          6.5202       2644.3991        299.1377  160875000.0000

INFO:        400          8.0000   -1357751.0336   -1538476.7520     180725.7184         11.6461      63039.9284    -539144.2202    -492527.1218    -572500.2238          6.5970       2648.2885        299.6952  160875000.0000

INFO:        500         10.0000   -1356917.8708   -1538590.4902     181672.6194         11.6576      63471.1578    -539660.3311    -492575.8825    -572472.8555          7.0106       2640.4106        300.7117  160875000.0000

INFO:        600         12.0000   -1356882.6180   -1537468.9541     180586.3362         11.6480      63115.4761    -538687.8969    -492273.3551    -572273.8987          6.8896       2643.8309        299.0693  160875000.0000

INFO:        700         14.0000   -1356448.0803   -1537879.9547     181431.8743         11.6475      63090.4918    -538753.9481    -492399.3458    -572465.1447          6.8871       2641.1050        300.6805  160875000.0000

INFO:        800         16.0000   -1356495.9829   -1537557.8081     181061.8253         11.6526      63148.0823    -538761.4638    -492293.4925    -572298.0403          7.2898       2639.8165        299.9158  160875000.0000

INFO:        900         18.0000   -1356601.8798   -1537122.7943     180520.9144         11.6571      63391.0735    -538637.8660    -492201.0247    -572332.1560          7.8508       2649.3282        299.3538  160875000.0000

INFO:       1000         20.0000   -1356581.4298   -1537601.4624     181020.0325         11.6498      63343.0935    -538879.3512    -492211.0902    -572500.4684          7.2618       2639.0922        300.3085  160875000.0000

INFO:       1100         22.0000   -1357093.9606   -1537807.1048     180713.1442         11.6678      63324.6777    -539221.0887    -492349.4728    -572210.0951          7.1090       2641.7652        299.5313  160875000.0000

INFO:       1200         24.0000   -1356573.2857   -1537396.6244     180823.3387         11.6528      63436.3232    -538813.9871    -492330.8137    -572344.7567          7.7099       2648.9001        299.4149  160875000.0000

INFO:       1300         26.0000   -1356358.6506   -1537545.4746     181186.8240         11.6464      63039.4780    -538557.3187    -492382.9181    -572295.6379          7.6226       2643.2996        300.6346  160875000.0000

INFO:       1400         28.0000   -1356495.8774   -1537640.6710     181144.7936         11.6557      63458.0146    -538946.3911    -492327.3991    -572482.8585          9.5970       2648.3660        300.1060  160875000.0000

INFO:       1500         30.0000   -1356991.9096   -1538352.4319     181360.5223         11.6528      63301.3924    -539278.6004    -492487.4271    -572546.9473          7.0695       2652.0810        300.4946  160875000.0000

INFO:       1600         32.0000   -1356786.5510   -1537596.6504     180810.0993         11.6588      63448.4484    -539020.9098    -492318.3128    -572358.3449          7.4912       2644.9776        299.8393  160875000.0000

INFO:       1700         34.0000   -1356800.9357   -1538095.2033     181294.2676         11.6576      63358.0172    -539101.1573    -492490.5767    -572517.1377          7.6200       2648.0312        300.1720  160875000.0000

INFO:       1800         36.0000   -1356279.9977   -1537367.0673     181087.0697         11.6530      63294.9674    -538472.5832    -492441.5093    -572407.1515          7.3893       2651.8200        299.9779  160875000.0000

INFO:       1900         38.0000   -1356282.9181   -1537558.5312     181275.6131         11.6572      63408.0535    -538962.9429    -492382.5058    -572269.4478          7.3222       2640.9896        300.5373  160875000.0000

INFO:       2000         40.0000   -1356503.3416   -1536979.5496     180476.2080         11.6721      63470.7294    -538467.0337    -492363.6258    -572275.9662          7.1340       2649.2127        299.3343  160875000.0000

 
[STEP6] Deallocate Arrays
 
Output_Time> Averaged timer profile (Min, Max)
  total time      =       9.996
    setup         =       2.661
    dynamics      =       7.335
      energy      =       4.850
      integrator  =       1.883
      migration   =       0.243
      pairlist    =       0.275 (       0.087,       0.531)
  energy           
    bond          =       0.062 (       0.013,       0.124)
    angle         =       0.371 (       0.057,       0.703)
    dihedral      =       0.444 (       0.076,       0.810)
    base stacking =       0.000 (       0.000,       0.000)
    nonbond       =       1.106 (       0.214,       2.213)
      CG exv      =       0.080 (       0.021,       0.156)
      CG DNA bp   =       0.000 (       0.000,       0.000)
      CG DNA exv  =       0.000 (       0.000,       0.000)
      CG ele      =       0.714 (       0.140,       1.468)
      CG PWMcos   =       0.000 (       0.000,       0.000)
      CG PWMcosns =       0.000 (       0.000,       0.000)
      CG IDR-HPS  =       0.000 (       0.000,       0.000)
      CG IDR-KH   =       0.000 (       0.000,       0.000)
      CG KH       =       0.000 (       0.000,       0.000)
      Contact     =       0.311 (       0.052,       0.640)
      pme real    =       0.000 (       0.000,       0.000)
      pme recip   =       0.000 (       0.000,       0.000)
    solvation     =       0.000 (       0.000,       0.000)
      polar       =       0.000 (       0.000,       0.000)
      non-polar   =       0.000 (       0.000,       0.000)
    restraint     =       0.000 (       0.000,       0.000)
    qmmm          =       0.000 (       0.000,       0.000)
    morph         =       0.000 (       0.000,       0.000)
  integrator       
    constraint    =       0.000 (       0.000,       0.000)
    update        =       0.000 (       0.000,       0.000)
    comm_coord    =       0.936 (       0.521,       1.370)
    comm_force    =       0.512 (       0.384,       0.621)
  migration       =       0.243 (       0.243,       0.244)
    comm_migrate  =       0.067 (       0.052,       0.081)
    ptl_migrate   =       0.003 (       0.001,       0.005)
    bond_migrate  =       0.001 (       0.000,       0.001)
    angl_migrate  =       0.002 (       0.001,       0.002)
    dihe_migrate  =       0.002 (       0.001,       0.003)
    contact_migr  =       0.011 (       0.004,       0.019)
    stack_migrate =       0.000 (       0.000,       0.000)
    pwmcos_migrate =       0.000 (       0.000,       0.000)
    pwmcosns_migr  =       0.000 (       0.000,       0.000)
    nonb_update    =       0.088 (       0.024,       0.161)

