****************************************************
*                                                  *
*                  GENESIS CGDYN                   *
*                                                  *
*        A Molecular Dynamics Simulator with       *
*           Spatial Decomposition Scheme           *
*                                                  *
*               Developed by RIKEN                 *
*                                                  *
****************************************************
 
[STEP0] Architecture and Compiler Information
 
GENESIS_Information> GENESIS Information
  version      = 2.0.0
  commit ID    = $GENESIS_VERSION$
  precision    = mixed 
  nonbonding   = CPU

Build_Information> Compiler Information
  build host   = jjwsmj@hokusai2
  fortran      = ifort (IFORT) 2021.7.1 20221019
  option       = 
  -axCORE-AVX512 -g -O3  -qmkl=parallel  -assume byterecl -qopenmp  
  C            = 
 icc: remark #10441: The Intel(R) C++ Compiler Classic (ICC) is deprecated and w
 ill be removed from product release in the second half of 2023. The Intel(R) on
 eAPI DPC++/C++ Compiler (ICX) is the recommended compiler moving forward. Pleas
 e transition to use this compiler. Use '-diag-disable=10441' to disable this me
 ssage.
  option       = -O3 -ip -axCORE-AVX2  -qopenmp 
  defined var. = 
  -DHAVE_MPI_GENESIS -DOMP -DIFORT19 -DFFTE -DLAPACK -DDSFMT_MEXP=19937 -DINTEL
  link option  = 
  -assume byterecl -lgfortran -qopenmp  -lmkl_intel_lp64 -lmkl_sequential -lmkl_
 core -lmkl_lapack95_lp64   
  MPI Compiler = Intel(R) MPI

Runtime_Information> Machine and Library Information
  date       = 2023/05/12 17:03:45
  cpu model    = Intel(R) Xeon(R) Gold 6148 CPU @ 2.40GHz
  exec. host   = jjwsmj@bwmpc0159
  LD library   = 
 /bwfefs/opt/x86_64/intel/oneapi/2022.3/mpi/2021.7.1/libfabric/lib:/bwfefs/opt/x
 86_64/intel/oneapi/2022.3/mpi/2021.7.1/lib/release:/bwfefs/opt/x86_64/intel/one
 api/2022.3/mpi/2021.7.1/lib:/bwfefs/opt/x86_64/intel/oneapi/2022.3/tbb/2021.7.1
 /lib/intel64/gcc4.8:/usr/lib64:/bwfefs/opt/x86_64/intel/oneapi/2022.3/vpl/2022.
 2.5/lib:/bwfefs/opt/x86_64/intel/oneapi/2022.3/mkl/latest/lib/intel64:/bwfefs/o
 pt/x86_64/intel/oneapi/2022.3/itac/2021.7.1/slib:/bwfefs/opt/x86_64/intel/oneap
 i/2022.3/ippcp/2021.6.2/lib/intel64:/bwfefs/opt/x86_64/intel/oneapi/2022.3/ipp/
 2021.6.2/lib/intel64:/bwfefs/opt/x86_64/intel/oneapi/2022.3/dnnl/2022.2.1/cpu_d
 pcpp_gpu_dpcpp/lib:/bwfefs/opt/x86_64/intel/oneapi/2022.3/dal/2021.7.1/lib/inte
 l64:/bwfefs/opt/x86_64/intel/oneapi/2022.3/compiler/2022.2.1/linux/compiler/lib
 :/bwfefs/opt/x86_64/intel/oneapi/2022.3/compiler/2022.2.1/linux/lib/oclfpga/hos
 t/linux64/lib:/bwfefs/opt/x86_64/intel/oneapi/2022.3/compiler/2022.2.1/linux/li
 b/oclfpga/linux64/lib:/bwfefs/opt/x86_64/intel/oneapi/2022.3/compiler/2022.2.1/
 linux/lib:/bwfefs/opt/x86_64/intel/oneapi/2022.3/compiler/2022.2.1/linux/lib/x6
 4:/bwfefs/opt/x86_64/intel/oneapi/2022.3/compiler/2022.2.1/linux/lib/emu:/bwfef
 s/opt/x86_64/intel/oneapi/2022.3/compiler/2022.2.1/linux/compiler/lib/intel64_l
 in:/bwfefs/opt/x86_64/intel/oneapi/2022.3/debugger/2021.7.1/dep/lib:/bwfefs/opt
 /x86_64/intel/oneapi/2022.3/debugger/2021.7.1/libipt/intel64/lib:/bwfefs/opt/x8
 6_64/intel/oneapi/2022.3/debugger/2021.7.1/gdb/intel64/lib:/bwfefs/opt/x86_64/
 MPI Runtime = Intel(R) MPI Library 2021.7 for Linux* OS


[STEP1] Read Control Parameters
 
Read_Ctrl_Input> Input Files
  grotopfile = dps_120.top
  grocrdfile = crd/dps_mul_4_5_6.gro
 
Read_Ctrl_Output> Output Files
 
Read_Ctrl_Energy> Parameters of Energy Calculations
  forcefield      =    RESIDCG
  output_style    =    GENESIS
 
Read_Ctrl_Dynamics> Parameters of MD simulation
  integrator      =       VVER  nsteps          =       2000
  timestep        =     0.0200  initial_time    =     0.0000
  eneout_period   =        100  rstout_period   =          0
  crdout_period   =          0  velout_period   =          0
  nbupdate_period =         20  stoptr_period   =         10
  lbupdate_period =          0
  iseed           =         -1
  annealing       =         no
  verbose         =         no
  target_md       =         no
  steered_md      =         no
 
Read_Ctrl_Ensemble> Parameters for Ensemble
  ensemble        =        NVT
  temperature     =    300.000
  tpcontrol       =   LANGEVIN
  gamma_t         =      1.000
 
Read_Ctrl_Boundary> Parameters of Boundary Condition
  type            =       PBC 
  box_size(x,y,z) =    450.000   550.000   650.000
  min_domain_cell =          2
 
Read_Ctrl_Selection> Parameters of Selection
  # of groups     =          0
  # of mole names =          0
 
Read_Ctrl_Restraints> No restraint in the system

Read_Ctrl_Fitting_MD> Parameters of Fitting
  fitting method  =  TR+ROT   
  fitting atom    = group1
  mass_weight     =         no
 
[STEP2] Setup MPI
 
Setup_Mpi_Md> Summary of Setup MPI
  number of MPI processes   =        128
  number of OpenMP threads  =          5
  total number of CPU cores =        640

[STEP3] Set Relevant Variables and Structures
 
Read_Grotop> Summary of Grotopfile
  num_moltypes    =          1
    dps_cg                :
      num_atoms   =       1853
      num_bonds   =       1841
      num_angls   =       3658
      num_dihes   =       3634
      num_cmaps   =          0
      num_excls   =      10717
      num_constrs =          0
      num_pairs   =      10717
      num_vsites2 =          0
      num_vsites3 =          0
      num_vsites4 =          0
      num_vsitesn =          0
      num_posress =          0
      num_PWMcos  =          0
      num_PWMcosns=          0
      num_IDR_HPS =          0
      num_IDR_KH  =          0
    .. not used molecule types were hidden.

  num_molecules   =        120
    dps_cg                :  120

  num_atomtypes   =         33  num_bondtypes   =          0
  num_angltypes   =          0  num_dihetypes   =          0
  num_flangltypes           20
  num_fldihetypes          400
  num_constrtypes =          0  num_cmaptypes   =          0
  num_nbonparms   =          0
  num_basestacktypes  =     16
  num_basepairtypes   =      4
  num_basecrosstypes  =     32
  num_cgdnaexvtypes   =      6
  num_cgelemolpairs   =      1
  num_cg_IDR_HPS_atomtypes  =     20
  num_cg_KH_atomtypes  =    20

  num_cg_pair_MJ_eps   =   400

Define_Molecule> Summary of molecules
  num_atoms       =     222360  num_bonds       =     220920
  num_angles      =     438960  num_dihedrals   =     436080
  num_impropers   =          0  num_cmap_terms  =          0
  num_residues    =     222360  num_molecules   =       1440
  num_segments    =          1  num_deg_freedom =     667080
  total_charge    = -10080.000
 
Setup_Boundary_Cell> Set Variables for Boundary Condition
  domains (x,y,z) =          4         8         4
  ncells (x,y,z)  =         15        19        22
 
Define_Enefunc_Gromacs> Number of Interactions in Each Term
  bond_ene        =     220920  angle_ene       =     219480
  flex_angle_ene  =     219480
  torsion_ene     =     438960
 restraint_groups =          0 restraint_funcs  =          0
 
Setup_Dynamics> Subtract 3 translational degrees of freedom
 
Update_Num_Deg_Freedom> Number of degrees of freedom was updated
  num_deg_freedom =     667077 (After removing translation)
 
Random_Init> Initialize the random number
  seed            = 409847

Setup_Fitting_cgdyn> NO fitting is applied, skip
  fitting method  =  NO
 
[STEP4] Compute Single Point Energy for Molecules
 
            STEP          ENERGY            BOND           ANGLE        DIHEDRAL  NATIVE_CONTACT NON-NATIVE_CONT           ELECT          CG_EXV
 --------------- --------------- --------------- --------------- ---------------
               0   -1763059.4577          0.0286    -615195.4559    -528961.9196    -621616.4490          0.0000       2708.5290          5.8093

[STEP5] Perform Molecular Dynamics Simulation
 
Initial_Velocity> Generate initial velocities
  iseed           =     409847
  temperature     =    300.000
 
Random_Init_Velocity> Initialize the random number
  seed            = 409847

INFO:       STEP            TIME       TOTAL_ENE   POTENTIAL_ENE     KINETIC_ENE            RMSG            BOND           ANGLE        DIHEDRAL  NATIVE_CONTACT          CG_EXV           ELECT     TEMPERATURE          VOLUME
 --------------- --------------- --------------- --------------- ---------------
INFO:          0          0.0000   -1564474.4852   -1763059.4577     198584.9725          0.7029          0.0286    -615195.4559    -528961.9196    -621616.4490          5.8093       2708.5290          0.0000  160875000.0000

INFO:        100          2.0000   -1394311.5239   -1561582.7212     167271.1973         11.3356      59179.3241    -547448.6520    -496570.7848    -579411.9279          6.5492       2662.7703        278.5131  160875000.0000

INFO:        200          4.0000   -1364313.7272   -1542961.2602     178647.5330         11.6052      62671.2316    -540753.3992    -493208.5060    -574326.6239          6.3757       2649.6615        296.3022  160875000.0000

INFO:        300          6.0000   -1358789.8711   -1539005.6558     180215.7846         11.6505      63254.3852    -539189.5684    -492763.3947    -572953.6461          6.4380       2640.1303        299.1014  160875000.0000

INFO:        400          8.0000   -1357228.1536   -1537883.3857     180655.2321         11.6506      63292.5801    -539110.7971    -492391.1439    -572325.9170          6.5545       2645.3377        299.2640  160875000.0000

INFO:        500         10.0000   -1355599.5305   -1536932.5215     181332.9910         11.6922      63697.9182    -538515.7203    -492349.5059    -572413.3511          6.6741       2641.4635        301.4624  160875000.0000

INFO:        600         12.0000   -1356654.4373   -1537795.8220     181141.3847         11.6714      63451.5079    -539101.3525    -492331.9360    -572465.6923          6.4845       2645.1664        300.2916  160875000.0000

INFO:        700         14.0000   -1356344.0508   -1537743.3605     181399.3097         11.6737      63436.5350    -538984.3263    -492407.6268    -572446.0947          7.1570       2650.9954        300.4648  160875000.0000

INFO:        800         16.0000   -1355778.7097   -1537199.7522     181421.0425         11.6651      63350.6865    -538270.4318    -492399.4357    -572534.3758          6.9867       2646.8179        300.6697  160875000.0000

INFO:        900         18.0000   -1356509.9700   -1537407.2462     180897.2762         11.6459      63340.4924    -538717.0077    -492495.4446    -572186.5195          8.0257       2643.2075        299.7181  160875000.0000

INFO:       1000         20.0000   -1355899.6799   -1537110.9352     181211.2553         11.6618      63368.9112    -538610.5839    -492381.4984    -572137.2407          7.5225       2641.9541        300.1251  160875000.0000

INFO:       1100         22.0000   -1356598.9932   -1537772.1182     181173.1250         11.6607      63538.9384    -538945.8531    -492574.4248    -572442.5976          8.3648       2643.4541        299.7050  160875000.0000

INFO:       1200         24.0000   -1355800.6897   -1537316.9759     181516.2862         11.6465      63182.3653    -538561.0079    -492317.7797    -572274.4870          7.7960       2646.1374        300.8765  160875000.0000

INFO:       1300         26.0000   -1356412.5596   -1537252.4396     180839.8800         11.6754      63506.2057    -538829.9812    -492400.7857    -572182.6063          7.5204       2647.2075        300.2627  160875000.0000

INFO:       1400         28.0000   -1356294.3853   -1537174.5218     180880.1365         11.6756      63424.0868    -538697.4758    -492344.7621    -572208.7288          6.8947       2645.4633        299.9609  160875000.0000

INFO:       1500         30.0000   -1356015.5213   -1537280.7004     181265.1791         11.6731      63545.4765    -538623.1370    -492403.7955    -572448.6201          7.3431       2642.0327        300.5557  160875000.0000

INFO:       1600         32.0000   -1356884.9754   -1537905.8710     181020.8956         11.6626      63216.4579    -538906.4509    -492564.6024    -572304.4441          7.1595       2646.0090        300.0286  160875000.0000

INFO:       1700         34.0000   -1356151.4381   -1537299.8901     181148.4520         11.6621      63453.4762    -538663.8176    -492465.0954    -572274.1496          7.7027       2641.9936        300.0518  160875000.0000

INFO:       1800         36.0000   -1356670.7027   -1538398.2748     181727.5721         11.6603      63430.8168    -539423.0129    -492596.4078    -572468.9581          8.2003       2651.0869        300.9493  160875000.0000

INFO:       1900         38.0000   -1356749.0530   -1538000.3383     181251.2853         11.6444      63147.4437    -538982.4257    -492513.3507    -572295.5838          7.4476       2636.1306        300.2425  160875000.0000

INFO:       2000         40.0000   -1356055.4487   -1537579.8684     181524.4197         11.6636      63352.0706    -538942.1105    -492382.1449    -572259.1232          7.3228       2644.1168        300.5831  160875000.0000

 
[STEP6] Deallocate Arrays
 
Output_Time> Averaged timer profile (Min, Max)
  total time      =       9.900
    setup         =       2.697
    dynamics      =       7.203
      energy      =       4.895
      integrator  =       1.766
      migration   =       0.236
      pairlist    =       0.260 (       0.080,       0.500)
  energy           
    bond          =       0.062 (       0.013,       0.119)
    angle         =       0.359 (       0.062,       0.840)
    dihedral      =       0.439 (       0.079,       0.919)
    base stacking =       0.000 (       0.000,       0.000)
    nonbond       =       1.111 (       0.223,       2.183)
      CG exv      =       0.080 (       0.021,       0.159)
      CG DNA bp   =       0.000 (       0.000,       0.000)
      CG DNA exv  =       0.000 (       0.000,       0.000)
      CG ele      =       0.720 (       0.142,       1.433)
      CG PWMcos   =       0.000 (       0.000,       0.000)
      CG PWMcosns =       0.000 (       0.000,       0.000)
      CG IDR-HPS  =       0.000 (       0.000,       0.000)
      CG IDR-KH   =       0.000 (       0.000,       0.000)
      CG KH       =       0.000 (       0.000,       0.000)
      Contact     =       0.310 (       0.056,       0.637)
      pme real    =       0.000 (       0.000,       0.000)
      pme recip   =       0.000 (       0.000,       0.000)
    solvation     =       0.000 (       0.000,       0.000)
      polar       =       0.000 (       0.000,       0.000)
      non-polar   =       0.000 (       0.000,       0.000)
    restraint     =       0.000 (       0.000,       0.000)
    qmmm          =       0.000 (       0.000,       0.000)
    morph         =       0.000 (       0.000,       0.000)
  integrator       
    constraint    =       0.000 (       0.000,       0.000)
    update        =       0.000 (       0.000,       0.000)
    comm_coord    =       0.861 (       0.442,       1.269)
    comm_force    =       0.474 (       0.376,       0.581)
  migration       =       0.236 (       0.236,       0.236)
    comm_migrate  =       0.070 (       0.054,       0.084)
    ptl_migrate   =       0.003 (       0.001,       0.005)
    bond_migrate  =       0.001 (       0.000,       0.001)
    angl_migrate  =       0.002 (       0.001,       0.002)
    dihe_migrate  =       0.001 (       0.001,       0.002)
    contact_migr  =       0.011 (       0.004,       0.019)
    stack_migrate =       0.000 (       0.000,       0.000)
    pwmcos_migrate =       0.000 (       0.000,       0.000)
    pwmcosns_migr  =       0.000 (       0.000,       0.000)
    nonb_update    =       0.085 (       0.023,       0.153)

