****************************************************
*                                                  *
*                  GENESIS CGDYN                   *
*                                                  *
*        A Molecular Dynamics Simulator with       *
*           Spatial Decomposition Scheme           *
*                                                  *
*               Developed by RIKEN                 *
*                                                  *
****************************************************
 
[STEP0] Architecture and Compiler Information
 
GENESIS_Information> GENESIS Information
  version      = 2.0.0
  commit ID    = $GENESIS_VERSION$
  precision    = mixed 
  nonbonding   = CPU

Build_Information> Compiler Information
  build host   = jjwsmj@hokusai2
  fortran      = ifort (IFORT) 2021.7.1 20221019
  option       = 
  -axCORE-AVX512 -g -O3  -qmkl=parallel  -assume byterecl -qopenmp  
  C            = 
 icc: remark #10441: The Intel(R) C++ Compiler Classic (ICC) is deprecated and w
 ill be removed from product release in the second half of 2023. The Intel(R) on
 eAPI DPC++/C++ Compiler (ICX) is the recommended compiler moving forward. Pleas
 e transition to use this compiler. Use '-diag-disable=10441' to disable this me
 ssage.
  option       = -O3 -ip -axCORE-AVX2  -qopenmp 
  defined var. = 
  -DHAVE_MPI_GENESIS -DOMP -DIFORT19 -DFFTE -DLAPACK -DDSFMT_MEXP=19937 -DINTEL
  link option  = 
  -assume byterecl -lgfortran -qopenmp  -lmkl_intel_lp64 -lmkl_sequential -lmkl_
 core -lmkl_lapack95_lp64   
  MPI Compiler = Intel(R) MPI

Runtime_Information> Machine and Library Information
  date       = 2023/05/12 17:03:51
  cpu model    = Intel(R) Xeon(R) Gold 6148 CPU @ 2.40GHz
  exec. host   = jjwsmj@bwmpc0275
  LD library   = 
 /bwfefs/opt/x86_64/intel/oneapi/2022.3/mpi/2021.7.1/libfabric/lib:/bwfefs/opt/x
 86_64/intel/oneapi/2022.3/mpi/2021.7.1/lib/release:/bwfefs/opt/x86_64/intel/one
 api/2022.3/mpi/2021.7.1/lib:/bwfefs/opt/x86_64/intel/oneapi/2022.3/tbb/2021.7.1
 /lib/intel64/gcc4.8:/usr/lib64:/bwfefs/opt/x86_64/intel/oneapi/2022.3/vpl/2022.
 2.5/lib:/bwfefs/opt/x86_64/intel/oneapi/2022.3/mkl/latest/lib/intel64:/bwfefs/o
 pt/x86_64/intel/oneapi/2022.3/itac/2021.7.1/slib:/bwfefs/opt/x86_64/intel/oneap
 i/2022.3/ippcp/2021.6.2/lib/intel64:/bwfefs/opt/x86_64/intel/oneapi/2022.3/ipp/
 2021.6.2/lib/intel64:/bwfefs/opt/x86_64/intel/oneapi/2022.3/dnnl/2022.2.1/cpu_d
 pcpp_gpu_dpcpp/lib:/bwfefs/opt/x86_64/intel/oneapi/2022.3/dal/2021.7.1/lib/inte
 l64:/bwfefs/opt/x86_64/intel/oneapi/2022.3/compiler/2022.2.1/linux/compiler/lib
 :/bwfefs/opt/x86_64/intel/oneapi/2022.3/compiler/2022.2.1/linux/lib/oclfpga/hos
 t/linux64/lib:/bwfefs/opt/x86_64/intel/oneapi/2022.3/compiler/2022.2.1/linux/li
 b/oclfpga/linux64/lib:/bwfefs/opt/x86_64/intel/oneapi/2022.3/compiler/2022.2.1/
 linux/lib:/bwfefs/opt/x86_64/intel/oneapi/2022.3/compiler/2022.2.1/linux/lib/x6
 4:/bwfefs/opt/x86_64/intel/oneapi/2022.3/compiler/2022.2.1/linux/lib/emu:/bwfef
 s/opt/x86_64/intel/oneapi/2022.3/compiler/2022.2.1/linux/compiler/lib/intel64_l
 in:/bwfefs/opt/x86_64/intel/oneapi/2022.3/debugger/2021.7.1/dep/lib:/bwfefs/opt
 /x86_64/intel/oneapi/2022.3/debugger/2021.7.1/libipt/intel64/lib:/bwfefs/opt/x8
 6_64/intel/oneapi/2022.3/debugger/2021.7.1/gdb/intel64/lib:/bwfefs/opt/x86_64/
 MPI Runtime = Intel(R) MPI Library 2021.7 for Linux* OS


[STEP1] Read Control Parameters
 
Read_Ctrl_Input> Input Files
  grotopfile = dps_120.top
  grocrdfile = crd/dps_mul_4_5_6.gro
 
Read_Ctrl_Output> Output Files
 
Read_Ctrl_Energy> Parameters of Energy Calculations
  forcefield      =    RESIDCG
  output_style    =    GENESIS
 
Read_Ctrl_Dynamics> Parameters of MD simulation
  integrator      =       VVER  nsteps          =       2000
  timestep        =     0.0200  initial_time    =     0.0000
  eneout_period   =        100  rstout_period   =          0
  crdout_period   =          0  velout_period   =          0
  nbupdate_period =         20  stoptr_period   =         10
  lbupdate_period =          0
  iseed           =         -1
  annealing       =         no
  verbose         =         no
  target_md       =         no
  steered_md      =         no
 
Read_Ctrl_Ensemble> Parameters for Ensemble
  ensemble        =        NVT
  temperature     =    300.000
  tpcontrol       =   LANGEVIN
  gamma_t         =      1.000
 
Read_Ctrl_Boundary> Parameters of Boundary Condition
  type            =       PBC 
  box_size(x,y,z) =    450.000   550.000   650.000
  min_domain_cell =          2
 
Read_Ctrl_Selection> Parameters of Selection
  # of groups     =          0
  # of mole names =          0
 
Read_Ctrl_Restraints> No restraint in the system

Read_Ctrl_Fitting_MD> Parameters of Fitting
  fitting method  =  TR+ROT   
  fitting atom    = group1
  mass_weight     =         no
 
[STEP2] Setup MPI
 
Setup_Mpi_Md> Summary of Setup MPI
  number of MPI processes   =        128
  number of OpenMP threads  =          5
  total number of CPU cores =        640

[STEP3] Set Relevant Variables and Structures
 
Read_Grotop> Summary of Grotopfile
  num_moltypes    =          1
    dps_cg                :
      num_atoms   =       1853
      num_bonds   =       1841
      num_angls   =       3658
      num_dihes   =       3634
      num_cmaps   =          0
      num_excls   =      10717
      num_constrs =          0
      num_pairs   =      10717
      num_vsites2 =          0
      num_vsites3 =          0
      num_vsites4 =          0
      num_vsitesn =          0
      num_posress =          0
      num_PWMcos  =          0
      num_PWMcosns=          0
      num_IDR_HPS =          0
      num_IDR_KH  =          0
    .. not used molecule types were hidden.

  num_molecules   =        120
    dps_cg                :  120

  num_atomtypes   =         33  num_bondtypes   =          0
  num_angltypes   =          0  num_dihetypes   =          0
  num_flangltypes           20
  num_fldihetypes          400
  num_constrtypes =          0  num_cmaptypes   =          0
  num_nbonparms   =          0
  num_basestacktypes  =     16
  num_basepairtypes   =      4
  num_basecrosstypes  =     32
  num_cgdnaexvtypes   =      6
  num_cgelemolpairs   =      1
  num_cg_IDR_HPS_atomtypes  =     20
  num_cg_KH_atomtypes  =    20

  num_cg_pair_MJ_eps   =   400

Define_Molecule> Summary of molecules
  num_atoms       =     222360  num_bonds       =     220920
  num_angles      =     438960  num_dihedrals   =     436080
  num_impropers   =          0  num_cmap_terms  =          0
  num_residues    =     222360  num_molecules   =       1440
  num_segments    =          1  num_deg_freedom =     667080
  total_charge    = -10080.000
 
Setup_Boundary_Cell> Set Variables for Boundary Condition
  domains (x,y,z) =          4         8         4
  ncells (x,y,z)  =         15        19        22
 
Define_Enefunc_Gromacs> Number of Interactions in Each Term
  bond_ene        =     220920  angle_ene       =     219480
  flex_angle_ene  =     219480
  torsion_ene     =     438960
 restraint_groups =          0 restraint_funcs  =          0
 
Setup_Dynamics> Subtract 3 translational degrees of freedom
 
Update_Num_Deg_Freedom> Number of degrees of freedom was updated
  num_deg_freedom =     667077 (After removing translation)
 
Random_Init> Initialize the random number
  seed            = 335447

Setup_Fitting_cgdyn> NO fitting is applied, skip
  fitting method  =  NO
 
[STEP4] Compute Single Point Energy for Molecules
 
            STEP          ENERGY            BOND           ANGLE        DIHEDRAL  NATIVE_CONTACT NON-NATIVE_CONT           ELECT          CG_EXV
 --------------- --------------- --------------- --------------- ---------------
               0   -1763059.4577          0.0286    -615195.4559    -528961.9196    -621616.4490          0.0000       2708.5290          5.8093

[STEP5] Perform Molecular Dynamics Simulation
 
Initial_Velocity> Generate initial velocities
  iseed           =     335447
  temperature     =    300.000
 
Random_Init_Velocity> Initialize the random number
  seed            = 335447

INFO:       STEP            TIME       TOTAL_ENE   POTENTIAL_ENE     KINETIC_ENE            RMSG            BOND           ANGLE        DIHEDRAL  NATIVE_CONTACT          CG_EXV           ELECT     TEMPERATURE          VOLUME
 --------------- --------------- --------------- --------------- ---------------
INFO:          0          0.0000   -1564319.7994   -1763059.4577     198739.6583          0.7029          0.0286    -615195.4559    -528961.9196    -621616.4490          5.8093       2708.5290          0.0000  160875000.0000

INFO:        100          2.0000   -1395560.1549   -1561884.4458     166324.2909         11.3489      59405.9311    -547793.4880    -496626.6293    -579546.9060          6.5260       2670.1204        276.8342  160875000.0000

INFO:        200          4.0000   -1364638.9573   -1543124.0225     178485.0652         11.6111      62580.1837    -540738.2412    -493268.4820    -574351.8804          6.5024       2647.8949        296.1188  160875000.0000

INFO:        300          6.0000   -1358131.2743   -1538754.4074     180623.1331         11.6412      63251.9113    -539394.8348    -492392.3978    -572874.0626          6.5796       2648.3969        299.1350  160875000.0000

INFO:        400          8.0000   -1356123.2133   -1537420.3278     181297.1145         11.6725      63441.3498    -538604.4056    -492435.9505    -572474.8018          6.5274       2646.9530        300.8052  160875000.0000

INFO:        500         10.0000   -1357048.5127   -1538082.8595     181034.3467         11.6568      63189.0271    -538930.1688    -492470.3907    -572524.3711          6.5993       2646.4448        300.4818  160875000.0000

INFO:        600         12.0000   -1356516.4501   -1537681.2208     181164.7707         11.6783      63632.2106    -538759.2326    -492741.3486    -572467.4411          6.5139       2648.0771        300.2136  160875000.0000

INFO:        700         14.0000   -1356614.7761   -1537518.9563     180904.1803         11.6692      63551.9060    -538961.1414    -492354.6334    -572402.4359          6.8296       2640.5187        299.6708  160875000.0000

INFO:        800         16.0000   -1355552.8806   -1537040.3669     181487.4863         11.6740      63571.3733    -538493.5065    -492321.3377    -572455.6560          7.2274       2651.5325        300.4410  160875000.0000

INFO:        900         18.0000   -1356569.2349   -1537509.2728     180940.0379         11.6850      63650.4586    -539014.6867    -492371.2664    -572427.6319          7.3906       2646.4630        300.3661  160875000.0000

INFO:       1000         20.0000   -1356420.0608   -1538152.8290     181732.7682         11.6395      63140.5236    -538932.8056    -492508.9826    -572502.8507          6.6953       2644.5911        300.7533  160875000.0000

INFO:       1100         22.0000   -1356860.4571   -1537817.1302     180956.6731         11.6539      63285.1710    -539015.2141    -492280.0794    -572454.4947          7.2114       2640.2756        300.0197  160875000.0000

INFO:       1200         24.0000   -1357575.1048   -1538025.0712     180449.9663         11.6466      63174.9565    -539127.1600    -492462.7152    -572262.6502          6.9296       2645.5681        299.1874  160875000.0000

INFO:       1300         26.0000   -1356774.0968   -1537636.9548     180862.8580         11.6575      63290.3516    -538883.7414    -492374.8899    -572318.2023          6.8039       2642.7233        299.7551  160875000.0000

INFO:       1400         28.0000   -1356511.0113   -1537196.4660     180685.4546         11.6834      63742.7291    -538962.8794    -492320.9749    -572298.3949          6.9772       2636.0770        299.7764  160875000.0000

INFO:       1500         30.0000   -1357088.9151   -1537944.7397     180855.8246         11.6397      63198.3556    -538950.5600    -492511.5052    -572333.3223          7.1271       2645.1651        299.9363  160875000.0000

INFO:       1600         32.0000   -1356588.3069   -1537806.2093     181217.9024         11.6537      63188.0870    -538924.4579    -492357.3946    -572361.7495          7.0535       2642.2523        300.0105  160875000.0000

INFO:       1700         34.0000   -1356654.9839   -1537699.1003     181044.1164         11.6256      62941.1504    -538777.8032    -492214.0023    -572297.2960          7.3696       2641.4812        299.9981  160875000.0000

INFO:       1800         36.0000   -1355983.5187   -1537442.7930     181459.2743         11.6583      63423.9341    -539028.7657    -492230.9121    -572260.8055          6.8585       2646.8977        300.8679  160875000.0000

INFO:       1900         38.0000   -1356862.6827   -1537610.6890     180748.0063         11.6569      63400.2947    -538956.3401    -492439.4783    -572265.8900          7.4165       2643.3082        300.0506  160875000.0000

INFO:       2000         40.0000   -1356490.2269   -1537308.8479     180818.6210         11.6914      63689.5283    -538889.8910    -492440.7671    -572316.2724          7.3704       2641.1838        299.9991  160875000.0000

 
[STEP6] Deallocate Arrays
 
Output_Time> Averaged timer profile (Min, Max)
  total time      =      10.352
    setup         =       2.681
    dynamics      =       7.671
      energy      =       5.161
      integrator  =       1.889
      migration   =       0.250
      pairlist    =       0.276 (       0.085,       0.539)
  energy           
    bond          =       0.063 (       0.014,       0.128)
    angle         =       0.367 (       0.080,       0.788)
    dihedral      =       0.443 (       0.091,       0.873)
    base stacking =       0.000 (       0.000,       0.000)
    nonbond       =       1.115 (       0.210,       2.291)
      CG exv      =       0.081 (       0.021,       0.164)
      CG DNA bp   =       0.000 (       0.000,       0.000)
      CG DNA exv  =       0.000 (       0.000,       0.000)
      CG ele      =       0.720 (       0.137,       1.532)
      CG PWMcos   =       0.000 (       0.000,       0.000)
      CG PWMcosns =       0.000 (       0.000,       0.000)
      CG IDR-HPS  =       0.000 (       0.000,       0.000)
      CG IDR-KH   =       0.000 (       0.000,       0.000)
      CG KH       =       0.000 (       0.000,       0.000)
      Contact     =       0.313 (       0.052,       0.659)
      pme real    =       0.000 (       0.000,       0.000)
      pme recip   =       0.000 (       0.000,       0.000)
    solvation     =       0.000 (       0.000,       0.000)
      polar       =       0.000 (       0.000,       0.000)
      non-polar   =       0.000 (       0.000,       0.000)
    restraint     =       0.000 (       0.000,       0.000)
    qmmm          =       0.000 (       0.000,       0.000)
    morph         =       0.000 (       0.000,       0.000)
  integrator       
    constraint    =       0.000 (       0.000,       0.000)
    update        =       0.000 (       0.000,       0.000)
    comm_coord    =       0.954 (       0.594,       1.388)
    comm_force    =       0.500 (       0.397,       0.631)
  migration       =       0.250 (       0.249,       0.250)
    comm_migrate  =       0.074 (       0.057,       0.088)
    ptl_migrate   =       0.003 (       0.001,       0.005)
    bond_migrate  =       0.001 (       0.000,       0.001)
    angl_migrate  =       0.002 (       0.001,       0.003)
    dihe_migrate  =       0.002 (       0.001,       0.003)
    contact_migr  =       0.011 (       0.004,       0.020)
    stack_migrate =       0.000 (       0.000,       0.000)
    pwmcos_migrate =       0.000 (       0.000,       0.000)
    pwmcosns_migr  =       0.000 (       0.000,       0.000)
    nonb_update    =       0.088 (       0.024,       0.160)

