****************************************************
*                                                  *
*                  GENESIS CGDYN                   *
*                                                  *
*        A Molecular Dynamics Simulator with       *
*           Spatial Decomposition Scheme           *
*                                                  *
*               Developed by RIKEN                 *
*                                                  *
****************************************************
 
[STEP0] Architecture and Compiler Information
 
GENESIS_Information> GENESIS Information
  version      = 2.0.0
  commit ID    = $GENESIS_VERSION$
  precision    = mixed 
  nonbonding   = CPU

Build_Information> Compiler Information
  build host   = jjwsmj@hokusai2
  fortran      = ifort (IFORT) 2021.7.1 20221019
  option       = 
  -axCORE-AVX512 -g -O3  -qmkl=parallel  -assume byterecl -qopenmp  
  C            = 
 icc: remark #10441: The Intel(R) C++ Compiler Classic (ICC) is deprecated and w
 ill be removed from product release in the second half of 2023. The Intel(R) on
 eAPI DPC++/C++ Compiler (ICX) is the recommended compiler moving forward. Pleas
 e transition to use this compiler. Use '-diag-disable=10441' to disable this me
 ssage.
  option       = -O3 -ip -axCORE-AVX2  -qopenmp 
  defined var. = 
  -DHAVE_MPI_GENESIS -DOMP -DIFORT19 -DFFTE -DLAPACK -DDSFMT_MEXP=19937 -DINTEL
  link option  = 
  -assume byterecl -lgfortran -qopenmp  -lmkl_intel_lp64 -lmkl_sequential -lmkl_
 core -lmkl_lapack95_lp64   
  MPI Compiler = Intel(R) MPI

Runtime_Information> Machine and Library Information
  date       = 2023/05/12 14:24:03
  cpu model    = Intel(R) Xeon(R) Gold 6148 CPU @ 2.40GHz
  exec. host   = jjwsmj@bwmpc0143
  LD library   = 
 /bwfefs/opt/x86_64/intel/oneapi/2022.3/mpi/2021.7.1/libfabric/lib:/bwfefs/opt/x
 86_64/intel/oneapi/2022.3/mpi/2021.7.1/lib/release:/bwfefs/opt/x86_64/intel/one
 api/2022.3/mpi/2021.7.1/lib:/bwfefs/opt/x86_64/intel/oneapi/2022.3/tbb/2021.7.1
 /lib/intel64/gcc4.8:/usr/lib64:/bwfefs/opt/x86_64/intel/oneapi/2022.3/vpl/2022.
 2.5/lib:/bwfefs/opt/x86_64/intel/oneapi/2022.3/mkl/latest/lib/intel64:/bwfefs/o
 pt/x86_64/intel/oneapi/2022.3/itac/2021.7.1/slib:/bwfefs/opt/x86_64/intel/oneap
 i/2022.3/ippcp/2021.6.2/lib/intel64:/bwfefs/opt/x86_64/intel/oneapi/2022.3/ipp/
 2021.6.2/lib/intel64:/bwfefs/opt/x86_64/intel/oneapi/2022.3/dnnl/2022.2.1/cpu_d
 pcpp_gpu_dpcpp/lib:/bwfefs/opt/x86_64/intel/oneapi/2022.3/dal/2021.7.1/lib/inte
 l64:/bwfefs/opt/x86_64/intel/oneapi/2022.3/compiler/2022.2.1/linux/compiler/lib
 :/bwfefs/opt/x86_64/intel/oneapi/2022.3/compiler/2022.2.1/linux/lib/oclfpga/hos
 t/linux64/lib:/bwfefs/opt/x86_64/intel/oneapi/2022.3/compiler/2022.2.1/linux/li
 b/oclfpga/linux64/lib:/bwfefs/opt/x86_64/intel/oneapi/2022.3/compiler/2022.2.1/
 linux/lib:/bwfefs/opt/x86_64/intel/oneapi/2022.3/compiler/2022.2.1/linux/lib/x6
 4:/bwfefs/opt/x86_64/intel/oneapi/2022.3/compiler/2022.2.1/linux/lib/emu:/bwfef
 s/opt/x86_64/intel/oneapi/2022.3/compiler/2022.2.1/linux/compiler/lib/intel64_l
 in:/bwfefs/opt/x86_64/intel/oneapi/2022.3/debugger/2021.7.1/dep/lib:/bwfefs/opt
 /x86_64/intel/oneapi/2022.3/debugger/2021.7.1/libipt/intel64/lib:/bwfefs/opt/x8
 6_64/intel/oneapi/2022.3/debugger/2021.7.1/gdb/intel64/lib:/bwfefs/opt/x86_64/
 MPI Runtime = Intel(R) MPI Library 2021.7 for Linux* OS


[STEP1] Read Control Parameters
 
Read_Ctrl_Input> Input Files
  grotopfile = dps_120.top
  grocrdfile = crd/dps_mul_4_5_6.gro
 
Read_Ctrl_Output> Output Files
 
Read_Ctrl_Energy> Parameters of Energy Calculations
  forcefield      =    RESIDCG
  output_style    =    GENESIS
 
Read_Ctrl_Dynamics> Parameters of MD simulation
  integrator      =       VVER  nsteps          =       2000
  timestep        =     0.0200  initial_time    =     0.0000
  eneout_period   =        100  rstout_period   =          0
  crdout_period   =          0  velout_period   =          0
  nbupdate_period =         20  stoptr_period   =         10
  lbupdate_period =          0
  iseed           =         -1
  annealing       =         no
  verbose         =         no
  target_md       =         no
  steered_md      =         no
 
Read_Ctrl_Ensemble> Parameters for Ensemble
  ensemble        =        NVT
  temperature     =    300.000
  tpcontrol       =   LANGEVIN
  gamma_t         =      1.000
 
Read_Ctrl_Boundary> Parameters of Boundary Condition
  type            =       PBC 
  box_size(x,y,z) =    450.000   550.000   650.000
  min_domain_cell =          2
 
Read_Ctrl_Selection> Parameters of Selection
  # of groups     =          0
  # of mole names =          0
 
Read_Ctrl_Restraints> No restraint in the system

Read_Ctrl_Fitting_MD> Parameters of Fitting
  fitting method  =  TR+ROT   
  fitting atom    = group1
  mass_weight     =         no
 
[STEP2] Setup MPI
 
Setup_Mpi_Md> Summary of Setup MPI
  number of MPI processes   =        128
  number of OpenMP threads  =          5
  total number of CPU cores =        640

[STEP3] Set Relevant Variables and Structures
 
Read_Grotop> Summary of Grotopfile
  num_moltypes    =          1
    dps_cg                :
      num_atoms   =       1853
      num_bonds   =       1841
      num_angls   =       3658
      num_dihes   =       3634
      num_cmaps   =          0
      num_excls   =      10717
      num_constrs =          0
      num_pairs   =      10717
      num_vsites2 =          0
      num_vsites3 =          0
      num_vsites4 =          0
      num_vsitesn =          0
      num_posress =          0
      num_PWMcos  =          0
      num_PWMcosns=          0
      num_IDR_HPS =          0
      num_IDR_KH  =          0
    .. not used molecule types were hidden.

  num_molecules   =        120
    dps_cg                :  120

  num_atomtypes   =         33  num_bondtypes   =          0
  num_angltypes   =          0  num_dihetypes   =          0
  num_flangltypes           20
  num_fldihetypes          400
  num_constrtypes =          0  num_cmaptypes   =          0
  num_nbonparms   =          0
  num_basestacktypes  =     16
  num_basepairtypes   =      4
  num_basecrosstypes  =     32
  num_cgdnaexvtypes   =      6
  num_cgelemolpairs   =      1
  num_cg_IDR_HPS_atomtypes  =     20
  num_cg_KH_atomtypes  =    20

  num_cg_pair_MJ_eps   =   400

Define_Molecule> Summary of molecules
  num_atoms       =     222360  num_bonds       =     220920
  num_angles      =     438960  num_dihedrals   =     436080
  num_impropers   =          0  num_cmap_terms  =          0
  num_residues    =     222360  num_molecules   =       1440
  num_segments    =          1  num_deg_freedom =     667080
  total_charge    = -10080.000
 
Setup_Boundary_Cell> Set Variables for Boundary Condition
  domains (x,y,z) =          4         8         4
  ncells (x,y,z)  =         15        19        22
 
Define_Enefunc_Gromacs> Number of Interactions in Each Term
  bond_ene        =     220920  angle_ene       =     219480
  flex_angle_ene  =     219480
  torsion_ene     =     438960
 restraint_groups =          0 restraint_funcs  =          0
 
Setup_Dynamics> Subtract 3 translational degrees of freedom
 
Update_Num_Deg_Freedom> Number of degrees of freedom was updated
  num_deg_freedom =     667077 (After removing translation)
 
Random_Init> Initialize the random number
  seed            = 594754

Setup_Fitting_cgdyn> NO fitting is applied, skip
  fitting method  =  NO
 
[STEP4] Compute Single Point Energy for Molecules
 
            STEP          ENERGY            BOND           ANGLE        DIHEDRAL  NATIVE_CONTACT NON-NATIVE_CONT           ELECT          CG_EXV
 --------------- --------------- --------------- --------------- ---------------
               0   -1763059.4577          0.0286    -615195.4559    -528961.9196    -621616.4490          0.0000       2708.5290          5.8093

[STEP5] Perform Molecular Dynamics Simulation
 
Initial_Velocity> Generate initial velocities
  iseed           =     594754
  temperature     =    300.000
 
Random_Init_Velocity> Initialize the random number
  seed            = 594754

INFO:       STEP            TIME       TOTAL_ENE   POTENTIAL_ENE     KINETIC_ENE            RMSG            BOND           ANGLE        DIHEDRAL  NATIVE_CONTACT          CG_EXV           ELECT     TEMPERATURE          VOLUME
 --------------- --------------- --------------- --------------- ---------------
INFO:          0          0.0000   -1563557.9260   -1763059.4577     199501.5316          0.7029          0.0286    -615195.4559    -528961.9196    -621616.4490          5.8093       2708.5290          0.0000  160875000.0000

INFO:        100          2.0000   -1394489.0602   -1561479.3641     166990.3039         11.3374      59255.2213    -547442.6474    -496534.7223    -579434.8275          6.5834       2671.0285        277.9219  160875000.0000

INFO:        200          4.0000   -1364589.4029   -1543195.2790     178605.8761         11.6211      62735.9675    -540741.2545    -493409.4165    -574437.1869          6.5199       2650.0914        296.2394  160875000.0000

INFO:        300          6.0000   -1358217.4873   -1538232.6213     180015.1340         11.6702      63663.6929    -539292.5121    -492654.8787    -572600.9113          6.5283       2645.4597        297.7877  160875000.0000

INFO:        400          8.0000   -1357369.0495   -1538897.7514     181528.7019         11.6211      62931.1661    -539088.9819    -492572.0193    -572816.8432          6.8166       2642.1103        300.2694  160875000.0000

INFO:        500         10.0000   -1356644.9954   -1537487.5877     180842.5923         11.6893      63850.3405    -539414.2418    -492332.5856    -572239.1522          7.3358       2640.7156        299.5290  160875000.0000

INFO:        600         12.0000   -1356591.1443   -1537988.4604     181397.3162         11.6539      63293.3632    -538827.9286    -492592.0906    -572511.9860          6.9246       2643.2571        299.9367  160875000.0000

INFO:        700         14.0000   -1356548.8056   -1537289.7938     180740.9883         11.6852      63643.8707    -538560.9534    -492583.2504    -572437.6466          7.1883       2640.9976        299.7444  160875000.0000

INFO:        800         16.0000   -1356120.2727   -1537213.3622     181093.0896         11.6707      63409.5294    -538602.8432    -492364.8579    -572306.0742          7.1970       2643.6867        300.4561  160875000.0000

INFO:        900         18.0000   -1355249.8902   -1536424.6744     181174.7843         11.6636      63454.3866    -538260.4317    -492338.8219    -571926.6432          7.0410       2639.7947        300.4249  160875000.0000

INFO:       1000         20.0000   -1356514.9144   -1537649.7972     181134.8827         11.6535      63379.8194    -538870.3721    -492374.6512    -572432.1618          7.3109       2640.2576        300.3652  160875000.0000

INFO:       1100         22.0000   -1356560.5711   -1537752.8714     181192.3003         11.6676      63381.4461    -538657.8123    -492768.5567    -572363.2812          7.1708       2648.1620        300.3652  160875000.0000

INFO:       1200         24.0000   -1355889.0753   -1537230.0116     181340.9364         11.6633      63212.3692    -538569.1890    -492098.1091    -572423.9019          7.1758       2641.6433        300.8847  160875000.0000

INFO:       1300         26.0000   -1356231.6529   -1537390.8190     181159.1661         11.6662      63282.2986    -538479.0398    -492467.3735    -572380.1552          7.4059       2646.0450        300.0213  160875000.0000

INFO:       1400         28.0000   -1355741.0356   -1536792.4023     181051.3668         11.6860      63571.2250    -538319.8669    -492232.4418    -572464.0919          7.0319       2645.7413        300.6439  160875000.0000

INFO:       1500         30.0000   -1356516.7837   -1537608.0390     181091.2553         11.6597      63334.1039    -538509.6888    -492558.5624    -572521.8306          7.5126       2640.4262        300.0406  160875000.0000

INFO:       1600         32.0000   -1356894.3787   -1537451.6651     180557.2864         11.6749      63388.0986    -538887.6048    -492239.6567    -572366.0900          8.1746       2645.4133        299.1557  160875000.0000

INFO:       1700         34.0000   -1355897.1831   -1537185.0060     181287.8229         11.6874      63820.3819    -538866.6241    -492379.9505    -572412.3456          8.2054       2645.3268        300.9357  160875000.0000

INFO:       1800         36.0000   -1355523.5993   -1537068.7438     181545.1445         11.6595      63214.7904    -538373.6563    -492304.6910    -572253.0528          7.5320       2640.3339        301.0167  160875000.0000

INFO:       1900         38.0000   -1356477.8691   -1536887.6712     180409.8021         11.6608      63402.8587    -538529.1099    -492205.2841    -572201.9560          7.2493       2638.5709        299.2174  160875000.0000

INFO:       2000         40.0000   -1356918.9739   -1538230.2683     181311.2944         11.6380      63030.5075    -539129.3379    -492522.5413    -572259.5525          7.0774       2643.5785        300.3743  160875000.0000

 
[STEP6] Deallocate Arrays
 
Output_Time> Averaged timer profile (Min, Max)
  total time      =      10.077
    setup         =       2.621
    dynamics      =       7.456
      energy      =       5.031
      integrator  =       1.834
      migration   =       0.245
      pairlist    =       0.269 (       0.081,       0.535)
  energy           
    bond          =       0.063 (       0.013,       0.124)
    angle         =       0.361 (       0.055,       0.709)
    dihedral      =       0.438 (       0.074,       0.840)
    base stacking =       0.000 (       0.000,       0.000)
    nonbond       =       1.114 (       0.211,       2.216)
      CG exv      =       0.080 (       0.021,       0.157)
      CG DNA bp   =       0.000 (       0.000,       0.000)
      CG DNA exv  =       0.000 (       0.000,       0.000)
      CG ele      =       0.719 (       0.137,       1.467)
      CG PWMcos   =       0.000 (       0.000,       0.000)
      CG PWMcosns =       0.000 (       0.000,       0.000)
      CG IDR-HPS  =       0.000 (       0.000,       0.000)
      CG IDR-KH   =       0.000 (       0.000,       0.000)
      CG KH       =       0.000 (       0.000,       0.000)
      Contact     =       0.314 (       0.051,       0.655)
      pme real    =       0.000 (       0.000,       0.000)
      pme recip   =       0.000 (       0.000,       0.000)
    solvation     =       0.000 (       0.000,       0.000)
      polar       =       0.000 (       0.000,       0.000)
      non-polar   =       0.000 (       0.000,       0.000)
    restraint     =       0.000 (       0.000,       0.000)
    qmmm          =       0.000 (       0.000,       0.000)
    morph         =       0.000 (       0.000,       0.000)
  integrator       
    constraint    =       0.000 (       0.000,       0.000)
    update        =       0.000 (       0.000,       0.000)
    comm_coord    =       0.916 (       0.471,       1.354)
    comm_force    =       0.487 (       0.363,       0.627)
  migration       =       0.245 (       0.245,       0.245)
    comm_migrate  =       0.070 (       0.055,       0.084)
    ptl_migrate   =       0.003 (       0.001,       0.005)
    bond_migrate  =       0.001 (       0.000,       0.001)
    angl_migrate  =       0.002 (       0.001,       0.002)
    dihe_migrate  =       0.002 (       0.001,       0.003)
    contact_migr  =       0.011 (       0.004,       0.019)
    stack_migrate =       0.000 (       0.000,       0.000)
    pwmcos_migrate =       0.000 (       0.000,       0.000)
    pwmcosns_migr  =       0.000 (       0.000,       0.000)
    nonb_update    =       0.088 (       0.024,       0.160)

