****************************************************
*                                                  *
*                  GENESIS CGDYN                   *
*                                                  *
*        A Molecular Dynamics Simulator with       *
*           Spatial Decomposition Scheme           *
*                                                  *
*               Developed by RIKEN                 *
*                                                  *
****************************************************
 
[STEP0] Architecture and Compiler Information
 
GENESIS_Information> GENESIS Information
  version      = 2.0.0
  commit ID    = $GENESIS_VERSION$
  precision    = mixed 
  nonbonding   = CPU

Build_Information> Compiler Information
  build host   = jjwsmj@hokusai2
  fortran      = ifort (IFORT) 2021.7.1 20221019
  option       = 
  -axCORE-AVX512 -g -O3  -qmkl=parallel  -assume byterecl -qopenmp  
  C            = 
 icc: remark #10441: The Intel(R) C++ Compiler Classic (ICC) is deprecated and w
 ill be removed from product release in the second half of 2023. The Intel(R) on
 eAPI DPC++/C++ Compiler (ICX) is the recommended compiler moving forward. Pleas
 e transition to use this compiler. Use '-diag-disable=10441' to disable this me
 ssage.
  option       = -O3 -ip -axCORE-AVX2  -qopenmp 
  defined var. = 
  -DHAVE_MPI_GENESIS -DOMP -DIFORT19 -DFFTE -DLAPACK -DDSFMT_MEXP=19937 -DINTEL
  link option  = 
  -assume byterecl -lgfortran -qopenmp  -lmkl_intel_lp64 -lmkl_sequential -lmkl_
 core -lmkl_lapack95_lp64   
  MPI Compiler = Intel(R) MPI

Runtime_Information> Machine and Library Information
  date       = 2023/05/12 14:24:03
  cpu model    = Intel(R) Xeon(R) Gold 6148 CPU @ 2.40GHz
  exec. host   = jjwsmj@bwmpc0314
  LD library   = 
 /bwfefs/opt/x86_64/intel/oneapi/2022.3/mpi/2021.7.1/libfabric/lib:/bwfefs/opt/x
 86_64/intel/oneapi/2022.3/mpi/2021.7.1/lib/release:/bwfefs/opt/x86_64/intel/one
 api/2022.3/mpi/2021.7.1/lib:/bwfefs/opt/x86_64/intel/oneapi/2022.3/tbb/2021.7.1
 /lib/intel64/gcc4.8:/usr/lib64:/bwfefs/opt/x86_64/intel/oneapi/2022.3/vpl/2022.
 2.5/lib:/bwfefs/opt/x86_64/intel/oneapi/2022.3/mkl/latest/lib/intel64:/bwfefs/o
 pt/x86_64/intel/oneapi/2022.3/itac/2021.7.1/slib:/bwfefs/opt/x86_64/intel/oneap
 i/2022.3/ippcp/2021.6.2/lib/intel64:/bwfefs/opt/x86_64/intel/oneapi/2022.3/ipp/
 2021.6.2/lib/intel64:/bwfefs/opt/x86_64/intel/oneapi/2022.3/dnnl/2022.2.1/cpu_d
 pcpp_gpu_dpcpp/lib:/bwfefs/opt/x86_64/intel/oneapi/2022.3/dal/2021.7.1/lib/inte
 l64:/bwfefs/opt/x86_64/intel/oneapi/2022.3/compiler/2022.2.1/linux/compiler/lib
 :/bwfefs/opt/x86_64/intel/oneapi/2022.3/compiler/2022.2.1/linux/lib/oclfpga/hos
 t/linux64/lib:/bwfefs/opt/x86_64/intel/oneapi/2022.3/compiler/2022.2.1/linux/li
 b/oclfpga/linux64/lib:/bwfefs/opt/x86_64/intel/oneapi/2022.3/compiler/2022.2.1/
 linux/lib:/bwfefs/opt/x86_64/intel/oneapi/2022.3/compiler/2022.2.1/linux/lib/x6
 4:/bwfefs/opt/x86_64/intel/oneapi/2022.3/compiler/2022.2.1/linux/lib/emu:/bwfef
 s/opt/x86_64/intel/oneapi/2022.3/compiler/2022.2.1/linux/compiler/lib/intel64_l
 in:/bwfefs/opt/x86_64/intel/oneapi/2022.3/debugger/2021.7.1/dep/lib:/bwfefs/opt
 /x86_64/intel/oneapi/2022.3/debugger/2021.7.1/libipt/intel64/lib:/bwfefs/opt/x8
 6_64/intel/oneapi/2022.3/debugger/2021.7.1/gdb/intel64/lib:/bwfefs/opt/x86_64/
 MPI Runtime = Intel(R) MPI Library 2021.7 for Linux* OS


[STEP1] Read Control Parameters
 
Read_Ctrl_Input> Input Files
  grotopfile = dps_120.top
  grocrdfile = crd/dps_mul_4_5_6.gro
 
Read_Ctrl_Output> Output Files
 
Read_Ctrl_Energy> Parameters of Energy Calculations
  forcefield      =    RESIDCG
  output_style    =    GENESIS
 
Read_Ctrl_Dynamics> Parameters of MD simulation
  integrator      =       VVER  nsteps          =       2000
  timestep        =     0.0200  initial_time    =     0.0000
  eneout_period   =        100  rstout_period   =          0
  crdout_period   =          0  velout_period   =          0
  nbupdate_period =         20  stoptr_period   =         10
  lbupdate_period =          0
  iseed           =         -1
  annealing       =         no
  verbose         =         no
  target_md       =         no
  steered_md      =         no
 
Read_Ctrl_Ensemble> Parameters for Ensemble
  ensemble        =        NVT
  temperature     =    300.000
  tpcontrol       =   LANGEVIN
  gamma_t         =      1.000
 
Read_Ctrl_Boundary> Parameters of Boundary Condition
  type            =       PBC 
  box_size(x,y,z) =    450.000   550.000   650.000
  min_domain_cell =          2
 
Read_Ctrl_Selection> Parameters of Selection
  # of groups     =          0
  # of mole names =          0
 
Read_Ctrl_Restraints> No restraint in the system

Read_Ctrl_Fitting_MD> Parameters of Fitting
  fitting method  =  TR+ROT   
  fitting atom    = group1
  mass_weight     =         no
 
[STEP2] Setup MPI
 
Setup_Mpi_Md> Summary of Setup MPI
  number of MPI processes   =         16
  number of OpenMP threads  =          5
  total number of CPU cores =         80

[STEP3] Set Relevant Variables and Structures
 
Read_Grotop> Summary of Grotopfile
  num_moltypes    =          1
    dps_cg                :
      num_atoms   =       1853
      num_bonds   =       1841
      num_angls   =       3658
      num_dihes   =       3634
      num_cmaps   =          0
      num_excls   =      10717
      num_constrs =          0
      num_pairs   =      10717
      num_vsites2 =          0
      num_vsites3 =          0
      num_vsites4 =          0
      num_vsitesn =          0
      num_posress =          0
      num_PWMcos  =          0
      num_PWMcosns=          0
      num_IDR_HPS =          0
      num_IDR_KH  =          0
    .. not used molecule types were hidden.

  num_molecules   =        120
    dps_cg                :  120

  num_atomtypes   =         33  num_bondtypes   =          0
  num_angltypes   =          0  num_dihetypes   =          0
  num_flangltypes           20
  num_fldihetypes          400
  num_constrtypes =          0  num_cmaptypes   =          0
  num_nbonparms   =          0
  num_basestacktypes  =     16
  num_basepairtypes   =      4
  num_basecrosstypes  =     32
  num_cgdnaexvtypes   =      6
  num_cgelemolpairs   =      1
  num_cg_IDR_HPS_atomtypes  =     20
  num_cg_KH_atomtypes  =    20

  num_cg_pair_MJ_eps   =   400

Define_Molecule> Summary of molecules
  num_atoms       =     222360  num_bonds       =     220920
  num_angles      =     438960  num_dihedrals   =     436080
  num_impropers   =          0  num_cmap_terms  =          0
  num_residues    =     222360  num_molecules   =       1440
  num_segments    =          1  num_deg_freedom =     667080
  total_charge    = -10080.000
 
Setup_Boundary_Cell> Set Variables for Boundary Condition
  domains (x,y,z) =          2         2         4
  ncells (x,y,z)  =         15        19        22
 
Define_Enefunc_Gromacs> Number of Interactions in Each Term
  bond_ene        =     220920  angle_ene       =     219480
  flex_angle_ene  =     219480
  torsion_ene     =     438960
 restraint_groups =          0 restraint_funcs  =          0
 
Setup_Dynamics> Subtract 3 translational degrees of freedom
 
Update_Num_Deg_Freedom> Number of degrees of freedom was updated
  num_deg_freedom =     667077 (After removing translation)
 
Random_Init> Initialize the random number
  seed            = 9854

Setup_Fitting_cgdyn> NO fitting is applied, skip
  fitting method  =  NO
 
[STEP4] Compute Single Point Energy for Molecules
 
            STEP          ENERGY            BOND           ANGLE        DIHEDRAL  NATIVE_CONTACT NON-NATIVE_CONT           ELECT          CG_EXV
 --------------- --------------- --------------- --------------- ---------------
               0   -1763101.0381          0.0286    -615195.6883    -528964.5770    -621655.1396          0.0000       2708.5290          5.8093

[STEP5] Perform Molecular Dynamics Simulation
 
Initial_Velocity> Generate initial velocities
  iseed           =       9854
  temperature     =    300.000
 
Random_Init_Velocity> Initialize the random number
  seed            = 9854

INFO:       STEP            TIME       TOTAL_ENE   POTENTIAL_ENE     KINETIC_ENE            RMSG            BOND           ANGLE        DIHEDRAL  NATIVE_CONTACT          CG_EXV           ELECT     TEMPERATURE          VOLUME
 --------------- --------------- --------------- --------------- ---------------
INFO:          0          0.0000   -1564094.4648   -1763101.0381     199006.5734          0.7029          0.0286    -615195.6883    -528964.5770    -621655.1396          5.8093       2708.5290          0.0000  160875000.0000

INFO:        100          2.0000   -1395010.3512   -1561489.4692     166479.1180         11.3431      59329.9859    -547673.9412    -496517.5772    -579303.2930          6.5168       2668.8394        277.3134  160875000.0000

INFO:        200          4.0000   -1366247.9681   -1543417.2521     177169.2840         11.6062      62559.4248    -540699.3878    -493349.5515    -574576.6807          6.4793       2642.4637        294.1654  160875000.0000

INFO:        300          6.0000   -1359457.8690   -1539285.0406     179827.1716         11.6593      63358.4894    -539669.6584    -492598.5618    -573024.4375          6.4984       2642.6292        298.1659  160875000.0000

INFO:        400          8.0000   -1357751.8474   -1538037.0637     180285.2162         11.6459      63123.6470    -539117.3708    -492314.1100    -572378.5156          6.5649       2642.7209        298.7363  160875000.0000

INFO:        500         10.0000   -1356895.5580   -1537598.6143     180703.0563         11.6793      63579.8826    -538607.8882    -492540.2097    -572679.5186          6.6204       2642.4991        299.6829  160875000.0000

INFO:        600         12.0000   -1355877.8561   -1537523.8781     181646.0220         11.6480      63133.6729    -538555.6398    -492303.0182    -572448.5483          6.6487       2643.0067        300.9330  160875000.0000

INFO:        700         14.0000   -1356406.4533   -1537668.1537     181261.7004         11.6412      63182.8648    -538767.2414    -492353.7454    -572380.4409          7.0515       2643.3577        300.1228  160875000.0000

INFO:        800         16.0000   -1356839.3143   -1538023.5048     181184.1905         11.6596      63350.4116    -538901.1365    -492465.1912    -572661.6650          6.9499       2647.1264        299.8372  160875000.0000

INFO:        900         18.0000   -1356907.6981   -1538011.9365     181104.2384         11.6612      63395.0096    -539043.7618    -492304.0488    -572710.1152          7.0496       2643.9302        299.8930  160875000.0000

INFO:       1000         20.0000   -1356279.6476   -1537526.5099     181246.8623         11.6514      63306.5045    -539171.0915    -492282.2531    -572031.4253          7.4042       2644.3513        300.5267  160875000.0000

INFO:       1100         22.0000   -1356304.4631   -1537370.8200     181066.3569         11.6581      63433.7180    -538897.9300    -492368.3939    -572191.7173          7.2385       2646.2647        300.0424  160875000.0000

INFO:       1200         24.0000   -1356204.6229   -1537421.5575     181216.9346         11.6597      63451.2002    -538689.2404    -492444.2018    -572392.9146          7.7038       2645.8953        299.9977  160875000.0000

INFO:       1300         26.0000   -1357241.0048   -1538152.7072     180911.7024         11.6723      63456.2495    -539086.5843    -492500.3938    -572670.8716          7.4322       2641.4608        300.1553  160875000.0000

INFO:       1400         28.0000   -1356011.4561   -1537566.2578     181554.8017         11.6655      63435.4756    -538762.2598    -492521.4734    -572367.4565          6.9952       2642.4611        300.6319  160875000.0000

INFO:       1500         30.0000   -1356792.3429   -1537698.2173     180905.8744         11.6744      63583.4089    -538644.6160    -492460.9810    -572822.9634          6.8278       2640.1064        299.9398  160875000.0000

INFO:       1600         32.0000   -1356793.6995   -1537831.3967     181037.6972         11.6565      63381.6640    -539009.4513    -492567.5554    -572291.5483          6.9916       2648.5027        300.2280  160875000.0000

INFO:       1700         34.0000   -1357273.0056   -1538360.5243     181087.5186         11.6607      63459.9196    -539214.8176    -492487.7996    -572767.8564          6.9760       2643.0537        299.9234  160875000.0000

INFO:       1800         36.0000   -1357856.4658   -1538566.4745     180710.0087         11.6407      63138.9098    -539055.3666    -492554.7813    -572752.5288          8.0764       2649.2160        299.7803  160875000.0000

INFO:       1900         38.0000   -1356715.4861   -1537651.3548     180935.8687         11.6672      63404.3489    -538770.9178    -492585.8448    -572349.5005          7.3228       2643.2368        299.9762  160875000.0000

INFO:       2000         40.0000   -1356655.8276   -1537555.5360     180899.7084         11.6601      63432.2094    -538918.7092    -492406.9543    -572312.0234          7.1944       2642.7472        299.9364  160875000.0000

 
[STEP6] Deallocate Arrays
 
Output_Time> Averaged timer profile (Min, Max)
  total time      =      34.207
    setup         =       2.978
    dynamics      =      31.229
      energy      =      22.100
      integrator  =       6.402
      migration   =       0.791
      pairlist    =       1.949 (       1.622,       2.767)
  energy           
    bond          =       0.506 (       0.403,       0.686)
    angle         =       2.748 (       2.102,       3.198)
    dihedral      =       3.258 (       2.579,       4.323)
    base stacking =       0.000 (       0.000,       0.000)
    nonbond       =       9.117 (       7.290,      12.723)
      CG exv      =       0.963 (       0.792,       1.329)
      CG DNA bp   =       0.000 (       0.000,       0.000)
      CG DNA exv  =       0.000 (       0.000,       0.000)
      CG ele      =       5.639 (       4.614,       7.837)
      CG PWMcos   =       0.000 (       0.000,       0.000)
      CG PWMcosns =       0.000 (       0.000,       0.000)
      CG IDR-HPS  =       0.000 (       0.000,       0.000)
      CG IDR-KH   =       0.000 (       0.000,       0.000)
      CG KH       =       0.000 (       0.000,       0.000)
      Contact     =       2.514 (       1.884,       3.557)
      pme real    =       0.000 (       0.000,       0.000)
      pme recip   =       0.000 (       0.000,       0.000)
    solvation     =       0.000 (       0.000,       0.000)
      polar       =       0.000 (       0.000,       0.000)
      non-polar   =       0.000 (       0.000,       0.000)
    restraint     =       0.000 (       0.000,       0.000)
    qmmm          =       0.000 (       0.000,       0.000)
    morph         =       0.000 (       0.000,       0.000)
  integrator       
    constraint    =       0.000 (       0.000,       0.000)
    update        =       0.000 (       0.000,       0.000)
    comm_coord    =       2.490 (       0.625,       3.602)
    comm_force    =       0.653 (       0.610,       0.724)
  migration       =       0.791 (       0.791,       0.792)
    comm_migrate  =       0.138 (       0.110,       0.150)
    ptl_migrate   =       0.019 (       0.015,       0.027)
    bond_migrate  =       0.004 (       0.003,       0.005)
    angl_migrate  =       0.007 (       0.006,       0.010)
    dihe_migrate  =       0.007 (       0.006,       0.010)
    contact_migr  =       0.045 (       0.038,       0.057)
    stack_migrate =       0.000 (       0.000,       0.000)
    pwmcos_migrate =       0.000 (       0.000,       0.000)
    pwmcosns_migr  =       0.000 (       0.000,       0.000)
    nonb_update    =       0.562 (       0.475,       0.773)

