****************************************************
*                                                  *
*                  GENESIS CGDYN                   *
*                                                  *
*        A Molecular Dynamics Simulator with       *
*           Spatial Decomposition Scheme           *
*                                                  *
*               Developed by RIKEN                 *
*                                                  *
****************************************************
 
[STEP0] Architecture and Compiler Information
 
GENESIS_Information> GENESIS Information
  version      = 2.0.0
  commit ID    = $GENESIS_VERSION$
  precision    = mixed 
  nonbonding   = CPU

Build_Information> Compiler Information
  build host   = jjwsmj@hokusai2
  fortran      = ifort (IFORT) 2021.7.1 20221019
  option       = 
  -axCORE-AVX512 -g -O3  -qmkl=parallel  -assume byterecl -qopenmp  
  C            = 
 icc: remark #10441: The Intel(R) C++ Compiler Classic (ICC) is deprecated and w
 ill be removed from product release in the second half of 2023. The Intel(R) on
 eAPI DPC++/C++ Compiler (ICX) is the recommended compiler moving forward. Pleas
 e transition to use this compiler. Use '-diag-disable=10441' to disable this me
 ssage.
  option       = -O3 -ip -axCORE-AVX2  -qopenmp 
  defined var. = 
  -DHAVE_MPI_GENESIS -DOMP -DIFORT19 -DFFTE -DLAPACK -DDSFMT_MEXP=19937 -DINTEL
  link option  = 
  -assume byterecl -lgfortran -qopenmp  -lmkl_intel_lp64 -lmkl_sequential -lmkl_
 core -lmkl_lapack95_lp64   
  MPI Compiler = Intel(R) MPI

Runtime_Information> Machine and Library Information
  date       = 2023/05/12 14:24:06
  cpu model    = Intel(R) Xeon(R) Gold 6148 CPU @ 2.40GHz
  exec. host   = jjwsmj@bwmpc0327
  LD library   = 
 /bwfefs/opt/x86_64/intel/oneapi/2022.3/mpi/2021.7.1/libfabric/lib:/bwfefs/opt/x
 86_64/intel/oneapi/2022.3/mpi/2021.7.1/lib/release:/bwfefs/opt/x86_64/intel/one
 api/2022.3/mpi/2021.7.1/lib:/bwfefs/opt/x86_64/intel/oneapi/2022.3/tbb/2021.7.1
 /lib/intel64/gcc4.8:/usr/lib64:/bwfefs/opt/x86_64/intel/oneapi/2022.3/vpl/2022.
 2.5/lib:/bwfefs/opt/x86_64/intel/oneapi/2022.3/mkl/latest/lib/intel64:/bwfefs/o
 pt/x86_64/intel/oneapi/2022.3/itac/2021.7.1/slib:/bwfefs/opt/x86_64/intel/oneap
 i/2022.3/ippcp/2021.6.2/lib/intel64:/bwfefs/opt/x86_64/intel/oneapi/2022.3/ipp/
 2021.6.2/lib/intel64:/bwfefs/opt/x86_64/intel/oneapi/2022.3/dnnl/2022.2.1/cpu_d
 pcpp_gpu_dpcpp/lib:/bwfefs/opt/x86_64/intel/oneapi/2022.3/dal/2021.7.1/lib/inte
 l64:/bwfefs/opt/x86_64/intel/oneapi/2022.3/compiler/2022.2.1/linux/compiler/lib
 :/bwfefs/opt/x86_64/intel/oneapi/2022.3/compiler/2022.2.1/linux/lib/oclfpga/hos
 t/linux64/lib:/bwfefs/opt/x86_64/intel/oneapi/2022.3/compiler/2022.2.1/linux/li
 b/oclfpga/linux64/lib:/bwfefs/opt/x86_64/intel/oneapi/2022.3/compiler/2022.2.1/
 linux/lib:/bwfefs/opt/x86_64/intel/oneapi/2022.3/compiler/2022.2.1/linux/lib/x6
 4:/bwfefs/opt/x86_64/intel/oneapi/2022.3/compiler/2022.2.1/linux/lib/emu:/bwfef
 s/opt/x86_64/intel/oneapi/2022.3/compiler/2022.2.1/linux/compiler/lib/intel64_l
 in:/bwfefs/opt/x86_64/intel/oneapi/2022.3/debugger/2021.7.1/dep/lib:/bwfefs/opt
 /x86_64/intel/oneapi/2022.3/debugger/2021.7.1/libipt/intel64/lib:/bwfefs/opt/x8
 6_64/intel/oneapi/2022.3/debugger/2021.7.1/gdb/intel64/lib:/bwfefs/opt/x86_64/
 MPI Runtime = Intel(R) MPI Library 2021.7 for Linux* OS


[STEP1] Read Control Parameters
 
Read_Ctrl_Input> Input Files
  grotopfile = dps_120.top
  grocrdfile = crd/dps_mul_4_5_6.gro
 
Read_Ctrl_Output> Output Files
 
Read_Ctrl_Energy> Parameters of Energy Calculations
  forcefield      =    RESIDCG
  output_style    =    GENESIS
 
Read_Ctrl_Dynamics> Parameters of MD simulation
  integrator      =       VVER  nsteps          =       2000
  timestep        =     0.0200  initial_time    =     0.0000
  eneout_period   =        100  rstout_period   =          0
  crdout_period   =          0  velout_period   =          0
  nbupdate_period =         20  stoptr_period   =         10
  lbupdate_period =          0
  iseed           =         -1
  annealing       =         no
  verbose         =         no
  target_md       =         no
  steered_md      =         no
 
Read_Ctrl_Ensemble> Parameters for Ensemble
  ensemble        =        NVT
  temperature     =    300.000
  tpcontrol       =   LANGEVIN
  gamma_t         =      1.000
 
Read_Ctrl_Boundary> Parameters of Boundary Condition
  type            =       PBC 
  box_size(x,y,z) =    450.000   550.000   650.000
  min_domain_cell =          2
 
Read_Ctrl_Selection> Parameters of Selection
  # of groups     =          0
  # of mole names =          0
 
Read_Ctrl_Restraints> No restraint in the system

Read_Ctrl_Fitting_MD> Parameters of Fitting
  fitting method  =  TR+ROT   
  fitting atom    = group1
  mass_weight     =         no
 
[STEP2] Setup MPI
 
Setup_Mpi_Md> Summary of Setup MPI
  number of MPI processes   =         16
  number of OpenMP threads  =          5
  total number of CPU cores =         80

[STEP3] Set Relevant Variables and Structures
 
Read_Grotop> Summary of Grotopfile
  num_moltypes    =          1
    dps_cg                :
      num_atoms   =       1853
      num_bonds   =       1841
      num_angls   =       3658
      num_dihes   =       3634
      num_cmaps   =          0
      num_excls   =      10717
      num_constrs =          0
      num_pairs   =      10717
      num_vsites2 =          0
      num_vsites3 =          0
      num_vsites4 =          0
      num_vsitesn =          0
      num_posress =          0
      num_PWMcos  =          0
      num_PWMcosns=          0
      num_IDR_HPS =          0
      num_IDR_KH  =          0
    .. not used molecule types were hidden.

  num_molecules   =        120
    dps_cg                :  120

  num_atomtypes   =         33  num_bondtypes   =          0
  num_angltypes   =          0  num_dihetypes   =          0
  num_flangltypes           20
  num_fldihetypes          400
  num_constrtypes =          0  num_cmaptypes   =          0
  num_nbonparms   =          0
  num_basestacktypes  =     16
  num_basepairtypes   =      4
  num_basecrosstypes  =     32
  num_cgdnaexvtypes   =      6
  num_cgelemolpairs   =      1
  num_cg_IDR_HPS_atomtypes  =     20
  num_cg_KH_atomtypes  =    20

  num_cg_pair_MJ_eps   =   400

Define_Molecule> Summary of molecules
  num_atoms       =     222360  num_bonds       =     220920
  num_angles      =     438960  num_dihedrals   =     436080
  num_impropers   =          0  num_cmap_terms  =          0
  num_residues    =     222360  num_molecules   =       1440
  num_segments    =          1  num_deg_freedom =     667080
  total_charge    = -10080.000
 
Setup_Boundary_Cell> Set Variables for Boundary Condition
  domains (x,y,z) =          2         2         4
  ncells (x,y,z)  =         15        19        22
 
Define_Enefunc_Gromacs> Number of Interactions in Each Term
  bond_ene        =     220920  angle_ene       =     219480
  flex_angle_ene  =     219480
  torsion_ene     =     438960
 restraint_groups =          0 restraint_funcs  =          0
 
Setup_Dynamics> Subtract 3 translational degrees of freedom
 
Update_Num_Deg_Freedom> Number of degrees of freedom was updated
  num_deg_freedom =     667077 (After removing translation)
 
Random_Init> Initialize the random number
  seed            = 842054

Setup_Fitting_cgdyn> NO fitting is applied, skip
  fitting method  =  NO
 
[STEP4] Compute Single Point Energy for Molecules
 
            STEP          ENERGY            BOND           ANGLE        DIHEDRAL  NATIVE_CONTACT NON-NATIVE_CONT           ELECT          CG_EXV
 --------------- --------------- --------------- --------------- ---------------
               0   -1763101.0381          0.0286    -615195.6883    -528964.5770    -621655.1396          0.0000       2708.5290          5.8093

[STEP5] Perform Molecular Dynamics Simulation
 
Initial_Velocity> Generate initial velocities
  iseed           =     842054
  temperature     =    300.000
 
Random_Init_Velocity> Initialize the random number
  seed            = 842054

INFO:       STEP            TIME       TOTAL_ENE   POTENTIAL_ENE     KINETIC_ENE            RMSG            BOND           ANGLE        DIHEDRAL  NATIVE_CONTACT          CG_EXV           ELECT     TEMPERATURE          VOLUME
 --------------- --------------- --------------- --------------- ---------------
INFO:          0          0.0000   -1563995.0264   -1763101.0381     199106.0118          0.7029          0.0286    -615195.6883    -528964.5770    -621655.1396          5.8093       2708.5290          0.0000  160875000.0000

INFO:        100          2.0000   -1395146.9486   -1561446.1707     166299.2221         11.3504      59434.1549    -547962.1414    -496369.5266    -579222.8652          6.6256       2667.5820        277.3020  160875000.0000

INFO:        200          4.0000   -1365596.1703   -1543637.4871     178041.3168         11.5876      62214.9788    -540966.9142    -493363.9317    -574177.9648          6.5422       2649.8027        294.8406  160875000.0000

INFO:        300          6.0000   -1358768.7459   -1538593.8996     179825.1538         11.6508      63193.5450    -538970.8207    -492679.6728    -572787.3633          6.5818       2643.8304        298.5984  160875000.0000

INFO:        400          8.0000   -1357462.8154   -1538211.7370     180748.9216         11.6398      63174.9113    -539032.9755    -492361.0194    -572647.9165          6.7730       2648.4902        299.4617  160875000.0000

INFO:        500         10.0000   -1357093.4305   -1538356.3680     181262.9376         11.6549      63574.3008    -539150.6751    -492674.0772    -572759.2637          6.8235       2646.5237        300.3407  160875000.0000

INFO:        600         12.0000   -1356819.2342   -1538199.3430     181380.1088         11.6446      63235.8961    -539047.8825    -492501.7108    -572541.9326          7.2225       2649.0643        300.4859  160875000.0000

INFO:        700         14.0000   -1356731.5684   -1537798.1552     181066.5869         11.6493      63296.1473    -538846.2130    -492292.4388    -572607.5723          7.1313       2644.7902        300.3857  160875000.0000

INFO:        800         16.0000   -1356234.3457   -1537538.6606     181304.3149         11.6589      63547.6412    -538778.9078    -492449.5126    -572509.3315          7.1946       2644.2555        300.3943  160875000.0000

INFO:        900         18.0000   -1356747.9193   -1538140.1801     181392.2608         11.6535      63186.2988    -538972.8092    -492639.3060    -572361.0400          7.7892       2638.8872        300.5605  160875000.0000

INFO:       1000         20.0000   -1356660.8199   -1537484.4053     180823.5855         11.6555      63199.6566    -538642.4955    -492400.8641    -572291.2642          7.3251       2643.2368        299.8067  160875000.0000

INFO:       1100         22.0000   -1356449.8262   -1537637.3800     181187.5538         11.6742      63464.2139    -538815.1802    -492486.9554    -572451.6606          7.4184       2644.7840        300.4540  160875000.0000

INFO:       1200         24.0000   -1357075.9081   -1537938.0869     180862.1788         11.6558      63345.5936    -539055.3144    -492347.9640    -572536.0488          7.3111       2648.3357        300.0614  160875000.0000

INFO:       1300         26.0000   -1356849.8579   -1537847.0680     180997.2101         11.6548      63327.1501    -538969.2205    -492482.7879    -572375.1821          7.9994       2644.9730        300.2590  160875000.0000

INFO:       1400         28.0000   -1356414.9254   -1537946.8080     181531.8826         11.6323      63072.3361    -538916.9285    -492422.4558    -572330.7100          7.2611       2643.6890        300.5152  160875000.0000

INFO:       1500         30.0000   -1356291.6142   -1537763.9898     181472.3756         11.6601      63380.8040    -539078.6980    -492327.4231    -572387.5854          7.2491       2641.6637        300.2057  160875000.0000

INFO:       1600         32.0000   -1356298.5026   -1537483.7451     181185.2425         11.6473      63193.5289    -538710.1423    -492244.1172    -572379.5933          7.9445       2648.6343        300.7434  160875000.0000

INFO:       1700         34.0000   -1356264.6712   -1537430.3314     181165.6602         11.6607      63496.4256    -538811.3072    -492380.5395    -572386.3569          8.0323       2643.4144        300.0072  160875000.0000

INFO:       1800         36.0000   -1355748.8302   -1536887.3390     181138.5088         11.6676      63465.3828    -538501.3121    -492403.2076    -572099.2646          8.0901       2642.9724        300.5536  160875000.0000

INFO:       1900         38.0000   -1356670.4635   -1537833.4737     181163.0102         11.6518      63204.9127    -539122.1203    -492465.5304    -572098.3296          7.3196       2640.2744        300.0484  160875000.0000

INFO:       2000         40.0000   -1355681.4889   -1537237.6908     181556.2019         11.6633      63639.6896    -538890.9087    -492347.7086    -572292.7910          7.6833       2646.3445        301.1628  160875000.0000

 
[STEP6] Deallocate Arrays
 
Output_Time> Averaged timer profile (Min, Max)
  total time      =      35.246
    setup         =       2.973
    dynamics      =      32.273
      energy      =      23.087
      integrator  =       6.462
      migration   =       0.784
      pairlist    =       1.948 (       1.619,       2.787)
  energy           
    bond          =       0.508 (       0.407,       0.652)
    angle         =       2.705 (       1.998,       4.237)
    dihedral      =       3.253 (       2.466,       4.761)
    base stacking =       0.000 (       0.000,       0.000)
    nonbond       =       9.061 (       7.268,      12.185)
      CG exv      =       0.964 (       0.788,       1.338)
      CG DNA bp   =       0.000 (       0.000,       0.000)
      CG DNA exv  =       0.000 (       0.000,       0.000)
      CG ele      =       5.576 (       4.491,       7.459)
      CG PWMcos   =       0.000 (       0.000,       0.000)
      CG PWMcosns =       0.000 (       0.000,       0.000)
      CG IDR-HPS  =       0.000 (       0.000,       0.000)
      CG IDR-KH   =       0.000 (       0.000,       0.000)
      CG KH       =       0.000 (       0.000,       0.000)
      Contact     =       2.521 (       1.903,       3.428)
      pme real    =       0.000 (       0.000,       0.000)
      pme recip   =       0.000 (       0.000,       0.000)
    solvation     =       0.000 (       0.000,       0.000)
      polar       =       0.000 (       0.000,       0.000)
      non-polar   =       0.000 (       0.000,       0.000)
    restraint     =       0.000 (       0.000,       0.000)
    qmmm          =       0.000 (       0.000,       0.000)
    morph         =       0.000 (       0.000,       0.000)
  integrator       
    constraint    =       0.000 (       0.000,       0.000)
    update        =       0.000 (       0.000,       0.000)
    comm_coord    =       2.527 (       0.632,       3.649)
    comm_force    =       0.669 (       0.633,       0.728)
  migration       =       0.784 (       0.784,       0.784)
    comm_migrate  =       0.136 (       0.110,       0.148)
    ptl_migrate   =       0.019 (       0.016,       0.027)
    bond_migrate  =       0.004 (       0.003,       0.005)
    angl_migrate  =       0.007 (       0.007,       0.009)
    dihe_migrate  =       0.007 (       0.006,       0.010)
    contact_migr  =       0.045 (       0.039,       0.058)
    stack_migrate =       0.000 (       0.000,       0.000)
    pwmcos_migrate =       0.000 (       0.000,       0.000)
    pwmcosns_migr  =       0.000 (       0.000,       0.000)
    nonb_update    =       0.561 (       0.479,       0.764)

