****************************************************
*                                                  *
*                  GENESIS CGDYN                   *
*                                                  *
*        A Molecular Dynamics Simulator with       *
*           Spatial Decomposition Scheme           *
*                                                  *
*               Developed by RIKEN                 *
*                                                  *
****************************************************
 
[STEP0] Architecture and Compiler Information
 
GENESIS_Information> GENESIS Information
  version      = 2.0.0
  commit ID    = $GENESIS_VERSION$
  precision    = mixed 
  nonbonding   = CPU

Build_Information> Compiler Information
  build host   = jjwsmj@hokusai2
  fortran      = ifort (IFORT) 2021.7.1 20221019
  option       = 
  -axCORE-AVX512 -g -O3  -qmkl=parallel  -assume byterecl -qopenmp  
  C            = 
 icc: remark #10441: The Intel(R) C++ Compiler Classic (ICC) is deprecated and w
 ill be removed from product release in the second half of 2023. The Intel(R) on
 eAPI DPC++/C++ Compiler (ICX) is the recommended compiler moving forward. Pleas
 e transition to use this compiler. Use '-diag-disable=10441' to disable this me
 ssage.
  option       = -O3 -ip -axCORE-AVX2  -qopenmp 
  defined var. = 
  -DHAVE_MPI_GENESIS -DOMP -DIFORT19 -DFFTE -DLAPACK -DDSFMT_MEXP=19937 -DINTEL
  link option  = 
  -assume byterecl -lgfortran -qopenmp  -lmkl_intel_lp64 -lmkl_sequential -lmkl_
 core -lmkl_lapack95_lp64   
  MPI Compiler = Intel(R) MPI

Runtime_Information> Machine and Library Information
  date       = 2023/05/12 14:24:04
  cpu model    = Intel(R) Xeon(R) Gold 6148 CPU @ 2.40GHz
  exec. host   = jjwsmj@bwmpc0318
  LD library   = 
 /bwfefs/opt/x86_64/intel/oneapi/2022.3/mpi/2021.7.1/libfabric/lib:/bwfefs/opt/x
 86_64/intel/oneapi/2022.3/mpi/2021.7.1/lib/release:/bwfefs/opt/x86_64/intel/one
 api/2022.3/mpi/2021.7.1/lib:/bwfefs/opt/x86_64/intel/oneapi/2022.3/tbb/2021.7.1
 /lib/intel64/gcc4.8:/usr/lib64:/bwfefs/opt/x86_64/intel/oneapi/2022.3/vpl/2022.
 2.5/lib:/bwfefs/opt/x86_64/intel/oneapi/2022.3/mkl/latest/lib/intel64:/bwfefs/o
 pt/x86_64/intel/oneapi/2022.3/itac/2021.7.1/slib:/bwfefs/opt/x86_64/intel/oneap
 i/2022.3/ippcp/2021.6.2/lib/intel64:/bwfefs/opt/x86_64/intel/oneapi/2022.3/ipp/
 2021.6.2/lib/intel64:/bwfefs/opt/x86_64/intel/oneapi/2022.3/dnnl/2022.2.1/cpu_d
 pcpp_gpu_dpcpp/lib:/bwfefs/opt/x86_64/intel/oneapi/2022.3/dal/2021.7.1/lib/inte
 l64:/bwfefs/opt/x86_64/intel/oneapi/2022.3/compiler/2022.2.1/linux/compiler/lib
 :/bwfefs/opt/x86_64/intel/oneapi/2022.3/compiler/2022.2.1/linux/lib/oclfpga/hos
 t/linux64/lib:/bwfefs/opt/x86_64/intel/oneapi/2022.3/compiler/2022.2.1/linux/li
 b/oclfpga/linux64/lib:/bwfefs/opt/x86_64/intel/oneapi/2022.3/compiler/2022.2.1/
 linux/lib:/bwfefs/opt/x86_64/intel/oneapi/2022.3/compiler/2022.2.1/linux/lib/x6
 4:/bwfefs/opt/x86_64/intel/oneapi/2022.3/compiler/2022.2.1/linux/lib/emu:/bwfef
 s/opt/x86_64/intel/oneapi/2022.3/compiler/2022.2.1/linux/compiler/lib/intel64_l
 in:/bwfefs/opt/x86_64/intel/oneapi/2022.3/debugger/2021.7.1/dep/lib:/bwfefs/opt
 /x86_64/intel/oneapi/2022.3/debugger/2021.7.1/libipt/intel64/lib:/bwfefs/opt/x8
 6_64/intel/oneapi/2022.3/debugger/2021.7.1/gdb/intel64/lib:/bwfefs/opt/x86_64/
 MPI Runtime = Intel(R) MPI Library 2021.7 for Linux* OS


[STEP1] Read Control Parameters
 
Read_Ctrl_Input> Input Files
  grotopfile = dps_120.top
  grocrdfile = crd/dps_mul_4_5_6.gro
 
Read_Ctrl_Output> Output Files
 
Read_Ctrl_Energy> Parameters of Energy Calculations
  forcefield      =    RESIDCG
  output_style    =    GENESIS
 
Read_Ctrl_Dynamics> Parameters of MD simulation
  integrator      =       VVER  nsteps          =       2000
  timestep        =     0.0200  initial_time    =     0.0000
  eneout_period   =        100  rstout_period   =          0
  crdout_period   =          0  velout_period   =          0
  nbupdate_period =         20  stoptr_period   =         10
  lbupdate_period =          0
  iseed           =         -1
  annealing       =         no
  verbose         =         no
  target_md       =         no
  steered_md      =         no
 
Read_Ctrl_Ensemble> Parameters for Ensemble
  ensemble        =        NVT
  temperature     =    300.000
  tpcontrol       =   LANGEVIN
  gamma_t         =      1.000
 
Read_Ctrl_Boundary> Parameters of Boundary Condition
  type            =       PBC 
  box_size(x,y,z) =    450.000   550.000   650.000
  min_domain_cell =          2
 
Read_Ctrl_Selection> Parameters of Selection
  # of groups     =          0
  # of mole names =          0
 
Read_Ctrl_Restraints> No restraint in the system

Read_Ctrl_Fitting_MD> Parameters of Fitting
  fitting method  =  TR+ROT   
  fitting atom    = group1
  mass_weight     =         no
 
[STEP2] Setup MPI
 
Setup_Mpi_Md> Summary of Setup MPI
  number of MPI processes   =         16
  number of OpenMP threads  =          5
  total number of CPU cores =         80

[STEP3] Set Relevant Variables and Structures
 
Read_Grotop> Summary of Grotopfile
  num_moltypes    =          1
    dps_cg                :
      num_atoms   =       1853
      num_bonds   =       1841
      num_angls   =       3658
      num_dihes   =       3634
      num_cmaps   =          0
      num_excls   =      10717
      num_constrs =          0
      num_pairs   =      10717
      num_vsites2 =          0
      num_vsites3 =          0
      num_vsites4 =          0
      num_vsitesn =          0
      num_posress =          0
      num_PWMcos  =          0
      num_PWMcosns=          0
      num_IDR_HPS =          0
      num_IDR_KH  =          0
    .. not used molecule types were hidden.

  num_molecules   =        120
    dps_cg                :  120

  num_atomtypes   =         33  num_bondtypes   =          0
  num_angltypes   =          0  num_dihetypes   =          0
  num_flangltypes           20
  num_fldihetypes          400
  num_constrtypes =          0  num_cmaptypes   =          0
  num_nbonparms   =          0
  num_basestacktypes  =     16
  num_basepairtypes   =      4
  num_basecrosstypes  =     32
  num_cgdnaexvtypes   =      6
  num_cgelemolpairs   =      1
  num_cg_IDR_HPS_atomtypes  =     20
  num_cg_KH_atomtypes  =    20

  num_cg_pair_MJ_eps   =   400

Define_Molecule> Summary of molecules
  num_atoms       =     222360  num_bonds       =     220920
  num_angles      =     438960  num_dihedrals   =     436080
  num_impropers   =          0  num_cmap_terms  =          0
  num_residues    =     222360  num_molecules   =       1440
  num_segments    =          1  num_deg_freedom =     667080
  total_charge    = -10080.000
 
Setup_Boundary_Cell> Set Variables for Boundary Condition
  domains (x,y,z) =          2         2         4
  ncells (x,y,z)  =         15        19        22
 
Define_Enefunc_Gromacs> Number of Interactions in Each Term
  bond_ene        =     220920  angle_ene       =     219480
  flex_angle_ene  =     219480
  torsion_ene     =     438960
 restraint_groups =          0 restraint_funcs  =          0
 
Setup_Dynamics> Subtract 3 translational degrees of freedom
 
Update_Num_Deg_Freedom> Number of degrees of freedom was updated
  num_deg_freedom =     667077 (After removing translation)
 
Random_Init> Initialize the random number
  seed            = 100954

Setup_Fitting_cgdyn> NO fitting is applied, skip
  fitting method  =  NO
 
[STEP4] Compute Single Point Energy for Molecules
 
            STEP          ENERGY            BOND           ANGLE        DIHEDRAL  NATIVE_CONTACT NON-NATIVE_CONT           ELECT          CG_EXV
 --------------- --------------- --------------- --------------- ---------------
               0   -1763101.0381          0.0286    -615195.6883    -528964.5770    -621655.1396          0.0000       2708.5290          5.8093

[STEP5] Perform Molecular Dynamics Simulation
 
Initial_Velocity> Generate initial velocities
  iseed           =     100954
  temperature     =    300.000
 
Random_Init_Velocity> Initialize the random number
  seed            = 100954

INFO:       STEP            TIME       TOTAL_ENE   POTENTIAL_ENE     KINETIC_ENE            RMSG            BOND           ANGLE        DIHEDRAL  NATIVE_CONTACT          CG_EXV           ELECT     TEMPERATURE          VOLUME
 --------------- --------------- --------------- --------------- ---------------
INFO:          0          0.0000   -1564213.3592   -1763101.0381     198887.6789          0.7029          0.0286    -615195.6883    -528964.5770    -621655.1396          5.8093       2708.5290          0.0000  160875000.0000

INFO:        100          2.0000   -1394493.3632   -1561512.2933     167018.9300         11.3288      59068.8838    -547479.8120    -496455.3292    -579321.1812          6.4687       2668.6766        278.7578  160875000.0000

INFO:        200          4.0000   -1365055.7393   -1542889.9997     177834.2603         11.5914      62629.5197    -540678.8922    -493158.8609    -574330.5156          6.5379       2642.2115        295.5233  160875000.0000

INFO:        300          6.0000   -1358038.7013   -1538663.4884     180624.7871         11.6464      63195.7752    -538833.4410    -492573.3972    -573102.2725          6.5933       2643.2538        299.3951  160875000.0000

INFO:        400          8.0000   -1356718.1991   -1538030.6803     181312.4812         11.6482      63268.1084    -538872.1575    -492634.9796    -572441.8457          6.4224       2643.7717        300.5468  160875000.0000

INFO:        500         10.0000   -1357358.3897   -1538091.3473     180732.9576         11.6425      63029.5739    -538735.1676    -492464.8537    -572571.3652          6.5048       2643.9606        299.4555  160875000.0000

INFO:        600         12.0000   -1357601.3960   -1538266.6424     180665.2465         11.6475      63062.8585    -538902.0701    -492510.6493    -572565.8604          6.8791       2642.1997        299.5874  160875000.0000

INFO:        700         14.0000   -1356827.4206   -1538061.2688     181233.8482         11.6518      63274.5762    -538969.8452    -492469.3287    -572545.9790          9.2165       2640.0913        300.0394  160875000.0000

INFO:        800         16.0000   -1356798.7782   -1537689.4703     180890.6921         11.6823      63714.7297    -539195.0190    -492284.2754    -572579.3926          6.8499       2647.6370        299.9419  160875000.0000

INFO:        900         18.0000   -1356466.1254   -1537714.5187     181248.3934         11.6496      63219.1772    -538897.1936    -492432.3887    -572254.3286          6.9880       2643.2270        299.8434  160875000.0000

INFO:       1000         20.0000   -1356389.3393   -1537350.8742     180961.5348         11.6668      63352.2439    -538858.8736    -492205.0391    -572285.2222          7.3828       2638.6339        299.7511  160875000.0000

INFO:       1100         22.0000   -1355993.8848   -1537330.8527     181336.9679         11.6762      63388.3131    -538628.6132    -492241.8141    -572505.8213          7.5205       2649.5623        300.6212  160875000.0000

INFO:       1200         24.0000   -1355394.5886   -1536922.2645     181527.6760         11.6674      63326.1360    -538306.7066    -492235.1852    -572366.3228          7.6901       2652.1240        301.1268  160875000.0000

INFO:       1300         26.0000   -1357206.5894   -1538017.9626     180811.3732         11.6694      63365.4087    -539094.3227    -492528.1864    -572416.9585          7.6836       2648.4126        299.5091  160875000.0000

INFO:       1400         28.0000   -1357214.7836   -1538193.2640     180978.4804         11.6494      63169.9367    -539028.8263    -492382.7127    -572603.3945          7.3805       2644.3523        299.7758  160875000.0000

INFO:       1500         30.0000   -1356457.7007   -1537784.3595     181326.6589         11.6423      63045.2891    -538619.9960    -492399.3166    -572460.8062          8.3803       2642.0898        300.0317  160875000.0000

INFO:       1600         32.0000   -1356159.5952   -1537517.9441     181358.3489         11.6749      63509.3253    -538829.4606    -492375.6855    -572473.9653          8.6251       2643.2170        299.9795  160875000.0000

INFO:       1700         34.0000   -1356246.0365   -1537182.4441     180936.4076         11.6585      63191.8990    -538532.6349    -492179.9969    -572313.1475          7.6778       2643.7583        299.7228  160875000.0000

INFO:       1800         36.0000   -1356409.9759   -1537646.6398     181236.6639         11.6212      62898.0934    -538605.4457    -492339.5597    -572249.9414          7.6731       2642.5404        300.0129  160875000.0000

INFO:       1900         38.0000   -1355757.6786   -1537008.7483     181251.0698         11.6730      63580.8578    -538650.8724    -492492.1943    -572097.5034          7.7278       2643.2361        300.6243  160875000.0000

INFO:       2000         40.0000   -1356249.4793   -1537542.4866     181293.0073         11.6658      63465.3431    -538802.1260    -492423.8920    -572429.2944          7.2520       2640.2307        300.4189  160875000.0000

 
[STEP6] Deallocate Arrays
 
Output_Time> Averaged timer profile (Min, Max)
  total time      =      35.886
    setup         =       2.960
    dynamics      =      32.926
      energy      =      23.903
      integrator  =       6.421
      migration   =       0.751
      pairlist    =       1.854 (       1.555,       2.670)
  energy           
    bond          =       0.501 (       0.410,       0.724)
    angle         =       2.703 (       1.828,       3.831)
    dihedral      =       3.258 (       2.479,       4.634)
    base stacking =       0.000 (       0.000,       0.000)
    nonbond       =       9.106 (       7.367,      13.433)
      CG exv      =       0.967 (       0.804,       1.344)
      CG DNA bp   =       0.000 (       0.000,       0.000)
      CG DNA exv  =       0.000 (       0.000,       0.000)
      CG ele      =       5.669 (       4.628,       8.365)
      CG PWMcos   =       0.000 (       0.000,       0.000)
      CG PWMcosns =       0.000 (       0.000,       0.000)
      CG IDR-HPS  =       0.000 (       0.000,       0.000)
      CG IDR-KH   =       0.000 (       0.000,       0.000)
      CG KH       =       0.000 (       0.000,       0.000)
      Contact     =       2.470 (       1.932,       3.724)
      pme real    =       0.000 (       0.000,       0.000)
      pme recip   =       0.000 (       0.000,       0.000)
    solvation     =       0.000 (       0.000,       0.000)
      polar       =       0.000 (       0.000,       0.000)
      non-polar   =       0.000 (       0.000,       0.000)
    restraint     =       0.000 (       0.000,       0.000)
    qmmm          =       0.000 (       0.000,       0.000)
    morph         =       0.000 (       0.000,       0.000)
  integrator       
    constraint    =       0.000 (       0.000,       0.000)
    update        =       0.000 (       0.000,       0.000)
    comm_coord    =       2.494 (       0.654,       3.566)
    comm_force    =       0.661 (       0.618,       0.722)
  migration       =       0.751 (       0.751,       0.751)
    comm_migrate  =       0.131 (       0.106,       0.143)
    ptl_migrate   =       0.018 (       0.015,       0.026)
    bond_migrate  =       0.003 (       0.003,       0.004)
    angl_migrate  =       0.007 (       0.006,       0.009)
    dihe_migrate  =       0.007 (       0.006,       0.009)
    contact_migr  =       0.043 (       0.036,       0.055)
    stack_migrate =       0.000 (       0.000,       0.000)
    pwmcos_migrate =       0.000 (       0.000,       0.000)
    pwmcosns_migr  =       0.000 (       0.000,       0.000)
    nonb_update    =       0.544 (       0.464,       0.743)

