****************************************************
*                                                  *
*                  GENESIS CGDYN                   *
*                                                  *
*        A Molecular Dynamics Simulator with       *
*           Spatial Decomposition Scheme           *
*                                                  *
*               Developed by RIKEN                 *
*                                                  *
****************************************************
 
[STEP0] Architecture and Compiler Information
 
GENESIS_Information> GENESIS Information
  version      = 2.0.0
  commit ID    = $GENESIS_VERSION$
  precision    = mixed 
  nonbonding   = CPU

Build_Information> Compiler Information
  build host   = jjwsmj@hokusai2
  fortran      = ifort (IFORT) 2021.7.1 20221019
  option       = 
  -axCORE-AVX512 -g -O3  -qmkl=parallel  -assume byterecl -qopenmp  
  C            = 
 icc: remark #10441: The Intel(R) C++ Compiler Classic (ICC) is deprecated and w
 ill be removed from product release in the second half of 2023. The Intel(R) on
 eAPI DPC++/C++ Compiler (ICX) is the recommended compiler moving forward. Pleas
 e transition to use this compiler. Use '-diag-disable=10441' to disable this me
 ssage.
  option       = -O3 -ip -axCORE-AVX2  -qopenmp 
  defined var. = 
  -DHAVE_MPI_GENESIS -DOMP -DIFORT19 -DFFTE -DLAPACK -DDSFMT_MEXP=19937 -DINTEL
  link option  = 
  -assume byterecl -lgfortran -qopenmp  -lmkl_intel_lp64 -lmkl_sequential -lmkl_
 core -lmkl_lapack95_lp64   
  MPI Compiler = Intel(R) MPI

Runtime_Information> Machine and Library Information
  date       = 2023/05/12 14:24:04
  cpu model    = Intel(R) Xeon(R) Gold 6148 CPU @ 2.40GHz
  exec. host   = jjwsmj@bwmpc0316
  LD library   = 
 /bwfefs/opt/x86_64/intel/oneapi/2022.3/mpi/2021.7.1/libfabric/lib:/bwfefs/opt/x
 86_64/intel/oneapi/2022.3/mpi/2021.7.1/lib/release:/bwfefs/opt/x86_64/intel/one
 api/2022.3/mpi/2021.7.1/lib:/bwfefs/opt/x86_64/intel/oneapi/2022.3/tbb/2021.7.1
 /lib/intel64/gcc4.8:/usr/lib64:/bwfefs/opt/x86_64/intel/oneapi/2022.3/vpl/2022.
 2.5/lib:/bwfefs/opt/x86_64/intel/oneapi/2022.3/mkl/latest/lib/intel64:/bwfefs/o
 pt/x86_64/intel/oneapi/2022.3/itac/2021.7.1/slib:/bwfefs/opt/x86_64/intel/oneap
 i/2022.3/ippcp/2021.6.2/lib/intel64:/bwfefs/opt/x86_64/intel/oneapi/2022.3/ipp/
 2021.6.2/lib/intel64:/bwfefs/opt/x86_64/intel/oneapi/2022.3/dnnl/2022.2.1/cpu_d
 pcpp_gpu_dpcpp/lib:/bwfefs/opt/x86_64/intel/oneapi/2022.3/dal/2021.7.1/lib/inte
 l64:/bwfefs/opt/x86_64/intel/oneapi/2022.3/compiler/2022.2.1/linux/compiler/lib
 :/bwfefs/opt/x86_64/intel/oneapi/2022.3/compiler/2022.2.1/linux/lib/oclfpga/hos
 t/linux64/lib:/bwfefs/opt/x86_64/intel/oneapi/2022.3/compiler/2022.2.1/linux/li
 b/oclfpga/linux64/lib:/bwfefs/opt/x86_64/intel/oneapi/2022.3/compiler/2022.2.1/
 linux/lib:/bwfefs/opt/x86_64/intel/oneapi/2022.3/compiler/2022.2.1/linux/lib/x6
 4:/bwfefs/opt/x86_64/intel/oneapi/2022.3/compiler/2022.2.1/linux/lib/emu:/bwfef
 s/opt/x86_64/intel/oneapi/2022.3/compiler/2022.2.1/linux/compiler/lib/intel64_l
 in:/bwfefs/opt/x86_64/intel/oneapi/2022.3/debugger/2021.7.1/dep/lib:/bwfefs/opt
 /x86_64/intel/oneapi/2022.3/debugger/2021.7.1/libipt/intel64/lib:/bwfefs/opt/x8
 6_64/intel/oneapi/2022.3/debugger/2021.7.1/gdb/intel64/lib:/bwfefs/opt/x86_64/
 MPI Runtime = Intel(R) MPI Library 2021.7 for Linux* OS


[STEP1] Read Control Parameters
 
Read_Ctrl_Input> Input Files
  grotopfile = dps_120.top
  grocrdfile = crd/dps_mul_4_5_6.gro
 
Read_Ctrl_Output> Output Files
 
Read_Ctrl_Energy> Parameters of Energy Calculations
  forcefield      =    RESIDCG
  output_style    =    GENESIS
 
Read_Ctrl_Dynamics> Parameters of MD simulation
  integrator      =       VVER  nsteps          =       2000
  timestep        =     0.0200  initial_time    =     0.0000
  eneout_period   =        100  rstout_period   =          0
  crdout_period   =          0  velout_period   =          0
  nbupdate_period =         20  stoptr_period   =         10
  lbupdate_period =          0
  iseed           =         -1
  annealing       =         no
  verbose         =         no
  target_md       =         no
  steered_md      =         no
 
Read_Ctrl_Ensemble> Parameters for Ensemble
  ensemble        =        NVT
  temperature     =    300.000
  tpcontrol       =   LANGEVIN
  gamma_t         =      1.000
 
Read_Ctrl_Boundary> Parameters of Boundary Condition
  type            =       PBC 
  box_size(x,y,z) =    450.000   550.000   650.000
  min_domain_cell =          2
 
Read_Ctrl_Selection> Parameters of Selection
  # of groups     =          0
  # of mole names =          0
 
Read_Ctrl_Restraints> No restraint in the system

Read_Ctrl_Fitting_MD> Parameters of Fitting
  fitting method  =  TR+ROT   
  fitting atom    = group1
  mass_weight     =         no
 
[STEP2] Setup MPI
 
Setup_Mpi_Md> Summary of Setup MPI
  number of MPI processes   =         16
  number of OpenMP threads  =          5
  total number of CPU cores =         80

[STEP3] Set Relevant Variables and Structures
 
Read_Grotop> Summary of Grotopfile
  num_moltypes    =          1
    dps_cg                :
      num_atoms   =       1853
      num_bonds   =       1841
      num_angls   =       3658
      num_dihes   =       3634
      num_cmaps   =          0
      num_excls   =      10717
      num_constrs =          0
      num_pairs   =      10717
      num_vsites2 =          0
      num_vsites3 =          0
      num_vsites4 =          0
      num_vsitesn =          0
      num_posress =          0
      num_PWMcos  =          0
      num_PWMcosns=          0
      num_IDR_HPS =          0
      num_IDR_KH  =          0
    .. not used molecule types were hidden.

  num_molecules   =        120
    dps_cg                :  120

  num_atomtypes   =         33  num_bondtypes   =          0
  num_angltypes   =          0  num_dihetypes   =          0
  num_flangltypes           20
  num_fldihetypes          400
  num_constrtypes =          0  num_cmaptypes   =          0
  num_nbonparms   =          0
  num_basestacktypes  =     16
  num_basepairtypes   =      4
  num_basecrosstypes  =     32
  num_cgdnaexvtypes   =      6
  num_cgelemolpairs   =      1
  num_cg_IDR_HPS_atomtypes  =     20
  num_cg_KH_atomtypes  =    20

  num_cg_pair_MJ_eps   =   400

Define_Molecule> Summary of molecules
  num_atoms       =     222360  num_bonds       =     220920
  num_angles      =     438960  num_dihedrals   =     436080
  num_impropers   =          0  num_cmap_terms  =          0
  num_residues    =     222360  num_molecules   =       1440
  num_segments    =          1  num_deg_freedom =     667080
  total_charge    = -10080.000
 
Setup_Boundary_Cell> Set Variables for Boundary Condition
  domains (x,y,z) =          2         2         4
  ncells (x,y,z)  =         15        19        22
 
Define_Enefunc_Gromacs> Number of Interactions in Each Term
  bond_ene        =     220920  angle_ene       =     219480
  flex_angle_ene  =     219480
  torsion_ene     =     438960
 restraint_groups =          0 restraint_funcs  =          0
 
Setup_Dynamics> Subtract 3 translational degrees of freedom
 
Update_Num_Deg_Freedom> Number of degrees of freedom was updated
  num_deg_freedom =     667077 (After removing translation)
 
Random_Init> Initialize the random number
  seed            = 938854

Setup_Fitting_cgdyn> NO fitting is applied, skip
  fitting method  =  NO
 
[STEP4] Compute Single Point Energy for Molecules
 
            STEP          ENERGY            BOND           ANGLE        DIHEDRAL  NATIVE_CONTACT NON-NATIVE_CONT           ELECT          CG_EXV
 --------------- --------------- --------------- --------------- ---------------
               0   -1763101.0381          0.0286    -615195.6883    -528964.5770    -621655.1396          0.0000       2708.5290          5.8093

[STEP5] Perform Molecular Dynamics Simulation
 
Initial_Velocity> Generate initial velocities
  iseed           =     938854
  temperature     =    300.000
 
Random_Init_Velocity> Initialize the random number
  seed            = 938854

INFO:       STEP            TIME       TOTAL_ENE   POTENTIAL_ENE     KINETIC_ENE            RMSG            BOND           ANGLE        DIHEDRAL  NATIVE_CONTACT          CG_EXV           ELECT     TEMPERATURE          VOLUME
 --------------- --------------- --------------- --------------- ---------------
INFO:          0          0.0000   -1564180.2997   -1763101.0381     198920.7384          0.7029          0.0286    -615195.6883    -528964.5770    -621655.1396          5.8093       2708.5290          0.0000  160875000.0000

INFO:        100          2.0000   -1395367.7734   -1561535.0469     166167.2735         11.3448      59404.1252    -547995.9532    -496457.9949    -579159.2993          6.5655       2667.5098        276.9922  160875000.0000

INFO:        200          4.0000   -1366116.0994   -1543948.7252     177832.6259         11.5944      62505.4139    -541119.4218    -493388.8098    -574602.2896          6.4973       2649.8846        294.9380  160875000.0000

INFO:        300          6.0000   -1359053.8502   -1539285.9906     180232.1404         11.6213      62885.5178    -539185.5404    -492805.7812    -572834.5156          6.5897       2647.7391        298.9476  160875000.0000

INFO:        400          8.0000   -1357004.1423   -1538122.0020     181117.8597         11.6386      63074.3298    -539172.1133    -492320.7708    -572355.8301          6.4957       2645.8866        299.7717  160875000.0000

INFO:        500         10.0000   -1357808.3683   -1538355.2998     180546.9316         11.6526      63257.2015    -539210.0512    -492499.2484    -572554.0752          6.7204       2644.1531        299.0410  160875000.0000

INFO:        600         12.0000   -1357085.1517   -1537740.7497     180655.5980         11.6634      63537.6401    -539431.2643    -492249.1520    -572247.0146          6.5962       2642.4449        299.1799  160875000.0000

INFO:        700         14.0000   -1356287.9226   -1537097.9028     180809.9802         11.6781      63586.2617    -538526.7737    -492324.8502    -572481.7363          7.0719       2642.1240        300.0487  160875000.0000

INFO:        800         16.0000   -1357067.2720   -1537947.4120     180880.1400         11.6789      63642.6326    -539175.9095    -492543.9565    -572528.1846          6.9113       2651.0946        299.6058  160875000.0000

INFO:        900         18.0000   -1356191.3382   -1537342.1161     181150.7778         11.6776      63535.8364    -538791.0479    -492492.0555    -572247.2261          7.8676       2644.5094        300.2755  160875000.0000

INFO:       1000         20.0000   -1355552.4169   -1536966.6048     181414.1879         11.6835      63585.1323    -538679.9970    -492381.6686    -572146.1851          8.4780       2647.6355        301.0684  160875000.0000

INFO:       1100         22.0000   -1357264.4639   -1538207.8223     180943.3583         11.6508      63366.6024    -539238.8550    -492404.2354    -572577.7271          7.0489       2639.3440        299.5482  160875000.0000

INFO:       1200         24.0000   -1356825.6534   -1537659.8238     180834.1705         11.6682      63449.2538    -538829.4142    -492463.9520    -572465.7827          7.8945       2642.1767        299.7354  160875000.0000

INFO:       1300         26.0000   -1356681.1862   -1537592.4018     180911.2156         11.6514      63377.1349    -538878.0416    -492311.7006    -572431.8667          7.2556       2644.8165        299.6604  160875000.0000

INFO:       1400         28.0000   -1356364.8767   -1537633.3363     181268.4597         11.6648      63410.3250    -538785.1779    -492612.5822    -572297.7637          7.3612       2644.5012        300.4085  160875000.0000

INFO:       1500         30.0000   -1356690.7334   -1537118.9211     180428.1877         11.6766      63629.3284    -538571.7482    -492436.6518    -572394.2808          8.6466       2645.7846        299.1301  160875000.0000

INFO:       1600         32.0000   -1356141.9759   -1537491.7977     181349.8218         11.6639      63575.4901    -539014.5421    -492339.8566    -572364.1831          7.4072       2643.8869        300.5884  160875000.0000

INFO:       1700         34.0000   -1355973.4359   -1537533.0343     181559.5984         11.6522      63233.3984    -538752.6652    -492373.3895    -572294.8135          7.2729       2647.1626        301.2550  160875000.0000

INFO:       1800         36.0000   -1356619.2962   -1537890.4325     181271.1363         11.6293      62970.3861    -538710.9453    -492436.9299    -572361.9277          7.9635       2641.0209        300.4301  160875000.0000

INFO:       1900         38.0000   -1357233.1655   -1538065.2464     180832.0810         11.6694      63392.4600    -539167.4728    -492550.7497    -572386.9824          7.8843       2639.6142        299.9572  160875000.0000

INFO:       2000         40.0000   -1356874.6679   -1537291.3833     180416.7154         11.6558      63263.0444    -538916.3879    -492238.3527    -572049.5078          7.4622       2642.3586        298.8898  160875000.0000

 
[STEP6] Deallocate Arrays
 
Output_Time> Averaged timer profile (Min, Max)
  total time      =      35.732
    setup         =       2.940
    dynamics      =      32.792
      energy      =      23.657
      integrator  =       6.408
      migration   =       0.791
      pairlist    =       1.949 (       1.636,       2.781)
  energy           
    bond          =       0.514 (       0.402,       0.740)
    angle         =       2.988 (       2.222,       4.090)
    dihedral      =       3.370 (       2.631,       4.473)
    base stacking =       0.000 (       0.000,       0.000)
    nonbond       =       9.293 (       7.340,      13.134)
      CG exv      =       0.967 (       0.788,       1.327)
      CG DNA bp   =       0.000 (       0.000,       0.000)
      CG DNA exv  =       0.000 (       0.000,       0.000)
      CG ele      =       5.745 (       4.646,       8.368)
      CG PWMcos   =       0.000 (       0.000,       0.000)
      CG PWMcosns =       0.000 (       0.000,       0.000)
      CG IDR-HPS  =       0.000 (       0.000,       0.000)
      CG IDR-KH   =       0.000 (       0.000,       0.000)
      CG KH       =       0.000 (       0.000,       0.000)
      Contact     =       2.580 (       1.883,       3.920)
      pme real    =       0.000 (       0.000,       0.000)
      pme recip   =       0.000 (       0.000,       0.000)
    solvation     =       0.000 (       0.000,       0.000)
      polar       =       0.000 (       0.000,       0.000)
      non-polar   =       0.000 (       0.000,       0.000)
    restraint     =       0.000 (       0.000,       0.000)
    qmmm          =       0.000 (       0.000,       0.000)
    morph         =       0.000 (       0.000,       0.000)
  integrator       
    constraint    =       0.000 (       0.000,       0.000)
    update        =       0.000 (       0.000,       0.000)
    comm_coord    =       2.483 (       0.619,       3.614)
    comm_force    =       0.652 (       0.619,       0.709)
  migration       =       0.791 (       0.791,       0.791)
    comm_migrate  =       0.139 (       0.112,       0.151)
    ptl_migrate   =       0.019 (       0.015,       0.027)
    bond_migrate  =       0.003 (       0.003,       0.005)
    angl_migrate  =       0.007 (       0.006,       0.010)
    dihe_migrate  =       0.007 (       0.006,       0.010)
    contact_migr  =       0.045 (       0.038,       0.058)
    stack_migrate =       0.000 (       0.000,       0.000)
    pwmcos_migrate =       0.000 (       0.000,       0.000)
    pwmcosns_migr  =       0.000 (       0.000,       0.000)
    nonb_update    =       0.560 (       0.478,       0.765)

