****************************************************
*                                                  *
*                  GENESIS CGDYN                   *
*                                                  *
*        A Molecular Dynamics Simulator with       *
*           Spatial Decomposition Scheme           *
*                                                  *
*               Developed by RIKEN                 *
*                                                  *
****************************************************
 
[STEP0] Architecture and Compiler Information
 
GENESIS_Information> GENESIS Information
  version      = 2.0.0
  commit ID    = $GENESIS_VERSION$
  precision    = mixed 
  nonbonding   = CPU

Build_Information> Compiler Information
  build host   = jjwsmj@hokusai2
  fortran      = ifort (IFORT) 2021.7.1 20221019
  option       = 
  -axCORE-AVX512 -g -O3  -qmkl=parallel  -assume byterecl -qopenmp  
  C            = 
 icc: remark #10441: The Intel(R) C++ Compiler Classic (ICC) is deprecated and w
 ill be removed from product release in the second half of 2023. The Intel(R) on
 eAPI DPC++/C++ Compiler (ICX) is the recommended compiler moving forward. Pleas
 e transition to use this compiler. Use '-diag-disable=10441' to disable this me
 ssage.
  option       = -O3 -ip -axCORE-AVX2  -qopenmp 
  defined var. = 
  -DHAVE_MPI_GENESIS -DOMP -DIFORT19 -DFFTE -DLAPACK -DDSFMT_MEXP=19937 -DINTEL
  link option  = 
  -assume byterecl -lgfortran -qopenmp  -lmkl_intel_lp64 -lmkl_sequential -lmkl_
 core -lmkl_lapack95_lp64   
  MPI Compiler = Intel(R) MPI

Runtime_Information> Machine and Library Information
  date       = 2023/05/12 14:24:05
  cpu model    = Intel(R) Xeon(R) Gold 6148 CPU @ 2.40GHz
  exec. host   = jjwsmj@bwmpc0320
  LD library   = 
 /bwfefs/opt/x86_64/intel/oneapi/2022.3/mpi/2021.7.1/libfabric/lib:/bwfefs/opt/x
 86_64/intel/oneapi/2022.3/mpi/2021.7.1/lib/release:/bwfefs/opt/x86_64/intel/one
 api/2022.3/mpi/2021.7.1/lib:/bwfefs/opt/x86_64/intel/oneapi/2022.3/tbb/2021.7.1
 /lib/intel64/gcc4.8:/usr/lib64:/bwfefs/opt/x86_64/intel/oneapi/2022.3/vpl/2022.
 2.5/lib:/bwfefs/opt/x86_64/intel/oneapi/2022.3/mkl/latest/lib/intel64:/bwfefs/o
 pt/x86_64/intel/oneapi/2022.3/itac/2021.7.1/slib:/bwfefs/opt/x86_64/intel/oneap
 i/2022.3/ippcp/2021.6.2/lib/intel64:/bwfefs/opt/x86_64/intel/oneapi/2022.3/ipp/
 2021.6.2/lib/intel64:/bwfefs/opt/x86_64/intel/oneapi/2022.3/dnnl/2022.2.1/cpu_d
 pcpp_gpu_dpcpp/lib:/bwfefs/opt/x86_64/intel/oneapi/2022.3/dal/2021.7.1/lib/inte
 l64:/bwfefs/opt/x86_64/intel/oneapi/2022.3/compiler/2022.2.1/linux/compiler/lib
 :/bwfefs/opt/x86_64/intel/oneapi/2022.3/compiler/2022.2.1/linux/lib/oclfpga/hos
 t/linux64/lib:/bwfefs/opt/x86_64/intel/oneapi/2022.3/compiler/2022.2.1/linux/li
 b/oclfpga/linux64/lib:/bwfefs/opt/x86_64/intel/oneapi/2022.3/compiler/2022.2.1/
 linux/lib:/bwfefs/opt/x86_64/intel/oneapi/2022.3/compiler/2022.2.1/linux/lib/x6
 4:/bwfefs/opt/x86_64/intel/oneapi/2022.3/compiler/2022.2.1/linux/lib/emu:/bwfef
 s/opt/x86_64/intel/oneapi/2022.3/compiler/2022.2.1/linux/compiler/lib/intel64_l
 in:/bwfefs/opt/x86_64/intel/oneapi/2022.3/debugger/2021.7.1/dep/lib:/bwfefs/opt
 /x86_64/intel/oneapi/2022.3/debugger/2021.7.1/libipt/intel64/lib:/bwfefs/opt/x8
 6_64/intel/oneapi/2022.3/debugger/2021.7.1/gdb/intel64/lib:/bwfefs/opt/x86_64/
 MPI Runtime = Intel(R) MPI Library 2021.7 for Linux* OS


[STEP1] Read Control Parameters
 
Read_Ctrl_Input> Input Files
  grotopfile = dps_120.top
  grocrdfile = crd/dps_mul_4_5_6.gro
 
Read_Ctrl_Output> Output Files
 
Read_Ctrl_Energy> Parameters of Energy Calculations
  forcefield      =    RESIDCG
  output_style    =    GENESIS
 
Read_Ctrl_Dynamics> Parameters of MD simulation
  integrator      =       VVER  nsteps          =       2000
  timestep        =     0.0200  initial_time    =     0.0000
  eneout_period   =        100  rstout_period   =          0
  crdout_period   =          0  velout_period   =          0
  nbupdate_period =         20  stoptr_period   =         10
  lbupdate_period =          0
  iseed           =         -1
  annealing       =         no
  verbose         =         no
  target_md       =         no
  steered_md      =         no
 
Read_Ctrl_Ensemble> Parameters for Ensemble
  ensemble        =        NVT
  temperature     =    300.000
  tpcontrol       =   LANGEVIN
  gamma_t         =      1.000
 
Read_Ctrl_Boundary> Parameters of Boundary Condition
  type            =       PBC 
  box_size(x,y,z) =    450.000   550.000   650.000
  min_domain_cell =          2
 
Read_Ctrl_Selection> Parameters of Selection
  # of groups     =          0
  # of mole names =          0
 
Read_Ctrl_Restraints> No restraint in the system

Read_Ctrl_Fitting_MD> Parameters of Fitting
  fitting method  =  TR+ROT   
  fitting atom    = group1
  mass_weight     =         no
 
[STEP2] Setup MPI
 
Setup_Mpi_Md> Summary of Setup MPI
  number of MPI processes   =         16
  number of OpenMP threads  =          5
  total number of CPU cores =         80

[STEP3] Set Relevant Variables and Structures
 
Read_Grotop> Summary of Grotopfile
  num_moltypes    =          1
    dps_cg                :
      num_atoms   =       1853
      num_bonds   =       1841
      num_angls   =       3658
      num_dihes   =       3634
      num_cmaps   =          0
      num_excls   =      10717
      num_constrs =          0
      num_pairs   =      10717
      num_vsites2 =          0
      num_vsites3 =          0
      num_vsites4 =          0
      num_vsitesn =          0
      num_posress =          0
      num_PWMcos  =          0
      num_PWMcosns=          0
      num_IDR_HPS =          0
      num_IDR_KH  =          0
    .. not used molecule types were hidden.

  num_molecules   =        120
    dps_cg                :  120

  num_atomtypes   =         33  num_bondtypes   =          0
  num_angltypes   =          0  num_dihetypes   =          0
  num_flangltypes           20
  num_fldihetypes          400
  num_constrtypes =          0  num_cmaptypes   =          0
  num_nbonparms   =          0
  num_basestacktypes  =     16
  num_basepairtypes   =      4
  num_basecrosstypes  =     32
  num_cgdnaexvtypes   =      6
  num_cgelemolpairs   =      1
  num_cg_IDR_HPS_atomtypes  =     20
  num_cg_KH_atomtypes  =    20

  num_cg_pair_MJ_eps   =   400

Define_Molecule> Summary of molecules
  num_atoms       =     222360  num_bonds       =     220920
  num_angles      =     438960  num_dihedrals   =     436080
  num_impropers   =          0  num_cmap_terms  =          0
  num_residues    =     222360  num_molecules   =       1440
  num_segments    =          1  num_deg_freedom =     667080
  total_charge    = -10080.000
 
Setup_Boundary_Cell> Set Variables for Boundary Condition
  domains (x,y,z) =          2         2         4
  ncells (x,y,z)  =         15        19        22
 
Define_Enefunc_Gromacs> Number of Interactions in Each Term
  bond_ene        =     220920  angle_ene       =     219480
  flex_angle_ene  =     219480
  torsion_ene     =     438960
 restraint_groups =          0 restraint_funcs  =          0
 
Setup_Dynamics> Subtract 3 translational degrees of freedom
 
Update_Num_Deg_Freedom> Number of degrees of freedom was updated
  num_deg_freedom =     667077 (After removing translation)
 
Random_Init> Initialize the random number
  seed            = 825954

Setup_Fitting_cgdyn> NO fitting is applied, skip
  fitting method  =  NO
 
[STEP4] Compute Single Point Energy for Molecules
 
            STEP          ENERGY            BOND           ANGLE        DIHEDRAL  NATIVE_CONTACT NON-NATIVE_CONT           ELECT          CG_EXV
 --------------- --------------- --------------- --------------- ---------------
               0   -1763101.0381          0.0286    -615195.6883    -528964.5770    -621655.1396          0.0000       2708.5290          5.8093

[STEP5] Perform Molecular Dynamics Simulation
 
Initial_Velocity> Generate initial velocities
  iseed           =     825954
  temperature     =    300.000
 
Random_Init_Velocity> Initialize the random number
  seed            = 825954

INFO:       STEP            TIME       TOTAL_ENE   POTENTIAL_ENE     KINETIC_ENE            RMSG            BOND           ANGLE        DIHEDRAL  NATIVE_CONTACT          CG_EXV           ELECT     TEMPERATURE          VOLUME
 --------------- --------------- --------------- --------------- ---------------
INFO:          0          0.0000   -1563680.1290   -1763101.0381     199420.9092          0.7029          0.0286    -615195.6883    -528964.5770    -621655.1396          5.8093       2708.5290          0.0000  160875000.0000

INFO:        100          2.0000   -1394535.1618   -1561251.0506     166715.8889         11.3617      59504.9993    -547835.1348    -496442.4758    -579156.8726          6.5189       2671.9144        277.9827  160875000.0000

INFO:        200          4.0000   -1366295.4197   -1543681.3748     177385.9551         11.6112      62620.7007    -540879.4514    -493497.6808    -574582.3779          6.4010       2651.0336        294.1211  160875000.0000

INFO:        300          6.0000   -1358769.5207   -1539078.4411     180308.9204         11.6597      63430.5984    -539388.7229    -492803.3573    -572964.2622          6.6483       2640.6546        298.3333  160875000.0000

INFO:        400          8.0000   -1356856.0665   -1538151.6847     181295.6181         11.6496      63236.1099    -538853.3994    -492626.9506    -572560.8408          6.9151       2646.4812        299.7763  160875000.0000

INFO:        500         10.0000   -1356994.6466   -1538078.1477     181083.5011         11.6563      63322.4645    -538884.1407    -492464.7398    -572703.7485          6.8288       2645.1880        299.9327  160875000.0000

INFO:        600         12.0000   -1356454.2902   -1537593.6774     181139.3872         11.6677      63435.7231    -538732.0039    -492434.1689    -572520.1401          7.3165       2649.5959        300.1927  160875000.0000

INFO:        700         14.0000   -1357177.9332   -1538140.9255     180962.9923         11.6599      63334.7521    -538925.9615    -492589.3013    -572612.2866          6.9694       2644.9023        300.2753  160875000.0000

INFO:        800         16.0000   -1357053.5627   -1537845.9527     180792.3900         11.6683      63334.6173    -538988.4870    -492334.0717    -572513.4351          7.1640       2648.2598        299.6598  160875000.0000

INFO:        900         18.0000   -1356356.8535   -1537652.9175     181296.0640         11.6666      63345.6074    -538571.6874    -492455.7218    -572618.6367          6.8473       2640.6737        300.3803  160875000.0000

INFO:       1000         20.0000   -1356695.3439   -1537899.3315     181203.9876         11.6522      63070.3853    -538601.4464    -492478.4554    -572547.4512          7.0923       2650.5439        300.1539  160875000.0000

INFO:       1100         22.0000   -1356162.9460   -1537089.3110     180926.3649         11.6865      63718.8506    -538440.5739    -492477.9250    -572542.4043          7.6836       2645.0581        300.4082  160875000.0000

INFO:       1200         24.0000   -1356274.6615   -1537359.7250     181085.0635         11.6831      63445.9153    -538839.5971    -492353.0939    -572269.6489          7.5231       2649.1766        300.4197  160875000.0000

INFO:       1300         26.0000   -1356107.8560   -1537184.0259     181076.1699         11.6533      63300.7733    -538725.7553    -492112.3131    -572304.3628          7.3828       2650.2493        299.8313  160875000.0000

INFO:       1400         28.0000   -1356503.1005   -1537549.2405     181046.1399         11.6544      63269.5526    -538878.9792    -492269.3760    -572321.1909          8.0547       2642.6984        300.1376  160875000.0000

INFO:       1500         30.0000   -1356341.9485   -1537592.5497     181250.6012         11.6694      63362.1044    -538969.0354    -492386.6614    -572250.2002          7.4906       2643.7523        300.7545  160875000.0000

INFO:       1600         32.0000   -1356410.6641   -1537491.1726     181080.5084         11.6653      63321.5040    -538831.2832    -492493.2425    -572138.3550          7.4975       2642.7066        300.0909  160875000.0000

INFO:       1700         34.0000   -1356337.2869   -1537550.9264     181213.6395         11.6469      63117.6459    -539020.1422    -492259.6622    -572042.3125          7.5867       2645.9579        300.2108  160875000.0000

INFO:       1800         36.0000   -1356703.0854   -1538134.0634     181430.9780         11.6560      63069.6267    -538948.6283    -492442.0910    -572466.0747          7.2303       2645.8736        300.4579  160875000.0000

INFO:       1900         38.0000   -1357311.9641   -1538112.1261     180800.1620         11.6653      63396.6661    -539133.6002    -492567.1905    -572459.0786          7.7308       2643.3463        299.7307  160875000.0000

INFO:       2000         40.0000   -1357101.9893   -1538265.1709     181163.1816         11.6498      63078.0887    -539012.3293    -492516.5651    -572465.3560          7.3269       2643.6639        300.3579  160875000.0000

 
[STEP6] Deallocate Arrays
 
Output_Time> Averaged timer profile (Min, Max)
  total time      =      38.433
    setup         =       2.980
    dynamics      =      35.453
      energy      =      26.166
      integrator  =       6.431
      migration   =       0.832
      pairlist    =       2.048 (       1.713,       2.907)
  energy           
    bond          =       0.512 (       0.394,       0.827)
    angle         =       2.814 (       1.722,       4.818)
    dihedral      =       3.346 (       2.557,       4.953)
    base stacking =       0.000 (       0.000,       0.000)
    nonbond       =       9.149 (       7.223,      14.288)
      CG exv      =       0.966 (       0.792,       1.356)
      CG DNA bp   =       0.000 (       0.000,       0.000)
      CG DNA exv  =       0.000 (       0.000,       0.000)
      CG ele      =       5.622 (       4.507,       8.560)
      CG PWMcos   =       0.000 (       0.000,       0.000)
      CG PWMcosns =       0.000 (       0.000,       0.000)
      CG IDR-HPS  =       0.000 (       0.000,       0.000)
      CG IDR-KH   =       0.000 (       0.000,       0.000)
      CG KH       =       0.000 (       0.000,       0.000)
      Contact     =       2.560 (       1.873,       4.372)
      pme real    =       0.000 (       0.000,       0.000)
      pme recip   =       0.000 (       0.000,       0.000)
    solvation     =       0.000 (       0.000,       0.000)
      polar       =       0.000 (       0.000,       0.000)
      non-polar   =       0.000 (       0.000,       0.000)
    restraint     =       0.000 (       0.000,       0.000)
    qmmm          =       0.000 (       0.000,       0.000)
    morph         =       0.000 (       0.000,       0.000)
  integrator       
    constraint    =       0.000 (       0.000,       0.000)
    update        =       0.000 (       0.000,       0.000)
    comm_coord    =       2.505 (       0.609,       3.645)
    comm_force    =       0.656 (       0.613,       0.716)
  migration       =       0.832 (       0.832,       0.832)
    comm_migrate  =       0.146 (       0.118,       0.158)
    ptl_migrate   =       0.020 (       0.016,       0.028)
    bond_migrate  =       0.004 (       0.003,       0.005)
    angl_migrate  =       0.008 (       0.007,       0.010)
    dihe_migrate  =       0.008 (       0.006,       0.010)
    contact_migr  =       0.047 (       0.041,       0.061)
    stack_migrate =       0.000 (       0.000,       0.000)
    pwmcos_migrate =       0.000 (       0.000,       0.000)
    pwmcosns_migr  =       0.000 (       0.000,       0.000)
    nonb_update    =       0.580 (       0.493,       0.792)

