****************************************************
*                                                  *
*                  GENESIS CGDYN                   *
*                                                  *
*        A Molecular Dynamics Simulator with       *
*           Spatial Decomposition Scheme           *
*                                                  *
*               Developed by RIKEN                 *
*                                                  *
****************************************************
 
[STEP0] Architecture and Compiler Information
 
GENESIS_Information> GENESIS Information
  version      = 2.0.0
  commit ID    = $GENESIS_VERSION$
  precision    = mixed 
  nonbonding   = CPU

Build_Information> Compiler Information
  build host   = jjwsmj@hokusai2
  fortran      = ifort (IFORT) 2021.7.1 20221019
  option       = 
  -axCORE-AVX512 -g -O3  -qmkl=parallel  -assume byterecl -qopenmp  
  C            = 
 icc: remark #10441: The Intel(R) C++ Compiler Classic (ICC) is deprecated and w
 ill be removed from product release in the second half of 2023. The Intel(R) on
 eAPI DPC++/C++ Compiler (ICX) is the recommended compiler moving forward. Pleas
 e transition to use this compiler. Use '-diag-disable=10441' to disable this me
 ssage.
  option       = -O3 -ip -axCORE-AVX2  -qopenmp 
  defined var. = 
  -DHAVE_MPI_GENESIS -DOMP -DIFORT19 -DFFTE -DLAPACK -DDSFMT_MEXP=19937 -DINTEL
  link option  = 
  -assume byterecl -lgfortran -qopenmp  -lmkl_intel_lp64 -lmkl_sequential -lmkl_
 core -lmkl_lapack95_lp64   
  MPI Compiler = Intel(R) MPI

Runtime_Information> Machine and Library Information
  date       = 2023/05/12 14:24:10
  cpu model    = Intel(R) Xeon(R) Gold 6148 CPU @ 2.40GHz
  exec. host   = jjwsmj@bwmpc0329
  LD library   = 
 /bwfefs/opt/x86_64/intel/oneapi/2022.3/mpi/2021.7.1/libfabric/lib:/bwfefs/opt/x
 86_64/intel/oneapi/2022.3/mpi/2021.7.1/lib/release:/bwfefs/opt/x86_64/intel/one
 api/2022.3/mpi/2021.7.1/lib:/bwfefs/opt/x86_64/intel/oneapi/2022.3/tbb/2021.7.1
 /lib/intel64/gcc4.8:/usr/lib64:/bwfefs/opt/x86_64/intel/oneapi/2022.3/vpl/2022.
 2.5/lib:/bwfefs/opt/x86_64/intel/oneapi/2022.3/mkl/latest/lib/intel64:/bwfefs/o
 pt/x86_64/intel/oneapi/2022.3/itac/2021.7.1/slib:/bwfefs/opt/x86_64/intel/oneap
 i/2022.3/ippcp/2021.6.2/lib/intel64:/bwfefs/opt/x86_64/intel/oneapi/2022.3/ipp/
 2021.6.2/lib/intel64:/bwfefs/opt/x86_64/intel/oneapi/2022.3/dnnl/2022.2.1/cpu_d
 pcpp_gpu_dpcpp/lib:/bwfefs/opt/x86_64/intel/oneapi/2022.3/dal/2021.7.1/lib/inte
 l64:/bwfefs/opt/x86_64/intel/oneapi/2022.3/compiler/2022.2.1/linux/compiler/lib
 :/bwfefs/opt/x86_64/intel/oneapi/2022.3/compiler/2022.2.1/linux/lib/oclfpga/hos
 t/linux64/lib:/bwfefs/opt/x86_64/intel/oneapi/2022.3/compiler/2022.2.1/linux/li
 b/oclfpga/linux64/lib:/bwfefs/opt/x86_64/intel/oneapi/2022.3/compiler/2022.2.1/
 linux/lib:/bwfefs/opt/x86_64/intel/oneapi/2022.3/compiler/2022.2.1/linux/lib/x6
 4:/bwfefs/opt/x86_64/intel/oneapi/2022.3/compiler/2022.2.1/linux/lib/emu:/bwfef
 s/opt/x86_64/intel/oneapi/2022.3/compiler/2022.2.1/linux/compiler/lib/intel64_l
 in:/bwfefs/opt/x86_64/intel/oneapi/2022.3/debugger/2021.7.1/dep/lib:/bwfefs/opt
 /x86_64/intel/oneapi/2022.3/debugger/2021.7.1/libipt/intel64/lib:/bwfefs/opt/x8
 6_64/intel/oneapi/2022.3/debugger/2021.7.1/gdb/intel64/lib:/bwfefs/opt/x86_64/
 MPI Runtime = Intel(R) MPI Library 2021.7 for Linux* OS


[STEP1] Read Control Parameters
 
Read_Ctrl_Input> Input Files
  grotopfile = dps_120.top
  grocrdfile = crd/dps_mul_4_5_6.gro
 
Read_Ctrl_Output> Output Files
 
Read_Ctrl_Energy> Parameters of Energy Calculations
  forcefield      =    RESIDCG
  output_style    =    GENESIS
 
Read_Ctrl_Dynamics> Parameters of MD simulation
  integrator      =       VVER  nsteps          =       2000
  timestep        =     0.0200  initial_time    =     0.0000
  eneout_period   =        100  rstout_period   =          0
  crdout_period   =          0  velout_period   =          0
  nbupdate_period =         20  stoptr_period   =         10
  lbupdate_period =          0
  iseed           =         -1
  annealing       =         no
  verbose         =         no
  target_md       =         no
  steered_md      =         no
 
Read_Ctrl_Ensemble> Parameters for Ensemble
  ensemble        =        NVT
  temperature     =    300.000
  tpcontrol       =   LANGEVIN
  gamma_t         =      1.000
 
Read_Ctrl_Boundary> Parameters of Boundary Condition
  type            =       PBC 
  box_size(x,y,z) =    450.000   550.000   650.000
  min_domain_cell =          2
 
Read_Ctrl_Selection> Parameters of Selection
  # of groups     =          0
  # of mole names =          0
 
Read_Ctrl_Restraints> No restraint in the system

Read_Ctrl_Fitting_MD> Parameters of Fitting
  fitting method  =  TR+ROT   
  fitting atom    = group1
  mass_weight     =         no
 
[STEP2] Setup MPI
 
Setup_Mpi_Md> Summary of Setup MPI
  number of MPI processes   =        256
  number of OpenMP threads  =          5
  total number of CPU cores =       1280

[STEP3] Set Relevant Variables and Structures
 
Read_Grotop> Summary of Grotopfile
  num_moltypes    =          1
    dps_cg                :
      num_atoms   =       1853
      num_bonds   =       1841
      num_angls   =       3658
      num_dihes   =       3634
      num_cmaps   =          0
      num_excls   =      10717
      num_constrs =          0
      num_pairs   =      10717
      num_vsites2 =          0
      num_vsites3 =          0
      num_vsites4 =          0
      num_vsitesn =          0
      num_posress =          0
      num_PWMcos  =          0
      num_PWMcosns=          0
      num_IDR_HPS =          0
      num_IDR_KH  =          0
    .. not used molecule types were hidden.

  num_molecules   =        120
    dps_cg                :  120

  num_atomtypes   =         33  num_bondtypes   =          0
  num_angltypes   =          0  num_dihetypes   =          0
  num_flangltypes           20
  num_fldihetypes          400
  num_constrtypes =          0  num_cmaptypes   =          0
  num_nbonparms   =          0
  num_basestacktypes  =     16
  num_basepairtypes   =      4
  num_basecrosstypes  =     32
  num_cgdnaexvtypes   =      6
  num_cgelemolpairs   =      1
  num_cg_IDR_HPS_atomtypes  =     20
  num_cg_KH_atomtypes  =    20

  num_cg_pair_MJ_eps   =   400

Define_Molecule> Summary of molecules
  num_atoms       =     222360  num_bonds       =     220920
  num_angles      =     438960  num_dihedrals   =     436080
  num_impropers   =          0  num_cmap_terms  =          0
  num_residues    =     222360  num_molecules   =       1440
  num_segments    =          1  num_deg_freedom =     667080
  total_charge    = -10080.000
 
Setup_Boundary_Cell> Set Variables for Boundary Condition
  domains (x,y,z) =          4         8         8
  ncells (x,y,z)  =         15        19        22
 
Define_Enefunc_Gromacs> Number of Interactions in Each Term
  bond_ene        =     220920  angle_ene       =     219480
  flex_angle_ene  =     219480
  torsion_ene     =     438960
 restraint_groups =          0 restraint_funcs  =          0
 
Setup_Dynamics> Subtract 3 translational degrees of freedom
 
Update_Num_Deg_Freedom> Number of degrees of freedom was updated
  num_deg_freedom =     667077 (After removing translation)
 
Random_Init> Initialize the random number
  seed            = 908554

Setup_Fitting_cgdyn> NO fitting is applied, skip
  fitting method  =  NO
 
[STEP4] Compute Single Point Energy for Molecules
 
            STEP          ENERGY            BOND           ANGLE        DIHEDRAL  NATIVE_CONTACT NON-NATIVE_CONT           ELECT          CG_EXV
 --------------- --------------- --------------- --------------- ---------------
               0   -1763061.8742          0.0286    -615195.4874    -528962.2356    -621618.5181          0.0000       2708.5290          5.8093

[STEP5] Perform Molecular Dynamics Simulation
 
Initial_Velocity> Generate initial velocities
  iseed           =     908554
  temperature     =    300.000
 
Random_Init_Velocity> Initialize the random number
  seed            = 908554

INFO:       STEP            TIME       TOTAL_ENE   POTENTIAL_ENE     KINETIC_ENE            RMSG            BOND           ANGLE        DIHEDRAL  NATIVE_CONTACT          CG_EXV           ELECT     TEMPERATURE          VOLUME
 --------------- --------------- --------------- --------------- ---------------
INFO:          0          0.0000   -1564191.8496   -1763061.8742     198870.0246          0.7029          0.0286    -615195.4874    -528962.2356    -621618.5181          5.8093       2708.5290          0.0000  160875000.0000

INFO:        100          2.0000   -1395091.0061   -1562283.8269     167192.8208         11.3309      59086.3055    -547700.6728    -496834.6963    -579512.6175          6.4413       2671.4129        278.6439  160875000.0000

INFO:        200          4.0000   -1366306.2916   -1543555.1336     177248.8419         11.5943      62540.6239    -541016.1904    -493250.2880    -574484.1359          6.4249       2648.4319        294.8268  160875000.0000

INFO:        300          6.0000   -1358659.3546   -1538914.6124     180255.2578         11.6544      63401.8290    -539295.2574    -492793.4568    -572878.6535          6.5360       2644.3903        299.2355  160875000.0000

INFO:        400          8.0000   -1356996.6572   -1537455.8497     180459.1924         11.6790      63488.2572    -538569.9732    -492467.8288    -572555.4810          6.4925       2642.6836        298.7592  160875000.0000

INFO:        500         10.0000   -1356087.8681   -1537689.4125     181601.5444         11.6676      63495.6193    -538612.1505    -492689.6796    -572534.0231          6.8071       2644.0144        300.4950  160875000.0000

INFO:        600         12.0000   -1356370.9939   -1537221.8188     180850.8249         11.6617      63370.9638    -538534.6074    -492336.4510    -572369.1460          6.8649       2640.5570        299.5286  160875000.0000

INFO:        700         14.0000   -1356182.3069   -1537009.3945     180827.0875         11.6936      63609.0312    -538484.2332    -492421.3127    -572363.7547          6.9887       2643.8863        299.8551  160875000.0000

INFO:        800         16.0000   -1355607.5548   -1537224.5473     181616.9924         11.6659      63393.6642    -538652.2107    -492315.9282    -572309.1134          7.3547       2651.6862        300.8279  160875000.0000

INFO:        900         18.0000   -1355719.1592   -1537230.5055     181511.3464         11.6625      63216.1435    -538507.4734    -492284.9068    -572313.8539          7.5788       2652.0064        300.4233  160875000.0000

INFO:       1000         20.0000   -1356448.5768   -1537901.8511     181453.2743         11.6482      63205.7512    -538978.7132    -492459.4058    -572324.6047          7.2367       2647.8847        301.1580  160875000.0000

INFO:       1100         22.0000   -1356801.5097   -1537887.2104     181085.7007         11.6635      63275.4951    -538762.4024    -492513.7170    -572537.0036          6.7460       2643.6716        300.2865  160875000.0000

INFO:       1200         24.0000   -1356205.3988   -1537466.8213     181261.4225         11.6723      63253.2014    -538537.4789    -492356.3471    -572476.6484          6.8806       2643.5710        300.2237  160875000.0000

INFO:       1300         26.0000   -1356168.3084   -1536996.0134     180827.7051         11.6661      63347.1196    -538540.5697    -492321.9398    -572131.5050          6.9529       2643.9285        299.4864  160875000.0000

INFO:       1400         28.0000   -1356094.0066   -1536916.1984     180822.1918         11.6694      63657.6233    -538622.6396    -492317.8292    -572285.4882          7.1601       2644.9753        299.4580  160875000.0000

INFO:       1500         30.0000   -1356106.1714   -1537017.7937     180911.6223         11.6727      63428.2449    -538357.4182    -492212.2267    -572529.7610          7.4552       2645.9122        300.3250  160875000.0000

INFO:       1600         32.0000   -1355731.7420   -1536862.4771     181130.7352         11.6680      63468.7088    -538408.4940    -492262.8940    -572315.9723          7.9536       2648.2208        300.3135  160875000.0000

INFO:       1700         34.0000   -1355317.4192   -1536862.8142     181545.3951         11.6769      63619.2603    -538388.3140    -492597.3387    -572150.7695          7.3798       2646.9679        300.7153  160875000.0000

INFO:       1800         36.0000   -1357012.0028   -1537793.5773     180781.5745         11.6600      63441.7367    -539105.1989    -492546.9115    -572238.1994          7.3689       2647.6269        299.8979  160875000.0000

INFO:       1900         38.0000   -1355851.2287   -1537091.5488     181240.3201         11.6542      63343.1699    -538782.7108    -492215.7622    -572089.2532          9.3048       2643.7029        300.1588  160875000.0000

INFO:       2000         40.0000   -1355910.5949   -1537167.0706     181256.4757         11.6466      63280.7856    -538618.8392    -492378.1959    -572103.3694          8.1256       2644.4227        300.3993  160875000.0000

 
[STEP6] Deallocate Arrays
 
Output_Time> Averaged timer profile (Min, Max)
  total time      =       9.156
    setup         =       3.855
    dynamics      =       5.300
      energy      =       3.505
      integrator  =       1.351
      migration   =       0.179
      pairlist    =       0.130 (       0.039,       0.270)
  energy           
    bond          =       0.033 (       0.007,       0.082)
    angle         =       0.194 (       0.034,       0.508)
    dihedral      =       0.231 (       0.038,       0.515)
    base stacking =       0.000 (       0.000,       0.000)
    nonbond       =       0.578 (       0.096,       1.403)
      CG exv      =       0.044 (       0.016,       0.092)
      CG DNA bp   =       0.000 (       0.000,       0.000)
      CG DNA exv  =       0.000 (       0.000,       0.000)
      CG ele      =       0.372 (       0.053,       0.887)
      CG PWMcos   =       0.000 (       0.000,       0.000)
      CG PWMcosns =       0.000 (       0.000,       0.000)
      CG IDR-HPS  =       0.000 (       0.000,       0.000)
      CG IDR-KH   =       0.000 (       0.000,       0.000)
      CG KH       =       0.000 (       0.000,       0.000)
      Contact     =       0.162 (       0.021,       0.423)
      pme real    =       0.000 (       0.000,       0.000)
      pme recip   =       0.000 (       0.000,       0.000)
    solvation     =       0.000 (       0.000,       0.000)
      polar       =       0.000 (       0.000,       0.000)
      non-polar   =       0.000 (       0.000,       0.000)
    restraint     =       0.000 (       0.000,       0.000)
    qmmm          =       0.000 (       0.000,       0.000)
    morph         =       0.000 (       0.000,       0.000)
  integrator       
    constraint    =       0.000 (       0.000,       0.000)
    update        =       0.000 (       0.000,       0.000)
    comm_coord    =       0.699 (       0.360,       1.092)
    comm_force    =       0.400 (       0.296,       0.561)
  migration       =       0.179 (       0.179,       0.179)
    comm_migrate  =       0.065 (       0.047,       0.076)
    ptl_migrate   =       0.002 (       0.001,       0.003)
    bond_migrate  =       0.001 (       0.000,       0.001)
    angl_migrate  =       0.001 (       0.000,       0.002)
    dihe_migrate  =       0.001 (       0.001,       0.002)
    contact_migr  =       0.007 (       0.002,       0.014)
    stack_migrate =       0.000 (       0.000,       0.000)
    pwmcos_migrate =       0.000 (       0.000,       0.000)
    pwmcosns_migr  =       0.000 (       0.000,       0.000)
    nonb_update    =       0.049 (       0.010,       0.104)

