****************************************************
*                                                  *
*                  GENESIS CGDYN                   *
*                                                  *
*        A Molecular Dynamics Simulator with       *
*           Spatial Decomposition Scheme           *
*                                                  *
*               Developed by RIKEN                 *
*                                                  *
****************************************************
 
[STEP0] Architecture and Compiler Information
 
GENESIS_Information> GENESIS Information
  version      = 2.0.0
  commit ID    = $GENESIS_VERSION$
  precision    = mixed 
  nonbonding   = CPU

Build_Information> Compiler Information
  build host   = jjwsmj@hokusai2
  fortran      = ifort (IFORT) 2021.7.1 20221019
  option       = 
  -axCORE-AVX512 -g -O3  -qmkl=parallel  -assume byterecl -qopenmp  
  C            = 
 icc: remark #10441: The Intel(R) C++ Compiler Classic (ICC) is deprecated and w
 ill be removed from product release in the second half of 2023. The Intel(R) on
 eAPI DPC++/C++ Compiler (ICX) is the recommended compiler moving forward. Pleas
 e transition to use this compiler. Use '-diag-disable=10441' to disable this me
 ssage.
  option       = -O3 -ip -axCORE-AVX2  -qopenmp 
  defined var. = 
  -DHAVE_MPI_GENESIS -DOMP -DIFORT19 -DFFTE -DLAPACK -DDSFMT_MEXP=19937 -DINTEL
  link option  = 
  -assume byterecl -lgfortran -qopenmp  -lmkl_intel_lp64 -lmkl_sequential -lmkl_
 core -lmkl_lapack95_lp64   
  MPI Compiler = Intel(R) MPI

Runtime_Information> Machine and Library Information
  date       = 2023/05/12 17:13:43
  cpu model    = Intel(R) Xeon(R) Gold 6148 CPU @ 2.40GHz
  exec. host   = jjwsmj@bwmpc0374
  LD library   = 
 /bwfefs/opt/x86_64/intel/oneapi/2022.3/mpi/2021.7.1/libfabric/lib:/bwfefs/opt/x
 86_64/intel/oneapi/2022.3/mpi/2021.7.1/lib/release:/bwfefs/opt/x86_64/intel/one
 api/2022.3/mpi/2021.7.1/lib:/bwfefs/opt/x86_64/intel/oneapi/2022.3/tbb/2021.7.1
 /lib/intel64/gcc4.8:/usr/lib64:/bwfefs/opt/x86_64/intel/oneapi/2022.3/vpl/2022.
 2.5/lib:/bwfefs/opt/x86_64/intel/oneapi/2022.3/mkl/latest/lib/intel64:/bwfefs/o
 pt/x86_64/intel/oneapi/2022.3/itac/2021.7.1/slib:/bwfefs/opt/x86_64/intel/oneap
 i/2022.3/ippcp/2021.6.2/lib/intel64:/bwfefs/opt/x86_64/intel/oneapi/2022.3/ipp/
 2021.6.2/lib/intel64:/bwfefs/opt/x86_64/intel/oneapi/2022.3/dnnl/2022.2.1/cpu_d
 pcpp_gpu_dpcpp/lib:/bwfefs/opt/x86_64/intel/oneapi/2022.3/dal/2021.7.1/lib/inte
 l64:/bwfefs/opt/x86_64/intel/oneapi/2022.3/compiler/2022.2.1/linux/compiler/lib
 :/bwfefs/opt/x86_64/intel/oneapi/2022.3/compiler/2022.2.1/linux/lib/oclfpga/hos
 t/linux64/lib:/bwfefs/opt/x86_64/intel/oneapi/2022.3/compiler/2022.2.1/linux/li
 b/oclfpga/linux64/lib:/bwfefs/opt/x86_64/intel/oneapi/2022.3/compiler/2022.2.1/
 linux/lib:/bwfefs/opt/x86_64/intel/oneapi/2022.3/compiler/2022.2.1/linux/lib/x6
 4:/bwfefs/opt/x86_64/intel/oneapi/2022.3/compiler/2022.2.1/linux/lib/emu:/bwfef
 s/opt/x86_64/intel/oneapi/2022.3/compiler/2022.2.1/linux/compiler/lib/intel64_l
 in:/bwfefs/opt/x86_64/intel/oneapi/2022.3/debugger/2021.7.1/dep/lib:/bwfefs/opt
 /x86_64/intel/oneapi/2022.3/debugger/2021.7.1/libipt/intel64/lib:/bwfefs/opt/x8
 6_64/intel/oneapi/2022.3/debugger/2021.7.1/gdb/intel64/lib:/bwfefs/opt/x86_64/
 MPI Runtime = Intel(R) MPI Library 2021.7 for Linux* OS


[STEP1] Read Control Parameters
 
Read_Ctrl_Input> Input Files
  grotopfile = dps_120.top
  grocrdfile = crd/dps_mul_4_5_6.gro
 
Read_Ctrl_Output> Output Files
 
Read_Ctrl_Energy> Parameters of Energy Calculations
  forcefield      =    RESIDCG
  output_style    =    GENESIS
 
Read_Ctrl_Dynamics> Parameters of MD simulation
  integrator      =       VVER  nsteps          =       2000
  timestep        =     0.0200  initial_time    =     0.0000
  eneout_period   =        100  rstout_period   =          0
  crdout_period   =          0  velout_period   =          0
  nbupdate_period =         20  stoptr_period   =         10
  lbupdate_period =          0
  iseed           =         -1
  annealing       =         no
  verbose         =         no
  target_md       =         no
  steered_md      =         no
 
Read_Ctrl_Ensemble> Parameters for Ensemble
  ensemble        =        NVT
  temperature     =    300.000
  tpcontrol       =   LANGEVIN
  gamma_t         =      1.000
 
Read_Ctrl_Boundary> Parameters of Boundary Condition
  type            =       PBC 
  box_size(x,y,z) =    450.000   550.000   650.000
  min_domain_cell =          2
 
Read_Ctrl_Selection> Parameters of Selection
  # of groups     =          0
  # of mole names =          0
 
Read_Ctrl_Restraints> No restraint in the system

Read_Ctrl_Fitting_MD> Parameters of Fitting
  fitting method  =  TR+ROT   
  fitting atom    = group1
  mass_weight     =         no
 
[STEP2] Setup MPI
 
Setup_Mpi_Md> Summary of Setup MPI
  number of MPI processes   =        256
  number of OpenMP threads  =          5
  total number of CPU cores =       1280

[STEP3] Set Relevant Variables and Structures
 
Read_Grotop> Summary of Grotopfile
  num_moltypes    =          1
    dps_cg                :
      num_atoms   =       1853
      num_bonds   =       1841
      num_angls   =       3658
      num_dihes   =       3634
      num_cmaps   =          0
      num_excls   =      10717
      num_constrs =          0
      num_pairs   =      10717
      num_vsites2 =          0
      num_vsites3 =          0
      num_vsites4 =          0
      num_vsitesn =          0
      num_posress =          0
      num_PWMcos  =          0
      num_PWMcosns=          0
      num_IDR_HPS =          0
      num_IDR_KH  =          0
    .. not used molecule types were hidden.

  num_molecules   =        120
    dps_cg                :  120

  num_atomtypes   =         33  num_bondtypes   =          0
  num_angltypes   =          0  num_dihetypes   =          0
  num_flangltypes           20
  num_fldihetypes          400
  num_constrtypes =          0  num_cmaptypes   =          0
  num_nbonparms   =          0
  num_basestacktypes  =     16
  num_basepairtypes   =      4
  num_basecrosstypes  =     32
  num_cgdnaexvtypes   =      6
  num_cgelemolpairs   =      1
  num_cg_IDR_HPS_atomtypes  =     20
  num_cg_KH_atomtypes  =    20

  num_cg_pair_MJ_eps   =   400

Define_Molecule> Summary of molecules
  num_atoms       =     222360  num_bonds       =     220920
  num_angles      =     438960  num_dihedrals   =     436080
  num_impropers   =          0  num_cmap_terms  =          0
  num_residues    =     222360  num_molecules   =       1440
  num_segments    =          1  num_deg_freedom =     667080
  total_charge    = -10080.000
 
Setup_Boundary_Cell> Set Variables for Boundary Condition
  domains (x,y,z) =          4         8         8
  ncells (x,y,z)  =         15        19        22
 
Define_Enefunc_Gromacs> Number of Interactions in Each Term
  bond_ene        =     220920  angle_ene       =     219480
  flex_angle_ene  =     219480
  torsion_ene     =     438960
 restraint_groups =          0 restraint_funcs  =          0
 
Setup_Dynamics> Subtract 3 translational degrees of freedom
 
Update_Num_Deg_Freedom> Number of degrees of freedom was updated
  num_deg_freedom =     667077 (After removing translation)
 
Random_Init> Initialize the random number
  seed            = 585847

Setup_Fitting_cgdyn> NO fitting is applied, skip
  fitting method  =  NO
 
[STEP4] Compute Single Point Energy for Molecules
 
            STEP          ENERGY            BOND           ANGLE        DIHEDRAL  NATIVE_CONTACT NON-NATIVE_CONT           ELECT          CG_EXV
 --------------- --------------- --------------- --------------- ---------------
               0   -1763061.8742          0.0286    -615195.4874    -528962.2356    -621618.5181          0.0000       2708.5290          5.8093

[STEP5] Perform Molecular Dynamics Simulation
 
Initial_Velocity> Generate initial velocities
  iseed           =     585847
  temperature     =    300.000
 
Random_Init_Velocity> Initialize the random number
  seed            = 585847

INFO:       STEP            TIME       TOTAL_ENE   POTENTIAL_ENE     KINETIC_ENE            RMSG            BOND           ANGLE        DIHEDRAL  NATIVE_CONTACT          CG_EXV           ELECT     TEMPERATURE          VOLUME
 --------------- --------------- --------------- --------------- ---------------
INFO:          0          0.0000   -1564186.7223   -1763061.8742     198875.1519          0.7029          0.0286    -615195.4874    -528962.2356    -621618.5181          5.8093       2708.5290          0.0000  160875000.0000

INFO:        100          2.0000   -1394693.3189   -1561728.8618     167035.5429         11.3300      59343.3416    -548061.7233    -496376.3925    -579312.1964          6.4417       2671.6670        278.0230  160875000.0000

INFO:        200          4.0000   -1365417.8278   -1543474.9664     178057.1387         11.5776      62278.0957    -540670.4806    -493355.0945    -574376.9886          6.4986       2643.0030        294.9499  160875000.0000

INFO:        300          6.0000   -1358081.5597   -1538598.2366     180516.6769         11.6728      63373.1201    -539203.0896    -492639.4798    -572779.4364          6.5548       2644.0942        299.3525  160875000.0000

INFO:        400          8.0000   -1357100.5250   -1538148.2086     181047.6836         11.6789      63467.3017    -538722.4527    -492659.8633    -572881.8364          7.2589       2641.3832        299.6887  160875000.0000

INFO:        500         10.0000   -1357416.6036   -1538302.3186     180885.7150         11.6552      63292.1154    -539051.3230    -492422.7269    -572776.6962          6.5825       2649.7297        299.8704  160875000.0000

INFO:        600         12.0000   -1357364.2693   -1538208.6826     180844.4133         11.6562      63223.6342    -538847.4477    -492665.8431    -572569.3444          6.8552       2643.4631        299.3373  160875000.0000

INFO:        700         14.0000   -1356935.9009   -1537758.5182     180822.6173         11.6506      63383.9676    -538855.0361    -492586.7929    -572358.7130          6.9427       2651.1135        299.4598  160875000.0000

INFO:        800         16.0000   -1356998.2844   -1538079.5793     181081.2948         11.6453      63314.3698    -539203.1921    -492474.7451    -572366.7644          6.7315       2644.0210        299.8770  160875000.0000

INFO:        900         18.0000   -1356543.0212   -1537343.7573     180800.7361         11.6646      63621.8694    -538696.7506    -492548.8102    -572370.5040          7.1177       2643.3204        299.8656  160875000.0000

INFO:       1000         20.0000   -1357160.5239   -1538203.0401     181042.5162         11.6423      63177.5163    -539317.6038    -492342.1638    -572374.7362          7.2317       2646.7157        300.2499  160875000.0000

INFO:       1100         22.0000   -1356568.8193   -1537526.9146     180958.0953         11.6636      63386.3667    -538885.9048    -492373.7257    -572309.1292          7.1124       2648.3658        300.1309  160875000.0000

INFO:       1200         24.0000   -1356182.9330   -1537391.1895     181208.2565         11.6692      63593.2564    -539017.7554    -492241.7955    -572376.3455          7.2170       2644.2335        300.3668  160875000.0000

INFO:       1300         26.0000   -1356370.0844   -1537529.3365     181159.2521         11.6834      63581.3120    -538893.7336    -492493.4581    -572370.4847          7.1370       2639.8908        300.6014  160875000.0000

INFO:       1400         28.0000   -1356230.8604   -1536927.2900     180696.4296         11.6743      63685.2139    -538779.9639    -492434.3575    -572056.0788          7.1080       2650.7883        299.3833  160875000.0000

INFO:       1500         30.0000   -1357452.2289   -1538136.6513     180684.4224         11.6352      63194.8409    -539441.3327    -492346.3669    -572197.8776          7.0717       2647.0133        299.1160  160875000.0000

INFO:       1600         32.0000   -1356695.5802   -1537397.0087     180701.4285         11.6650      63419.7978    -538894.5929    -492397.5336    -572176.3673          6.9522       2644.7351        299.0590  160875000.0000

INFO:       1700         34.0000   -1356529.9965   -1537195.3261     180665.3296         11.6695      63399.4126    -538513.8126    -492456.8351    -572276.4499          7.7994       2644.5596        299.4836  160875000.0000

INFO:       1800         36.0000   -1356830.2987   -1537575.2662     180744.9675         11.6600      63223.6831    -538711.9439    -492451.5737    -572285.8771          7.4786       2642.9669        299.9472  160875000.0000

INFO:       1900         38.0000   -1356291.5654   -1537333.4015     181041.8361         11.6876      63637.7347    -538823.4077    -492438.3709    -572360.5516          7.3371       2643.8569        300.3040  160875000.0000

INFO:       2000         40.0000   -1356208.5009   -1537555.8322     181347.3314         11.6835      63738.2021    -539034.5423    -492471.3406    -572439.5958          8.2553       2643.1891        301.0269  160875000.0000

 
[STEP6] Deallocate Arrays
 
Output_Time> Averaged timer profile (Min, Max)
  total time      =       9.759
    setup         =       4.372
    dynamics      =       5.386
      energy      =       3.566
      integrator  =       1.387
      migration   =       0.176
      pairlist    =       0.135 (       0.042,       0.277)
  energy           
    bond          =       0.033 (       0.006,       0.074)
    angle         =       0.195 (       0.033,       0.508)
    dihedral      =       0.234 (       0.036,       0.555)
    base stacking =       0.000 (       0.000,       0.000)
    nonbond       =       0.577 (       0.095,       1.266)
      CG exv      =       0.044 (       0.014,       0.096)
      CG DNA bp   =       0.000 (       0.000,       0.000)
      CG DNA exv  =       0.000 (       0.000,       0.000)
      CG ele      =       0.372 (       0.053,       0.851)
      CG PWMcos   =       0.000 (       0.000,       0.000)
      CG PWMcosns =       0.000 (       0.000,       0.000)
      CG IDR-HPS  =       0.000 (       0.000,       0.000)
      CG IDR-KH   =       0.000 (       0.000,       0.000)
      CG KH       =       0.000 (       0.000,       0.000)
      Contact     =       0.161 (       0.021,       0.346)
      pme real    =       0.000 (       0.000,       0.000)
      pme recip   =       0.000 (       0.000,       0.000)
    solvation     =       0.000 (       0.000,       0.000)
      polar       =       0.000 (       0.000,       0.000)
      non-polar   =       0.000 (       0.000,       0.000)
    restraint     =       0.000 (       0.000,       0.000)
    qmmm          =       0.000 (       0.000,       0.000)
    morph         =       0.000 (       0.000,       0.000)
  integrator       
    constraint    =       0.000 (       0.000,       0.000)
    update        =       0.000 (       0.000,       0.000)
    comm_coord    =       0.726 (       0.376,       1.157)
    comm_force    =       0.414 (       0.310,       0.654)
  migration       =       0.176 (       0.176,       0.176)
    comm_migrate  =       0.063 (       0.048,       0.073)
    ptl_migrate   =       0.002 (       0.001,       0.003)
    bond_migrate  =       0.001 (       0.000,       0.001)
    angl_migrate  =       0.001 (       0.000,       0.002)
    dihe_migrate  =       0.001 (       0.001,       0.002)
    contact_migr  =       0.007 (       0.002,       0.014)
    stack_migrate =       0.000 (       0.000,       0.000)
    pwmcos_migrate =       0.000 (       0.000,       0.000)
    pwmcosns_migr  =       0.000 (       0.000,       0.000)
    nonb_update    =       0.049 (       0.010,       0.103)

