****************************************************
*                                                  *
*                  GENESIS CGDYN                   *
*                                                  *
*        A Molecular Dynamics Simulator with       *
*           Spatial Decomposition Scheme           *
*                                                  *
*               Developed by RIKEN                 *
*                                                  *
****************************************************
 
[STEP0] Architecture and Compiler Information
 
GENESIS_Information> GENESIS Information
  version      = 2.0.0
  commit ID    = $GENESIS_VERSION$
  precision    = mixed 
  nonbonding   = CPU

Build_Information> Compiler Information
  build host   = jjwsmj@hokusai2
  fortran      = ifort (IFORT) 2021.7.1 20221019
  option       = 
  -axCORE-AVX512 -g -O3  -qmkl=parallel  -assume byterecl -qopenmp  
  C            = 
 icc: remark #10441: The Intel(R) C++ Compiler Classic (ICC) is deprecated and w
 ill be removed from product release in the second half of 2023. The Intel(R) on
 eAPI DPC++/C++ Compiler (ICX) is the recommended compiler moving forward. Pleas
 e transition to use this compiler. Use '-diag-disable=10441' to disable this me
 ssage.
  option       = -O3 -ip -axCORE-AVX2  -qopenmp 
  defined var. = 
  -DHAVE_MPI_GENESIS -DOMP -DIFORT19 -DFFTE -DLAPACK -DDSFMT_MEXP=19937 -DINTEL
  link option  = 
  -assume byterecl -lgfortran -qopenmp  -lmkl_intel_lp64 -lmkl_sequential -lmkl_
 core -lmkl_lapack95_lp64   
  MPI Compiler = Intel(R) MPI

Runtime_Information> Machine and Library Information
  date       = 2023/05/12 17:13:47
  cpu model    = Intel(R) Xeon(R) Gold 6148 CPU @ 2.40GHz
  exec. host   = jjwsmj@bwmpc0420
  LD library   = 
 /bwfefs/opt/x86_64/intel/oneapi/2022.3/mpi/2021.7.1/libfabric/lib:/bwfefs/opt/x
 86_64/intel/oneapi/2022.3/mpi/2021.7.1/lib/release:/bwfefs/opt/x86_64/intel/one
 api/2022.3/mpi/2021.7.1/lib:/bwfefs/opt/x86_64/intel/oneapi/2022.3/tbb/2021.7.1
 /lib/intel64/gcc4.8:/usr/lib64:/bwfefs/opt/x86_64/intel/oneapi/2022.3/vpl/2022.
 2.5/lib:/bwfefs/opt/x86_64/intel/oneapi/2022.3/mkl/latest/lib/intel64:/bwfefs/o
 pt/x86_64/intel/oneapi/2022.3/itac/2021.7.1/slib:/bwfefs/opt/x86_64/intel/oneap
 i/2022.3/ippcp/2021.6.2/lib/intel64:/bwfefs/opt/x86_64/intel/oneapi/2022.3/ipp/
 2021.6.2/lib/intel64:/bwfefs/opt/x86_64/intel/oneapi/2022.3/dnnl/2022.2.1/cpu_d
 pcpp_gpu_dpcpp/lib:/bwfefs/opt/x86_64/intel/oneapi/2022.3/dal/2021.7.1/lib/inte
 l64:/bwfefs/opt/x86_64/intel/oneapi/2022.3/compiler/2022.2.1/linux/compiler/lib
 :/bwfefs/opt/x86_64/intel/oneapi/2022.3/compiler/2022.2.1/linux/lib/oclfpga/hos
 t/linux64/lib:/bwfefs/opt/x86_64/intel/oneapi/2022.3/compiler/2022.2.1/linux/li
 b/oclfpga/linux64/lib:/bwfefs/opt/x86_64/intel/oneapi/2022.3/compiler/2022.2.1/
 linux/lib:/bwfefs/opt/x86_64/intel/oneapi/2022.3/compiler/2022.2.1/linux/lib/x6
 4:/bwfefs/opt/x86_64/intel/oneapi/2022.3/compiler/2022.2.1/linux/lib/emu:/bwfef
 s/opt/x86_64/intel/oneapi/2022.3/compiler/2022.2.1/linux/compiler/lib/intel64_l
 in:/bwfefs/opt/x86_64/intel/oneapi/2022.3/debugger/2021.7.1/dep/lib:/bwfefs/opt
 /x86_64/intel/oneapi/2022.3/debugger/2021.7.1/libipt/intel64/lib:/bwfefs/opt/x8
 6_64/intel/oneapi/2022.3/debugger/2021.7.1/gdb/intel64/lib:/bwfefs/opt/x86_64/
 MPI Runtime = Intel(R) MPI Library 2021.7 for Linux* OS


[STEP1] Read Control Parameters
 
Read_Ctrl_Input> Input Files
  grotopfile = dps_120.top
  grocrdfile = crd/dps_mul_4_5_6.gro
 
Read_Ctrl_Output> Output Files
 
Read_Ctrl_Energy> Parameters of Energy Calculations
  forcefield      =    RESIDCG
  output_style    =    GENESIS
 
Read_Ctrl_Dynamics> Parameters of MD simulation
  integrator      =       VVER  nsteps          =       2000
  timestep        =     0.0200  initial_time    =     0.0000
  eneout_period   =        100  rstout_period   =          0
  crdout_period   =          0  velout_period   =          0
  nbupdate_period =         20  stoptr_period   =         10
  lbupdate_period =          0
  iseed           =         -1
  annealing       =         no
  verbose         =         no
  target_md       =         no
  steered_md      =         no
 
Read_Ctrl_Ensemble> Parameters for Ensemble
  ensemble        =        NVT
  temperature     =    300.000
  tpcontrol       =   LANGEVIN
  gamma_t         =      1.000
 
Read_Ctrl_Boundary> Parameters of Boundary Condition
  type            =       PBC 
  box_size(x,y,z) =    450.000   550.000   650.000
  min_domain_cell =          2
 
Read_Ctrl_Selection> Parameters of Selection
  # of groups     =          0
  # of mole names =          0
 
Read_Ctrl_Restraints> No restraint in the system

Read_Ctrl_Fitting_MD> Parameters of Fitting
  fitting method  =  TR+ROT   
  fitting atom    = group1
  mass_weight     =         no
 
[STEP2] Setup MPI
 
Setup_Mpi_Md> Summary of Setup MPI
  number of MPI processes   =        256
  number of OpenMP threads  =          5
  total number of CPU cores =       1280

[STEP3] Set Relevant Variables and Structures
 
Read_Grotop> Summary of Grotopfile
  num_moltypes    =          1
    dps_cg                :
      num_atoms   =       1853
      num_bonds   =       1841
      num_angls   =       3658
      num_dihes   =       3634
      num_cmaps   =          0
      num_excls   =      10717
      num_constrs =          0
      num_pairs   =      10717
      num_vsites2 =          0
      num_vsites3 =          0
      num_vsites4 =          0
      num_vsitesn =          0
      num_posress =          0
      num_PWMcos  =          0
      num_PWMcosns=          0
      num_IDR_HPS =          0
      num_IDR_KH  =          0
    .. not used molecule types were hidden.

  num_molecules   =        120
    dps_cg                :  120

  num_atomtypes   =         33  num_bondtypes   =          0
  num_angltypes   =          0  num_dihetypes   =          0
  num_flangltypes           20
  num_fldihetypes          400
  num_constrtypes =          0  num_cmaptypes   =          0
  num_nbonparms   =          0
  num_basestacktypes  =     16
  num_basepairtypes   =      4
  num_basecrosstypes  =     32
  num_cgdnaexvtypes   =      6
  num_cgelemolpairs   =      1
  num_cg_IDR_HPS_atomtypes  =     20
  num_cg_KH_atomtypes  =    20

  num_cg_pair_MJ_eps   =   400

Define_Molecule> Summary of molecules
  num_atoms       =     222360  num_bonds       =     220920
  num_angles      =     438960  num_dihedrals   =     436080
  num_impropers   =          0  num_cmap_terms  =          0
  num_residues    =     222360  num_molecules   =       1440
  num_segments    =          1  num_deg_freedom =     667080
  total_charge    = -10080.000
 
Setup_Boundary_Cell> Set Variables for Boundary Condition
  domains (x,y,z) =          4         8         8
  ncells (x,y,z)  =         15        19        22
 
Define_Enefunc_Gromacs> Number of Interactions in Each Term
  bond_ene        =     220920  angle_ene       =     219480
  flex_angle_ene  =     219480
  torsion_ene     =     438960
 restraint_groups =          0 restraint_funcs  =          0
 
Setup_Dynamics> Subtract 3 translational degrees of freedom
 
Update_Num_Deg_Freedom> Number of degrees of freedom was updated
  num_deg_freedom =     667077 (After removing translation)
 
Random_Init> Initialize the random number
  seed            = 137247

Setup_Fitting_cgdyn> NO fitting is applied, skip
  fitting method  =  NO
 
[STEP4] Compute Single Point Energy for Molecules
 
            STEP          ENERGY            BOND           ANGLE        DIHEDRAL  NATIVE_CONTACT NON-NATIVE_CONT           ELECT          CG_EXV
 --------------- --------------- --------------- --------------- ---------------
               0   -1763061.8742          0.0286    -615195.4874    -528962.2356    -621618.5181          0.0000       2708.5290          5.8093

[STEP5] Perform Molecular Dynamics Simulation
 
Initial_Velocity> Generate initial velocities
  iseed           =     137247
  temperature     =    300.000
 
Random_Init_Velocity> Initialize the random number
  seed            = 137247

INFO:       STEP            TIME       TOTAL_ENE   POTENTIAL_ENE     KINETIC_ENE            RMSG            BOND           ANGLE        DIHEDRAL  NATIVE_CONTACT          CG_EXV           ELECT     TEMPERATURE          VOLUME
 --------------- --------------- --------------- --------------- ---------------
INFO:          0          0.0000   -1564753.2301   -1763061.8742     198308.6441          0.7029          0.0286    -615195.4874    -528962.2356    -621618.5181          5.8093       2708.5290          0.0000  160875000.0000

INFO:        100          2.0000   -1394905.8112   -1561154.9508     166249.1396         11.3618      59751.0726    -547711.6691    -496463.2156    -579408.6446          6.5040       2671.0019        277.5073  160875000.0000

INFO:        200          4.0000   -1365863.1898   -1543391.7991     177528.6092         11.6040      62556.9703    -540754.7326    -493379.1010    -574467.4552          6.3774       2646.1421        294.9261  160875000.0000

INFO:        300          6.0000   -1358948.6548   -1538952.1406     180003.4858         11.6452      63194.9397    -539390.1685    -492555.9139    -572849.0053          6.5487       2641.4586        298.5287  160875000.0000

INFO:        400          8.0000   -1357634.8476   -1538417.0408     180782.1932         11.6390      63080.6124    -539191.1613    -492394.8022    -572561.7804          6.7654       2643.3254        299.3421  160875000.0000

INFO:        500         10.0000   -1356071.5410   -1537101.7635     181030.2225         11.6608      63401.6510    -538792.3593    -492071.5937    -572291.7435          7.3834       2644.8987        299.9197  160875000.0000

INFO:        600         12.0000   -1356700.9337   -1537724.3206     181023.3869         11.6569      63530.0228    -539157.7139    -492494.0323    -572255.7156          6.6166       2646.5019        300.3553  160875000.0000

INFO:        700         14.0000   -1356409.9586   -1537645.1575     181235.1990         11.6511      63132.7725    -538537.9823    -492484.5054    -572401.0676          6.8387       2638.7864        300.4024  160875000.0000

INFO:        800         16.0000   -1356039.1084   -1537639.6050     181600.4966         11.6659      63329.1297    -538782.7815    -492340.5772    -572494.7442          6.7383       2642.6299        300.6386  160875000.0000

INFO:        900         18.0000   -1356715.1462   -1537603.0504     180887.9042         11.6647      63358.5674    -538746.2330    -492561.2754    -572306.4730          7.5260       2644.8376        299.8668  160875000.0000

INFO:       1000         20.0000   -1357299.7562   -1537971.5278     180671.7716         11.6669      63342.2188    -538956.5354    -492544.5818    -572465.0332          6.6812       2645.7225        299.7106  160875000.0000

INFO:       1100         22.0000   -1357023.3912   -1538116.7979     181093.4067         11.6554      63470.6519    -539131.8499    -492551.2672    -572557.8368          7.0209       2646.4832        300.3035  160875000.0000

INFO:       1200         24.0000   -1357051.5341   -1538354.6877     181303.1536         11.6574      63327.6442    -539008.1270    -492638.1879    -572689.0718          7.4847       2645.5701        299.9506  160875000.0000

INFO:       1300         26.0000   -1356823.4012   -1537543.6786     180720.2775         11.6817      63582.7701    -538983.8386    -492308.2890    -572479.8069          7.0496       2638.4362        299.8041  160875000.0000

INFO:       1400         28.0000   -1356745.3837   -1537670.6199     180925.2362         11.6621      63213.2692    -538499.5954    -492378.5918    -572657.8940          8.6358       2643.5564        300.0845  160875000.0000

INFO:       1500         30.0000   -1357381.6184   -1538262.7789     180881.1606         11.6360      63155.7493    -539112.4459    -492435.2662    -572519.1732          7.1492       2641.2079        299.6106  160875000.0000

INFO:       1600         32.0000   -1356438.2827   -1537687.3269     181249.0442         11.6449      63169.5528    -538681.8653    -492230.4490    -572593.9356          7.0340       2642.3361        300.1658  160875000.0000

INFO:       1700         34.0000   -1357873.1273   -1538631.1564     180758.0291         11.6408      63129.5801    -539284.9614    -492595.2612    -572534.3419          7.8963       2645.9318        299.3902  160875000.0000

INFO:       1800         36.0000   -1356641.5581   -1537719.5227     181077.9646         11.6741      63273.5170    -538626.1760    -492577.4676    -572445.2280          8.9408       2646.8910        300.2660  160875000.0000

INFO:       1900         38.0000   -1355798.1585   -1537091.2879     181293.1293         11.6940      63799.8045    -539033.0690    -492280.0478    -572230.8475          7.4351       2645.4369        300.3179  160875000.0000

INFO:       2000         40.0000   -1356758.9442   -1537739.0593     180980.1151         11.6599      63253.7212    -538862.4859    -492317.5982    -572467.2356          7.2607       2647.2785        300.2856  160875000.0000

 
[STEP6] Deallocate Arrays
 
Output_Time> Averaged timer profile (Min, Max)
  total time      =       9.239
    setup         =       3.838
    dynamics      =       5.401
      energy      =       3.533
      integrator  =       1.419
      migration   =       0.184
      pairlist    =       0.141 (       0.048,       0.290)
  energy           
    bond          =       0.034 (       0.007,       0.074)
    angle         =       0.195 (       0.038,       0.482)
    dihedral      =       0.232 (       0.041,       0.527)
    base stacking =       0.000 (       0.000,       0.000)
    nonbond       =       0.583 (       0.098,       1.407)
      CG exv      =       0.044 (       0.016,       0.095)
      CG DNA bp   =       0.000 (       0.000,       0.000)
      CG DNA exv  =       0.000 (       0.000,       0.000)
      CG ele      =       0.375 (       0.055,       0.843)
      CG PWMcos   =       0.000 (       0.000,       0.000)
      CG PWMcosns =       0.000 (       0.000,       0.000)
      CG IDR-HPS  =       0.000 (       0.000,       0.000)
      CG IDR-KH   =       0.000 (       0.000,       0.000)
      CG KH       =       0.000 (       0.000,       0.000)
      Contact     =       0.164 (       0.021,       0.496)
      pme real    =       0.000 (       0.000,       0.000)
      pme recip   =       0.000 (       0.000,       0.000)
    solvation     =       0.000 (       0.000,       0.000)
      polar       =       0.000 (       0.000,       0.000)
      non-polar   =       0.000 (       0.000,       0.000)
    restraint     =       0.000 (       0.000,       0.000)
    qmmm          =       0.000 (       0.000,       0.000)
    morph         =       0.000 (       0.000,       0.000)
  integrator       
    constraint    =       0.000 (       0.000,       0.000)
    update        =       0.000 (       0.000,       0.000)
    comm_coord    =       0.753 (       0.392,       1.142)
    comm_force    =       0.418 (       0.299,       0.573)
  migration       =       0.184 (       0.184,       0.185)
    comm_migrate  =       0.066 (       0.051,       0.076)
    ptl_migrate   =       0.002 (       0.001,       0.003)
    bond_migrate  =       0.001 (       0.000,       0.001)
    angl_migrate  =       0.001 (       0.001,       0.002)
    dihe_migrate  =       0.001 (       0.001,       0.002)
    contact_migr  =       0.007 (       0.002,       0.015)
    stack_migrate =       0.000 (       0.000,       0.000)
    pwmcos_migrate =       0.000 (       0.000,       0.000)
    pwmcosns_migr  =       0.000 (       0.000,       0.000)
    nonb_update    =       0.051 (       0.010,       0.106)

