****************************************************
*                                                  *
*                  GENESIS CGDYN                   *
*                                                  *
*        A Molecular Dynamics Simulator with       *
*           Spatial Decomposition Scheme           *
*                                                  *
*               Developed by RIKEN                 *
*                                                  *
****************************************************
 
[STEP0] Architecture and Compiler Information
 
GENESIS_Information> GENESIS Information
  version      = 2.0.0
  commit ID    = $GENESIS_VERSION$
  precision    = mixed 
  nonbonding   = CPU

Build_Information> Compiler Information
  build host   = jjwsmj@hokusai2
  fortran      = ifort (IFORT) 2021.7.1 20221019
  option       = 
  -axCORE-AVX512 -g -O3  -qmkl=parallel  -assume byterecl -qopenmp  
  C            = 
 icc: remark #10441: The Intel(R) C++ Compiler Classic (ICC) is deprecated and w
 ill be removed from product release in the second half of 2023. The Intel(R) on
 eAPI DPC++/C++ Compiler (ICX) is the recommended compiler moving forward. Pleas
 e transition to use this compiler. Use '-diag-disable=10441' to disable this me
 ssage.
  option       = -O3 -ip -axCORE-AVX2  -qopenmp 
  defined var. = 
  -DHAVE_MPI_GENESIS -DOMP -DIFORT19 -DFFTE -DLAPACK -DDSFMT_MEXP=19937 -DINTEL
  link option  = 
  -assume byterecl -lgfortran -qopenmp  -lmkl_intel_lp64 -lmkl_sequential -lmkl_
 core -lmkl_lapack95_lp64   
  MPI Compiler = Intel(R) MPI

Runtime_Information> Machine and Library Information
  date       = 2023/05/12 17:13:36
  cpu model    = Intel(R) Xeon(R) Gold 6148 CPU @ 2.40GHz
  exec. host   = jjwsmj@bwmpc0152
  LD library   = 
 /bwfefs/opt/x86_64/intel/oneapi/2022.3/mpi/2021.7.1/libfabric/lib:/bwfefs/opt/x
 86_64/intel/oneapi/2022.3/mpi/2021.7.1/lib/release:/bwfefs/opt/x86_64/intel/one
 api/2022.3/mpi/2021.7.1/lib:/bwfefs/opt/x86_64/intel/oneapi/2022.3/tbb/2021.7.1
 /lib/intel64/gcc4.8:/usr/lib64:/bwfefs/opt/x86_64/intel/oneapi/2022.3/vpl/2022.
 2.5/lib:/bwfefs/opt/x86_64/intel/oneapi/2022.3/mkl/latest/lib/intel64:/bwfefs/o
 pt/x86_64/intel/oneapi/2022.3/itac/2021.7.1/slib:/bwfefs/opt/x86_64/intel/oneap
 i/2022.3/ippcp/2021.6.2/lib/intel64:/bwfefs/opt/x86_64/intel/oneapi/2022.3/ipp/
 2021.6.2/lib/intel64:/bwfefs/opt/x86_64/intel/oneapi/2022.3/dnnl/2022.2.1/cpu_d
 pcpp_gpu_dpcpp/lib:/bwfefs/opt/x86_64/intel/oneapi/2022.3/dal/2021.7.1/lib/inte
 l64:/bwfefs/opt/x86_64/intel/oneapi/2022.3/compiler/2022.2.1/linux/compiler/lib
 :/bwfefs/opt/x86_64/intel/oneapi/2022.3/compiler/2022.2.1/linux/lib/oclfpga/hos
 t/linux64/lib:/bwfefs/opt/x86_64/intel/oneapi/2022.3/compiler/2022.2.1/linux/li
 b/oclfpga/linux64/lib:/bwfefs/opt/x86_64/intel/oneapi/2022.3/compiler/2022.2.1/
 linux/lib:/bwfefs/opt/x86_64/intel/oneapi/2022.3/compiler/2022.2.1/linux/lib/x6
 4:/bwfefs/opt/x86_64/intel/oneapi/2022.3/compiler/2022.2.1/linux/lib/emu:/bwfef
 s/opt/x86_64/intel/oneapi/2022.3/compiler/2022.2.1/linux/compiler/lib/intel64_l
 in:/bwfefs/opt/x86_64/intel/oneapi/2022.3/debugger/2021.7.1/dep/lib:/bwfefs/opt
 /x86_64/intel/oneapi/2022.3/debugger/2021.7.1/libipt/intel64/lib:/bwfefs/opt/x8
 6_64/intel/oneapi/2022.3/debugger/2021.7.1/gdb/intel64/lib:/bwfefs/opt/x86_64/
 MPI Runtime = Intel(R) MPI Library 2021.7 for Linux* OS


[STEP1] Read Control Parameters
 
Read_Ctrl_Input> Input Files
  grotopfile = dps_120.top
  grocrdfile = crd/dps_mul_4_5_6.gro
 
Read_Ctrl_Output> Output Files
 
Read_Ctrl_Energy> Parameters of Energy Calculations
  forcefield      =    RESIDCG
  output_style    =    GENESIS
 
Read_Ctrl_Dynamics> Parameters of MD simulation
  integrator      =       VVER  nsteps          =       2000
  timestep        =     0.0200  initial_time    =     0.0000
  eneout_period   =        100  rstout_period   =          0
  crdout_period   =          0  velout_period   =          0
  nbupdate_period =         20  stoptr_period   =         10
  lbupdate_period =          0
  iseed           =         -1
  annealing       =         no
  verbose         =         no
  target_md       =         no
  steered_md      =         no
 
Read_Ctrl_Ensemble> Parameters for Ensemble
  ensemble        =        NVT
  temperature     =    300.000
  tpcontrol       =   LANGEVIN
  gamma_t         =      1.000
 
Read_Ctrl_Boundary> Parameters of Boundary Condition
  type            =       PBC 
  box_size(x,y,z) =    450.000   550.000   650.000
  min_domain_cell =          2
 
Read_Ctrl_Selection> Parameters of Selection
  # of groups     =          0
  # of mole names =          0
 
Read_Ctrl_Restraints> No restraint in the system

Read_Ctrl_Fitting_MD> Parameters of Fitting
  fitting method  =  TR+ROT   
  fitting atom    = group1
  mass_weight     =         no
 
[STEP2] Setup MPI
 
Setup_Mpi_Md> Summary of Setup MPI
  number of MPI processes   =        256
  number of OpenMP threads  =          5
  total number of CPU cores =       1280

[STEP3] Set Relevant Variables and Structures
 
Read_Grotop> Summary of Grotopfile
  num_moltypes    =          1
    dps_cg                :
      num_atoms   =       1853
      num_bonds   =       1841
      num_angls   =       3658
      num_dihes   =       3634
      num_cmaps   =          0
      num_excls   =      10717
      num_constrs =          0
      num_pairs   =      10717
      num_vsites2 =          0
      num_vsites3 =          0
      num_vsites4 =          0
      num_vsitesn =          0
      num_posress =          0
      num_PWMcos  =          0
      num_PWMcosns=          0
      num_IDR_HPS =          0
      num_IDR_KH  =          0
    .. not used molecule types were hidden.

  num_molecules   =        120
    dps_cg                :  120

  num_atomtypes   =         33  num_bondtypes   =          0
  num_angltypes   =          0  num_dihetypes   =          0
  num_flangltypes           20
  num_fldihetypes          400
  num_constrtypes =          0  num_cmaptypes   =          0
  num_nbonparms   =          0
  num_basestacktypes  =     16
  num_basepairtypes   =      4
  num_basecrosstypes  =     32
  num_cgdnaexvtypes   =      6
  num_cgelemolpairs   =      1
  num_cg_IDR_HPS_atomtypes  =     20
  num_cg_KH_atomtypes  =    20

  num_cg_pair_MJ_eps   =   400

Define_Molecule> Summary of molecules
  num_atoms       =     222360  num_bonds       =     220920
  num_angles      =     438960  num_dihedrals   =     436080
  num_impropers   =          0  num_cmap_terms  =          0
  num_residues    =     222360  num_molecules   =       1440
  num_segments    =          1  num_deg_freedom =     667080
  total_charge    = -10080.000
 
Setup_Boundary_Cell> Set Variables for Boundary Condition
  domains (x,y,z) =          4         8         8
  ncells (x,y,z)  =         15        19        22
 
Define_Enefunc_Gromacs> Number of Interactions in Each Term
  bond_ene        =     220920  angle_ene       =     219480
  flex_angle_ene  =     219480
  torsion_ene     =     438960
 restraint_groups =          0 restraint_funcs  =          0
 
Setup_Dynamics> Subtract 3 translational degrees of freedom
 
Update_Num_Deg_Freedom> Number of degrees of freedom was updated
  num_deg_freedom =     667077 (After removing translation)
 
Random_Init> Initialize the random number
  seed            = 350147

Setup_Fitting_cgdyn> NO fitting is applied, skip
  fitting method  =  NO
 
[STEP4] Compute Single Point Energy for Molecules
 
            STEP          ENERGY            BOND           ANGLE        DIHEDRAL  NATIVE_CONTACT NON-NATIVE_CONT           ELECT          CG_EXV
 --------------- --------------- --------------- --------------- ---------------
               0   -1763061.8742          0.0286    -615195.4874    -528962.2356    -621618.5181          0.0000       2708.5290          5.8093

[STEP5] Perform Molecular Dynamics Simulation
 
Initial_Velocity> Generate initial velocities
  iseed           =     350147
  temperature     =    300.000
 
Random_Init_Velocity> Initialize the random number
  seed            = 350147

INFO:       STEP            TIME       TOTAL_ENE   POTENTIAL_ENE     KINETIC_ENE            RMSG            BOND           ANGLE        DIHEDRAL  NATIVE_CONTACT          CG_EXV           ELECT     TEMPERATURE          VOLUME
 --------------- --------------- --------------- --------------- ---------------
INFO:          0          0.0000   -1563946.8142   -1763061.8742     199115.0600          0.7029          0.0286    -615195.4874    -528962.2356    -621618.5181          5.8093       2708.5290          0.0000  160875000.0000

INFO:        100          2.0000   -1394920.9207   -1561572.9627     166652.0420         11.3307      59214.3620    -547671.4423    -496369.5809    -579423.5187          6.5514       2670.6658        277.0483  160875000.0000

INFO:        200          4.0000   -1365073.0878   -1542929.9711     177856.8834         11.6272      62868.2552    -540832.3304    -493348.4144    -574275.1981          6.4025       2651.3139        295.4510  160875000.0000

INFO:        300          6.0000   -1359585.2993   -1539325.5715     179740.2722         11.6541      63184.5145    -539174.2672    -492849.7871    -573137.1916          6.6956       2644.4644        298.1843  160875000.0000

INFO:        400          8.0000   -1357516.9438   -1538491.5122     180974.5684         11.6624      63194.5668    -539080.6223    -492514.4572    -572741.5955          6.5326       2644.0635        300.0470  160875000.0000

INFO:        500         10.0000   -1356561.9894   -1537708.1962     181146.2068         11.6551      63314.3186    -538740.7299    -492397.2446    -572532.9546          6.8948       2641.5195        300.2964  160875000.0000

INFO:        600         12.0000   -1357336.9151   -1538038.4497     180701.5346         11.6599      63374.5952    -539140.9329    -492444.0049    -572475.8240          6.5312       2641.1857        299.9020  160875000.0000

INFO:        700         14.0000   -1355956.1784   -1537173.9437     181217.7653         11.6646      63317.9227    -538519.4765    -492261.3308    -572357.1112          6.9851       2639.0669        300.6481  160875000.0000

INFO:        800         16.0000   -1355851.1983   -1537205.0812     181353.8829         11.6669      63455.1200    -538788.8647    -492320.6030    -572198.7085          6.8079       2641.1670        300.7006  160875000.0000

INFO:        900         18.0000   -1356267.6418   -1537242.4961     180974.8543         11.6559      63290.4939    -538596.5818    -492371.5782    -572212.4435          6.9886       2640.6249        300.0733  160875000.0000

INFO:       1000         20.0000   -1355320.4603   -1536796.8930     181476.4327         11.6830      63543.2172    -538552.9649    -492264.8640    -572167.7637          7.4515       2638.0308        301.0479  160875000.0000

INFO:       1100         22.0000   -1357086.5955   -1537767.0780     180680.4825         11.6521      63258.7747    -538681.9574    -492432.9981    -572559.4373          7.1294       2641.4108        299.5975  160875000.0000

INFO:       1200         24.0000   -1356635.1832   -1537404.2085     180769.0253         11.6409      63292.4074    -538893.2725    -492277.2230    -572178.1646          7.6559       2644.3883        299.5233  160875000.0000

INFO:       1300         26.0000   -1356065.5004   -1537325.6153     181260.1149         11.6717      63576.6903    -538922.6089    -492195.4479    -572434.5416          8.0158       2642.2770        300.1306  160875000.0000

INFO:       1400         28.0000   -1356263.0497   -1537250.8895     180987.8398         11.6670      63440.7960    -538806.0132    -492252.4357    -572283.3050          8.9401       2641.1283        299.8344  160875000.0000

INFO:       1500         30.0000   -1356576.5367   -1536974.1182     180397.5815         11.6798      63574.3671    -538675.5584    -492214.5604    -572313.8971          8.1982       2647.3324        299.1073  160875000.0000

INFO:       1600         32.0000   -1356793.3090   -1537680.3116     180887.0026         11.6454      63083.9347    -538685.8883    -492499.2202    -572230.3972          7.6875       2643.5720        299.6208  160875000.0000

INFO:       1700         34.0000   -1355691.5425   -1536697.6516     181006.1091         11.6657      63164.9015    -538360.5314    -492311.8464    -571844.0327          8.7886       2645.0689        299.9124  160875000.0000

INFO:       1800         36.0000   -1356084.7230   -1537427.2709     181342.5479         11.6730      63315.0335    -538684.6754    -492398.2764    -572317.1018          8.8269       2648.9222        300.5370  160875000.0000

INFO:       1900         38.0000   -1357287.2284   -1537755.5028     180468.2744         11.6443      63078.0976    -538672.2861    -492458.9818    -572357.4516          8.1193       2646.9997        299.0075  160875000.0000

INFO:       2000         40.0000   -1356792.4994   -1537411.5926     180619.0932         11.6594      63353.3060    -538808.9206    -492310.5322    -572294.7266          7.3739       2641.9070        299.8604  160875000.0000

 
[STEP6] Deallocate Arrays
 
Output_Time> Averaged timer profile (Min, Max)
  total time      =       9.322
    setup         =       3.839
    dynamics      =       5.483
      energy      =       3.504
      integrator  =       1.445
      migration   =       0.219
      pairlist    =       0.150 (       0.044,       0.316)
  energy           
    bond          =       0.034 (       0.007,       0.074)
    angle         =       0.196 (       0.034,       0.495)
    dihedral      =       0.232 (       0.039,       0.523)
    base stacking =       0.000 (       0.000,       0.000)
    nonbond       =       0.579 (       0.097,       1.356)
      CG exv      =       0.044 (       0.016,       0.094)
      CG DNA bp   =       0.000 (       0.000,       0.000)
      CG DNA exv  =       0.000 (       0.000,       0.000)
      CG ele      =       0.372 (       0.056,       0.899)
      CG PWMcos   =       0.000 (       0.000,       0.000)
      CG PWMcosns =       0.000 (       0.000,       0.000)
      CG IDR-HPS  =       0.000 (       0.000,       0.000)
      CG IDR-KH   =       0.000 (       0.000,       0.000)
      CG KH       =       0.000 (       0.000,       0.000)
      Contact     =       0.163 (       0.022,       0.378)
      pme real    =       0.000 (       0.000,       0.000)
      pme recip   =       0.000 (       0.000,       0.000)
    solvation     =       0.000 (       0.000,       0.000)
      polar       =       0.000 (       0.000,       0.000)
      non-polar   =       0.000 (       0.000,       0.000)
    restraint     =       0.000 (       0.000,       0.000)
    qmmm          =       0.000 (       0.000,       0.000)
    morph         =       0.000 (       0.000,       0.000)
  integrator       
    constraint    =       0.000 (       0.000,       0.000)
    update        =       0.000 (       0.000,       0.000)
    comm_coord    =       0.770 (       0.431,       1.164)
    comm_force    =       0.424 (       0.299,       0.618)
  migration       =       0.219 (       0.219,       0.219)
    comm_migrate  =       0.088 (       0.058,       0.100)
    ptl_migrate   =       0.002 (       0.001,       0.004)
    bond_migrate  =       0.001 (       0.000,       0.001)
    angl_migrate  =       0.001 (       0.000,       0.002)
    dihe_migrate  =       0.001 (       0.001,       0.002)
    contact_migr  =       0.008 (       0.003,       0.016)
    stack_migrate =       0.000 (       0.000,       0.000)
    pwmcos_migrate =       0.000 (       0.000,       0.000)
    pwmcosns_migr  =       0.000 (       0.000,       0.000)
    nonb_update    =       0.055 (       0.011,       0.116)

