****************************************************
*                                                  *
*                  GENESIS CGDYN                   *
*                                                  *
*        A Molecular Dynamics Simulator with       *
*           Spatial Decomposition Scheme           *
*                                                  *
*               Developed by RIKEN                 *
*                                                  *
****************************************************
 
[STEP0] Architecture and Compiler Information
 
GENESIS_Information> GENESIS Information
  version      = 2.0.0
  commit ID    = $GENESIS_VERSION$
  precision    = mixed 
  nonbonding   = CPU

Build_Information> Compiler Information
  build host   = jjwsmj@hokusai2
  fortran      = ifort (IFORT) 2021.7.1 20221019
  option       = 
  -axCORE-AVX512 -g -O3  -qmkl=parallel  -assume byterecl -qopenmp  
  C            = 
 icc: remark #10441: The Intel(R) C++ Compiler Classic (ICC) is deprecated and w
 ill be removed from product release in the second half of 2023. The Intel(R) on
 eAPI DPC++/C++ Compiler (ICX) is the recommended compiler moving forward. Pleas
 e transition to use this compiler. Use '-diag-disable=10441' to disable this me
 ssage.
  option       = -O3 -ip -axCORE-AVX2  -qopenmp 
  defined var. = 
  -DHAVE_MPI_GENESIS -DOMP -DIFORT19 -DFFTE -DLAPACK -DDSFMT_MEXP=19937 -DINTEL
  link option  = 
  -assume byterecl -lgfortran -qopenmp  -lmkl_intel_lp64 -lmkl_sequential -lmkl_
 core -lmkl_lapack95_lp64   
  MPI Compiler = Intel(R) MPI

Runtime_Information> Machine and Library Information
  date       = 2023/05/12 17:13:51
  cpu model    = Intel(R) Xeon(R) Gold 6148 CPU @ 2.40GHz
  exec. host   = jjwsmj@bwmpc0453
  LD library   = 
 /bwfefs/opt/x86_64/intel/oneapi/2022.3/mpi/2021.7.1/libfabric/lib:/bwfefs/opt/x
 86_64/intel/oneapi/2022.3/mpi/2021.7.1/lib/release:/bwfefs/opt/x86_64/intel/one
 api/2022.3/mpi/2021.7.1/lib:/bwfefs/opt/x86_64/intel/oneapi/2022.3/tbb/2021.7.1
 /lib/intel64/gcc4.8:/usr/lib64:/bwfefs/opt/x86_64/intel/oneapi/2022.3/vpl/2022.
 2.5/lib:/bwfefs/opt/x86_64/intel/oneapi/2022.3/mkl/latest/lib/intel64:/bwfefs/o
 pt/x86_64/intel/oneapi/2022.3/itac/2021.7.1/slib:/bwfefs/opt/x86_64/intel/oneap
 i/2022.3/ippcp/2021.6.2/lib/intel64:/bwfefs/opt/x86_64/intel/oneapi/2022.3/ipp/
 2021.6.2/lib/intel64:/bwfefs/opt/x86_64/intel/oneapi/2022.3/dnnl/2022.2.1/cpu_d
 pcpp_gpu_dpcpp/lib:/bwfefs/opt/x86_64/intel/oneapi/2022.3/dal/2021.7.1/lib/inte
 l64:/bwfefs/opt/x86_64/intel/oneapi/2022.3/compiler/2022.2.1/linux/compiler/lib
 :/bwfefs/opt/x86_64/intel/oneapi/2022.3/compiler/2022.2.1/linux/lib/oclfpga/hos
 t/linux64/lib:/bwfefs/opt/x86_64/intel/oneapi/2022.3/compiler/2022.2.1/linux/li
 b/oclfpga/linux64/lib:/bwfefs/opt/x86_64/intel/oneapi/2022.3/compiler/2022.2.1/
 linux/lib:/bwfefs/opt/x86_64/intel/oneapi/2022.3/compiler/2022.2.1/linux/lib/x6
 4:/bwfefs/opt/x86_64/intel/oneapi/2022.3/compiler/2022.2.1/linux/lib/emu:/bwfef
 s/opt/x86_64/intel/oneapi/2022.3/compiler/2022.2.1/linux/compiler/lib/intel64_l
 in:/bwfefs/opt/x86_64/intel/oneapi/2022.3/debugger/2021.7.1/dep/lib:/bwfefs/opt
 /x86_64/intel/oneapi/2022.3/debugger/2021.7.1/libipt/intel64/lib:/bwfefs/opt/x8
 6_64/intel/oneapi/2022.3/debugger/2021.7.1/gdb/intel64/lib:/bwfefs/opt/x86_64/
 MPI Runtime = Intel(R) MPI Library 2021.7 for Linux* OS


[STEP1] Read Control Parameters
 
Read_Ctrl_Input> Input Files
  grotopfile = dps_120.top
  grocrdfile = crd/dps_mul_4_5_6.gro
 
Read_Ctrl_Output> Output Files
 
Read_Ctrl_Energy> Parameters of Energy Calculations
  forcefield      =    RESIDCG
  output_style    =    GENESIS
 
Read_Ctrl_Dynamics> Parameters of MD simulation
  integrator      =       VVER  nsteps          =       2000
  timestep        =     0.0200  initial_time    =     0.0000
  eneout_period   =        100  rstout_period   =          0
  crdout_period   =          0  velout_period   =          0
  nbupdate_period =         20  stoptr_period   =         10
  lbupdate_period =          0
  iseed           =         -1
  annealing       =         no
  verbose         =         no
  target_md       =         no
  steered_md      =         no
 
Read_Ctrl_Ensemble> Parameters for Ensemble
  ensemble        =        NVT
  temperature     =    300.000
  tpcontrol       =   LANGEVIN
  gamma_t         =      1.000
 
Read_Ctrl_Boundary> Parameters of Boundary Condition
  type            =       PBC 
  box_size(x,y,z) =    450.000   550.000   650.000
  min_domain_cell =          2
 
Read_Ctrl_Selection> Parameters of Selection
  # of groups     =          0
  # of mole names =          0
 
Read_Ctrl_Restraints> No restraint in the system

Read_Ctrl_Fitting_MD> Parameters of Fitting
  fitting method  =  TR+ROT   
  fitting atom    = group1
  mass_weight     =         no
 
[STEP2] Setup MPI
 
Setup_Mpi_Md> Summary of Setup MPI
  number of MPI processes   =        256
  number of OpenMP threads  =          5
  total number of CPU cores =       1280

[STEP3] Set Relevant Variables and Structures
 
Read_Grotop> Summary of Grotopfile
  num_moltypes    =          1
    dps_cg                :
      num_atoms   =       1853
      num_bonds   =       1841
      num_angls   =       3658
      num_dihes   =       3634
      num_cmaps   =          0
      num_excls   =      10717
      num_constrs =          0
      num_pairs   =      10717
      num_vsites2 =          0
      num_vsites3 =          0
      num_vsites4 =          0
      num_vsitesn =          0
      num_posress =          0
      num_PWMcos  =          0
      num_PWMcosns=          0
      num_IDR_HPS =          0
      num_IDR_KH  =          0
    .. not used molecule types were hidden.

  num_molecules   =        120
    dps_cg                :  120

  num_atomtypes   =         33  num_bondtypes   =          0
  num_angltypes   =          0  num_dihetypes   =          0
  num_flangltypes           20
  num_fldihetypes          400
  num_constrtypes =          0  num_cmaptypes   =          0
  num_nbonparms   =          0
  num_basestacktypes  =     16
  num_basepairtypes   =      4
  num_basecrosstypes  =     32
  num_cgdnaexvtypes   =      6
  num_cgelemolpairs   =      1
  num_cg_IDR_HPS_atomtypes  =     20
  num_cg_KH_atomtypes  =    20

  num_cg_pair_MJ_eps   =   400

Define_Molecule> Summary of molecules
  num_atoms       =     222360  num_bonds       =     220920
  num_angles      =     438960  num_dihedrals   =     436080
  num_impropers   =          0  num_cmap_terms  =          0
  num_residues    =     222360  num_molecules   =       1440
  num_segments    =          1  num_deg_freedom =     667080
  total_charge    = -10080.000
 
Setup_Boundary_Cell> Set Variables for Boundary Condition
  domains (x,y,z) =          4         8         8
  ncells (x,y,z)  =         15        19        22
 
Define_Enefunc_Gromacs> Number of Interactions in Each Term
  bond_ene        =     220920  angle_ene       =     219480
  flex_angle_ene  =     219480
  torsion_ene     =     438960
 restraint_groups =          0 restraint_funcs  =          0
 
Setup_Dynamics> Subtract 3 translational degrees of freedom
 
Update_Num_Deg_Freedom> Number of degrees of freedom was updated
  num_deg_freedom =     667077 (After removing translation)
 
Random_Init> Initialize the random number
  seed            = 905647

Setup_Fitting_cgdyn> NO fitting is applied, skip
  fitting method  =  NO
 
[STEP4] Compute Single Point Energy for Molecules
 
            STEP          ENERGY            BOND           ANGLE        DIHEDRAL  NATIVE_CONTACT NON-NATIVE_CONT           ELECT          CG_EXV
 --------------- --------------- --------------- --------------- ---------------
               0   -1763061.8742          0.0286    -615195.4874    -528962.2356    -621618.5181          0.0000       2708.5290          5.8093

[STEP5] Perform Molecular Dynamics Simulation
 
Initial_Velocity> Generate initial velocities
  iseed           =     905647
  temperature     =    300.000
 
Random_Init_Velocity> Initialize the random number
  seed            = 905647

INFO:       STEP            TIME       TOTAL_ENE   POTENTIAL_ENE     KINETIC_ENE            RMSG            BOND           ANGLE        DIHEDRAL  NATIVE_CONTACT          CG_EXV           ELECT     TEMPERATURE          VOLUME
 --------------- --------------- --------------- --------------- ---------------
INFO:          0          0.0000   -1563716.3425   -1763061.8742     199345.5318          0.7029          0.0286    -615195.4874    -528962.2356    -621618.5181          5.8093       2708.5290          0.0000  160875000.0000

INFO:        100          2.0000   -1394045.0513   -1561106.4684     167061.4170         11.3511      59382.8923    -547587.4219    -496451.2181    -579131.0861          6.5129       2673.8526        278.5091  160875000.0000

INFO:        200          4.0000   -1364929.5541   -1542905.3465     177975.7924         11.6032      62573.9171    -540518.6417    -493204.8954    -574409.5569          6.4037       2647.4267        295.4190  160875000.0000

INFO:        300          6.0000   -1358801.2560   -1539433.6735     180632.4175         11.6328      63043.0035    -539433.0931    -492794.7908    -572899.9580          6.5403       2644.6246        299.6223  160875000.0000

INFO:        400          8.0000   -1357262.2125   -1537417.3925     180155.1801         11.6553      63362.0052    -538584.3066    -492309.0389    -572535.6191          6.6380       2642.9289        298.9518  160875000.0000

INFO:        500         10.0000   -1357004.8148   -1537638.5173     180633.7025         11.6792      63626.1029    -538684.6202    -492448.3079    -572783.1354          6.7439       2644.6993        299.4448  160875000.0000

INFO:        600         12.0000   -1356287.3941   -1537245.1799     180957.7858         11.6678      63587.3024    -538745.5462    -492279.6117    -572457.1759          6.8767       2642.9748        300.0427  160875000.0000

INFO:        700         14.0000   -1357466.3710   -1538143.2325     180676.8615         11.6751      63463.2680    -538957.3556    -492633.6790    -572670.4251          7.5598       2647.3994        299.5402  160875000.0000

INFO:        800         16.0000   -1356701.2263   -1537974.0426     181272.8162         11.6780      63518.8864    -538995.9565    -492525.5823    -572619.8127          6.7581       2641.6644        300.4405  160875000.0000

INFO:        900         18.0000   -1356467.0981   -1537334.8332     180867.7351         11.6443      63170.9136    -538448.9508    -492417.9924    -572293.1012          8.6293       2645.6683        300.2373  160875000.0000

INFO:       1000         20.0000   -1356779.1040   -1537561.1781     180782.0741         11.6560      63284.3951    -538788.4419    -492460.8092    -572241.6794          6.8576       2638.4996        299.8046  160875000.0000

INFO:       1100         22.0000   -1356465.4264   -1537035.0203     180569.5939         11.6731      63627.7450    -538539.1767    -492353.8588    -572425.0185          6.7548       2648.5338        299.3547  160875000.0000

INFO:       1200         24.0000   -1356207.3207   -1537755.4466     181548.1259         11.6491      63210.2752    -538803.2380    -492340.9522    -572470.0124          7.0089       2641.4719        300.5324  160875000.0000

INFO:       1300         26.0000   -1356466.5098   -1537501.5031     181034.9933         11.6609      63504.4553    -538934.0686    -492366.5111    -572357.7276          7.0854       2645.2637        299.8011  160875000.0000

INFO:       1400         28.0000   -1356136.9606   -1537673.2791     181536.3185         11.6618      63147.1592    -538775.4254    -492354.7545    -572347.7305          8.4022       2649.0700        300.6021  160875000.0000

INFO:       1500         30.0000   -1355888.6792   -1537147.9132     181259.2341         11.6753      63462.4370    -538806.7696    -492221.6486    -572233.4513          7.7782       2643.7410        300.5419  160875000.0000

INFO:       1600         32.0000   -1354839.7165   -1536096.8445     181257.1280         11.6809      63726.4477    -538084.5136    -492412.4562    -571974.9889          7.0425       2641.6240        300.3155  160875000.0000

INFO:       1700         34.0000   -1356640.0208   -1537717.6445     181077.6238         11.6675      63291.1824    -538409.0188    -492611.9462    -572640.4597          6.9561       2645.6417        299.9325  160875000.0000

INFO:       1800         36.0000   -1356951.6109   -1537897.6713     180946.0604         11.6577      63298.6747    -538981.6927    -492581.7877    -572283.2455          7.0816       2643.2982        300.0159  160875000.0000

INFO:       1900         38.0000   -1355836.6253   -1537141.2161     181304.5908         11.6638      63425.5626    -538566.6904    -492412.5067    -572240.2338          7.2430       2645.4092        299.9008  160875000.0000

INFO:       2000         40.0000   -1356309.9803   -1537083.4440     180773.4637         11.6678      63462.5255    -538833.3505    -492279.7397    -572086.0737          7.4042       2645.7902        299.7589  160875000.0000

 
[STEP6] Deallocate Arrays
 
Output_Time> Averaged timer profile (Min, Max)
  total time      =       9.794
    setup         =       4.189
    dynamics      =       5.606
      energy      =       3.607
      integrator  =       1.507
      migration   =       0.186
      pairlist    =       0.139 (       0.044,       0.291)
  energy           
    bond          =       0.033 (       0.007,       0.079)
    angle         =       0.195 (       0.030,       0.455)
    dihedral      =       0.233 (       0.035,       0.496)
    base stacking =       0.000 (       0.000,       0.000)
    nonbond       =       0.577 (       0.096,       1.396)
      CG exv      =       0.044 (       0.016,       0.095)
      CG DNA bp   =       0.000 (       0.000,       0.000)
      CG DNA exv  =       0.000 (       0.000,       0.000)
      CG ele      =       0.371 (       0.052,       0.887)
      CG PWMcos   =       0.000 (       0.000,       0.000)
      CG PWMcosns =       0.000 (       0.000,       0.000)
      CG IDR-HPS  =       0.000 (       0.000,       0.000)
      CG IDR-KH   =       0.000 (       0.000,       0.000)
      CG KH       =       0.000 (       0.000,       0.000)
      Contact     =       0.161 (       0.022,       0.414)
      pme real    =       0.000 (       0.000,       0.000)
      pme recip   =       0.000 (       0.000,       0.000)
    solvation     =       0.000 (       0.000,       0.000)
      polar       =       0.000 (       0.000,       0.000)
      non-polar   =       0.000 (       0.000,       0.000)
    restraint     =       0.000 (       0.000,       0.000)
    qmmm          =       0.000 (       0.000,       0.000)
    morph         =       0.000 (       0.000,       0.000)
  integrator       
    constraint    =       0.000 (       0.000,       0.000)
    update        =       0.000 (       0.000,       0.000)
    comm_coord    =       0.797 (       0.485,       1.216)
    comm_force    =       0.449 (       0.313,       0.582)
  migration       =       0.186 (       0.186,       0.186)
    comm_migrate  =       0.067 (       0.050,       0.079)
    ptl_migrate   =       0.002 (       0.001,       0.003)
    bond_migrate  =       0.001 (       0.000,       0.001)
    angl_migrate  =       0.001 (       0.001,       0.002)
    dihe_migrate  =       0.001 (       0.001,       0.002)
    contact_migr  =       0.007 (       0.002,       0.015)
    stack_migrate =       0.000 (       0.000,       0.000)
    pwmcos_migrate =       0.000 (       0.000,       0.000)
    pwmcosns_migr  =       0.000 (       0.000,       0.000)
    nonb_update    =       0.051 (       0.010,       0.107)

