****************************************************
*                                                  *
*                  GENESIS CGDYN                   *
*                                                  *
*        A Molecular Dynamics Simulator with       *
*           Spatial Decomposition Scheme           *
*                                                  *
*               Developed by RIKEN                 *
*                                                  *
****************************************************
 
[STEP0] Architecture and Compiler Information
 
GENESIS_Information> GENESIS Information
  version      = 2.0.0
  commit ID    = $GENESIS_VERSION$
  precision    = mixed 
  nonbonding   = CPU

Build_Information> Compiler Information
  build host   = jjwsmj@hokusai2
  fortran      = ifort (IFORT) 2021.7.1 20221019
  option       = 
  -axCORE-AVX512 -g -O3  -qmkl=parallel  -assume byterecl -qopenmp  
  C            = 
 icc: remark #10441: The Intel(R) C++ Compiler Classic (ICC) is deprecated and w
 ill be removed from product release in the second half of 2023. The Intel(R) on
 eAPI DPC++/C++ Compiler (ICX) is the recommended compiler moving forward. Pleas
 e transition to use this compiler. Use '-diag-disable=10441' to disable this me
 ssage.
  option       = -O3 -ip -axCORE-AVX2  -qopenmp 
  defined var. = 
  -DHAVE_MPI_GENESIS -DOMP -DIFORT19 -DFFTE -DLAPACK -DDSFMT_MEXP=19937 -DINTEL
  link option  = 
  -assume byterecl -lgfortran -qopenmp  -lmkl_intel_lp64 -lmkl_sequential -lmkl_
 core -lmkl_lapack95_lp64   
  MPI Compiler = Intel(R) MPI

Runtime_Information> Machine and Library Information
  date       = 2023/05/12 14:24:10
  cpu model    = Intel(R) Xeon(R) Gold 6148 CPU @ 2.40GHz
  exec. host   = jjwsmj@bwmpc0397
  LD library   = 
 /bwfefs/opt/x86_64/intel/oneapi/2022.3/mpi/2021.7.1/libfabric/lib:/bwfefs/opt/x
 86_64/intel/oneapi/2022.3/mpi/2021.7.1/lib/release:/bwfefs/opt/x86_64/intel/one
 api/2022.3/mpi/2021.7.1/lib:/bwfefs/opt/x86_64/intel/oneapi/2022.3/tbb/2021.7.1
 /lib/intel64/gcc4.8:/usr/lib64:/bwfefs/opt/x86_64/intel/oneapi/2022.3/vpl/2022.
 2.5/lib:/bwfefs/opt/x86_64/intel/oneapi/2022.3/mkl/latest/lib/intel64:/bwfefs/o
 pt/x86_64/intel/oneapi/2022.3/itac/2021.7.1/slib:/bwfefs/opt/x86_64/intel/oneap
 i/2022.3/ippcp/2021.6.2/lib/intel64:/bwfefs/opt/x86_64/intel/oneapi/2022.3/ipp/
 2021.6.2/lib/intel64:/bwfefs/opt/x86_64/intel/oneapi/2022.3/dnnl/2022.2.1/cpu_d
 pcpp_gpu_dpcpp/lib:/bwfefs/opt/x86_64/intel/oneapi/2022.3/dal/2021.7.1/lib/inte
 l64:/bwfefs/opt/x86_64/intel/oneapi/2022.3/compiler/2022.2.1/linux/compiler/lib
 :/bwfefs/opt/x86_64/intel/oneapi/2022.3/compiler/2022.2.1/linux/lib/oclfpga/hos
 t/linux64/lib:/bwfefs/opt/x86_64/intel/oneapi/2022.3/compiler/2022.2.1/linux/li
 b/oclfpga/linux64/lib:/bwfefs/opt/x86_64/intel/oneapi/2022.3/compiler/2022.2.1/
 linux/lib:/bwfefs/opt/x86_64/intel/oneapi/2022.3/compiler/2022.2.1/linux/lib/x6
 4:/bwfefs/opt/x86_64/intel/oneapi/2022.3/compiler/2022.2.1/linux/lib/emu:/bwfef
 s/opt/x86_64/intel/oneapi/2022.3/compiler/2022.2.1/linux/compiler/lib/intel64_l
 in:/bwfefs/opt/x86_64/intel/oneapi/2022.3/debugger/2021.7.1/dep/lib:/bwfefs/opt
 /x86_64/intel/oneapi/2022.3/debugger/2021.7.1/libipt/intel64/lib:/bwfefs/opt/x8
 6_64/intel/oneapi/2022.3/debugger/2021.7.1/gdb/intel64/lib:/bwfefs/opt/x86_64/
 MPI Runtime = Intel(R) MPI Library 2021.7 for Linux* OS


[STEP1] Read Control Parameters
 
Read_Ctrl_Input> Input Files
  grotopfile = dps_120.top
  grocrdfile = crd/dps_mul_4_5_6.gro
 
Read_Ctrl_Output> Output Files
 
Read_Ctrl_Energy> Parameters of Energy Calculations
  forcefield      =    RESIDCG
  output_style    =    GENESIS
 
Read_Ctrl_Dynamics> Parameters of MD simulation
  integrator      =       VVER  nsteps          =       2000
  timestep        =     0.0200  initial_time    =     0.0000
  eneout_period   =        100  rstout_period   =          0
  crdout_period   =          0  velout_period   =          0
  nbupdate_period =         20  stoptr_period   =         10
  lbupdate_period =          0
  iseed           =         -1
  annealing       =         no
  verbose         =         no
  target_md       =         no
  steered_md      =         no
 
Read_Ctrl_Ensemble> Parameters for Ensemble
  ensemble        =        NVT
  temperature     =    300.000
  tpcontrol       =   LANGEVIN
  gamma_t         =      1.000
 
Read_Ctrl_Boundary> Parameters of Boundary Condition
  type            =       PBC 
  box_size(x,y,z) =    450.000   550.000   650.000
  min_domain_cell =          2
 
Read_Ctrl_Selection> Parameters of Selection
  # of groups     =          0
  # of mole names =          0
 
Read_Ctrl_Restraints> No restraint in the system

Read_Ctrl_Fitting_MD> Parameters of Fitting
  fitting method  =  TR+ROT   
  fitting atom    = group1
  mass_weight     =         no
 
[STEP2] Setup MPI
 
Setup_Mpi_Md> Summary of Setup MPI
  number of MPI processes   =         32
  number of OpenMP threads  =          5
  total number of CPU cores =        160

[STEP3] Set Relevant Variables and Structures
 
Read_Grotop> Summary of Grotopfile
  num_moltypes    =          1
    dps_cg                :
      num_atoms   =       1853
      num_bonds   =       1841
      num_angls   =       3658
      num_dihes   =       3634
      num_cmaps   =          0
      num_excls   =      10717
      num_constrs =          0
      num_pairs   =      10717
      num_vsites2 =          0
      num_vsites3 =          0
      num_vsites4 =          0
      num_vsitesn =          0
      num_posress =          0
      num_PWMcos  =          0
      num_PWMcosns=          0
      num_IDR_HPS =          0
      num_IDR_KH  =          0
    .. not used molecule types were hidden.

  num_molecules   =        120
    dps_cg                :  120

  num_atomtypes   =         33  num_bondtypes   =          0
  num_angltypes   =          0  num_dihetypes   =          0
  num_flangltypes           20
  num_fldihetypes          400
  num_constrtypes =          0  num_cmaptypes   =          0
  num_nbonparms   =          0
  num_basestacktypes  =     16
  num_basepairtypes   =      4
  num_basecrosstypes  =     32
  num_cgdnaexvtypes   =      6
  num_cgelemolpairs   =      1
  num_cg_IDR_HPS_atomtypes  =     20
  num_cg_KH_atomtypes  =    20

  num_cg_pair_MJ_eps   =   400

Define_Molecule> Summary of molecules
  num_atoms       =     222360  num_bonds       =     220920
  num_angles      =     438960  num_dihedrals   =     436080
  num_impropers   =          0  num_cmap_terms  =          0
  num_residues    =     222360  num_molecules   =       1440
  num_segments    =          1  num_deg_freedom =     667080
  total_charge    = -10080.000
 
Setup_Boundary_Cell> Set Variables for Boundary Condition
  domains (x,y,z) =          4         2         4
  ncells (x,y,z)  =         15        19        22
 
Define_Enefunc_Gromacs> Number of Interactions in Each Term
  bond_ene        =     220920  angle_ene       =     219480
  flex_angle_ene  =     219480
  torsion_ene     =     438960
 restraint_groups =          0 restraint_funcs  =          0
 
Setup_Dynamics> Subtract 3 translational degrees of freedom
 
Update_Num_Deg_Freedom> Number of degrees of freedom was updated
  num_deg_freedom =     667077 (After removing translation)
 
Random_Init> Initialize the random number
  seed            = 932454

Setup_Fitting_cgdyn> NO fitting is applied, skip
  fitting method  =  NO
 
[STEP4] Compute Single Point Energy for Molecules
 
            STEP          ENERGY            BOND           ANGLE        DIHEDRAL  NATIVE_CONTACT NON-NATIVE_CONT           ELECT          CG_EXV
 --------------- --------------- --------------- --------------- ---------------
               0   -1763058.4407          0.0286    -615196.9413    -528962.4129    -621613.4534          0.0000       2708.5290          5.8093

[STEP5] Perform Molecular Dynamics Simulation
 
Initial_Velocity> Generate initial velocities
  iseed           =     932454
  temperature     =    300.000
 
Random_Init_Velocity> Initialize the random number
  seed            = 932454

INFO:       STEP            TIME       TOTAL_ENE   POTENTIAL_ENE     KINETIC_ENE            RMSG            BOND           ANGLE        DIHEDRAL  NATIVE_CONTACT          CG_EXV           ELECT     TEMPERATURE          VOLUME
 --------------- --------------- --------------- --------------- ---------------
INFO:          0          0.0000   -1563919.5120   -1763058.4407     199138.9287          0.7029          0.0286    -615196.9413    -528962.4129    -621613.4534          5.8093       2708.5290          0.0000  160875000.0000

INFO:        100          2.0000   -1394368.3311   -1561520.9608     167152.6297         11.3444      59476.6468    -547752.8796    -496469.2287    -579448.4431          6.5643       2666.3795        278.7678  160875000.0000

INFO:        200          4.0000   -1365231.0558   -1543612.4953     178381.4395         11.5974      62602.3172    -541005.5571    -493363.7742    -574495.7622          6.4181       2643.8628        295.4936  160875000.0000

INFO:        300          6.0000   -1357853.5133   -1538129.7330     180276.2197         11.6639      63465.1453    -538973.9150    -492574.9230    -572696.6025          6.5037       2644.0586        298.8402  160875000.0000

INFO:        400          8.0000   -1357195.4835   -1538375.3402     181179.8568         11.6591      63347.5783    -539152.3276    -492593.9688    -572625.2825          6.8712       2641.7892        300.0567  160875000.0000

INFO:        500         10.0000   -1357364.2785   -1538018.9567     180654.6782         11.6632      63461.7725    -538970.2621    -492413.4374    -572741.4893          6.6710       2637.7886        299.5505  160875000.0000

INFO:        600         12.0000   -1357115.8425   -1538070.8927     180955.0502         11.6435      63220.0661    -538954.7466    -492416.3228    -572569.0867          6.5785       2642.6187        300.1539  160875000.0000

INFO:        700         14.0000   -1356673.5884   -1537610.1154     180936.5271         11.6729      63545.2433    -538734.5869    -492537.1116    -572534.2222          6.8372       2643.7247        300.1496  160875000.0000

INFO:        800         16.0000   -1357054.0339   -1538225.6726     181171.6387         11.6579      63348.4118    -539120.0488    -492513.8538    -572595.8369          7.7412       2647.9139        300.1652  160875000.0000

INFO:        900         18.0000   -1357351.2851   -1538359.1812     181007.8961         11.6335      63191.3086    -539192.2769    -492520.2647    -572489.7192          6.7612       2645.0098        299.5416  160875000.0000

INFO:       1000         20.0000   -1356731.3165   -1538031.8367     181300.5202         11.6382      63083.4225    -538811.8069    -492461.0185    -572491.2461          7.6066       2641.2057        300.0071  160875000.0000

INFO:       1100         22.0000   -1356427.3448   -1537342.7871     180915.4423         11.6711      63435.2174    -538732.9755    -492327.1299    -572371.0186          7.6726       2645.4469        299.8932  160875000.0000

INFO:       1200         24.0000   -1357430.6459   -1538054.5088     180623.8628         11.6580      63377.5634    -539167.6452    -492544.0287    -572371.8835          7.5596       2643.9256        299.3240  160875000.0000

INFO:       1300         26.0000   -1357312.7415   -1538205.0700     180892.3285         11.6603      63242.6451    -539196.1187    -492453.8729    -572449.1226          8.3191       2643.0801        300.1061  160875000.0000

INFO:       1400         28.0000   -1357128.2902   -1537971.6164     180843.3263         11.6657      63338.7257    -539150.5755    -492455.0092    -572350.5137          7.4299       2638.3263        299.4329  160875000.0000

INFO:       1500         30.0000   -1356469.0201   -1537018.7228     180549.7028         11.6684      63364.6203    -538705.6928    -492201.1284    -572128.5754          7.6861       2644.3674        299.1801  160875000.0000

INFO:       1600         32.0000   -1356480.5548   -1537738.6823     181258.1276         11.6512      63336.5522    -538663.3754    -492449.7039    -572611.5640          7.6179       2641.7908        300.3393  160875000.0000

INFO:       1700         34.0000   -1356309.7270   -1537602.2296     181292.5026         11.6457      63222.3613    -538768.2969    -492415.0184    -572295.7930          7.3013       2647.2161        300.3675  160875000.0000

INFO:       1800         36.0000   -1356863.6770   -1537690.5976     180826.9206         11.6445      63096.2911    -538861.2107    -492344.5358    -572235.2019          7.6169       2646.4427        299.2274  160875000.0000

INFO:       1900         38.0000   -1356724.3878   -1537345.9458     180621.5580         11.6744      63470.9112    -538657.0488    -492460.2848    -572355.1694          7.5007       2648.1454        299.6517  160875000.0000

INFO:       2000         40.0000   -1356652.1092   -1537683.8762     181031.7670         11.6669      63339.8615    -538853.7342    -492535.0208    -572294.3462          8.3412       2651.0222        299.6520  160875000.0000

 
[STEP6] Deallocate Arrays
 
Output_Time> Averaged timer profile (Min, Max)
  total time      =      21.335
    setup         =       2.679
    dynamics      =      18.656
      energy      =      13.403
      integrator  =       3.776
      migration   =       0.464
      pairlist    =       1.009 (       0.678,       1.425)
  energy           
    bond          =       0.253 (       0.165,       0.415)
    angle         =       1.325 (       0.906,       2.379)
    dihedral      =       1.618 (       1.062,       2.634)
    base stacking =       0.000 (       0.000,       0.000)
    nonbond       =       4.524 (       2.938,       7.217)
      CG exv      =       0.458 (       0.284,       0.678)
      CG DNA bp   =       0.000 (       0.000,       0.000)
      CG DNA exv  =       0.000 (       0.000,       0.000)
      CG ele      =       2.824 (       1.792,       4.344)
      CG PWMcos   =       0.000 (       0.000,       0.000)
      CG PWMcosns =       0.000 (       0.000,       0.000)
      CG IDR-HPS  =       0.000 (       0.000,       0.000)
      CG IDR-KH   =       0.000 (       0.000,       0.000)
      CG KH       =       0.000 (       0.000,       0.000)
      Contact     =       1.241 (       0.778,       2.194)
      pme real    =       0.000 (       0.000,       0.000)
      pme recip   =       0.000 (       0.000,       0.000)
    solvation     =       0.000 (       0.000,       0.000)
      polar       =       0.000 (       0.000,       0.000)
      non-polar   =       0.000 (       0.000,       0.000)
    restraint     =       0.000 (       0.000,       0.000)
    qmmm          =       0.000 (       0.000,       0.000)
    morph         =       0.000 (       0.000,       0.000)
  integrator       
    constraint    =       0.000 (       0.000,       0.000)
    update        =       0.000 (       0.000,       0.000)
    comm_coord    =       1.490 (       0.631,       2.632)
    comm_force    =       0.651 (       0.607,       0.696)
  migration       =       0.464 (       0.464,       0.464)
    comm_migrate  =       0.105 (       0.086,       0.120)
    ptl_migrate   =       0.010 (       0.006,       0.015)
    bond_migrate  =       0.002 (       0.001,       0.003)
    angl_migrate  =       0.004 (       0.003,       0.006)
    dihe_migrate  =       0.004 (       0.003,       0.006)
    contact_migr  =       0.030 (       0.023,       0.038)
    stack_migrate =       0.000 (       0.000,       0.000)
    pwmcos_migrate =       0.000 (       0.000,       0.000)
    pwmcosns_migr  =       0.000 (       0.000,       0.000)
    nonb_update    =       0.288 (       0.185,       0.370)

