****************************************************
*                                                  *
*                  GENESIS CGDYN                   *
*                                                  *
*        A Molecular Dynamics Simulator with       *
*           Spatial Decomposition Scheme           *
*                                                  *
*               Developed by RIKEN                 *
*                                                  *
****************************************************
 
[STEP0] Architecture and Compiler Information
 
GENESIS_Information> GENESIS Information
  version      = 2.0.0
  commit ID    = $GENESIS_VERSION$
  precision    = mixed 
  nonbonding   = CPU

Build_Information> Compiler Information
  build host   = jjwsmj@hokusai2
  fortran      = ifort (IFORT) 2021.7.1 20221019
  option       = 
  -axCORE-AVX512 -g -O3  -qmkl=parallel  -assume byterecl -qopenmp  
  C            = 
 icc: remark #10441: The Intel(R) C++ Compiler Classic (ICC) is deprecated and w
 ill be removed from product release in the second half of 2023. The Intel(R) on
 eAPI DPC++/C++ Compiler (ICX) is the recommended compiler moving forward. Pleas
 e transition to use this compiler. Use '-diag-disable=10441' to disable this me
 ssage.
  option       = -O3 -ip -axCORE-AVX2  -qopenmp 
  defined var. = 
  -DHAVE_MPI_GENESIS -DOMP -DIFORT19 -DFFTE -DLAPACK -DDSFMT_MEXP=19937 -DINTEL
  link option  = 
  -assume byterecl -lgfortran -qopenmp  -lmkl_intel_lp64 -lmkl_sequential -lmkl_
 core -lmkl_lapack95_lp64   
  MPI Compiler = Intel(R) MPI

Runtime_Information> Machine and Library Information
  date       = 2023/05/12 14:24:11
  cpu model    = Intel(R) Xeon(R) Gold 6148 CPU @ 2.40GHz
  exec. host   = jjwsmj@bwmpc0402
  LD library   = 
 /bwfefs/opt/x86_64/intel/oneapi/2022.3/mpi/2021.7.1/libfabric/lib:/bwfefs/opt/x
 86_64/intel/oneapi/2022.3/mpi/2021.7.1/lib/release:/bwfefs/opt/x86_64/intel/one
 api/2022.3/mpi/2021.7.1/lib:/bwfefs/opt/x86_64/intel/oneapi/2022.3/tbb/2021.7.1
 /lib/intel64/gcc4.8:/usr/lib64:/bwfefs/opt/x86_64/intel/oneapi/2022.3/vpl/2022.
 2.5/lib:/bwfefs/opt/x86_64/intel/oneapi/2022.3/mkl/latest/lib/intel64:/bwfefs/o
 pt/x86_64/intel/oneapi/2022.3/itac/2021.7.1/slib:/bwfefs/opt/x86_64/intel/oneap
 i/2022.3/ippcp/2021.6.2/lib/intel64:/bwfefs/opt/x86_64/intel/oneapi/2022.3/ipp/
 2021.6.2/lib/intel64:/bwfefs/opt/x86_64/intel/oneapi/2022.3/dnnl/2022.2.1/cpu_d
 pcpp_gpu_dpcpp/lib:/bwfefs/opt/x86_64/intel/oneapi/2022.3/dal/2021.7.1/lib/inte
 l64:/bwfefs/opt/x86_64/intel/oneapi/2022.3/compiler/2022.2.1/linux/compiler/lib
 :/bwfefs/opt/x86_64/intel/oneapi/2022.3/compiler/2022.2.1/linux/lib/oclfpga/hos
 t/linux64/lib:/bwfefs/opt/x86_64/intel/oneapi/2022.3/compiler/2022.2.1/linux/li
 b/oclfpga/linux64/lib:/bwfefs/opt/x86_64/intel/oneapi/2022.3/compiler/2022.2.1/
 linux/lib:/bwfefs/opt/x86_64/intel/oneapi/2022.3/compiler/2022.2.1/linux/lib/x6
 4:/bwfefs/opt/x86_64/intel/oneapi/2022.3/compiler/2022.2.1/linux/lib/emu:/bwfef
 s/opt/x86_64/intel/oneapi/2022.3/compiler/2022.2.1/linux/compiler/lib/intel64_l
 in:/bwfefs/opt/x86_64/intel/oneapi/2022.3/debugger/2021.7.1/dep/lib:/bwfefs/opt
 /x86_64/intel/oneapi/2022.3/debugger/2021.7.1/libipt/intel64/lib:/bwfefs/opt/x8
 6_64/intel/oneapi/2022.3/debugger/2021.7.1/gdb/intel64/lib:/bwfefs/opt/x86_64/
 MPI Runtime = Intel(R) MPI Library 2021.7 for Linux* OS


[STEP1] Read Control Parameters
 
Read_Ctrl_Input> Input Files
  grotopfile = dps_120.top
  grocrdfile = crd/dps_mul_4_5_6.gro
 
Read_Ctrl_Output> Output Files
 
Read_Ctrl_Energy> Parameters of Energy Calculations
  forcefield      =    RESIDCG
  output_style    =    GENESIS
 
Read_Ctrl_Dynamics> Parameters of MD simulation
  integrator      =       VVER  nsteps          =       2000
  timestep        =     0.0200  initial_time    =     0.0000
  eneout_period   =        100  rstout_period   =          0
  crdout_period   =          0  velout_period   =          0
  nbupdate_period =         20  stoptr_period   =         10
  lbupdate_period =          0
  iseed           =         -1
  annealing       =         no
  verbose         =         no
  target_md       =         no
  steered_md      =         no
 
Read_Ctrl_Ensemble> Parameters for Ensemble
  ensemble        =        NVT
  temperature     =    300.000
  tpcontrol       =   LANGEVIN
  gamma_t         =      1.000
 
Read_Ctrl_Boundary> Parameters of Boundary Condition
  type            =       PBC 
  box_size(x,y,z) =    450.000   550.000   650.000
  min_domain_cell =          2
 
Read_Ctrl_Selection> Parameters of Selection
  # of groups     =          0
  # of mole names =          0
 
Read_Ctrl_Restraints> No restraint in the system

Read_Ctrl_Fitting_MD> Parameters of Fitting
  fitting method  =  TR+ROT   
  fitting atom    = group1
  mass_weight     =         no
 
[STEP2] Setup MPI
 
Setup_Mpi_Md> Summary of Setup MPI
  number of MPI processes   =         32
  number of OpenMP threads  =          5
  total number of CPU cores =        160

[STEP3] Set Relevant Variables and Structures
 
Read_Grotop> Summary of Grotopfile
  num_moltypes    =          1
    dps_cg                :
      num_atoms   =       1853
      num_bonds   =       1841
      num_angls   =       3658
      num_dihes   =       3634
      num_cmaps   =          0
      num_excls   =      10717
      num_constrs =          0
      num_pairs   =      10717
      num_vsites2 =          0
      num_vsites3 =          0
      num_vsites4 =          0
      num_vsitesn =          0
      num_posress =          0
      num_PWMcos  =          0
      num_PWMcosns=          0
      num_IDR_HPS =          0
      num_IDR_KH  =          0
    .. not used molecule types were hidden.

  num_molecules   =        120
    dps_cg                :  120

  num_atomtypes   =         33  num_bondtypes   =          0
  num_angltypes   =          0  num_dihetypes   =          0
  num_flangltypes           20
  num_fldihetypes          400
  num_constrtypes =          0  num_cmaptypes   =          0
  num_nbonparms   =          0
  num_basestacktypes  =     16
  num_basepairtypes   =      4
  num_basecrosstypes  =     32
  num_cgdnaexvtypes   =      6
  num_cgelemolpairs   =      1
  num_cg_IDR_HPS_atomtypes  =     20
  num_cg_KH_atomtypes  =    20

  num_cg_pair_MJ_eps   =   400

Define_Molecule> Summary of molecules
  num_atoms       =     222360  num_bonds       =     220920
  num_angles      =     438960  num_dihedrals   =     436080
  num_impropers   =          0  num_cmap_terms  =          0
  num_residues    =     222360  num_molecules   =       1440
  num_segments    =          1  num_deg_freedom =     667080
  total_charge    = -10080.000
 
Setup_Boundary_Cell> Set Variables for Boundary Condition
  domains (x,y,z) =          4         2         4
  ncells (x,y,z)  =         15        19        22
 
Define_Enefunc_Gromacs> Number of Interactions in Each Term
  bond_ene        =     220920  angle_ene       =     219480
  flex_angle_ene  =     219480
  torsion_ene     =     438960
 restraint_groups =          0 restraint_funcs  =          0
 
Setup_Dynamics> Subtract 3 translational degrees of freedom
 
Update_Num_Deg_Freedom> Number of degrees of freedom was updated
  num_deg_freedom =     667077 (After removing translation)
 
Random_Init> Initialize the random number
  seed            = 185654

Setup_Fitting_cgdyn> NO fitting is applied, skip
  fitting method  =  NO
 
[STEP4] Compute Single Point Energy for Molecules
 
            STEP          ENERGY            BOND           ANGLE        DIHEDRAL  NATIVE_CONTACT NON-NATIVE_CONT           ELECT          CG_EXV
 --------------- --------------- --------------- --------------- ---------------
               0   -1763058.4407          0.0286    -615196.9413    -528962.4129    -621613.4534          0.0000       2708.5290          5.8093

[STEP5] Perform Molecular Dynamics Simulation
 
Initial_Velocity> Generate initial velocities
  iseed           =     185654
  temperature     =    300.000
 
Random_Init_Velocity> Initialize the random number
  seed            = 185654

INFO:       STEP            TIME       TOTAL_ENE   POTENTIAL_ENE     KINETIC_ENE            RMSG            BOND           ANGLE        DIHEDRAL  NATIVE_CONTACT          CG_EXV           ELECT     TEMPERATURE          VOLUME
 --------------- --------------- --------------- --------------- ---------------
INFO:          0          0.0000   -1564222.6204   -1763058.4407     198835.8203          0.7029          0.0286    -615196.9413    -528962.4129    -621613.4534          5.8093       2708.5290          0.0000  160875000.0000

INFO:        100          2.0000   -1394417.8622   -1561117.0754     166699.2133         11.3587      59652.3817    -547731.2155    -496418.8612    -579287.6523          6.5266       2661.7454        277.9537  160875000.0000

INFO:        200          4.0000   -1365194.7292   -1543177.7428     177983.0135         11.5916      62462.0968    -540773.1329    -493199.1849    -574324.4421          6.5520       2650.3682        295.3936  160875000.0000

INFO:        300          6.0000   -1359362.1346   -1539495.1305     180132.9959         11.6349      62980.0040    -539580.3246    -492607.6872    -572942.2356          6.5308       2648.5821        298.6162  160875000.0000

INFO:        400          8.0000   -1357243.5058   -1537930.5718     180687.0660         11.6679      63424.3610    -538858.7551    -492535.9308    -572609.9111          7.2831       2642.3811        299.6205  160875000.0000

INFO:        500         10.0000   -1357276.6234   -1538280.9485     181004.3251         11.6182      62808.0601    -538965.6369    -492391.1470    -572385.4260          6.5674       2646.6341        300.5226  160875000.0000

INFO:        600         12.0000   -1356568.9649   -1537665.7161     181096.7513         11.6649      63327.0753    -538675.3523    -492459.8466    -572511.0798          6.5919       2646.8954        300.8540  160875000.0000

INFO:        700         14.0000   -1356673.6042   -1537564.4410     180890.8368         11.6485      63108.6541    -538839.2193    -492267.6170    -572217.8433          6.5625       2645.0219        299.4547  160875000.0000

INFO:        800         16.0000   -1356500.7408   -1537643.8035     181143.0626         11.6498      63170.9867    -538650.6409    -492349.8800    -572464.1465          6.7759       2643.1014        299.9597  160875000.0000

INFO:        900         18.0000   -1356685.7728   -1537584.5235     180898.7508         11.6723      63283.6548    -538600.1684    -492350.2109    -572568.5300          6.7845       2643.9465        300.0359  160875000.0000

INFO:       1000         20.0000   -1356192.0664   -1537806.6542     181614.5879         11.6627      63300.9131    -538716.9958    -492512.8888    -572529.2014          7.1597       2644.3589        301.3413  160875000.0000

INFO:       1100         22.0000   -1356698.5371   -1538061.0768     181362.5398         11.6659      63424.7611    -539105.2713    -492451.1259    -572586.2573          7.4207       2649.3959        300.7272  160875000.0000

INFO:       1200         24.0000   -1355849.4928   -1537484.2965     181634.8037         11.6868      63659.5957    -538942.4534    -492312.5113    -572543.2144          7.5195       2646.7673        301.0229  160875000.0000

INFO:       1300         26.0000   -1356370.9576   -1536794.1654     180423.2077         11.6839      63557.9340    -538313.9850    -492418.5697    -572272.7849          7.2415       2645.9988        299.3225  160875000.0000

INFO:       1400         28.0000   -1356956.5004   -1537689.8092     180733.3088         11.6904      63443.9788    -538772.4040    -492496.0642    -572514.7258          7.0083       2642.3978        299.9190  160875000.0000

INFO:       1500         30.0000   -1357094.3241   -1537725.8461     180631.5220         11.6455      63123.7010    -538803.4913    -492340.9586    -572363.0552          8.2440       2649.7140        299.3904  160875000.0000

INFO:       1600         32.0000   -1356762.8140   -1537466.0684     180703.2544         11.6461      63214.8370    -538639.9433    -492332.4864    -572360.1724          7.1217       2644.5750        299.3840  160875000.0000

INFO:       1700         34.0000   -1356317.8685   -1537229.3852     180911.5167         11.6441      63294.7856    -538858.9740    -492252.1150    -572063.0388          7.0281       2642.9290        299.5955  160875000.0000

INFO:       1800         36.0000   -1355938.4630   -1537317.0672     181378.6042         11.6734      63605.2957    -538902.0282    -492364.2090    -572310.8210          7.1258       2647.5695        300.4337  160875000.0000

INFO:       1900         38.0000   -1355659.8921   -1537232.8658     181572.9737         11.6829      63640.7010    -539016.3537    -492262.8168    -572250.7471          6.9989       2649.3519        300.8800  160875000.0000

INFO:       2000         40.0000   -1355491.5737   -1536665.1070     181173.5333         11.6859      63487.2026    -538254.6828    -492292.4493    -572255.6421          7.6655       2642.7990        300.1909  160875000.0000

 
[STEP6] Deallocate Arrays
 
Output_Time> Averaged timer profile (Min, Max)
  total time      =      20.836
    setup         =       2.724
    dynamics      =      18.112
      energy      =      12.971
      integrator  =       3.739
      migration   =       0.438
      pairlist    =       0.970 (       0.652,       1.376)
  energy           
    bond          =       0.253 (       0.161,       0.390)
    angle         =       1.439 (       0.848,       2.136)
    dihedral      =       1.693 (       1.028,       2.445)
    base stacking =       0.000 (       0.000,       0.000)
    nonbond       =       4.525 (       2.887,       6.882)
      CG exv      =       0.456 (       0.294,       0.678)
      CG DNA bp   =       0.000 (       0.000,       0.000)
      CG DNA exv  =       0.000 (       0.000,       0.000)
      CG ele      =       2.832 (       1.814,       4.173)
      CG PWMcos   =       0.000 (       0.000,       0.000)
      CG PWMcosns =       0.000 (       0.000,       0.000)
      CG IDR-HPS  =       0.000 (       0.000,       0.000)
      CG IDR-KH   =       0.000 (       0.000,       0.000)
      CG KH       =       0.000 (       0.000,       0.000)
      Contact     =       1.237 (       0.760,       2.031)
      pme real    =       0.000 (       0.000,       0.000)
      pme recip   =       0.000 (       0.000,       0.000)
    solvation     =       0.000 (       0.000,       0.000)
      polar       =       0.000 (       0.000,       0.000)
      non-polar   =       0.000 (       0.000,       0.000)
    restraint     =       0.000 (       0.000,       0.000)
    qmmm          =       0.000 (       0.000,       0.000)
    morph         =       0.000 (       0.000,       0.000)
  integrator       
    constraint    =       0.000 (       0.000,       0.000)
    update        =       0.000 (       0.000,       0.000)
    comm_coord    =       1.462 (       0.631,       2.594)
    comm_force    =       0.640 (       0.604,       0.690)
  migration       =       0.438 (       0.437,       0.438)
    comm_migrate  =       0.099 (       0.082,       0.114)
    ptl_migrate   =       0.010 (       0.005,       0.014)
    bond_migrate  =       0.002 (       0.001,       0.003)
    angl_migrate  =       0.004 (       0.003,       0.005)
    dihe_migrate  =       0.004 (       0.003,       0.005)
    contact_migr  =       0.028 (       0.021,       0.037)
    stack_migrate =       0.000 (       0.000,       0.000)
    pwmcos_migrate =       0.000 (       0.000,       0.000)
    pwmcosns_migr  =       0.000 (       0.000,       0.000)
    nonb_update    =       0.277 (       0.179,       0.353)

