****************************************************
*                                                  *
*                  GENESIS CGDYN                   *
*                                                  *
*        A Molecular Dynamics Simulator with       *
*           Spatial Decomposition Scheme           *
*                                                  *
*               Developed by RIKEN                 *
*                                                  *
****************************************************
 
[STEP0] Architecture and Compiler Information
 
GENESIS_Information> GENESIS Information
  version      = 2.0.0
  commit ID    = $GENESIS_VERSION$
  precision    = mixed 
  nonbonding   = CPU

Build_Information> Compiler Information
  build host   = jjwsmj@hokusai2
  fortran      = ifort (IFORT) 2021.7.1 20221019
  option       = 
  -axCORE-AVX512 -g -O3  -qmkl=parallel  -assume byterecl -qopenmp  
  C            = 
 icc: remark #10441: The Intel(R) C++ Compiler Classic (ICC) is deprecated and w
 ill be removed from product release in the second half of 2023. The Intel(R) on
 eAPI DPC++/C++ Compiler (ICX) is the recommended compiler moving forward. Pleas
 e transition to use this compiler. Use '-diag-disable=10441' to disable this me
 ssage.
  option       = -O3 -ip -axCORE-AVX2  -qopenmp 
  defined var. = 
  -DHAVE_MPI_GENESIS -DOMP -DIFORT19 -DFFTE -DLAPACK -DDSFMT_MEXP=19937 -DINTEL
  link option  = 
  -assume byterecl -lgfortran -qopenmp  -lmkl_intel_lp64 -lmkl_sequential -lmkl_
 core -lmkl_lapack95_lp64   
  MPI Compiler = Intel(R) MPI

Runtime_Information> Machine and Library Information
  date       = 2023/05/12 14:24:09
  cpu model    = Intel(R) Xeon(R) Gold 6148 CPU @ 2.40GHz
  exec. host   = jjwsmj@bwmpc0393
  LD library   = 
 /bwfefs/opt/x86_64/intel/oneapi/2022.3/mpi/2021.7.1/libfabric/lib:/bwfefs/opt/x
 86_64/intel/oneapi/2022.3/mpi/2021.7.1/lib/release:/bwfefs/opt/x86_64/intel/one
 api/2022.3/mpi/2021.7.1/lib:/bwfefs/opt/x86_64/intel/oneapi/2022.3/tbb/2021.7.1
 /lib/intel64/gcc4.8:/usr/lib64:/bwfefs/opt/x86_64/intel/oneapi/2022.3/vpl/2022.
 2.5/lib:/bwfefs/opt/x86_64/intel/oneapi/2022.3/mkl/latest/lib/intel64:/bwfefs/o
 pt/x86_64/intel/oneapi/2022.3/itac/2021.7.1/slib:/bwfefs/opt/x86_64/intel/oneap
 i/2022.3/ippcp/2021.6.2/lib/intel64:/bwfefs/opt/x86_64/intel/oneapi/2022.3/ipp/
 2021.6.2/lib/intel64:/bwfefs/opt/x86_64/intel/oneapi/2022.3/dnnl/2022.2.1/cpu_d
 pcpp_gpu_dpcpp/lib:/bwfefs/opt/x86_64/intel/oneapi/2022.3/dal/2021.7.1/lib/inte
 l64:/bwfefs/opt/x86_64/intel/oneapi/2022.3/compiler/2022.2.1/linux/compiler/lib
 :/bwfefs/opt/x86_64/intel/oneapi/2022.3/compiler/2022.2.1/linux/lib/oclfpga/hos
 t/linux64/lib:/bwfefs/opt/x86_64/intel/oneapi/2022.3/compiler/2022.2.1/linux/li
 b/oclfpga/linux64/lib:/bwfefs/opt/x86_64/intel/oneapi/2022.3/compiler/2022.2.1/
 linux/lib:/bwfefs/opt/x86_64/intel/oneapi/2022.3/compiler/2022.2.1/linux/lib/x6
 4:/bwfefs/opt/x86_64/intel/oneapi/2022.3/compiler/2022.2.1/linux/lib/emu:/bwfef
 s/opt/x86_64/intel/oneapi/2022.3/compiler/2022.2.1/linux/compiler/lib/intel64_l
 in:/bwfefs/opt/x86_64/intel/oneapi/2022.3/debugger/2021.7.1/dep/lib:/bwfefs/opt
 /x86_64/intel/oneapi/2022.3/debugger/2021.7.1/libipt/intel64/lib:/bwfefs/opt/x8
 6_64/intel/oneapi/2022.3/debugger/2021.7.1/gdb/intel64/lib:/bwfefs/opt/x86_64/
 MPI Runtime = Intel(R) MPI Library 2021.7 for Linux* OS


[STEP1] Read Control Parameters
 
Read_Ctrl_Input> Input Files
  grotopfile = dps_120.top
  grocrdfile = crd/dps_mul_4_5_6.gro
 
Read_Ctrl_Output> Output Files
 
Read_Ctrl_Energy> Parameters of Energy Calculations
  forcefield      =    RESIDCG
  output_style    =    GENESIS
 
Read_Ctrl_Dynamics> Parameters of MD simulation
  integrator      =       VVER  nsteps          =       2000
  timestep        =     0.0200  initial_time    =     0.0000
  eneout_period   =        100  rstout_period   =          0
  crdout_period   =          0  velout_period   =          0
  nbupdate_period =         20  stoptr_period   =         10
  lbupdate_period =          0
  iseed           =         -1
  annealing       =         no
  verbose         =         no
  target_md       =         no
  steered_md      =         no
 
Read_Ctrl_Ensemble> Parameters for Ensemble
  ensemble        =        NVT
  temperature     =    300.000
  tpcontrol       =   LANGEVIN
  gamma_t         =      1.000
 
Read_Ctrl_Boundary> Parameters of Boundary Condition
  type            =       PBC 
  box_size(x,y,z) =    450.000   550.000   650.000
  min_domain_cell =          2
 
Read_Ctrl_Selection> Parameters of Selection
  # of groups     =          0
  # of mole names =          0
 
Read_Ctrl_Restraints> No restraint in the system

Read_Ctrl_Fitting_MD> Parameters of Fitting
  fitting method  =  TR+ROT   
  fitting atom    = group1
  mass_weight     =         no
 
[STEP2] Setup MPI
 
Setup_Mpi_Md> Summary of Setup MPI
  number of MPI processes   =         32
  number of OpenMP threads  =          5
  total number of CPU cores =        160

[STEP3] Set Relevant Variables and Structures
 
Read_Grotop> Summary of Grotopfile
  num_moltypes    =          1
    dps_cg                :
      num_atoms   =       1853
      num_bonds   =       1841
      num_angls   =       3658
      num_dihes   =       3634
      num_cmaps   =          0
      num_excls   =      10717
      num_constrs =          0
      num_pairs   =      10717
      num_vsites2 =          0
      num_vsites3 =          0
      num_vsites4 =          0
      num_vsitesn =          0
      num_posress =          0
      num_PWMcos  =          0
      num_PWMcosns=          0
      num_IDR_HPS =          0
      num_IDR_KH  =          0
    .. not used molecule types were hidden.

  num_molecules   =        120
    dps_cg                :  120

  num_atomtypes   =         33  num_bondtypes   =          0
  num_angltypes   =          0  num_dihetypes   =          0
  num_flangltypes           20
  num_fldihetypes          400
  num_constrtypes =          0  num_cmaptypes   =          0
  num_nbonparms   =          0
  num_basestacktypes  =     16
  num_basepairtypes   =      4
  num_basecrosstypes  =     32
  num_cgdnaexvtypes   =      6
  num_cgelemolpairs   =      1
  num_cg_IDR_HPS_atomtypes  =     20
  num_cg_KH_atomtypes  =    20

  num_cg_pair_MJ_eps   =   400

Define_Molecule> Summary of molecules
  num_atoms       =     222360  num_bonds       =     220920
  num_angles      =     438960  num_dihedrals   =     436080
  num_impropers   =          0  num_cmap_terms  =          0
  num_residues    =     222360  num_molecules   =       1440
  num_segments    =          1  num_deg_freedom =     667080
  total_charge    = -10080.000
 
Setup_Boundary_Cell> Set Variables for Boundary Condition
  domains (x,y,z) =          4         2         4
  ncells (x,y,z)  =         15        19        22
 
Define_Enefunc_Gromacs> Number of Interactions in Each Term
  bond_ene        =     220920  angle_ene       =     219480
  flex_angle_ene  =     219480
  torsion_ene     =     438960
 restraint_groups =          0 restraint_funcs  =          0
 
Setup_Dynamics> Subtract 3 translational degrees of freedom
 
Update_Num_Deg_Freedom> Number of degrees of freedom was updated
  num_deg_freedom =     667077 (After removing translation)
 
Random_Init> Initialize the random number
  seed            = 821454

Setup_Fitting_cgdyn> NO fitting is applied, skip
  fitting method  =  NO
 
[STEP4] Compute Single Point Energy for Molecules
 
            STEP          ENERGY            BOND           ANGLE        DIHEDRAL  NATIVE_CONTACT NON-NATIVE_CONT           ELECT          CG_EXV
 --------------- --------------- --------------- --------------- ---------------
               0   -1763058.4407          0.0286    -615196.9413    -528962.4129    -621613.4534          0.0000       2708.5290          5.8093

[STEP5] Perform Molecular Dynamics Simulation
 
Initial_Velocity> Generate initial velocities
  iseed           =     821454
  temperature     =    300.000
 
Random_Init_Velocity> Initialize the random number
  seed            = 821454

INFO:       STEP            TIME       TOTAL_ENE   POTENTIAL_ENE     KINETIC_ENE            RMSG            BOND           ANGLE        DIHEDRAL  NATIVE_CONTACT          CG_EXV           ELECT     TEMPERATURE          VOLUME
 --------------- --------------- --------------- --------------- ---------------
INFO:          0          0.0000   -1564117.2353   -1763058.4407     198941.2054          0.7029          0.0286    -615196.9413    -528962.4129    -621613.4534          5.8093       2708.5290          0.0000  160875000.0000

INFO:        100          2.0000   -1395158.2126   -1561621.6875     166463.4749         11.3786      59764.9894    -548023.8002    -496578.3031    -579463.2000          6.5041       2672.1221        277.6829  160875000.0000

INFO:        200          4.0000   -1365709.8257   -1543580.8359     177871.0102         11.5899      62247.6818    -541035.3334    -493129.4837    -574319.8022          6.4658       2649.6360        294.7617  160875000.0000

INFO:        300          6.0000   -1358846.0376   -1539165.5231     180319.4855         11.6447      63125.1999    -539292.6513    -492834.2034    -572809.2124          6.4212       2638.9229        298.9921  160875000.0000

INFO:        400          8.0000   -1358101.9063   -1538906.6268     180804.7204         11.6346      63074.2387    -539340.8169    -492613.2893    -572677.8589          6.9323       2644.1674        299.5570  160875000.0000

INFO:        500         10.0000   -1357138.4128   -1537885.6649     180747.2521         11.6586      63403.3139    -538762.1049    -492725.5401    -572457.2510          6.8798       2649.0373        299.6405  160875000.0000

INFO:        600         12.0000   -1357014.4967   -1537592.2405     180577.7438         11.6574      63375.1953    -539163.1494    -492245.2075    -572215.2888          6.6877       2649.5221        299.6979  160875000.0000

INFO:        700         14.0000   -1356221.2759   -1537775.3821     181554.1062         11.6557      63241.8226    -538965.1540    -492422.1566    -572279.6311          6.7738       2642.9632        300.7534  160875000.0000

INFO:        800         16.0000   -1356933.1257   -1538235.8341     181302.7084         11.6518      63227.2308    -539107.7402    -492622.9017    -572388.0132          6.7086       2648.8816        300.6025  160875000.0000

INFO:        900         18.0000   -1356881.0276   -1537873.6107     180992.5832         11.6724      63527.7180    -538997.2264    -492494.9811    -572558.1479          6.9239       2642.1028        300.3817  160875000.0000

INFO:       1000         20.0000   -1356995.0425   -1537856.7470     180861.7045         11.6727      63382.8541    -538780.7629    -492645.6902    -572467.7549          7.3964       2647.2104        300.0682  160875000.0000

INFO:       1100         22.0000   -1357262.7617   -1538250.2562     180987.4945         11.6481      63306.3229    -539166.5877    -492428.1307    -572614.5603          6.9732       2645.7264        300.0080  160875000.0000

INFO:       1200         24.0000   -1357026.6078   -1538244.6824     181218.0746         11.6270      63007.1098    -539112.7468    -492398.6667    -572393.4333          7.6251       2645.4295        300.3624  160875000.0000

INFO:       1300         26.0000   -1355962.0869   -1536906.2425     180944.1556         11.6662      63461.3205    -538396.6157    -492325.9997    -572295.8054          6.8306       2644.0271        300.0553  160875000.0000

INFO:       1400         28.0000   -1356183.0595   -1537378.0952     181195.0357         11.6567      63392.7940    -538912.9246    -492302.8500    -572205.0085          7.3648       2642.5292        300.3384  160875000.0000

INFO:       1500         30.0000   -1355942.0494   -1537519.7961     181577.7467         11.6558      63404.6080    -538788.0022    -492358.4767    -572422.6912          7.2375       2637.5285        301.0744  160875000.0000

INFO:       1600         32.0000   -1356508.8543   -1537536.4620     181027.6077         11.6727      63465.9327    -538755.7829    -492454.1213    -572436.8103          7.3309       2636.9890        299.7761  160875000.0000

INFO:       1700         34.0000   -1355848.9981   -1537176.8002     181327.8020         11.6526      63351.0352    -538534.2659    -492464.6012    -572181.0647          7.8803       2644.2163        300.2063  160875000.0000

INFO:       1800         36.0000   -1356327.6007   -1537585.9988     181258.3981         11.6391      63221.1487    -538809.8890    -492368.4969    -572277.2974          7.4813       2641.0544        300.0717  160875000.0000

INFO:       1900         38.0000   -1357086.2054   -1537671.3113     180585.1059         11.6567      63460.6382    -538733.3243    -492604.2166    -572446.6804          7.7602       2644.5116        299.2026  160875000.0000

INFO:       2000         40.0000   -1356205.5435   -1537671.3429     181465.7994         11.6502      63228.3542    -538687.0805    -492469.8780    -572395.9043          7.4130       2645.7528        299.9813  160875000.0000

 
[STEP6] Deallocate Arrays
 
Output_Time> Averaged timer profile (Min, Max)
  total time      =      20.595
    setup         =       2.998
    dynamics      =      17.597
      energy      =      12.487
      integrator  =       3.702
      migration   =       0.438
      pairlist    =       1.021 (       0.705,       1.417)
  energy           
    bond          =       0.253 (       0.164,       0.362)
    angle         =       1.426 (       0.851,       2.291)
    dihedral      =       1.691 (       1.162,       2.489)
    base stacking =       0.000 (       0.000,       0.000)
    nonbond       =       4.525 (       2.864,       6.472)
      CG exv      =       0.454 (       0.282,       0.682)
      CG DNA bp   =       0.000 (       0.000,       0.000)
      CG DNA exv  =       0.000 (       0.000,       0.000)
      CG ele      =       2.827 (       1.773,       4.002)
      CG PWMcos   =       0.000 (       0.000,       0.000)
      CG PWMcosns =       0.000 (       0.000,       0.000)
      CG IDR-HPS  =       0.000 (       0.000,       0.000)
      CG IDR-KH   =       0.000 (       0.000,       0.000)
      CG KH       =       0.000 (       0.000,       0.000)
      Contact     =       1.244 (       0.768,       1.890)
      pme real    =       0.000 (       0.000,       0.000)
      pme recip   =       0.000 (       0.000,       0.000)
    solvation     =       0.000 (       0.000,       0.000)
      polar       =       0.000 (       0.000,       0.000)
      non-polar   =       0.000 (       0.000,       0.000)
    restraint     =       0.000 (       0.000,       0.000)
    qmmm          =       0.000 (       0.000,       0.000)
    morph         =       0.000 (       0.000,       0.000)
  integrator       
    constraint    =       0.000 (       0.000,       0.000)
    update        =       0.000 (       0.000,       0.000)
    comm_coord    =       1.432 (       0.555,       2.546)
    comm_force    =       0.624 (       0.583,       0.669)
  migration       =       0.438 (       0.438,       0.438)
    comm_migrate  =       0.099 (       0.082,       0.113)
    ptl_migrate   =       0.010 (       0.006,       0.014)
    bond_migrate  =       0.002 (       0.001,       0.002)
    angl_migrate  =       0.004 (       0.003,       0.006)
    dihe_migrate  =       0.004 (       0.003,       0.005)
    contact_migr  =       0.028 (       0.021,       0.035)
    stack_migrate =       0.000 (       0.000,       0.000)
    pwmcos_migrate =       0.000 (       0.000,       0.000)
    pwmcosns_migr  =       0.000 (       0.000,       0.000)
    nonb_update    =       0.279 (       0.180,       0.357)

