****************************************************
*                                                  *
*                  GENESIS CGDYN                   *
*                                                  *
*        A Molecular Dynamics Simulator with       *
*           Spatial Decomposition Scheme           *
*                                                  *
*               Developed by RIKEN                 *
*                                                  *
****************************************************
 
[STEP0] Architecture and Compiler Information
 
GENESIS_Information> GENESIS Information
  version      = 2.0.0
  commit ID    = $GENESIS_VERSION$
  precision    = mixed 
  nonbonding   = CPU

Build_Information> Compiler Information
  build host   = jjwsmj@hokusai2
  fortran      = ifort (IFORT) 2021.7.1 20221019
  option       = 
  -axCORE-AVX512 -g -O3  -qmkl=parallel  -assume byterecl -qopenmp  
  C            = 
 icc: remark #10441: The Intel(R) C++ Compiler Classic (ICC) is deprecated and w
 ill be removed from product release in the second half of 2023. The Intel(R) on
 eAPI DPC++/C++ Compiler (ICX) is the recommended compiler moving forward. Pleas
 e transition to use this compiler. Use '-diag-disable=10441' to disable this me
 ssage.
  option       = -O3 -ip -axCORE-AVX2  -qopenmp 
  defined var. = 
  -DHAVE_MPI_GENESIS -DOMP -DIFORT19 -DFFTE -DLAPACK -DDSFMT_MEXP=19937 -DINTEL
  link option  = 
  -assume byterecl -lgfortran -qopenmp  -lmkl_intel_lp64 -lmkl_sequential -lmkl_
 core -lmkl_lapack95_lp64   
  MPI Compiler = Intel(R) MPI

Runtime_Information> Machine and Library Information
  date       = 2023/05/12 14:24:09
  cpu model    = Intel(R) Xeon(R) Gold 6148 CPU @ 2.40GHz
  exec. host   = jjwsmj@bwmpc0379
  LD library   = 
 /bwfefs/opt/x86_64/intel/oneapi/2022.3/mpi/2021.7.1/libfabric/lib:/bwfefs/opt/x
 86_64/intel/oneapi/2022.3/mpi/2021.7.1/lib/release:/bwfefs/opt/x86_64/intel/one
 api/2022.3/mpi/2021.7.1/lib:/bwfefs/opt/x86_64/intel/oneapi/2022.3/tbb/2021.7.1
 /lib/intel64/gcc4.8:/usr/lib64:/bwfefs/opt/x86_64/intel/oneapi/2022.3/vpl/2022.
 2.5/lib:/bwfefs/opt/x86_64/intel/oneapi/2022.3/mkl/latest/lib/intel64:/bwfefs/o
 pt/x86_64/intel/oneapi/2022.3/itac/2021.7.1/slib:/bwfefs/opt/x86_64/intel/oneap
 i/2022.3/ippcp/2021.6.2/lib/intel64:/bwfefs/opt/x86_64/intel/oneapi/2022.3/ipp/
 2021.6.2/lib/intel64:/bwfefs/opt/x86_64/intel/oneapi/2022.3/dnnl/2022.2.1/cpu_d
 pcpp_gpu_dpcpp/lib:/bwfefs/opt/x86_64/intel/oneapi/2022.3/dal/2021.7.1/lib/inte
 l64:/bwfefs/opt/x86_64/intel/oneapi/2022.3/compiler/2022.2.1/linux/compiler/lib
 :/bwfefs/opt/x86_64/intel/oneapi/2022.3/compiler/2022.2.1/linux/lib/oclfpga/hos
 t/linux64/lib:/bwfefs/opt/x86_64/intel/oneapi/2022.3/compiler/2022.2.1/linux/li
 b/oclfpga/linux64/lib:/bwfefs/opt/x86_64/intel/oneapi/2022.3/compiler/2022.2.1/
 linux/lib:/bwfefs/opt/x86_64/intel/oneapi/2022.3/compiler/2022.2.1/linux/lib/x6
 4:/bwfefs/opt/x86_64/intel/oneapi/2022.3/compiler/2022.2.1/linux/lib/emu:/bwfef
 s/opt/x86_64/intel/oneapi/2022.3/compiler/2022.2.1/linux/compiler/lib/intel64_l
 in:/bwfefs/opt/x86_64/intel/oneapi/2022.3/debugger/2021.7.1/dep/lib:/bwfefs/opt
 /x86_64/intel/oneapi/2022.3/debugger/2021.7.1/libipt/intel64/lib:/bwfefs/opt/x8
 6_64/intel/oneapi/2022.3/debugger/2021.7.1/gdb/intel64/lib:/bwfefs/opt/x86_64/
 MPI Runtime = Intel(R) MPI Library 2021.7 for Linux* OS


[STEP1] Read Control Parameters
 
Read_Ctrl_Input> Input Files
  grotopfile = dps_120.top
  grocrdfile = crd/dps_mul_4_5_6.gro
 
Read_Ctrl_Output> Output Files
 
Read_Ctrl_Energy> Parameters of Energy Calculations
  forcefield      =    RESIDCG
  output_style    =    GENESIS
 
Read_Ctrl_Dynamics> Parameters of MD simulation
  integrator      =       VVER  nsteps          =       2000
  timestep        =     0.0200  initial_time    =     0.0000
  eneout_period   =        100  rstout_period   =          0
  crdout_period   =          0  velout_period   =          0
  nbupdate_period =         20  stoptr_period   =         10
  lbupdate_period =          0
  iseed           =         -1
  annealing       =         no
  verbose         =         no
  target_md       =         no
  steered_md      =         no
 
Read_Ctrl_Ensemble> Parameters for Ensemble
  ensemble        =        NVT
  temperature     =    300.000
  tpcontrol       =   LANGEVIN
  gamma_t         =      1.000
 
Read_Ctrl_Boundary> Parameters of Boundary Condition
  type            =       PBC 
  box_size(x,y,z) =    450.000   550.000   650.000
  min_domain_cell =          2
 
Read_Ctrl_Selection> Parameters of Selection
  # of groups     =          0
  # of mole names =          0
 
Read_Ctrl_Restraints> No restraint in the system

Read_Ctrl_Fitting_MD> Parameters of Fitting
  fitting method  =  TR+ROT   
  fitting atom    = group1
  mass_weight     =         no
 
[STEP2] Setup MPI
 
Setup_Mpi_Md> Summary of Setup MPI
  number of MPI processes   =         32
  number of OpenMP threads  =          5
  total number of CPU cores =        160

[STEP3] Set Relevant Variables and Structures
 
Read_Grotop> Summary of Grotopfile
  num_moltypes    =          1
    dps_cg                :
      num_atoms   =       1853
      num_bonds   =       1841
      num_angls   =       3658
      num_dihes   =       3634
      num_cmaps   =          0
      num_excls   =      10717
      num_constrs =          0
      num_pairs   =      10717
      num_vsites2 =          0
      num_vsites3 =          0
      num_vsites4 =          0
      num_vsitesn =          0
      num_posress =          0
      num_PWMcos  =          0
      num_PWMcosns=          0
      num_IDR_HPS =          0
      num_IDR_KH  =          0
    .. not used molecule types were hidden.

  num_molecules   =        120
    dps_cg                :  120

  num_atomtypes   =         33  num_bondtypes   =          0
  num_angltypes   =          0  num_dihetypes   =          0
  num_flangltypes           20
  num_fldihetypes          400
  num_constrtypes =          0  num_cmaptypes   =          0
  num_nbonparms   =          0
  num_basestacktypes  =     16
  num_basepairtypes   =      4
  num_basecrosstypes  =     32
  num_cgdnaexvtypes   =      6
  num_cgelemolpairs   =      1
  num_cg_IDR_HPS_atomtypes  =     20
  num_cg_KH_atomtypes  =    20

  num_cg_pair_MJ_eps   =   400

Define_Molecule> Summary of molecules
  num_atoms       =     222360  num_bonds       =     220920
  num_angles      =     438960  num_dihedrals   =     436080
  num_impropers   =          0  num_cmap_terms  =          0
  num_residues    =     222360  num_molecules   =       1440
  num_segments    =          1  num_deg_freedom =     667080
  total_charge    = -10080.000
 
Setup_Boundary_Cell> Set Variables for Boundary Condition
  domains (x,y,z) =          4         2         4
  ncells (x,y,z)  =         15        19        22
 
Define_Enefunc_Gromacs> Number of Interactions in Each Term
  bond_ene        =     220920  angle_ene       =     219480
  flex_angle_ene  =     219480
  torsion_ene     =     438960
 restraint_groups =          0 restraint_funcs  =          0
 
Setup_Dynamics> Subtract 3 translational degrees of freedom
 
Update_Num_Deg_Freedom> Number of degrees of freedom was updated
  num_deg_freedom =     667077 (After removing translation)
 
Random_Init> Initialize the random number
  seed            = 677454

Setup_Fitting_cgdyn> NO fitting is applied, skip
  fitting method  =  NO
 
[STEP4] Compute Single Point Energy for Molecules
 
            STEP          ENERGY            BOND           ANGLE        DIHEDRAL  NATIVE_CONTACT NON-NATIVE_CONT           ELECT          CG_EXV
 --------------- --------------- --------------- --------------- ---------------
               0   -1763058.4407          0.0286    -615196.9413    -528962.4129    -621613.4534          0.0000       2708.5290          5.8093

[STEP5] Perform Molecular Dynamics Simulation
 
Initial_Velocity> Generate initial velocities
  iseed           =     677454
  temperature     =    300.000
 
Random_Init_Velocity> Initialize the random number
  seed            = 677454

INFO:       STEP            TIME       TOTAL_ENE   POTENTIAL_ENE     KINETIC_ENE            RMSG            BOND           ANGLE        DIHEDRAL  NATIVE_CONTACT          CG_EXV           ELECT     TEMPERATURE          VOLUME
 --------------- --------------- --------------- --------------- ---------------
INFO:          0          0.0000   -1563775.0404   -1763058.4407     199283.4004          0.7029          0.0286    -615196.9413    -528962.4129    -621613.4534          5.8093       2708.5290          0.0000  160875000.0000

INFO:        100          2.0000   -1395072.2405   -1561418.8250     166346.5845         11.3273      59058.1867    -547632.0956    -496303.7706    -579219.2903          6.5167       2671.6281        277.3154  160875000.0000

INFO:        200          4.0000   -1365209.6094   -1543470.8205     178261.2111         11.6079      62488.8996    -540895.9829    -493295.7431    -574425.5813          8.6502       2648.9369        295.9883  160875000.0000

INFO:        300          6.0000   -1358288.0908   -1538780.1894     180492.0985         11.6561      63342.4944    -538983.3371    -492843.8859    -572947.4561          6.5348       2645.4604        298.7875  160875000.0000

INFO:        400          8.0000   -1357972.7541   -1538470.5686     180497.8144         11.6694      63364.3888    -539291.8945    -492743.2090    -572451.1470          6.7241       2644.5690        299.5061  160875000.0000

INFO:        500         10.0000   -1356403.5893   -1537558.7751     181155.1858         11.6546      63243.1264    -538544.1545    -492407.1439    -572501.8179          6.7268       2644.4880        299.9007  160875000.0000

INFO:        600         12.0000   -1356778.7682   -1537870.1608     181091.3926         11.6639      63471.1526    -538963.0451    -492597.1806    -572429.6482          6.4874       2642.0731        300.6013  160875000.0000

INFO:        700         14.0000   -1356200.7876   -1537331.5482     181130.7606         11.6649      63557.9847    -539053.9745    -492298.8359    -572187.4761          7.1001       2643.6535        300.3517  160875000.0000

INFO:        800         16.0000   -1356068.7711   -1537193.3957     181124.6246         11.6679      63474.9353    -538582.2460    -492432.1274    -572305.7532          7.3630       2644.4325        300.2256  160875000.0000

INFO:        900         18.0000   -1356280.8201   -1537348.2753     181067.4552         11.6610      63349.9233    -538514.4306    -492313.6524    -572522.0164          6.8906       2645.0101        300.1570  160875000.0000

INFO:       1000         20.0000   -1356672.7076   -1537866.3711     181193.6635         11.6689      63350.5548    -538771.0594    -492545.8699    -572548.0569          6.8262       2641.2340        300.6060  160875000.0000

INFO:       1100         22.0000   -1357176.3381   -1537701.7601     180525.4220         11.6546      63193.5145    -538841.8762    -492260.2268    -572439.5210          7.0369       2639.3125        299.2215  160875000.0000

INFO:       1200         24.0000   -1356176.8936   -1537060.7471     180883.8535         11.6995      63686.4798    -538683.8491    -492424.5068    -572290.4312          7.8237       2643.7365        299.8888  160875000.0000

INFO:       1300         26.0000   -1356839.4418   -1537544.5357     180705.0939         11.6646      63096.3445    -538970.8071    -492372.9390    -571945.8167          7.7349       2640.9477        299.8864  160875000.0000

INFO:       1400         28.0000   -1355589.3518   -1537065.9946     181476.6428         11.6926      63739.5783    -538840.1604    -492475.8582    -572142.1887          7.7366       2644.8977        300.7749  160875000.0000

INFO:       1500         30.0000   -1356061.9413   -1537409.3525     181347.4111         11.6662      63604.2594    -538948.1382    -492514.0466    -572205.9104          7.2827       2647.2007        300.4827  160875000.0000

INFO:       1600         32.0000   -1356300.5118   -1537284.3582     180983.8465         11.6745      63682.6652    -538957.4816    -492450.7469    -572213.9922          7.1600       2648.0373        299.9875  160875000.0000

INFO:       1700         34.0000   -1355509.1572   -1536977.9520     181468.7948         11.6733      63473.7725    -538611.2636    -492252.6914    -572240.5737          7.4098       2645.3945        300.6782  160875000.0000

INFO:       1800         36.0000   -1356737.9031   -1537806.5842     181068.6811         11.6673      63380.2762    -539151.9121    -492406.8644    -572286.8506          8.3343       2650.4324        300.3247  160875000.0000

INFO:       1900         38.0000   -1356197.9982   -1537374.0834     181176.0852         11.6688      63377.9710    -538484.8289    -492541.6866    -572377.8059          7.3477       2644.9192        300.4346  160875000.0000

INFO:       2000         40.0000   -1356565.8680   -1537673.5561     181107.6881         11.6484      63289.9097    -538733.1843    -492461.8645    -572421.9866          7.5981       2645.9715        299.8622  160875000.0000

 
[STEP6] Deallocate Arrays
 
Output_Time> Averaged timer profile (Min, Max)
  total time      =      20.733
    setup         =       2.847
    dynamics      =      17.886
      energy      =      12.645
      integrator  =       3.769
      migration   =       0.461
      pairlist    =       1.013 (       0.680,       1.440)
  energy           
    bond          =       0.259 (       0.163,       0.394)
    angle         =       1.399 (       0.728,       2.005)
    dihedral      =       1.668 (       1.121,       2.400)
    base stacking =       0.000 (       0.000,       0.000)
    nonbond       =       4.595 (       2.837,       6.741)
      CG exv      =       0.458 (       0.291,       0.671)
      CG DNA bp   =       0.000 (       0.000,       0.000)
      CG DNA exv  =       0.000 (       0.000,       0.000)
      CG ele      =       2.860 (       1.745,       4.067)
      CG PWMcos   =       0.000 (       0.000,       0.000)
      CG PWMcosns =       0.000 (       0.000,       0.000)
      CG IDR-HPS  =       0.000 (       0.000,       0.000)
      CG IDR-KH   =       0.000 (       0.000,       0.000)
      CG KH       =       0.000 (       0.000,       0.000)
      Contact     =       1.277 (       0.764,       2.002)
      pme real    =       0.000 (       0.000,       0.000)
      pme recip   =       0.000 (       0.000,       0.000)
    solvation     =       0.000 (       0.000,       0.000)
      polar       =       0.000 (       0.000,       0.000)
      non-polar   =       0.000 (       0.000,       0.000)
    restraint     =       0.000 (       0.000,       0.000)
    qmmm          =       0.000 (       0.000,       0.000)
    morph         =       0.000 (       0.000,       0.000)
  integrator       
    constraint    =       0.000 (       0.000,       0.000)
    update        =       0.000 (       0.000,       0.000)
    comm_coord    =       1.487 (       0.600,       2.600)
    comm_force    =       0.644 (       0.593,       0.690)
  migration       =       0.461 (       0.461,       0.461)
    comm_migrate  =       0.105 (       0.089,       0.119)
    ptl_migrate   =       0.010 (       0.006,       0.014)
    bond_migrate  =       0.002 (       0.002,       0.003)
    angl_migrate  =       0.004 (       0.003,       0.006)
    dihe_migrate  =       0.004 (       0.003,       0.006)
    contact_migr  =       0.029 (       0.022,       0.036)
    stack_migrate =       0.000 (       0.000,       0.000)
    pwmcos_migrate =       0.000 (       0.000,       0.000)
    pwmcosns_migr  =       0.000 (       0.000,       0.000)
    nonb_update    =       0.288 (       0.188,       0.369)

