****************************************************
*                                                  *
*                  GENESIS CGDYN                   *
*                                                  *
*        A Molecular Dynamics Simulator with       *
*           Spatial Decomposition Scheme           *
*                                                  *
*               Developed by RIKEN                 *
*                                                  *
****************************************************
 
[STEP0] Architecture and Compiler Information
 
GENESIS_Information> GENESIS Information
  version      = 2.0.0
  commit ID    = $GENESIS_VERSION$
  precision    = mixed 
  nonbonding   = CPU

Build_Information> Compiler Information
  build host   = jjwsmj@hokusai2
  fortran      = ifort (IFORT) 2021.7.1 20221019
  option       = 
  -axCORE-AVX512 -g -O3  -qmkl=parallel  -assume byterecl -qopenmp  
  C            = 
 icc: remark #10441: The Intel(R) C++ Compiler Classic (ICC) is deprecated and w
 ill be removed from product release in the second half of 2023. The Intel(R) on
 eAPI DPC++/C++ Compiler (ICX) is the recommended compiler moving forward. Pleas
 e transition to use this compiler. Use '-diag-disable=10441' to disable this me
 ssage.
  option       = -O3 -ip -axCORE-AVX2  -qopenmp 
  defined var. = 
  -DHAVE_MPI_GENESIS -DOMP -DIFORT19 -DFFTE -DLAPACK -DDSFMT_MEXP=19937 -DINTEL
  link option  = 
  -assume byterecl -lgfortran -qopenmp  -lmkl_intel_lp64 -lmkl_sequential -lmkl_
 core -lmkl_lapack95_lp64   
  MPI Compiler = Intel(R) MPI

Runtime_Information> Machine and Library Information
  date       = 2023/05/12 14:24:11
  cpu model    = Intel(R) Xeon(R) Gold 6148 CPU @ 2.40GHz
  exec. host   = jjwsmj@bwmpc0410
  LD library   = 
 /bwfefs/opt/x86_64/intel/oneapi/2022.3/mpi/2021.7.1/libfabric/lib:/bwfefs/opt/x
 86_64/intel/oneapi/2022.3/mpi/2021.7.1/lib/release:/bwfefs/opt/x86_64/intel/one
 api/2022.3/mpi/2021.7.1/lib:/bwfefs/opt/x86_64/intel/oneapi/2022.3/tbb/2021.7.1
 /lib/intel64/gcc4.8:/usr/lib64:/bwfefs/opt/x86_64/intel/oneapi/2022.3/vpl/2022.
 2.5/lib:/bwfefs/opt/x86_64/intel/oneapi/2022.3/mkl/latest/lib/intel64:/bwfefs/o
 pt/x86_64/intel/oneapi/2022.3/itac/2021.7.1/slib:/bwfefs/opt/x86_64/intel/oneap
 i/2022.3/ippcp/2021.6.2/lib/intel64:/bwfefs/opt/x86_64/intel/oneapi/2022.3/ipp/
 2021.6.2/lib/intel64:/bwfefs/opt/x86_64/intel/oneapi/2022.3/dnnl/2022.2.1/cpu_d
 pcpp_gpu_dpcpp/lib:/bwfefs/opt/x86_64/intel/oneapi/2022.3/dal/2021.7.1/lib/inte
 l64:/bwfefs/opt/x86_64/intel/oneapi/2022.3/compiler/2022.2.1/linux/compiler/lib
 :/bwfefs/opt/x86_64/intel/oneapi/2022.3/compiler/2022.2.1/linux/lib/oclfpga/hos
 t/linux64/lib:/bwfefs/opt/x86_64/intel/oneapi/2022.3/compiler/2022.2.1/linux/li
 b/oclfpga/linux64/lib:/bwfefs/opt/x86_64/intel/oneapi/2022.3/compiler/2022.2.1/
 linux/lib:/bwfefs/opt/x86_64/intel/oneapi/2022.3/compiler/2022.2.1/linux/lib/x6
 4:/bwfefs/opt/x86_64/intel/oneapi/2022.3/compiler/2022.2.1/linux/lib/emu:/bwfef
 s/opt/x86_64/intel/oneapi/2022.3/compiler/2022.2.1/linux/compiler/lib/intel64_l
 in:/bwfefs/opt/x86_64/intel/oneapi/2022.3/debugger/2021.7.1/dep/lib:/bwfefs/opt
 /x86_64/intel/oneapi/2022.3/debugger/2021.7.1/libipt/intel64/lib:/bwfefs/opt/x8
 6_64/intel/oneapi/2022.3/debugger/2021.7.1/gdb/intel64/lib:/bwfefs/opt/x86_64/
 MPI Runtime = Intel(R) MPI Library 2021.7 for Linux* OS


[STEP1] Read Control Parameters
 
Read_Ctrl_Input> Input Files
  grotopfile = dps_120.top
  grocrdfile = crd/dps_mul_4_5_6.gro
 
Read_Ctrl_Output> Output Files
 
Read_Ctrl_Energy> Parameters of Energy Calculations
  forcefield      =    RESIDCG
  output_style    =    GENESIS
 
Read_Ctrl_Dynamics> Parameters of MD simulation
  integrator      =       VVER  nsteps          =       2000
  timestep        =     0.0200  initial_time    =     0.0000
  eneout_period   =        100  rstout_period   =          0
  crdout_period   =          0  velout_period   =          0
  nbupdate_period =         20  stoptr_period   =         10
  lbupdate_period =          0
  iseed           =         -1
  annealing       =         no
  verbose         =         no
  target_md       =         no
  steered_md      =         no
 
Read_Ctrl_Ensemble> Parameters for Ensemble
  ensemble        =        NVT
  temperature     =    300.000
  tpcontrol       =   LANGEVIN
  gamma_t         =      1.000
 
Read_Ctrl_Boundary> Parameters of Boundary Condition
  type            =       PBC 
  box_size(x,y,z) =    450.000   550.000   650.000
  min_domain_cell =          2
 
Read_Ctrl_Selection> Parameters of Selection
  # of groups     =          0
  # of mole names =          0
 
Read_Ctrl_Restraints> No restraint in the system

Read_Ctrl_Fitting_MD> Parameters of Fitting
  fitting method  =  TR+ROT   
  fitting atom    = group1
  mass_weight     =         no
 
[STEP2] Setup MPI
 
Setup_Mpi_Md> Summary of Setup MPI
  number of MPI processes   =         32
  number of OpenMP threads  =          5
  total number of CPU cores =        160

[STEP3] Set Relevant Variables and Structures
 
Read_Grotop> Summary of Grotopfile
  num_moltypes    =          1
    dps_cg                :
      num_atoms   =       1853
      num_bonds   =       1841
      num_angls   =       3658
      num_dihes   =       3634
      num_cmaps   =          0
      num_excls   =      10717
      num_constrs =          0
      num_pairs   =      10717
      num_vsites2 =          0
      num_vsites3 =          0
      num_vsites4 =          0
      num_vsitesn =          0
      num_posress =          0
      num_PWMcos  =          0
      num_PWMcosns=          0
      num_IDR_HPS =          0
      num_IDR_KH  =          0
    .. not used molecule types were hidden.

  num_molecules   =        120
    dps_cg                :  120

  num_atomtypes   =         33  num_bondtypes   =          0
  num_angltypes   =          0  num_dihetypes   =          0
  num_flangltypes           20
  num_fldihetypes          400
  num_constrtypes =          0  num_cmaptypes   =          0
  num_nbonparms   =          0
  num_basestacktypes  =     16
  num_basepairtypes   =      4
  num_basecrosstypes  =     32
  num_cgdnaexvtypes   =      6
  num_cgelemolpairs   =      1
  num_cg_IDR_HPS_atomtypes  =     20
  num_cg_KH_atomtypes  =    20

  num_cg_pair_MJ_eps   =   400

Define_Molecule> Summary of molecules
  num_atoms       =     222360  num_bonds       =     220920
  num_angles      =     438960  num_dihedrals   =     436080
  num_impropers   =          0  num_cmap_terms  =          0
  num_residues    =     222360  num_molecules   =       1440
  num_segments    =          1  num_deg_freedom =     667080
  total_charge    = -10080.000
 
Setup_Boundary_Cell> Set Variables for Boundary Condition
  domains (x,y,z) =          4         2         4
  ncells (x,y,z)  =         15        19        22
 
Define_Enefunc_Gromacs> Number of Interactions in Each Term
  bond_ene        =     220920  angle_ene       =     219480
  flex_angle_ene  =     219480
  torsion_ene     =     438960
 restraint_groups =          0 restraint_funcs  =          0
 
Setup_Dynamics> Subtract 3 translational degrees of freedom
 
Update_Num_Deg_Freedom> Number of degrees of freedom was updated
  num_deg_freedom =     667077 (After removing translation)
 
Random_Init> Initialize the random number
  seed            = 364654

Setup_Fitting_cgdyn> NO fitting is applied, skip
  fitting method  =  NO
 
[STEP4] Compute Single Point Energy for Molecules
 
            STEP          ENERGY            BOND           ANGLE        DIHEDRAL  NATIVE_CONTACT NON-NATIVE_CONT           ELECT          CG_EXV
 --------------- --------------- --------------- --------------- ---------------
               0   -1763058.4407          0.0286    -615196.9413    -528962.4129    -621613.4534          0.0000       2708.5290          5.8093

[STEP5] Perform Molecular Dynamics Simulation
 
Initial_Velocity> Generate initial velocities
  iseed           =     364654
  temperature     =    300.000
 
Random_Init_Velocity> Initialize the random number
  seed            = 364654

INFO:       STEP            TIME       TOTAL_ENE   POTENTIAL_ENE     KINETIC_ENE            RMSG            BOND           ANGLE        DIHEDRAL  NATIVE_CONTACT          CG_EXV           ELECT     TEMPERATURE          VOLUME
 --------------- --------------- --------------- --------------- ---------------
INFO:          0          0.0000   -1564805.6682   -1763058.4407     198252.7725          0.7029          0.0286    -615196.9413    -528962.4129    -621613.4534          5.8093       2708.5290          0.0000  160875000.0000

INFO:        100          2.0000   -1395400.6631   -1561678.6866     166278.0235         11.3120      59003.3856    -547761.2210    -496357.0852    -579242.3616          6.4828       2672.1128        276.9928  160875000.0000

INFO:        200          4.0000   -1366318.5816   -1543915.6850     177597.1034         11.5951      62353.1451    -541057.6965    -493327.4458    -574539.5325          6.5034       2649.3413        294.7319  160875000.0000

INFO:        300          6.0000   -1358835.6835   -1538791.9647     179956.2811         11.6709      63474.9157    -539568.3943    -492443.9484    -572905.6980          6.5604       2644.6000        298.0199  160875000.0000

INFO:        400          8.0000   -1357445.2416   -1537984.8552     180539.6136         11.6617      63441.8885    -539145.6970    -492300.9736    -572626.8174          6.5672       2640.1771        299.2310  160875000.0000

INFO:        500         10.0000   -1356359.0880   -1537660.1269     181301.0389         11.6955      63560.3953    -538897.4916    -492510.8331    -572459.8650          6.7254       2640.9420        300.3981  160875000.0000

INFO:        600         12.0000   -1355767.9144   -1537020.0367     181252.1224         11.6525      63122.1067    -538267.4348    -492348.9761    -572175.6589          6.6803       2643.2462        300.2942  160875000.0000

INFO:        700         14.0000   -1357066.6029   -1538060.0021     180993.3992         11.6535      63106.4308    -538825.6578    -492369.0858    -572625.6460          7.3396       2646.6171        300.2088  160875000.0000

INFO:        800         16.0000   -1356673.4543   -1537958.1101     181284.6559         11.6387      63233.6523    -539130.8735    -492280.5617    -572434.9978          7.6577       2647.0129        300.2337  160875000.0000

INFO:        900         18.0000   -1356171.6581   -1537562.6087     181390.9506         11.6617      63451.0458    -538742.1033    -492411.2747    -572506.1355          7.1418       2638.7173        300.4575  160875000.0000

INFO:       1000         20.0000   -1356610.5395   -1537444.5486     180834.0091         11.6680      63443.9471    -538620.6836    -492474.0017    -572448.4424          7.0105       2647.6214        299.6858  160875000.0000

INFO:       1100         22.0000   -1356975.4980   -1537598.5365     180623.0384         11.6510      63250.0499    -538961.6461    -492288.0615    -572255.1765          7.1087       2649.1891        299.1609  160875000.0000

INFO:       1200         24.0000   -1356781.1969   -1537705.1792     180923.9823         11.6551      63269.8385    -538638.5803    -492470.4819    -572514.3787          7.0946       2641.3286        299.9879  160875000.0000

INFO:       1300         26.0000   -1356368.9861   -1537618.9016     181249.9154         11.6492      63201.3412    -538936.3533    -492323.8843    -572215.5137          6.9077       2648.6010        299.9497  160875000.0000

INFO:       1400         28.0000   -1357044.5216   -1537571.9012     180527.3795         11.6426      63326.7073    -538869.5394    -492488.6859    -572192.6123          7.2897       2644.9395        299.4974  160875000.0000

INFO:       1500         30.0000   -1355628.6169   -1537228.7658     181600.1489         11.6717      63551.3626    -538655.7859    -492280.5494    -572496.8740          7.5137       2645.5673        301.0293  160875000.0000

INFO:       1600         32.0000   -1356472.5777   -1537702.0906     181229.5129         11.6746      63494.4201    -538690.7219    -492664.0648    -572485.7751          7.2082       2636.8429        300.1227  160875000.0000

INFO:       1700         34.0000   -1355383.3058   -1536807.5285     181424.2227         11.6852      63570.5019    -538413.4681    -492342.9044    -572271.1245          7.7775       2641.6891        300.5846  160875000.0000

INFO:       1800         36.0000   -1356497.5347   -1537273.1045     180775.5698         11.6724      63552.1626    -538795.0905    -492462.6068    -572216.0200          8.3123       2640.1379        299.6361  160875000.0000

INFO:       1900         38.0000   -1356134.1677   -1537483.9296     181349.7619         11.6547      63371.3488    -538844.4326    -492245.4073    -572416.0969          8.7407       2641.9176        300.2932  160875000.0000

INFO:       2000         40.0000   -1355878.0126   -1536750.1743     180872.1618         11.6651      63563.2494    -538489.6271    -492299.6555    -572181.0266          7.3761       2649.5093        300.0510  160875000.0000

 
[STEP6] Deallocate Arrays
 
Output_Time> Averaged timer profile (Min, Max)
  total time      =      21.059
    setup         =       2.754
    dynamics      =      18.305
      energy      =      13.198
      integrator  =       3.698
      migration   =       0.438
      pairlist    =       0.965 (       0.648,       1.363)
  energy           
    bond          =       0.256 (       0.161,       0.372)
    angle         =       1.408 (       0.839,       2.470)
    dihedral      =       1.675 (       1.077,       2.768)
    base stacking =       0.000 (       0.000,       0.000)
    nonbond       =       4.575 (       2.967,       6.525)
      CG exv      =       0.456 (       0.289,       0.671)
      CG DNA bp   =       0.000 (       0.000,       0.000)
      CG DNA exv  =       0.000 (       0.000,       0.000)
      CG ele      =       2.857 (       1.821,       4.065)
      CG PWMcos   =       0.000 (       0.000,       0.000)
      CG PWMcosns =       0.000 (       0.000,       0.000)
      CG IDR-HPS  =       0.000 (       0.000,       0.000)
      CG IDR-KH   =       0.000 (       0.000,       0.000)
      CG KH       =       0.000 (       0.000,       0.000)
      Contact     =       1.262 (       0.735,       1.963)
      pme real    =       0.000 (       0.000,       0.000)
      pme recip   =       0.000 (       0.000,       0.000)
    solvation     =       0.000 (       0.000,       0.000)
      polar       =       0.000 (       0.000,       0.000)
      non-polar   =       0.000 (       0.000,       0.000)
    restraint     =       0.000 (       0.000,       0.000)
    qmmm          =       0.000 (       0.000,       0.000)
    morph         =       0.000 (       0.000,       0.000)
  integrator       
    constraint    =       0.000 (       0.000,       0.000)
    update        =       0.000 (       0.000,       0.000)
    comm_coord    =       1.426 (       0.590,       2.540)
    comm_force    =       0.635 (       0.605,       0.681)
  migration       =       0.438 (       0.438,       0.438)
    comm_migrate  =       0.100 (       0.083,       0.115)
    ptl_migrate   =       0.010 (       0.006,       0.014)
    bond_migrate  =       0.002 (       0.001,       0.003)
    angl_migrate  =       0.004 (       0.003,       0.005)
    dihe_migrate  =       0.004 (       0.003,       0.005)
    contact_migr  =       0.028 (       0.021,       0.036)
    stack_migrate =       0.000 (       0.000,       0.000)
    pwmcos_migrate =       0.000 (       0.000,       0.000)
    pwmcosns_migr  =       0.000 (       0.000,       0.000)
    nonb_update    =       0.279 (       0.182,       0.356)

