****************************************************
*                                                  *
*                  GENESIS CGDYN                   *
*                                                  *
*        A Molecular Dynamics Simulator with       *
*           Spatial Decomposition Scheme           *
*                                                  *
*               Developed by RIKEN                 *
*                                                  *
****************************************************
 
[STEP0] Architecture and Compiler Information
 
GENESIS_Information> GENESIS Information
  version      = 2.0.0
  commit ID    = $GENESIS_VERSION$
  precision    = mixed 
  nonbonding   = CPU

Build_Information> Compiler Information
  build host   = jjwsmj@hokusai2
  fortran      = ifort (IFORT) 2021.7.1 20221019
  option       = 
  -axCORE-AVX512 -g -O3  -qmkl=parallel  -assume byterecl -qopenmp  
  C            = 
 icc: remark #10441: The Intel(R) C++ Compiler Classic (ICC) is deprecated and w
 ill be removed from product release in the second half of 2023. The Intel(R) on
 eAPI DPC++/C++ Compiler (ICX) is the recommended compiler moving forward. Pleas
 e transition to use this compiler. Use '-diag-disable=10441' to disable this me
 ssage.
  option       = -O3 -ip -axCORE-AVX2  -qopenmp 
  defined var. = 
  -DHAVE_MPI_GENESIS -DOMP -DIFORT19 -DFFTE -DLAPACK -DDSFMT_MEXP=19937 -DINTEL
  link option  = 
  -assume byterecl -lgfortran -qopenmp  -lmkl_intel_lp64 -lmkl_sequential -lmkl_
 core -lmkl_lapack95_lp64   
  MPI Compiler = Intel(R) MPI

Runtime_Information> Machine and Library Information
  date       = 2023/05/12 14:24:14
  cpu model    = Intel(R) Xeon(R) Gold 6148 CPU @ 2.40GHz
  exec. host   = jjwsmj@bwmpc0432
  LD library   = 
 /bwfefs/opt/x86_64/intel/oneapi/2022.3/mpi/2021.7.1/libfabric/lib:/bwfefs/opt/x
 86_64/intel/oneapi/2022.3/mpi/2021.7.1/lib/release:/bwfefs/opt/x86_64/intel/one
 api/2022.3/mpi/2021.7.1/lib:/bwfefs/opt/x86_64/intel/oneapi/2022.3/tbb/2021.7.1
 /lib/intel64/gcc4.8:/usr/lib64:/bwfefs/opt/x86_64/intel/oneapi/2022.3/vpl/2022.
 2.5/lib:/bwfefs/opt/x86_64/intel/oneapi/2022.3/mkl/latest/lib/intel64:/bwfefs/o
 pt/x86_64/intel/oneapi/2022.3/itac/2021.7.1/slib:/bwfefs/opt/x86_64/intel/oneap
 i/2022.3/ippcp/2021.6.2/lib/intel64:/bwfefs/opt/x86_64/intel/oneapi/2022.3/ipp/
 2021.6.2/lib/intel64:/bwfefs/opt/x86_64/intel/oneapi/2022.3/dnnl/2022.2.1/cpu_d
 pcpp_gpu_dpcpp/lib:/bwfefs/opt/x86_64/intel/oneapi/2022.3/dal/2021.7.1/lib/inte
 l64:/bwfefs/opt/x86_64/intel/oneapi/2022.3/compiler/2022.2.1/linux/compiler/lib
 :/bwfefs/opt/x86_64/intel/oneapi/2022.3/compiler/2022.2.1/linux/lib/oclfpga/hos
 t/linux64/lib:/bwfefs/opt/x86_64/intel/oneapi/2022.3/compiler/2022.2.1/linux/li
 b/oclfpga/linux64/lib:/bwfefs/opt/x86_64/intel/oneapi/2022.3/compiler/2022.2.1/
 linux/lib:/bwfefs/opt/x86_64/intel/oneapi/2022.3/compiler/2022.2.1/linux/lib/x6
 4:/bwfefs/opt/x86_64/intel/oneapi/2022.3/compiler/2022.2.1/linux/lib/emu:/bwfef
 s/opt/x86_64/intel/oneapi/2022.3/compiler/2022.2.1/linux/compiler/lib/intel64_l
 in:/bwfefs/opt/x86_64/intel/oneapi/2022.3/debugger/2021.7.1/dep/lib:/bwfefs/opt
 /x86_64/intel/oneapi/2022.3/debugger/2021.7.1/libipt/intel64/lib:/bwfefs/opt/x8
 6_64/intel/oneapi/2022.3/debugger/2021.7.1/gdb/intel64/lib:/bwfefs/opt/x86_64/
 MPI Runtime = Intel(R) MPI Library 2021.7 for Linux* OS


[STEP1] Read Control Parameters
 
Read_Ctrl_Input> Input Files
  grotopfile = dps_120.top
  grocrdfile = crd/dps_mul_4_5_6.gro
 
Read_Ctrl_Output> Output Files
 
Read_Ctrl_Energy> Parameters of Energy Calculations
  forcefield      =    RESIDCG
  output_style    =    GENESIS
 
Read_Ctrl_Dynamics> Parameters of MD simulation
  integrator      =       VVER  nsteps          =       2000
  timestep        =     0.0200  initial_time    =     0.0000
  eneout_period   =        100  rstout_period   =          0
  crdout_period   =          0  velout_period   =          0
  nbupdate_period =         20  stoptr_period   =         10
  lbupdate_period =          0
  iseed           =         -1
  annealing       =         no
  verbose         =         no
  target_md       =         no
  steered_md      =         no
 
Read_Ctrl_Ensemble> Parameters for Ensemble
  ensemble        =        NVT
  temperature     =    300.000
  tpcontrol       =   LANGEVIN
  gamma_t         =      1.000
 
Read_Ctrl_Boundary> Parameters of Boundary Condition
  type            =       PBC 
  box_size(x,y,z) =    450.000   550.000   650.000
  min_domain_cell =          2
 
Read_Ctrl_Selection> Parameters of Selection
  # of groups     =          0
  # of mole names =          0
 
Read_Ctrl_Restraints> No restraint in the system

Read_Ctrl_Fitting_MD> Parameters of Fitting
  fitting method  =  TR+ROT   
  fitting atom    = group1
  mass_weight     =         no
 
[STEP2] Setup MPI
 
Setup_Mpi_Md> Summary of Setup MPI
  number of MPI processes   =         64
  number of OpenMP threads  =          5
  total number of CPU cores =        320

[STEP3] Set Relevant Variables and Structures
 
Read_Grotop> Summary of Grotopfile
  num_moltypes    =          1
    dps_cg                :
      num_atoms   =       1853
      num_bonds   =       1841
      num_angls   =       3658
      num_dihes   =       3634
      num_cmaps   =          0
      num_excls   =      10717
      num_constrs =          0
      num_pairs   =      10717
      num_vsites2 =          0
      num_vsites3 =          0
      num_vsites4 =          0
      num_vsitesn =          0
      num_posress =          0
      num_PWMcos  =          0
      num_PWMcosns=          0
      num_IDR_HPS =          0
      num_IDR_KH  =          0
    .. not used molecule types were hidden.

  num_molecules   =        120
    dps_cg                :  120

  num_atomtypes   =         33  num_bondtypes   =          0
  num_angltypes   =          0  num_dihetypes   =          0
  num_flangltypes           20
  num_fldihetypes          400
  num_constrtypes =          0  num_cmaptypes   =          0
  num_nbonparms   =          0
  num_basestacktypes  =     16
  num_basepairtypes   =      4
  num_basecrosstypes  =     32
  num_cgdnaexvtypes   =      6
  num_cgelemolpairs   =      1
  num_cg_IDR_HPS_atomtypes  =     20
  num_cg_KH_atomtypes  =    20

  num_cg_pair_MJ_eps   =   400

Define_Molecule> Summary of molecules
  num_atoms       =     222360  num_bonds       =     220920
  num_angles      =     438960  num_dihedrals   =     436080
  num_impropers   =          0  num_cmap_terms  =          0
  num_residues    =     222360  num_molecules   =       1440
  num_segments    =          1  num_deg_freedom =     667080
  total_charge    = -10080.000
 
Setup_Boundary_Cell> Set Variables for Boundary Condition
  domains (x,y,z) =          4         4         4
  ncells (x,y,z)  =         15        19        22
 
Define_Enefunc_Gromacs> Number of Interactions in Each Term
  bond_ene        =     220920  angle_ene       =     219480
  flex_angle_ene  =     219480
  torsion_ene     =     438960
 restraint_groups =          0 restraint_funcs  =          0
 
Setup_Dynamics> Subtract 3 translational degrees of freedom
 
Update_Num_Deg_Freedom> Number of degrees of freedom was updated
  num_deg_freedom =     667077 (After removing translation)
 
Random_Init> Initialize the random number
  seed            = 864854

Setup_Fitting_cgdyn> NO fitting is applied, skip
  fitting method  =  NO
 
[STEP4] Compute Single Point Energy for Molecules
 
            STEP          ENERGY            BOND           ANGLE        DIHEDRAL  NATIVE_CONTACT NON-NATIVE_CONT           ELECT          CG_EXV
 --------------- --------------- --------------- --------------- ---------------
               0   -1763060.8032          0.0286    -615195.8855    -528960.9160    -621618.3687          0.0000       2708.5290          5.8093

[STEP5] Perform Molecular Dynamics Simulation
 
Initial_Velocity> Generate initial velocities
  iseed           =     864854
  temperature     =    300.000
 
Random_Init_Velocity> Initialize the random number
  seed            = 864854

INFO:       STEP            TIME       TOTAL_ENE   POTENTIAL_ENE     KINETIC_ENE            RMSG            BOND           ANGLE        DIHEDRAL  NATIVE_CONTACT          CG_EXV           ELECT     TEMPERATURE          VOLUME
 --------------- --------------- --------------- --------------- ---------------
INFO:          0          0.0000   -1565101.6385   -1763060.8032     197959.1647          0.7029          0.0286    -615195.8855    -528960.9160    -621618.3687          5.8093       2708.5290          0.0000  160875000.0000

INFO:        100          2.0000   -1395505.9954   -1561712.5500     166206.5547         11.3275      59215.9038    -547515.6092    -496659.2621    -579424.9783          6.4939       2664.9018        276.8655  160875000.0000

INFO:        200          4.0000   -1365085.7322   -1543061.8258     177976.0935         11.6015      62426.8156    -540691.0980    -493224.6090    -574218.7437          6.5188       2639.2906        295.4522  160875000.0000

INFO:        300          6.0000   -1358742.9070   -1539156.2464     180413.3394         11.6426      63105.9125    -539401.8328    -492643.4064    -572860.9056          6.8899       2637.0959        298.5998  160875000.0000

INFO:        400          8.0000   -1357143.9636   -1538249.8409     181105.8773         11.6473      63342.0274    -538995.9086    -492615.4032    -572628.7313          6.5663       2641.6084        300.6760  160875000.0000

INFO:        500         10.0000   -1355975.3836   -1537300.2698     181324.8863         11.6749      63457.0202    -538736.3875    -492315.7214    -572356.9226          6.8209       2644.9205        300.5563  160875000.0000

INFO:        600         12.0000   -1356390.7542   -1537669.7320     181278.9778         11.6640      63299.2527    -539017.0574    -492423.8052    -572178.1474          6.7612       2643.2640        300.4671  160875000.0000

INFO:        700         14.0000   -1356299.6803   -1537463.1060     181163.4258         11.6888      63694.9866    -538667.6952    -492536.7609    -572606.8333          7.0967       2646.1002        300.6467  160875000.0000

INFO:        800         16.0000   -1357194.3943   -1537806.8886     180612.4943         11.6654      63471.9675    -538804.1929    -492651.2002    -572473.8003          6.9327       2643.4046        299.6174  160875000.0000

INFO:        900         18.0000   -1357155.9061   -1538089.5492     180933.6431         11.6556      63217.5545    -538894.9589    -492514.8846    -572548.8170          6.7542       2644.8026        299.8576  160875000.0000

INFO:       1000         20.0000   -1357493.2235   -1538047.7682     180554.5447         11.6532      63106.3182    -538851.6656    -492451.8759    -572501.8864          6.8175       2644.5239        299.1684  160875000.0000

INFO:       1100         22.0000   -1357032.2509   -1538627.9288     181595.6779         11.6565      63265.4681    -539364.8714    -492497.5473    -572678.9337          7.1100       2640.8456        301.2659  160875000.0000

INFO:       1200         24.0000   -1356980.1578   -1537813.6311     180833.4733         11.6632      63525.0751    -539063.8723    -492483.2901    -572442.7457          7.8664       2643.3355        299.6901  160875000.0000

INFO:       1300         26.0000   -1357181.5688   -1537642.5800     180461.0112         11.6577      63325.1858    -538921.0869    -492331.6831    -572368.4315          7.4093       2646.0266        299.2178  160875000.0000

INFO:       1400         28.0000   -1357540.7609   -1538280.8005     180740.0395         11.6490      62977.1494    -538937.1791    -492555.1805    -572417.9208          7.3732       2644.9574        299.4546  160875000.0000

INFO:       1500         30.0000   -1357144.3057   -1537425.9480     180281.6423         11.6537      63127.1633    -538684.4091    -492231.2273    -572291.3515          7.0809       2646.7957        298.9527  160875000.0000

INFO:       1600         32.0000   -1356331.8972   -1537365.4821     181033.5849         11.6597      63365.7047    -538833.2515    -492258.4827    -572295.1598          7.3842       2648.3231        300.2300  160875000.0000

INFO:       1700         34.0000   -1356062.9423   -1537316.6906     181253.7484         11.6622      63331.8526    -538671.2773    -492364.6156    -572266.2725          8.7291       2644.8931        300.1783  160875000.0000

INFO:       1800         36.0000   -1356669.6402   -1537812.7481     181143.1079         11.6619      63355.0068    -538791.2751    -492522.8878    -572502.6843          7.7494       2641.3430        300.2998  160875000.0000

INFO:       1900         38.0000   -1356791.8344   -1537863.1462     181071.3118         11.6737      63384.2081    -538981.0341    -492361.0254    -572554.0905          7.3725       2641.4232        300.1496  160875000.0000

INFO:       2000         40.0000   -1355755.7423   -1536852.4543     181096.7120         11.6608      63355.0265    -538456.3923    -492291.9247    -572106.4753          7.1687       2640.1427        300.3787  160875000.0000

 
[STEP6] Deallocate Arrays
 
Output_Time> Averaged timer profile (Min, Max)
  total time      =      15.648
    setup         =       2.725
    dynamics      =      12.923
      energy      =       9.143
      integrator  =       2.877
      migration   =       0.327
      pairlist    =       0.520 (       0.318,       0.948)
  energy           
    bond          =       0.122 (       0.065,       0.264)
    angle         =       0.732 (       0.319,       1.619)
    dihedral      =       0.855 (       0.441,       1.735)
    base stacking =       0.000 (       0.000,       0.000)
    nonbond       =       2.199 (       1.222,       4.608)
      CG exv      =       0.172 (       0.091,       0.373)
      CG DNA bp   =       0.000 (       0.000,       0.000)
      CG DNA exv  =       0.000 (       0.000,       0.000)
      CG ele      =       1.407 (       0.777,       2.848)
      CG PWMcos   =       0.000 (       0.000,       0.000)
      CG PWMcosns =       0.000 (       0.000,       0.000)
      CG IDR-HPS  =       0.000 (       0.000,       0.000)
      CG IDR-KH   =       0.000 (       0.000,       0.000)
      CG KH       =       0.000 (       0.000,       0.000)
      Contact     =       0.620 (       0.322,       1.387)
      pme real    =       0.000 (       0.000,       0.000)
      pme recip   =       0.000 (       0.000,       0.000)
    solvation     =       0.000 (       0.000,       0.000)
      polar       =       0.000 (       0.000,       0.000)
      non-polar   =       0.000 (       0.000,       0.000)
    restraint     =       0.000 (       0.000,       0.000)
    qmmm          =       0.000 (       0.000,       0.000)
    morph         =       0.000 (       0.000,       0.000)
  integrator       
    constraint    =       0.000 (       0.000,       0.000)
    update        =       0.000 (       0.000,       0.000)
    comm_coord    =       1.448 (       0.660,       2.354)
    comm_force    =       0.605 (       0.499,       0.718)
  migration       =       0.327 (       0.327,       0.327)
    comm_migrate  =       0.094 (       0.069,       0.107)
    ptl_migrate   =       0.006 (       0.003,       0.012)
    bond_migrate  =       0.001 (       0.001,       0.003)
    angl_migrate  =       0.002 (       0.002,       0.004)
    dihe_migrate  =       0.002 (       0.002,       0.004)
    contact_migr  =       0.017 (       0.011,       0.029)
    stack_migrate =       0.000 (       0.000,       0.000)
    pwmcos_migrate =       0.000 (       0.000,       0.000)
    pwmcosns_migr  =       0.000 (       0.000,       0.000)
    nonb_update    =       0.147 (       0.083,       0.231)

