****************************************************
*                                                  *
*                  GENESIS CGDYN                   *
*                                                  *
*        A Molecular Dynamics Simulator with       *
*           Spatial Decomposition Scheme           *
*                                                  *
*               Developed by RIKEN                 *
*                                                  *
****************************************************
 
[STEP0] Architecture and Compiler Information
 
GENESIS_Information> GENESIS Information
  version      = 2.0.0
  commit ID    = $GENESIS_VERSION$
  precision    = mixed 
  nonbonding   = CPU

Build_Information> Compiler Information
  build host   = jjwsmj@hokusai2
  fortran      = ifort (IFORT) 2021.7.1 20221019
  option       = 
  -axCORE-AVX512 -g -O3  -qmkl=parallel  -assume byterecl -qopenmp  
  C            = 
 icc: remark #10441: The Intel(R) C++ Compiler Classic (ICC) is deprecated and w
 ill be removed from product release in the second half of 2023. The Intel(R) on
 eAPI DPC++/C++ Compiler (ICX) is the recommended compiler moving forward. Pleas
 e transition to use this compiler. Use '-diag-disable=10441' to disable this me
 ssage.
  option       = -O3 -ip -axCORE-AVX2  -qopenmp 
  defined var. = 
  -DHAVE_MPI_GENESIS -DOMP -DIFORT19 -DFFTE -DLAPACK -DDSFMT_MEXP=19937 -DINTEL
  link option  = 
  -assume byterecl -lgfortran -qopenmp  -lmkl_intel_lp64 -lmkl_sequential -lmkl_
 core -lmkl_lapack95_lp64   
  MPI Compiler = Intel(R) MPI

Runtime_Information> Machine and Library Information
  date       = 2023/05/12 14:24:15
  cpu model    = Intel(R) Xeon(R) Gold 6148 CPU @ 2.40GHz
  exec. host   = jjwsmj@bwmpc0443
  LD library   = 
 /bwfefs/opt/x86_64/intel/oneapi/2022.3/mpi/2021.7.1/libfabric/lib:/bwfefs/opt/x
 86_64/intel/oneapi/2022.3/mpi/2021.7.1/lib/release:/bwfefs/opt/x86_64/intel/one
 api/2022.3/mpi/2021.7.1/lib:/bwfefs/opt/x86_64/intel/oneapi/2022.3/tbb/2021.7.1
 /lib/intel64/gcc4.8:/usr/lib64:/bwfefs/opt/x86_64/intel/oneapi/2022.3/vpl/2022.
 2.5/lib:/bwfefs/opt/x86_64/intel/oneapi/2022.3/mkl/latest/lib/intel64:/bwfefs/o
 pt/x86_64/intel/oneapi/2022.3/itac/2021.7.1/slib:/bwfefs/opt/x86_64/intel/oneap
 i/2022.3/ippcp/2021.6.2/lib/intel64:/bwfefs/opt/x86_64/intel/oneapi/2022.3/ipp/
 2021.6.2/lib/intel64:/bwfefs/opt/x86_64/intel/oneapi/2022.3/dnnl/2022.2.1/cpu_d
 pcpp_gpu_dpcpp/lib:/bwfefs/opt/x86_64/intel/oneapi/2022.3/dal/2021.7.1/lib/inte
 l64:/bwfefs/opt/x86_64/intel/oneapi/2022.3/compiler/2022.2.1/linux/compiler/lib
 :/bwfefs/opt/x86_64/intel/oneapi/2022.3/compiler/2022.2.1/linux/lib/oclfpga/hos
 t/linux64/lib:/bwfefs/opt/x86_64/intel/oneapi/2022.3/compiler/2022.2.1/linux/li
 b/oclfpga/linux64/lib:/bwfefs/opt/x86_64/intel/oneapi/2022.3/compiler/2022.2.1/
 linux/lib:/bwfefs/opt/x86_64/intel/oneapi/2022.3/compiler/2022.2.1/linux/lib/x6
 4:/bwfefs/opt/x86_64/intel/oneapi/2022.3/compiler/2022.2.1/linux/lib/emu:/bwfef
 s/opt/x86_64/intel/oneapi/2022.3/compiler/2022.2.1/linux/compiler/lib/intel64_l
 in:/bwfefs/opt/x86_64/intel/oneapi/2022.3/debugger/2021.7.1/dep/lib:/bwfefs/opt
 /x86_64/intel/oneapi/2022.3/debugger/2021.7.1/libipt/intel64/lib:/bwfefs/opt/x8
 6_64/intel/oneapi/2022.3/debugger/2021.7.1/gdb/intel64/lib:/bwfefs/opt/x86_64/
 MPI Runtime = Intel(R) MPI Library 2021.7 for Linux* OS


[STEP1] Read Control Parameters
 
Read_Ctrl_Input> Input Files
  grotopfile = dps_120.top
  grocrdfile = crd/dps_mul_4_5_6.gro
 
Read_Ctrl_Output> Output Files
 
Read_Ctrl_Energy> Parameters of Energy Calculations
  forcefield      =    RESIDCG
  output_style    =    GENESIS
 
Read_Ctrl_Dynamics> Parameters of MD simulation
  integrator      =       VVER  nsteps          =       2000
  timestep        =     0.0200  initial_time    =     0.0000
  eneout_period   =        100  rstout_period   =          0
  crdout_period   =          0  velout_period   =          0
  nbupdate_period =         20  stoptr_period   =         10
  lbupdate_period =          0
  iseed           =         -1
  annealing       =         no
  verbose         =         no
  target_md       =         no
  steered_md      =         no
 
Read_Ctrl_Ensemble> Parameters for Ensemble
  ensemble        =        NVT
  temperature     =    300.000
  tpcontrol       =   LANGEVIN
  gamma_t         =      1.000
 
Read_Ctrl_Boundary> Parameters of Boundary Condition
  type            =       PBC 
  box_size(x,y,z) =    450.000   550.000   650.000
  min_domain_cell =          2
 
Read_Ctrl_Selection> Parameters of Selection
  # of groups     =          0
  # of mole names =          0
 
Read_Ctrl_Restraints> No restraint in the system

Read_Ctrl_Fitting_MD> Parameters of Fitting
  fitting method  =  TR+ROT   
  fitting atom    = group1
  mass_weight     =         no
 
[STEP2] Setup MPI
 
Setup_Mpi_Md> Summary of Setup MPI
  number of MPI processes   =         64
  number of OpenMP threads  =          5
  total number of CPU cores =        320

[STEP3] Set Relevant Variables and Structures
 
Read_Grotop> Summary of Grotopfile
  num_moltypes    =          1
    dps_cg                :
      num_atoms   =       1853
      num_bonds   =       1841
      num_angls   =       3658
      num_dihes   =       3634
      num_cmaps   =          0
      num_excls   =      10717
      num_constrs =          0
      num_pairs   =      10717
      num_vsites2 =          0
      num_vsites3 =          0
      num_vsites4 =          0
      num_vsitesn =          0
      num_posress =          0
      num_PWMcos  =          0
      num_PWMcosns=          0
      num_IDR_HPS =          0
      num_IDR_KH  =          0
    .. not used molecule types were hidden.

  num_molecules   =        120
    dps_cg                :  120

  num_atomtypes   =         33  num_bondtypes   =          0
  num_angltypes   =          0  num_dihetypes   =          0
  num_flangltypes           20
  num_fldihetypes          400
  num_constrtypes =          0  num_cmaptypes   =          0
  num_nbonparms   =          0
  num_basestacktypes  =     16
  num_basepairtypes   =      4
  num_basecrosstypes  =     32
  num_cgdnaexvtypes   =      6
  num_cgelemolpairs   =      1
  num_cg_IDR_HPS_atomtypes  =     20
  num_cg_KH_atomtypes  =    20

  num_cg_pair_MJ_eps   =   400

Define_Molecule> Summary of molecules
  num_atoms       =     222360  num_bonds       =     220920
  num_angles      =     438960  num_dihedrals   =     436080
  num_impropers   =          0  num_cmap_terms  =          0
  num_residues    =     222360  num_molecules   =       1440
  num_segments    =          1  num_deg_freedom =     667080
  total_charge    = -10080.000
 
Setup_Boundary_Cell> Set Variables for Boundary Condition
  domains (x,y,z) =          4         4         4
  ncells (x,y,z)  =         15        19        22
 
Define_Enefunc_Gromacs> Number of Interactions in Each Term
  bond_ene        =     220920  angle_ene       =     219480
  flex_angle_ene  =     219480
  torsion_ene     =     438960
 restraint_groups =          0 restraint_funcs  =          0
 
Setup_Dynamics> Subtract 3 translational degrees of freedom
 
Update_Num_Deg_Freedom> Number of degrees of freedom was updated
  num_deg_freedom =     667077 (After removing translation)
 
Random_Init> Initialize the random number
  seed            = 547954

Setup_Fitting_cgdyn> NO fitting is applied, skip
  fitting method  =  NO
 
[STEP4] Compute Single Point Energy for Molecules
 
            STEP          ENERGY            BOND           ANGLE        DIHEDRAL  NATIVE_CONTACT NON-NATIVE_CONT           ELECT          CG_EXV
 --------------- --------------- --------------- --------------- ---------------
               0   -1763060.8032          0.0286    -615195.8855    -528960.9160    -621618.3687          0.0000       2708.5290          5.8093

[STEP5] Perform Molecular Dynamics Simulation
 
Initial_Velocity> Generate initial velocities
  iseed           =     547954
  temperature     =    300.000
 
Random_Init_Velocity> Initialize the random number
  seed            = 547954

INFO:       STEP            TIME       TOTAL_ENE   POTENTIAL_ENE     KINETIC_ENE            RMSG            BOND           ANGLE        DIHEDRAL  NATIVE_CONTACT          CG_EXV           ELECT     TEMPERATURE          VOLUME
 --------------- --------------- --------------- --------------- ---------------
INFO:          0          0.0000   -1564874.5522   -1763060.8032     198186.2510          0.7029          0.0286    -615195.8855    -528960.9160    -621618.3687          5.8093       2708.5290          0.0000  160875000.0000

INFO:        100          2.0000   -1394551.5119   -1561245.2876     166693.7756         11.3611      59518.8691    -547810.0302    -496366.7820    -579254.9487          6.5487       2661.0555        277.8800  160875000.0000

INFO:        200          4.0000   -1365438.6762   -1543193.3242     177754.6480         11.5899      62512.4976    -540733.3657    -493287.8723    -574335.4151          6.4191       2644.4123        294.7552  160875000.0000

INFO:        300          6.0000   -1358834.2255   -1539320.8788     180486.6533         11.6415      63063.5141    -539358.2126    -492640.2795    -573033.5242          6.6213       2641.0022        299.4012  160875000.0000

INFO:        400          8.0000   -1356195.0722   -1537258.9249     181063.8527         11.6831      63638.5453    -538915.5184    -492453.6605    -572181.5234          6.6577       2646.5743        300.1830  160875000.0000

INFO:        500         10.0000   -1356008.2226   -1537040.6604     181032.4379         11.6862      63381.3958    -538640.3308    -492269.3082    -572166.9594          7.2327       2647.3095        299.8758  160875000.0000

INFO:        600         12.0000   -1356924.0919   -1538070.9978     181146.9059         11.6466      63203.6425    -538960.2145    -492468.3378    -572500.2800          8.5985       2645.5934        300.1165  160875000.0000

INFO:        700         14.0000   -1356466.4497   -1537784.1201     181317.6705         11.6550      63306.9161    -538903.7982    -492269.2294    -572571.9025          7.8496       2646.0443        300.2580  160875000.0000

INFO:        800         16.0000   -1356423.4588   -1537822.7335     181399.2747         11.6556      63123.3157    -538582.4329    -492463.4839    -572547.7303          6.8343       2640.7635        300.8346  160875000.0000

INFO:        900         18.0000   -1355834.2677   -1536876.9622     181042.6944         11.6801      63638.1838    -538800.2091    -492190.1300    -572176.5330          7.5775       2644.1485        300.1246  160875000.0000

INFO:       1000         20.0000   -1356727.3734   -1537840.0635     181112.6901         11.6512      63249.7596    -538816.6799    -492573.6424    -572359.2559          7.3882       2652.3668        300.4521  160875000.0000

INFO:       1100         22.0000   -1356309.0060   -1537549.6706     181240.6645         11.6538      63299.6518    -538735.0830    -492357.0823    -572407.4180          6.7872       2643.4737        300.6708  160875000.0000

INFO:       1200         24.0000   -1356584.0879   -1537311.4061     180727.3182         11.6621      63211.8819    -538593.6813    -492313.4214    -572268.3714          7.1610       2645.0251        299.5434  160875000.0000

INFO:       1300         26.0000   -1356110.4250   -1537571.9760     181461.5510         11.6445      63288.1221    -538993.4724    -492316.7842    -572194.5016          7.5277       2637.1324        300.4476  160875000.0000

INFO:       1400         28.0000   -1355783.8015   -1536838.7733     181054.9718         11.6824      63583.2784    -538525.6991    -492291.5381    -572257.1089          7.9191       2644.3753        300.4608  160875000.0000

INFO:       1500         30.0000   -1356602.9189   -1537795.4066     181192.4877         11.6559      63416.4689    -538874.5737    -492372.7281    -572616.5027          7.2981       2644.6310        300.3303  160875000.0000

INFO:       1600         32.0000   -1357282.4894   -1538041.3383     180758.8489         11.6427      63034.6712    -539084.4664    -492391.4704    -572249.1801          7.3215       2641.7858        299.7764  160875000.0000

INFO:       1700         34.0000   -1355980.4422   -1537127.2776     181146.8353         11.6797      63605.0605    -538807.1637    -492342.2807    -572236.1315          8.2998       2644.9380        300.1949  160875000.0000

INFO:       1800         36.0000   -1355919.4162   -1537395.0178     181475.6016         11.6592      63400.8888    -538830.7920    -492486.7109    -572132.7230          7.7316       2646.5878        301.0350  160875000.0000

INFO:       1900         38.0000   -1355925.7010   -1537245.9291     181320.2281         11.6430      63241.6118    -538746.7430    -492282.4476    -572110.9938          8.1013       2644.5423        299.9450  160875000.0000

INFO:       2000         40.0000   -1356626.6568   -1537611.2581     180984.6013         11.6661      63355.0762    -538718.1780    -492447.3052    -572445.8345          8.0038       2636.9796        300.2228  160875000.0000

 
[STEP6] Deallocate Arrays
 
Output_Time> Averaged timer profile (Min, Max)
  total time      =      14.984
    setup         =       2.636
    dynamics      =      12.349
      energy      =       8.684
      integrator  =       2.768
      migration   =       0.324
      pairlist    =       0.514 (       0.316,       0.944)
  energy           
    bond          =       0.123 (       0.063,       0.236)
    angle         =       0.713 (       0.332,       1.444)
    dihedral      =       0.851 (       0.468,       1.678)
    base stacking =       0.000 (       0.000,       0.000)
    nonbond       =       2.205 (       1.252,       4.168)
      CG exv      =       0.171 (       0.089,       0.360)
      CG DNA bp   =       0.000 (       0.000,       0.000)
      CG DNA exv  =       0.000 (       0.000,       0.000)
      CG ele      =       1.410 (       0.816,       2.633)
      CG PWMcos   =       0.000 (       0.000,       0.000)
      CG PWMcosns =       0.000 (       0.000,       0.000)
      CG IDR-HPS  =       0.000 (       0.000,       0.000)
      CG IDR-KH   =       0.000 (       0.000,       0.000)
      CG KH       =       0.000 (       0.000,       0.000)
      Contact     =       0.624 (       0.312,       1.191)
      pme real    =       0.000 (       0.000,       0.000)
      pme recip   =       0.000 (       0.000,       0.000)
    solvation     =       0.000 (       0.000,       0.000)
      polar       =       0.000 (       0.000,       0.000)
      non-polar   =       0.000 (       0.000,       0.000)
    restraint     =       0.000 (       0.000,       0.000)
    qmmm          =       0.000 (       0.000,       0.000)
    morph         =       0.000 (       0.000,       0.000)
  integrator       
    constraint    =       0.000 (       0.000,       0.000)
    update        =       0.000 (       0.000,       0.000)
    comm_coord    =       1.383 (       0.621,       2.255)
    comm_force    =       0.561 (       0.487,       0.661)
  migration       =       0.324 (       0.324,       0.324)
    comm_migrate  =       0.091 (       0.070,       0.104)
    ptl_migrate   =       0.005 (       0.003,       0.010)
    bond_migrate  =       0.001 (       0.001,       0.002)
    angl_migrate  =       0.003 (       0.002,       0.004)
    dihe_migrate  =       0.002 (       0.002,       0.004)
    contact_migr  =       0.017 (       0.011,       0.028)
    stack_migrate =       0.000 (       0.000,       0.000)
    pwmcos_migrate =       0.000 (       0.000,       0.000)
    pwmcosns_migr  =       0.000 (       0.000,       0.000)
    nonb_update    =       0.147 (       0.084,       0.231)

