****************************************************
*                                                  *
*                  GENESIS CGDYN                   *
*                                                  *
*        A Molecular Dynamics Simulator with       *
*           Spatial Decomposition Scheme           *
*                                                  *
*               Developed by RIKEN                 *
*                                                  *
****************************************************
 
[STEP0] Architecture and Compiler Information
 
GENESIS_Information> GENESIS Information
  version      = 2.0.0
  commit ID    = $GENESIS_VERSION$
  precision    = mixed 
  nonbonding   = CPU

Build_Information> Compiler Information
  build host   = jjwsmj@hokusai2
  fortran      = ifort (IFORT) 2021.7.1 20221019
  option       = 
  -axCORE-AVX512 -g -O3  -qmkl=parallel  -assume byterecl -qopenmp  
  C            = 
 icc: remark #10441: The Intel(R) C++ Compiler Classic (ICC) is deprecated and w
 ill be removed from product release in the second half of 2023. The Intel(R) on
 eAPI DPC++/C++ Compiler (ICX) is the recommended compiler moving forward. Pleas
 e transition to use this compiler. Use '-diag-disable=10441' to disable this me
 ssage.
  option       = -O3 -ip -axCORE-AVX2  -qopenmp 
  defined var. = 
  -DHAVE_MPI_GENESIS -DOMP -DIFORT19 -DFFTE -DLAPACK -DDSFMT_MEXP=19937 -DINTEL
  link option  = 
  -assume byterecl -lgfortran -qopenmp  -lmkl_intel_lp64 -lmkl_sequential -lmkl_
 core -lmkl_lapack95_lp64   
  MPI Compiler = Intel(R) MPI

Runtime_Information> Machine and Library Information
  date       = 2023/05/12 14:24:15
  cpu model    = Intel(R) Xeon(R) Gold 6148 CPU @ 2.40GHz
  exec. host   = jjwsmj@bwmpc0452
  LD library   = 
 /bwfefs/opt/x86_64/intel/oneapi/2022.3/mpi/2021.7.1/libfabric/lib:/bwfefs/opt/x
 86_64/intel/oneapi/2022.3/mpi/2021.7.1/lib/release:/bwfefs/opt/x86_64/intel/one
 api/2022.3/mpi/2021.7.1/lib:/bwfefs/opt/x86_64/intel/oneapi/2022.3/tbb/2021.7.1
 /lib/intel64/gcc4.8:/usr/lib64:/bwfefs/opt/x86_64/intel/oneapi/2022.3/vpl/2022.
 2.5/lib:/bwfefs/opt/x86_64/intel/oneapi/2022.3/mkl/latest/lib/intel64:/bwfefs/o
 pt/x86_64/intel/oneapi/2022.3/itac/2021.7.1/slib:/bwfefs/opt/x86_64/intel/oneap
 i/2022.3/ippcp/2021.6.2/lib/intel64:/bwfefs/opt/x86_64/intel/oneapi/2022.3/ipp/
 2021.6.2/lib/intel64:/bwfefs/opt/x86_64/intel/oneapi/2022.3/dnnl/2022.2.1/cpu_d
 pcpp_gpu_dpcpp/lib:/bwfefs/opt/x86_64/intel/oneapi/2022.3/dal/2021.7.1/lib/inte
 l64:/bwfefs/opt/x86_64/intel/oneapi/2022.3/compiler/2022.2.1/linux/compiler/lib
 :/bwfefs/opt/x86_64/intel/oneapi/2022.3/compiler/2022.2.1/linux/lib/oclfpga/hos
 t/linux64/lib:/bwfefs/opt/x86_64/intel/oneapi/2022.3/compiler/2022.2.1/linux/li
 b/oclfpga/linux64/lib:/bwfefs/opt/x86_64/intel/oneapi/2022.3/compiler/2022.2.1/
 linux/lib:/bwfefs/opt/x86_64/intel/oneapi/2022.3/compiler/2022.2.1/linux/lib/x6
 4:/bwfefs/opt/x86_64/intel/oneapi/2022.3/compiler/2022.2.1/linux/lib/emu:/bwfef
 s/opt/x86_64/intel/oneapi/2022.3/compiler/2022.2.1/linux/compiler/lib/intel64_l
 in:/bwfefs/opt/x86_64/intel/oneapi/2022.3/debugger/2021.7.1/dep/lib:/bwfefs/opt
 /x86_64/intel/oneapi/2022.3/debugger/2021.7.1/libipt/intel64/lib:/bwfefs/opt/x8
 6_64/intel/oneapi/2022.3/debugger/2021.7.1/gdb/intel64/lib:/bwfefs/opt/x86_64/
 MPI Runtime = Intel(R) MPI Library 2021.7 for Linux* OS


[STEP1] Read Control Parameters
 
Read_Ctrl_Input> Input Files
  grotopfile = dps_120.top
  grocrdfile = crd/dps_mul_4_5_6.gro
 
Read_Ctrl_Output> Output Files
 
Read_Ctrl_Energy> Parameters of Energy Calculations
  forcefield      =    RESIDCG
  output_style    =    GENESIS
 
Read_Ctrl_Dynamics> Parameters of MD simulation
  integrator      =       VVER  nsteps          =       2000
  timestep        =     0.0200  initial_time    =     0.0000
  eneout_period   =        100  rstout_period   =          0
  crdout_period   =          0  velout_period   =          0
  nbupdate_period =         20  stoptr_period   =         10
  lbupdate_period =          0
  iseed           =         -1
  annealing       =         no
  verbose         =         no
  target_md       =         no
  steered_md      =         no
 
Read_Ctrl_Ensemble> Parameters for Ensemble
  ensemble        =        NVT
  temperature     =    300.000
  tpcontrol       =   LANGEVIN
  gamma_t         =      1.000
 
Read_Ctrl_Boundary> Parameters of Boundary Condition
  type            =       PBC 
  box_size(x,y,z) =    450.000   550.000   650.000
  min_domain_cell =          2
 
Read_Ctrl_Selection> Parameters of Selection
  # of groups     =          0
  # of mole names =          0
 
Read_Ctrl_Restraints> No restraint in the system

Read_Ctrl_Fitting_MD> Parameters of Fitting
  fitting method  =  TR+ROT   
  fitting atom    = group1
  mass_weight     =         no
 
[STEP2] Setup MPI
 
Setup_Mpi_Md> Summary of Setup MPI
  number of MPI processes   =         64
  number of OpenMP threads  =          5
  total number of CPU cores =        320

[STEP3] Set Relevant Variables and Structures
 
Read_Grotop> Summary of Grotopfile
  num_moltypes    =          1
    dps_cg                :
      num_atoms   =       1853
      num_bonds   =       1841
      num_angls   =       3658
      num_dihes   =       3634
      num_cmaps   =          0
      num_excls   =      10717
      num_constrs =          0
      num_pairs   =      10717
      num_vsites2 =          0
      num_vsites3 =          0
      num_vsites4 =          0
      num_vsitesn =          0
      num_posress =          0
      num_PWMcos  =          0
      num_PWMcosns=          0
      num_IDR_HPS =          0
      num_IDR_KH  =          0
    .. not used molecule types were hidden.

  num_molecules   =        120
    dps_cg                :  120

  num_atomtypes   =         33  num_bondtypes   =          0
  num_angltypes   =          0  num_dihetypes   =          0
  num_flangltypes           20
  num_fldihetypes          400
  num_constrtypes =          0  num_cmaptypes   =          0
  num_nbonparms   =          0
  num_basestacktypes  =     16
  num_basepairtypes   =      4
  num_basecrosstypes  =     32
  num_cgdnaexvtypes   =      6
  num_cgelemolpairs   =      1
  num_cg_IDR_HPS_atomtypes  =     20
  num_cg_KH_atomtypes  =    20

  num_cg_pair_MJ_eps   =   400

Define_Molecule> Summary of molecules
  num_atoms       =     222360  num_bonds       =     220920
  num_angles      =     438960  num_dihedrals   =     436080
  num_impropers   =          0  num_cmap_terms  =          0
  num_residues    =     222360  num_molecules   =       1440
  num_segments    =          1  num_deg_freedom =     667080
  total_charge    = -10080.000
 
Setup_Boundary_Cell> Set Variables for Boundary Condition
  domains (x,y,z) =          4         4         4
  ncells (x,y,z)  =         15        19        22
 
Define_Enefunc_Gromacs> Number of Interactions in Each Term
  bond_ene        =     220920  angle_ene       =     219480
  flex_angle_ene  =     219480
  torsion_ene     =     438960
 restraint_groups =          0 restraint_funcs  =          0
 
Setup_Dynamics> Subtract 3 translational degrees of freedom
 
Update_Num_Deg_Freedom> Number of degrees of freedom was updated
  num_deg_freedom =     667077 (After removing translation)
 
Random_Init> Initialize the random number
  seed            = 324054

Setup_Fitting_cgdyn> NO fitting is applied, skip
  fitting method  =  NO
 
[STEP4] Compute Single Point Energy for Molecules
 
            STEP          ENERGY            BOND           ANGLE        DIHEDRAL  NATIVE_CONTACT NON-NATIVE_CONT           ELECT          CG_EXV
 --------------- --------------- --------------- --------------- ---------------
               0   -1763060.8032          0.0286    -615195.8855    -528960.9160    -621618.3687          0.0000       2708.5290          5.8093

[STEP5] Perform Molecular Dynamics Simulation
 
Initial_Velocity> Generate initial velocities
  iseed           =     324054
  temperature     =    300.000
 
Random_Init_Velocity> Initialize the random number
  seed            = 324054

INFO:       STEP            TIME       TOTAL_ENE   POTENTIAL_ENE     KINETIC_ENE            RMSG            BOND           ANGLE        DIHEDRAL  NATIVE_CONTACT          CG_EXV           ELECT     TEMPERATURE          VOLUME
 --------------- --------------- --------------- --------------- ---------------
INFO:          0          0.0000   -1564134.1181   -1763060.8032     198926.6851          0.7029          0.0286    -615195.8855    -528960.9160    -621618.3687          5.8093       2708.5290          0.0000  160875000.0000

INFO:        100          2.0000   -1395839.4963   -1561833.1979     165993.7015         11.3291      59071.7987    -547750.9890    -496482.6445    -579346.8546          6.5108       2668.9807        276.8925  160875000.0000

INFO:        200          4.0000   -1365803.6055   -1543624.3349     177820.7294         11.5983      62650.7497    -541075.7881    -493297.8239    -574558.8502          6.4900       2650.8876        294.9381  160875000.0000

INFO:        300          6.0000   -1357991.4635   -1538500.0249     180508.5614         11.6441      62984.3586    -538872.8764    -492444.1295    -572817.1150          6.6171       2643.1204        299.4477  160875000.0000

INFO:        400          8.0000   -1357380.3074   -1538357.2009     180976.8934         11.6323      63036.6862    -539001.7535    -492477.2659    -572567.8555          6.8731       2646.1146        299.6905  160875000.0000

INFO:        500         10.0000   -1356427.1978   -1537449.5346     181022.3368         11.6490      63188.8838    -538574.3277    -492212.7502    -572502.3013          6.7124       2644.2484        300.1465  160875000.0000

INFO:        600         12.0000   -1356434.2221   -1537852.5092     181418.2872         11.6628      63396.5735    -539000.2191    -492368.4410    -572530.8243          6.7236       2643.6781        300.8356  160875000.0000

INFO:        700         14.0000   -1356089.4106   -1537749.4221     181660.0115         11.6547      63374.5342    -538673.0307    -492529.3531    -572569.5693          6.4683       2641.5284        300.7568  160875000.0000

INFO:        800         16.0000   -1357382.1986   -1538176.9114     180794.7128         11.6454      63185.9721    -538758.8934    -492565.8283    -572692.7789          7.2160       2647.4012        299.5489  160875000.0000

INFO:        900         18.0000   -1357243.5532   -1537940.4469     180696.8937         11.6445      63155.8772    -538584.7940    -492654.2196    -572510.7361          6.8846       2646.5411        299.5729  160875000.0000

INFO:       1000         20.0000   -1356616.2614   -1537426.0142     180809.7528         11.6590      63363.6316    -538540.1799    -492522.9544    -572376.9236          6.7673       2643.6449        299.9329  160875000.0000

INFO:       1100         22.0000   -1356383.4192   -1537674.3320     181290.9128         11.6573      63301.7516    -538670.6724    -492680.3807    -572275.9255          7.4581       2643.4369        300.2647  160875000.0000

INFO:       1200         24.0000   -1356735.3630   -1537744.6041     181009.2411         11.6644      63191.8543    -538722.9324    -492342.0424    -572518.3945          7.2587       2639.6523        299.8604  160875000.0000

INFO:       1300         26.0000   -1356946.8365   -1537672.8929     180726.0564         11.6668      63327.7870    -538492.5470    -492564.1809    -572592.3890          7.3524       2641.0846        299.8795  160875000.0000

INFO:       1400         28.0000   -1356388.2174   -1537598.0088     181209.7914         11.6540      63233.2641    -538591.9802    -492374.0972    -572516.6028          8.2051       2643.2023        300.8271  160875000.0000

INFO:       1500         30.0000   -1356175.1976   -1537394.2229     181219.0253         11.6709      63589.7571    -538920.8419    -492514.2925    -572201.4852          8.1368       2644.5028        299.8598  160875000.0000

INFO:       1600         32.0000   -1356690.8149   -1537503.2495     180812.4347         11.6447      63014.8353    -538703.8459    -492299.4341    -572170.4807          7.0888       2648.5871        300.0917  160875000.0000

INFO:       1700         34.0000   -1356811.3111   -1537721.8928     180910.5817         11.6609      63289.3232    -539003.4110    -492385.2874    -572269.0299          7.1968       2639.3156        299.7025  160875000.0000

INFO:       1800         36.0000   -1355875.0074   -1537166.8586     181291.8512         11.6674      63312.3518    -538797.1936    -492306.5396    -572025.5132          7.7825       2642.2536        300.8447  160875000.0000

INFO:       1900         38.0000   -1355806.6098   -1537334.7763     181528.1665         11.6661      63505.9212    -539082.9139    -492211.5012    -572199.7878          7.8127       2645.6927        300.5588  160875000.0000

INFO:       2000         40.0000   -1356507.8402   -1537498.3072     180990.4670         11.6629      63287.1655    -538551.5610    -492391.7200    -572491.3635          8.2807       2640.8911        300.2654  160875000.0000

 
[STEP6] Deallocate Arrays
 
Output_Time> Averaged timer profile (Min, Max)
  total time      =      14.910
    setup         =       2.605
    dynamics      =      12.305
      energy      =       8.543
      integrator  =       2.867
      migration   =       0.325
      pairlist    =       0.524 (       0.326,       0.949)
  energy           
    bond          =       0.122 (       0.066,       0.224)
    angle         =       0.713 (       0.332,       1.372)
    dihedral      =       0.846 (       0.450,       1.634)
    base stacking =       0.000 (       0.000,       0.000)
    nonbond       =       2.205 (       1.240,       4.117)
      CG exv      =       0.173 (       0.088,       0.394)
      CG DNA bp   =       0.000 (       0.000,       0.000)
      CG DNA exv  =       0.000 (       0.000,       0.000)
      CG ele      =       1.407 (       0.799,       2.623)
      CG PWMcos   =       0.000 (       0.000,       0.000)
      CG PWMcosns =       0.000 (       0.000,       0.000)
      CG IDR-HPS  =       0.000 (       0.000,       0.000)
      CG IDR-KH   =       0.000 (       0.000,       0.000)
      CG KH       =       0.000 (       0.000,       0.000)
      Contact     =       0.625 (       0.328,       1.100)
      pme real    =       0.000 (       0.000,       0.000)
      pme recip   =       0.000 (       0.000,       0.000)
    solvation     =       0.000 (       0.000,       0.000)
      polar       =       0.000 (       0.000,       0.000)
      non-polar   =       0.000 (       0.000,       0.000)
    restraint     =       0.000 (       0.000,       0.000)
    qmmm          =       0.000 (       0.000,       0.000)
    morph         =       0.000 (       0.000,       0.000)
  integrator       
    constraint    =       0.000 (       0.000,       0.000)
    update        =       0.000 (       0.000,       0.000)
    comm_coord    =       1.452 (       0.685,       2.373)
    comm_force    =       0.591 (       0.481,       0.745)
  migration       =       0.325 (       0.325,       0.325)
    comm_migrate  =       0.092 (       0.069,       0.104)
    ptl_migrate   =       0.005 (       0.003,       0.010)
    bond_migrate  =       0.001 (       0.001,       0.002)
    angl_migrate  =       0.003 (       0.002,       0.004)
    dihe_migrate  =       0.002 (       0.002,       0.004)
    contact_migr  =       0.017 (       0.012,       0.028)
    stack_migrate =       0.000 (       0.000,       0.000)
    pwmcos_migrate =       0.000 (       0.000,       0.000)
    pwmcosns_migr  =       0.000 (       0.000,       0.000)
    nonb_update    =       0.147 (       0.084,       0.230)

