****************************************************
*                                                  *
*                  GENESIS CGDYN                   *
*                                                  *
*        A Molecular Dynamics Simulator with       *
*           Spatial Decomposition Scheme           *
*                                                  *
*               Developed by RIKEN                 *
*                                                  *
****************************************************
 
[STEP0] Architecture and Compiler Information
 
GENESIS_Information> GENESIS Information
  version      = 2.0.0
  commit ID    = $GENESIS_VERSION$
  precision    = mixed 
  nonbonding   = CPU

Build_Information> Compiler Information
  build host   = jjwsmj@hokusai2
  fortran      = ifort (IFORT) 2021.7.1 20221019
  option       = 
  -axCORE-AVX512 -g -O3  -qmkl=parallel  -assume byterecl -qopenmp  
  C            = 
 icc: remark #10441: The Intel(R) C++ Compiler Classic (ICC) is deprecated and w
 ill be removed from product release in the second half of 2023. The Intel(R) on
 eAPI DPC++/C++ Compiler (ICX) is the recommended compiler moving forward. Pleas
 e transition to use this compiler. Use '-diag-disable=10441' to disable this me
 ssage.
  option       = -O3 -ip -axCORE-AVX2  -qopenmp 
  defined var. = 
  -DHAVE_MPI_GENESIS -DOMP -DIFORT19 -DFFTE -DLAPACK -DDSFMT_MEXP=19937 -DINTEL
  link option  = 
  -assume byterecl -lgfortran -qopenmp  -lmkl_intel_lp64 -lmkl_sequential -lmkl_
 core -lmkl_lapack95_lp64   
  MPI Compiler = Intel(R) MPI

Runtime_Information> Machine and Library Information
  date       = 2023/05/12 14:24:14
  cpu model    = Intel(R) Xeon(R) Gold 6148 CPU @ 2.40GHz
  exec. host   = jjwsmj@bwmpc0424
  LD library   = 
 /bwfefs/opt/x86_64/intel/oneapi/2022.3/mpi/2021.7.1/libfabric/lib:/bwfefs/opt/x
 86_64/intel/oneapi/2022.3/mpi/2021.7.1/lib/release:/bwfefs/opt/x86_64/intel/one
 api/2022.3/mpi/2021.7.1/lib:/bwfefs/opt/x86_64/intel/oneapi/2022.3/tbb/2021.7.1
 /lib/intel64/gcc4.8:/usr/lib64:/bwfefs/opt/x86_64/intel/oneapi/2022.3/vpl/2022.
 2.5/lib:/bwfefs/opt/x86_64/intel/oneapi/2022.3/mkl/latest/lib/intel64:/bwfefs/o
 pt/x86_64/intel/oneapi/2022.3/itac/2021.7.1/slib:/bwfefs/opt/x86_64/intel/oneap
 i/2022.3/ippcp/2021.6.2/lib/intel64:/bwfefs/opt/x86_64/intel/oneapi/2022.3/ipp/
 2021.6.2/lib/intel64:/bwfefs/opt/x86_64/intel/oneapi/2022.3/dnnl/2022.2.1/cpu_d
 pcpp_gpu_dpcpp/lib:/bwfefs/opt/x86_64/intel/oneapi/2022.3/dal/2021.7.1/lib/inte
 l64:/bwfefs/opt/x86_64/intel/oneapi/2022.3/compiler/2022.2.1/linux/compiler/lib
 :/bwfefs/opt/x86_64/intel/oneapi/2022.3/compiler/2022.2.1/linux/lib/oclfpga/hos
 t/linux64/lib:/bwfefs/opt/x86_64/intel/oneapi/2022.3/compiler/2022.2.1/linux/li
 b/oclfpga/linux64/lib:/bwfefs/opt/x86_64/intel/oneapi/2022.3/compiler/2022.2.1/
 linux/lib:/bwfefs/opt/x86_64/intel/oneapi/2022.3/compiler/2022.2.1/linux/lib/x6
 4:/bwfefs/opt/x86_64/intel/oneapi/2022.3/compiler/2022.2.1/linux/lib/emu:/bwfef
 s/opt/x86_64/intel/oneapi/2022.3/compiler/2022.2.1/linux/compiler/lib/intel64_l
 in:/bwfefs/opt/x86_64/intel/oneapi/2022.3/debugger/2021.7.1/dep/lib:/bwfefs/opt
 /x86_64/intel/oneapi/2022.3/debugger/2021.7.1/libipt/intel64/lib:/bwfefs/opt/x8
 6_64/intel/oneapi/2022.3/debugger/2021.7.1/gdb/intel64/lib:/bwfefs/opt/x86_64/
 MPI Runtime = Intel(R) MPI Library 2021.7 for Linux* OS


[STEP1] Read Control Parameters
 
Read_Ctrl_Input> Input Files
  grotopfile = dps_120.top
  grocrdfile = crd/dps_mul_4_5_6.gro
 
Read_Ctrl_Output> Output Files
 
Read_Ctrl_Energy> Parameters of Energy Calculations
  forcefield      =    RESIDCG
  output_style    =    GENESIS
 
Read_Ctrl_Dynamics> Parameters of MD simulation
  integrator      =       VVER  nsteps          =       2000
  timestep        =     0.0200  initial_time    =     0.0000
  eneout_period   =        100  rstout_period   =          0
  crdout_period   =          0  velout_period   =          0
  nbupdate_period =         20  stoptr_period   =         10
  lbupdate_period =          0
  iseed           =         -1
  annealing       =         no
  verbose         =         no
  target_md       =         no
  steered_md      =         no
 
Read_Ctrl_Ensemble> Parameters for Ensemble
  ensemble        =        NVT
  temperature     =    300.000
  tpcontrol       =   LANGEVIN
  gamma_t         =      1.000
 
Read_Ctrl_Boundary> Parameters of Boundary Condition
  type            =       PBC 
  box_size(x,y,z) =    450.000   550.000   650.000
  min_domain_cell =          2
 
Read_Ctrl_Selection> Parameters of Selection
  # of groups     =          0
  # of mole names =          0
 
Read_Ctrl_Restraints> No restraint in the system

Read_Ctrl_Fitting_MD> Parameters of Fitting
  fitting method  =  TR+ROT   
  fitting atom    = group1
  mass_weight     =         no
 
[STEP2] Setup MPI
 
Setup_Mpi_Md> Summary of Setup MPI
  number of MPI processes   =         64
  number of OpenMP threads  =          5
  total number of CPU cores =        320

[STEP3] Set Relevant Variables and Structures
 
Read_Grotop> Summary of Grotopfile
  num_moltypes    =          1
    dps_cg                :
      num_atoms   =       1853
      num_bonds   =       1841
      num_angls   =       3658
      num_dihes   =       3634
      num_cmaps   =          0
      num_excls   =      10717
      num_constrs =          0
      num_pairs   =      10717
      num_vsites2 =          0
      num_vsites3 =          0
      num_vsites4 =          0
      num_vsitesn =          0
      num_posress =          0
      num_PWMcos  =          0
      num_PWMcosns=          0
      num_IDR_HPS =          0
      num_IDR_KH  =          0
    .. not used molecule types were hidden.

  num_molecules   =        120
    dps_cg                :  120

  num_atomtypes   =         33  num_bondtypes   =          0
  num_angltypes   =          0  num_dihetypes   =          0
  num_flangltypes           20
  num_fldihetypes          400
  num_constrtypes =          0  num_cmaptypes   =          0
  num_nbonparms   =          0
  num_basestacktypes  =     16
  num_basepairtypes   =      4
  num_basecrosstypes  =     32
  num_cgdnaexvtypes   =      6
  num_cgelemolpairs   =      1
  num_cg_IDR_HPS_atomtypes  =     20
  num_cg_KH_atomtypes  =    20

  num_cg_pair_MJ_eps   =   400

Define_Molecule> Summary of molecules
  num_atoms       =     222360  num_bonds       =     220920
  num_angles      =     438960  num_dihedrals   =     436080
  num_impropers   =          0  num_cmap_terms  =          0
  num_residues    =     222360  num_molecules   =       1440
  num_segments    =          1  num_deg_freedom =     667080
  total_charge    = -10080.000
 
Setup_Boundary_Cell> Set Variables for Boundary Condition
  domains (x,y,z) =          4         4         4
  ncells (x,y,z)  =         15        19        22
 
Define_Enefunc_Gromacs> Number of Interactions in Each Term
  bond_ene        =     220920  angle_ene       =     219480
  flex_angle_ene  =     219480
  torsion_ene     =     438960
 restraint_groups =          0 restraint_funcs  =          0
 
Setup_Dynamics> Subtract 3 translational degrees of freedom
 
Update_Num_Deg_Freedom> Number of degrees of freedom was updated
  num_deg_freedom =     667077 (After removing translation)
 
Random_Init> Initialize the random number
  seed            = 872854

Setup_Fitting_cgdyn> NO fitting is applied, skip
  fitting method  =  NO
 
[STEP4] Compute Single Point Energy for Molecules
 
            STEP          ENERGY            BOND           ANGLE        DIHEDRAL  NATIVE_CONTACT NON-NATIVE_CONT           ELECT          CG_EXV
 --------------- --------------- --------------- --------------- ---------------
               0   -1763060.8032          0.0286    -615195.8855    -528960.9160    -621618.3687          0.0000       2708.5290          5.8093

[STEP5] Perform Molecular Dynamics Simulation
 
Initial_Velocity> Generate initial velocities
  iseed           =     872854
  temperature     =    300.000
 
Random_Init_Velocity> Initialize the random number
  seed            = 872854

INFO:       STEP            TIME       TOTAL_ENE   POTENTIAL_ENE     KINETIC_ENE            RMSG            BOND           ANGLE        DIHEDRAL  NATIVE_CONTACT          CG_EXV           ELECT     TEMPERATURE          VOLUME
 --------------- --------------- --------------- --------------- ---------------
INFO:          0          0.0000   -1564100.3849   -1763060.8032     198960.4183          0.7029          0.0286    -615195.8855    -528960.9160    -621618.3687          5.8093       2708.5290          0.0000  160875000.0000

INFO:        100          2.0000   -1395319.9788   -1561892.0020     166572.0233         11.3219      59084.1755    -547717.2503    -496461.6190    -579470.1431          6.5094       2666.3255        277.4562  160875000.0000

INFO:        200          4.0000   -1365433.7283   -1543686.3857     178252.6574         11.5935      62368.6357    -540931.5398    -493271.2731    -574499.4437          6.4633       2640.7719        295.5013  160875000.0000

INFO:        300          6.0000   -1358254.5284   -1538919.6180     180665.0896         11.6483      63150.2030    -539225.3812    -492548.9653    -572941.5349          6.5273       2639.5330        299.8179  160875000.0000

INFO:        400          8.0000   -1356976.7741   -1537974.8363     180998.0622         11.6781      63513.9537    -539081.3842    -492376.6539    -572683.5804          6.6420       2646.1865        300.1923  160875000.0000

INFO:        500         10.0000   -1357035.8044   -1537629.1007     180593.2963         11.6445      63142.1557    -538892.7625    -492240.0868    -572288.1188          6.9052       2642.8065        299.6779  160875000.0000

INFO:        600         12.0000   -1356266.8424   -1537070.1639     180803.3215         11.6621      63210.7996    -538405.8891    -492280.8406    -572241.7827          6.9370       2640.6119        299.7076  160875000.0000

INFO:        700         14.0000   -1355432.8777   -1536663.9670     181231.0893         11.6814      63672.4855    -538603.6563    -492225.9620    -572164.2006          7.2808       2650.0856        300.7555  160875000.0000

INFO:        800         16.0000   -1356157.0351   -1537550.2280     181393.1928         11.6626      63356.9688    -538807.2910    -492359.6396    -572388.7612          7.0977       2641.3972        300.3499  160875000.0000

INFO:        900         18.0000   -1357369.1357   -1537959.1835     180590.0478         11.6508      63210.5768    -538991.1080    -492290.9196    -572543.4344          7.1828       2648.5189        299.7350  160875000.0000

INFO:       1000         20.0000   -1356963.7316   -1537778.4303     180814.6987         11.6466      63149.9293    -538822.6292    -492467.2709    -572285.1755          7.0833       2639.6326        300.0522  160875000.0000

INFO:       1100         22.0000   -1355761.6087   -1537171.4716     181409.8629         11.6768      63451.0519    -538794.8281    -492298.5581    -572183.3916          7.0165       2647.2378        300.4806  160875000.0000

INFO:       1200         24.0000   -1355746.2827   -1537356.4674     181610.1847         11.6545      63203.3851    -538607.4810    -492400.7976    -572201.3630          6.8860       2642.9032        300.8590  160875000.0000

INFO:       1300         26.0000   -1356270.9095   -1537502.3700     181231.4605         11.6778      63573.3465    -539026.0717    -492246.6432    -572457.0216          8.4388       2645.5811        300.2460  160875000.0000

INFO:       1400         28.0000   -1357007.6698   -1537884.6010     180876.9312         11.6474      63362.6709    -538999.1349    -492492.6733    -572407.1453          7.4511       2644.2306        299.9076  160875000.0000

INFO:       1500         30.0000   -1356695.0772   -1538080.6885     181385.6113         11.6387      63093.3756    -538837.5485    -492628.6503    -572356.4978          7.4105       2641.2220        300.5533  160875000.0000

INFO:       1600         32.0000   -1356158.8546   -1537192.6991     181033.8445         11.6799      63540.1577    -538833.4703    -492398.3790    -572155.8912          8.1302       2646.7535        300.1432  160875000.0000

INFO:       1700         34.0000   -1356332.2802   -1537637.1927     181304.9124         11.6448      63212.8989    -538899.8473    -492413.4475    -572188.9319          7.5646       2644.5705        300.1237  160875000.0000

INFO:       1800         36.0000   -1355838.6805   -1537353.2382     181514.5577         11.6474      63072.2821    -538701.2031    -492325.6554    -572053.5637          7.4744       2647.4274        300.4993  160875000.0000

INFO:       1900         38.0000   -1355664.7074   -1537113.8440     181449.1366         11.6816      63645.8356    -538855.2115    -492383.6005    -572176.5837          6.8719       2648.8441        300.8810  160875000.0000

INFO:       2000         40.0000   -1356321.5169   -1537638.5768     181317.0599         11.6436      63171.7268    -538820.8745    -492421.6940    -572218.4560          7.9756       2642.7453        300.3662  160875000.0000

 
[STEP6] Deallocate Arrays
 
Output_Time> Averaged timer profile (Min, Max)
  total time      =      14.630
    setup         =       2.763
    dynamics      =      11.867
      energy      =       8.199
      integrator  =       2.769
      migration   =       0.323
      pairlist    =       0.514 (       0.316,       0.946)
  energy           
    bond          =       0.121 (       0.065,       0.232)
    angle         =       0.721 (       0.338,       1.378)
    dihedral      =       0.853 (       0.451,       1.580)
    base stacking =       0.000 (       0.000,       0.000)
    nonbond       =       2.192 (       1.231,       3.990)
      CG exv      =       0.172 (       0.091,       0.360)
      CG DNA bp   =       0.000 (       0.000,       0.000)
      CG DNA exv  =       0.000 (       0.000,       0.000)
      CG ele      =       1.409 (       0.794,       2.494)
      CG PWMcos   =       0.000 (       0.000,       0.000)
      CG PWMcosns =       0.000 (       0.000,       0.000)
      CG IDR-HPS  =       0.000 (       0.000,       0.000)
      CG IDR-KH   =       0.000 (       0.000,       0.000)
      CG KH       =       0.000 (       0.000,       0.000)
      Contact     =       0.611 (       0.325,       1.136)
      pme real    =       0.000 (       0.000,       0.000)
      pme recip   =       0.000 (       0.000,       0.000)
    solvation     =       0.000 (       0.000,       0.000)
      polar       =       0.000 (       0.000,       0.000)
      non-polar   =       0.000 (       0.000,       0.000)
    restraint     =       0.000 (       0.000,       0.000)
    qmmm          =       0.000 (       0.000,       0.000)
    morph         =       0.000 (       0.000,       0.000)
  integrator       
    constraint    =       0.000 (       0.000,       0.000)
    update        =       0.000 (       0.000,       0.000)
    comm_coord    =       1.375 (       0.628,       2.265)
    comm_force    =       0.565 (       0.503,       0.650)
  migration       =       0.323 (       0.323,       0.323)
    comm_migrate  =       0.091 (       0.069,       0.104)
    ptl_migrate   =       0.005 (       0.003,       0.010)
    bond_migrate  =       0.001 (       0.001,       0.002)
    angl_migrate  =       0.002 (       0.002,       0.004)
    dihe_migrate  =       0.002 (       0.002,       0.004)
    contact_migr  =       0.017 (       0.012,       0.027)
    stack_migrate =       0.000 (       0.000,       0.000)
    pwmcos_migrate =       0.000 (       0.000,       0.000)
    pwmcosns_migr  =       0.000 (       0.000,       0.000)
    nonb_update    =       0.147 (       0.085,       0.233)

