****************************************************
*                                                  *
*                  GENESIS CGDYN                   *
*                                                  *
*        A Molecular Dynamics Simulator with       *
*           Spatial Decomposition Scheme           *
*                                                  *
*               Developed by RIKEN                 *
*                                                  *
****************************************************
 
[STEP0] Architecture and Compiler Information
 
GENESIS_Information> GENESIS Information
  version      = 2.0.0
  commit ID    = $GENESIS_VERSION$
  precision    = mixed 
  nonbonding   = CPU

Build_Information> Compiler Information
  build host   = jjwsmj@hokusai2
  fortran      = ifort (IFORT) 2021.7.1 20221019
  option       = 
  -axCORE-AVX512 -g -O3  -qmkl=parallel  -assume byterecl -qopenmp  
  C            = 
 icc: remark #10441: The Intel(R) C++ Compiler Classic (ICC) is deprecated and w
 ill be removed from product release in the second half of 2023. The Intel(R) on
 eAPI DPC++/C++ Compiler (ICX) is the recommended compiler moving forward. Pleas
 e transition to use this compiler. Use '-diag-disable=10441' to disable this me
 ssage.
  option       = -O3 -ip -axCORE-AVX2  -qopenmp 
  defined var. = 
  -DHAVE_MPI_GENESIS -DOMP -DIFORT19 -DFFTE -DLAPACK -DDSFMT_MEXP=19937 -DINTEL
  link option  = 
  -assume byterecl -lgfortran -qopenmp  -lmkl_intel_lp64 -lmkl_sequential -lmkl_
 core -lmkl_lapack95_lp64   
  MPI Compiler = Intel(R) MPI

Runtime_Information> Machine and Library Information
  date       = 2023/05/12 14:24:13
  cpu model    = Intel(R) Xeon(R) Gold 6148 CPU @ 2.40GHz
  exec. host   = jjwsmj@bwmpc0415
  LD library   = 
 /bwfefs/opt/x86_64/intel/oneapi/2022.3/mpi/2021.7.1/libfabric/lib:/bwfefs/opt/x
 86_64/intel/oneapi/2022.3/mpi/2021.7.1/lib/release:/bwfefs/opt/x86_64/intel/one
 api/2022.3/mpi/2021.7.1/lib:/bwfefs/opt/x86_64/intel/oneapi/2022.3/tbb/2021.7.1
 /lib/intel64/gcc4.8:/usr/lib64:/bwfefs/opt/x86_64/intel/oneapi/2022.3/vpl/2022.
 2.5/lib:/bwfefs/opt/x86_64/intel/oneapi/2022.3/mkl/latest/lib/intel64:/bwfefs/o
 pt/x86_64/intel/oneapi/2022.3/itac/2021.7.1/slib:/bwfefs/opt/x86_64/intel/oneap
 i/2022.3/ippcp/2021.6.2/lib/intel64:/bwfefs/opt/x86_64/intel/oneapi/2022.3/ipp/
 2021.6.2/lib/intel64:/bwfefs/opt/x86_64/intel/oneapi/2022.3/dnnl/2022.2.1/cpu_d
 pcpp_gpu_dpcpp/lib:/bwfefs/opt/x86_64/intel/oneapi/2022.3/dal/2021.7.1/lib/inte
 l64:/bwfefs/opt/x86_64/intel/oneapi/2022.3/compiler/2022.2.1/linux/compiler/lib
 :/bwfefs/opt/x86_64/intel/oneapi/2022.3/compiler/2022.2.1/linux/lib/oclfpga/hos
 t/linux64/lib:/bwfefs/opt/x86_64/intel/oneapi/2022.3/compiler/2022.2.1/linux/li
 b/oclfpga/linux64/lib:/bwfefs/opt/x86_64/intel/oneapi/2022.3/compiler/2022.2.1/
 linux/lib:/bwfefs/opt/x86_64/intel/oneapi/2022.3/compiler/2022.2.1/linux/lib/x6
 4:/bwfefs/opt/x86_64/intel/oneapi/2022.3/compiler/2022.2.1/linux/lib/emu:/bwfef
 s/opt/x86_64/intel/oneapi/2022.3/compiler/2022.2.1/linux/compiler/lib/intel64_l
 in:/bwfefs/opt/x86_64/intel/oneapi/2022.3/debugger/2021.7.1/dep/lib:/bwfefs/opt
 /x86_64/intel/oneapi/2022.3/debugger/2021.7.1/libipt/intel64/lib:/bwfefs/opt/x8
 6_64/intel/oneapi/2022.3/debugger/2021.7.1/gdb/intel64/lib:/bwfefs/opt/x86_64/
 MPI Runtime = Intel(R) MPI Library 2021.7 for Linux* OS


[STEP1] Read Control Parameters
 
Read_Ctrl_Input> Input Files
  grotopfile = dps_120.top
  grocrdfile = crd/dps_mul_4_5_6.gro
 
Read_Ctrl_Output> Output Files
 
Read_Ctrl_Energy> Parameters of Energy Calculations
  forcefield      =    RESIDCG
  output_style    =    GENESIS
 
Read_Ctrl_Dynamics> Parameters of MD simulation
  integrator      =       VVER  nsteps          =       2000
  timestep        =     0.0200  initial_time    =     0.0000
  eneout_period   =        100  rstout_period   =          0
  crdout_period   =          0  velout_period   =          0
  nbupdate_period =         20  stoptr_period   =         10
  lbupdate_period =          0
  iseed           =         -1
  annealing       =         no
  verbose         =         no
  target_md       =         no
  steered_md      =         no
 
Read_Ctrl_Ensemble> Parameters for Ensemble
  ensemble        =        NVT
  temperature     =    300.000
  tpcontrol       =   LANGEVIN
  gamma_t         =      1.000
 
Read_Ctrl_Boundary> Parameters of Boundary Condition
  type            =       PBC 
  box_size(x,y,z) =    450.000   550.000   650.000
  min_domain_cell =          2
 
Read_Ctrl_Selection> Parameters of Selection
  # of groups     =          0
  # of mole names =          0
 
Read_Ctrl_Restraints> No restraint in the system

Read_Ctrl_Fitting_MD> Parameters of Fitting
  fitting method  =  TR+ROT   
  fitting atom    = group1
  mass_weight     =         no
 
[STEP2] Setup MPI
 
Setup_Mpi_Md> Summary of Setup MPI
  number of MPI processes   =         64
  number of OpenMP threads  =          5
  total number of CPU cores =        320

[STEP3] Set Relevant Variables and Structures
 
Read_Grotop> Summary of Grotopfile
  num_moltypes    =          1
    dps_cg                :
      num_atoms   =       1853
      num_bonds   =       1841
      num_angls   =       3658
      num_dihes   =       3634
      num_cmaps   =          0
      num_excls   =      10717
      num_constrs =          0
      num_pairs   =      10717
      num_vsites2 =          0
      num_vsites3 =          0
      num_vsites4 =          0
      num_vsitesn =          0
      num_posress =          0
      num_PWMcos  =          0
      num_PWMcosns=          0
      num_IDR_HPS =          0
      num_IDR_KH  =          0
    .. not used molecule types were hidden.

  num_molecules   =        120
    dps_cg                :  120

  num_atomtypes   =         33  num_bondtypes   =          0
  num_angltypes   =          0  num_dihetypes   =          0
  num_flangltypes           20
  num_fldihetypes          400
  num_constrtypes =          0  num_cmaptypes   =          0
  num_nbonparms   =          0
  num_basestacktypes  =     16
  num_basepairtypes   =      4
  num_basecrosstypes  =     32
  num_cgdnaexvtypes   =      6
  num_cgelemolpairs   =      1
  num_cg_IDR_HPS_atomtypes  =     20
  num_cg_KH_atomtypes  =    20

  num_cg_pair_MJ_eps   =   400

Define_Molecule> Summary of molecules
  num_atoms       =     222360  num_bonds       =     220920
  num_angles      =     438960  num_dihedrals   =     436080
  num_impropers   =          0  num_cmap_terms  =          0
  num_residues    =     222360  num_molecules   =       1440
  num_segments    =          1  num_deg_freedom =     667080
  total_charge    = -10080.000
 
Setup_Boundary_Cell> Set Variables for Boundary Condition
  domains (x,y,z) =          4         4         4
  ncells (x,y,z)  =         15        19        22
 
Define_Enefunc_Gromacs> Number of Interactions in Each Term
  bond_ene        =     220920  angle_ene       =     219480
  flex_angle_ene  =     219480
  torsion_ene     =     438960
 restraint_groups =          0 restraint_funcs  =          0
 
Setup_Dynamics> Subtract 3 translational degrees of freedom
 
Update_Num_Deg_Freedom> Number of degrees of freedom was updated
  num_deg_freedom =     667077 (After removing translation)
 
Random_Init> Initialize the random number
  seed            = 607754

Setup_Fitting_cgdyn> NO fitting is applied, skip
  fitting method  =  NO
 
[STEP4] Compute Single Point Energy for Molecules
 
            STEP          ENERGY            BOND           ANGLE        DIHEDRAL  NATIVE_CONTACT NON-NATIVE_CONT           ELECT          CG_EXV
 --------------- --------------- --------------- --------------- ---------------
               0   -1763060.8032          0.0286    -615195.8855    -528960.9160    -621618.3687          0.0000       2708.5290          5.8093

[STEP5] Perform Molecular Dynamics Simulation
 
Initial_Velocity> Generate initial velocities
  iseed           =     607754
  temperature     =    300.000
 
Random_Init_Velocity> Initialize the random number
  seed            = 607754

INFO:       STEP            TIME       TOTAL_ENE   POTENTIAL_ENE     KINETIC_ENE            RMSG            BOND           ANGLE        DIHEDRAL  NATIVE_CONTACT          CG_EXV           ELECT     TEMPERATURE          VOLUME
 --------------- --------------- --------------- --------------- ---------------
INFO:          0          0.0000   -1563862.2423   -1763060.8032     199198.5609          0.7029          0.0286    -615195.8855    -528960.9160    -621618.3687          5.8093       2708.5290          0.0000  160875000.0000

INFO:        100          2.0000   -1394425.9267   -1561275.2813     166849.3546         11.3051      58852.1540    -547542.1840    -496100.3171    -579159.5795          6.6379       2668.0074        277.9577  160875000.0000

INFO:        200          4.0000   -1365541.3971   -1543823.5648     178282.1677         11.5951      62195.6557    -540683.5743    -493544.1984    -574445.7366          6.4348       2647.8541        295.6270  160875000.0000

INFO:        300          6.0000   -1358249.5652   -1538922.0175     180672.4523         11.6538      63312.7750    -539373.3665    -492528.4630    -572987.1015          6.8420       2647.2965        299.2219  160875000.0000

INFO:        400          8.0000   -1356895.9498   -1538485.1643     181589.2145         11.6510      63161.9695    -539061.2247    -492615.6262    -572625.8932          6.7998       2648.8107        300.9104  160875000.0000

INFO:        500         10.0000   -1356569.2506   -1538028.3776     181459.1270         11.6660      63278.1097    -539034.8386    -492392.3471    -572532.8094          6.7249       2646.7828        300.8124  160875000.0000

INFO:        600         12.0000   -1356484.7462   -1537480.7141     180995.9678         11.6665      63370.8926    -538504.5400    -492625.3229    -572367.5529          6.9207       2638.8885        299.8330  160875000.0000

INFO:        700         14.0000   -1357541.2295   -1538473.4492     180932.2197         11.6420      63090.5031    -539180.4730    -492599.7159    -572432.5231          7.9898       2640.7700        299.5193  160875000.0000

INFO:        800         16.0000   -1356862.3213   -1537736.0347     180873.7134         11.6375      63056.3077    -538694.0978    -492507.5166    -572236.4456          7.2044       2638.5131        299.8153  160875000.0000

INFO:        900         18.0000   -1355521.0440   -1536880.5280     181359.4840         11.6724      63574.3227    -538685.9273    -492292.3045    -572127.7654          7.2084       2643.9381        300.6645  160875000.0000

INFO:       1000         20.0000   -1355869.5514   -1537328.1379     181458.5866         11.6418      63098.5535    -538395.6644    -492353.6407    -572331.4974          7.2195       2646.8916        300.7114  160875000.0000

INFO:       1100         22.0000   -1356242.1810   -1537329.8563     181087.6753         11.6692      63322.0796    -538513.9033    -492485.9272    -572300.5018          6.8092       2641.5873        299.6945  160875000.0000

INFO:       1200         24.0000   -1355936.2563   -1537422.8946     181486.6382         11.6701      63418.9931    -538812.5295    -492338.7695    -572340.3136          7.0346       2642.6904        301.0049  160875000.0000

INFO:       1300         26.0000   -1356388.5110   -1537528.0081     181139.4970         11.6580      63314.8726    -538904.6222    -492463.7279    -572122.7834          7.7077       2640.5451        299.9942  160875000.0000

INFO:       1400         28.0000   -1356114.4848   -1537081.0430     180966.5582         11.6639      63356.4590    -538433.4397    -492358.9970    -572291.1729          7.4037       2638.7039        300.0611  160875000.0000

INFO:       1500         30.0000   -1356490.1050   -1537621.7889     181131.6838         11.6661      63344.4121    -538879.3877    -492333.0241    -572403.9998          7.2557       2642.9550        299.8601  160875000.0000

INFO:       1600         32.0000   -1356641.3790   -1537646.9784     181005.5994         11.6672      63440.7513    -539091.0960    -492521.5509    -572124.8686          7.6719       2642.1138        300.1069  160875000.0000

INFO:       1700         34.0000   -1356068.9592   -1537494.8357     181425.8765         11.6610      63103.7893    -538352.1489    -492478.8214    -572420.5062          7.0225       2645.8291        300.4299  160875000.0000

INFO:       1800         36.0000   -1357059.0772   -1538045.5901     180986.5129         11.6419      63342.2446    -539170.2586    -492495.0292    -572375.5714          7.1719       2645.8524        299.9568  160875000.0000

INFO:       1900         38.0000   -1356112.8909   -1537260.4068     181147.5158         11.6740      63439.6738    -538786.1700    -492334.2394    -572232.7932          7.0070       2646.1151        300.5487  160875000.0000

INFO:       2000         40.0000   -1356903.6467   -1537844.8938     180941.2471         11.6597      63388.9175    -539093.0079    -492434.9210    -572355.5488          7.0714       2642.5950        300.2039  160875000.0000

 
[STEP6] Deallocate Arrays
 
Output_Time> Averaged timer profile (Min, Max)
  total time      =      14.876
    setup         =       2.730
    dynamics      =      12.146
      energy      =       8.328
      integrator  =       2.866
      migration   =       0.345
      pairlist    =       0.544 (       0.333,       0.998)
  energy           
    bond          =       0.122 (       0.062,       0.234)
    angle         =       0.710 (       0.366,       1.311)
    dihedral      =       0.854 (       0.471,       1.556)
    base stacking =       0.000 (       0.000,       0.000)
    nonbond       =       2.200 (       1.241,       4.126)
      CG exv      =       0.171 (       0.089,       0.383)
      CG DNA bp   =       0.000 (       0.000,       0.000)
      CG DNA exv  =       0.000 (       0.000,       0.000)
      CG ele      =       1.410 (       0.837,       2.573)
      CG PWMcos   =       0.000 (       0.000,       0.000)
      CG PWMcosns =       0.000 (       0.000,       0.000)
      CG IDR-HPS  =       0.000 (       0.000,       0.000)
      CG IDR-KH   =       0.000 (       0.000,       0.000)
      CG KH       =       0.000 (       0.000,       0.000)
      Contact     =       0.619 (       0.308,       1.169)
      pme real    =       0.000 (       0.000,       0.000)
      pme recip   =       0.000 (       0.000,       0.000)
    solvation     =       0.000 (       0.000,       0.000)
      polar       =       0.000 (       0.000,       0.000)
      non-polar   =       0.000 (       0.000,       0.000)
    restraint     =       0.000 (       0.000,       0.000)
    qmmm          =       0.000 (       0.000,       0.000)
    morph         =       0.000 (       0.000,       0.000)
  integrator       
    constraint    =       0.000 (       0.000,       0.000)
    update        =       0.000 (       0.000,       0.000)
    comm_coord    =       1.449 (       0.656,       2.380)
    comm_force    =       0.585 (       0.481,       0.666)
  migration       =       0.345 (       0.345,       0.346)
    comm_migrate  =       0.099 (       0.073,       0.113)
    ptl_migrate   =       0.006 (       0.003,       0.010)
    bond_migrate  =       0.001 (       0.001,       0.002)
    angl_migrate  =       0.003 (       0.002,       0.004)
    dihe_migrate  =       0.003 (       0.002,       0.004)
    contact_migr  =       0.018 (       0.012,       0.031)
    stack_migrate =       0.000 (       0.000,       0.000)
    pwmcos_migrate =       0.000 (       0.000,       0.000)
    pwmcosns_migr  =       0.000 (       0.000,       0.000)
    nonb_update    =       0.152 (       0.085,       0.242)

